[0.424s] DEBUG:colcon:Command line arguments: ['/usr/bin/colcon', 'build']
[0.424s] DEBUG:colcon:Parsed command line arguments: Namespace(log_base=None, log_level=None, verb_name='build', build_base='build', install_base='install', merge_install=False, symlink_install=False, test_result_base=None, continue_on_error=False, executor='parallel', parallel_workers=13, event_handlers=None, ignore_user_meta=False, metas=['./colcon.meta'], base_paths=['.'], packages_ignore=None, packages_ignore_regex=None, paths=None, packages_up_to=None, packages_up_to_regex=None, packages_above=None, packages_above_and_dependencies=None, packages_above_depth=None, packages_select_by_dep=None, packages_skip_by_dep=None, packages_skip_up_to=None, packages_select_build_failed=False, packages_skip_build_finished=False, packages_select_test_failures=False, packages_skip_test_passed=False, packages_select=None, packages_skip=None, packages_select_regex=None, packages_skip_regex=None, packages_start=None, packages_end=None, allow_overriding=[], cmake_args=None, cmake_target=None, cmake_target_skip_unavailable=False, cmake_clean_cache=False, cmake_clean_first=False, cmake_force_configure=False, ament_cmake_args=None, catkin_cmake_args=None, catkin_skip_building_tests=False, mixin_files=None, mixin=None, verb_parser=<colcon_mixin.mixin.mixin_argument.MixinArgumentDecorator object at 0x76a40182dc30>, verb_extension=<colcon_core.verb.build.BuildVerb object at 0x76a40182d5a0>, main=<bound method BuildVerb.main of <colcon_core.verb.build.BuildVerb object at 0x76a40182d5a0>>, mixin_verb=('build',))
[1.124s] Level 1:colcon.colcon_core.package_discovery:discover_packages(colcon_meta) check parameters
[1.125s] Level 1:colcon.colcon_core.package_discovery:discover_packages(recursive) check parameters
[1.125s] Level 1:colcon.colcon_core.package_discovery:discover_packages(ignore) check parameters
[1.125s] Level 1:colcon.colcon_core.package_discovery:discover_packages(path) check parameters
[1.125s] Level 1:colcon.colcon_core.package_discovery:discover_packages(colcon_meta) discover
[1.125s] Level 1:colcon.colcon_core.package_discovery:discover_packages(recursive) discover
[1.125s] INFO:colcon.colcon_core.package_discovery:Crawling recursively for packages in '/home/rs/go1_robot'
[1.125s] Level 1:colcon.colcon_core.package_identification:_identify(.) by extensions ['ignore', 'ignore_ament_install']
[1.126s] Level 1:colcon.colcon_core.package_identification:_identify(.) by extension 'ignore'
[1.126s] Level 1:colcon.colcon_core.package_identification:_identify(.) by extension 'ignore_ament_install'
[1.126s] Level 1:colcon.colcon_core.package_identification:_identify(.) by extensions ['colcon_pkg']
[1.126s] Level 1:colcon.colcon_core.package_identification:_identify(.) by extension 'colcon_pkg'
[1.126s] Level 1:colcon.colcon_core.package_identification:_identify(.) by extensions ['colcon_meta']
[1.126s] Level 1:colcon.colcon_core.package_identification:_identify(.) by extension 'colcon_meta'
[1.126s] Level 1:colcon.colcon_core.package_identification:_identify(.) by extensions ['ros']
[1.126s] Level 1:colcon.colcon_core.package_identification:_identify(.) by extension 'ros'
[1.174s] Level 1:colcon.colcon_core.package_identification:_identify(.) by extensions ['cmake', 'python']
[1.174s] Level 1:colcon.colcon_core.package_identification:_identify(.) by extension 'cmake'
[1.174s] Level 1:colcon.colcon_core.package_identification:_identify(.) by extension 'python'
[1.174s] Level 1:colcon.colcon_core.package_identification:_identify(.) by extensions ['python_setup_py']
[1.174s] Level 1:colcon.colcon_core.package_identification:_identify(.) by extension 'python_setup_py'
[1.175s] Level 1:colcon.colcon_core.package_identification:_identify(build) by extensions ['ignore', 'ignore_ament_install']
[1.175s] Level 1:colcon.colcon_core.package_identification:_identify(build) by extension 'ignore'
[1.175s] Level 1:colcon.colcon_core.package_identification:_identify(build) ignored
[1.175s] Level 1:colcon.colcon_core.package_identification:_identify(install) by extensions ['ignore', 'ignore_ament_install']
[1.176s] Level 1:colcon.colcon_core.package_identification:_identify(install) by extension 'ignore'
[1.176s] Level 1:colcon.colcon_core.package_identification:_identify(install) ignored
[1.176s] Level 1:colcon.colcon_core.package_identification:_identify(log) by extensions ['ignore', 'ignore_ament_install']
[1.177s] Level 1:colcon.colcon_core.package_identification:_identify(log) by extension 'ignore'
[1.177s] Level 1:colcon.colcon_core.package_identification:_identify(log) ignored
[1.177s] Level 1:colcon.colcon_core.package_identification:_identify(src) by extensions ['ignore', 'ignore_ament_install']
[1.177s] Level 1:colcon.colcon_core.package_identification:_identify(src) by extension 'ignore'
[1.177s] Level 1:colcon.colcon_core.package_identification:_identify(src) by extension 'ignore_ament_install'
[1.178s] Level 1:colcon.colcon_core.package_identification:_identify(src) by extensions ['colcon_pkg']
[1.178s] Level 1:colcon.colcon_core.package_identification:_identify(src) by extension 'colcon_pkg'
[1.178s] Level 1:colcon.colcon_core.package_identification:_identify(src) by extensions ['colcon_meta']
[1.178s] Level 1:colcon.colcon_core.package_identification:_identify(src) by extension 'colcon_meta'
[1.178s] Level 1:colcon.colcon_core.package_identification:_identify(src) by extensions ['ros']
[1.178s] Level 1:colcon.colcon_core.package_identification:_identify(src) by extension 'ros'
[1.178s] Level 1:colcon.colcon_core.package_identification:_identify(src) by extensions ['cmake', 'python']
[1.178s] Level 1:colcon.colcon_core.package_identification:_identify(src) by extension 'cmake'
[1.178s] Level 1:colcon.colcon_core.package_identification:_identify(src) by extension 'python'
[1.179s] Level 1:colcon.colcon_core.package_identification:_identify(src) by extensions ['python_setup_py']
[1.180s] Level 1:colcon.colcon_core.package_identification:_identify(src) by extension 'python_setup_py'
[1.180s] Level 1:colcon.colcon_core.package_identification:_identify(src/unitree_guide) by extensions ['ignore', 'ignore_ament_install']
[1.180s] Level 1:colcon.colcon_core.package_identification:_identify(src/unitree_guide) by extension 'ignore'
[1.180s] Level 1:colcon.colcon_core.package_identification:_identify(src/unitree_guide) by extension 'ignore_ament_install'
[1.181s] Level 1:colcon.colcon_core.package_identification:_identify(src/unitree_guide) by extensions ['colcon_pkg']
[1.181s] Level 1:colcon.colcon_core.package_identification:_identify(src/unitree_guide) by extension 'colcon_pkg'
[1.181s] Level 1:colcon.colcon_core.package_identification:_identify(src/unitree_guide) by extensions ['colcon_meta']
[1.181s] Level 1:colcon.colcon_core.package_identification:_identify(src/unitree_guide) by extension 'colcon_meta'
[1.181s] Level 1:colcon.colcon_core.package_identification:_identify(src/unitree_guide) by extensions ['ros']
[1.181s] Level 1:colcon.colcon_core.package_identification:_identify(src/unitree_guide) by extension 'ros'
[1.181s] Level 1:colcon.colcon_core.package_identification:_identify(src/unitree_guide) by extensions ['cmake', 'python']
[1.181s] Level 1:colcon.colcon_core.package_identification:_identify(src/unitree_guide) by extension 'cmake'
[1.181s] Level 1:colcon.colcon_core.package_identification:_identify(src/unitree_guide) by extension 'python'
[1.181s] Level 1:colcon.colcon_core.package_identification:_identify(src/unitree_guide) by extensions ['python_setup_py']
[1.182s] Level 1:colcon.colcon_core.package_identification:_identify(src/unitree_guide) by extension 'python_setup_py'
[1.182s] Level 1:colcon.colcon_core.package_identification:_identify(src/unitree_guide/unitree_actuator_sdk) by extensions ['ignore', 'ignore_ament_install']
[1.182s] Level 1:colcon.colcon_core.package_identification:_identify(src/unitree_guide/unitree_actuator_sdk) by extension 'ignore'
[1.182s] Level 1:colcon.colcon_core.package_identification:_identify(src/unitree_guide/unitree_actuator_sdk) by extension 'ignore_ament_install'
[1.182s] Level 1:colcon.colcon_core.package_identification:_identify(src/unitree_guide/unitree_actuator_sdk) by extensions ['colcon_pkg']
[1.183s] Level 1:colcon.colcon_core.package_identification:_identify(src/unitree_guide/unitree_actuator_sdk) by extension 'colcon_pkg'
[1.183s] Level 1:colcon.colcon_core.package_identification:_identify(src/unitree_guide/unitree_actuator_sdk) by extensions ['colcon_meta']
[1.183s] Level 1:colcon.colcon_core.package_identification:_identify(src/unitree_guide/unitree_actuator_sdk) by extension 'colcon_meta'
[1.183s] Level 1:colcon.colcon_core.package_identification:_identify(src/unitree_guide/unitree_actuator_sdk) by extensions ['ros']
[1.183s] Level 1:colcon.colcon_core.package_identification:_identify(src/unitree_guide/unitree_actuator_sdk) by extension 'ros'
[1.183s] Level 1:colcon.colcon_core.package_identification:_identify(src/unitree_guide/unitree_actuator_sdk) by extensions ['cmake', 'python']
[1.183s] Level 1:colcon.colcon_core.package_identification:_identify(src/unitree_guide/unitree_actuator_sdk) by extension 'cmake'
[1.187s] Level 1:colcon.colcon_core.package_identification:_identify(src/unitree_guide/unitree_actuator_sdk) by extension 'python'
[1.188s] DEBUG:colcon.colcon_core.package_identification:Package 'src/unitree_guide/unitree_actuator_sdk' with type 'cmake' and name 'motor_ctrl'
[1.188s] Level 1:colcon.colcon_core.package_identification:_identify(src/unitree_guide/unitree_guide) by extensions ['ignore', 'ignore_ament_install']
[1.188s] Level 1:colcon.colcon_core.package_identification:_identify(src/unitree_guide/unitree_guide) by extension 'ignore'
[1.188s] Level 1:colcon.colcon_core.package_identification:_identify(src/unitree_guide/unitree_guide) by extension 'ignore_ament_install'
[1.188s] Level 1:colcon.colcon_core.package_identification:_identify(src/unitree_guide/unitree_guide) by extensions ['colcon_pkg']
[1.188s] Level 1:colcon.colcon_core.package_identification:_identify(src/unitree_guide/unitree_guide) by extension 'colcon_pkg'
[1.188s] Level 1:colcon.colcon_core.package_identification:_identify(src/unitree_guide/unitree_guide) by extensions ['colcon_meta']
[1.188s] Level 1:colcon.colcon_core.package_identification:_identify(src/unitree_guide/unitree_guide) by extension 'colcon_meta'
[1.189s] Level 1:colcon.colcon_core.package_identification:_identify(src/unitree_guide/unitree_guide) by extensions ['ros']
[1.189s] Level 1:colcon.colcon_core.package_identification:_identify(src/unitree_guide/unitree_guide) by extension 'ros'
[1.196s] DEBUG:colcon.colcon_core.package_identification:Package 'src/unitree_guide/unitree_guide' with type 'ros.ament_cmake' and name 'unitree_guide'
[1.197s] Level 1:colcon.colcon_core.package_identification:_identify(src/unitree_guide/unitree_move_base) by extensions ['ignore', 'ignore_ament_install']
[1.197s] Level 1:colcon.colcon_core.package_identification:_identify(src/unitree_guide/unitree_move_base) by extension 'ignore'
[1.197s] Level 1:colcon.colcon_core.package_identification:_identify(src/unitree_guide/unitree_move_base) by extension 'ignore_ament_install'
[1.197s] Level 1:colcon.colcon_core.package_identification:_identify(src/unitree_guide/unitree_move_base) by extensions ['colcon_pkg']
[1.197s] Level 1:colcon.colcon_core.package_identification:_identify(src/unitree_guide/unitree_move_base) by extension 'colcon_pkg'
[1.198s] Level 1:colcon.colcon_core.package_identification:_identify(src/unitree_guide/unitree_move_base) by extensions ['colcon_meta']
[1.198s] Level 1:colcon.colcon_core.package_identification:_identify(src/unitree_guide/unitree_move_base) by extension 'colcon_meta'
[1.198s] Level 1:colcon.colcon_core.package_identification:_identify(src/unitree_guide/unitree_move_base) by extensions ['ros']
[1.198s] Level 1:colcon.colcon_core.package_identification:_identify(src/unitree_guide/unitree_move_base) by extension 'ros'
[1.200s] DEBUG:colcon.colcon_core.package_identification:Package 'src/unitree_guide/unitree_move_base' with type 'ros.catkin' and name 'unitree_move_base'
[1.200s] Level 1:colcon.colcon_core.package_identification:_identify(src/unitree_inspection) by extensions ['ignore', 'ignore_ament_install']
[1.200s] Level 1:colcon.colcon_core.package_identification:_identify(src/unitree_inspection) by extension 'ignore'
[1.201s] Level 1:colcon.colcon_core.package_identification:_identify(src/unitree_inspection) by extension 'ignore_ament_install'
[1.201s] Level 1:colcon.colcon_core.package_identification:_identify(src/unitree_inspection) by extensions ['colcon_pkg']
[1.201s] Level 1:colcon.colcon_core.package_identification:_identify(src/unitree_inspection) by extension 'colcon_pkg'
[1.201s] Level 1:colcon.colcon_core.package_identification:_identify(src/unitree_inspection) by extensions ['colcon_meta']
[1.201s] Level 1:colcon.colcon_core.package_identification:_identify(src/unitree_inspection) by extension 'colcon_meta'
[1.201s] Level 1:colcon.colcon_core.package_identification:_identify(src/unitree_inspection) by extensions ['ros']
[1.201s] Level 1:colcon.colcon_core.package_identification:_identify(src/unitree_inspection) by extension 'ros'
[1.201s] Level 1:colcon.colcon_core.package_identification:_identify(src/unitree_inspection) by extensions ['cmake', 'python']
[1.201s] Level 1:colcon.colcon_core.package_identification:_identify(src/unitree_inspection) by extension 'cmake'
[1.201s] Level 1:colcon.colcon_core.package_identification:_identify(src/unitree_inspection) by extension 'python'
[1.201s] Level 1:colcon.colcon_core.package_identification:_identify(src/unitree_inspection) by extensions ['python_setup_py']
[1.201s] Level 1:colcon.colcon_core.package_identification:_identify(src/unitree_inspection) by extension 'python_setup_py'
[1.202s] Level 1:colcon.colcon_core.package_identification:_identify(src/unitree_inspection/display) by extensions ['ignore', 'ignore_ament_install']
[1.202s] Level 1:colcon.colcon_core.package_identification:_identify(src/unitree_inspection/display) by extension 'ignore'
[1.202s] Level 1:colcon.colcon_core.package_identification:_identify(src/unitree_inspection/display) by extension 'ignore_ament_install'
[1.203s] Level 1:colcon.colcon_core.package_identification:_identify(src/unitree_inspection/display) by extensions ['colcon_pkg']
[1.203s] Level 1:colcon.colcon_core.package_identification:_identify(src/unitree_inspection/display) by extension 'colcon_pkg'
[1.203s] Level 1:colcon.colcon_core.package_identification:_identify(src/unitree_inspection/display) by extensions ['colcon_meta']
[1.203s] Level 1:colcon.colcon_core.package_identification:_identify(src/unitree_inspection/display) by extension 'colcon_meta'
[1.203s] Level 1:colcon.colcon_core.package_identification:_identify(src/unitree_inspection/display) by extensions ['ros']
[1.203s] Level 1:colcon.colcon_core.package_identification:_identify(src/unitree_inspection/display) by extension 'ros'
[1.203s] Level 1:colcon.colcon_core.package_identification:_identify(src/unitree_inspection/display) by extensions ['cmake', 'python']
[1.204s] Level 1:colcon.colcon_core.package_identification:_identify(src/unitree_inspection/display) by extension 'cmake'
[1.204s] Level 1:colcon.colcon_core.package_identification:_identify(src/unitree_inspection/display) by extension 'python'
[1.204s] Level 1:colcon.colcon_core.package_identification:_identify(src/unitree_inspection/display) by extensions ['python_setup_py']
[1.204s] Level 1:colcon.colcon_core.package_identification:_identify(src/unitree_inspection/display) by extension 'python_setup_py'
[1.204s] Level 1:colcon.colcon_core.package_identification:_identify(src/unitree_inspection/display/fonts) by extensions ['ignore', 'ignore_ament_install']
[1.204s] Level 1:colcon.colcon_core.package_identification:_identify(src/unitree_inspection/display/fonts) by extension 'ignore'
[1.204s] Level 1:colcon.colcon_core.package_identification:_identify(src/unitree_inspection/display/fonts) by extension 'ignore_ament_install'
[1.204s] Level 1:colcon.colcon_core.package_identification:_identify(src/unitree_inspection/display/fonts) by extensions ['colcon_pkg']
[1.205s] Level 1:colcon.colcon_core.package_identification:_identify(src/unitree_inspection/display/fonts) by extension 'colcon_pkg'
[1.205s] Level 1:colcon.colcon_core.package_identification:_identify(src/unitree_inspection/display/fonts) by extensions ['colcon_meta']
[1.205s] Level 1:colcon.colcon_core.package_identification:_identify(src/unitree_inspection/display/fonts) by extension 'colcon_meta'
[1.205s] Level 1:colcon.colcon_core.package_identification:_identify(src/unitree_inspection/display/fonts) by extensions ['ros']
[1.205s] Level 1:colcon.colcon_core.package_identification:_identify(src/unitree_inspection/display/fonts) by extension 'ros'
[1.205s] Level 1:colcon.colcon_core.package_identification:_identify(src/unitree_inspection/display/fonts) by extensions ['cmake', 'python']
[1.205s] Level 1:colcon.colcon_core.package_identification:_identify(src/unitree_inspection/display/fonts) by extension 'cmake'
[1.205s] Level 1:colcon.colcon_core.package_identification:_identify(src/unitree_inspection/display/fonts) by extension 'python'
[1.205s] Level 1:colcon.colcon_core.package_identification:_identify(src/unitree_inspection/display/fonts) by extensions ['python_setup_py']
[1.205s] Level 1:colcon.colcon_core.package_identification:_identify(src/unitree_inspection/display/fonts) by extension 'python_setup_py'
[1.206s] Level 1:colcon.colcon_core.package_identification:_identify(src/unitree_inspection/ocr) by extensions ['ignore', 'ignore_ament_install']
[1.206s] Level 1:colcon.colcon_core.package_identification:_identify(src/unitree_inspection/ocr) by extension 'ignore'
[1.206s] Level 1:colcon.colcon_core.package_identification:_identify(src/unitree_inspection/ocr) ignored
[1.207s] Level 1:colcon.colcon_core.package_identification:_identify(src/unitree_inspection/unitree_inspection) by extensions ['ignore', 'ignore_ament_install']
[1.207s] Level 1:colcon.colcon_core.package_identification:_identify(src/unitree_inspection/unitree_inspection) by extension 'ignore'
[1.207s] Level 1:colcon.colcon_core.package_identification:_identify(src/unitree_inspection/unitree_inspection) by extension 'ignore_ament_install'
[1.207s] Level 1:colcon.colcon_core.package_identification:_identify(src/unitree_inspection/unitree_inspection) by extensions ['colcon_pkg']
[1.207s] Level 1:colcon.colcon_core.package_identification:_identify(src/unitree_inspection/unitree_inspection) by extension 'colcon_pkg'
[1.207s] Level 1:colcon.colcon_core.package_identification:_identify(src/unitree_inspection/unitree_inspection) by extensions ['colcon_meta']
[1.207s] Level 1:colcon.colcon_core.package_identification:_identify(src/unitree_inspection/unitree_inspection) by extension 'colcon_meta'
[1.208s] Level 1:colcon.colcon_core.package_identification:_identify(src/unitree_inspection/unitree_inspection) by extensions ['ros']
[1.208s] Level 1:colcon.colcon_core.package_identification:_identify(src/unitree_inspection/unitree_inspection) by extension 'ros'
[1.210s] DEBUG:colcon.colcon_core.package_identification:Package 'src/unitree_inspection/unitree_inspection' with type 'ros.ament_cmake' and name 'unitree_inspection'
[1.210s] Level 1:colcon.colcon_core.package_identification:_identify(src/unitree_inspection/unitree_inspection_interfaces) by extensions ['ignore', 'ignore_ament_install']
[1.210s] Level 1:colcon.colcon_core.package_identification:_identify(src/unitree_inspection/unitree_inspection_interfaces) by extension 'ignore'
[1.210s] Level 1:colcon.colcon_core.package_identification:_identify(src/unitree_inspection/unitree_inspection_interfaces) by extension 'ignore_ament_install'
[1.211s] Level 1:colcon.colcon_core.package_identification:_identify(src/unitree_inspection/unitree_inspection_interfaces) by extensions ['colcon_pkg']
[1.211s] Level 1:colcon.colcon_core.package_identification:_identify(src/unitree_inspection/unitree_inspection_interfaces) by extension 'colcon_pkg'
[1.211s] Level 1:colcon.colcon_core.package_identification:_identify(src/unitree_inspection/unitree_inspection_interfaces) by extensions ['colcon_meta']
[1.211s] Level 1:colcon.colcon_core.package_identification:_identify(src/unitree_inspection/unitree_inspection_interfaces) by extension 'colcon_meta'
[1.211s] Level 1:colcon.colcon_core.package_identification:_identify(src/unitree_inspection/unitree_inspection_interfaces) by extensions ['ros']
[1.211s] Level 1:colcon.colcon_core.package_identification:_identify(src/unitree_inspection/unitree_inspection_interfaces) by extension 'ros'
[1.212s] DEBUG:colcon.colcon_core.package_identification:Package 'src/unitree_inspection/unitree_inspection_interfaces' with type 'ros.ament_cmake' and name 'unitree_inspection_interfaces'
[1.212s] Level 1:colcon.colcon_core.package_identification:_identify(src/unitree_inspection/unitree_ocr) by extensions ['ignore', 'ignore_ament_install']
[1.212s] Level 1:colcon.colcon_core.package_identification:_identify(src/unitree_inspection/unitree_ocr) by extension 'ignore'
[1.212s] Level 1:colcon.colcon_core.package_identification:_identify(src/unitree_inspection/unitree_ocr) by extension 'ignore_ament_install'
[1.213s] Level 1:colcon.colcon_core.package_identification:_identify(src/unitree_inspection/unitree_ocr) by extensions ['colcon_pkg']
[1.213s] Level 1:colcon.colcon_core.package_identification:_identify(src/unitree_inspection/unitree_ocr) by extension 'colcon_pkg'
[1.213s] Level 1:colcon.colcon_core.package_identification:_identify(src/unitree_inspection/unitree_ocr) by extensions ['colcon_meta']
[1.213s] Level 1:colcon.colcon_core.package_identification:_identify(src/unitree_inspection/unitree_ocr) by extension 'colcon_meta'
[1.213s] Level 1:colcon.colcon_core.package_identification:_identify(src/unitree_inspection/unitree_ocr) by extensions ['ros']
[1.213s] Level 1:colcon.colcon_core.package_identification:_identify(src/unitree_inspection/unitree_ocr) by extension 'ros'
[1.215s] DEBUG:colcon.colcon_core.package_identification:Package 'src/unitree_inspection/unitree_ocr' with type 'ros.ament_cmake' and name 'unitree_ocr'
[1.215s] Level 1:colcon.colcon_core.package_identification:_identify(src/unitree_inspection/unitree_ocr_interfaces) by extensions ['ignore', 'ignore_ament_install']
[1.216s] Level 1:colcon.colcon_core.package_identification:_identify(src/unitree_inspection/unitree_ocr_interfaces) by extension 'ignore'
[1.216s] Level 1:colcon.colcon_core.package_identification:_identify(src/unitree_inspection/unitree_ocr_interfaces) by extension 'ignore_ament_install'
[1.216s] Level 1:colcon.colcon_core.package_identification:_identify(src/unitree_inspection/unitree_ocr_interfaces) by extensions ['colcon_pkg']
[1.216s] Level 1:colcon.colcon_core.package_identification:_identify(src/unitree_inspection/unitree_ocr_interfaces) by extension 'colcon_pkg'
[1.216s] Level 1:colcon.colcon_core.package_identification:_identify(src/unitree_inspection/unitree_ocr_interfaces) by extensions ['colcon_meta']
[1.216s] Level 1:colcon.colcon_core.package_identification:_identify(src/unitree_inspection/unitree_ocr_interfaces) by extension 'colcon_meta'
[1.216s] Level 1:colcon.colcon_core.package_identification:_identify(src/unitree_inspection/unitree_ocr_interfaces) by extensions ['ros']
[1.216s] Level 1:colcon.colcon_core.package_identification:_identify(src/unitree_inspection/unitree_ocr_interfaces) by extension 'ros'
[1.218s] DEBUG:colcon.colcon_core.package_identification:Package 'src/unitree_inspection/unitree_ocr_interfaces' with type 'ros.ament_cmake' and name 'unitree_ocr_interfaces'
[1.218s] Level 1:colcon.colcon_core.package_identification:_identify(src/unitree_nav) by extensions ['ignore', 'ignore_ament_install']
[1.218s] Level 1:colcon.colcon_core.package_identification:_identify(src/unitree_nav) by extension 'ignore'
[1.218s] Level 1:colcon.colcon_core.package_identification:_identify(src/unitree_nav) by extension 'ignore_ament_install'
[1.219s] Level 1:colcon.colcon_core.package_identification:_identify(src/unitree_nav) by extensions ['colcon_pkg']
[1.219s] Level 1:colcon.colcon_core.package_identification:_identify(src/unitree_nav) by extension 'colcon_pkg'
[1.219s] Level 1:colcon.colcon_core.package_identification:_identify(src/unitree_nav) by extensions ['colcon_meta']
[1.219s] Level 1:colcon.colcon_core.package_identification:_identify(src/unitree_nav) by extension 'colcon_meta'
[1.219s] Level 1:colcon.colcon_core.package_identification:_identify(src/unitree_nav) by extensions ['ros']
[1.219s] Level 1:colcon.colcon_core.package_identification:_identify(src/unitree_nav) by extension 'ros'
[1.219s] Level 1:colcon.colcon_core.package_identification:_identify(src/unitree_nav) by extensions ['cmake', 'python']
[1.219s] Level 1:colcon.colcon_core.package_identification:_identify(src/unitree_nav) by extension 'cmake'
[1.219s] Level 1:colcon.colcon_core.package_identification:_identify(src/unitree_nav) by extension 'python'
[1.220s] Level 1:colcon.colcon_core.package_identification:_identify(src/unitree_nav) by extensions ['python_setup_py']
[1.220s] Level 1:colcon.colcon_core.package_identification:_identify(src/unitree_nav) by extension 'python_setup_py'
[1.220s] Level 1:colcon.colcon_core.package_identification:_identify(src/unitree_nav/unitree_nav) by extensions ['ignore', 'ignore_ament_install']
[1.220s] Level 1:colcon.colcon_core.package_identification:_identify(src/unitree_nav/unitree_nav) by extension 'ignore'
[1.220s] Level 1:colcon.colcon_core.package_identification:_identify(src/unitree_nav/unitree_nav) by extension 'ignore_ament_install'
[1.220s] Level 1:colcon.colcon_core.package_identification:_identify(src/unitree_nav/unitree_nav) by extensions ['colcon_pkg']
[1.220s] Level 1:colcon.colcon_core.package_identification:_identify(src/unitree_nav/unitree_nav) by extension 'colcon_pkg'
[1.220s] Level 1:colcon.colcon_core.package_identification:_identify(src/unitree_nav/unitree_nav) by extensions ['colcon_meta']
[1.221s] Level 1:colcon.colcon_core.package_identification:_identify(src/unitree_nav/unitree_nav) by extension 'colcon_meta'
[1.221s] Level 1:colcon.colcon_core.package_identification:_identify(src/unitree_nav/unitree_nav) by extensions ['ros']
[1.221s] Level 1:colcon.colcon_core.package_identification:_identify(src/unitree_nav/unitree_nav) by extension 'ros'
[1.224s] DEBUG:colcon.colcon_core.package_identification:Package 'src/unitree_nav/unitree_nav' with type 'ros.ament_cmake' and name 'unitree_nav'
[1.224s] Level 1:colcon.colcon_core.package_identification:_identify(src/unitree_nav/unitree_nav_interfaces) by extensions ['ignore', 'ignore_ament_install']
[1.225s] Level 1:colcon.colcon_core.package_identification:_identify(src/unitree_nav/unitree_nav_interfaces) by extension 'ignore'
[1.225s] Level 1:colcon.colcon_core.package_identification:_identify(src/unitree_nav/unitree_nav_interfaces) by extension 'ignore_ament_install'
[1.225s] Level 1:colcon.colcon_core.package_identification:_identify(src/unitree_nav/unitree_nav_interfaces) by extensions ['colcon_pkg']
[1.225s] Level 1:colcon.colcon_core.package_identification:_identify(src/unitree_nav/unitree_nav_interfaces) by extension 'colcon_pkg'
[1.225s] Level 1:colcon.colcon_core.package_identification:_identify(src/unitree_nav/unitree_nav_interfaces) by extensions ['colcon_meta']
[1.225s] Level 1:colcon.colcon_core.package_identification:_identify(src/unitree_nav/unitree_nav_interfaces) by extension 'colcon_meta'
[1.225s] Level 1:colcon.colcon_core.package_identification:_identify(src/unitree_nav/unitree_nav_interfaces) by extensions ['ros']
[1.225s] Level 1:colcon.colcon_core.package_identification:_identify(src/unitree_nav/unitree_nav_interfaces) by extension 'ros'
[1.227s] DEBUG:colcon.colcon_core.package_identification:Package 'src/unitree_nav/unitree_nav_interfaces' with type 'ros.ament_cmake' and name 'unitree_nav_interfaces'
[1.227s] Level 1:colcon.colcon_core.package_identification:_identify(src/unitree_nav/unitree_nav_launch_module) by extensions ['ignore', 'ignore_ament_install']
[1.228s] Level 1:colcon.colcon_core.package_identification:_identify(src/unitree_nav/unitree_nav_launch_module) by extension 'ignore'
[1.228s] Level 1:colcon.colcon_core.package_identification:_identify(src/unitree_nav/unitree_nav_launch_module) by extension 'ignore_ament_install'
[1.228s] Level 1:colcon.colcon_core.package_identification:_identify(src/unitree_nav/unitree_nav_launch_module) by extensions ['colcon_pkg']
[1.228s] Level 1:colcon.colcon_core.package_identification:_identify(src/unitree_nav/unitree_nav_launch_module) by extension 'colcon_pkg'
[1.228s] Level 1:colcon.colcon_core.package_identification:_identify(src/unitree_nav/unitree_nav_launch_module) by extensions ['colcon_meta']
[1.228s] Level 1:colcon.colcon_core.package_identification:_identify(src/unitree_nav/unitree_nav_launch_module) by extension 'colcon_meta'
[1.228s] Level 1:colcon.colcon_core.package_identification:_identify(src/unitree_nav/unitree_nav_launch_module) by extensions ['ros']
[1.228s] Level 1:colcon.colcon_core.package_identification:_identify(src/unitree_nav/unitree_nav_launch_module) by extension 'ros'
[1.229s] DEBUG:colcon.colcon_core.package_identification:Package 'src/unitree_nav/unitree_nav_launch_module' with type 'ros.ament_python' and name 'unitree_nav_launch_module'
[1.229s] Level 1:colcon.colcon_core.package_identification:_identify(src/unitree_ros2) by extensions ['ignore', 'ignore_ament_install']
[1.230s] Level 1:colcon.colcon_core.package_identification:_identify(src/unitree_ros2) by extension 'ignore'
[1.230s] Level 1:colcon.colcon_core.package_identification:_identify(src/unitree_ros2) by extension 'ignore_ament_install'
[1.230s] Level 1:colcon.colcon_core.package_identification:_identify(src/unitree_ros2) by extensions ['colcon_pkg']
[1.230s] Level 1:colcon.colcon_core.package_identification:_identify(src/unitree_ros2) by extension 'colcon_pkg'
[1.230s] Level 1:colcon.colcon_core.package_identification:_identify(src/unitree_ros2) by extensions ['colcon_meta']
[1.230s] Level 1:colcon.colcon_core.package_identification:_identify(src/unitree_ros2) by extension 'colcon_meta'
[1.230s] Level 1:colcon.colcon_core.package_identification:_identify(src/unitree_ros2) by extensions ['ros']
[1.230s] Level 1:colcon.colcon_core.package_identification:_identify(src/unitree_ros2) by extension 'ros'
[1.230s] Level 1:colcon.colcon_core.package_identification:_identify(src/unitree_ros2) by extensions ['cmake', 'python']
[1.231s] Level 1:colcon.colcon_core.package_identification:_identify(src/unitree_ros2) by extension 'cmake'
[1.231s] Level 1:colcon.colcon_core.package_identification:_identify(src/unitree_ros2) by extension 'python'
[1.231s] Level 1:colcon.colcon_core.package_identification:_identify(src/unitree_ros2) by extensions ['python_setup_py']
[1.231s] Level 1:colcon.colcon_core.package_identification:_identify(src/unitree_ros2) by extension 'python_setup_py'
[1.231s] Level 1:colcon.colcon_core.package_identification:_identify(src/unitree_ros2/go1_description) by extensions ['ignore', 'ignore_ament_install']
[1.231s] Level 1:colcon.colcon_core.package_identification:_identify(src/unitree_ros2/go1_description) by extension 'ignore'
[1.231s] Level 1:colcon.colcon_core.package_identification:_identify(src/unitree_ros2/go1_description) by extension 'ignore_ament_install'
[1.231s] Level 1:colcon.colcon_core.package_identification:_identify(src/unitree_ros2/go1_description) by extensions ['colcon_pkg']
[1.231s] Level 1:colcon.colcon_core.package_identification:_identify(src/unitree_ros2/go1_description) by extension 'colcon_pkg'
[1.231s] Level 1:colcon.colcon_core.package_identification:_identify(src/unitree_ros2/go1_description) by extensions ['colcon_meta']
[1.231s] Level 1:colcon.colcon_core.package_identification:_identify(src/unitree_ros2/go1_description) by extension 'colcon_meta'
[1.232s] Level 1:colcon.colcon_core.package_identification:_identify(src/unitree_ros2/go1_description) by extensions ['ros']
[1.232s] Level 1:colcon.colcon_core.package_identification:_identify(src/unitree_ros2/go1_description) by extension 'ros'
[1.233s] DEBUG:colcon.colcon_core.package_identification:Package 'src/unitree_ros2/go1_description' with type 'ros.ament_cmake' and name 'go1_description'
[1.233s] Level 1:colcon.colcon_core.package_identification:_identify(src/unitree_ros2/ros2_unitree_legged_msgs) by extensions ['ignore', 'ignore_ament_install']
[1.234s] Level 1:colcon.colcon_core.package_identification:_identify(src/unitree_ros2/ros2_unitree_legged_msgs) by extension 'ignore'
[1.234s] Level 1:colcon.colcon_core.package_identification:_identify(src/unitree_ros2/ros2_unitree_legged_msgs) by extension 'ignore_ament_install'
[1.234s] Level 1:colcon.colcon_core.package_identification:_identify(src/unitree_ros2/ros2_unitree_legged_msgs) by extensions ['colcon_pkg']
[1.234s] Level 1:colcon.colcon_core.package_identification:_identify(src/unitree_ros2/ros2_unitree_legged_msgs) by extension 'colcon_pkg'
[1.234s] Level 1:colcon.colcon_core.package_identification:_identify(src/unitree_ros2/ros2_unitree_legged_msgs) by extensions ['colcon_meta']
[1.234s] Level 1:colcon.colcon_core.package_identification:_identify(src/unitree_ros2/ros2_unitree_legged_msgs) by extension 'colcon_meta'
[1.234s] Level 1:colcon.colcon_core.package_identification:_identify(src/unitree_ros2/ros2_unitree_legged_msgs) by extensions ['ros']
[1.234s] Level 1:colcon.colcon_core.package_identification:_identify(src/unitree_ros2/ros2_unitree_legged_msgs) by extension 'ros'
[1.235s] DEBUG:colcon.colcon_core.package_identification:Package 'src/unitree_ros2/ros2_unitree_legged_msgs' with type 'ros.ament_cmake' and name 'ros2_unitree_legged_msgs'
[1.235s] Level 1:colcon.colcon_core.package_identification:_identify(src/unitree_ros2/unitree_legged_real) by extensions ['ignore', 'ignore_ament_install']
[1.236s] Level 1:colcon.colcon_core.package_identification:_identify(src/unitree_ros2/unitree_legged_real) by extension 'ignore'
[1.236s] Level 1:colcon.colcon_core.package_identification:_identify(src/unitree_ros2/unitree_legged_real) by extension 'ignore_ament_install'
[1.236s] Level 1:colcon.colcon_core.package_identification:_identify(src/unitree_ros2/unitree_legged_real) by extensions ['colcon_pkg']
[1.236s] Level 1:colcon.colcon_core.package_identification:_identify(src/unitree_ros2/unitree_legged_real) by extension 'colcon_pkg'
[1.236s] Level 1:colcon.colcon_core.package_identification:_identify(src/unitree_ros2/unitree_legged_real) by extensions ['colcon_meta']
[1.236s] Level 1:colcon.colcon_core.package_identification:_identify(src/unitree_ros2/unitree_legged_real) by extension 'colcon_meta'
[1.236s] Level 1:colcon.colcon_core.package_identification:_identify(src/unitree_ros2/unitree_legged_real) by extensions ['ros']
[1.236s] Level 1:colcon.colcon_core.package_identification:_identify(src/unitree_ros2/unitree_legged_real) by extension 'ros'
[1.237s] DEBUG:colcon.colcon_core.package_identification:Package 'src/unitree_ros2/unitree_legged_real' with type 'ros.ament_cmake' and name 'unitree_legged_real'
[1.237s] Level 1:colcon.colcon_core.package_discovery:discover_packages(recursive) using defaults
[1.238s] Level 1:colcon.colcon_core.package_discovery:discover_packages(ignore) discover
[1.238s] Level 1:colcon.colcon_core.package_discovery:discover_packages(ignore) using defaults
[1.238s] Level 1:colcon.colcon_core.package_discovery:discover_packages(path) discover
[1.238s] Level 1:colcon.colcon_core.package_discovery:discover_packages(path) using defaults
[1.326s] Level 1:colcon.colcon_core.package_discovery:discover_packages(prefix_path) check parameters
[1.326s] Level 1:colcon.colcon_core.package_discovery:discover_packages(prefix_path) discover
[1.336s] DEBUG:colcon.colcon_installed_package_information.package_discovery:Found 10 installed packages in /home/rs/go1_robot/install
[1.339s] DEBUG:colcon.colcon_installed_package_information.package_discovery:Found 322 installed packages in /opt/ros/humble
[1.341s] Level 1:colcon.colcon_core.package_discovery:discover_packages(prefix_path) using defaults
[1.463s] Level 5:colcon.colcon_core.verb:set package 'go1_description' build argument 'cmake_args' from command line to 'None'
[1.464s] Level 5:colcon.colcon_core.verb:set package 'go1_description' build argument 'cmake_target' from command line to 'None'
[1.464s] Level 5:colcon.colcon_core.verb:set package 'go1_description' build argument 'cmake_target_skip_unavailable' from command line to 'False'
[1.464s] Level 5:colcon.colcon_core.verb:set package 'go1_description' build argument 'cmake_clean_cache' from command line to 'False'
[1.464s] Level 5:colcon.colcon_core.verb:set package 'go1_description' build argument 'cmake_clean_first' from command line to 'False'
[1.464s] Level 5:colcon.colcon_core.verb:set package 'go1_description' build argument 'cmake_force_configure' from command line to 'False'
[1.464s] Level 5:colcon.colcon_core.verb:set package 'go1_description' build argument 'ament_cmake_args' from command line to 'None'
[1.464s] Level 5:colcon.colcon_core.verb:set package 'go1_description' build argument 'catkin_cmake_args' from command line to 'None'
[1.464s] Level 5:colcon.colcon_core.verb:set package 'go1_description' build argument 'catkin_skip_building_tests' from command line to 'False'
[1.464s] DEBUG:colcon.colcon_core.verb:Building package 'go1_description' with the following arguments: {'ament_cmake_args': None, 'build_base': '/home/rs/go1_robot/build/go1_description', 'catkin_cmake_args': None, 'catkin_skip_building_tests': False, 'cmake_args': None, 'cmake_clean_cache': False, 'cmake_clean_first': False, 'cmake_force_configure': False, 'cmake_target': None, 'cmake_target_skip_unavailable': False, 'install_base': '/home/rs/go1_robot/install/go1_description', 'merge_install': False, 'path': '/home/rs/go1_robot/src/unitree_ros2/go1_description', 'symlink_install': False, 'test_result_base': None}
[1.465s] Level 5:colcon.colcon_core.verb:set package 'motor_ctrl' build argument 'cmake_args' from command line to 'None'
[1.465s] Level 5:colcon.colcon_core.verb:set package 'motor_ctrl' build argument 'cmake_target' from command line to 'None'
[1.465s] Level 5:colcon.colcon_core.verb:set package 'motor_ctrl' build argument 'cmake_target_skip_unavailable' from command line to 'False'
[1.465s] Level 5:colcon.colcon_core.verb:set package 'motor_ctrl' build argument 'cmake_clean_cache' from command line to 'False'
[1.465s] Level 5:colcon.colcon_core.verb:set package 'motor_ctrl' build argument 'cmake_clean_first' from command line to 'False'
[1.465s] Level 5:colcon.colcon_core.verb:set package 'motor_ctrl' build argument 'cmake_force_configure' from command line to 'False'
[1.465s] Level 5:colcon.colcon_core.verb:set package 'motor_ctrl' build argument 'ament_cmake_args' from command line to 'None'
[1.465s] Level 5:colcon.colcon_core.verb:set package 'motor_ctrl' build argument 'catkin_cmake_args' from command line to 'None'
[1.465s] Level 5:colcon.colcon_core.verb:set package 'motor_ctrl' build argument 'catkin_skip_building_tests' from command line to 'False'
[1.465s] DEBUG:colcon.colcon_core.verb:Building package 'motor_ctrl' with the following arguments: {'ament_cmake_args': None, 'build_base': '/home/rs/go1_robot/build/motor_ctrl', 'catkin_cmake_args': None, 'catkin_skip_building_tests': False, 'cmake_args': None, 'cmake_clean_cache': False, 'cmake_clean_first': False, 'cmake_force_configure': False, 'cmake_target': None, 'cmake_target_skip_unavailable': False, 'install_base': '/home/rs/go1_robot/install/motor_ctrl', 'merge_install': False, 'path': '/home/rs/go1_robot/src/unitree_guide/unitree_actuator_sdk', 'symlink_install': False, 'test_result_base': None}
[1.466s] Level 5:colcon.colcon_core.verb:set package 'ros2_unitree_legged_msgs' build argument 'cmake_args' from command line to 'None'
[1.466s] Level 5:colcon.colcon_core.verb:set package 'ros2_unitree_legged_msgs' build argument 'cmake_target' from command line to 'None'
[1.466s] Level 5:colcon.colcon_core.verb:set package 'ros2_unitree_legged_msgs' build argument 'cmake_target_skip_unavailable' from command line to 'False'
[1.466s] Level 5:colcon.colcon_core.verb:set package 'ros2_unitree_legged_msgs' build argument 'cmake_clean_cache' from command line to 'False'
[1.466s] Level 5:colcon.colcon_core.verb:set package 'ros2_unitree_legged_msgs' build argument 'cmake_clean_first' from command line to 'False'
[1.466s] Level 5:colcon.colcon_core.verb:set package 'ros2_unitree_legged_msgs' build argument 'cmake_force_configure' from command line to 'False'
[1.466s] Level 5:colcon.colcon_core.verb:set package 'ros2_unitree_legged_msgs' build argument 'ament_cmake_args' from command line to 'None'
[1.466s] Level 5:colcon.colcon_core.verb:set package 'ros2_unitree_legged_msgs' build argument 'catkin_cmake_args' from command line to 'None'
[1.466s] Level 5:colcon.colcon_core.verb:set package 'ros2_unitree_legged_msgs' build argument 'catkin_skip_building_tests' from command line to 'False'
[1.467s] DEBUG:colcon.colcon_core.verb:Building package 'ros2_unitree_legged_msgs' with the following arguments: {'ament_cmake_args': None, 'build_base': '/home/rs/go1_robot/build/ros2_unitree_legged_msgs', 'catkin_cmake_args': None, 'catkin_skip_building_tests': False, 'cmake_args': None, 'cmake_clean_cache': False, 'cmake_clean_first': False, 'cmake_force_configure': False, 'cmake_target': None, 'cmake_target_skip_unavailable': False, 'install_base': '/home/rs/go1_robot/install/ros2_unitree_legged_msgs', 'merge_install': False, 'path': '/home/rs/go1_robot/src/unitree_ros2/ros2_unitree_legged_msgs', 'symlink_install': False, 'test_result_base': None}
[1.467s] Level 5:colcon.colcon_core.verb:set package 'unitree_guide' build argument 'cmake_args' from command line to 'None'
[1.467s] Level 5:colcon.colcon_core.verb:set package 'unitree_guide' build argument 'cmake_target' from command line to 'None'
[1.467s] Level 5:colcon.colcon_core.verb:set package 'unitree_guide' build argument 'cmake_target_skip_unavailable' from command line to 'False'
[1.467s] Level 5:colcon.colcon_core.verb:set package 'unitree_guide' build argument 'cmake_clean_cache' from command line to 'False'
[1.467s] Level 5:colcon.colcon_core.verb:set package 'unitree_guide' build argument 'cmake_clean_first' from command line to 'False'
[1.467s] Level 5:colcon.colcon_core.verb:set package 'unitree_guide' build argument 'cmake_force_configure' from command line to 'False'
[1.467s] Level 5:colcon.colcon_core.verb:set package 'unitree_guide' build argument 'ament_cmake_args' from command line to 'None'
[1.468s] Level 5:colcon.colcon_core.verb:set package 'unitree_guide' build argument 'catkin_cmake_args' from command line to 'None'
[1.468s] Level 5:colcon.colcon_core.verb:set package 'unitree_guide' build argument 'catkin_skip_building_tests' from command line to 'False'
[1.468s] DEBUG:colcon.colcon_core.verb:Building package 'unitree_guide' with the following arguments: {'ament_cmake_args': None, 'build_base': '/home/rs/go1_robot/build/unitree_guide', 'catkin_cmake_args': None, 'catkin_skip_building_tests': False, 'cmake_args': None, 'cmake_clean_cache': False, 'cmake_clean_first': False, 'cmake_force_configure': False, 'cmake_target': None, 'cmake_target_skip_unavailable': False, 'install_base': '/home/rs/go1_robot/install/unitree_guide', 'merge_install': False, 'path': '/home/rs/go1_robot/src/unitree_guide/unitree_guide', 'symlink_install': False, 'test_result_base': None}
[1.468s] Level 5:colcon.colcon_core.verb:set package 'unitree_inspection_interfaces' build argument 'cmake_args' from command line to 'None'
[1.468s] Level 5:colcon.colcon_core.verb:set package 'unitree_inspection_interfaces' build argument 'cmake_target' from command line to 'None'
[1.469s] Level 5:colcon.colcon_core.verb:set package 'unitree_inspection_interfaces' build argument 'cmake_target_skip_unavailable' from command line to 'False'
[1.469s] Level 5:colcon.colcon_core.verb:set package 'unitree_inspection_interfaces' build argument 'cmake_clean_cache' from command line to 'False'
[1.469s] Level 5:colcon.colcon_core.verb:set package 'unitree_inspection_interfaces' build argument 'cmake_clean_first' from command line to 'False'
[1.469s] Level 5:colcon.colcon_core.verb:set package 'unitree_inspection_interfaces' build argument 'cmake_force_configure' from command line to 'False'
[1.469s] Level 5:colcon.colcon_core.verb:set package 'unitree_inspection_interfaces' build argument 'ament_cmake_args' from command line to 'None'
[1.469s] Level 5:colcon.colcon_core.verb:set package 'unitree_inspection_interfaces' build argument 'catkin_cmake_args' from command line to 'None'
[1.469s] Level 5:colcon.colcon_core.verb:set package 'unitree_inspection_interfaces' build argument 'catkin_skip_building_tests' from command line to 'False'
[1.469s] DEBUG:colcon.colcon_core.verb:Building package 'unitree_inspection_interfaces' with the following arguments: {'ament_cmake_args': None, 'build_base': '/home/rs/go1_robot/build/unitree_inspection_interfaces', 'catkin_cmake_args': None, 'catkin_skip_building_tests': False, 'cmake_args': None, 'cmake_clean_cache': False, 'cmake_clean_first': False, 'cmake_force_configure': False, 'cmake_target': None, 'cmake_target_skip_unavailable': False, 'install_base': '/home/rs/go1_robot/install/unitree_inspection_interfaces', 'merge_install': False, 'path': '/home/rs/go1_robot/src/unitree_inspection/unitree_inspection_interfaces', 'symlink_install': False, 'test_result_base': None}
[1.470s] Level 5:colcon.colcon_core.verb:set package 'unitree_move_base' build argument 'cmake_args' from command line to 'None'
[1.470s] Level 5:colcon.colcon_core.verb:set package 'unitree_move_base' build argument 'cmake_target' from command line to 'None'
[1.470s] Level 5:colcon.colcon_core.verb:set package 'unitree_move_base' build argument 'cmake_target_skip_unavailable' from command line to 'False'
[1.470s] Level 5:colcon.colcon_core.verb:set package 'unitree_move_base' build argument 'cmake_clean_cache' from command line to 'False'
[1.470s] Level 5:colcon.colcon_core.verb:set package 'unitree_move_base' build argument 'cmake_clean_first' from command line to 'False'
[1.470s] Level 5:colcon.colcon_core.verb:set package 'unitree_move_base' build argument 'cmake_force_configure' from command line to 'False'
[1.470s] Level 5:colcon.colcon_core.verb:set package 'unitree_move_base' build argument 'ament_cmake_args' from command line to 'None'
[1.470s] Level 5:colcon.colcon_core.verb:set package 'unitree_move_base' build argument 'catkin_cmake_args' from command line to 'None'
[1.470s] Level 5:colcon.colcon_core.verb:set package 'unitree_move_base' build argument 'catkin_skip_building_tests' from command line to 'False'
[1.471s] DEBUG:colcon.colcon_core.verb:Building package 'unitree_move_base' with the following arguments: {'ament_cmake_args': None, 'build_base': '/home/rs/go1_robot/build/unitree_move_base', 'catkin_cmake_args': None, 'catkin_skip_building_tests': False, 'cmake_args': None, 'cmake_clean_cache': False, 'cmake_clean_first': False, 'cmake_force_configure': False, 'cmake_target': None, 'cmake_target_skip_unavailable': False, 'install_base': '/home/rs/go1_robot/install/unitree_move_base', 'merge_install': False, 'path': '/home/rs/go1_robot/src/unitree_guide/unitree_move_base', 'symlink_install': False, 'test_result_base': None}
[1.471s] Level 5:colcon.colcon_core.verb:set package 'unitree_nav_interfaces' build argument 'cmake_args' from command line to 'None'
[1.471s] Level 5:colcon.colcon_core.verb:set package 'unitree_nav_interfaces' build argument 'cmake_target' from command line to 'None'
[1.471s] Level 5:colcon.colcon_core.verb:set package 'unitree_nav_interfaces' build argument 'cmake_target_skip_unavailable' from command line to 'False'
[1.471s] Level 5:colcon.colcon_core.verb:set package 'unitree_nav_interfaces' build argument 'cmake_clean_cache' from command line to 'False'
[1.471s] Level 5:colcon.colcon_core.verb:set package 'unitree_nav_interfaces' build argument 'cmake_clean_first' from command line to 'False'
[1.471s] Level 5:colcon.colcon_core.verb:set package 'unitree_nav_interfaces' build argument 'cmake_force_configure' from command line to 'False'
[1.471s] Level 5:colcon.colcon_core.verb:set package 'unitree_nav_interfaces' build argument 'ament_cmake_args' from command line to 'None'
[1.471s] Level 5:colcon.colcon_core.verb:set package 'unitree_nav_interfaces' build argument 'catkin_cmake_args' from command line to 'None'
[1.471s] Level 5:colcon.colcon_core.verb:set package 'unitree_nav_interfaces' build argument 'catkin_skip_building_tests' from command line to 'False'
[1.472s] DEBUG:colcon.colcon_core.verb:Building package 'unitree_nav_interfaces' with the following arguments: {'ament_cmake_args': None, 'build_base': '/home/rs/go1_robot/build/unitree_nav_interfaces', 'catkin_cmake_args': None, 'catkin_skip_building_tests': False, 'cmake_args': None, 'cmake_clean_cache': False, 'cmake_clean_first': False, 'cmake_force_configure': False, 'cmake_target': None, 'cmake_target_skip_unavailable': False, 'install_base': '/home/rs/go1_robot/install/unitree_nav_interfaces', 'merge_install': False, 'path': '/home/rs/go1_robot/src/unitree_nav/unitree_nav_interfaces', 'symlink_install': False, 'test_result_base': None}
[1.472s] Level 5:colcon.colcon_core.verb:set package 'unitree_nav_launch_module' build argument 'cmake_args' from command line to 'None'
[1.472s] Level 5:colcon.colcon_core.verb:set package 'unitree_nav_launch_module' build argument 'cmake_target' from command line to 'None'
[1.472s] Level 5:colcon.colcon_core.verb:set package 'unitree_nav_launch_module' build argument 'cmake_target_skip_unavailable' from command line to 'False'
[1.472s] Level 5:colcon.colcon_core.verb:set package 'unitree_nav_launch_module' build argument 'cmake_clean_cache' from command line to 'False'
[1.472s] Level 5:colcon.colcon_core.verb:set package 'unitree_nav_launch_module' build argument 'cmake_clean_first' from command line to 'False'
[1.472s] Level 5:colcon.colcon_core.verb:set package 'unitree_nav_launch_module' build argument 'cmake_force_configure' from command line to 'False'
[1.472s] Level 5:colcon.colcon_core.verb:set package 'unitree_nav_launch_module' build argument 'ament_cmake_args' from command line to 'None'
[1.472s] Level 5:colcon.colcon_core.verb:set package 'unitree_nav_launch_module' build argument 'catkin_cmake_args' from command line to 'None'
[1.472s] Level 5:colcon.colcon_core.verb:set package 'unitree_nav_launch_module' build argument 'catkin_skip_building_tests' from command line to 'False'
[1.473s] DEBUG:colcon.colcon_core.verb:Building package 'unitree_nav_launch_module' with the following arguments: {'ament_cmake_args': None, 'build_base': '/home/rs/go1_robot/build/unitree_nav_launch_module', 'catkin_cmake_args': None, 'catkin_skip_building_tests': False, 'cmake_args': None, 'cmake_clean_cache': False, 'cmake_clean_first': False, 'cmake_force_configure': False, 'cmake_target': None, 'cmake_target_skip_unavailable': False, 'install_base': '/home/rs/go1_robot/install/unitree_nav_launch_module', 'merge_install': False, 'path': '/home/rs/go1_robot/src/unitree_nav/unitree_nav_launch_module', 'symlink_install': False, 'test_result_base': None}
[1.473s] Level 5:colcon.colcon_core.verb:set package 'unitree_ocr_interfaces' build argument 'cmake_args' from command line to 'None'
[1.473s] Level 5:colcon.colcon_core.verb:set package 'unitree_ocr_interfaces' build argument 'cmake_target' from command line to 'None'
[1.473s] Level 5:colcon.colcon_core.verb:set package 'unitree_ocr_interfaces' build argument 'cmake_target_skip_unavailable' from command line to 'False'
[1.473s] Level 5:colcon.colcon_core.verb:set package 'unitree_ocr_interfaces' build argument 'cmake_clean_cache' from command line to 'False'
[1.473s] Level 5:colcon.colcon_core.verb:set package 'unitree_ocr_interfaces' build argument 'cmake_clean_first' from command line to 'False'
[1.473s] Level 5:colcon.colcon_core.verb:set package 'unitree_ocr_interfaces' build argument 'cmake_force_configure' from command line to 'False'
[1.473s] Level 5:colcon.colcon_core.verb:set package 'unitree_ocr_interfaces' build argument 'ament_cmake_args' from command line to 'None'
[1.473s] Level 5:colcon.colcon_core.verb:set package 'unitree_ocr_interfaces' build argument 'catkin_cmake_args' from command line to 'None'
[1.474s] Level 5:colcon.colcon_core.verb:set package 'unitree_ocr_interfaces' build argument 'catkin_skip_building_tests' from command line to 'False'
[1.474s] DEBUG:colcon.colcon_core.verb:Building package 'unitree_ocr_interfaces' with the following arguments: {'ament_cmake_args': None, 'build_base': '/home/rs/go1_robot/build/unitree_ocr_interfaces', 'catkin_cmake_args': None, 'catkin_skip_building_tests': False, 'cmake_args': None, 'cmake_clean_cache': False, 'cmake_clean_first': False, 'cmake_force_configure': False, 'cmake_target': None, 'cmake_target_skip_unavailable': False, 'install_base': '/home/rs/go1_robot/install/unitree_ocr_interfaces', 'merge_install': False, 'path': '/home/rs/go1_robot/src/unitree_inspection/unitree_ocr_interfaces', 'symlink_install': False, 'test_result_base': None}
[1.474s] Level 5:colcon.colcon_core.verb:set package 'unitree_legged_real' build argument 'cmake_args' from command line to 'None'
[1.474s] Level 5:colcon.colcon_core.verb:set package 'unitree_legged_real' build argument 'cmake_target' from command line to 'None'
[1.474s] Level 5:colcon.colcon_core.verb:set package 'unitree_legged_real' build argument 'cmake_target_skip_unavailable' from command line to 'False'
[1.475s] Level 5:colcon.colcon_core.verb:set package 'unitree_legged_real' build argument 'cmake_clean_cache' from command line to 'False'
[1.475s] Level 5:colcon.colcon_core.verb:set package 'unitree_legged_real' build argument 'cmake_clean_first' from command line to 'False'
[1.475s] Level 5:colcon.colcon_core.verb:set package 'unitree_legged_real' build argument 'cmake_force_configure' from command line to 'False'
[1.475s] Level 5:colcon.colcon_core.verb:set package 'unitree_legged_real' build argument 'ament_cmake_args' from command line to 'None'
[1.475s] Level 5:colcon.colcon_core.verb:set package 'unitree_legged_real' build argument 'catkin_cmake_args' from command line to 'None'
[1.475s] Level 5:colcon.colcon_core.verb:set package 'unitree_legged_real' build argument 'catkin_skip_building_tests' from command line to 'False'
[1.475s] DEBUG:colcon.colcon_core.verb:Building package 'unitree_legged_real' with the following arguments: {'ament_cmake_args': None, 'build_base': '/home/rs/go1_robot/build/unitree_legged_real', 'catkin_cmake_args': None, 'catkin_skip_building_tests': False, 'cmake_args': None, 'cmake_clean_cache': False, 'cmake_clean_first': False, 'cmake_force_configure': False, 'cmake_target': None, 'cmake_target_skip_unavailable': False, 'install_base': '/home/rs/go1_robot/install/unitree_legged_real', 'merge_install': False, 'path': '/home/rs/go1_robot/src/unitree_ros2/unitree_legged_real', 'symlink_install': False, 'test_result_base': None}
[1.475s] Level 5:colcon.colcon_core.verb:set package 'unitree_nav' build argument 'cmake_args' from command line to 'None'
[1.475s] Level 5:colcon.colcon_core.verb:set package 'unitree_nav' build argument 'cmake_target' from command line to 'None'
[1.476s] Level 5:colcon.colcon_core.verb:set package 'unitree_nav' build argument 'cmake_target_skip_unavailable' from command line to 'False'
[1.476s] Level 5:colcon.colcon_core.verb:set package 'unitree_nav' build argument 'cmake_clean_cache' from command line to 'False'
[1.476s] Level 5:colcon.colcon_core.verb:set package 'unitree_nav' build argument 'cmake_clean_first' from command line to 'False'
[1.476s] Level 5:colcon.colcon_core.verb:set package 'unitree_nav' build argument 'cmake_force_configure' from command line to 'False'
[1.476s] Level 5:colcon.colcon_core.verb:set package 'unitree_nav' build argument 'ament_cmake_args' from command line to 'None'
[1.476s] Level 5:colcon.colcon_core.verb:set package 'unitree_nav' build argument 'catkin_cmake_args' from command line to 'None'
[1.476s] Level 5:colcon.colcon_core.verb:set package 'unitree_nav' build argument 'catkin_skip_building_tests' from command line to 'False'
[1.476s] DEBUG:colcon.colcon_core.verb:Building package 'unitree_nav' with the following arguments: {'ament_cmake_args': None, 'build_base': '/home/rs/go1_robot/build/unitree_nav', 'catkin_cmake_args': None, 'catkin_skip_building_tests': False, 'cmake_args': None, 'cmake_clean_cache': False, 'cmake_clean_first': False, 'cmake_force_configure': False, 'cmake_target': None, 'cmake_target_skip_unavailable': False, 'install_base': '/home/rs/go1_robot/install/unitree_nav', 'merge_install': False, 'path': '/home/rs/go1_robot/src/unitree_nav/unitree_nav', 'symlink_install': False, 'test_result_base': None}
[1.476s] Level 5:colcon.colcon_core.verb:set package 'unitree_ocr' build argument 'cmake_args' from command line to 'None'
[1.476s] Level 5:colcon.colcon_core.verb:set package 'unitree_ocr' build argument 'cmake_target' from command line to 'None'
[1.476s] Level 5:colcon.colcon_core.verb:set package 'unitree_ocr' build argument 'cmake_target_skip_unavailable' from command line to 'False'
[1.477s] Level 5:colcon.colcon_core.verb:set package 'unitree_ocr' build argument 'cmake_clean_cache' from command line to 'False'
[1.477s] Level 5:colcon.colcon_core.verb:set package 'unitree_ocr' build argument 'cmake_clean_first' from command line to 'False'
[1.477s] Level 5:colcon.colcon_core.verb:set package 'unitree_ocr' build argument 'cmake_force_configure' from command line to 'False'
[1.477s] Level 5:colcon.colcon_core.verb:set package 'unitree_ocr' build argument 'ament_cmake_args' from command line to 'None'
[1.477s] Level 5:colcon.colcon_core.verb:set package 'unitree_ocr' build argument 'catkin_cmake_args' from command line to 'None'
[1.477s] Level 5:colcon.colcon_core.verb:set package 'unitree_ocr' build argument 'catkin_skip_building_tests' from command line to 'False'
[1.477s] DEBUG:colcon.colcon_core.verb:Building package 'unitree_ocr' with the following arguments: {'ament_cmake_args': None, 'build_base': '/home/rs/go1_robot/build/unitree_ocr', 'catkin_cmake_args': None, 'catkin_skip_building_tests': False, 'cmake_args': None, 'cmake_clean_cache': False, 'cmake_clean_first': False, 'cmake_force_configure': False, 'cmake_target': None, 'cmake_target_skip_unavailable': False, 'install_base': '/home/rs/go1_robot/install/unitree_ocr', 'merge_install': False, 'path': '/home/rs/go1_robot/src/unitree_inspection/unitree_ocr', 'symlink_install': False, 'test_result_base': None}
[1.477s] Level 5:colcon.colcon_core.verb:set package 'unitree_inspection' build argument 'cmake_args' from command line to 'None'
[1.477s] Level 5:colcon.colcon_core.verb:set package 'unitree_inspection' build argument 'cmake_target' from command line to 'None'
[1.477s] Level 5:colcon.colcon_core.verb:set package 'unitree_inspection' build argument 'cmake_target_skip_unavailable' from command line to 'False'
[1.478s] Level 5:colcon.colcon_core.verb:set package 'unitree_inspection' build argument 'cmake_clean_cache' from command line to 'False'
[1.478s] Level 5:colcon.colcon_core.verb:set package 'unitree_inspection' build argument 'cmake_clean_first' from command line to 'False'
[1.478s] Level 5:colcon.colcon_core.verb:set package 'unitree_inspection' build argument 'cmake_force_configure' from command line to 'False'
[1.478s] Level 5:colcon.colcon_core.verb:set package 'unitree_inspection' build argument 'ament_cmake_args' from command line to 'None'
[1.478s] Level 5:colcon.colcon_core.verb:set package 'unitree_inspection' build argument 'catkin_cmake_args' from command line to 'None'
[1.478s] Level 5:colcon.colcon_core.verb:set package 'unitree_inspection' build argument 'catkin_skip_building_tests' from command line to 'False'
[1.478s] DEBUG:colcon.colcon_core.verb:Building package 'unitree_inspection' with the following arguments: {'ament_cmake_args': None, 'build_base': '/home/rs/go1_robot/build/unitree_inspection', 'catkin_cmake_args': None, 'catkin_skip_building_tests': False, 'cmake_args': None, 'cmake_clean_cache': False, 'cmake_clean_first': False, 'cmake_force_configure': False, 'cmake_target': None, 'cmake_target_skip_unavailable': False, 'install_base': '/home/rs/go1_robot/install/unitree_inspection', 'merge_install': False, 'path': '/home/rs/go1_robot/src/unitree_inspection/unitree_inspection', 'symlink_install': False, 'test_result_base': None}
[1.478s] INFO:colcon.colcon_core.executor:Executing jobs using 'parallel' executor
[1.480s] DEBUG:colcon.colcon_parallel_executor.executor.parallel:run_until_complete
[1.483s] INFO:colcon.colcon_ros.task.ament_cmake.build:Building ROS package in '/home/rs/go1_robot/src/unitree_ros2/ros2_unitree_legged_msgs' with build type 'ament_cmake'
[1.483s] INFO:colcon.colcon_cmake.task.cmake.build:Building CMake package in '/home/rs/go1_robot/src/unitree_ros2/ros2_unitree_legged_msgs'
[1.493s] INFO:colcon.colcon_core.plugin_system:Skipping extension 'colcon_core.shell.bat': Not used on non-Windows systems
[1.493s] INFO:colcon.colcon_core.shell:Skip shell extension 'powershell' for command environment: Not usable outside of PowerShell
[1.493s] DEBUG:colcon.colcon_core.shell:Skip shell extension 'dsv' for command environment
[1.503s] INFO:colcon.colcon_ros.task.ament_cmake.build:Building ROS package in '/home/rs/go1_robot/src/unitree_nav/unitree_nav_interfaces' with build type 'ament_cmake'
[1.504s] INFO:colcon.colcon_cmake.task.cmake.build:Building CMake package in '/home/rs/go1_robot/src/unitree_nav/unitree_nav_interfaces'
[1.504s] INFO:colcon.colcon_core.shell:Skip shell extension 'powershell' for command environment: Not usable outside of PowerShell
[1.504s] DEBUG:colcon.colcon_core.shell:Skip shell extension 'dsv' for command environment
[1.517s] INFO:colcon.colcon_ros.task.ament_cmake.build:Building ROS package in '/home/rs/go1_robot/src/unitree_inspection/unitree_ocr_interfaces' with build type 'ament_cmake'
[1.518s] INFO:colcon.colcon_cmake.task.cmake.build:Building CMake package in '/home/rs/go1_robot/src/unitree_inspection/unitree_ocr_interfaces'
[1.519s] INFO:colcon.colcon_core.shell:Skip shell extension 'powershell' for command environment: Not usable outside of PowerShell
[1.519s] DEBUG:colcon.colcon_core.shell:Skip shell extension 'dsv' for command environment
[1.532s] INFO:colcon.colcon_ros.task.ament_cmake.build:Building ROS package in '/home/rs/go1_robot/src/unitree_inspection/unitree_inspection_interfaces' with build type 'ament_cmake'
[1.534s] INFO:colcon.colcon_cmake.task.cmake.build:Building CMake package in '/home/rs/go1_robot/src/unitree_inspection/unitree_inspection_interfaces'
[1.535s] INFO:colcon.colcon_core.shell:Skip shell extension 'powershell' for command environment: Not usable outside of PowerShell
[1.536s] DEBUG:colcon.colcon_core.shell:Skip shell extension 'dsv' for command environment
[1.544s] INFO:colcon.colcon_ros.task.ament_cmake.build:Building ROS package in '/home/rs/go1_robot/src/unitree_ros2/go1_description' with build type 'ament_cmake'
[1.544s] INFO:colcon.colcon_cmake.task.cmake.build:Building CMake package in '/home/rs/go1_robot/src/unitree_ros2/go1_description'
[1.545s] INFO:colcon.colcon_core.shell:Skip shell extension 'powershell' for command environment: Not usable outside of PowerShell
[1.545s] DEBUG:colcon.colcon_core.shell:Skip shell extension 'dsv' for command environment
[1.557s] INFO:colcon.colcon_cmake.task.cmake.build:Building CMake package in '/home/rs/go1_robot/src/unitree_guide/unitree_actuator_sdk'
[1.560s] INFO:colcon.colcon_core.shell:Skip shell extension 'powershell' for command environment: Not usable outside of PowerShell
[1.560s] DEBUG:colcon.colcon_core.shell:Skip shell extension 'dsv' for command environment
[1.575s] INFO:colcon.colcon_ros.task.ament_cmake.build:Building ROS package in '/home/rs/go1_robot/src/unitree_guide/unitree_guide' with build type 'ament_cmake'
[1.576s] INFO:colcon.colcon_cmake.task.cmake.build:Building CMake package in '/home/rs/go1_robot/src/unitree_guide/unitree_guide'
[1.576s] INFO:colcon.colcon_core.shell:Skip shell extension 'powershell' for command environment: Not usable outside of PowerShell
[1.577s] DEBUG:colcon.colcon_core.shell:Skip shell extension 'dsv' for command environment
[1.594s] INFO:colcon.colcon_ros.task.catkin.build:Building ROS package in '/home/rs/go1_robot/src/unitree_guide/unitree_move_base' with build type 'catkin'
[1.595s] INFO:colcon.colcon_cmake.task.cmake.build:Building CMake package in '/home/rs/go1_robot/src/unitree_guide/unitree_move_base'
[1.596s] INFO:colcon.colcon_core.shell:Skip shell extension 'powershell' for command environment: Not usable outside of PowerShell
[1.596s] DEBUG:colcon.colcon_core.shell:Skip shell extension 'dsv' for command environment
[1.605s] INFO:colcon.colcon_ros.task.ament_python.build:Building ROS package in '/home/rs/go1_robot/src/unitree_nav/unitree_nav_launch_module' with build type 'ament_python'
[1.606s] Level 1:colcon.colcon_core.shell:create_environment_hook('unitree_nav_launch_module', 'ament_prefix_path')
[1.606s] INFO:colcon.colcon_core.shell:Creating environment hook '/home/rs/go1_robot/install/unitree_nav_launch_module/share/unitree_nav_launch_module/hook/ament_prefix_path.ps1'
[1.609s] INFO:colcon.colcon_core.shell:Creating environment descriptor '/home/rs/go1_robot/install/unitree_nav_launch_module/share/unitree_nav_launch_module/hook/ament_prefix_path.dsv'
[1.611s] INFO:colcon.colcon_core.shell:Creating environment hook '/home/rs/go1_robot/install/unitree_nav_launch_module/share/unitree_nav_launch_module/hook/ament_prefix_path.sh'
[1.613s] INFO:colcon.colcon_core.shell:Skip shell extension 'powershell' for command environment: Not usable outside of PowerShell
[1.613s] DEBUG:colcon.colcon_core.shell:Skip shell extension 'dsv' for command environment
[1.660s] DEBUG:colcon.colcon_core.event_handler.log_command:Invoking command in '/home/rs/go1_robot/build/ros2_unitree_legged_msgs': CMAKE_PREFIX_PATH=${CMAKE_PREFIX_PATH}:/opt/ros/humble:/home/rs/go1_robot/install/unitree_nav_launch_module /usr/bin/cmake --build /home/rs/go1_robot/build/ros2_unitree_legged_msgs -- -j13 -l13
[1.670s] DEBUG:colcon.colcon_core.event_handler.log_command:Invoking command in '/home/rs/go1_robot/build/unitree_nav_interfaces': CMAKE_PREFIX_PATH=${CMAKE_PREFIX_PATH}:/opt/ros/humble:/home/rs/go1_robot/install/unitree_nav_launch_module /usr/bin/cmake --build /home/rs/go1_robot/build/unitree_nav_interfaces -- -j13 -l13
[1.682s] DEBUG:colcon.colcon_core.event_handler.log_command:Invoking command in '/home/rs/go1_robot/build/unitree_ocr_interfaces': CMAKE_PREFIX_PATH=${CMAKE_PREFIX_PATH}:/opt/ros/humble:/home/rs/go1_robot/install/unitree_nav_launch_module /usr/bin/cmake --build /home/rs/go1_robot/build/unitree_ocr_interfaces -- -j13 -l13
[1.692s] DEBUG:colcon.colcon_core.event_handler.log_command:Invoking command in '/home/rs/go1_robot/build/unitree_inspection_interfaces': CMAKE_PREFIX_PATH=${CMAKE_PREFIX_PATH}:/opt/ros/humble:/home/rs/go1_robot/install/unitree_nav_launch_module /usr/bin/cmake --build /home/rs/go1_robot/build/unitree_inspection_interfaces -- -j13 -l13
[1.730s] DEBUG:colcon.colcon_core.event_handler.log_command:Invoking command in '/home/rs/go1_robot/build/go1_description': CMAKE_PREFIX_PATH=${CMAKE_PREFIX_PATH}:/opt/ros/humble:/home/rs/go1_robot/install/unitree_nav_launch_module /usr/bin/cmake --build /home/rs/go1_robot/build/go1_description -- -j13 -l13
[1.756s] DEBUG:colcon.colcon_core.event_handler.log_command:Invoking command in '/home/rs/go1_robot/build/motor_ctrl': /usr/bin/cmake /home/rs/go1_robot/src/unitree_guide/unitree_actuator_sdk -DCMAKE_INSTALL_PREFIX=/home/rs/go1_robot/install/motor_ctrl
[1.761s] DEBUG:colcon.colcon_core.event_handler.log_command:Invoking command in '/home/rs/go1_robot/build/unitree_guide': CMAKE_PREFIX_PATH=${CMAKE_PREFIX_PATH}:/opt/ros/humble:/home/rs/go1_robot/install/unitree_nav_launch_module /usr/bin/cmake /home/rs/go1_robot/src/unitree_guide/unitree_guide -DCMAKE_INSTALL_PREFIX=/home/rs/go1_robot/install/unitree_guide
[1.771s] DEBUG:colcon.colcon_core.event_handler.log_command:Invoking command in '/home/rs/go1_robot/build/unitree_move_base': /usr/bin/cmake /home/rs/go1_robot/src/unitree_guide/unitree_move_base -DCATKIN_INSTALL_INTO_PREFIX_ROOT=0 -DCMAKE_INSTALL_PREFIX=/home/rs/go1_robot/install/unitree_move_base
[3.290s] INFO:colcon.colcon_core.task.python.build:Building Python package in '/home/rs/go1_robot/src/unitree_nav/unitree_nav_launch_module'
[3.291s] INFO:colcon.colcon_core.shell:Skip shell extension 'powershell' for command environment: Not usable outside of PowerShell
[3.291s] DEBUG:colcon.colcon_core.shell:Skip shell extension 'dsv' for command environment
[3.320s] DEBUG:colcon.colcon_core.event_handler.log_command:Invoked command in '/home/rs/go1_robot/build/go1_description' returned '0': CMAKE_PREFIX_PATH=${CMAKE_PREFIX_PATH}:/opt/ros/humble:/home/rs/go1_robot/install/unitree_nav_launch_module /usr/bin/cmake --build /home/rs/go1_robot/build/go1_description -- -j13 -l13
[3.491s] DEBUG:colcon.colcon_core.event_handler.log_command:Invoking command in '/home/rs/go1_robot/build/go1_description': CMAKE_PREFIX_PATH=${CMAKE_PREFIX_PATH}:/opt/ros/humble:/home/rs/go1_robot/install/unitree_nav_launch_module /usr/bin/cmake --install /home/rs/go1_robot/build/go1_description
[3.594s] Level 1:colcon.colcon_core.environment:create_environment_scripts_only(go1_description)
[3.597s] DEBUG:colcon.colcon_core.event_handler.log_command:Invoked command in '/home/rs/go1_robot/build/go1_description' returned '0': CMAKE_PREFIX_PATH=${CMAKE_PREFIX_PATH}:/opt/ros/humble:/home/rs/go1_robot/install/unitree_nav_launch_module /usr/bin/cmake --install /home/rs/go1_robot/build/go1_description
[3.608s] Level 1:colcon.colcon_core.environment:checking '/home/rs/go1_robot/install/go1_description' for CMake module files
[3.613s] Level 1:colcon.colcon_core.environment:checking '/home/rs/go1_robot/install/go1_description' for CMake config files
[3.614s] Level 1:colcon.colcon_core.shell:create_environment_hook('go1_description', 'cmake_prefix_path')
[3.615s] INFO:colcon.colcon_core.shell:Creating environment hook '/home/rs/go1_robot/install/go1_description/share/go1_description/hook/cmake_prefix_path.ps1'
[3.616s] INFO:colcon.colcon_core.shell:Creating environment descriptor '/home/rs/go1_robot/install/go1_description/share/go1_description/hook/cmake_prefix_path.dsv'
[3.624s] INFO:colcon.colcon_core.shell:Creating environment hook '/home/rs/go1_robot/install/go1_description/share/go1_description/hook/cmake_prefix_path.sh'
[3.627s] Level 1:colcon.colcon_core.environment:checking '/home/rs/go1_robot/install/go1_description/bin'
[3.627s] Level 1:colcon.colcon_core.environment:checking '/home/rs/go1_robot/install/go1_description/lib/pkgconfig/go1_description.pc'
[3.629s] Level 1:colcon.colcon_core.environment:checking '/home/rs/go1_robot/install/go1_description/lib/python3.10/site-packages'
[3.631s] Level 1:colcon.colcon_core.environment:checking '/home/rs/go1_robot/install/go1_description/bin'
[3.632s] INFO:colcon.colcon_core.shell:Creating package script '/home/rs/go1_robot/install/go1_description/share/go1_description/package.ps1'
[3.637s] INFO:colcon.colcon_core.shell:Creating package descriptor '/home/rs/go1_robot/install/go1_description/share/go1_description/package.dsv'
[3.639s] INFO:colcon.colcon_core.shell:Creating package script '/home/rs/go1_robot/install/go1_description/share/go1_description/package.sh'
[3.642s] INFO:colcon.colcon_core.shell:Creating package script '/home/rs/go1_robot/install/go1_description/share/go1_description/package.bash'
[3.644s] INFO:colcon.colcon_core.shell:Creating package script '/home/rs/go1_robot/install/go1_description/share/go1_description/package.zsh'
[3.646s] Level 1:colcon.colcon_core.environment:create_file_with_runtime_dependencies(/home/rs/go1_robot/install/go1_description/share/colcon-core/packages/go1_description)
[3.674s] DEBUG:colcon.colcon_core.event_handler.log_command:Invoked command in '/home/rs/go1_robot/build/unitree_ocr_interfaces' returned '0': CMAKE_PREFIX_PATH=${CMAKE_PREFIX_PATH}:/opt/ros/humble:/home/rs/go1_robot/install/unitree_nav_launch_module /usr/bin/cmake --build /home/rs/go1_robot/build/unitree_ocr_interfaces -- -j13 -l13
[3.697s] DEBUG:colcon.colcon_core.event_handler.log_command:Invoked command in '/home/rs/go1_robot/build/ros2_unitree_legged_msgs' returned '0': CMAKE_PREFIX_PATH=${CMAKE_PREFIX_PATH}:/opt/ros/humble:/home/rs/go1_robot/install/unitree_nav_launch_module /usr/bin/cmake --build /home/rs/go1_robot/build/ros2_unitree_legged_msgs -- -j13 -l13
[3.745s] DEBUG:colcon.colcon_core.event_handler.log_command:Invoked command in '/home/rs/go1_robot/build/unitree_nav_interfaces' returned '0': CMAKE_PREFIX_PATH=${CMAKE_PREFIX_PATH}:/opt/ros/humble:/home/rs/go1_robot/install/unitree_nav_launch_module /usr/bin/cmake --build /home/rs/go1_robot/build/unitree_nav_interfaces -- -j13 -l13
[3.754s] DEBUG:colcon.colcon_core.event_handler.log_command:Invoked command in '/home/rs/go1_robot/build/unitree_inspection_interfaces' returned '0': CMAKE_PREFIX_PATH=${CMAKE_PREFIX_PATH}:/opt/ros/humble:/home/rs/go1_robot/install/unitree_nav_launch_module /usr/bin/cmake --build /home/rs/go1_robot/build/unitree_inspection_interfaces -- -j13 -l13
[3.823s] Level 1:colcon.colcon_core.environment:create_environment_scripts_only(go1_description)
[3.824s] Level 1:colcon.colcon_core.environment:checking '/home/rs/go1_robot/install/go1_description' for CMake module files
[3.827s] Level 1:colcon.colcon_core.environment:checking '/home/rs/go1_robot/install/go1_description' for CMake config files
[3.831s] Level 1:colcon.colcon_core.shell:create_environment_hook('go1_description', 'cmake_prefix_path')
[3.832s] INFO:colcon.colcon_core.shell:Creating environment hook '/home/rs/go1_robot/install/go1_description/share/go1_description/hook/cmake_prefix_path.ps1'
[3.834s] INFO:colcon.colcon_core.shell:Creating environment descriptor '/home/rs/go1_robot/install/go1_description/share/go1_description/hook/cmake_prefix_path.dsv'
[3.836s] INFO:colcon.colcon_core.shell:Creating environment hook '/home/rs/go1_robot/install/go1_description/share/go1_description/hook/cmake_prefix_path.sh'
[3.841s] Level 1:colcon.colcon_core.environment:checking '/home/rs/go1_robot/install/go1_description/bin'
[3.842s] Level 1:colcon.colcon_core.environment:checking '/home/rs/go1_robot/install/go1_description/lib/pkgconfig/go1_description.pc'
[3.843s] Level 1:colcon.colcon_core.environment:checking '/home/rs/go1_robot/install/go1_description/lib/python3.10/site-packages'
[3.844s] Level 1:colcon.colcon_core.environment:checking '/home/rs/go1_robot/install/go1_description/bin'
[3.845s] INFO:colcon.colcon_core.shell:Creating package script '/home/rs/go1_robot/install/go1_description/share/go1_description/package.ps1'
[3.851s] INFO:colcon.colcon_core.shell:Creating package descriptor '/home/rs/go1_robot/install/go1_description/share/go1_description/package.dsv'
[3.853s] INFO:colcon.colcon_core.shell:Creating package script '/home/rs/go1_robot/install/go1_description/share/go1_description/package.sh'
[3.855s] INFO:colcon.colcon_core.shell:Creating package script '/home/rs/go1_robot/install/go1_description/share/go1_description/package.bash'
[3.856s] INFO:colcon.colcon_core.shell:Creating package script '/home/rs/go1_robot/install/go1_description/share/go1_description/package.zsh'
[3.858s] Level 1:colcon.colcon_core.environment:create_file_with_runtime_dependencies(/home/rs/go1_robot/install/go1_description/share/colcon-core/packages/go1_description)
[4.260s] DEBUG:colcon.colcon_core.event_handler.log_command:Invoking command in '/home/rs/go1_robot/build/unitree_inspection_interfaces': CMAKE_PREFIX_PATH=${CMAKE_PREFIX_PATH}:/opt/ros/humble:/home/rs/go1_robot/install/unitree_nav_launch_module /usr/bin/cmake --install /home/rs/go1_robot/build/unitree_inspection_interfaces
[4.388s] DEBUG:colcon.colcon_core.event_handler.log_command:Invoking command in '/home/rs/go1_robot/build/unitree_ocr_interfaces': CMAKE_PREFIX_PATH=${CMAKE_PREFIX_PATH}:/opt/ros/humble:/home/rs/go1_robot/install/unitree_nav_launch_module /usr/bin/cmake --install /home/rs/go1_robot/build/unitree_ocr_interfaces
[4.484s] DEBUG:colcon.colcon_core.event_handler.log_command:Invoked command in '/home/rs/go1_robot/build/motor_ctrl' returned '0': /usr/bin/cmake /home/rs/go1_robot/src/unitree_guide/unitree_actuator_sdk -DCMAKE_INSTALL_PREFIX=/home/rs/go1_robot/install/motor_ctrl
[4.521s] DEBUG:colcon.colcon_core.event_handler.log_command:Invoking command in '/home/rs/go1_robot/build/motor_ctrl': /usr/bin/cmake --build /home/rs/go1_robot/build/motor_ctrl -- -j13 -l13
[4.541s] DEBUG:colcon.colcon_core.event_handler.log_command:Invoked command in '/home/rs/go1_robot/build/unitree_move_base' returned '1': /usr/bin/cmake /home/rs/go1_robot/src/unitree_guide/unitree_move_base -DCATKIN_INSTALL_INTO_PREFIX_ROOT=0 -DCMAKE_INSTALL_PREFIX=/home/rs/go1_robot/install/unitree_move_base
[4.583s] Level 1:colcon.colcon_core.environment:create_environment_scripts_only(unitree_move_base)
[4.584s] Level 1:colcon.colcon_core.environment:checking '/home/rs/go1_robot/install/unitree_move_base' for CMake module files
[4.590s] Level 1:colcon.colcon_core.environment:checking '/home/rs/go1_robot/install/unitree_move_base' for CMake config files
[4.590s] Level 1:colcon.colcon_core.environment:checking '/home/rs/go1_robot/install/unitree_move_base/bin'
[4.590s] Level 1:colcon.colcon_core.environment:checking '/home/rs/go1_robot/install/unitree_move_base/lib/pkgconfig/unitree_move_base.pc'
[4.591s] Level 1:colcon.colcon_core.environment:checking '/home/rs/go1_robot/install/unitree_move_base/lib/python3.10/site-packages'
[4.591s] Level 1:colcon.colcon_core.environment:checking '/home/rs/go1_robot/install/unitree_move_base/bin'
[4.591s] INFO:colcon.colcon_core.shell:Creating package script '/home/rs/go1_robot/install/unitree_move_base/share/unitree_move_base/package.ps1'
[4.592s] INFO:colcon.colcon_core.shell:Creating package descriptor '/home/rs/go1_robot/install/unitree_move_base/share/unitree_move_base/package.dsv'
[4.592s] INFO:colcon.colcon_core.shell:Creating package script '/home/rs/go1_robot/install/unitree_move_base/share/unitree_move_base/package.sh'
[4.593s] INFO:colcon.colcon_core.shell:Creating package script '/home/rs/go1_robot/install/unitree_move_base/share/unitree_move_base/package.bash'
[4.593s] INFO:colcon.colcon_core.shell:Creating package script '/home/rs/go1_robot/install/unitree_move_base/share/unitree_move_base/package.zsh'
[4.594s] Level 1:colcon.colcon_core.environment:create_file_with_runtime_dependencies(/home/rs/go1_robot/install/unitree_move_base/share/colcon-core/packages/unitree_move_base)
[7.449s] DEBUG:colcon.colcon_parallel_executor.executor.parallel:closing loop
[7.451s] DEBUG:colcon.colcon_parallel_executor.executor.parallel:loop closed
[7.453s] DEBUG:colcon.colcon_parallel_executor.executor.parallel:run_until_complete finished with '1'
[7.453s] DEBUG:colcon.colcon_core.event_reactor:joining thread
[7.485s] INFO:colcon.colcon_core.plugin_system:Skipping extension 'colcon_notification.desktop_notification.terminal_notifier': Not used on non-Darwin systems
[7.485s] INFO:colcon.colcon_core.plugin_system:Skipping extension 'colcon_notification.desktop_notification.win32': Not used on non-Windows systems
[7.485s] INFO:colcon.colcon_notification.desktop_notification:Sending desktop notification using 'notify2'
[7.545s] DEBUG:colcon.colcon_core.event_reactor:joined thread
[7.547s] INFO:colcon.colcon_core.shell:Creating prefix script '/home/rs/go1_robot/install/local_setup.ps1'
[7.548s] INFO:colcon.colcon_core.shell:Creating prefix util module '/home/rs/go1_robot/install/_local_setup_util_ps1.py'
[7.551s] INFO:colcon.colcon_core.shell:Creating prefix chain script '/home/rs/go1_robot/install/setup.ps1'
[7.554s] INFO:colcon.colcon_core.shell:Creating prefix script '/home/rs/go1_robot/install/local_setup.sh'
[7.556s] INFO:colcon.colcon_core.shell:Creating prefix util module '/home/rs/go1_robot/install/_local_setup_util_sh.py'
[7.558s] INFO:colcon.colcon_core.shell:Creating prefix chain script '/home/rs/go1_robot/install/setup.sh'
[7.563s] INFO:colcon.colcon_core.shell:Creating prefix script '/home/rs/go1_robot/install/local_setup.bash'
[7.564s] INFO:colcon.colcon_core.shell:Creating prefix chain script '/home/rs/go1_robot/install/setup.bash'
[7.567s] INFO:colcon.colcon_core.shell:Creating prefix script '/home/rs/go1_robot/install/local_setup.zsh'
[7.569s] INFO:colcon.colcon_core.shell:Creating prefix chain script '/home/rs/go1_robot/install/setup.zsh'
