[0.095s] Invoking command in '/home/rs/go1_robot/build/unitree_ocr': AMENT_PREFIX_PATH=/home/rs/go1_robot/install/unitree_ocr_interfaces CMAKE_PREFIX_PATH=/home/rs/go1_robot/install/unitree_ocr_interfaces LD_LIBRARY_PATH=/home/rs/go1_robot/install/unitree_ocr_interfaces/lib PYTHONPATH=/home/rs/go1_robot/install/unitree_ocr_interfaces/local/lib/python3.10/dist-packages /usr/bin/cmake --build /home/rs/go1_robot/build/unitree_ocr -- -j13 -l13
[0.273s] [ 20%] [34m[1mGenerate API documentation for doxygen[0m
[0.279s] [ 60%] Built target unitree_ocr
[0.376s] [100%] Built target text_detection_subscriber
[0.716s] Doxygen version used: 1.9.1
[0.723s] Searching for include files...
[0.724s] Searching for example files...
[0.724s] Searching for images...
[0.724s] Searching for dot files...
[0.724s] Searching for msc files...
[0.724s] Searching for dia files...
[0.724s] Searching for files to exclude
[0.725s] Searching INPUT for files to process...
[0.725s] Reading and parsing tag files
[0.725s] Parsing files
[0.725s] Preprocessing /home/rs/go1_robot/src/unitree_inspection/unitree_ocr/include/unitree_ocr/ocr.hpp...
[0.732s] Parsing file /home/rs/go1_robot/src/unitree_inspection/unitree_ocr/include/unitree_ocr/ocr.hpp...
[0.733s] Preprocessing /home/rs/go1_robot/src/unitree_inspection/unitree_ocr/src/ocr.cpp...
[0.733s] Parsing file /home/rs/go1_robot/src/unitree_inspection/unitree_ocr/src/ocr.cpp...
[0.733s] Building macro definition list...
[0.734s] Building group list...
[0.734s] Building directory list...
[0.735s] Building namespace list...
[0.739s] Building file list...
[0.740s] Building class list...
[0.741s] Computing nesting relations for classes...
[0.744s] Associating documentation with classes...
[0.749s] Building example list...
[0.749s] Searching for enumerations...
[0.749s] Searching for documented typedefs...
[0.750s] Searching for members imported via using declarations...
[0.750s] Searching for included using directives...
[0.751s] Searching for documented variables...
[0.751s] Building interface member list...
[0.751s] Building member list...
[0.752s] Searching for friends...
[0.752s] Searching for documented defines...
[0.752s] Computing class inheritance relations...
[0.752s] Computing class usage relations...
[0.753s] Flushing cached template relations that have become invalid...
[0.754s] Computing class relations...
[0.758s] Add enum values to enums...
[0.766s] Searching for member function documentation...
[0.769s] Creating members for template instances...
[0.770s] Building page list...
[0.771s] Search for main page...
[0.771s] Computing page relations...
[0.772s] Determining the scope of groups...
[0.772s] Sorting lists...
[0.772s] Determining which enums are documented
[0.772s] Computing member relations...
[0.773s] Building full member lists recursively...
[0.773s] Adding members to member groups.
[0.775s] Computing member references...
[0.776s] Inheriting documentation...
[0.776s] Generating disk names...
[0.777s] Adding source references...
[0.777s] Adding xrefitems...
[0.777s] Sorting member lists...
[0.779s] Setting anonymous enum type...
[0.779s] Computing dependencies between directories...
[0.780s] Generating citations page...
[0.780s] Counting members...
[0.780s] Counting data structures...
[0.780s] Resolving user defined references...
[0.780s] Finding anchors and sections in the documentation...
[0.781s] Transferring function references...
[0.781s] Combining using relations...
[0.781s] Adding members to index pages...
[0.782s] Correcting members for VHDL...
[0.784s] Computing tooltip texts...
[0.784s] Generating style sheet...
[0.784s] Generating search indices...
[0.784s] Generating example documentation...
[0.784s] Generating file sources...
[0.785s] Generating code for file include/unitree_ocr/ocr.hpp...
[0.785s] Generating file documentation...
[0.785s] Generating page documentation...
[0.785s] Generating group documentation...
[0.785s] Generating class documentation...
[0.785s] Generating namespace index...
[0.786s] Generating docs for compound unitree_ocr::TextDetector...
[0.800s] Generating graph info page...
[0.803s] Generating directory documentation...
[0.805s] Generating index page...
[0.807s] Generating page index...
[0.808s] Generating module index...
[0.809s] Generating namespace index...
[0.810s] Generating namespace member index...
[0.810s] Generating annotated compound index...
[0.811s] Generating alphabetical compound index...
[0.811s] Generating hierarchical class index...
[0.811s] Generating graphical class hierarchy...
[0.812s] Generating member index...
[0.817s] Generating file index...
[0.819s] Generating file member index...
[0.820s] Generating example index...
[0.820s] finalizing index lists...
[0.821s] writing tag file...
[0.823s] Running plantuml with JAVA...
[0.823s] Running dot...
[0.835s] lookup cache used 16/65536 hits=27 misses=16
[0.835s] finished...
[0.871s] [100%] Built target doxygen
[0.900s] Invoked command in '/home/rs/go1_robot/build/unitree_ocr' returned '0': AMENT_PREFIX_PATH=/home/rs/go1_robot/install/unitree_ocr_interfaces CMAKE_PREFIX_PATH=/home/rs/go1_robot/install/unitree_ocr_interfaces LD_LIBRARY_PATH=/home/rs/go1_robot/install/unitree_ocr_interfaces/lib PYTHONPATH=/home/rs/go1_robot/install/unitree_ocr_interfaces/local/lib/python3.10/dist-packages /usr/bin/cmake --build /home/rs/go1_robot/build/unitree_ocr -- -j13 -l13
[1.014s] Invoking command in '/home/rs/go1_robot/build/unitree_ocr': AMENT_PREFIX_PATH=/home/rs/go1_robot/install/unitree_ocr_interfaces CMAKE_PREFIX_PATH=/home/rs/go1_robot/install/unitree_ocr_interfaces LD_LIBRARY_PATH=/home/rs/go1_robot/install/unitree_ocr_interfaces/lib PYTHONPATH=/home/rs/go1_robot/install/unitree_ocr_interfaces/local/lib/python3.10/dist-packages /usr/bin/cmake --install /home/rs/go1_robot/build/unitree_ocr
[1.033s] -- Install configuration: ""
[1.036s] -- Up-to-date: /home/rs/go1_robot/install/unitree_ocr/lib/unitree_ocr/text_detection_subscriber
[1.037s] -- Up-to-date: /home/rs/go1_robot/install/unitree_ocr/include
[1.037s] -- Up-to-date: /home/rs/go1_robot/install/unitree_ocr/include/unitree_ocr
[1.038s] -- Up-to-date: /home/rs/go1_robot/install/unitree_ocr/include/unitree_ocr/ocr.hpp
[1.039s] -- Up-to-date: /home/rs/go1_robot/install/unitree_ocr/lib/libunitree_ocr.a
[1.040s] -- Up-to-date: /home/rs/go1_robot/install/unitree_ocr/lib/cmake/unitree_ocr/unitree_ocr-config.cmake
[1.041s] -- Up-to-date: /home/rs/go1_robot/install/unitree_ocr/lib/cmake/unitree_ocr/unitree_ocr-config-noconfig.cmake
[1.041s] -- Up-to-date: /home/rs/go1_robot/install/unitree_ocr/share/unitree_ocr/launch
[1.042s] -- Up-to-date: /home/rs/go1_robot/install/unitree_ocr/share/unitree_ocr/launch/text_detection_subscriber.launch.py
[1.042s] -- Up-to-date: /home/rs/go1_robot/install/unitree_ocr/share/unitree_ocr/models
[1.043s] -- Up-to-date: /home/rs/go1_robot/install/unitree_ocr/share/unitree_ocr/models/README.md
[1.043s] -- Up-to-date: /home/rs/go1_robot/install/unitree_ocr/share/ament_index/resource_index/package_run_dependencies/unitree_ocr
[1.043s] -- Up-to-date: /home/rs/go1_robot/install/unitree_ocr/share/ament_index/resource_index/parent_prefix_path/unitree_ocr
[1.043s] -- Up-to-date: /home/rs/go1_robot/install/unitree_ocr/share/unitree_ocr/environment/ament_prefix_path.sh
[1.044s] -- Up-to-date: /home/rs/go1_robot/install/unitree_ocr/share/unitree_ocr/environment/ament_prefix_path.dsv
[1.044s] -- Up-to-date: /home/rs/go1_robot/install/unitree_ocr/share/unitree_ocr/environment/path.sh
[1.044s] -- Up-to-date: /home/rs/go1_robot/install/unitree_ocr/share/unitree_ocr/environment/path.dsv
[1.044s] -- Up-to-date: /home/rs/go1_robot/install/unitree_ocr/share/unitree_ocr/local_setup.bash
[1.044s] -- Up-to-date: /home/rs/go1_robot/install/unitree_ocr/share/unitree_ocr/local_setup.sh
[1.044s] -- Up-to-date: /home/rs/go1_robot/install/unitree_ocr/share/unitree_ocr/local_setup.zsh
[1.045s] -- Up-to-date: /home/rs/go1_robot/install/unitree_ocr/share/unitree_ocr/local_setup.dsv
[1.045s] -- Installing: /home/rs/go1_robot/install/unitree_ocr/share/unitree_ocr/package.dsv
[1.047s] -- Up-to-date: /home/rs/go1_robot/install/unitree_ocr/share/ament_index/resource_index/packages/unitree_ocr
[1.047s] -- Up-to-date: /home/rs/go1_robot/install/unitree_ocr/share/unitree_ocr/cmake/unitree_ocrConfig.cmake
[1.047s] -- Up-to-date: /home/rs/go1_robot/install/unitree_ocr/share/unitree_ocr/cmake/unitree_ocrConfig-version.cmake
[1.047s] -- Up-to-date: /home/rs/go1_robot/install/unitree_ocr/share/unitree_ocr/package.xml
[1.052s] Invoked command in '/home/rs/go1_robot/build/unitree_ocr' returned '0': AMENT_PREFIX_PATH=/home/rs/go1_robot/install/unitree_ocr_interfaces CMAKE_PREFIX_PATH=/home/rs/go1_robot/install/unitree_ocr_interfaces LD_LIBRARY_PATH=/home/rs/go1_robot/install/unitree_ocr_interfaces/lib PYTHONPATH=/home/rs/go1_robot/install/unitree_ocr_interfaces/local/lib/python3.10/dist-packages /usr/bin/cmake --install /home/rs/go1_robot/build/unitree_ocr
