[0.048s] Invoking command in '/home/rs/final_auto/build/unitree_nav': CMAKE_PREFIX_PATH=/home/rs/final_auto/install/unitree_nav_interfaces:/home/rs/final_auto/install/ros2_unitree_legged_msgs:/home/rs/final_auto/install/unitree_inspection:/home/rs/final_auto/install/unitree_ocr:/home/rs/final_auto/install/unitree_ocr_interfaces:/home/rs/final_auto/install/unitree_nav:/home/rs/final_auto/install/unitree_legged_real:/home/rs/final_auto/install/unitree_inspection_interfaces:/home/rs/final_auto/install/go1_description:/home/rs/final_auto/install/unitree_nav_launch_module:/opt/ros/humble LD_LIBRARY_PATH=/home/rs/final_auto/install/unitree_nav_interfaces/lib:/home/rs/final_auto/install/ros2_unitree_legged_msgs/lib:/home/rs/final_auto/install/unitree_ocr_interfaces/lib:/home/rs/final_auto/install/unitree_legged_real/lib:/home/rs/final_auto/install/unitree_inspection_interfaces/lib:/opt/ros/humble/opt/rviz_ogre_vendor/lib:/opt/ros/humble/lib/x86_64-linux-gnu:/opt/ros/humble/lib /usr/bin/cmake --build /home/rs/final_auto/build/unitree_nav -- -j13 -l13
[0.269s] [ 50%] Built target cmd_processor
[0.276s] [100%] Built target nav_to_pose
[0.307s] Invoked command in '/home/rs/final_auto/build/unitree_nav' returned '0': CMAKE_PREFIX_PATH=/home/rs/final_auto/install/unitree_nav_interfaces:/home/rs/final_auto/install/ros2_unitree_legged_msgs:/home/rs/final_auto/install/unitree_inspection:/home/rs/final_auto/install/unitree_ocr:/home/rs/final_auto/install/unitree_ocr_interfaces:/home/rs/final_auto/install/unitree_nav:/home/rs/final_auto/install/unitree_legged_real:/home/rs/final_auto/install/unitree_inspection_interfaces:/home/rs/final_auto/install/go1_description:/home/rs/final_auto/install/unitree_nav_launch_module:/opt/ros/humble LD_LIBRARY_PATH=/home/rs/final_auto/install/unitree_nav_interfaces/lib:/home/rs/final_auto/install/ros2_unitree_legged_msgs/lib:/home/rs/final_auto/install/unitree_ocr_interfaces/lib:/home/rs/final_auto/install/unitree_legged_real/lib:/home/rs/final_auto/install/unitree_inspection_interfaces/lib:/opt/ros/humble/opt/rviz_ogre_vendor/lib:/opt/ros/humble/lib/x86_64-linux-gnu:/opt/ros/humble/lib /usr/bin/cmake --build /home/rs/final_auto/build/unitree_nav -- -j13 -l13
[0.436s] Invoking command in '/home/rs/final_auto/build/unitree_nav': CMAKE_PREFIX_PATH=/home/rs/final_auto/install/unitree_nav_interfaces:/home/rs/final_auto/install/ros2_unitree_legged_msgs:/home/rs/final_auto/install/unitree_inspection:/home/rs/final_auto/install/unitree_ocr:/home/rs/final_auto/install/unitree_ocr_interfaces:/home/rs/final_auto/install/unitree_nav:/home/rs/final_auto/install/unitree_legged_real:/home/rs/final_auto/install/unitree_inspection_interfaces:/home/rs/final_auto/install/go1_description:/home/rs/final_auto/install/unitree_nav_launch_module:/opt/ros/humble LD_LIBRARY_PATH=/home/rs/final_auto/install/unitree_nav_interfaces/lib:/home/rs/final_auto/install/ros2_unitree_legged_msgs/lib:/home/rs/final_auto/install/unitree_ocr_interfaces/lib:/home/rs/final_auto/install/unitree_legged_real/lib:/home/rs/final_auto/install/unitree_inspection_interfaces/lib:/opt/ros/humble/opt/rviz_ogre_vendor/lib:/opt/ros/humble/lib/x86_64-linux-gnu:/opt/ros/humble/lib /usr/bin/cmake --install /home/rs/final_auto/build/unitree_nav
[0.459s] -- Install configuration: ""
[0.460s] -- Up-to-date: /home/rs/final_auto/install/unitree_nav/lib/unitree_nav/cmd_processor
[0.461s] -- Up-to-date: /home/rs/final_auto/install/unitree_nav/lib/unitree_nav/nav_to_pose
[0.463s] -- Up-to-date: /home/rs/final_auto/install/unitree_nav/share/unitree_nav/launch
[0.466s] -- Up-to-date: /home/rs/final_auto/install/unitree_nav/share/unitree_nav/launch/rslidar_robosense.launch.py
[0.466s] -- Up-to-date: /home/rs/final_auto/install/unitree_nav/share/unitree_nav/launch/unitree_nav.launch.py
[0.467s] -- Up-to-date: /home/rs/final_auto/install/unitree_nav/share/unitree_nav/launch/mapping.launch.py
[0.468s] -- Up-to-date: /home/rs/final_auto/install/unitree_nav/share/unitree_nav/launch/control.launch.py
[0.469s] -- Up-to-date: /home/rs/final_auto/install/unitree_nav/share/unitree_nav/config
[0.469s] -- Up-to-date: /home/rs/final_auto/install/unitree_nav/share/unitree_nav/config/nav.rviz
[0.469s] -- Up-to-date: /home/rs/final_auto/install/unitree_nav/share/unitree_nav/config/nav2_params.yaml
[0.469s] -- Up-to-date: /home/rs/final_auto/install/unitree_nav/share/ament_index/resource_index/package_run_dependencies/unitree_nav
[0.469s] -- Up-to-date: /home/rs/final_auto/install/unitree_nav/share/ament_index/resource_index/parent_prefix_path/unitree_nav
[0.469s] -- Up-to-date: /home/rs/final_auto/install/unitree_nav/share/unitree_nav/environment/ament_prefix_path.sh
[0.469s] -- Up-to-date: /home/rs/final_auto/install/unitree_nav/share/unitree_nav/environment/ament_prefix_path.dsv
[0.469s] -- Up-to-date: /home/rs/final_auto/install/unitree_nav/share/unitree_nav/environment/path.sh
[0.470s] -- Up-to-date: /home/rs/final_auto/install/unitree_nav/share/unitree_nav/environment/path.dsv
[0.470s] -- Up-to-date: /home/rs/final_auto/install/unitree_nav/share/unitree_nav/local_setup.bash
[0.471s] -- Up-to-date: /home/rs/final_auto/install/unitree_nav/share/unitree_nav/local_setup.sh
[0.471s] -- Up-to-date: /home/rs/final_auto/install/unitree_nav/share/unitree_nav/local_setup.zsh
[0.472s] -- Up-to-date: /home/rs/final_auto/install/unitree_nav/share/unitree_nav/local_setup.dsv
[0.472s] -- Installing: /home/rs/final_auto/install/unitree_nav/share/unitree_nav/package.dsv
[0.473s] -- Up-to-date: /home/rs/final_auto/install/unitree_nav/share/ament_index/resource_index/packages/unitree_nav
[0.474s] -- Up-to-date: /home/rs/final_auto/install/unitree_nav/share/unitree_nav/cmake/unitree_navConfig.cmake
[0.475s] -- Up-to-date: /home/rs/final_auto/install/unitree_nav/share/unitree_nav/cmake/unitree_navConfig-version.cmake
[0.476s] -- Up-to-date: /home/rs/final_auto/install/unitree_nav/share/unitree_nav/package.xml
[0.481s] Invoked command in '/home/rs/final_auto/build/unitree_nav' returned '0': CMAKE_PREFIX_PATH=/home/rs/final_auto/install/unitree_nav_interfaces:/home/rs/final_auto/install/ros2_unitree_legged_msgs:/home/rs/final_auto/install/unitree_inspection:/home/rs/final_auto/install/unitree_ocr:/home/rs/final_auto/install/unitree_ocr_interfaces:/home/rs/final_auto/install/unitree_nav:/home/rs/final_auto/install/unitree_legged_real:/home/rs/final_auto/install/unitree_inspection_interfaces:/home/rs/final_auto/install/go1_description:/home/rs/final_auto/install/unitree_nav_launch_module:/opt/ros/humble LD_LIBRARY_PATH=/home/rs/final_auto/install/unitree_nav_interfaces/lib:/home/rs/final_auto/install/ros2_unitree_legged_msgs/lib:/home/rs/final_auto/install/unitree_ocr_interfaces/lib:/home/rs/final_auto/install/unitree_legged_real/lib:/home/rs/final_auto/install/unitree_inspection_interfaces/lib:/opt/ros/humble/opt/rviz_ogre_vendor/lib:/opt/ros/humble/lib/x86_64-linux-gnu:/opt/ros/humble/lib /usr/bin/cmake --install /home/rs/final_auto/build/unitree_nav
