[0.116s] Invoking command in '/home/rs/final_auto/build/unitree_inspection_interfaces': CMAKE_PREFIX_PATH=${CMAKE_PREFIX_PATH}:/home/rs/final_auto/install/unitree_nav_launch_module:/opt/ros/humble /usr/bin/cmake --build /home/rs/final_auto/build/unitree_inspection_interfaces -- -j13 -l13
[0.405s] [  9%] Built target unitree_inspection_interfaces_msg__rosidl_generator_c
[0.409s] [ 12%] Built target unitree_inspection_interfaces_msg__cpp
[0.414s] [ 12%] Built target ament_cmake_python_copy_unitree_inspection_interfaces
[0.583s] [ 22%] Built target unitree_inspection_interfaces_msg__rosidl_typesupport_fastrtps_c
[0.648s] [ 32%] Built target unitree_inspection_interfaces_msg__rosidl_typesupport_c
[0.668s] [ 41%] Built target unitree_inspection_interfaces_msg__rosidl_typesupport_introspection_c
[0.689s] [ 51%] Built target unitree_inspection_interfaces_msg__rosidl_typesupport_introspection_cpp
[0.695s] [ 61%] Built target unitree_inspection_interfaces_msg__rosidl_typesupport_fastrtps_cpp
[0.756s] [ 70%] Built target unitree_inspection_interfaces_msg__rosidl_typesupport_cpp
[0.840s] [ 70%] Built target unitree_inspection_interfaces_msg
[0.923s] [ 74%] Built target unitree_inspection_interfaces_msg__py
[1.024s] [ 80%] Built target unitree_inspection_interfaces_msg__rosidl_generator_py
[1.194s] [ 87%] Built target unitree_inspection_interfaces__rosidl_typesupport_fastrtps_c__pyext
[1.202s] [ 93%] Built target unitree_inspection_interfaces__rosidl_typesupport_introspection_c__pyext
[1.215s] [100%] Built target unitree_inspection_interfaces__rosidl_typesupport_c__pyext
[1.542s] running egg_info
[1.544s] writing unitree_inspection_interfaces.egg-info/PKG-INFO
[1.544s] writing dependency_links to unitree_inspection_interfaces.egg-info/dependency_links.txt
[1.544s] writing top-level names to unitree_inspection_interfaces.egg-info/top_level.txt
[1.545s] reading manifest file 'unitree_inspection_interfaces.egg-info/SOURCES.txt'
[1.549s] writing manifest file 'unitree_inspection_interfaces.egg-info/SOURCES.txt'
[1.589s] [100%] Built target ament_cmake_python_build_unitree_inspection_interfaces_egg
[1.653s] Invoked command in '/home/rs/final_auto/build/unitree_inspection_interfaces' returned '0': CMAKE_PREFIX_PATH=${CMAKE_PREFIX_PATH}:/home/rs/final_auto/install/unitree_nav_launch_module:/opt/ros/humble /usr/bin/cmake --build /home/rs/final_auto/build/unitree_inspection_interfaces -- -j13 -l13
[2.073s] Invoking command in '/home/rs/final_auto/build/unitree_inspection_interfaces': CMAKE_PREFIX_PATH=${CMAKE_PREFIX_PATH}:/home/rs/final_auto/install/unitree_nav_launch_module:/opt/ros/humble /usr/bin/cmake --install /home/rs/final_auto/build/unitree_inspection_interfaces
[2.102s] -- Install configuration: ""
[2.103s] -- Up-to-date: /home/rs/final_auto/install/unitree_inspection_interfaces/share/ament_index/resource_index/rosidl_interfaces/unitree_inspection_interfaces
[2.104s] -- Up-to-date: /home/rs/final_auto/install/unitree_inspection_interfaces/include/unitree_inspection_interfaces/unitree_inspection_interfaces
[2.105s] -- Up-to-date: /home/rs/final_auto/install/unitree_inspection_interfaces/include/unitree_inspection_interfaces/unitree_inspection_interfaces/srv
[2.106s] -- Up-to-date: /home/rs/final_auto/install/unitree_inspection_interfaces/include/unitree_inspection_interfaces/unitree_inspection_interfaces/srv/detail
[2.108s] -- Up-to-date: /home/rs/final_auto/install/unitree_inspection_interfaces/include/unitree_inspection_interfaces/unitree_inspection_interfaces/srv/detail/go_to_inspection_point__struct.h
[2.109s] -- Up-to-date: /home/rs/final_auto/install/unitree_inspection_interfaces/include/unitree_inspection_interfaces/unitree_inspection_interfaces/srv/detail/go_to_inspection_point__functions.h
[2.109s] -- Up-to-date: /home/rs/final_auto/install/unitree_inspection_interfaces/include/unitree_inspection_interfaces/unitree_inspection_interfaces/srv/detail/go_to_inspection_point__functions.c
[2.110s] -- Up-to-date: /home/rs/final_auto/install/unitree_inspection_interfaces/include/unitree_inspection_interfaces/unitree_inspection_interfaces/srv/detail/go_to_inspection_point__type_support.h
[2.110s] -- Up-to-date: /home/rs/final_auto/install/unitree_inspection_interfaces/include/unitree_inspection_interfaces/unitree_inspection_interfaces/srv/go_to_inspection_point.h
[2.111s] -- Up-to-date: /home/rs/final_auto/install/unitree_inspection_interfaces/include/unitree_inspection_interfaces/unitree_inspection_interfaces/msg
[2.112s] -- Up-to-date: /home/rs/final_auto/install/unitree_inspection_interfaces/include/unitree_inspection_interfaces/unitree_inspection_interfaces/msg/rosidl_generator_c__visibility_control.h
[2.113s] -- Up-to-date: /home/rs/final_auto/install/unitree_inspection_interfaces/share/unitree_inspection_interfaces/environment/library_path.sh
[2.114s] -- Up-to-date: /home/rs/final_auto/install/unitree_inspection_interfaces/share/unitree_inspection_interfaces/environment/library_path.dsv
[2.115s] -- Up-to-date: /home/rs/final_auto/install/unitree_inspection_interfaces/lib/libunitree_inspection_interfaces__rosidl_generator_c.so
[2.116s] -- Up-to-date: /home/rs/final_auto/install/unitree_inspection_interfaces/include/unitree_inspection_interfaces/unitree_inspection_interfaces
[2.117s] -- Up-to-date: /home/rs/final_auto/install/unitree_inspection_interfaces/include/unitree_inspection_interfaces/unitree_inspection_interfaces/srv
[2.118s] -- Up-to-date: /home/rs/final_auto/install/unitree_inspection_interfaces/include/unitree_inspection_interfaces/unitree_inspection_interfaces/srv/detail
[2.118s] -- Up-to-date: /home/rs/final_auto/install/unitree_inspection_interfaces/include/unitree_inspection_interfaces/unitree_inspection_interfaces/srv/detail/go_to_inspection_point__rosidl_typesupport_fastrtps_c.h
[2.119s] -- Up-to-date: /home/rs/final_auto/install/unitree_inspection_interfaces/include/unitree_inspection_interfaces/unitree_inspection_interfaces/msg
[2.119s] -- Up-to-date: /home/rs/final_auto/install/unitree_inspection_interfaces/include/unitree_inspection_interfaces/unitree_inspection_interfaces/msg/rosidl_typesupport_fastrtps_c__visibility_control.h
[2.121s] -- Up-to-date: /home/rs/final_auto/install/unitree_inspection_interfaces/lib/libunitree_inspection_interfaces__rosidl_typesupport_fastrtps_c.so
[2.122s] -- Up-to-date: /home/rs/final_auto/install/unitree_inspection_interfaces/include/unitree_inspection_interfaces/unitree_inspection_interfaces
[2.122s] -- Up-to-date: /home/rs/final_auto/install/unitree_inspection_interfaces/include/unitree_inspection_interfaces/unitree_inspection_interfaces/srv
[2.122s] -- Up-to-date: /home/rs/final_auto/install/unitree_inspection_interfaces/include/unitree_inspection_interfaces/unitree_inspection_interfaces/srv/detail
[2.125s] -- Up-to-date: /home/rs/final_auto/install/unitree_inspection_interfaces/include/unitree_inspection_interfaces/unitree_inspection_interfaces/srv/detail/go_to_inspection_point__type_support.c
[2.142s] -- Up-to-date: /home/rs/final_auto/install/unitree_inspection_interfaces/include/unitree_inspection_interfaces/unitree_inspection_interfaces/srv/detail/go_to_inspection_point__rosidl_typesupport_introspection_c.h
[2.142s] -- Up-to-date: /home/rs/final_auto/install/unitree_inspection_interfaces/include/unitree_inspection_interfaces/unitree_inspection_interfaces/msg
[2.145s] -- Up-to-date: /home/rs/final_auto/install/unitree_inspection_interfaces/include/unitree_inspection_interfaces/unitree_inspection_interfaces/msg/rosidl_typesupport_introspection_c__visibility_control.h
[2.145s] -- Up-to-date: /home/rs/final_auto/install/unitree_inspection_interfaces/lib/libunitree_inspection_interfaces__rosidl_typesupport_introspection_c.so
[2.146s] -- Up-to-date: /home/rs/final_auto/install/unitree_inspection_interfaces/lib/libunitree_inspection_interfaces__rosidl_typesupport_c.so
[2.147s] -- Up-to-date: /home/rs/final_auto/install/unitree_inspection_interfaces/include/unitree_inspection_interfaces/unitree_inspection_interfaces
[2.147s] -- Up-to-date: /home/rs/final_auto/install/unitree_inspection_interfaces/include/unitree_inspection_interfaces/unitree_inspection_interfaces/srv
[2.148s] -- Up-to-date: /home/rs/final_auto/install/unitree_inspection_interfaces/include/unitree_inspection_interfaces/unitree_inspection_interfaces/srv/detail
[2.150s] -- Up-to-date: /home/rs/final_auto/install/unitree_inspection_interfaces/include/unitree_inspection_interfaces/unitree_inspection_interfaces/srv/detail/go_to_inspection_point__builder.hpp
[2.150s] -- Up-to-date: /home/rs/final_auto/install/unitree_inspection_interfaces/include/unitree_inspection_interfaces/unitree_inspection_interfaces/srv/detail/go_to_inspection_point__traits.hpp
[2.151s] -- Up-to-date: /home/rs/final_auto/install/unitree_inspection_interfaces/include/unitree_inspection_interfaces/unitree_inspection_interfaces/srv/detail/go_to_inspection_point__struct.hpp
[2.151s] -- Up-to-date: /home/rs/final_auto/install/unitree_inspection_interfaces/include/unitree_inspection_interfaces/unitree_inspection_interfaces/srv/go_to_inspection_point.hpp
[2.152s] -- Up-to-date: /home/rs/final_auto/install/unitree_inspection_interfaces/include/unitree_inspection_interfaces/unitree_inspection_interfaces
[2.152s] -- Up-to-date: /home/rs/final_auto/install/unitree_inspection_interfaces/include/unitree_inspection_interfaces/unitree_inspection_interfaces/srv
[2.152s] -- Up-to-date: /home/rs/final_auto/install/unitree_inspection_interfaces/include/unitree_inspection_interfaces/unitree_inspection_interfaces/srv/detail
[2.152s] -- Up-to-date: /home/rs/final_auto/install/unitree_inspection_interfaces/include/unitree_inspection_interfaces/unitree_inspection_interfaces/srv/detail/dds_fastrtps
[2.153s] -- Up-to-date: /home/rs/final_auto/install/unitree_inspection_interfaces/include/unitree_inspection_interfaces/unitree_inspection_interfaces/srv/detail/go_to_inspection_point__rosidl_typesupport_fastrtps_cpp.hpp
[2.153s] -- Up-to-date: /home/rs/final_auto/install/unitree_inspection_interfaces/include/unitree_inspection_interfaces/unitree_inspection_interfaces/msg
[2.153s] -- Up-to-date: /home/rs/final_auto/install/unitree_inspection_interfaces/include/unitree_inspection_interfaces/unitree_inspection_interfaces/msg/rosidl_typesupport_fastrtps_cpp__visibility_control.h
[2.153s] -- Up-to-date: /home/rs/final_auto/install/unitree_inspection_interfaces/lib/libunitree_inspection_interfaces__rosidl_typesupport_fastrtps_cpp.so
[2.154s] -- Up-to-date: /home/rs/final_auto/install/unitree_inspection_interfaces/include/unitree_inspection_interfaces/unitree_inspection_interfaces
[2.154s] -- Up-to-date: /home/rs/final_auto/install/unitree_inspection_interfaces/include/unitree_inspection_interfaces/unitree_inspection_interfaces/srv
[2.155s] -- Up-to-date: /home/rs/final_auto/install/unitree_inspection_interfaces/include/unitree_inspection_interfaces/unitree_inspection_interfaces/srv/detail
[2.157s] -- Up-to-date: /home/rs/final_auto/install/unitree_inspection_interfaces/include/unitree_inspection_interfaces/unitree_inspection_interfaces/srv/detail/go_to_inspection_point__type_support.cpp
[2.157s] -- Up-to-date: /home/rs/final_auto/install/unitree_inspection_interfaces/include/unitree_inspection_interfaces/unitree_inspection_interfaces/srv/detail/go_to_inspection_point__rosidl_typesupport_introspection_cpp.hpp
[2.158s] -- Up-to-date: /home/rs/final_auto/install/unitree_inspection_interfaces/lib/libunitree_inspection_interfaces__rosidl_typesupport_introspection_cpp.so
[2.160s] -- Up-to-date: /home/rs/final_auto/install/unitree_inspection_interfaces/lib/libunitree_inspection_interfaces__rosidl_typesupport_cpp.so
[2.161s] -- Up-to-date: /home/rs/final_auto/install/unitree_inspection_interfaces/share/unitree_inspection_interfaces/environment/pythonpath.sh
[2.161s] -- Up-to-date: /home/rs/final_auto/install/unitree_inspection_interfaces/share/unitree_inspection_interfaces/environment/pythonpath.dsv
[2.161s] -- Up-to-date: /home/rs/final_auto/install/unitree_inspection_interfaces/local/lib/python3.10/dist-packages/unitree_inspection_interfaces-0.0.0-py3.10.egg-info
[2.162s] -- Installing: /home/rs/final_auto/install/unitree_inspection_interfaces/local/lib/python3.10/dist-packages/unitree_inspection_interfaces-0.0.0-py3.10.egg-info/top_level.txt
[2.162s] -- Installing: /home/rs/final_auto/install/unitree_inspection_interfaces/local/lib/python3.10/dist-packages/unitree_inspection_interfaces-0.0.0-py3.10.egg-info/PKG-INFO
[2.165s] -- Installing: /home/rs/final_auto/install/unitree_inspection_interfaces/local/lib/python3.10/dist-packages/unitree_inspection_interfaces-0.0.0-py3.10.egg-info/dependency_links.txt
[2.165s] -- Installing: /home/rs/final_auto/install/unitree_inspection_interfaces/local/lib/python3.10/dist-packages/unitree_inspection_interfaces-0.0.0-py3.10.egg-info/SOURCES.txt
[2.165s] -- Up-to-date: /home/rs/final_auto/install/unitree_inspection_interfaces/local/lib/python3.10/dist-packages/unitree_inspection_interfaces
[2.166s] -- Up-to-date: /home/rs/final_auto/install/unitree_inspection_interfaces/local/lib/python3.10/dist-packages/unitree_inspection_interfaces/unitree_inspection_interfaces_s__rosidl_typesupport_introspection_c.cpython-310-x86_64-linux-gnu.so
[2.166s] -- Up-to-date: /home/rs/final_auto/install/unitree_inspection_interfaces/local/lib/python3.10/dist-packages/unitree_inspection_interfaces/unitree_inspection_interfaces_s__rosidl_typesupport_c.cpython-310-x86_64-linux-gnu.so
[2.166s] -- Up-to-date: /home/rs/final_auto/install/unitree_inspection_interfaces/local/lib/python3.10/dist-packages/unitree_inspection_interfaces/unitree_inspection_interfaces_s__rosidl_typesupport_fastrtps_c.cpython-310-x86_64-linux-gnu.so
[2.166s] -- Up-to-date: /home/rs/final_auto/install/unitree_inspection_interfaces/local/lib/python3.10/dist-packages/unitree_inspection_interfaces/__init__.py
[2.166s] -- Up-to-date: /home/rs/final_auto/install/unitree_inspection_interfaces/local/lib/python3.10/dist-packages/unitree_inspection_interfaces/srv
[2.166s] -- Up-to-date: /home/rs/final_auto/install/unitree_inspection_interfaces/local/lib/python3.10/dist-packages/unitree_inspection_interfaces/srv/_go_to_inspection_point.py
[2.166s] -- Up-to-date: /home/rs/final_auto/install/unitree_inspection_interfaces/local/lib/python3.10/dist-packages/unitree_inspection_interfaces/srv/__init__.py
[2.168s] -- Up-to-date: /home/rs/final_auto/install/unitree_inspection_interfaces/local/lib/python3.10/dist-packages/unitree_inspection_interfaces/srv/_go_to_inspection_point_s.c
[2.169s] -- Up-to-date: /home/rs/final_auto/install/unitree_inspection_interfaces/local/lib/python3.10/dist-packages/unitree_inspection_interfaces/_unitree_inspection_interfaces_s.ep.rosidl_typesupport_introspection_c.c
[2.169s] -- Up-to-date: /home/rs/final_auto/install/unitree_inspection_interfaces/local/lib/python3.10/dist-packages/unitree_inspection_interfaces/libunitree_inspection_interfaces_msg__rosidl_generator_py.so
[2.169s] -- Up-to-date: /home/rs/final_auto/install/unitree_inspection_interfaces/local/lib/python3.10/dist-packages/unitree_inspection_interfaces/_unitree_inspection_interfaces_s.ep.rosidl_typesupport_fastrtps_c.c
[2.169s] -- Up-to-date: /home/rs/final_auto/install/unitree_inspection_interfaces/local/lib/python3.10/dist-packages/unitree_inspection_interfaces/_unitree_inspection_interfaces_s.ep.rosidl_typesupport_c.c
[2.285s] Listing '/home/rs/final_auto/install/unitree_inspection_interfaces/local/lib/python3.10/dist-packages/unitree_inspection_interfaces'...
[2.285s] Listing '/home/rs/final_auto/install/unitree_inspection_interfaces/local/lib/python3.10/dist-packages/unitree_inspection_interfaces/srv'...
[2.287s] -- Up-to-date: /home/rs/final_auto/install/unitree_inspection_interfaces/local/lib/python3.10/dist-packages/unitree_inspection_interfaces/unitree_inspection_interfaces_s__rosidl_typesupport_fastrtps_c.cpython-310-x86_64-linux-gnu.so
[2.288s] -- Up-to-date: /home/rs/final_auto/install/unitree_inspection_interfaces/local/lib/python3.10/dist-packages/unitree_inspection_interfaces/unitree_inspection_interfaces_s__rosidl_typesupport_introspection_c.cpython-310-x86_64-linux-gnu.so
[2.289s] -- Up-to-date: /home/rs/final_auto/install/unitree_inspection_interfaces/local/lib/python3.10/dist-packages/unitree_inspection_interfaces/unitree_inspection_interfaces_s__rosidl_typesupport_c.cpython-310-x86_64-linux-gnu.so
[2.289s] -- Up-to-date: /home/rs/final_auto/install/unitree_inspection_interfaces/lib/libunitree_inspection_interfaces_msg__rosidl_generator_py.so
[2.290s] -- Up-to-date: /home/rs/final_auto/install/unitree_inspection_interfaces/share/unitree_inspection_interfaces/srv/GoToInspectionPoint.idl
[2.291s] -- Up-to-date: /home/rs/final_auto/install/unitree_inspection_interfaces/share/unitree_inspection_interfaces/srv/GoToInspectionPoint.srv
[2.294s] -- Up-to-date: /home/rs/final_auto/install/unitree_inspection_interfaces/share/unitree_inspection_interfaces/srv/GoToInspectionPoint_Request.msg
[2.294s] -- Up-to-date: /home/rs/final_auto/install/unitree_inspection_interfaces/share/unitree_inspection_interfaces/srv/GoToInspectionPoint_Response.msg
[2.295s] -- Up-to-date: /home/rs/final_auto/install/unitree_inspection_interfaces/share/ament_index/resource_index/package_run_dependencies/unitree_inspection_interfaces
[2.297s] -- Up-to-date: /home/rs/final_auto/install/unitree_inspection_interfaces/share/ament_index/resource_index/parent_prefix_path/unitree_inspection_interfaces
[2.297s] -- Up-to-date: /home/rs/final_auto/install/unitree_inspection_interfaces/share/unitree_inspection_interfaces/environment/ament_prefix_path.sh
[2.297s] -- Up-to-date: /home/rs/final_auto/install/unitree_inspection_interfaces/share/unitree_inspection_interfaces/environment/ament_prefix_path.dsv
[2.298s] -- Up-to-date: /home/rs/final_auto/install/unitree_inspection_interfaces/share/unitree_inspection_interfaces/environment/path.sh
[2.298s] -- Up-to-date: /home/rs/final_auto/install/unitree_inspection_interfaces/share/unitree_inspection_interfaces/environment/path.dsv
[2.298s] -- Up-to-date: /home/rs/final_auto/install/unitree_inspection_interfaces/share/unitree_inspection_interfaces/local_setup.bash
[2.300s] -- Up-to-date: /home/rs/final_auto/install/unitree_inspection_interfaces/share/unitree_inspection_interfaces/local_setup.sh
[2.308s] -- Up-to-date: /home/rs/final_auto/install/unitree_inspection_interfaces/share/unitree_inspection_interfaces/local_setup.zsh
[2.309s] -- Up-to-date: /home/rs/final_auto/install/unitree_inspection_interfaces/share/unitree_inspection_interfaces/local_setup.dsv
[2.310s] -- Installing: /home/rs/final_auto/install/unitree_inspection_interfaces/share/unitree_inspection_interfaces/package.dsv
[2.311s] -- Up-to-date: /home/rs/final_auto/install/unitree_inspection_interfaces/share/ament_index/resource_index/packages/unitree_inspection_interfaces
[2.312s] -- Up-to-date: /home/rs/final_auto/install/unitree_inspection_interfaces/share/unitree_inspection_interfaces/cmake/export_unitree_inspection_interfaces_msg__rosidl_generator_cExport.cmake
[2.313s] -- Up-to-date: /home/rs/final_auto/install/unitree_inspection_interfaces/share/unitree_inspection_interfaces/cmake/export_unitree_inspection_interfaces_msg__rosidl_generator_cExport-noconfig.cmake
[2.313s] -- Up-to-date: /home/rs/final_auto/install/unitree_inspection_interfaces/share/unitree_inspection_interfaces/cmake/export_unitree_inspection_interfaces_msg__rosidl_typesupport_fastrtps_cExport.cmake
[2.314s] -- Up-to-date: /home/rs/final_auto/install/unitree_inspection_interfaces/share/unitree_inspection_interfaces/cmake/export_unitree_inspection_interfaces_msg__rosidl_typesupport_fastrtps_cExport-noconfig.cmake
[2.316s] -- Up-to-date: /home/rs/final_auto/install/unitree_inspection_interfaces/share/unitree_inspection_interfaces/cmake/unitree_inspection_interfaces_msg__rosidl_typesupport_introspection_cExport.cmake
[2.317s] -- Up-to-date: /home/rs/final_auto/install/unitree_inspection_interfaces/share/unitree_inspection_interfaces/cmake/unitree_inspection_interfaces_msg__rosidl_typesupport_introspection_cExport-noconfig.cmake
[2.318s] -- Up-to-date: /home/rs/final_auto/install/unitree_inspection_interfaces/share/unitree_inspection_interfaces/cmake/unitree_inspection_interfaces_msg__rosidl_typesupport_cExport.cmake
[2.318s] -- Up-to-date: /home/rs/final_auto/install/unitree_inspection_interfaces/share/unitree_inspection_interfaces/cmake/unitree_inspection_interfaces_msg__rosidl_typesupport_cExport-noconfig.cmake
[2.320s] -- Up-to-date: /home/rs/final_auto/install/unitree_inspection_interfaces/share/unitree_inspection_interfaces/cmake/export_unitree_inspection_interfaces_msg__rosidl_generator_cppExport.cmake
[2.321s] -- Up-to-date: /home/rs/final_auto/install/unitree_inspection_interfaces/share/unitree_inspection_interfaces/cmake/export_unitree_inspection_interfaces_msg__rosidl_typesupport_fastrtps_cppExport.cmake
[2.322s] -- Up-to-date: /home/rs/final_auto/install/unitree_inspection_interfaces/share/unitree_inspection_interfaces/cmake/export_unitree_inspection_interfaces_msg__rosidl_typesupport_fastrtps_cppExport-noconfig.cmake
[2.322s] -- Up-to-date: /home/rs/final_auto/install/unitree_inspection_interfaces/share/unitree_inspection_interfaces/cmake/unitree_inspection_interfaces_msg__rosidl_typesupport_introspection_cppExport.cmake
[2.325s] -- Up-to-date: /home/rs/final_auto/install/unitree_inspection_interfaces/share/unitree_inspection_interfaces/cmake/unitree_inspection_interfaces_msg__rosidl_typesupport_introspection_cppExport-noconfig.cmake
[2.329s] -- Up-to-date: /home/rs/final_auto/install/unitree_inspection_interfaces/share/unitree_inspection_interfaces/cmake/unitree_inspection_interfaces_msg__rosidl_typesupport_cppExport.cmake
[2.330s] -- Up-to-date: /home/rs/final_auto/install/unitree_inspection_interfaces/share/unitree_inspection_interfaces/cmake/unitree_inspection_interfaces_msg__rosidl_typesupport_cppExport-noconfig.cmake
[2.330s] -- Up-to-date: /home/rs/final_auto/install/unitree_inspection_interfaces/share/unitree_inspection_interfaces/cmake/export_unitree_inspection_interfaces_msg__rosidl_generator_pyExport.cmake
[2.331s] -- Up-to-date: /home/rs/final_auto/install/unitree_inspection_interfaces/share/unitree_inspection_interfaces/cmake/export_unitree_inspection_interfaces_msg__rosidl_generator_pyExport-noconfig.cmake
[2.331s] -- Up-to-date: /home/rs/final_auto/install/unitree_inspection_interfaces/share/unitree_inspection_interfaces/cmake/ament_cmake_export_dependencies-extras.cmake
[2.331s] -- Up-to-date: /home/rs/final_auto/install/unitree_inspection_interfaces/share/unitree_inspection_interfaces/cmake/rosidl_cmake-extras.cmake
[2.332s] -- Up-to-date: /home/rs/final_auto/install/unitree_inspection_interfaces/share/unitree_inspection_interfaces/cmake/ament_cmake_export_include_directories-extras.cmake
[2.332s] -- Up-to-date: /home/rs/final_auto/install/unitree_inspection_interfaces/share/unitree_inspection_interfaces/cmake/ament_cmake_export_libraries-extras.cmake
[2.332s] -- Up-to-date: /home/rs/final_auto/install/unitree_inspection_interfaces/share/unitree_inspection_interfaces/cmake/ament_cmake_export_targets-extras.cmake
[2.333s] -- Up-to-date: /home/rs/final_auto/install/unitree_inspection_interfaces/share/unitree_inspection_interfaces/cmake/rosidl_cmake_export_typesupport_targets-extras.cmake
[2.333s] -- Up-to-date: /home/rs/final_auto/install/unitree_inspection_interfaces/share/unitree_inspection_interfaces/cmake/rosidl_cmake_export_typesupport_libraries-extras.cmake
[2.333s] -- Up-to-date: /home/rs/final_auto/install/unitree_inspection_interfaces/share/unitree_inspection_interfaces/cmake/unitree_inspection_interfacesConfig.cmake
[2.333s] -- Up-to-date: /home/rs/final_auto/install/unitree_inspection_interfaces/share/unitree_inspection_interfaces/cmake/unitree_inspection_interfacesConfig-version.cmake
[2.334s] -- Up-to-date: /home/rs/final_auto/install/unitree_inspection_interfaces/share/unitree_inspection_interfaces/package.xml
[2.334s] Invoked command in '/home/rs/final_auto/build/unitree_inspection_interfaces' returned '0': CMAKE_PREFIX_PATH=${CMAKE_PREFIX_PATH}:/home/rs/final_auto/install/unitree_nav_launch_module:/opt/ros/humble /usr/bin/cmake --install /home/rs/final_auto/build/unitree_inspection_interfaces
