[0.087s] Invoking command in '/home/rs/go1_robot/build/unitree_ocr_interfaces': /usr/bin/cmake --build /home/rs/go1_robot/build/unitree_ocr_interfaces -- -j13 -l13
[0.552s] [  2%] Built target unitree_ocr_interfaces_msg__cpp
[0.591s] [  2%] Built target ament_cmake_python_copy_unitree_ocr_interfaces
[0.651s] [ 12%] Built target unitree_ocr_interfaces_msg__rosidl_generator_c
[0.888s] [ 23%] Built target unitree_ocr_interfaces_msg__rosidl_typesupport_introspection_cpp
[0.890s] [ 33%] Built target unitree_ocr_interfaces_msg__rosidl_typesupport_fastrtps_c
[0.904s] [ 43%] Built target unitree_ocr_interfaces_msg__rosidl_typesupport_fastrtps_cpp
[0.906s] [ 53%] Built target unitree_ocr_interfaces_msg__rosidl_typesupport_introspection_c
[0.917s] [ 64%] Built target unitree_ocr_interfaces_msg__rosidl_typesupport_cpp
[0.981s] [ 74%] Built target unitree_ocr_interfaces_msg__rosidl_typesupport_c
[1.069s] [ 74%] Built target unitree_ocr_interfaces_msg
[1.149s] [ 76%] Built target unitree_ocr_interfaces_msg__py
[1.253s] [ 84%] Built target unitree_ocr_interfaces_msg__rosidl_generator_py
[1.364s] [ 89%] Built target unitree_ocr_interfaces__rosidl_typesupport_fastrtps_c__pyext
[1.403s] [ 94%] Built target unitree_ocr_interfaces__rosidl_typesupport_introspection_c__pyext
[1.460s] [100%] Built target unitree_ocr_interfaces__rosidl_typesupport_c__pyext
[1.576s] running egg_info
[1.584s] writing unitree_ocr_interfaces.egg-info/PKG-INFO
[1.584s] writing dependency_links to unitree_ocr_interfaces.egg-info/dependency_links.txt
[1.586s] writing top-level names to unitree_ocr_interfaces.egg-info/top_level.txt
[1.595s] reading manifest file 'unitree_ocr_interfaces.egg-info/SOURCES.txt'
[1.596s] writing manifest file 'unitree_ocr_interfaces.egg-info/SOURCES.txt'
[1.666s] [100%] Built target ament_cmake_python_build_unitree_ocr_interfaces_egg
[1.707s] Invoked command in '/home/rs/go1_robot/build/unitree_ocr_interfaces' returned '0': /usr/bin/cmake --build /home/rs/go1_robot/build/unitree_ocr_interfaces -- -j13 -l13
[2.287s] Invoking command in '/home/rs/go1_robot/build/unitree_ocr_interfaces': /usr/bin/cmake --install /home/rs/go1_robot/build/unitree_ocr_interfaces
[2.360s] -- Install configuration: ""
[2.361s] -- Up-to-date: /home/rs/go1_robot/install/unitree_ocr_interfaces/share/ament_index/resource_index/rosidl_interfaces/unitree_ocr_interfaces
[2.363s] -- Up-to-date: /home/rs/go1_robot/install/unitree_ocr_interfaces/include/unitree_ocr_interfaces/unitree_ocr_interfaces
[2.364s] -- Up-to-date: /home/rs/go1_robot/install/unitree_ocr_interfaces/include/unitree_ocr_interfaces/unitree_ocr_interfaces/msg
[2.365s] -- Up-to-date: /home/rs/go1_robot/install/unitree_ocr_interfaces/include/unitree_ocr_interfaces/unitree_ocr_interfaces/msg/detections.h
[2.365s] -- Up-to-date: /home/rs/go1_robot/install/unitree_ocr_interfaces/include/unitree_ocr_interfaces/unitree_ocr_interfaces/msg/detail
[2.375s] -- Up-to-date: /home/rs/go1_robot/install/unitree_ocr_interfaces/include/unitree_ocr_interfaces/unitree_ocr_interfaces/msg/detail/detection__functions.h
[2.376s] -- Up-to-date: /home/rs/go1_robot/install/unitree_ocr_interfaces/include/unitree_ocr_interfaces/unitree_ocr_interfaces/msg/detail/detections__functions.h
[2.377s] -- Up-to-date: /home/rs/go1_robot/install/unitree_ocr_interfaces/include/unitree_ocr_interfaces/unitree_ocr_interfaces/msg/detail/detections__struct.h
[2.378s] -- Up-to-date: /home/rs/go1_robot/install/unitree_ocr_interfaces/include/unitree_ocr_interfaces/unitree_ocr_interfaces/msg/detail/detection__type_support.h
[2.379s] -- Up-to-date: /home/rs/go1_robot/install/unitree_ocr_interfaces/include/unitree_ocr_interfaces/unitree_ocr_interfaces/msg/detail/detection__functions.c
[2.380s] -- Up-to-date: /home/rs/go1_robot/install/unitree_ocr_interfaces/include/unitree_ocr_interfaces/unitree_ocr_interfaces/msg/detail/detection__struct.h
[2.381s] -- Up-to-date: /home/rs/go1_robot/install/unitree_ocr_interfaces/include/unitree_ocr_interfaces/unitree_ocr_interfaces/msg/detail/detections__functions.c
[2.382s] -- Up-to-date: /home/rs/go1_robot/install/unitree_ocr_interfaces/include/unitree_ocr_interfaces/unitree_ocr_interfaces/msg/detail/detections__type_support.h
[2.385s] -- Up-to-date: /home/rs/go1_robot/install/unitree_ocr_interfaces/include/unitree_ocr_interfaces/unitree_ocr_interfaces/msg/rosidl_generator_c__visibility_control.h
[2.385s] -- Up-to-date: /home/rs/go1_robot/install/unitree_ocr_interfaces/include/unitree_ocr_interfaces/unitree_ocr_interfaces/msg/detection.h
[2.387s] -- Up-to-date: /home/rs/go1_robot/install/unitree_ocr_interfaces/share/unitree_ocr_interfaces/environment/library_path.sh
[2.388s] -- Up-to-date: /home/rs/go1_robot/install/unitree_ocr_interfaces/share/unitree_ocr_interfaces/environment/library_path.dsv
[2.389s] -- Up-to-date: /home/rs/go1_robot/install/unitree_ocr_interfaces/lib/libunitree_ocr_interfaces__rosidl_generator_c.so
[2.390s] -- Up-to-date: /home/rs/go1_robot/install/unitree_ocr_interfaces/include/unitree_ocr_interfaces/unitree_ocr_interfaces
[2.392s] -- Up-to-date: /home/rs/go1_robot/install/unitree_ocr_interfaces/include/unitree_ocr_interfaces/unitree_ocr_interfaces/msg
[2.393s] -- Up-to-date: /home/rs/go1_robot/install/unitree_ocr_interfaces/include/unitree_ocr_interfaces/unitree_ocr_interfaces/msg/detail
[2.394s] -- Up-to-date: /home/rs/go1_robot/install/unitree_ocr_interfaces/include/unitree_ocr_interfaces/unitree_ocr_interfaces/msg/detail/detection__rosidl_typesupport_fastrtps_c.h
[2.395s] -- Up-to-date: /home/rs/go1_robot/install/unitree_ocr_interfaces/include/unitree_ocr_interfaces/unitree_ocr_interfaces/msg/detail/detections__rosidl_typesupport_fastrtps_c.h
[2.396s] -- Up-to-date: /home/rs/go1_robot/install/unitree_ocr_interfaces/include/unitree_ocr_interfaces/unitree_ocr_interfaces/msg/rosidl_typesupport_fastrtps_c__visibility_control.h
[2.396s] -- Up-to-date: /home/rs/go1_robot/install/unitree_ocr_interfaces/lib/libunitree_ocr_interfaces__rosidl_typesupport_fastrtps_c.so
[2.397s] -- Up-to-date: /home/rs/go1_robot/install/unitree_ocr_interfaces/include/unitree_ocr_interfaces/unitree_ocr_interfaces
[2.398s] -- Up-to-date: /home/rs/go1_robot/install/unitree_ocr_interfaces/include/unitree_ocr_interfaces/unitree_ocr_interfaces/msg
[2.398s] -- Up-to-date: /home/rs/go1_robot/install/unitree_ocr_interfaces/include/unitree_ocr_interfaces/unitree_ocr_interfaces/msg/rosidl_typesupport_introspection_c__visibility_control.h
[2.405s] -- Up-to-date: /home/rs/go1_robot/install/unitree_ocr_interfaces/include/unitree_ocr_interfaces/unitree_ocr_interfaces/msg/detail
[2.405s] -- Up-to-date: /home/rs/go1_robot/install/unitree_ocr_interfaces/include/unitree_ocr_interfaces/unitree_ocr_interfaces/msg/detail/detection__rosidl_typesupport_introspection_c.h
[2.406s] -- Up-to-date: /home/rs/go1_robot/install/unitree_ocr_interfaces/include/unitree_ocr_interfaces/unitree_ocr_interfaces/msg/detail/detections__rosidl_typesupport_introspection_c.h
[2.406s] -- Up-to-date: /home/rs/go1_robot/install/unitree_ocr_interfaces/include/unitree_ocr_interfaces/unitree_ocr_interfaces/msg/detail/detection__type_support.c
[2.406s] -- Up-to-date: /home/rs/go1_robot/install/unitree_ocr_interfaces/include/unitree_ocr_interfaces/unitree_ocr_interfaces/msg/detail/detections__type_support.c
[2.406s] -- Up-to-date: /home/rs/go1_robot/install/unitree_ocr_interfaces/lib/libunitree_ocr_interfaces__rosidl_typesupport_introspection_c.so
[2.406s] -- Up-to-date: /home/rs/go1_robot/install/unitree_ocr_interfaces/lib/libunitree_ocr_interfaces__rosidl_typesupport_c.so
[2.407s] -- Up-to-date: /home/rs/go1_robot/install/unitree_ocr_interfaces/include/unitree_ocr_interfaces/unitree_ocr_interfaces
[2.407s] -- Up-to-date: /home/rs/go1_robot/install/unitree_ocr_interfaces/include/unitree_ocr_interfaces/unitree_ocr_interfaces/msg
[2.407s] -- Up-to-date: /home/rs/go1_robot/install/unitree_ocr_interfaces/include/unitree_ocr_interfaces/unitree_ocr_interfaces/msg/detection.hpp
[2.407s] -- Up-to-date: /home/rs/go1_robot/install/unitree_ocr_interfaces/include/unitree_ocr_interfaces/unitree_ocr_interfaces/msg/detections.hpp
[2.407s] -- Up-to-date: /home/rs/go1_robot/install/unitree_ocr_interfaces/include/unitree_ocr_interfaces/unitree_ocr_interfaces/msg/detail
[2.408s] -- Up-to-date: /home/rs/go1_robot/install/unitree_ocr_interfaces/include/unitree_ocr_interfaces/unitree_ocr_interfaces/msg/detail/detection__traits.hpp
[2.408s] -- Up-to-date: /home/rs/go1_robot/install/unitree_ocr_interfaces/include/unitree_ocr_interfaces/unitree_ocr_interfaces/msg/detail/detections__builder.hpp
[2.409s] -- Up-to-date: /home/rs/go1_robot/install/unitree_ocr_interfaces/include/unitree_ocr_interfaces/unitree_ocr_interfaces/msg/detail/detections__traits.hpp
[2.413s] -- Up-to-date: /home/rs/go1_robot/install/unitree_ocr_interfaces/include/unitree_ocr_interfaces/unitree_ocr_interfaces/msg/detail/detection__builder.hpp
[2.416s] -- Up-to-date: /home/rs/go1_robot/install/unitree_ocr_interfaces/include/unitree_ocr_interfaces/unitree_ocr_interfaces/msg/detail/detection__struct.hpp
[2.427s] -- Up-to-date: /home/rs/go1_robot/install/unitree_ocr_interfaces/include/unitree_ocr_interfaces/unitree_ocr_interfaces/msg/detail/detections__struct.hpp
[2.428s] -- Up-to-date: /home/rs/go1_robot/install/unitree_ocr_interfaces/include/unitree_ocr_interfaces/unitree_ocr_interfaces
[2.429s] -- Up-to-date: /home/rs/go1_robot/install/unitree_ocr_interfaces/include/unitree_ocr_interfaces/unitree_ocr_interfaces/msg
[2.429s] -- Up-to-date: /home/rs/go1_robot/install/unitree_ocr_interfaces/include/unitree_ocr_interfaces/unitree_ocr_interfaces/msg/detail
[2.430s] -- Up-to-date: /home/rs/go1_robot/install/unitree_ocr_interfaces/include/unitree_ocr_interfaces/unitree_ocr_interfaces/msg/detail/dds_fastrtps
[2.431s] -- Up-to-date: /home/rs/go1_robot/install/unitree_ocr_interfaces/include/unitree_ocr_interfaces/unitree_ocr_interfaces/msg/detail/detections__rosidl_typesupport_fastrtps_cpp.hpp
[2.432s] -- Up-to-date: /home/rs/go1_robot/install/unitree_ocr_interfaces/include/unitree_ocr_interfaces/unitree_ocr_interfaces/msg/detail/detection__rosidl_typesupport_fastrtps_cpp.hpp
[2.433s] -- Up-to-date: /home/rs/go1_robot/install/unitree_ocr_interfaces/include/unitree_ocr_interfaces/unitree_ocr_interfaces/msg/rosidl_typesupport_fastrtps_cpp__visibility_control.h
[2.433s] -- Up-to-date: /home/rs/go1_robot/install/unitree_ocr_interfaces/lib/libunitree_ocr_interfaces__rosidl_typesupport_fastrtps_cpp.so
[2.438s] -- Up-to-date: /home/rs/go1_robot/install/unitree_ocr_interfaces/include/unitree_ocr_interfaces/unitree_ocr_interfaces
[2.438s] -- Up-to-date: /home/rs/go1_robot/install/unitree_ocr_interfaces/include/unitree_ocr_interfaces/unitree_ocr_interfaces/msg
[2.439s] -- Up-to-date: /home/rs/go1_robot/install/unitree_ocr_interfaces/include/unitree_ocr_interfaces/unitree_ocr_interfaces/msg/detail
[2.440s] -- Up-to-date: /home/rs/go1_robot/install/unitree_ocr_interfaces/include/unitree_ocr_interfaces/unitree_ocr_interfaces/msg/detail/detections__rosidl_typesupport_introspection_cpp.hpp
[2.443s] -- Up-to-date: /home/rs/go1_robot/install/unitree_ocr_interfaces/include/unitree_ocr_interfaces/unitree_ocr_interfaces/msg/detail/detection__type_support.cpp
[2.443s] -- Up-to-date: /home/rs/go1_robot/install/unitree_ocr_interfaces/include/unitree_ocr_interfaces/unitree_ocr_interfaces/msg/detail/detections__type_support.cpp
[2.443s] -- Up-to-date: /home/rs/go1_robot/install/unitree_ocr_interfaces/include/unitree_ocr_interfaces/unitree_ocr_interfaces/msg/detail/detection__rosidl_typesupport_introspection_cpp.hpp
[2.443s] -- Up-to-date: /home/rs/go1_robot/install/unitree_ocr_interfaces/lib/libunitree_ocr_interfaces__rosidl_typesupport_introspection_cpp.so
[2.444s] -- Up-to-date: /home/rs/go1_robot/install/unitree_ocr_interfaces/lib/libunitree_ocr_interfaces__rosidl_typesupport_cpp.so
[2.444s] -- Up-to-date: /home/rs/go1_robot/install/unitree_ocr_interfaces/share/unitree_ocr_interfaces/environment/pythonpath.sh
[2.444s] -- Up-to-date: /home/rs/go1_robot/install/unitree_ocr_interfaces/share/unitree_ocr_interfaces/environment/pythonpath.dsv
[2.444s] -- Up-to-date: /home/rs/go1_robot/install/unitree_ocr_interfaces/local/lib/python3.10/dist-packages/unitree_ocr_interfaces-0.0.0-py3.10.egg-info
[2.446s] -- Installing: /home/rs/go1_robot/install/unitree_ocr_interfaces/local/lib/python3.10/dist-packages/unitree_ocr_interfaces-0.0.0-py3.10.egg-info/top_level.txt
[2.449s] -- Installing: /home/rs/go1_robot/install/unitree_ocr_interfaces/local/lib/python3.10/dist-packages/unitree_ocr_interfaces-0.0.0-py3.10.egg-info/PKG-INFO
[2.450s] -- Installing: /home/rs/go1_robot/install/unitree_ocr_interfaces/local/lib/python3.10/dist-packages/unitree_ocr_interfaces-0.0.0-py3.10.egg-info/dependency_links.txt
[2.453s] -- Installing: /home/rs/go1_robot/install/unitree_ocr_interfaces/local/lib/python3.10/dist-packages/unitree_ocr_interfaces-0.0.0-py3.10.egg-info/SOURCES.txt
[2.453s] -- Up-to-date: /home/rs/go1_robot/install/unitree_ocr_interfaces/local/lib/python3.10/dist-packages/unitree_ocr_interfaces
[2.455s] -- Up-to-date: /home/rs/go1_robot/install/unitree_ocr_interfaces/local/lib/python3.10/dist-packages/unitree_ocr_interfaces/_unitree_ocr_interfaces_s.ep.rosidl_typesupport_fastrtps_c.c
[2.456s] -- Up-to-date: /home/rs/go1_robot/install/unitree_ocr_interfaces/local/lib/python3.10/dist-packages/unitree_ocr_interfaces/_unitree_ocr_interfaces_s.ep.rosidl_typesupport_introspection_c.c
[2.457s] -- Up-to-date: /home/rs/go1_robot/install/unitree_ocr_interfaces/local/lib/python3.10/dist-packages/unitree_ocr_interfaces/unitree_ocr_interfaces_s__rosidl_typesupport_introspection_c.cpython-310-x86_64-linux-gnu.so
[2.458s] -- Up-to-date: /home/rs/go1_robot/install/unitree_ocr_interfaces/local/lib/python3.10/dist-packages/unitree_ocr_interfaces/__init__.py
[2.458s] -- Up-to-date: /home/rs/go1_robot/install/unitree_ocr_interfaces/local/lib/python3.10/dist-packages/unitree_ocr_interfaces/unitree_ocr_interfaces_s__rosidl_typesupport_c.cpython-310-x86_64-linux-gnu.so
[2.460s] -- Up-to-date: /home/rs/go1_robot/install/unitree_ocr_interfaces/local/lib/python3.10/dist-packages/unitree_ocr_interfaces/_unitree_ocr_interfaces_s.ep.rosidl_typesupport_c.c
[2.460s] -- Up-to-date: /home/rs/go1_robot/install/unitree_ocr_interfaces/local/lib/python3.10/dist-packages/unitree_ocr_interfaces/msg
[2.462s] -- Up-to-date: /home/rs/go1_robot/install/unitree_ocr_interfaces/local/lib/python3.10/dist-packages/unitree_ocr_interfaces/msg/_detection.py
[2.463s] -- Up-to-date: /home/rs/go1_robot/install/unitree_ocr_interfaces/local/lib/python3.10/dist-packages/unitree_ocr_interfaces/msg/_detection_s.c
[2.464s] -- Up-to-date: /home/rs/go1_robot/install/unitree_ocr_interfaces/local/lib/python3.10/dist-packages/unitree_ocr_interfaces/msg/_detections_s.c
[2.465s] -- Up-to-date: /home/rs/go1_robot/install/unitree_ocr_interfaces/local/lib/python3.10/dist-packages/unitree_ocr_interfaces/msg/__init__.py
[2.468s] -- Up-to-date: /home/rs/go1_robot/install/unitree_ocr_interfaces/local/lib/python3.10/dist-packages/unitree_ocr_interfaces/msg/_detections.py
[2.469s] -- Up-to-date: /home/rs/go1_robot/install/unitree_ocr_interfaces/local/lib/python3.10/dist-packages/unitree_ocr_interfaces/libunitree_ocr_interfaces_msg__rosidl_generator_py.so
[2.470s] -- Up-to-date: /home/rs/go1_robot/install/unitree_ocr_interfaces/local/lib/python3.10/dist-packages/unitree_ocr_interfaces/unitree_ocr_interfaces_s__rosidl_typesupport_fastrtps_c.cpython-310-x86_64-linux-gnu.so
[2.546s] Listing '/home/rs/go1_robot/install/unitree_ocr_interfaces/local/lib/python3.10/dist-packages/unitree_ocr_interfaces'...
[2.548s] Listing '/home/rs/go1_robot/install/unitree_ocr_interfaces/local/lib/python3.10/dist-packages/unitree_ocr_interfaces/msg'...
[2.551s] -- Up-to-date: /home/rs/go1_robot/install/unitree_ocr_interfaces/local/lib/python3.10/dist-packages/unitree_ocr_interfaces/unitree_ocr_interfaces_s__rosidl_typesupport_fastrtps_c.cpython-310-x86_64-linux-gnu.so
[2.551s] -- Up-to-date: /home/rs/go1_robot/install/unitree_ocr_interfaces/local/lib/python3.10/dist-packages/unitree_ocr_interfaces/unitree_ocr_interfaces_s__rosidl_typesupport_introspection_c.cpython-310-x86_64-linux-gnu.so
[2.552s] -- Up-to-date: /home/rs/go1_robot/install/unitree_ocr_interfaces/local/lib/python3.10/dist-packages/unitree_ocr_interfaces/unitree_ocr_interfaces_s__rosidl_typesupport_c.cpython-310-x86_64-linux-gnu.so
[2.552s] -- Up-to-date: /home/rs/go1_robot/install/unitree_ocr_interfaces/lib/libunitree_ocr_interfaces_msg__rosidl_generator_py.so
[2.553s] -- Up-to-date: /home/rs/go1_robot/install/unitree_ocr_interfaces/share/unitree_ocr_interfaces/msg/Detection.idl
[2.557s] -- Up-to-date: /home/rs/go1_robot/install/unitree_ocr_interfaces/share/unitree_ocr_interfaces/msg/Detections.idl
[2.557s] -- Up-to-date: /home/rs/go1_robot/install/unitree_ocr_interfaces/share/unitree_ocr_interfaces/msg/Detection.msg
[2.557s] -- Up-to-date: /home/rs/go1_robot/install/unitree_ocr_interfaces/share/unitree_ocr_interfaces/msg/Detections.msg
[2.558s] -- Up-to-date: /home/rs/go1_robot/install/unitree_ocr_interfaces/share/ament_index/resource_index/package_run_dependencies/unitree_ocr_interfaces
[2.559s] -- Up-to-date: /home/rs/go1_robot/install/unitree_ocr_interfaces/share/ament_index/resource_index/parent_prefix_path/unitree_ocr_interfaces
[2.565s] -- Up-to-date: /home/rs/go1_robot/install/unitree_ocr_interfaces/share/unitree_ocr_interfaces/environment/ament_prefix_path.sh
[2.579s] -- Up-to-date: /home/rs/go1_robot/install/unitree_ocr_interfaces/share/unitree_ocr_interfaces/environment/ament_prefix_path.dsv
[2.582s] -- Up-to-date: /home/rs/go1_robot/install/unitree_ocr_interfaces/share/unitree_ocr_interfaces/environment/path.sh
[2.582s] -- Up-to-date: /home/rs/go1_robot/install/unitree_ocr_interfaces/share/unitree_ocr_interfaces/environment/path.dsv
[2.583s] -- Up-to-date: /home/rs/go1_robot/install/unitree_ocr_interfaces/share/unitree_ocr_interfaces/local_setup.bash
[2.586s] -- Up-to-date: /home/rs/go1_robot/install/unitree_ocr_interfaces/share/unitree_ocr_interfaces/local_setup.sh
[2.588s] -- Up-to-date: /home/rs/go1_robot/install/unitree_ocr_interfaces/share/unitree_ocr_interfaces/local_setup.zsh
[2.590s] -- Up-to-date: /home/rs/go1_robot/install/unitree_ocr_interfaces/share/unitree_ocr_interfaces/local_setup.dsv
[2.600s] -- Installing: /home/rs/go1_robot/install/unitree_ocr_interfaces/share/unitree_ocr_interfaces/package.dsv
[2.604s] -- Up-to-date: /home/rs/go1_robot/install/unitree_ocr_interfaces/share/ament_index/resource_index/packages/unitree_ocr_interfaces
[2.605s] -- Up-to-date: /home/rs/go1_robot/install/unitree_ocr_interfaces/share/unitree_ocr_interfaces/cmake/export_unitree_ocr_interfaces_msg__rosidl_generator_cExport.cmake
[2.605s] -- Up-to-date: /home/rs/go1_robot/install/unitree_ocr_interfaces/share/unitree_ocr_interfaces/cmake/export_unitree_ocr_interfaces_msg__rosidl_generator_cExport-noconfig.cmake
[2.606s] -- Up-to-date: /home/rs/go1_robot/install/unitree_ocr_interfaces/share/unitree_ocr_interfaces/cmake/export_unitree_ocr_interfaces_msg__rosidl_typesupport_fastrtps_cExport.cmake
[2.606s] -- Up-to-date: /home/rs/go1_robot/install/unitree_ocr_interfaces/share/unitree_ocr_interfaces/cmake/export_unitree_ocr_interfaces_msg__rosidl_typesupport_fastrtps_cExport-noconfig.cmake
[2.606s] -- Up-to-date: /home/rs/go1_robot/install/unitree_ocr_interfaces/share/unitree_ocr_interfaces/cmake/unitree_ocr_interfaces_msg__rosidl_typesupport_introspection_cExport.cmake
[2.606s] -- Up-to-date: /home/rs/go1_robot/install/unitree_ocr_interfaces/share/unitree_ocr_interfaces/cmake/unitree_ocr_interfaces_msg__rosidl_typesupport_introspection_cExport-noconfig.cmake
[2.608s] -- Up-to-date: /home/rs/go1_robot/install/unitree_ocr_interfaces/share/unitree_ocr_interfaces/cmake/unitree_ocr_interfaces_msg__rosidl_typesupport_cExport.cmake
[2.609s] -- Up-to-date: /home/rs/go1_robot/install/unitree_ocr_interfaces/share/unitree_ocr_interfaces/cmake/unitree_ocr_interfaces_msg__rosidl_typesupport_cExport-noconfig.cmake
[2.610s] -- Up-to-date: /home/rs/go1_robot/install/unitree_ocr_interfaces/share/unitree_ocr_interfaces/cmake/export_unitree_ocr_interfaces_msg__rosidl_generator_cppExport.cmake
[2.611s] -- Up-to-date: /home/rs/go1_robot/install/unitree_ocr_interfaces/share/unitree_ocr_interfaces/cmake/export_unitree_ocr_interfaces_msg__rosidl_typesupport_fastrtps_cppExport.cmake
[2.612s] -- Up-to-date: /home/rs/go1_robot/install/unitree_ocr_interfaces/share/unitree_ocr_interfaces/cmake/export_unitree_ocr_interfaces_msg__rosidl_typesupport_fastrtps_cppExport-noconfig.cmake
[2.614s] -- Up-to-date: /home/rs/go1_robot/install/unitree_ocr_interfaces/share/unitree_ocr_interfaces/cmake/unitree_ocr_interfaces_msg__rosidl_typesupport_introspection_cppExport.cmake
[2.631s] -- Up-to-date: /home/rs/go1_robot/install/unitree_ocr_interfaces/share/unitree_ocr_interfaces/cmake/unitree_ocr_interfaces_msg__rosidl_typesupport_introspection_cppExport-noconfig.cmake
[2.632s] -- Up-to-date: /home/rs/go1_robot/install/unitree_ocr_interfaces/share/unitree_ocr_interfaces/cmake/unitree_ocr_interfaces_msg__rosidl_typesupport_cppExport.cmake
[2.636s] -- Up-to-date: /home/rs/go1_robot/install/unitree_ocr_interfaces/share/unitree_ocr_interfaces/cmake/unitree_ocr_interfaces_msg__rosidl_typesupport_cppExport-noconfig.cmake
[2.636s] -- Up-to-date: /home/rs/go1_robot/install/unitree_ocr_interfaces/share/unitree_ocr_interfaces/cmake/export_unitree_ocr_interfaces_msg__rosidl_generator_pyExport.cmake
[2.641s] -- Up-to-date: /home/rs/go1_robot/install/unitree_ocr_interfaces/share/unitree_ocr_interfaces/cmake/export_unitree_ocr_interfaces_msg__rosidl_generator_pyExport-noconfig.cmake
[2.643s] -- Up-to-date: /home/rs/go1_robot/install/unitree_ocr_interfaces/share/unitree_ocr_interfaces/cmake/ament_cmake_export_dependencies-extras.cmake
[2.644s] -- Up-to-date: /home/rs/go1_robot/install/unitree_ocr_interfaces/share/unitree_ocr_interfaces/cmake/rosidl_cmake-extras.cmake
[2.644s] -- Up-to-date: /home/rs/go1_robot/install/unitree_ocr_interfaces/share/unitree_ocr_interfaces/cmake/ament_cmake_export_include_directories-extras.cmake
[2.644s] -- Up-to-date: /home/rs/go1_robot/install/unitree_ocr_interfaces/share/unitree_ocr_interfaces/cmake/ament_cmake_export_libraries-extras.cmake
[2.645s] -- Up-to-date: /home/rs/go1_robot/install/unitree_ocr_interfaces/share/unitree_ocr_interfaces/cmake/ament_cmake_export_targets-extras.cmake
[2.645s] -- Up-to-date: /home/rs/go1_robot/install/unitree_ocr_interfaces/share/unitree_ocr_interfaces/cmake/rosidl_cmake_export_typesupport_targets-extras.cmake
[2.649s] -- Up-to-date: /home/rs/go1_robot/install/unitree_ocr_interfaces/share/unitree_ocr_interfaces/cmake/rosidl_cmake_export_typesupport_libraries-extras.cmake
[2.649s] -- Up-to-date: /home/rs/go1_robot/install/unitree_ocr_interfaces/share/unitree_ocr_interfaces/cmake/unitree_ocr_interfacesConfig.cmake
[2.650s] -- Up-to-date: /home/rs/go1_robot/install/unitree_ocr_interfaces/share/unitree_ocr_interfaces/cmake/unitree_ocr_interfacesConfig-version.cmake
[2.650s] -- Up-to-date: /home/rs/go1_robot/install/unitree_ocr_interfaces/share/unitree_ocr_interfaces/package.xml
[2.743s] Invoked command in '/home/rs/go1_robot/build/unitree_ocr_interfaces' returned '0': /usr/bin/cmake --install /home/rs/go1_robot/build/unitree_ocr_interfaces
