[0.135s] Invoking command in '/home/rs/go1_robot/build/unitree_inspection_interfaces': CMAKE_PREFIX_PATH=${CMAKE_PREFIX_PATH}:/home/rs/go1_robot/install/unitree_nav_launch_module:/opt/ros/humble /usr/bin/cmake --build /home/rs/go1_robot/build/unitree_inspection_interfaces -- -j13 -l13
[0.375s] [  3%] Built target unitree_inspection_interfaces_msg__cpp
[0.383s] [ 12%] Built target unitree_inspection_interfaces_msg__rosidl_generator_c
[0.440s] [ 12%] Built target ament_cmake_python_copy_unitree_inspection_interfaces
[0.643s] [ 22%] Built target unitree_inspection_interfaces_msg__rosidl_typesupport_introspection_cpp
[0.644s] [ 32%] Built target unitree_inspection_interfaces_msg__rosidl_typesupport_fastrtps_c
[0.661s] [ 41%] Built target unitree_inspection_interfaces_msg__rosidl_typesupport_cpp
[0.668s] [ 51%] Built target unitree_inspection_interfaces_msg__rosidl_typesupport_c
[0.668s] [ 61%] Built target unitree_inspection_interfaces_msg__rosidl_typesupport_fastrtps_cpp
[0.677s] [ 70%] Built target unitree_inspection_interfaces_msg__rosidl_typesupport_introspection_c
[0.772s] [ 70%] Built target unitree_inspection_interfaces_msg
[0.844s] [ 74%] Built target unitree_inspection_interfaces_msg__py
[0.935s] [ 80%] Built target unitree_inspection_interfaces_msg__rosidl_generator_py
[1.073s] [ 87%] Built target unitree_inspection_interfaces__rosidl_typesupport_fastrtps_c__pyext
[1.088s] [ 93%] Built target unitree_inspection_interfaces__rosidl_typesupport_introspection_c__pyext
[1.094s] [100%] Built target unitree_inspection_interfaces__rosidl_typesupport_c__pyext
[1.428s] running egg_info
[1.432s] writing unitree_inspection_interfaces.egg-info/PKG-INFO
[1.432s] writing dependency_links to unitree_inspection_interfaces.egg-info/dependency_links.txt
[1.433s] writing top-level names to unitree_inspection_interfaces.egg-info/top_level.txt
[1.440s] reading manifest file 'unitree_inspection_interfaces.egg-info/SOURCES.txt'
[1.446s] writing manifest file 'unitree_inspection_interfaces.egg-info/SOURCES.txt'
[1.532s] [100%] Built target ament_cmake_python_build_unitree_inspection_interfaces_egg
[1.580s] Invoked command in '/home/rs/go1_robot/build/unitree_inspection_interfaces' returned '0': CMAKE_PREFIX_PATH=${CMAKE_PREFIX_PATH}:/home/rs/go1_robot/install/unitree_nav_launch_module:/opt/ros/humble /usr/bin/cmake --build /home/rs/go1_robot/build/unitree_inspection_interfaces -- -j13 -l13
[1.981s] Invoking command in '/home/rs/go1_robot/build/unitree_inspection_interfaces': CMAKE_PREFIX_PATH=${CMAKE_PREFIX_PATH}:/home/rs/go1_robot/install/unitree_nav_launch_module:/opt/ros/humble /usr/bin/cmake --install /home/rs/go1_robot/build/unitree_inspection_interfaces
[2.012s] -- Install configuration: ""
[2.014s] -- Up-to-date: /home/rs/go1_robot/install/unitree_inspection_interfaces/share/ament_index/resource_index/rosidl_interfaces/unitree_inspection_interfaces
[2.014s] -- Up-to-date: /home/rs/go1_robot/install/unitree_inspection_interfaces/include/unitree_inspection_interfaces/unitree_inspection_interfaces
[2.016s] -- Up-to-date: /home/rs/go1_robot/install/unitree_inspection_interfaces/include/unitree_inspection_interfaces/unitree_inspection_interfaces/srv
[2.017s] -- Up-to-date: /home/rs/go1_robot/install/unitree_inspection_interfaces/include/unitree_inspection_interfaces/unitree_inspection_interfaces/srv/detail
[2.019s] -- Up-to-date: /home/rs/go1_robot/install/unitree_inspection_interfaces/include/unitree_inspection_interfaces/unitree_inspection_interfaces/srv/detail/go_to_inspection_point__struct.h
[2.020s] -- Up-to-date: /home/rs/go1_robot/install/unitree_inspection_interfaces/include/unitree_inspection_interfaces/unitree_inspection_interfaces/srv/detail/go_to_inspection_point__functions.h
[2.021s] -- Up-to-date: /home/rs/go1_robot/install/unitree_inspection_interfaces/include/unitree_inspection_interfaces/unitree_inspection_interfaces/srv/detail/go_to_inspection_point__functions.c
[2.023s] -- Up-to-date: /home/rs/go1_robot/install/unitree_inspection_interfaces/include/unitree_inspection_interfaces/unitree_inspection_interfaces/srv/detail/go_to_inspection_point__type_support.h
[2.025s] -- Up-to-date: /home/rs/go1_robot/install/unitree_inspection_interfaces/include/unitree_inspection_interfaces/unitree_inspection_interfaces/srv/go_to_inspection_point.h
[2.026s] -- Up-to-date: /home/rs/go1_robot/install/unitree_inspection_interfaces/include/unitree_inspection_interfaces/unitree_inspection_interfaces/msg
[2.026s] -- Up-to-date: /home/rs/go1_robot/install/unitree_inspection_interfaces/include/unitree_inspection_interfaces/unitree_inspection_interfaces/msg/rosidl_generator_c__visibility_control.h
[2.027s] -- Up-to-date: /home/rs/go1_robot/install/unitree_inspection_interfaces/share/unitree_inspection_interfaces/environment/library_path.sh
[2.028s] -- Up-to-date: /home/rs/go1_robot/install/unitree_inspection_interfaces/share/unitree_inspection_interfaces/environment/library_path.dsv
[2.029s] -- Up-to-date: /home/rs/go1_robot/install/unitree_inspection_interfaces/lib/libunitree_inspection_interfaces__rosidl_generator_c.so
[2.031s] -- Up-to-date: /home/rs/go1_robot/install/unitree_inspection_interfaces/include/unitree_inspection_interfaces/unitree_inspection_interfaces
[2.031s] -- Up-to-date: /home/rs/go1_robot/install/unitree_inspection_interfaces/include/unitree_inspection_interfaces/unitree_inspection_interfaces/srv
[2.034s] -- Up-to-date: /home/rs/go1_robot/install/unitree_inspection_interfaces/include/unitree_inspection_interfaces/unitree_inspection_interfaces/srv/detail
[2.035s] -- Up-to-date: /home/rs/go1_robot/install/unitree_inspection_interfaces/include/unitree_inspection_interfaces/unitree_inspection_interfaces/srv/detail/go_to_inspection_point__rosidl_typesupport_fastrtps_c.h
[2.036s] -- Up-to-date: /home/rs/go1_robot/install/unitree_inspection_interfaces/include/unitree_inspection_interfaces/unitree_inspection_interfaces/msg
[2.041s] -- Up-to-date: /home/rs/go1_robot/install/unitree_inspection_interfaces/include/unitree_inspection_interfaces/unitree_inspection_interfaces/msg/rosidl_typesupport_fastrtps_c__visibility_control.h
[2.043s] -- Up-to-date: /home/rs/go1_robot/install/unitree_inspection_interfaces/lib/libunitree_inspection_interfaces__rosidl_typesupport_fastrtps_c.so
[2.043s] -- Up-to-date: /home/rs/go1_robot/install/unitree_inspection_interfaces/include/unitree_inspection_interfaces/unitree_inspection_interfaces
[2.044s] -- Up-to-date: /home/rs/go1_robot/install/unitree_inspection_interfaces/include/unitree_inspection_interfaces/unitree_inspection_interfaces/srv
[2.045s] -- Up-to-date: /home/rs/go1_robot/install/unitree_inspection_interfaces/include/unitree_inspection_interfaces/unitree_inspection_interfaces/srv/detail
[2.048s] -- Up-to-date: /home/rs/go1_robot/install/unitree_inspection_interfaces/include/unitree_inspection_interfaces/unitree_inspection_interfaces/srv/detail/go_to_inspection_point__type_support.c
[2.049s] -- Up-to-date: /home/rs/go1_robot/install/unitree_inspection_interfaces/include/unitree_inspection_interfaces/unitree_inspection_interfaces/srv/detail/go_to_inspection_point__rosidl_typesupport_introspection_c.h
[2.053s] -- Up-to-date: /home/rs/go1_robot/install/unitree_inspection_interfaces/include/unitree_inspection_interfaces/unitree_inspection_interfaces/msg
[2.053s] -- Up-to-date: /home/rs/go1_robot/install/unitree_inspection_interfaces/include/unitree_inspection_interfaces/unitree_inspection_interfaces/msg/rosidl_typesupport_introspection_c__visibility_control.h
[2.056s] -- Up-to-date: /home/rs/go1_robot/install/unitree_inspection_interfaces/lib/libunitree_inspection_interfaces__rosidl_typesupport_introspection_c.so
[2.056s] -- Up-to-date: /home/rs/go1_robot/install/unitree_inspection_interfaces/lib/libunitree_inspection_interfaces__rosidl_typesupport_c.so
[2.057s] -- Up-to-date: /home/rs/go1_robot/install/unitree_inspection_interfaces/include/unitree_inspection_interfaces/unitree_inspection_interfaces
[2.058s] -- Up-to-date: /home/rs/go1_robot/install/unitree_inspection_interfaces/include/unitree_inspection_interfaces/unitree_inspection_interfaces/srv
[2.060s] -- Up-to-date: /home/rs/go1_robot/install/unitree_inspection_interfaces/include/unitree_inspection_interfaces/unitree_inspection_interfaces/srv/detail
[2.060s] -- Up-to-date: /home/rs/go1_robot/install/unitree_inspection_interfaces/include/unitree_inspection_interfaces/unitree_inspection_interfaces/srv/detail/go_to_inspection_point__builder.hpp
[2.062s] -- Up-to-date: /home/rs/go1_robot/install/unitree_inspection_interfaces/include/unitree_inspection_interfaces/unitree_inspection_interfaces/srv/detail/go_to_inspection_point__traits.hpp
[2.063s] -- Up-to-date: /home/rs/go1_robot/install/unitree_inspection_interfaces/include/unitree_inspection_interfaces/unitree_inspection_interfaces/srv/detail/go_to_inspection_point__struct.hpp
[2.064s] -- Up-to-date: /home/rs/go1_robot/install/unitree_inspection_interfaces/include/unitree_inspection_interfaces/unitree_inspection_interfaces/srv/go_to_inspection_point.hpp
[2.065s] -- Up-to-date: /home/rs/go1_robot/install/unitree_inspection_interfaces/include/unitree_inspection_interfaces/unitree_inspection_interfaces
[2.066s] -- Up-to-date: /home/rs/go1_robot/install/unitree_inspection_interfaces/include/unitree_inspection_interfaces/unitree_inspection_interfaces/srv
[2.066s] -- Up-to-date: /home/rs/go1_robot/install/unitree_inspection_interfaces/include/unitree_inspection_interfaces/unitree_inspection_interfaces/srv/detail
[2.066s] -- Up-to-date: /home/rs/go1_robot/install/unitree_inspection_interfaces/include/unitree_inspection_interfaces/unitree_inspection_interfaces/srv/detail/dds_fastrtps
[2.067s] -- Up-to-date: /home/rs/go1_robot/install/unitree_inspection_interfaces/include/unitree_inspection_interfaces/unitree_inspection_interfaces/srv/detail/go_to_inspection_point__rosidl_typesupport_fastrtps_cpp.hpp
[2.067s] -- Up-to-date: /home/rs/go1_robot/install/unitree_inspection_interfaces/include/unitree_inspection_interfaces/unitree_inspection_interfaces/msg
[2.068s] -- Up-to-date: /home/rs/go1_robot/install/unitree_inspection_interfaces/include/unitree_inspection_interfaces/unitree_inspection_interfaces/msg/rosidl_typesupport_fastrtps_cpp__visibility_control.h
[2.068s] -- Up-to-date: /home/rs/go1_robot/install/unitree_inspection_interfaces/lib/libunitree_inspection_interfaces__rosidl_typesupport_fastrtps_cpp.so
[2.068s] -- Up-to-date: /home/rs/go1_robot/install/unitree_inspection_interfaces/include/unitree_inspection_interfaces/unitree_inspection_interfaces
[2.068s] -- Up-to-date: /home/rs/go1_robot/install/unitree_inspection_interfaces/include/unitree_inspection_interfaces/unitree_inspection_interfaces/srv
[2.069s] -- Up-to-date: /home/rs/go1_robot/install/unitree_inspection_interfaces/include/unitree_inspection_interfaces/unitree_inspection_interfaces/srv/detail
[2.069s] -- Up-to-date: /home/rs/go1_robot/install/unitree_inspection_interfaces/include/unitree_inspection_interfaces/unitree_inspection_interfaces/srv/detail/go_to_inspection_point__type_support.cpp
[2.069s] -- Up-to-date: /home/rs/go1_robot/install/unitree_inspection_interfaces/include/unitree_inspection_interfaces/unitree_inspection_interfaces/srv/detail/go_to_inspection_point__rosidl_typesupport_introspection_cpp.hpp
[2.069s] -- Up-to-date: /home/rs/go1_robot/install/unitree_inspection_interfaces/lib/libunitree_inspection_interfaces__rosidl_typesupport_introspection_cpp.so
[2.069s] -- Up-to-date: /home/rs/go1_robot/install/unitree_inspection_interfaces/lib/libunitree_inspection_interfaces__rosidl_typesupport_cpp.so
[2.071s] -- Up-to-date: /home/rs/go1_robot/install/unitree_inspection_interfaces/share/unitree_inspection_interfaces/environment/pythonpath.sh
[2.072s] -- Up-to-date: /home/rs/go1_robot/install/unitree_inspection_interfaces/share/unitree_inspection_interfaces/environment/pythonpath.dsv
[2.072s] -- Up-to-date: /home/rs/go1_robot/install/unitree_inspection_interfaces/local/lib/python3.10/dist-packages/unitree_inspection_interfaces-0.0.0-py3.10.egg-info
[2.073s] -- Installing: /home/rs/go1_robot/install/unitree_inspection_interfaces/local/lib/python3.10/dist-packages/unitree_inspection_interfaces-0.0.0-py3.10.egg-info/top_level.txt
[2.073s] -- Installing: /home/rs/go1_robot/install/unitree_inspection_interfaces/local/lib/python3.10/dist-packages/unitree_inspection_interfaces-0.0.0-py3.10.egg-info/PKG-INFO
[2.074s] -- Installing: /home/rs/go1_robot/install/unitree_inspection_interfaces/local/lib/python3.10/dist-packages/unitree_inspection_interfaces-0.0.0-py3.10.egg-info/dependency_links.txt
[2.075s] -- Installing: /home/rs/go1_robot/install/unitree_inspection_interfaces/local/lib/python3.10/dist-packages/unitree_inspection_interfaces-0.0.0-py3.10.egg-info/SOURCES.txt
[2.076s] -- Up-to-date: /home/rs/go1_robot/install/unitree_inspection_interfaces/local/lib/python3.10/dist-packages/unitree_inspection_interfaces
[2.077s] -- Up-to-date: /home/rs/go1_robot/install/unitree_inspection_interfaces/local/lib/python3.10/dist-packages/unitree_inspection_interfaces/unitree_inspection_interfaces_s__rosidl_typesupport_introspection_c.cpython-310-x86_64-linux-gnu.so
[2.077s] -- Up-to-date: /home/rs/go1_robot/install/unitree_inspection_interfaces/local/lib/python3.10/dist-packages/unitree_inspection_interfaces/unitree_inspection_interfaces_s__rosidl_typesupport_c.cpython-310-x86_64-linux-gnu.so
[2.077s] -- Up-to-date: /home/rs/go1_robot/install/unitree_inspection_interfaces/local/lib/python3.10/dist-packages/unitree_inspection_interfaces/unitree_inspection_interfaces_s__rosidl_typesupport_fastrtps_c.cpython-310-x86_64-linux-gnu.so
[2.078s] -- Up-to-date: /home/rs/go1_robot/install/unitree_inspection_interfaces/local/lib/python3.10/dist-packages/unitree_inspection_interfaces/__init__.py
[2.080s] -- Up-to-date: /home/rs/go1_robot/install/unitree_inspection_interfaces/local/lib/python3.10/dist-packages/unitree_inspection_interfaces/srv
[2.081s] -- Up-to-date: /home/rs/go1_robot/install/unitree_inspection_interfaces/local/lib/python3.10/dist-packages/unitree_inspection_interfaces/srv/_go_to_inspection_point.py
[2.084s] -- Up-to-date: /home/rs/go1_robot/install/unitree_inspection_interfaces/local/lib/python3.10/dist-packages/unitree_inspection_interfaces/srv/__init__.py
[2.085s] -- Up-to-date: /home/rs/go1_robot/install/unitree_inspection_interfaces/local/lib/python3.10/dist-packages/unitree_inspection_interfaces/srv/_go_to_inspection_point_s.c
[2.085s] -- Up-to-date: /home/rs/go1_robot/install/unitree_inspection_interfaces/local/lib/python3.10/dist-packages/unitree_inspection_interfaces/_unitree_inspection_interfaces_s.ep.rosidl_typesupport_introspection_c.c
[2.086s] -- Up-to-date: /home/rs/go1_robot/install/unitree_inspection_interfaces/local/lib/python3.10/dist-packages/unitree_inspection_interfaces/libunitree_inspection_interfaces_msg__rosidl_generator_py.so
[2.089s] -- Up-to-date: /home/rs/go1_robot/install/unitree_inspection_interfaces/local/lib/python3.10/dist-packages/unitree_inspection_interfaces/_unitree_inspection_interfaces_s.ep.rosidl_typesupport_fastrtps_c.c
[2.090s] -- Up-to-date: /home/rs/go1_robot/install/unitree_inspection_interfaces/local/lib/python3.10/dist-packages/unitree_inspection_interfaces/_unitree_inspection_interfaces_s.ep.rosidl_typesupport_c.c
[2.185s] Listing '/home/rs/go1_robot/install/unitree_inspection_interfaces/local/lib/python3.10/dist-packages/unitree_inspection_interfaces'...
[2.186s] Listing '/home/rs/go1_robot/install/unitree_inspection_interfaces/local/lib/python3.10/dist-packages/unitree_inspection_interfaces/srv'...
[2.189s] -- Up-to-date: /home/rs/go1_robot/install/unitree_inspection_interfaces/local/lib/python3.10/dist-packages/unitree_inspection_interfaces/unitree_inspection_interfaces_s__rosidl_typesupport_fastrtps_c.cpython-310-x86_64-linux-gnu.so
[2.193s] -- Up-to-date: /home/rs/go1_robot/install/unitree_inspection_interfaces/local/lib/python3.10/dist-packages/unitree_inspection_interfaces/unitree_inspection_interfaces_s__rosidl_typesupport_introspection_c.cpython-310-x86_64-linux-gnu.so
[2.195s] -- Up-to-date: /home/rs/go1_robot/install/unitree_inspection_interfaces/local/lib/python3.10/dist-packages/unitree_inspection_interfaces/unitree_inspection_interfaces_s__rosidl_typesupport_c.cpython-310-x86_64-linux-gnu.so
[2.196s] -- Up-to-date: /home/rs/go1_robot/install/unitree_inspection_interfaces/lib/libunitree_inspection_interfaces_msg__rosidl_generator_py.so
[2.196s] -- Up-to-date: /home/rs/go1_robot/install/unitree_inspection_interfaces/share/unitree_inspection_interfaces/srv/GoToInspectionPoint.idl
[2.198s] -- Up-to-date: /home/rs/go1_robot/install/unitree_inspection_interfaces/share/unitree_inspection_interfaces/srv/GoToInspectionPoint.srv
[2.199s] -- Up-to-date: /home/rs/go1_robot/install/unitree_inspection_interfaces/share/unitree_inspection_interfaces/srv/GoToInspectionPoint_Request.msg
[2.200s] -- Up-to-date: /home/rs/go1_robot/install/unitree_inspection_interfaces/share/unitree_inspection_interfaces/srv/GoToInspectionPoint_Response.msg
[2.201s] -- Up-to-date: /home/rs/go1_robot/install/unitree_inspection_interfaces/share/ament_index/resource_index/package_run_dependencies/unitree_inspection_interfaces
[2.201s] -- Up-to-date: /home/rs/go1_robot/install/unitree_inspection_interfaces/share/ament_index/resource_index/parent_prefix_path/unitree_inspection_interfaces
[2.202s] -- Up-to-date: /home/rs/go1_robot/install/unitree_inspection_interfaces/share/unitree_inspection_interfaces/environment/ament_prefix_path.sh
[2.203s] -- Up-to-date: /home/rs/go1_robot/install/unitree_inspection_interfaces/share/unitree_inspection_interfaces/environment/ament_prefix_path.dsv
[2.204s] -- Up-to-date: /home/rs/go1_robot/install/unitree_inspection_interfaces/share/unitree_inspection_interfaces/environment/path.sh
[2.205s] -- Up-to-date: /home/rs/go1_robot/install/unitree_inspection_interfaces/share/unitree_inspection_interfaces/environment/path.dsv
[2.210s] -- Up-to-date: /home/rs/go1_robot/install/unitree_inspection_interfaces/share/unitree_inspection_interfaces/local_setup.bash
[2.210s] -- Up-to-date: /home/rs/go1_robot/install/unitree_inspection_interfaces/share/unitree_inspection_interfaces/local_setup.sh
[2.211s] -- Up-to-date: /home/rs/go1_robot/install/unitree_inspection_interfaces/share/unitree_inspection_interfaces/local_setup.zsh
[2.212s] -- Up-to-date: /home/rs/go1_robot/install/unitree_inspection_interfaces/share/unitree_inspection_interfaces/local_setup.dsv
[2.212s] -- Installing: /home/rs/go1_robot/install/unitree_inspection_interfaces/share/unitree_inspection_interfaces/package.dsv
[2.213s] -- Up-to-date: /home/rs/go1_robot/install/unitree_inspection_interfaces/share/ament_index/resource_index/packages/unitree_inspection_interfaces
[2.214s] -- Up-to-date: /home/rs/go1_robot/install/unitree_inspection_interfaces/share/unitree_inspection_interfaces/cmake/export_unitree_inspection_interfaces_msg__rosidl_generator_cExport.cmake
[2.214s] -- Up-to-date: /home/rs/go1_robot/install/unitree_inspection_interfaces/share/unitree_inspection_interfaces/cmake/export_unitree_inspection_interfaces_msg__rosidl_generator_cExport-noconfig.cmake
[2.215s] -- Up-to-date: /home/rs/go1_robot/install/unitree_inspection_interfaces/share/unitree_inspection_interfaces/cmake/export_unitree_inspection_interfaces_msg__rosidl_typesupport_fastrtps_cExport.cmake
[2.217s] -- Up-to-date: /home/rs/go1_robot/install/unitree_inspection_interfaces/share/unitree_inspection_interfaces/cmake/export_unitree_inspection_interfaces_msg__rosidl_typesupport_fastrtps_cExport-noconfig.cmake
[2.218s] -- Up-to-date: /home/rs/go1_robot/install/unitree_inspection_interfaces/share/unitree_inspection_interfaces/cmake/unitree_inspection_interfaces_msg__rosidl_typesupport_introspection_cExport.cmake
[2.220s] -- Up-to-date: /home/rs/go1_robot/install/unitree_inspection_interfaces/share/unitree_inspection_interfaces/cmake/unitree_inspection_interfaces_msg__rosidl_typesupport_introspection_cExport-noconfig.cmake
[2.220s] -- Up-to-date: /home/rs/go1_robot/install/unitree_inspection_interfaces/share/unitree_inspection_interfaces/cmake/unitree_inspection_interfaces_msg__rosidl_typesupport_cExport.cmake
[2.223s] -- Up-to-date: /home/rs/go1_robot/install/unitree_inspection_interfaces/share/unitree_inspection_interfaces/cmake/unitree_inspection_interfaces_msg__rosidl_typesupport_cExport-noconfig.cmake
[2.223s] -- Up-to-date: /home/rs/go1_robot/install/unitree_inspection_interfaces/share/unitree_inspection_interfaces/cmake/export_unitree_inspection_interfaces_msg__rosidl_generator_cppExport.cmake
[2.224s] -- Up-to-date: /home/rs/go1_robot/install/unitree_inspection_interfaces/share/unitree_inspection_interfaces/cmake/export_unitree_inspection_interfaces_msg__rosidl_typesupport_fastrtps_cppExport.cmake
[2.224s] -- Up-to-date: /home/rs/go1_robot/install/unitree_inspection_interfaces/share/unitree_inspection_interfaces/cmake/export_unitree_inspection_interfaces_msg__rosidl_typesupport_fastrtps_cppExport-noconfig.cmake
[2.226s] -- Up-to-date: /home/rs/go1_robot/install/unitree_inspection_interfaces/share/unitree_inspection_interfaces/cmake/unitree_inspection_interfaces_msg__rosidl_typesupport_introspection_cppExport.cmake
[2.228s] -- Up-to-date: /home/rs/go1_robot/install/unitree_inspection_interfaces/share/unitree_inspection_interfaces/cmake/unitree_inspection_interfaces_msg__rosidl_typesupport_introspection_cppExport-noconfig.cmake
[2.229s] -- Up-to-date: /home/rs/go1_robot/install/unitree_inspection_interfaces/share/unitree_inspection_interfaces/cmake/unitree_inspection_interfaces_msg__rosidl_typesupport_cppExport.cmake
[2.230s] -- Up-to-date: /home/rs/go1_robot/install/unitree_inspection_interfaces/share/unitree_inspection_interfaces/cmake/unitree_inspection_interfaces_msg__rosidl_typesupport_cppExport-noconfig.cmake
[2.231s] -- Up-to-date: /home/rs/go1_robot/install/unitree_inspection_interfaces/share/unitree_inspection_interfaces/cmake/export_unitree_inspection_interfaces_msg__rosidl_generator_pyExport.cmake
[2.232s] -- Up-to-date: /home/rs/go1_robot/install/unitree_inspection_interfaces/share/unitree_inspection_interfaces/cmake/export_unitree_inspection_interfaces_msg__rosidl_generator_pyExport-noconfig.cmake
[2.232s] -- Up-to-date: /home/rs/go1_robot/install/unitree_inspection_interfaces/share/unitree_inspection_interfaces/cmake/ament_cmake_export_dependencies-extras.cmake
[2.233s] -- Up-to-date: /home/rs/go1_robot/install/unitree_inspection_interfaces/share/unitree_inspection_interfaces/cmake/rosidl_cmake-extras.cmake
[2.237s] -- Up-to-date: /home/rs/go1_robot/install/unitree_inspection_interfaces/share/unitree_inspection_interfaces/cmake/ament_cmake_export_include_directories-extras.cmake
[2.239s] -- Up-to-date: /home/rs/go1_robot/install/unitree_inspection_interfaces/share/unitree_inspection_interfaces/cmake/ament_cmake_export_libraries-extras.cmake
[2.239s] -- Up-to-date: /home/rs/go1_robot/install/unitree_inspection_interfaces/share/unitree_inspection_interfaces/cmake/ament_cmake_export_targets-extras.cmake
[2.240s] -- Up-to-date: /home/rs/go1_robot/install/unitree_inspection_interfaces/share/unitree_inspection_interfaces/cmake/rosidl_cmake_export_typesupport_targets-extras.cmake
[2.241s] -- Up-to-date: /home/rs/go1_robot/install/unitree_inspection_interfaces/share/unitree_inspection_interfaces/cmake/rosidl_cmake_export_typesupport_libraries-extras.cmake
[2.242s] -- Up-to-date: /home/rs/go1_robot/install/unitree_inspection_interfaces/share/unitree_inspection_interfaces/cmake/unitree_inspection_interfacesConfig.cmake
[2.243s] -- Up-to-date: /home/rs/go1_robot/install/unitree_inspection_interfaces/share/unitree_inspection_interfaces/cmake/unitree_inspection_interfacesConfig-version.cmake
[2.244s] -- Up-to-date: /home/rs/go1_robot/install/unitree_inspection_interfaces/share/unitree_inspection_interfaces/package.xml
[2.248s] Invoked command in '/home/rs/go1_robot/build/unitree_inspection_interfaces' returned '0': CMAKE_PREFIX_PATH=${CMAKE_PREFIX_PATH}:/home/rs/go1_robot/install/unitree_nav_launch_module:/opt/ros/humble /usr/bin/cmake --install /home/rs/go1_robot/build/unitree_inspection_interfaces
