-- Found ament_cmake: 1.3.9 (/opt/ros/humble/share/ament_cmake/cmake)
-- Found rclcpp: 16.0.9 (/opt/ros/humble/share/rclcpp/cmake)
-- Found rosidl_generator_c: 3.1.5 (/opt/ros/humble/share/rosidl_generator_c/cmake)
-- Found rosidl_adapter: 3.1.5 (/opt/ros/humble/share/rosidl_adapter/cmake)
-- Found rosidl_generator_cpp: 3.1.5 (/opt/ros/humble/share/rosidl_generator_cpp/cmake)
-- Using all available rosidl_typesupport_c: rosidl_typesupport_fastrtps_c;rosidl_typesupport_introspection_c
-- Using all available rosidl_typesupport_cpp: rosidl_typesupport_fastrtps_cpp;rosidl_typesupport_introspection_cpp
-- Found rmw_implementation_cmake: 6.1.2 (/opt/ros/humble/share/rmw_implementation_cmake/cmake)
-- Found rmw_fastrtps_cpp: 6.2.6 (/opt/ros/humble/share/rmw_fastrtps_cpp/cmake)
-- Using RMW implementation 'rmw_fastrtps_cpp' as default
-- Found rclcpp_action: 16.0.9 (/opt/ros/humble/share/rclcpp_action/cmake)
-- Found std_srvs: 4.2.3 (/opt/ros/humble/share/std_srvs/cmake)
-- Found geometry_msgs: 4.2.3 (/opt/ros/humble/share/geometry_msgs/cmake)
-- Found tf2: 0.25.6 (/opt/ros/humble/share/tf2/cmake)
-- Found tf2_geometry_msgs: 0.25.6 (/opt/ros/humble/share/tf2_geometry_msgs/cmake)
-- Found eigen3_cmake_module: 0.1.1 (/opt/ros/humble/share/eigen3_cmake_module/cmake)
-- Ensuring Eigen3 include directory is part of orocos-kdl CMake target
-- Found nav2_msgs: 1.1.14 (/opt/ros/humble/share/nav2_msgs/cmake)
-- Found unitree_nav_interfaces: 0.0.0 (/home/yeryn/final/install/unitree_nav_interfaces/share/unitree_nav_interfaces/cmake)
-- Found unitree_ocr_interfaces: 0.0.0 (/home/yeryn/final/install/unitree_ocr_interfaces/share/unitree_ocr_interfaces/cmake)
-- Found unitree_inspection_interfaces: 0.0.0 (/home/yeryn/final/install/unitree_inspection_interfaces/share/unitree_inspection_interfaces/cmake)
-- Found ament_lint_auto: 0.12.11 (/opt/ros/humble/share/ament_lint_auto/cmake)
-- Added test 'cppcheck' to perform static code analysis on C / C++ code
-- Configured cppcheck include dirs: 
-- Configured cppcheck exclude dirs and/or files: 
-- Added test 'flake8' to check Python code syntax and style conventions
-- Added test 'lint_cmake' to check CMake code style
-- Added test 'pep257' to check Python code against some of the docstring style conventions in PEP 257
-- Added test 'uncrustify' to check C / C++ code style
-- Configured uncrustify additional arguments: 
-- Added test 'xmllint' to check XML markup files
-- Configuring done
-- Generating done
-- Build files have been written to: /home/yeryn/final/build/unitree_inspection
[ 50%] [32mBuilding CXX object CMakeFiles/inspection.dir/src/inspection.cpp.o[0m
[100%] [32m[1mLinking CXX executable inspection[0m
[100%] Built target inspection
-- Install configuration: ""
-- Installing: /home/yeryn/final/install/unitree_inspection/lib/unitree_inspection/inspection
-- Set runtime path of "/home/yeryn/final/install/unitree_inspection/lib/unitree_inspection/inspection" to ""
-- Installing: /home/yeryn/final/install/unitree_inspection/share/unitree_inspection/launch
-- Installing: /home/yeryn/final/install/unitree_inspection/share/unitree_inspection/launch/autonomous_inspection.launch.py
-- Installing: /home/yeryn/final/install/unitree_inspection/share/unitree_inspection/launch/inspection.launch.py
-- Installing: /home/yeryn/final/install/unitree_inspection/share/unitree_inspection/config
-- Installing: /home/yeryn/final/install/unitree_inspection/share/unitree_inspection/config/environment_params.yaml
-- Installing: /home/yeryn/final/install/unitree_inspection/share/ament_index/resource_index/package_run_dependencies/unitree_inspection
-- Installing: /home/yeryn/final/install/unitree_inspection/share/ament_index/resource_index/parent_prefix_path/unitree_inspection
-- Installing: /home/yeryn/final/install/unitree_inspection/share/unitree_inspection/environment/ament_prefix_path.sh
-- Installing: /home/yeryn/final/install/unitree_inspection/share/unitree_inspection/environment/ament_prefix_path.dsv
-- Installing: /home/yeryn/final/install/unitree_inspection/share/unitree_inspection/environment/path.sh
-- Installing: /home/yeryn/final/install/unitree_inspection/share/unitree_inspection/environment/path.dsv
-- Installing: /home/yeryn/final/install/unitree_inspection/share/unitree_inspection/local_setup.bash
-- Installing: /home/yeryn/final/install/unitree_inspection/share/unitree_inspection/local_setup.sh
-- Installing: /home/yeryn/final/install/unitree_inspection/share/unitree_inspection/local_setup.zsh
-- Installing: /home/yeryn/final/install/unitree_inspection/share/unitree_inspection/local_setup.dsv
-- Installing: /home/yeryn/final/install/unitree_inspection/share/unitree_inspection/package.dsv
-- Installing: /home/yeryn/final/install/unitree_inspection/share/ament_index/resource_index/packages/unitree_inspection
-- Installing: /home/yeryn/final/install/unitree_inspection/share/unitree_inspection/cmake/unitree_inspectionConfig.cmake
-- Installing: /home/yeryn/final/install/unitree_inspection/share/unitree_inspection/cmake/unitree_inspectionConfig-version.cmake
-- Installing: /home/yeryn/final/install/unitree_inspection/share/unitree_inspection/package.xml
