[0.010s] Invoking command in '/home/yeryn/final/build/unitree_inspection': AMENT_PREFIX_PATH=/home/yeryn/final/install/unitree_ocr:/home/yeryn/final/install/unitree_nav:/home/yeryn/final/install/unitree_ocr_interfaces:/home/yeryn/final/install/unitree_nav_interfaces:/home/yeryn/final/install/unitree_inspection_interfaces:/home/yeryn/final/install/ros2_unitree_legged_msgs:${AMENT_PREFIX_PATH} CMAKE_PREFIX_PATH=/home/yeryn/final/install/unitree_ocr:/home/yeryn/final/install/unitree_nav:/home/yeryn/final/install/unitree_ocr_interfaces:/home/yeryn/final/install/unitree_nav_interfaces:/home/yeryn/final/install/unitree_inspection_interfaces:/home/yeryn/final/install/ros2_unitree_legged_msgs:/opt/ros/humble LD_LIBRARY_PATH=/home/yeryn/final/install/unitree_ocr_interfaces/lib:/home/yeryn/final/install/unitree_nav_interfaces/lib:/home/yeryn/final/install/unitree_inspection_interfaces/lib:/home/yeryn/final/install/ros2_unitree_legged_msgs/lib:${LD_LIBRARY_PATH} PYTHONPATH=/home/yeryn/final/install/unitree_ocr_interfaces/local/lib/python3.10/dist-packages:/home/yeryn/final/install/unitree_nav_interfaces/local/lib/python3.10/dist-packages:/home/yeryn/final/install/unitree_inspection_interfaces/local/lib/python3.10/dist-packages:/home/yeryn/final/install/ros2_unitree_legged_msgs/local/lib/python3.10/dist-packages:${PYTHONPATH} /usr/bin/cmake /home/yeryn/final/unitree_inspection/unitree_inspection -DCMAKE_INSTALL_PREFIX=/home/yeryn/final/install/unitree_inspection
[0.017s] -- Found ament_cmake: 1.3.9 (/opt/ros/humble/share/ament_cmake/cmake)
[0.095s] -- Found rclcpp: 16.0.9 (/opt/ros/humble/share/rclcpp/cmake)
[0.112s] -- Found rosidl_generator_c: 3.1.5 (/opt/ros/humble/share/rosidl_generator_c/cmake)
[0.113s] -- Found rosidl_adapter: 3.1.5 (/opt/ros/humble/share/rosidl_adapter/cmake)
[0.116s] -- Found rosidl_generator_cpp: 3.1.5 (/opt/ros/humble/share/rosidl_generator_cpp/cmake)
[0.121s] -- Using all available rosidl_typesupport_c: rosidl_typesupport_fastrtps_c;rosidl_typesupport_introspection_c
[0.128s] -- Using all available rosidl_typesupport_cpp: rosidl_typesupport_fastrtps_cpp;rosidl_typesupport_introspection_cpp
[0.160s] -- Found rmw_implementation_cmake: 6.1.2 (/opt/ros/humble/share/rmw_implementation_cmake/cmake)
[0.161s] -- Found rmw_fastrtps_cpp: 6.2.6 (/opt/ros/humble/share/rmw_fastrtps_cpp/cmake)
[0.223s] -- Using RMW implementation 'rmw_fastrtps_cpp' as default
[0.311s] -- Found rclcpp_action: 16.0.9 (/opt/ros/humble/share/rclcpp_action/cmake)
[0.362s] -- Found std_srvs: 4.2.3 (/opt/ros/humble/share/std_srvs/cmake)
[0.370s] -- Found geometry_msgs: 4.2.3 (/opt/ros/humble/share/geometry_msgs/cmake)
[0.393s] -- Found tf2: 0.25.6 (/opt/ros/humble/share/tf2/cmake)
[0.398s] -- Found tf2_geometry_msgs: 0.25.6 (/opt/ros/humble/share/tf2_geometry_msgs/cmake)
[0.400s] -- Found eigen3_cmake_module: 0.1.1 (/opt/ros/humble/share/eigen3_cmake_module/cmake)
[0.400s] -- Ensuring Eigen3 include directory is part of orocos-kdl CMake target
[0.548s] -- Found nav2_msgs: 1.1.14 (/opt/ros/humble/share/nav2_msgs/cmake)
[0.709s] -- Found unitree_nav_interfaces: 0.0.0 (/home/yeryn/final/install/unitree_nav_interfaces/share/unitree_nav_interfaces/cmake)
[0.742s] -- Found unitree_ocr_interfaces: 0.0.0 (/home/yeryn/final/install/unitree_ocr_interfaces/share/unitree_ocr_interfaces/cmake)
[0.754s] -- Found unitree_inspection_interfaces: 0.0.0 (/home/yeryn/final/install/unitree_inspection_interfaces/share/unitree_inspection_interfaces/cmake)
[0.768s] -- Found ament_lint_auto: 0.12.11 (/opt/ros/humble/share/ament_lint_auto/cmake)
[0.808s] -- Added test 'cppcheck' to perform static code analysis on C / C++ code
[0.808s] -- Configured cppcheck include dirs: 
[0.809s] -- Configured cppcheck exclude dirs and/or files: 
[0.809s] -- Added test 'flake8' to check Python code syntax and style conventions
[0.809s] -- Added test 'lint_cmake' to check CMake code style
[0.809s] -- Added test 'pep257' to check Python code against some of the docstring style conventions in PEP 257
[0.810s] -- Added test 'uncrustify' to check C / C++ code style
[0.810s] -- Configured uncrustify additional arguments: 
[0.810s] -- Added test 'xmllint' to check XML markup files
[0.811s] -- Configuring done
[0.819s] -- Generating done
[0.820s] -- Build files have been written to: /home/yeryn/final/build/unitree_inspection
[0.824s] Invoked command in '/home/yeryn/final/build/unitree_inspection' returned '0': AMENT_PREFIX_PATH=/home/yeryn/final/install/unitree_ocr:/home/yeryn/final/install/unitree_nav:/home/yeryn/final/install/unitree_ocr_interfaces:/home/yeryn/final/install/unitree_nav_interfaces:/home/yeryn/final/install/unitree_inspection_interfaces:/home/yeryn/final/install/ros2_unitree_legged_msgs:${AMENT_PREFIX_PATH} CMAKE_PREFIX_PATH=/home/yeryn/final/install/unitree_ocr:/home/yeryn/final/install/unitree_nav:/home/yeryn/final/install/unitree_ocr_interfaces:/home/yeryn/final/install/unitree_nav_interfaces:/home/yeryn/final/install/unitree_inspection_interfaces:/home/yeryn/final/install/ros2_unitree_legged_msgs:/opt/ros/humble LD_LIBRARY_PATH=/home/yeryn/final/install/unitree_ocr_interfaces/lib:/home/yeryn/final/install/unitree_nav_interfaces/lib:/home/yeryn/final/install/unitree_inspection_interfaces/lib:/home/yeryn/final/install/ros2_unitree_legged_msgs/lib:${LD_LIBRARY_PATH} PYTHONPATH=/home/yeryn/final/install/unitree_ocr_interfaces/local/lib/python3.10/dist-packages:/home/yeryn/final/install/unitree_nav_interfaces/local/lib/python3.10/dist-packages:/home/yeryn/final/install/unitree_inspection_interfaces/local/lib/python3.10/dist-packages:/home/yeryn/final/install/ros2_unitree_legged_msgs/local/lib/python3.10/dist-packages:${PYTHONPATH} /usr/bin/cmake /home/yeryn/final/unitree_inspection/unitree_inspection -DCMAKE_INSTALL_PREFIX=/home/yeryn/final/install/unitree_inspection
[0.825s] Invoking command in '/home/yeryn/final/build/unitree_inspection': AMENT_PREFIX_PATH=/home/yeryn/final/install/unitree_ocr:/home/yeryn/final/install/unitree_nav:/home/yeryn/final/install/unitree_ocr_interfaces:/home/yeryn/final/install/unitree_nav_interfaces:/home/yeryn/final/install/unitree_inspection_interfaces:/home/yeryn/final/install/ros2_unitree_legged_msgs:${AMENT_PREFIX_PATH} CMAKE_PREFIX_PATH=/home/yeryn/final/install/unitree_ocr:/home/yeryn/final/install/unitree_nav:/home/yeryn/final/install/unitree_ocr_interfaces:/home/yeryn/final/install/unitree_nav_interfaces:/home/yeryn/final/install/unitree_inspection_interfaces:/home/yeryn/final/install/ros2_unitree_legged_msgs:/opt/ros/humble LD_LIBRARY_PATH=/home/yeryn/final/install/unitree_ocr_interfaces/lib:/home/yeryn/final/install/unitree_nav_interfaces/lib:/home/yeryn/final/install/unitree_inspection_interfaces/lib:/home/yeryn/final/install/ros2_unitree_legged_msgs/lib:${LD_LIBRARY_PATH} PYTHONPATH=/home/yeryn/final/install/unitree_ocr_interfaces/local/lib/python3.10/dist-packages:/home/yeryn/final/install/unitree_nav_interfaces/local/lib/python3.10/dist-packages:/home/yeryn/final/install/unitree_inspection_interfaces/local/lib/python3.10/dist-packages:/home/yeryn/final/install/ros2_unitree_legged_msgs/local/lib/python3.10/dist-packages:${PYTHONPATH} /usr/bin/cmake --build /home/yeryn/final/build/unitree_inspection -- -j4 -l4
[0.850s] [ 50%] [32mBuilding CXX object CMakeFiles/inspection.dir/src/inspection.cpp.o[0m
[6.608s] [100%] [32m[1mLinking CXX executable inspection[0m
[7.016s] [100%] Built target inspection
[7.024s] Invoked command in '/home/yeryn/final/build/unitree_inspection' returned '0': AMENT_PREFIX_PATH=/home/yeryn/final/install/unitree_ocr:/home/yeryn/final/install/unitree_nav:/home/yeryn/final/install/unitree_ocr_interfaces:/home/yeryn/final/install/unitree_nav_interfaces:/home/yeryn/final/install/unitree_inspection_interfaces:/home/yeryn/final/install/ros2_unitree_legged_msgs:${AMENT_PREFIX_PATH} CMAKE_PREFIX_PATH=/home/yeryn/final/install/unitree_ocr:/home/yeryn/final/install/unitree_nav:/home/yeryn/final/install/unitree_ocr_interfaces:/home/yeryn/final/install/unitree_nav_interfaces:/home/yeryn/final/install/unitree_inspection_interfaces:/home/yeryn/final/install/ros2_unitree_legged_msgs:/opt/ros/humble LD_LIBRARY_PATH=/home/yeryn/final/install/unitree_ocr_interfaces/lib:/home/yeryn/final/install/unitree_nav_interfaces/lib:/home/yeryn/final/install/unitree_inspection_interfaces/lib:/home/yeryn/final/install/ros2_unitree_legged_msgs/lib:${LD_LIBRARY_PATH} PYTHONPATH=/home/yeryn/final/install/unitree_ocr_interfaces/local/lib/python3.10/dist-packages:/home/yeryn/final/install/unitree_nav_interfaces/local/lib/python3.10/dist-packages:/home/yeryn/final/install/unitree_inspection_interfaces/local/lib/python3.10/dist-packages:/home/yeryn/final/install/ros2_unitree_legged_msgs/local/lib/python3.10/dist-packages:${PYTHONPATH} /usr/bin/cmake --build /home/yeryn/final/build/unitree_inspection -- -j4 -l4
[7.037s] Invoking command in '/home/yeryn/final/build/unitree_inspection': AMENT_PREFIX_PATH=/home/yeryn/final/install/unitree_ocr:/home/yeryn/final/install/unitree_nav:/home/yeryn/final/install/unitree_ocr_interfaces:/home/yeryn/final/install/unitree_nav_interfaces:/home/yeryn/final/install/unitree_inspection_interfaces:/home/yeryn/final/install/ros2_unitree_legged_msgs:${AMENT_PREFIX_PATH} CMAKE_PREFIX_PATH=/home/yeryn/final/install/unitree_ocr:/home/yeryn/final/install/unitree_nav:/home/yeryn/final/install/unitree_ocr_interfaces:/home/yeryn/final/install/unitree_nav_interfaces:/home/yeryn/final/install/unitree_inspection_interfaces:/home/yeryn/final/install/ros2_unitree_legged_msgs:/opt/ros/humble LD_LIBRARY_PATH=/home/yeryn/final/install/unitree_ocr_interfaces/lib:/home/yeryn/final/install/unitree_nav_interfaces/lib:/home/yeryn/final/install/unitree_inspection_interfaces/lib:/home/yeryn/final/install/ros2_unitree_legged_msgs/lib:${LD_LIBRARY_PATH} PYTHONPATH=/home/yeryn/final/install/unitree_ocr_interfaces/local/lib/python3.10/dist-packages:/home/yeryn/final/install/unitree_nav_interfaces/local/lib/python3.10/dist-packages:/home/yeryn/final/install/unitree_inspection_interfaces/local/lib/python3.10/dist-packages:/home/yeryn/final/install/ros2_unitree_legged_msgs/local/lib/python3.10/dist-packages:${PYTHONPATH} /usr/bin/cmake --install /home/yeryn/final/build/unitree_inspection
[7.041s] -- Install configuration: ""
[7.041s] -- Installing: /home/yeryn/final/install/unitree_inspection/lib/unitree_inspection/inspection
[7.044s] -- Set runtime path of "/home/yeryn/final/install/unitree_inspection/lib/unitree_inspection/inspection" to ""
[7.044s] -- Installing: /home/yeryn/final/install/unitree_inspection/share/unitree_inspection/launch
[7.044s] -- Installing: /home/yeryn/final/install/unitree_inspection/share/unitree_inspection/launch/autonomous_inspection.launch.py
[7.045s] -- Installing: /home/yeryn/final/install/unitree_inspection/share/unitree_inspection/launch/inspection.launch.py
[7.045s] -- Installing: /home/yeryn/final/install/unitree_inspection/share/unitree_inspection/config
[7.045s] -- Installing: /home/yeryn/final/install/unitree_inspection/share/unitree_inspection/config/environment_params.yaml
[7.045s] -- Installing: /home/yeryn/final/install/unitree_inspection/share/ament_index/resource_index/package_run_dependencies/unitree_inspection
[7.045s] -- Installing: /home/yeryn/final/install/unitree_inspection/share/ament_index/resource_index/parent_prefix_path/unitree_inspection
[7.046s] -- Installing: /home/yeryn/final/install/unitree_inspection/share/unitree_inspection/environment/ament_prefix_path.sh
[7.046s] -- Installing: /home/yeryn/final/install/unitree_inspection/share/unitree_inspection/environment/ament_prefix_path.dsv
[7.046s] -- Installing: /home/yeryn/final/install/unitree_inspection/share/unitree_inspection/environment/path.sh
[7.046s] -- Installing: /home/yeryn/final/install/unitree_inspection/share/unitree_inspection/environment/path.dsv
[7.046s] -- Installing: /home/yeryn/final/install/unitree_inspection/share/unitree_inspection/local_setup.bash
[7.046s] -- Installing: /home/yeryn/final/install/unitree_inspection/share/unitree_inspection/local_setup.sh
[7.046s] -- Installing: /home/yeryn/final/install/unitree_inspection/share/unitree_inspection/local_setup.zsh
[7.046s] -- Installing: /home/yeryn/final/install/unitree_inspection/share/unitree_inspection/local_setup.dsv
[7.046s] -- Installing: /home/yeryn/final/install/unitree_inspection/share/unitree_inspection/package.dsv
[7.046s] -- Installing: /home/yeryn/final/install/unitree_inspection/share/ament_index/resource_index/packages/unitree_inspection
[7.046s] -- Installing: /home/yeryn/final/install/unitree_inspection/share/unitree_inspection/cmake/unitree_inspectionConfig.cmake
[7.046s] -- Installing: /home/yeryn/final/install/unitree_inspection/share/unitree_inspection/cmake/unitree_inspectionConfig-version.cmake
[7.046s] -- Installing: /home/yeryn/final/install/unitree_inspection/share/unitree_inspection/package.xml
[7.048s] Invoked command in '/home/yeryn/final/build/unitree_inspection' returned '0': AMENT_PREFIX_PATH=/home/yeryn/final/install/unitree_ocr:/home/yeryn/final/install/unitree_nav:/home/yeryn/final/install/unitree_ocr_interfaces:/home/yeryn/final/install/unitree_nav_interfaces:/home/yeryn/final/install/unitree_inspection_interfaces:/home/yeryn/final/install/ros2_unitree_legged_msgs:${AMENT_PREFIX_PATH} CMAKE_PREFIX_PATH=/home/yeryn/final/install/unitree_ocr:/home/yeryn/final/install/unitree_nav:/home/yeryn/final/install/unitree_ocr_interfaces:/home/yeryn/final/install/unitree_nav_interfaces:/home/yeryn/final/install/unitree_inspection_interfaces:/home/yeryn/final/install/ros2_unitree_legged_msgs:/opt/ros/humble LD_LIBRARY_PATH=/home/yeryn/final/install/unitree_ocr_interfaces/lib:/home/yeryn/final/install/unitree_nav_interfaces/lib:/home/yeryn/final/install/unitree_inspection_interfaces/lib:/home/yeryn/final/install/ros2_unitree_legged_msgs/lib:${LD_LIBRARY_PATH} PYTHONPATH=/home/yeryn/final/install/unitree_ocr_interfaces/local/lib/python3.10/dist-packages:/home/yeryn/final/install/unitree_nav_interfaces/local/lib/python3.10/dist-packages:/home/yeryn/final/install/unitree_inspection_interfaces/local/lib/python3.10/dist-packages:/home/yeryn/final/install/ros2_unitree_legged_msgs/local/lib/python3.10/dist-packages:${PYTHONPATH} /usr/bin/cmake --install /home/yeryn/final/build/unitree_inspection
