[0.075s] Invoking command in '/home/rs/go1_robot/build/unitree_inspection': AMENT_PREFIX_PATH=/home/rs/go1_robot/install/unitree_ocr:/home/rs/go1_robot/install/unitree_nav:/home/rs/go1_robot/install/unitree_ocr_interfaces:/home/rs/go1_robot/install/unitree_nav_interfaces:/home/rs/go1_robot/install/unitree_inspection_interfaces:/home/rs/go1_robot/install/ros2_unitree_legged_msgs CMAKE_PREFIX_PATH=/home/rs/go1_robot/install/unitree_ocr:/home/rs/go1_robot/install/unitree_nav:/home/rs/go1_robot/install/unitree_ocr_interfaces:/home/rs/go1_robot/install/unitree_nav_interfaces:/home/rs/go1_robot/install/unitree_inspection_interfaces:/home/rs/go1_robot/install/ros2_unitree_legged_msgs LD_LIBRARY_PATH=/home/rs/go1_robot/install/unitree_ocr_interfaces/lib:/home/rs/go1_robot/install/unitree_nav_interfaces/lib:/home/rs/go1_robot/install/unitree_inspection_interfaces/lib:/home/rs/go1_robot/install/ros2_unitree_legged_msgs/lib PYTHONPATH=/home/rs/go1_robot/install/unitree_ocr_interfaces/local/lib/python3.10/dist-packages:/home/rs/go1_robot/install/unitree_nav_interfaces/local/lib/python3.10/dist-packages:/home/rs/go1_robot/install/unitree_inspection_interfaces/local/lib/python3.10/dist-packages:/home/rs/go1_robot/install/ros2_unitree_legged_msgs/local/lib/python3.10/dist-packages /usr/bin/cmake --build /home/rs/go1_robot/build/unitree_inspection -- -j13 -l13
[0.260s] [100%] Built target inspection
[0.290s] Invoked command in '/home/rs/go1_robot/build/unitree_inspection' returned '0': AMENT_PREFIX_PATH=/home/rs/go1_robot/install/unitree_ocr:/home/rs/go1_robot/install/unitree_nav:/home/rs/go1_robot/install/unitree_ocr_interfaces:/home/rs/go1_robot/install/unitree_nav_interfaces:/home/rs/go1_robot/install/unitree_inspection_interfaces:/home/rs/go1_robot/install/ros2_unitree_legged_msgs CMAKE_PREFIX_PATH=/home/rs/go1_robot/install/unitree_ocr:/home/rs/go1_robot/install/unitree_nav:/home/rs/go1_robot/install/unitree_ocr_interfaces:/home/rs/go1_robot/install/unitree_nav_interfaces:/home/rs/go1_robot/install/unitree_inspection_interfaces:/home/rs/go1_robot/install/ros2_unitree_legged_msgs LD_LIBRARY_PATH=/home/rs/go1_robot/install/unitree_ocr_interfaces/lib:/home/rs/go1_robot/install/unitree_nav_interfaces/lib:/home/rs/go1_robot/install/unitree_inspection_interfaces/lib:/home/rs/go1_robot/install/ros2_unitree_legged_msgs/lib PYTHONPATH=/home/rs/go1_robot/install/unitree_ocr_interfaces/local/lib/python3.10/dist-packages:/home/rs/go1_robot/install/unitree_nav_interfaces/local/lib/python3.10/dist-packages:/home/rs/go1_robot/install/unitree_inspection_interfaces/local/lib/python3.10/dist-packages:/home/rs/go1_robot/install/ros2_unitree_legged_msgs/local/lib/python3.10/dist-packages /usr/bin/cmake --build /home/rs/go1_robot/build/unitree_inspection -- -j13 -l13
[0.376s] Invoking command in '/home/rs/go1_robot/build/unitree_inspection': AMENT_PREFIX_PATH=/home/rs/go1_robot/install/unitree_ocr:/home/rs/go1_robot/install/unitree_nav:/home/rs/go1_robot/install/unitree_ocr_interfaces:/home/rs/go1_robot/install/unitree_nav_interfaces:/home/rs/go1_robot/install/unitree_inspection_interfaces:/home/rs/go1_robot/install/ros2_unitree_legged_msgs CMAKE_PREFIX_PATH=/home/rs/go1_robot/install/unitree_ocr:/home/rs/go1_robot/install/unitree_nav:/home/rs/go1_robot/install/unitree_ocr_interfaces:/home/rs/go1_robot/install/unitree_nav_interfaces:/home/rs/go1_robot/install/unitree_inspection_interfaces:/home/rs/go1_robot/install/ros2_unitree_legged_msgs LD_LIBRARY_PATH=/home/rs/go1_robot/install/unitree_ocr_interfaces/lib:/home/rs/go1_robot/install/unitree_nav_interfaces/lib:/home/rs/go1_robot/install/unitree_inspection_interfaces/lib:/home/rs/go1_robot/install/ros2_unitree_legged_msgs/lib PYTHONPATH=/home/rs/go1_robot/install/unitree_ocr_interfaces/local/lib/python3.10/dist-packages:/home/rs/go1_robot/install/unitree_nav_interfaces/local/lib/python3.10/dist-packages:/home/rs/go1_robot/install/unitree_inspection_interfaces/local/lib/python3.10/dist-packages:/home/rs/go1_robot/install/ros2_unitree_legged_msgs/local/lib/python3.10/dist-packages /usr/bin/cmake --install /home/rs/go1_robot/build/unitree_inspection
[0.389s] -- Install configuration: ""
[0.389s] -- Up-to-date: /home/rs/go1_robot/install/unitree_inspection/lib/unitree_inspection/inspection
[0.390s] -- Up-to-date: /home/rs/go1_robot/install/unitree_inspection/share/unitree_inspection/launch
[0.391s] -- Up-to-date: /home/rs/go1_robot/install/unitree_inspection/share/unitree_inspection/launch/inspection.launch.py
[0.391s] -- Up-to-date: /home/rs/go1_robot/install/unitree_inspection/share/unitree_inspection/launch/autonomous_inspection.launch.py
[0.391s] -- Up-to-date: /home/rs/go1_robot/install/unitree_inspection/share/unitree_inspection/config
[0.392s] -- Up-to-date: /home/rs/go1_robot/install/unitree_inspection/share/unitree_inspection/config/environment_params.yaml
[0.394s] -- Up-to-date: /home/rs/go1_robot/install/unitree_inspection/share/ament_index/resource_index/package_run_dependencies/unitree_inspection
[0.394s] -- Up-to-date: /home/rs/go1_robot/install/unitree_inspection/share/ament_index/resource_index/parent_prefix_path/unitree_inspection
[0.394s] -- Up-to-date: /home/rs/go1_robot/install/unitree_inspection/share/unitree_inspection/environment/ament_prefix_path.sh
[0.394s] -- Up-to-date: /home/rs/go1_robot/install/unitree_inspection/share/unitree_inspection/environment/ament_prefix_path.dsv
[0.395s] -- Up-to-date: /home/rs/go1_robot/install/unitree_inspection/share/unitree_inspection/environment/path.sh
[0.395s] -- Up-to-date: /home/rs/go1_robot/install/unitree_inspection/share/unitree_inspection/environment/path.dsv
[0.396s] -- Up-to-date: /home/rs/go1_robot/install/unitree_inspection/share/unitree_inspection/local_setup.bash
[0.396s] -- Up-to-date: /home/rs/go1_robot/install/unitree_inspection/share/unitree_inspection/local_setup.sh
[0.396s] -- Up-to-date: /home/rs/go1_robot/install/unitree_inspection/share/unitree_inspection/local_setup.zsh
[0.396s] -- Up-to-date: /home/rs/go1_robot/install/unitree_inspection/share/unitree_inspection/local_setup.dsv
[0.396s] -- Installing: /home/rs/go1_robot/install/unitree_inspection/share/unitree_inspection/package.dsv
[0.396s] -- Up-to-date: /home/rs/go1_robot/install/unitree_inspection/share/ament_index/resource_index/packages/unitree_inspection
[0.398s] -- Up-to-date: /home/rs/go1_robot/install/unitree_inspection/share/unitree_inspection/cmake/unitree_inspectionConfig.cmake
[0.399s] -- Up-to-date: /home/rs/go1_robot/install/unitree_inspection/share/unitree_inspection/cmake/unitree_inspectionConfig-version.cmake
[0.400s] -- Up-to-date: /home/rs/go1_robot/install/unitree_inspection/share/unitree_inspection/package.xml
[0.408s] Invoked command in '/home/rs/go1_robot/build/unitree_inspection' returned '0': AMENT_PREFIX_PATH=/home/rs/go1_robot/install/unitree_ocr:/home/rs/go1_robot/install/unitree_nav:/home/rs/go1_robot/install/unitree_ocr_interfaces:/home/rs/go1_robot/install/unitree_nav_interfaces:/home/rs/go1_robot/install/unitree_inspection_interfaces:/home/rs/go1_robot/install/ros2_unitree_legged_msgs CMAKE_PREFIX_PATH=/home/rs/go1_robot/install/unitree_ocr:/home/rs/go1_robot/install/unitree_nav:/home/rs/go1_robot/install/unitree_ocr_interfaces:/home/rs/go1_robot/install/unitree_nav_interfaces:/home/rs/go1_robot/install/unitree_inspection_interfaces:/home/rs/go1_robot/install/ros2_unitree_legged_msgs LD_LIBRARY_PATH=/home/rs/go1_robot/install/unitree_ocr_interfaces/lib:/home/rs/go1_robot/install/unitree_nav_interfaces/lib:/home/rs/go1_robot/install/unitree_inspection_interfaces/lib:/home/rs/go1_robot/install/ros2_unitree_legged_msgs/lib PYTHONPATH=/home/rs/go1_robot/install/unitree_ocr_interfaces/local/lib/python3.10/dist-packages:/home/rs/go1_robot/install/unitree_nav_interfaces/local/lib/python3.10/dist-packages:/home/rs/go1_robot/install/unitree_inspection_interfaces/local/lib/python3.10/dist-packages:/home/rs/go1_robot/install/ros2_unitree_legged_msgs/local/lib/python3.10/dist-packages /usr/bin/cmake --install /home/rs/go1_robot/build/unitree_inspection
