[0.078s] Invoking command in '/home/rs/go1_robot/build/unitree_inspection': AMENT_PREFIX_PATH=/home/rs/go1_robot/install/unitree_ocr:/home/rs/go1_robot/install/unitree_nav:/home/rs/go1_robot/install/unitree_ocr_interfaces:/home/rs/go1_robot/install/unitree_nav_interfaces:/home/rs/go1_robot/install/unitree_inspection_interfaces:/home/rs/go1_robot/install/ros2_unitree_legged_msgs CMAKE_PREFIX_PATH=/home/rs/go1_robot/install/unitree_ocr:/home/rs/go1_robot/install/unitree_nav:/home/rs/go1_robot/install/unitree_ocr_interfaces:/home/rs/go1_robot/install/unitree_nav_interfaces:/home/rs/go1_robot/install/unitree_inspection_interfaces:/home/rs/go1_robot/install/ros2_unitree_legged_msgs LD_LIBRARY_PATH=/home/rs/go1_robot/install/unitree_ocr_interfaces/lib:/home/rs/go1_robot/install/unitree_nav_interfaces/lib:/home/rs/go1_robot/install/unitree_inspection_interfaces/lib:/home/rs/go1_robot/install/ros2_unitree_legged_msgs/lib PYTHONPATH=/home/rs/go1_robot/install/unitree_ocr_interfaces/local/lib/python3.10/dist-packages:/home/rs/go1_robot/install/unitree_nav_interfaces/local/lib/python3.10/dist-packages:/home/rs/go1_robot/install/unitree_inspection_interfaces/local/lib/python3.10/dist-packages:/home/rs/go1_robot/install/ros2_unitree_legged_msgs/local/lib/python3.10/dist-packages /usr/bin/cmake --build /home/rs/go1_robot/build/unitree_inspection -- -j13 -l13
[0.286s] [100%] Built target inspection
[0.323s] Invoked command in '/home/rs/go1_robot/build/unitree_inspection' returned '0': AMENT_PREFIX_PATH=/home/rs/go1_robot/install/unitree_ocr:/home/rs/go1_robot/install/unitree_nav:/home/rs/go1_robot/install/unitree_ocr_interfaces:/home/rs/go1_robot/install/unitree_nav_interfaces:/home/rs/go1_robot/install/unitree_inspection_interfaces:/home/rs/go1_robot/install/ros2_unitree_legged_msgs CMAKE_PREFIX_PATH=/home/rs/go1_robot/install/unitree_ocr:/home/rs/go1_robot/install/unitree_nav:/home/rs/go1_robot/install/unitree_ocr_interfaces:/home/rs/go1_robot/install/unitree_nav_interfaces:/home/rs/go1_robot/install/unitree_inspection_interfaces:/home/rs/go1_robot/install/ros2_unitree_legged_msgs LD_LIBRARY_PATH=/home/rs/go1_robot/install/unitree_ocr_interfaces/lib:/home/rs/go1_robot/install/unitree_nav_interfaces/lib:/home/rs/go1_robot/install/unitree_inspection_interfaces/lib:/home/rs/go1_robot/install/ros2_unitree_legged_msgs/lib PYTHONPATH=/home/rs/go1_robot/install/unitree_ocr_interfaces/local/lib/python3.10/dist-packages:/home/rs/go1_robot/install/unitree_nav_interfaces/local/lib/python3.10/dist-packages:/home/rs/go1_robot/install/unitree_inspection_interfaces/local/lib/python3.10/dist-packages:/home/rs/go1_robot/install/ros2_unitree_legged_msgs/local/lib/python3.10/dist-packages /usr/bin/cmake --build /home/rs/go1_robot/build/unitree_inspection -- -j13 -l13
[0.450s] Invoking command in '/home/rs/go1_robot/build/unitree_inspection': AMENT_PREFIX_PATH=/home/rs/go1_robot/install/unitree_ocr:/home/rs/go1_robot/install/unitree_nav:/home/rs/go1_robot/install/unitree_ocr_interfaces:/home/rs/go1_robot/install/unitree_nav_interfaces:/home/rs/go1_robot/install/unitree_inspection_interfaces:/home/rs/go1_robot/install/ros2_unitree_legged_msgs CMAKE_PREFIX_PATH=/home/rs/go1_robot/install/unitree_ocr:/home/rs/go1_robot/install/unitree_nav:/home/rs/go1_robot/install/unitree_ocr_interfaces:/home/rs/go1_robot/install/unitree_nav_interfaces:/home/rs/go1_robot/install/unitree_inspection_interfaces:/home/rs/go1_robot/install/ros2_unitree_legged_msgs LD_LIBRARY_PATH=/home/rs/go1_robot/install/unitree_ocr_interfaces/lib:/home/rs/go1_robot/install/unitree_nav_interfaces/lib:/home/rs/go1_robot/install/unitree_inspection_interfaces/lib:/home/rs/go1_robot/install/ros2_unitree_legged_msgs/lib PYTHONPATH=/home/rs/go1_robot/install/unitree_ocr_interfaces/local/lib/python3.10/dist-packages:/home/rs/go1_robot/install/unitree_nav_interfaces/local/lib/python3.10/dist-packages:/home/rs/go1_robot/install/unitree_inspection_interfaces/local/lib/python3.10/dist-packages:/home/rs/go1_robot/install/ros2_unitree_legged_msgs/local/lib/python3.10/dist-packages /usr/bin/cmake --install /home/rs/go1_robot/build/unitree_inspection
[0.475s] -- Install configuration: ""
[0.476s] -- Up-to-date: /home/rs/go1_robot/install/unitree_inspection/lib/unitree_inspection/inspection
[0.477s] -- Up-to-date: /home/rs/go1_robot/install/unitree_inspection/share/unitree_inspection/launch
[0.478s] -- Up-to-date: /home/rs/go1_robot/install/unitree_inspection/share/unitree_inspection/launch/inspection.launch.py
[0.479s] -- Up-to-date: /home/rs/go1_robot/install/unitree_inspection/share/unitree_inspection/launch/autonomous_inspection.launch.py
[0.479s] -- Up-to-date: /home/rs/go1_robot/install/unitree_inspection/share/unitree_inspection/config
[0.479s] -- Up-to-date: /home/rs/go1_robot/install/unitree_inspection/share/unitree_inspection/config/environment_params.yaml
[0.480s] -- Up-to-date: /home/rs/go1_robot/install/unitree_inspection/share/ament_index/resource_index/package_run_dependencies/unitree_inspection
[0.480s] -- Up-to-date: /home/rs/go1_robot/install/unitree_inspection/share/ament_index/resource_index/parent_prefix_path/unitree_inspection
[0.481s] -- Up-to-date: /home/rs/go1_robot/install/unitree_inspection/share/unitree_inspection/environment/ament_prefix_path.sh
[0.481s] -- Up-to-date: /home/rs/go1_robot/install/unitree_inspection/share/unitree_inspection/environment/ament_prefix_path.dsv
[0.482s] -- Up-to-date: /home/rs/go1_robot/install/unitree_inspection/share/unitree_inspection/environment/path.sh
[0.483s] -- Up-to-date: /home/rs/go1_robot/install/unitree_inspection/share/unitree_inspection/environment/path.dsv
[0.483s] -- Up-to-date: /home/rs/go1_robot/install/unitree_inspection/share/unitree_inspection/local_setup.bash
[0.483s] -- Up-to-date: /home/rs/go1_robot/install/unitree_inspection/share/unitree_inspection/local_setup.sh
[0.483s] -- Up-to-date: /home/rs/go1_robot/install/unitree_inspection/share/unitree_inspection/local_setup.zsh
[0.483s] -- Up-to-date: /home/rs/go1_robot/install/unitree_inspection/share/unitree_inspection/local_setup.dsv
[0.483s] -- Installing: /home/rs/go1_robot/install/unitree_inspection/share/unitree_inspection/package.dsv
[0.483s] -- Up-to-date: /home/rs/go1_robot/install/unitree_inspection/share/ament_index/resource_index/packages/unitree_inspection
[0.484s] -- Up-to-date: /home/rs/go1_robot/install/unitree_inspection/share/unitree_inspection/cmake/unitree_inspectionConfig.cmake
[0.485s] -- Up-to-date: /home/rs/go1_robot/install/unitree_inspection/share/unitree_inspection/cmake/unitree_inspectionConfig-version.cmake
[0.486s] -- Up-to-date: /home/rs/go1_robot/install/unitree_inspection/share/unitree_inspection/package.xml
[0.489s] Invoked command in '/home/rs/go1_robot/build/unitree_inspection' returned '0': AMENT_PREFIX_PATH=/home/rs/go1_robot/install/unitree_ocr:/home/rs/go1_robot/install/unitree_nav:/home/rs/go1_robot/install/unitree_ocr_interfaces:/home/rs/go1_robot/install/unitree_nav_interfaces:/home/rs/go1_robot/install/unitree_inspection_interfaces:/home/rs/go1_robot/install/ros2_unitree_legged_msgs CMAKE_PREFIX_PATH=/home/rs/go1_robot/install/unitree_ocr:/home/rs/go1_robot/install/unitree_nav:/home/rs/go1_robot/install/unitree_ocr_interfaces:/home/rs/go1_robot/install/unitree_nav_interfaces:/home/rs/go1_robot/install/unitree_inspection_interfaces:/home/rs/go1_robot/install/ros2_unitree_legged_msgs LD_LIBRARY_PATH=/home/rs/go1_robot/install/unitree_ocr_interfaces/lib:/home/rs/go1_robot/install/unitree_nav_interfaces/lib:/home/rs/go1_robot/install/unitree_inspection_interfaces/lib:/home/rs/go1_robot/install/ros2_unitree_legged_msgs/lib PYTHONPATH=/home/rs/go1_robot/install/unitree_ocr_interfaces/local/lib/python3.10/dist-packages:/home/rs/go1_robot/install/unitree_nav_interfaces/local/lib/python3.10/dist-packages:/home/rs/go1_robot/install/unitree_inspection_interfaces/local/lib/python3.10/dist-packages:/home/rs/go1_robot/install/ros2_unitree_legged_msgs/local/lib/python3.10/dist-packages /usr/bin/cmake --install /home/rs/go1_robot/build/unitree_inspection
