[0.046s] Invoking command in '/home/rs/go1_robot/build/unitree_ocr': AMENT_PREFIX_PATH=/home/rs/go1_robot/install/unitree_ocr_interfaces CMAKE_PREFIX_PATH=/home/rs/go1_robot/install/unitree_ocr_interfaces LD_LIBRARY_PATH=/home/rs/go1_robot/install/unitree_ocr_interfaces/lib PYTHONPATH=/home/rs/go1_robot/install/unitree_ocr_interfaces/local/lib/python3.10/dist-packages /usr/bin/cmake --build /home/rs/go1_robot/build/unitree_ocr -- -j13 -l13
[0.304s] [ 20%] [34m[1mGenerate API documentation for doxygen[0m
[0.305s] [ 60%] Built target unitree_ocr
[0.381s] Doxygen version used: 1.9.1
[0.385s] Searching for include files...
[0.386s] Searching for example files...
[0.386s] Searching for images...
[0.386s] Searching for dot files...
[0.387s] Searching for msc files...
[0.388s] Searching for dia files...
[0.388s] Searching for files to exclude
[0.390s] Searching INPUT for files to process...
[0.390s] Reading and parsing tag files
[0.391s] Parsing files
[0.392s] Preprocessing /home/rs/go1_robot/src/unitree_inspection/unitree_ocr/include/unitree_ocr/ocr.hpp...
[0.392s] Parsing file /home/rs/go1_robot/src/unitree_inspection/unitree_ocr/include/unitree_ocr/ocr.hpp...
[0.392s] [100%] Built target text_detection_subscriber
[0.393s] Preprocessing /home/rs/go1_robot/src/unitree_inspection/unitree_ocr/src/ocr.cpp...
[0.393s] Parsing file /home/rs/go1_robot/src/unitree_inspection/unitree_ocr/src/ocr.cpp...
[0.394s] Building macro definition list...
[0.394s] Building group list...
[0.395s] Building directory list...
[0.396s] Building namespace list...
[0.396s] Building file list...
[0.404s] Building class list...
[0.405s] Computing nesting relations for classes...
[0.407s] Associating documentation with classes...
[0.407s] Building example list...
[0.407s] Searching for enumerations...
[0.408s] Searching for documented typedefs...
[0.408s] Searching for members imported via using declarations...
[0.409s] Searching for included using directives...
[0.409s] Searching for documented variables...
[0.409s] Building interface member list...
[0.409s] Building member list...
[0.409s] Searching for friends...
[0.410s] Searching for documented defines...
[0.410s] Computing class inheritance relations...
[0.410s] Computing class usage relations...
[0.411s] Flushing cached template relations that have become invalid...
[0.411s] Computing class relations...
[0.411s] Add enum values to enums...
[0.412s] Searching for member function documentation...
[0.412s] Creating members for template instances...
[0.412s] Building page list...
[0.412s] Search for main page...
[0.412s] Computing page relations...
[0.412s] Determining the scope of groups...
[0.413s] Sorting lists...
[0.413s] Determining which enums are documented
[0.413s] Computing member relations...
[0.413s] Building full member lists recursively...
[0.414s] Adding members to member groups.
[0.414s] Computing member references...
[0.414s] Inheriting documentation...
[0.414s] Generating disk names...
[0.414s] Adding source references...
[0.414s] Adding xrefitems...
[0.414s] Sorting member lists...
[0.415s] Setting anonymous enum type...
[0.415s] Computing dependencies between directories...
[0.415s] Generating citations page...
[0.415s] Counting members...
[0.415s] Counting data structures...
[0.415s] Resolving user defined references...
[0.415s] Finding anchors and sections in the documentation...
[0.415s] Transferring function references...
[0.415s] Combining using relations...
[0.415s] Adding members to index pages...
[0.416s] Correcting members for VHDL...
[0.416s] Computing tooltip texts...
[0.416s] Generating style sheet...
[0.417s] Generating search indices...
[0.417s] Generating example documentation...
[0.418s] Generating file sources...
[0.418s] Generating code for file include/unitree_ocr/ocr.hpp...
[0.425s] Generating file documentation...
[0.425s] Generating page documentation...
[0.425s] Generating group documentation...
[0.426s] Generating class documentation...
[0.426s] Generating namespace index...
[0.426s] Generating docs for compound unitree_ocr::TextDetector...
[0.426s] Generating graph info page...
[0.427s] Generating directory documentation...
[0.433s] Generating index page...
[0.434s] Generating page index...
[0.435s] Generating module index...
[0.436s] Generating namespace index...
[0.437s] Generating namespace member index...
[0.438s] Generating annotated compound index...
[0.438s] Generating alphabetical compound index...
[0.438s] Generating hierarchical class index...
[0.439s] Generating graphical class hierarchy...
[0.439s] Generating member index...
[0.449s] Generating file index...
[0.449s] Generating file member index...
[0.450s] Generating example index...
[0.451s] finalizing index lists...
[0.452s] writing tag file...
[0.453s] Running plantuml with JAVA...
[0.453s] Running dot...
[0.461s] lookup cache used 16/65536 hits=27 misses=16
[0.461s] finished...
[0.494s] [100%] Built target doxygen
[0.526s] Invoked command in '/home/rs/go1_robot/build/unitree_ocr' returned '0': AMENT_PREFIX_PATH=/home/rs/go1_robot/install/unitree_ocr_interfaces CMAKE_PREFIX_PATH=/home/rs/go1_robot/install/unitree_ocr_interfaces LD_LIBRARY_PATH=/home/rs/go1_robot/install/unitree_ocr_interfaces/lib PYTHONPATH=/home/rs/go1_robot/install/unitree_ocr_interfaces/local/lib/python3.10/dist-packages /usr/bin/cmake --build /home/rs/go1_robot/build/unitree_ocr -- -j13 -l13
[0.640s] Invoking command in '/home/rs/go1_robot/build/unitree_ocr': AMENT_PREFIX_PATH=/home/rs/go1_robot/install/unitree_ocr_interfaces CMAKE_PREFIX_PATH=/home/rs/go1_robot/install/unitree_ocr_interfaces LD_LIBRARY_PATH=/home/rs/go1_robot/install/unitree_ocr_interfaces/lib PYTHONPATH=/home/rs/go1_robot/install/unitree_ocr_interfaces/local/lib/python3.10/dist-packages /usr/bin/cmake --install /home/rs/go1_robot/build/unitree_ocr
[0.660s] -- Install configuration: ""
[0.661s] -- Execute custom install script
[0.662s] -- Up-to-date symlink: /home/rs/go1_robot/install/unitree_ocr/lib/unitree_ocr/text_detection_subscriber
[0.663s] -- Up-to-date symlink: /home/rs/go1_robot/install/unitree_ocr/include/unitree_ocr/ocr.hpp
[0.664s] -- Up-to-date symlink: /home/rs/go1_robot/install/unitree_ocr/share/unitree_ocr/launch/text_detection_subscriber.launch.py
[0.665s] -- Up-to-date symlink: /home/rs/go1_robot/install/unitree_ocr/share/unitree_ocr/models/README.md
[0.665s] -- Up-to-date symlink: /home/rs/go1_robot/install/unitree_ocr/share/ament_index/resource_index/package_run_dependencies/unitree_ocr
[0.667s] -- Up-to-date symlink: /home/rs/go1_robot/install/unitree_ocr/share/ament_index/resource_index/parent_prefix_path/unitree_ocr
[0.668s] -- Up-to-date symlink: /home/rs/go1_robot/install/unitree_ocr/share/unitree_ocr/environment/ament_prefix_path.sh
[0.669s] -- Up-to-date symlink: /home/rs/go1_robot/install/unitree_ocr/share/unitree_ocr/environment/ament_prefix_path.dsv
[0.669s] -- Up-to-date symlink: /home/rs/go1_robot/install/unitree_ocr/share/unitree_ocr/environment/path.sh
[0.670s] -- Up-to-date symlink: /home/rs/go1_robot/install/unitree_ocr/share/unitree_ocr/environment/path.dsv
[0.671s] -- Up-to-date symlink: /home/rs/go1_robot/install/unitree_ocr/share/unitree_ocr/local_setup.bash
[0.671s] -- Up-to-date symlink: /home/rs/go1_robot/install/unitree_ocr/share/unitree_ocr/local_setup.sh
[0.671s] -- Up-to-date symlink: /home/rs/go1_robot/install/unitree_ocr/share/unitree_ocr/local_setup.zsh
[0.672s] -- Up-to-date symlink: /home/rs/go1_robot/install/unitree_ocr/share/unitree_ocr/local_setup.dsv
[0.672s] -- Symlinking: /home/rs/go1_robot/install/unitree_ocr/share/unitree_ocr/package.dsv
[0.691s] -- Up-to-date symlink: /home/rs/go1_robot/install/unitree_ocr/share/ament_index/resource_index/packages/unitree_ocr
[0.692s] -- Up-to-date symlink: /home/rs/go1_robot/install/unitree_ocr/share/unitree_ocr/cmake/unitree_ocrConfig.cmake
[0.693s] -- Up-to-date symlink: /home/rs/go1_robot/install/unitree_ocr/share/unitree_ocr/cmake/unitree_ocrConfig-version.cmake
[0.693s] -- Up-to-date symlink: /home/rs/go1_robot/install/unitree_ocr/share/unitree_ocr/package.xml
[0.693s] -- Up-to-date: /home/rs/go1_robot/install/unitree_ocr/lib/libunitree_ocr.a
[0.694s] -- Up-to-date: /home/rs/go1_robot/install/unitree_ocr/lib/cmake/unitree_ocr/unitree_ocr-config.cmake
[0.695s] -- Up-to-date: /home/rs/go1_robot/install/unitree_ocr/lib/cmake/unitree_ocr/unitree_ocr-config-noconfig.cmake
[0.702s] Invoked command in '/home/rs/go1_robot/build/unitree_ocr' returned '0': AMENT_PREFIX_PATH=/home/rs/go1_robot/install/unitree_ocr_interfaces CMAKE_PREFIX_PATH=/home/rs/go1_robot/install/unitree_ocr_interfaces LD_LIBRARY_PATH=/home/rs/go1_robot/install/unitree_ocr_interfaces/lib PYTHONPATH=/home/rs/go1_robot/install/unitree_ocr_interfaces/local/lib/python3.10/dist-packages /usr/bin/cmake --install /home/rs/go1_robot/build/unitree_ocr
