[0.128s] Invoking command in '/home/rs/final_auto/build/unitree_nav_interfaces': CMAKE_PREFIX_PATH=${CMAKE_PREFIX_PATH}:/home/rs/final_auto/install/unitree_nav_launch_module:/opt/ros/humble /usr/bin/cmake --build /home/rs/final_auto/build/unitree_nav_interfaces -- -j13 -l13
[0.510s] [  2%] Built target unitree_nav_interfaces_srv__cpp
[0.579s] [ 12%] Built target unitree_nav_interfaces_srv__rosidl_generator_c
[0.604s] [ 12%] Built target ament_cmake_python_copy_unitree_nav_interfaces
[0.884s] [ 23%] Built target unitree_nav_interfaces_srv__rosidl_typesupport_cpp
[0.930s] [ 36%] Built target unitree_nav_interfaces_srv__rosidl_typesupport_c
[0.931s] [ 44%] Built target unitree_nav_interfaces_srv__rosidl_typesupport_fastrtps_cpp
[0.945s] [ 55%] Built target unitree_nav_interfaces_srv__rosidl_typesupport_introspection_cpp
[0.946s] [ 65%] Built target unitree_nav_interfaces_srv__rosidl_typesupport_introspection_c
[0.963s] [ 76%] Built target unitree_nav_interfaces_srv__rosidl_typesupport_fastrtps_c
[1.116s] [ 76%] Built target unitree_nav_interfaces_srv
[1.228s] [ 78%] Built target unitree_nav_interfaces_srv__py
[1.366s] [ 87%] Built target unitree_nav_interfaces_srv__rosidl_generator_py
[1.531s] [ 91%] Built target unitree_nav_interfaces__rosidl_typesupport_fastrtps_c__pyext
[1.535s] [ 95%] Built target unitree_nav_interfaces__rosidl_typesupport_introspection_c__pyext
[1.556s] [100%] Built target unitree_nav_interfaces__rosidl_typesupport_c__pyext
[1.892s] running egg_info
[1.905s] writing unitree_nav_interfaces.egg-info/PKG-INFO
[1.905s] writing dependency_links to unitree_nav_interfaces.egg-info/dependency_links.txt
[1.906s] writing top-level names to unitree_nav_interfaces.egg-info/top_level.txt
[1.906s] reading manifest file 'unitree_nav_interfaces.egg-info/SOURCES.txt'
[1.907s] writing manifest file 'unitree_nav_interfaces.egg-info/SOURCES.txt'
[1.999s] [100%] Built target ament_cmake_python_build_unitree_nav_interfaces_egg
[2.050s] Invoked command in '/home/rs/final_auto/build/unitree_nav_interfaces' returned '0': CMAKE_PREFIX_PATH=${CMAKE_PREFIX_PATH}:/home/rs/final_auto/install/unitree_nav_launch_module:/opt/ros/humble /usr/bin/cmake --build /home/rs/final_auto/build/unitree_nav_interfaces -- -j13 -l13
[2.765s] Invoking command in '/home/rs/final_auto/build/unitree_nav_interfaces': CMAKE_PREFIX_PATH=${CMAKE_PREFIX_PATH}:/home/rs/final_auto/install/unitree_nav_launch_module:/opt/ros/humble /usr/bin/cmake --install /home/rs/final_auto/build/unitree_nav_interfaces
[2.792s] -- Install configuration: ""
[2.794s] -- Up-to-date: /home/rs/final_auto/install/unitree_nav_interfaces/share/ament_index/resource_index/rosidl_interfaces/unitree_nav_interfaces
[2.798s] -- Up-to-date: /home/rs/final_auto/install/unitree_nav_interfaces/include/unitree_nav_interfaces/unitree_nav_interfaces
[2.799s] -- Up-to-date: /home/rs/final_auto/install/unitree_nav_interfaces/include/unitree_nav_interfaces/unitree_nav_interfaces/srv
[2.800s] -- Up-to-date: /home/rs/final_auto/install/unitree_nav_interfaces/include/unitree_nav_interfaces/unitree_nav_interfaces/srv/detail
[2.803s] -- Up-to-date: /home/rs/final_auto/install/unitree_nav_interfaces/include/unitree_nav_interfaces/unitree_nav_interfaces/srv/detail/nav_to_pose__functions.h
[2.804s] -- Up-to-date: /home/rs/final_auto/install/unitree_nav_interfaces/include/unitree_nav_interfaces/unitree_nav_interfaces/srv/detail/set_body_rpy__struct.h
[2.805s] -- Up-to-date: /home/rs/final_auto/install/unitree_nav_interfaces/include/unitree_nav_interfaces/unitree_nav_interfaces/srv/detail/set_body_rpy__type_support.h
[2.806s] -- Up-to-date: /home/rs/final_auto/install/unitree_nav_interfaces/include/unitree_nav_interfaces/unitree_nav_interfaces/srv/detail/nav_to_pose__type_support.h
[2.807s] -- Up-to-date: /home/rs/final_auto/install/unitree_nav_interfaces/include/unitree_nav_interfaces/unitree_nav_interfaces/srv/detail/set_body_rpy__functions.h
[2.808s] -- Up-to-date: /home/rs/final_auto/install/unitree_nav_interfaces/include/unitree_nav_interfaces/unitree_nav_interfaces/srv/detail/set_gait__struct.h
[2.810s] -- Up-to-date: /home/rs/final_auto/install/unitree_nav_interfaces/include/unitree_nav_interfaces/unitree_nav_interfaces/srv/detail/nav_to_pose__functions.c
[2.811s] -- Up-to-date: /home/rs/final_auto/install/unitree_nav_interfaces/include/unitree_nav_interfaces/unitree_nav_interfaces/srv/detail/set_gait__functions.h
[2.811s] -- Up-to-date: /home/rs/final_auto/install/unitree_nav_interfaces/include/unitree_nav_interfaces/unitree_nav_interfaces/srv/detail/nav_to_pose__struct.h
[2.812s] -- Up-to-date: /home/rs/final_auto/install/unitree_nav_interfaces/include/unitree_nav_interfaces/unitree_nav_interfaces/srv/detail/set_gait__functions.c
[2.815s] -- Up-to-date: /home/rs/final_auto/install/unitree_nav_interfaces/include/unitree_nav_interfaces/unitree_nav_interfaces/srv/detail/set_gait__type_support.h
[2.817s] -- Up-to-date: /home/rs/final_auto/install/unitree_nav_interfaces/include/unitree_nav_interfaces/unitree_nav_interfaces/srv/detail/set_body_rpy__functions.c
[2.818s] -- Up-to-date: /home/rs/final_auto/install/unitree_nav_interfaces/include/unitree_nav_interfaces/unitree_nav_interfaces/srv/nav_to_pose.h
[2.822s] -- Up-to-date: /home/rs/final_auto/install/unitree_nav_interfaces/include/unitree_nav_interfaces/unitree_nav_interfaces/srv/set_gait.h
[2.823s] -- Up-to-date: /home/rs/final_auto/install/unitree_nav_interfaces/include/unitree_nav_interfaces/unitree_nav_interfaces/srv/set_body_rpy.h
[2.830s] -- Up-to-date: /home/rs/final_auto/install/unitree_nav_interfaces/include/unitree_nav_interfaces/unitree_nav_interfaces/msg
[2.831s] -- Up-to-date: /home/rs/final_auto/install/unitree_nav_interfaces/include/unitree_nav_interfaces/unitree_nav_interfaces/msg/rosidl_generator_c__visibility_control.h
[2.832s] -- Up-to-date: /home/rs/final_auto/install/unitree_nav_interfaces/share/unitree_nav_interfaces/environment/library_path.sh
[2.834s] -- Up-to-date: /home/rs/final_auto/install/unitree_nav_interfaces/share/unitree_nav_interfaces/environment/library_path.dsv
[2.837s] -- Up-to-date: /home/rs/final_auto/install/unitree_nav_interfaces/lib/libunitree_nav_interfaces__rosidl_generator_c.so
[2.837s] -- Up-to-date: /home/rs/final_auto/install/unitree_nav_interfaces/include/unitree_nav_interfaces/unitree_nav_interfaces
[2.838s] -- Up-to-date: /home/rs/final_auto/install/unitree_nav_interfaces/include/unitree_nav_interfaces/unitree_nav_interfaces/srv
[2.838s] -- Up-to-date: /home/rs/final_auto/install/unitree_nav_interfaces/include/unitree_nav_interfaces/unitree_nav_interfaces/srv/detail
[2.839s] -- Up-to-date: /home/rs/final_auto/install/unitree_nav_interfaces/include/unitree_nav_interfaces/unitree_nav_interfaces/srv/detail/nav_to_pose__rosidl_typesupport_fastrtps_c.h
[2.839s] -- Up-to-date: /home/rs/final_auto/install/unitree_nav_interfaces/include/unitree_nav_interfaces/unitree_nav_interfaces/srv/detail/set_body_rpy__rosidl_typesupport_fastrtps_c.h
[2.839s] -- Up-to-date: /home/rs/final_auto/install/unitree_nav_interfaces/include/unitree_nav_interfaces/unitree_nav_interfaces/srv/detail/set_gait__rosidl_typesupport_fastrtps_c.h
[2.839s] -- Up-to-date: /home/rs/final_auto/install/unitree_nav_interfaces/include/unitree_nav_interfaces/unitree_nav_interfaces/msg
[2.839s] -- Up-to-date: /home/rs/final_auto/install/unitree_nav_interfaces/include/unitree_nav_interfaces/unitree_nav_interfaces/msg/rosidl_typesupport_fastrtps_c__visibility_control.h
[2.839s] -- Up-to-date: /home/rs/final_auto/install/unitree_nav_interfaces/lib/libunitree_nav_interfaces__rosidl_typesupport_fastrtps_c.so
[2.839s] -- Up-to-date: /home/rs/final_auto/install/unitree_nav_interfaces/include/unitree_nav_interfaces/unitree_nav_interfaces
[2.840s] -- Up-to-date: /home/rs/final_auto/install/unitree_nav_interfaces/include/unitree_nav_interfaces/unitree_nav_interfaces/srv
[2.842s] -- Up-to-date: /home/rs/final_auto/install/unitree_nav_interfaces/include/unitree_nav_interfaces/unitree_nav_interfaces/srv/set_gait.hpp
[2.842s] -- Up-to-date: /home/rs/final_auto/install/unitree_nav_interfaces/include/unitree_nav_interfaces/unitree_nav_interfaces/srv/detail
[2.842s] -- Up-to-date: /home/rs/final_auto/install/unitree_nav_interfaces/include/unitree_nav_interfaces/unitree_nav_interfaces/srv/detail/set_gait__struct.hpp
[2.843s] -- Up-to-date: /home/rs/final_auto/install/unitree_nav_interfaces/include/unitree_nav_interfaces/unitree_nav_interfaces/srv/detail/set_gait__builder.hpp
[2.846s] -- Up-to-date: /home/rs/final_auto/install/unitree_nav_interfaces/include/unitree_nav_interfaces/unitree_nav_interfaces/srv/detail/nav_to_pose__builder.hpp
[2.846s] -- Up-to-date: /home/rs/final_auto/install/unitree_nav_interfaces/include/unitree_nav_interfaces/unitree_nav_interfaces/srv/detail/nav_to_pose__struct.hpp
[2.847s] -- Up-to-date: /home/rs/final_auto/install/unitree_nav_interfaces/include/unitree_nav_interfaces/unitree_nav_interfaces/srv/detail/set_gait__traits.hpp
[2.848s] -- Up-to-date: /home/rs/final_auto/install/unitree_nav_interfaces/include/unitree_nav_interfaces/unitree_nav_interfaces/srv/detail/set_body_rpy__traits.hpp
[2.849s] -- Up-to-date: /home/rs/final_auto/install/unitree_nav_interfaces/include/unitree_nav_interfaces/unitree_nav_interfaces/srv/detail/nav_to_pose__traits.hpp
[2.849s] -- Up-to-date: /home/rs/final_auto/install/unitree_nav_interfaces/include/unitree_nav_interfaces/unitree_nav_interfaces/srv/detail/set_body_rpy__struct.hpp
[2.859s] -- Up-to-date: /home/rs/final_auto/install/unitree_nav_interfaces/include/unitree_nav_interfaces/unitree_nav_interfaces/srv/detail/set_body_rpy__builder.hpp
[2.860s] -- Up-to-date: /home/rs/final_auto/install/unitree_nav_interfaces/include/unitree_nav_interfaces/unitree_nav_interfaces/srv/nav_to_pose.hpp
[2.862s] -- Up-to-date: /home/rs/final_auto/install/unitree_nav_interfaces/include/unitree_nav_interfaces/unitree_nav_interfaces/srv/set_body_rpy.hpp
[2.863s] -- Up-to-date: /home/rs/final_auto/install/unitree_nav_interfaces/include/unitree_nav_interfaces/unitree_nav_interfaces
[2.866s] -- Up-to-date: /home/rs/final_auto/install/unitree_nav_interfaces/include/unitree_nav_interfaces/unitree_nav_interfaces/srv
[2.867s] -- Up-to-date: /home/rs/final_auto/install/unitree_nav_interfaces/include/unitree_nav_interfaces/unitree_nav_interfaces/srv/detail
[2.868s] -- Up-to-date: /home/rs/final_auto/install/unitree_nav_interfaces/include/unitree_nav_interfaces/unitree_nav_interfaces/srv/detail/set_gait__rosidl_typesupport_fastrtps_cpp.hpp
[2.869s] -- Up-to-date: /home/rs/final_auto/install/unitree_nav_interfaces/include/unitree_nav_interfaces/unitree_nav_interfaces/srv/detail/dds_fastrtps
[2.870s] -- Up-to-date: /home/rs/final_auto/install/unitree_nav_interfaces/include/unitree_nav_interfaces/unitree_nav_interfaces/srv/detail/set_body_rpy__rosidl_typesupport_fastrtps_cpp.hpp
[2.870s] -- Up-to-date: /home/rs/final_auto/install/unitree_nav_interfaces/include/unitree_nav_interfaces/unitree_nav_interfaces/srv/detail/nav_to_pose__rosidl_typesupport_fastrtps_cpp.hpp
[2.870s] -- Up-to-date: /home/rs/final_auto/install/unitree_nav_interfaces/include/unitree_nav_interfaces/unitree_nav_interfaces/msg
[2.871s] -- Up-to-date: /home/rs/final_auto/install/unitree_nav_interfaces/include/unitree_nav_interfaces/unitree_nav_interfaces/msg/rosidl_typesupport_fastrtps_cpp__visibility_control.h
[2.882s] -- Up-to-date: /home/rs/final_auto/install/unitree_nav_interfaces/lib/libunitree_nav_interfaces__rosidl_typesupport_fastrtps_cpp.so
[2.883s] -- Up-to-date: /home/rs/final_auto/install/unitree_nav_interfaces/include/unitree_nav_interfaces/unitree_nav_interfaces
[2.884s] -- Up-to-date: /home/rs/final_auto/install/unitree_nav_interfaces/include/unitree_nav_interfaces/unitree_nav_interfaces/srv
[2.885s] -- Up-to-date: /home/rs/final_auto/install/unitree_nav_interfaces/include/unitree_nav_interfaces/unitree_nav_interfaces/srv/detail
[2.886s] -- Up-to-date: /home/rs/final_auto/install/unitree_nav_interfaces/include/unitree_nav_interfaces/unitree_nav_interfaces/srv/detail/set_body_rpy__type_support.c
[2.887s] -- Up-to-date: /home/rs/final_auto/install/unitree_nav_interfaces/include/unitree_nav_interfaces/unitree_nav_interfaces/srv/detail/nav_to_pose__type_support.c
[2.912s] -- Up-to-date: /home/rs/final_auto/install/unitree_nav_interfaces/include/unitree_nav_interfaces/unitree_nav_interfaces/srv/detail/set_gait__rosidl_typesupport_introspection_c.h
[2.914s] -- Up-to-date: /home/rs/final_auto/install/unitree_nav_interfaces/include/unitree_nav_interfaces/unitree_nav_interfaces/srv/detail/set_body_rpy__rosidl_typesupport_introspection_c.h
[2.915s] -- Up-to-date: /home/rs/final_auto/install/unitree_nav_interfaces/include/unitree_nav_interfaces/unitree_nav_interfaces/srv/detail/set_gait__type_support.c
[2.916s] -- Up-to-date: /home/rs/final_auto/install/unitree_nav_interfaces/include/unitree_nav_interfaces/unitree_nav_interfaces/srv/detail/nav_to_pose__rosidl_typesupport_introspection_c.h
[2.917s] -- Up-to-date: /home/rs/final_auto/install/unitree_nav_interfaces/include/unitree_nav_interfaces/unitree_nav_interfaces/msg
[2.918s] -- Up-to-date: /home/rs/final_auto/install/unitree_nav_interfaces/include/unitree_nav_interfaces/unitree_nav_interfaces/msg/rosidl_typesupport_introspection_c__visibility_control.h
[2.919s] -- Up-to-date: /home/rs/final_auto/install/unitree_nav_interfaces/lib/libunitree_nav_interfaces__rosidl_typesupport_introspection_c.so
[2.924s] -- Up-to-date: /home/rs/final_auto/install/unitree_nav_interfaces/lib/libunitree_nav_interfaces__rosidl_typesupport_c.so
[2.937s] -- Up-to-date: /home/rs/final_auto/install/unitree_nav_interfaces/include/unitree_nav_interfaces/unitree_nav_interfaces
[2.938s] -- Up-to-date: /home/rs/final_auto/install/unitree_nav_interfaces/include/unitree_nav_interfaces/unitree_nav_interfaces/srv
[2.939s] -- Up-to-date: /home/rs/final_auto/install/unitree_nav_interfaces/include/unitree_nav_interfaces/unitree_nav_interfaces/srv/detail
[2.940s] -- Up-to-date: /home/rs/final_auto/install/unitree_nav_interfaces/include/unitree_nav_interfaces/unitree_nav_interfaces/srv/detail/nav_to_pose__type_support.cpp
[2.940s] -- Up-to-date: /home/rs/final_auto/install/unitree_nav_interfaces/include/unitree_nav_interfaces/unitree_nav_interfaces/srv/detail/nav_to_pose__rosidl_typesupport_introspection_cpp.hpp
[2.941s] -- Up-to-date: /home/rs/final_auto/install/unitree_nav_interfaces/include/unitree_nav_interfaces/unitree_nav_interfaces/srv/detail/set_body_rpy__type_support.cpp
[2.941s] -- Up-to-date: /home/rs/final_auto/install/unitree_nav_interfaces/include/unitree_nav_interfaces/unitree_nav_interfaces/srv/detail/set_gait__type_support.cpp
[2.942s] -- Up-to-date: /home/rs/final_auto/install/unitree_nav_interfaces/include/unitree_nav_interfaces/unitree_nav_interfaces/srv/detail/set_body_rpy__rosidl_typesupport_introspection_cpp.hpp
[2.943s] -- Up-to-date: /home/rs/final_auto/install/unitree_nav_interfaces/include/unitree_nav_interfaces/unitree_nav_interfaces/srv/detail/set_gait__rosidl_typesupport_introspection_cpp.hpp
[2.944s] -- Up-to-date: /home/rs/final_auto/install/unitree_nav_interfaces/lib/libunitree_nav_interfaces__rosidl_typesupport_introspection_cpp.so
[2.947s] -- Up-to-date: /home/rs/final_auto/install/unitree_nav_interfaces/lib/libunitree_nav_interfaces__rosidl_typesupport_cpp.so
[2.948s] -- Up-to-date: /home/rs/final_auto/install/unitree_nav_interfaces/share/unitree_nav_interfaces/environment/pythonpath.sh
[2.949s] -- Up-to-date: /home/rs/final_auto/install/unitree_nav_interfaces/share/unitree_nav_interfaces/environment/pythonpath.dsv
[2.950s] -- Up-to-date: /home/rs/final_auto/install/unitree_nav_interfaces/local/lib/python3.10/dist-packages/unitree_nav_interfaces-0.0.0-py3.10.egg-info
[2.950s] -- Installing: /home/rs/final_auto/install/unitree_nav_interfaces/local/lib/python3.10/dist-packages/unitree_nav_interfaces-0.0.0-py3.10.egg-info/top_level.txt
[2.951s] -- Installing: /home/rs/final_auto/install/unitree_nav_interfaces/local/lib/python3.10/dist-packages/unitree_nav_interfaces-0.0.0-py3.10.egg-info/PKG-INFO
[2.951s] -- Installing: /home/rs/final_auto/install/unitree_nav_interfaces/local/lib/python3.10/dist-packages/unitree_nav_interfaces-0.0.0-py3.10.egg-info/dependency_links.txt
[2.952s] -- Installing: /home/rs/final_auto/install/unitree_nav_interfaces/local/lib/python3.10/dist-packages/unitree_nav_interfaces-0.0.0-py3.10.egg-info/SOURCES.txt
[2.953s] -- Up-to-date: /home/rs/final_auto/install/unitree_nav_interfaces/local/lib/python3.10/dist-packages/unitree_nav_interfaces
[2.954s] -- Up-to-date: /home/rs/final_auto/install/unitree_nav_interfaces/local/lib/python3.10/dist-packages/unitree_nav_interfaces/libunitree_nav_interfaces_srv__rosidl_generator_py.so
[2.955s] -- Up-to-date: /home/rs/final_auto/install/unitree_nav_interfaces/local/lib/python3.10/dist-packages/unitree_nav_interfaces/_unitree_nav_interfaces_s.ep.rosidl_typesupport_introspection_c.c
[2.955s] -- Up-to-date: /home/rs/final_auto/install/unitree_nav_interfaces/local/lib/python3.10/dist-packages/unitree_nav_interfaces/unitree_nav_interfaces_s__rosidl_typesupport_introspection_c.cpython-310-x86_64-linux-gnu.so
[2.957s] -- Up-to-date: /home/rs/final_auto/install/unitree_nav_interfaces/local/lib/python3.10/dist-packages/unitree_nav_interfaces/__init__.py
[2.958s] -- Up-to-date: /home/rs/final_auto/install/unitree_nav_interfaces/local/lib/python3.10/dist-packages/unitree_nav_interfaces/srv
[2.959s] -- Up-to-date: /home/rs/final_auto/install/unitree_nav_interfaces/local/lib/python3.10/dist-packages/unitree_nav_interfaces/srv/_set_body_rpy.py
[2.959s] -- Up-to-date: /home/rs/final_auto/install/unitree_nav_interfaces/local/lib/python3.10/dist-packages/unitree_nav_interfaces/srv/__init__.py
[2.960s] -- Up-to-date: /home/rs/final_auto/install/unitree_nav_interfaces/local/lib/python3.10/dist-packages/unitree_nav_interfaces/srv/_set_body_rpy_s.c
[2.960s] -- Up-to-date: /home/rs/final_auto/install/unitree_nav_interfaces/local/lib/python3.10/dist-packages/unitree_nav_interfaces/srv/_set_gait_s.c
[2.964s] -- Up-to-date: /home/rs/final_auto/install/unitree_nav_interfaces/local/lib/python3.10/dist-packages/unitree_nav_interfaces/srv/_nav_to_pose_s.c
[2.970s] -- Up-to-date: /home/rs/final_auto/install/unitree_nav_interfaces/local/lib/python3.10/dist-packages/unitree_nav_interfaces/srv/_set_gait.py
[2.970s] -- Up-to-date: /home/rs/final_auto/install/unitree_nav_interfaces/local/lib/python3.10/dist-packages/unitree_nav_interfaces/srv/_nav_to_pose.py
[2.971s] -- Up-to-date: /home/rs/final_auto/install/unitree_nav_interfaces/local/lib/python3.10/dist-packages/unitree_nav_interfaces/_unitree_nav_interfaces_s.ep.rosidl_typesupport_fastrtps_c.c
[2.971s] -- Up-to-date: /home/rs/final_auto/install/unitree_nav_interfaces/local/lib/python3.10/dist-packages/unitree_nav_interfaces/unitree_nav_interfaces_s__rosidl_typesupport_c.cpython-310-x86_64-linux-gnu.so
[2.974s] -- Up-to-date: /home/rs/final_auto/install/unitree_nav_interfaces/local/lib/python3.10/dist-packages/unitree_nav_interfaces/unitree_nav_interfaces_s__rosidl_typesupport_fastrtps_c.cpython-310-x86_64-linux-gnu.so
[2.975s] -- Up-to-date: /home/rs/final_auto/install/unitree_nav_interfaces/local/lib/python3.10/dist-packages/unitree_nav_interfaces/_unitree_nav_interfaces_s.ep.rosidl_typesupport_c.c
[3.026s] Listing '/home/rs/final_auto/install/unitree_nav_interfaces/local/lib/python3.10/dist-packages/unitree_nav_interfaces'...
[3.037s] Listing '/home/rs/final_auto/install/unitree_nav_interfaces/local/lib/python3.10/dist-packages/unitree_nav_interfaces/srv'...
[3.040s] -- Up-to-date: /home/rs/final_auto/install/unitree_nav_interfaces/local/lib/python3.10/dist-packages/unitree_nav_interfaces/unitree_nav_interfaces_s__rosidl_typesupport_fastrtps_c.cpython-310-x86_64-linux-gnu.so
[3.040s] -- Up-to-date: /home/rs/final_auto/install/unitree_nav_interfaces/local/lib/python3.10/dist-packages/unitree_nav_interfaces/unitree_nav_interfaces_s__rosidl_typesupport_introspection_c.cpython-310-x86_64-linux-gnu.so
[3.040s] -- Up-to-date: /home/rs/final_auto/install/unitree_nav_interfaces/local/lib/python3.10/dist-packages/unitree_nav_interfaces/unitree_nav_interfaces_s__rosidl_typesupport_c.cpython-310-x86_64-linux-gnu.so
[3.041s] -- Up-to-date: /home/rs/final_auto/install/unitree_nav_interfaces/lib/libunitree_nav_interfaces_srv__rosidl_generator_py.so
[3.043s] -- Up-to-date: /home/rs/final_auto/install/unitree_nav_interfaces/share/unitree_nav_interfaces/srv/SetBodyRPY.idl
[3.044s] -- Up-to-date: /home/rs/final_auto/install/unitree_nav_interfaces/share/unitree_nav_interfaces/srv/NavToPose.idl
[3.044s] -- Up-to-date: /home/rs/final_auto/install/unitree_nav_interfaces/share/unitree_nav_interfaces/srv/SetGait.idl
[3.044s] -- Up-to-date: /home/rs/final_auto/install/unitree_nav_interfaces/share/unitree_nav_interfaces/srv/SetBodyRPY.srv
[3.044s] -- Up-to-date: /home/rs/final_auto/install/unitree_nav_interfaces/share/unitree_nav_interfaces/srv/SetBodyRPY_Request.msg
[3.045s] -- Up-to-date: /home/rs/final_auto/install/unitree_nav_interfaces/share/unitree_nav_interfaces/srv/SetBodyRPY_Response.msg
[3.045s] -- Up-to-date: /home/rs/final_auto/install/unitree_nav_interfaces/share/unitree_nav_interfaces/srv/NavToPose.srv
[3.045s] -- Up-to-date: /home/rs/final_auto/install/unitree_nav_interfaces/share/unitree_nav_interfaces/srv/NavToPose_Request.msg
[3.045s] -- Up-to-date: /home/rs/final_auto/install/unitree_nav_interfaces/share/unitree_nav_interfaces/srv/NavToPose_Response.msg
[3.046s] -- Up-to-date: /home/rs/final_auto/install/unitree_nav_interfaces/share/unitree_nav_interfaces/srv/SetGait.srv
[3.046s] -- Up-to-date: /home/rs/final_auto/install/unitree_nav_interfaces/share/unitree_nav_interfaces/srv/SetGait_Request.msg
[3.046s] -- Up-to-date: /home/rs/final_auto/install/unitree_nav_interfaces/share/unitree_nav_interfaces/srv/SetGait_Response.msg
[3.047s] -- Up-to-date: /home/rs/final_auto/install/unitree_nav_interfaces/share/ament_index/resource_index/package_run_dependencies/unitree_nav_interfaces
[3.047s] -- Up-to-date: /home/rs/final_auto/install/unitree_nav_interfaces/share/ament_index/resource_index/parent_prefix_path/unitree_nav_interfaces
[3.047s] -- Up-to-date: /home/rs/final_auto/install/unitree_nav_interfaces/share/unitree_nav_interfaces/environment/ament_prefix_path.sh
[3.047s] -- Up-to-date: /home/rs/final_auto/install/unitree_nav_interfaces/share/unitree_nav_interfaces/environment/ament_prefix_path.dsv
[3.048s] -- Up-to-date: /home/rs/final_auto/install/unitree_nav_interfaces/share/unitree_nav_interfaces/environment/path.sh
[3.049s] -- Up-to-date: /home/rs/final_auto/install/unitree_nav_interfaces/share/unitree_nav_interfaces/environment/path.dsv
[3.050s] -- Up-to-date: /home/rs/final_auto/install/unitree_nav_interfaces/share/unitree_nav_interfaces/local_setup.bash
[3.052s] -- Up-to-date: /home/rs/final_auto/install/unitree_nav_interfaces/share/unitree_nav_interfaces/local_setup.sh
[3.053s] -- Up-to-date: /home/rs/final_auto/install/unitree_nav_interfaces/share/unitree_nav_interfaces/local_setup.zsh
[3.054s] -- Up-to-date: /home/rs/final_auto/install/unitree_nav_interfaces/share/unitree_nav_interfaces/local_setup.dsv
[3.054s] -- Installing: /home/rs/final_auto/install/unitree_nav_interfaces/share/unitree_nav_interfaces/package.dsv
[3.055s] -- Up-to-date: /home/rs/final_auto/install/unitree_nav_interfaces/share/ament_index/resource_index/packages/unitree_nav_interfaces
[3.056s] -- Up-to-date: /home/rs/final_auto/install/unitree_nav_interfaces/share/unitree_nav_interfaces/cmake/export_unitree_nav_interfaces_srv__rosidl_generator_cExport.cmake
[3.057s] -- Up-to-date: /home/rs/final_auto/install/unitree_nav_interfaces/share/unitree_nav_interfaces/cmake/export_unitree_nav_interfaces_srv__rosidl_generator_cExport-noconfig.cmake
[3.059s] -- Up-to-date: /home/rs/final_auto/install/unitree_nav_interfaces/share/unitree_nav_interfaces/cmake/export_unitree_nav_interfaces_srv__rosidl_typesupport_fastrtps_cExport.cmake
[3.060s] -- Up-to-date: /home/rs/final_auto/install/unitree_nav_interfaces/share/unitree_nav_interfaces/cmake/export_unitree_nav_interfaces_srv__rosidl_typesupport_fastrtps_cExport-noconfig.cmake
[3.066s] -- Up-to-date: /home/rs/final_auto/install/unitree_nav_interfaces/share/unitree_nav_interfaces/cmake/export_unitree_nav_interfaces_srv__rosidl_generator_cppExport.cmake
[3.069s] -- Up-to-date: /home/rs/final_auto/install/unitree_nav_interfaces/share/unitree_nav_interfaces/cmake/export_unitree_nav_interfaces_srv__rosidl_typesupport_fastrtps_cppExport.cmake
[3.070s] -- Up-to-date: /home/rs/final_auto/install/unitree_nav_interfaces/share/unitree_nav_interfaces/cmake/export_unitree_nav_interfaces_srv__rosidl_typesupport_fastrtps_cppExport-noconfig.cmake
[3.071s] -- Up-to-date: /home/rs/final_auto/install/unitree_nav_interfaces/share/unitree_nav_interfaces/cmake/unitree_nav_interfaces_srv__rosidl_typesupport_introspection_cExport.cmake
[3.072s] -- Up-to-date: /home/rs/final_auto/install/unitree_nav_interfaces/share/unitree_nav_interfaces/cmake/unitree_nav_interfaces_srv__rosidl_typesupport_introspection_cExport-noconfig.cmake
[3.074s] -- Up-to-date: /home/rs/final_auto/install/unitree_nav_interfaces/share/unitree_nav_interfaces/cmake/unitree_nav_interfaces_srv__rosidl_typesupport_cExport.cmake
[3.074s] -- Up-to-date: /home/rs/final_auto/install/unitree_nav_interfaces/share/unitree_nav_interfaces/cmake/unitree_nav_interfaces_srv__rosidl_typesupport_cExport-noconfig.cmake
[3.078s] -- Up-to-date: /home/rs/final_auto/install/unitree_nav_interfaces/share/unitree_nav_interfaces/cmake/unitree_nav_interfaces_srv__rosidl_typesupport_introspection_cppExport.cmake
[3.084s] -- Up-to-date: /home/rs/final_auto/install/unitree_nav_interfaces/share/unitree_nav_interfaces/cmake/unitree_nav_interfaces_srv__rosidl_typesupport_introspection_cppExport-noconfig.cmake
[3.086s] -- Up-to-date: /home/rs/final_auto/install/unitree_nav_interfaces/share/unitree_nav_interfaces/cmake/unitree_nav_interfaces_srv__rosidl_typesupport_cppExport.cmake
[3.086s] -- Up-to-date: /home/rs/final_auto/install/unitree_nav_interfaces/share/unitree_nav_interfaces/cmake/unitree_nav_interfaces_srv__rosidl_typesupport_cppExport-noconfig.cmake
[3.088s] -- Up-to-date: /home/rs/final_auto/install/unitree_nav_interfaces/share/unitree_nav_interfaces/cmake/export_unitree_nav_interfaces_srv__rosidl_generator_pyExport.cmake
[3.091s] -- Up-to-date: /home/rs/final_auto/install/unitree_nav_interfaces/share/unitree_nav_interfaces/cmake/export_unitree_nav_interfaces_srv__rosidl_generator_pyExport-noconfig.cmake
[3.091s] -- Up-to-date: /home/rs/final_auto/install/unitree_nav_interfaces/share/unitree_nav_interfaces/cmake/ament_cmake_export_dependencies-extras.cmake
[3.091s] -- Up-to-date: /home/rs/final_auto/install/unitree_nav_interfaces/share/unitree_nav_interfaces/cmake/rosidl_cmake-extras.cmake
[3.092s] -- Up-to-date: /home/rs/final_auto/install/unitree_nav_interfaces/share/unitree_nav_interfaces/cmake/ament_cmake_export_include_directories-extras.cmake
[3.094s] -- Up-to-date: /home/rs/final_auto/install/unitree_nav_interfaces/share/unitree_nav_interfaces/cmake/ament_cmake_export_libraries-extras.cmake
[3.095s] -- Up-to-date: /home/rs/final_auto/install/unitree_nav_interfaces/share/unitree_nav_interfaces/cmake/ament_cmake_export_targets-extras.cmake
[3.095s] -- Up-to-date: /home/rs/final_auto/install/unitree_nav_interfaces/share/unitree_nav_interfaces/cmake/rosidl_cmake_export_typesupport_targets-extras.cmake
[3.097s] -- Up-to-date: /home/rs/final_auto/install/unitree_nav_interfaces/share/unitree_nav_interfaces/cmake/rosidl_cmake_export_typesupport_libraries-extras.cmake
[3.099s] -- Up-to-date: /home/rs/final_auto/install/unitree_nav_interfaces/share/unitree_nav_interfaces/cmake/unitree_nav_interfacesConfig.cmake
[3.100s] -- Up-to-date: /home/rs/final_auto/install/unitree_nav_interfaces/share/unitree_nav_interfaces/cmake/unitree_nav_interfacesConfig-version.cmake
[3.103s] -- Up-to-date: /home/rs/final_auto/install/unitree_nav_interfaces/share/unitree_nav_interfaces/package.xml
[3.157s] Invoked command in '/home/rs/final_auto/build/unitree_nav_interfaces' returned '0': CMAKE_PREFIX_PATH=${CMAKE_PREFIX_PATH}:/home/rs/final_auto/install/unitree_nav_launch_module:/opt/ros/humble /usr/bin/cmake --install /home/rs/final_auto/build/unitree_nav_interfaces
