[0.092s] Invoking command in '/home/rs/go1_robot/build/unitree_nav': AMENT_PREFIX_PATH=/home/rs/go1_robot/install/unitree_nav_interfaces:/home/rs/go1_robot/install/ros2_unitree_legged_msgs:${AMENT_PREFIX_PATH} CMAKE_PREFIX_PATH=/home/rs/go1_robot/install/unitree_nav_interfaces:/home/rs/go1_robot/install/ros2_unitree_legged_msgs:/opt/ros/humble LD_LIBRARY_PATH=/home/rs/go1_robot/install/unitree_nav_interfaces/lib:/home/rs/go1_robot/install/ros2_unitree_legged_msgs/lib:${LD_LIBRARY_PATH} PYTHONPATH=/home/rs/go1_robot/install/unitree_nav_interfaces/local/lib/python3.10/dist-packages:/home/rs/go1_robot/install/ros2_unitree_legged_msgs/local/lib/python3.10/dist-packages:${PYTHONPATH} /usr/bin/cmake --build /home/rs/go1_robot/build/unitree_nav -- -j13 -l13
[0.462s] [ 50%] Built target cmd_processor
[0.523s] [100%] Built target nav_to_pose
[0.559s] Invoked command in '/home/rs/go1_robot/build/unitree_nav' returned '0': AMENT_PREFIX_PATH=/home/rs/go1_robot/install/unitree_nav_interfaces:/home/rs/go1_robot/install/ros2_unitree_legged_msgs:${AMENT_PREFIX_PATH} CMAKE_PREFIX_PATH=/home/rs/go1_robot/install/unitree_nav_interfaces:/home/rs/go1_robot/install/ros2_unitree_legged_msgs:/opt/ros/humble LD_LIBRARY_PATH=/home/rs/go1_robot/install/unitree_nav_interfaces/lib:/home/rs/go1_robot/install/ros2_unitree_legged_msgs/lib:${LD_LIBRARY_PATH} PYTHONPATH=/home/rs/go1_robot/install/unitree_nav_interfaces/local/lib/python3.10/dist-packages:/home/rs/go1_robot/install/ros2_unitree_legged_msgs/local/lib/python3.10/dist-packages:${PYTHONPATH} /usr/bin/cmake --build /home/rs/go1_robot/build/unitree_nav -- -j13 -l13
[0.708s] Invoking command in '/home/rs/go1_robot/build/unitree_nav': AMENT_PREFIX_PATH=/home/rs/go1_robot/install/unitree_nav_interfaces:/home/rs/go1_robot/install/ros2_unitree_legged_msgs:${AMENT_PREFIX_PATH} CMAKE_PREFIX_PATH=/home/rs/go1_robot/install/unitree_nav_interfaces:/home/rs/go1_robot/install/ros2_unitree_legged_msgs:/opt/ros/humble LD_LIBRARY_PATH=/home/rs/go1_robot/install/unitree_nav_interfaces/lib:/home/rs/go1_robot/install/ros2_unitree_legged_msgs/lib:${LD_LIBRARY_PATH} PYTHONPATH=/home/rs/go1_robot/install/unitree_nav_interfaces/local/lib/python3.10/dist-packages:/home/rs/go1_robot/install/ros2_unitree_legged_msgs/local/lib/python3.10/dist-packages:${PYTHONPATH} /usr/bin/cmake --install /home/rs/go1_robot/build/unitree_nav
[0.737s] -- Install configuration: ""
[0.738s] -- Up-to-date: /home/rs/go1_robot/install/unitree_nav/lib/unitree_nav/cmd_processor
[0.739s] -- Up-to-date: /home/rs/go1_robot/install/unitree_nav/lib/unitree_nav/nav_to_pose
[0.741s] -- Up-to-date: /home/rs/go1_robot/install/unitree_nav/share/unitree_nav/launch
[0.741s] -- Up-to-date: /home/rs/go1_robot/install/unitree_nav/share/unitree_nav/launch/rslidar_robosense.launch.py
[0.741s] -- Up-to-date: /home/rs/go1_robot/install/unitree_nav/share/unitree_nav/launch/unitree_nav.launch.py
[0.743s] -- Up-to-date: /home/rs/go1_robot/install/unitree_nav/share/unitree_nav/launch/mapping.launch.py
[0.744s] -- Up-to-date: /home/rs/go1_robot/install/unitree_nav/share/unitree_nav/launch/control.launch.py
[0.745s] -- Up-to-date: /home/rs/go1_robot/install/unitree_nav/share/unitree_nav/config
[0.745s] -- Up-to-date: /home/rs/go1_robot/install/unitree_nav/share/unitree_nav/config/nav.rviz
[0.745s] -- Up-to-date: /home/rs/go1_robot/install/unitree_nav/share/unitree_nav/config/nav2_params.yaml
[0.745s] -- Up-to-date: /home/rs/go1_robot/install/unitree_nav/share/ament_index/resource_index/package_run_dependencies/unitree_nav
[0.747s] -- Up-to-date: /home/rs/go1_robot/install/unitree_nav/share/ament_index/resource_index/parent_prefix_path/unitree_nav
[0.748s] -- Up-to-date: /home/rs/go1_robot/install/unitree_nav/share/unitree_nav/environment/ament_prefix_path.sh
[0.752s] -- Up-to-date: /home/rs/go1_robot/install/unitree_nav/share/unitree_nav/environment/ament_prefix_path.dsv
[0.753s] -- Up-to-date: /home/rs/go1_robot/install/unitree_nav/share/unitree_nav/environment/path.sh
[0.753s] -- Up-to-date: /home/rs/go1_robot/install/unitree_nav/share/unitree_nav/environment/path.dsv
[0.753s] -- Up-to-date: /home/rs/go1_robot/install/unitree_nav/share/unitree_nav/local_setup.bash
[0.754s] -- Up-to-date: /home/rs/go1_robot/install/unitree_nav/share/unitree_nav/local_setup.sh
[0.754s] -- Up-to-date: /home/rs/go1_robot/install/unitree_nav/share/unitree_nav/local_setup.zsh
[0.754s] -- Up-to-date: /home/rs/go1_robot/install/unitree_nav/share/unitree_nav/local_setup.dsv
[0.754s] -- Installing: /home/rs/go1_robot/install/unitree_nav/share/unitree_nav/package.dsv
[0.754s] -- Up-to-date: /home/rs/go1_robot/install/unitree_nav/share/ament_index/resource_index/packages/unitree_nav
[0.754s] -- Up-to-date: /home/rs/go1_robot/install/unitree_nav/share/unitree_nav/cmake/unitree_navConfig.cmake
[0.755s] -- Up-to-date: /home/rs/go1_robot/install/unitree_nav/share/unitree_nav/cmake/unitree_navConfig-version.cmake
[0.755s] -- Up-to-date: /home/rs/go1_robot/install/unitree_nav/share/unitree_nav/package.xml
[0.770s] Invoked command in '/home/rs/go1_robot/build/unitree_nav' returned '0': AMENT_PREFIX_PATH=/home/rs/go1_robot/install/unitree_nav_interfaces:/home/rs/go1_robot/install/ros2_unitree_legged_msgs:${AMENT_PREFIX_PATH} CMAKE_PREFIX_PATH=/home/rs/go1_robot/install/unitree_nav_interfaces:/home/rs/go1_robot/install/ros2_unitree_legged_msgs:/opt/ros/humble LD_LIBRARY_PATH=/home/rs/go1_robot/install/unitree_nav_interfaces/lib:/home/rs/go1_robot/install/ros2_unitree_legged_msgs/lib:${LD_LIBRARY_PATH} PYTHONPATH=/home/rs/go1_robot/install/unitree_nav_interfaces/local/lib/python3.10/dist-packages:/home/rs/go1_robot/install/ros2_unitree_legged_msgs/local/lib/python3.10/dist-packages:${PYTHONPATH} /usr/bin/cmake --install /home/rs/go1_robot/build/unitree_nav
