[0.135s] Invoking command in '/home/rs/final_auto/build/go1_description': CMAKE_PREFIX_PATH=${CMAKE_PREFIX_PATH}:/home/rs/final_auto/install/unitree_nav_launch_module:/opt/ros/humble /usr/bin/cmake --build /home/rs/final_auto/build/go1_description -- -j13 -l13
[1.547s] Invoked command in '/home/rs/final_auto/build/go1_description' returned '0': CMAKE_PREFIX_PATH=${CMAKE_PREFIX_PATH}:/home/rs/final_auto/install/unitree_nav_launch_module:/opt/ros/humble /usr/bin/cmake --build /home/rs/final_auto/build/go1_description -- -j13 -l13
[1.674s] Invoking command in '/home/rs/final_auto/build/go1_description': CMAKE_PREFIX_PATH=${CMAKE_PREFIX_PATH}:/home/rs/final_auto/install/unitree_nav_launch_module:/opt/ros/humble /usr/bin/cmake --install /home/rs/final_auto/build/go1_description
[1.699s] -- Install configuration: ""
[1.701s] -- Up-to-date: /home/rs/final_auto/install/go1_description/share/go1_description//launch
[1.701s] -- Up-to-date: /home/rs/final_auto/install/go1_description/share/go1_description//launch/gazebo_with_gui.launch.py
[1.702s] -- Up-to-date: /home/rs/final_auto/install/go1_description/share/go1_description//launch/load_go1.launch.py
[1.702s] -- Up-to-date: /home/rs/final_auto/install/go1_description/share/go1_description//launch/spawn_go1.launch.py
[1.702s] -- Up-to-date: /home/rs/final_auto/install/go1_description/share/go1_description//config
[1.703s] -- Up-to-date: /home/rs/final_auto/install/go1_description/share/go1_description//config/go1.rviz
[1.704s] -- Up-to-date: /home/rs/final_auto/install/go1_description/share/go1_description//meshes
[1.705s] -- Up-to-date: /home/rs/final_auto/install/go1_description/share/go1_description//meshes/thigh.dae
[1.705s] -- Up-to-date: /home/rs/final_auto/install/go1_description/share/go1_description//meshes/depthCamera.dae
[1.706s] -- Up-to-date: /home/rs/final_auto/install/go1_description/share/go1_description//meshes/thigh_mirror.dae
[1.706s] -- Up-to-date: /home/rs/final_auto/install/go1_description/share/go1_description//meshes/ultraSound.dae
[1.706s] -- Up-to-date: /home/rs/final_auto/install/go1_description/share/go1_description//meshes/calf.dae
[1.706s] -- Up-to-date: /home/rs/final_auto/install/go1_description/share/go1_description//meshes/trunk.dae
[1.707s] -- Up-to-date: /home/rs/final_auto/install/go1_description/share/go1_description//meshes/hip.dae
[1.708s] -- Up-to-date: /home/rs/final_auto/install/go1_description/share/go1_description//xacro
[1.708s] -- Installing: /home/rs/final_auto/install/go1_description/share/go1_description//xacro/robot.urdf
[1.709s] -- Up-to-date: /home/rs/final_auto/install/go1_description/share/go1_description//xacro/depthCamera.xacro
[1.709s] -- Up-to-date: /home/rs/final_auto/install/go1_description/share/go1_description//xacro/gazebo.xacro
[1.710s] -- Up-to-date: /home/rs/final_auto/install/go1_description/share/go1_description//xacro/const.xacro
[1.710s] -- Up-to-date: /home/rs/final_auto/install/go1_description/share/go1_description//xacro/transmission.xacro
[1.710s] -- Up-to-date: /home/rs/final_auto/install/go1_description/share/go1_description//xacro/leg.xacro
[1.711s] -- Up-to-date: /home/rs/final_auto/install/go1_description/share/go1_description//xacro/robot.xacro
[1.711s] -- Up-to-date: /home/rs/final_auto/install/go1_description/share/go1_description//xacro/ultraSound.xacro
[1.711s] -- Up-to-date: /home/rs/final_auto/install/go1_description/share/go1_description//xacro/materials.xacro
[1.712s] -- Up-to-date: /home/rs/final_auto/install/go1_description/share/ament_index/resource_index/package_run_dependencies/go1_description
[1.712s] -- Up-to-date: /home/rs/final_auto/install/go1_description/share/ament_index/resource_index/parent_prefix_path/go1_description
[1.712s] -- Up-to-date: /home/rs/final_auto/install/go1_description/share/go1_description/environment/ament_prefix_path.sh
[1.712s] -- Up-to-date: /home/rs/final_auto/install/go1_description/share/go1_description/environment/ament_prefix_path.dsv
[1.712s] -- Up-to-date: /home/rs/final_auto/install/go1_description/share/go1_description/environment/path.sh
[1.712s] -- Up-to-date: /home/rs/final_auto/install/go1_description/share/go1_description/environment/path.dsv
[1.712s] -- Up-to-date: /home/rs/final_auto/install/go1_description/share/go1_description/local_setup.bash
[1.712s] -- Up-to-date: /home/rs/final_auto/install/go1_description/share/go1_description/local_setup.sh
[1.712s] -- Up-to-date: /home/rs/final_auto/install/go1_description/share/go1_description/local_setup.zsh
[1.712s] -- Up-to-date: /home/rs/final_auto/install/go1_description/share/go1_description/local_setup.dsv
[1.712s] -- Installing: /home/rs/final_auto/install/go1_description/share/go1_description/package.dsv
[1.713s] -- Up-to-date: /home/rs/final_auto/install/go1_description/share/ament_index/resource_index/packages/go1_description
[1.713s] -- Up-to-date: /home/rs/final_auto/install/go1_description/share/go1_description/cmake/go1_descriptionConfig.cmake
[1.713s] -- Up-to-date: /home/rs/final_auto/install/go1_description/share/go1_description/cmake/go1_descriptionConfig-version.cmake
[1.713s] -- Up-to-date: /home/rs/final_auto/install/go1_description/share/go1_description/package.xml
[1.738s] Invoked command in '/home/rs/final_auto/build/go1_description' returned '0': CMAKE_PREFIX_PATH=${CMAKE_PREFIX_PATH}:/home/rs/final_auto/install/unitree_nav_launch_module:/opt/ros/humble /usr/bin/cmake --install /home/rs/final_auto/build/go1_description
