[0.080s] Invoking command in '/home/rs/go1_robot/build/unitree_ocr': AMENT_PREFIX_PATH=/home/rs/go1_robot/install/unitree_ocr_interfaces:${AMENT_PREFIX_PATH} CMAKE_PREFIX_PATH=/home/rs/go1_robot/install/unitree_ocr_interfaces:/opt/ros/humble LD_LIBRARY_PATH=/home/rs/go1_robot/install/unitree_ocr_interfaces/lib:${LD_LIBRARY_PATH} PYTHONPATH=/home/rs/go1_robot/install/unitree_ocr_interfaces/local/lib/python3.10/dist-packages:${PYTHONPATH} /usr/bin/cmake --build /home/rs/go1_robot/build/unitree_ocr -- -j13 -l13
[0.302s] [ 20%] [34m[1mGenerate API documentation for doxygen[0m
[0.318s] [ 60%] Built target unitree_ocr
[0.632s] [100%] Built target text_detection_subscriber
[1.439s] Doxygen version used: 1.9.1
[1.447s] Searching for include files...
[1.448s] Searching for example files...
[1.448s] Searching for images...
[1.450s] Searching for dot files...
[1.450s] Searching for msc files...
[1.450s] Searching for dia files...
[1.451s] Searching for files to exclude
[1.451s] Searching INPUT for files to process...
[1.451s] Reading and parsing tag files
[1.452s] Parsing files
[1.457s] Preprocessing /home/rs/go1_robot/src/unitree_inspection/unitree_ocr/include/unitree_ocr/ocr.hpp...
[1.459s] Parsing file /home/rs/go1_robot/src/unitree_inspection/unitree_ocr/include/unitree_ocr/ocr.hpp...
[1.477s] Preprocessing /home/rs/go1_robot/src/unitree_inspection/unitree_ocr/src/ocr.cpp...
[1.479s] Parsing file /home/rs/go1_robot/src/unitree_inspection/unitree_ocr/src/ocr.cpp...
[1.482s] Building macro definition list...
[1.482s] Building group list...
[1.483s] Building directory list...
[1.489s] Building namespace list...
[1.490s] Building file list...
[1.492s] Building class list...
[1.495s] Computing nesting relations for classes...
[1.495s] Associating documentation with classes...
[1.495s] Building example list...
[1.497s] Searching for enumerations...
[1.498s] Searching for documented typedefs...
[1.499s] Searching for members imported via using declarations...
[1.500s] Searching for included using directives...
[1.500s] Searching for documented variables...
[1.501s] Building interface member list...
[1.501s] Building member list...
[1.502s] Searching for friends...
[1.502s] Searching for documented defines...
[1.502s] Computing class inheritance relations...
[1.503s] Computing class usage relations...
[1.503s] Flushing cached template relations that have become invalid...
[1.503s] Computing class relations...
[1.504s] Add enum values to enums...
[1.504s] Searching for member function documentation...
[1.504s] Creating members for template instances...
[1.505s] Building page list...
[1.506s] Search for main page...
[1.507s] Computing page relations...
[1.508s] Determining the scope of groups...
[1.509s] Sorting lists...
[1.510s] Determining which enums are documented
[1.511s] Computing member relations...
[1.511s] Building full member lists recursively...
[1.512s] Adding members to member groups.
[1.514s] Computing member references...
[1.514s] Inheriting documentation...
[1.514s] Generating disk names...
[1.515s] Adding source references...
[1.515s] Adding xrefitems...
[1.515s] Sorting member lists...
[1.516s] Setting anonymous enum type...
[1.516s] Computing dependencies between directories...
[1.516s] Generating citations page...
[1.516s] Counting members...
[1.518s] Counting data structures...
[1.519s] Resolving user defined references...
[1.519s] Finding anchors and sections in the documentation...
[1.520s] Transferring function references...
[1.520s] Combining using relations...
[1.521s] Adding members to index pages...
[1.522s] Correcting members for VHDL...
[1.523s] Computing tooltip texts...
[1.553s] Generating style sheet...
[1.555s] Generating search indices...
[1.560s] Generating example documentation...
[1.560s] Generating file sources...
[1.560s] Generating code for file include/unitree_ocr/ocr.hpp...
[1.584s] Generating file documentation...
[1.585s] Generating page documentation...
[1.585s] Generating group documentation...
[1.585s] Generating class documentation...
[1.586s] Generating namespace index...
[1.586s] Generating docs for compound unitree_ocr::TextDetector...
[1.593s] Generating graph info page...
[1.597s] Generating directory documentation...
[1.600s] Generating index page...
[1.602s] Generating page index...
[1.603s] Generating module index...
[1.603s] Generating namespace index...
[1.604s] Generating namespace member index...
[1.605s] Generating annotated compound index...
[1.606s] Generating alphabetical compound index...
[1.606s] Generating hierarchical class index...
[1.607s] Generating graphical class hierarchy...
[1.607s] Generating member index...
[1.615s] Generating file index...
[1.616s] Generating file member index...
[1.617s] Generating example index...
[1.618s] finalizing index lists...
[1.619s] writing tag file...
[1.619s] Running plantuml with JAVA...
[1.620s] Running dot...
[1.645s] lookup cache used 16/65536 hits=27 misses=16
[1.646s] finished...
[1.709s] [100%] Built target doxygen
[1.749s] Invoked command in '/home/rs/go1_robot/build/unitree_ocr' returned '0': AMENT_PREFIX_PATH=/home/rs/go1_robot/install/unitree_ocr_interfaces:${AMENT_PREFIX_PATH} CMAKE_PREFIX_PATH=/home/rs/go1_robot/install/unitree_ocr_interfaces:/opt/ros/humble LD_LIBRARY_PATH=/home/rs/go1_robot/install/unitree_ocr_interfaces/lib:${LD_LIBRARY_PATH} PYTHONPATH=/home/rs/go1_robot/install/unitree_ocr_interfaces/local/lib/python3.10/dist-packages:${PYTHONPATH} /usr/bin/cmake --build /home/rs/go1_robot/build/unitree_ocr -- -j13 -l13
[1.888s] Invoking command in '/home/rs/go1_robot/build/unitree_ocr': AMENT_PREFIX_PATH=/home/rs/go1_robot/install/unitree_ocr_interfaces:${AMENT_PREFIX_PATH} CMAKE_PREFIX_PATH=/home/rs/go1_robot/install/unitree_ocr_interfaces:/opt/ros/humble LD_LIBRARY_PATH=/home/rs/go1_robot/install/unitree_ocr_interfaces/lib:${LD_LIBRARY_PATH} PYTHONPATH=/home/rs/go1_robot/install/unitree_ocr_interfaces/local/lib/python3.10/dist-packages:${PYTHONPATH} /usr/bin/cmake --install /home/rs/go1_robot/build/unitree_ocr
[1.910s] -- Install configuration: ""
[1.912s] -- Up-to-date: /home/rs/go1_robot/install/unitree_ocr/lib/unitree_ocr/text_detection_subscriber
[1.912s] -- Up-to-date: /home/rs/go1_robot/install/unitree_ocr/include
[1.914s] -- Up-to-date: /home/rs/go1_robot/install/unitree_ocr/include/unitree_ocr
[1.914s] -- Up-to-date: /home/rs/go1_robot/install/unitree_ocr/include/unitree_ocr/ocr.hpp
[1.915s] -- Up-to-date: /home/rs/go1_robot/install/unitree_ocr/lib/libunitree_ocr.a
[1.915s] -- Up-to-date: /home/rs/go1_robot/install/unitree_ocr/lib/cmake/unitree_ocr/unitree_ocr-config.cmake
[1.920s] -- Up-to-date: /home/rs/go1_robot/install/unitree_ocr/lib/cmake/unitree_ocr/unitree_ocr-config-noconfig.cmake
[1.924s] -- Up-to-date: /home/rs/go1_robot/install/unitree_ocr/share/unitree_ocr/launch
[1.924s] -- Up-to-date: /home/rs/go1_robot/install/unitree_ocr/share/unitree_ocr/launch/text_detection_subscriber.launch.py
[1.925s] -- Up-to-date: /home/rs/go1_robot/install/unitree_ocr/share/unitree_ocr/models
[1.925s] -- Up-to-date: /home/rs/go1_robot/install/unitree_ocr/share/unitree_ocr/models/README.md
[1.926s] -- Up-to-date: /home/rs/go1_robot/install/unitree_ocr/share/ament_index/resource_index/package_run_dependencies/unitree_ocr
[1.927s] -- Up-to-date: /home/rs/go1_robot/install/unitree_ocr/share/ament_index/resource_index/parent_prefix_path/unitree_ocr
[1.931s] -- Up-to-date: /home/rs/go1_robot/install/unitree_ocr/share/unitree_ocr/environment/ament_prefix_path.sh
[1.931s] -- Up-to-date: /home/rs/go1_robot/install/unitree_ocr/share/unitree_ocr/environment/ament_prefix_path.dsv
[1.932s] -- Up-to-date: /home/rs/go1_robot/install/unitree_ocr/share/unitree_ocr/environment/path.sh
[1.932s] -- Up-to-date: /home/rs/go1_robot/install/unitree_ocr/share/unitree_ocr/environment/path.dsv
[1.932s] -- Up-to-date: /home/rs/go1_robot/install/unitree_ocr/share/unitree_ocr/local_setup.bash
[1.932s] -- Up-to-date: /home/rs/go1_robot/install/unitree_ocr/share/unitree_ocr/local_setup.sh
[1.933s] -- Up-to-date: /home/rs/go1_robot/install/unitree_ocr/share/unitree_ocr/local_setup.zsh
[1.934s] -- Up-to-date: /home/rs/go1_robot/install/unitree_ocr/share/unitree_ocr/local_setup.dsv
[1.934s] -- Installing: /home/rs/go1_robot/install/unitree_ocr/share/unitree_ocr/package.dsv
[1.935s] -- Up-to-date: /home/rs/go1_robot/install/unitree_ocr/share/ament_index/resource_index/packages/unitree_ocr
[1.936s] -- Up-to-date: /home/rs/go1_robot/install/unitree_ocr/share/unitree_ocr/cmake/unitree_ocrConfig.cmake
[1.936s] -- Up-to-date: /home/rs/go1_robot/install/unitree_ocr/share/unitree_ocr/cmake/unitree_ocrConfig-version.cmake
[1.936s] -- Up-to-date: /home/rs/go1_robot/install/unitree_ocr/share/unitree_ocr/package.xml
[1.940s] Invoked command in '/home/rs/go1_robot/build/unitree_ocr' returned '0': AMENT_PREFIX_PATH=/home/rs/go1_robot/install/unitree_ocr_interfaces:${AMENT_PREFIX_PATH} CMAKE_PREFIX_PATH=/home/rs/go1_robot/install/unitree_ocr_interfaces:/opt/ros/humble LD_LIBRARY_PATH=/home/rs/go1_robot/install/unitree_ocr_interfaces/lib:${LD_LIBRARY_PATH} PYTHONPATH=/home/rs/go1_robot/install/unitree_ocr_interfaces/local/lib/python3.10/dist-packages:${PYTHONPATH} /usr/bin/cmake --install /home/rs/go1_robot/build/unitree_ocr
