[0.104s] Invoking command in '/home/rs/go1_robot/build/ros2_unitree_legged_msgs': CMAKE_PREFIX_PATH=${CMAKE_PREFIX_PATH}:/home/rs/go1_robot/install/unitree_nav_launch_module:/opt/ros/humble /usr/bin/cmake --build /home/rs/go1_robot/build/ros2_unitree_legged_msgs -- -j13 -l13
[0.300s] [  0%] Built target ros2_unitree_legged_msgs__cpp
[0.306s] [ 12%] Built target ros2_unitree_legged_msgs__rosidl_generator_c
[0.398s] [ 12%] Built target ament_cmake_python_copy_ros2_unitree_legged_msgs
[0.511s] [ 24%] Built target ros2_unitree_legged_msgs__rosidl_typesupport_cpp
[0.564s] [ 35%] Built target ros2_unitree_legged_msgs__rosidl_typesupport_fastrtps_cpp
[0.576s] [ 47%] Built target ros2_unitree_legged_msgs__rosidl_typesupport_introspection_cpp
[0.578s] [ 59%] Built target ros2_unitree_legged_msgs__rosidl_typesupport_introspection_c
[0.606s] [ 71%] Built target ros2_unitree_legged_msgs__rosidl_typesupport_fastrtps_c
[0.626s] [ 83%] Built target ros2_unitree_legged_msgs__rosidl_typesupport_c
[0.710s] [ 83%] Built target ros2_unitree_legged_msgs
[0.796s] [ 84%] Built target ros2_unitree_legged_msgs__py
[0.937s] [ 95%] Built target ros2_unitree_legged_msgs__rosidl_generator_py
[1.059s] [ 98%] Built target ros2_unitree_legged_msgs__rosidl_typesupport_c__pyext
[1.059s] [ 98%] Built target ros2_unitree_legged_msgs__rosidl_typesupport_introspection_c__pyext
[1.078s] [100%] Built target ros2_unitree_legged_msgs__rosidl_typesupport_fastrtps_c__pyext
[1.296s] running egg_info
[1.298s] writing ros2_unitree_legged_msgs.egg-info/PKG-INFO
[1.299s] writing dependency_links to ros2_unitree_legged_msgs.egg-info/dependency_links.txt
[1.299s] writing top-level names to ros2_unitree_legged_msgs.egg-info/top_level.txt
[1.304s] reading manifest file 'ros2_unitree_legged_msgs.egg-info/SOURCES.txt'
[1.306s] writing manifest file 'ros2_unitree_legged_msgs.egg-info/SOURCES.txt'
[1.365s] [100%] Built target ament_cmake_python_build_ros2_unitree_legged_msgs_egg
[1.404s] Invoked command in '/home/rs/go1_robot/build/ros2_unitree_legged_msgs' returned '0': CMAKE_PREFIX_PATH=${CMAKE_PREFIX_PATH}:/home/rs/go1_robot/install/unitree_nav_launch_module:/opt/ros/humble /usr/bin/cmake --build /home/rs/go1_robot/build/ros2_unitree_legged_msgs -- -j13 -l13
[3.180s] Invoking command in '/home/rs/go1_robot/build/ros2_unitree_legged_msgs': CMAKE_PREFIX_PATH=${CMAKE_PREFIX_PATH}:/home/rs/go1_robot/install/unitree_nav_launch_module:/opt/ros/humble /usr/bin/cmake --install /home/rs/go1_robot/build/ros2_unitree_legged_msgs
[3.231s] -- Install configuration: ""
[3.232s] -- Up-to-date: /home/rs/go1_robot/install/ros2_unitree_legged_msgs/share/ament_index/resource_index/rosidl_interfaces/ros2_unitree_legged_msgs
[3.233s] -- Up-to-date: /home/rs/go1_robot/install/ros2_unitree_legged_msgs/include/ros2_unitree_legged_msgs/ros2_unitree_legged_msgs
[3.234s] -- Up-to-date: /home/rs/go1_robot/install/ros2_unitree_legged_msgs/include/ros2_unitree_legged_msgs/ros2_unitree_legged_msgs/msg
[3.234s] -- Up-to-date: /home/rs/go1_robot/install/ros2_unitree_legged_msgs/include/ros2_unitree_legged_msgs/ros2_unitree_legged_msgs/msg/imu.h
[3.238s] -- Up-to-date: /home/rs/go1_robot/install/ros2_unitree_legged_msgs/include/ros2_unitree_legged_msgs/ros2_unitree_legged_msgs/msg/bms_state.h
[3.238s] -- Up-to-date: /home/rs/go1_robot/install/ros2_unitree_legged_msgs/include/ros2_unitree_legged_msgs/ros2_unitree_legged_msgs/msg/high_cmd.h
[3.239s] -- Up-to-date: /home/rs/go1_robot/install/ros2_unitree_legged_msgs/include/ros2_unitree_legged_msgs/ros2_unitree_legged_msgs/msg/cartesian.h
[3.240s] -- Up-to-date: /home/rs/go1_robot/install/ros2_unitree_legged_msgs/include/ros2_unitree_legged_msgs/ros2_unitree_legged_msgs/msg/detail
[3.240s] -- Up-to-date: /home/rs/go1_robot/install/ros2_unitree_legged_msgs/include/ros2_unitree_legged_msgs/ros2_unitree_legged_msgs/msg/detail/motor_state__functions.c
[3.242s] -- Up-to-date: /home/rs/go1_robot/install/ros2_unitree_legged_msgs/include/ros2_unitree_legged_msgs/ros2_unitree_legged_msgs/msg/detail/bms_state__type_support.h
[3.242s] -- Up-to-date: /home/rs/go1_robot/install/ros2_unitree_legged_msgs/include/ros2_unitree_legged_msgs/ros2_unitree_legged_msgs/msg/detail/led__functions.c
[3.243s] -- Up-to-date: /home/rs/go1_robot/install/ros2_unitree_legged_msgs/include/ros2_unitree_legged_msgs/ros2_unitree_legged_msgs/msg/detail/imu__struct.h
[3.243s] -- Up-to-date: /home/rs/go1_robot/install/ros2_unitree_legged_msgs/include/ros2_unitree_legged_msgs/ros2_unitree_legged_msgs/msg/detail/low_state__functions.c
[3.245s] -- Up-to-date: /home/rs/go1_robot/install/ros2_unitree_legged_msgs/include/ros2_unitree_legged_msgs/ros2_unitree_legged_msgs/msg/detail/low_cmd__functions.c
[3.245s] -- Up-to-date: /home/rs/go1_robot/install/ros2_unitree_legged_msgs/include/ros2_unitree_legged_msgs/ros2_unitree_legged_msgs/msg/detail/cartesian__struct.h
[3.246s] -- Up-to-date: /home/rs/go1_robot/install/ros2_unitree_legged_msgs/include/ros2_unitree_legged_msgs/ros2_unitree_legged_msgs/msg/detail/high_state__type_support.h
[3.246s] -- Up-to-date: /home/rs/go1_robot/install/ros2_unitree_legged_msgs/include/ros2_unitree_legged_msgs/ros2_unitree_legged_msgs/msg/detail/motor_cmd__functions.c
[3.247s] -- Up-to-date: /home/rs/go1_robot/install/ros2_unitree_legged_msgs/include/ros2_unitree_legged_msgs/ros2_unitree_legged_msgs/msg/detail/imu__functions.h
[3.248s] -- Up-to-date: /home/rs/go1_robot/install/ros2_unitree_legged_msgs/include/ros2_unitree_legged_msgs/ros2_unitree_legged_msgs/msg/detail/led__type_support.h
[3.249s] -- Up-to-date: /home/rs/go1_robot/install/ros2_unitree_legged_msgs/include/ros2_unitree_legged_msgs/ros2_unitree_legged_msgs/msg/detail/motor_cmd__type_support.h
[3.250s] -- Up-to-date: /home/rs/go1_robot/install/ros2_unitree_legged_msgs/include/ros2_unitree_legged_msgs/ros2_unitree_legged_msgs/msg/detail/led__struct.h
[3.250s] -- Up-to-date: /home/rs/go1_robot/install/ros2_unitree_legged_msgs/include/ros2_unitree_legged_msgs/ros2_unitree_legged_msgs/msg/detail/motor_state__type_support.h
[3.252s] -- Up-to-date: /home/rs/go1_robot/install/ros2_unitree_legged_msgs/include/ros2_unitree_legged_msgs/ros2_unitree_legged_msgs/msg/detail/bms_cmd__functions.h
[3.253s] -- Up-to-date: /home/rs/go1_robot/install/ros2_unitree_legged_msgs/include/ros2_unitree_legged_msgs/ros2_unitree_legged_msgs/msg/detail/bms_state__functions.h
[3.254s] -- Up-to-date: /home/rs/go1_robot/install/ros2_unitree_legged_msgs/include/ros2_unitree_legged_msgs/ros2_unitree_legged_msgs/msg/detail/high_cmd__struct.h
[3.254s] -- Up-to-date: /home/rs/go1_robot/install/ros2_unitree_legged_msgs/include/ros2_unitree_legged_msgs/ros2_unitree_legged_msgs/msg/detail/cartesian__functions.c
[3.255s] -- Up-to-date: /home/rs/go1_robot/install/ros2_unitree_legged_msgs/include/ros2_unitree_legged_msgs/ros2_unitree_legged_msgs/msg/detail/bms_cmd__functions.c
[3.256s] -- Up-to-date: /home/rs/go1_robot/install/ros2_unitree_legged_msgs/include/ros2_unitree_legged_msgs/ros2_unitree_legged_msgs/msg/detail/bms_cmd__struct.h
[3.256s] -- Up-to-date: /home/rs/go1_robot/install/ros2_unitree_legged_msgs/include/ros2_unitree_legged_msgs/ros2_unitree_legged_msgs/msg/detail/bms_state__struct.h
[3.257s] -- Up-to-date: /home/rs/go1_robot/install/ros2_unitree_legged_msgs/include/ros2_unitree_legged_msgs/ros2_unitree_legged_msgs/msg/detail/motor_state__struct.h
[3.258s] -- Up-to-date: /home/rs/go1_robot/install/ros2_unitree_legged_msgs/include/ros2_unitree_legged_msgs/ros2_unitree_legged_msgs/msg/detail/imu__functions.c
[3.258s] -- Up-to-date: /home/rs/go1_robot/install/ros2_unitree_legged_msgs/include/ros2_unitree_legged_msgs/ros2_unitree_legged_msgs/msg/detail/high_cmd__type_support.h
[3.259s] -- Up-to-date: /home/rs/go1_robot/install/ros2_unitree_legged_msgs/include/ros2_unitree_legged_msgs/ros2_unitree_legged_msgs/msg/detail/high_state__functions.c
[3.261s] -- Up-to-date: /home/rs/go1_robot/install/ros2_unitree_legged_msgs/include/ros2_unitree_legged_msgs/ros2_unitree_legged_msgs/msg/detail/bms_state__functions.c
[3.261s] -- Up-to-date: /home/rs/go1_robot/install/ros2_unitree_legged_msgs/include/ros2_unitree_legged_msgs/ros2_unitree_legged_msgs/msg/detail/cartesian__type_support.h
[3.262s] -- Up-to-date: /home/rs/go1_robot/install/ros2_unitree_legged_msgs/include/ros2_unitree_legged_msgs/ros2_unitree_legged_msgs/msg/detail/high_state__struct.h
[3.263s] -- Up-to-date: /home/rs/go1_robot/install/ros2_unitree_legged_msgs/include/ros2_unitree_legged_msgs/ros2_unitree_legged_msgs/msg/detail/motor_cmd__struct.h
[3.263s] -- Up-to-date: /home/rs/go1_robot/install/ros2_unitree_legged_msgs/include/ros2_unitree_legged_msgs/ros2_unitree_legged_msgs/msg/detail/cartesian__functions.h
[3.265s] -- Up-to-date: /home/rs/go1_robot/install/ros2_unitree_legged_msgs/include/ros2_unitree_legged_msgs/ros2_unitree_legged_msgs/msg/detail/bms_cmd__type_support.h
[3.266s] -- Up-to-date: /home/rs/go1_robot/install/ros2_unitree_legged_msgs/include/ros2_unitree_legged_msgs/ros2_unitree_legged_msgs/msg/detail/low_cmd__functions.h
[3.266s] -- Up-to-date: /home/rs/go1_robot/install/ros2_unitree_legged_msgs/include/ros2_unitree_legged_msgs/ros2_unitree_legged_msgs/msg/detail/high_state__functions.h
[3.267s] -- Up-to-date: /home/rs/go1_robot/install/ros2_unitree_legged_msgs/include/ros2_unitree_legged_msgs/ros2_unitree_legged_msgs/msg/detail/low_state__struct.h
[3.267s] -- Up-to-date: /home/rs/go1_robot/install/ros2_unitree_legged_msgs/include/ros2_unitree_legged_msgs/ros2_unitree_legged_msgs/msg/detail/motor_state__functions.h
[3.268s] -- Up-to-date: /home/rs/go1_robot/install/ros2_unitree_legged_msgs/include/ros2_unitree_legged_msgs/ros2_unitree_legged_msgs/msg/detail/high_cmd__functions.c
[3.269s] -- Up-to-date: /home/rs/go1_robot/install/ros2_unitree_legged_msgs/include/ros2_unitree_legged_msgs/ros2_unitree_legged_msgs/msg/detail/low_state__type_support.h
[3.270s] -- Up-to-date: /home/rs/go1_robot/install/ros2_unitree_legged_msgs/include/ros2_unitree_legged_msgs/ros2_unitree_legged_msgs/msg/detail/low_cmd__type_support.h
[3.270s] -- Up-to-date: /home/rs/go1_robot/install/ros2_unitree_legged_msgs/include/ros2_unitree_legged_msgs/ros2_unitree_legged_msgs/msg/detail/led__functions.h
[3.270s] -- Up-to-date: /home/rs/go1_robot/install/ros2_unitree_legged_msgs/include/ros2_unitree_legged_msgs/ros2_unitree_legged_msgs/msg/detail/motor_cmd__functions.h
[3.271s] -- Up-to-date: /home/rs/go1_robot/install/ros2_unitree_legged_msgs/include/ros2_unitree_legged_msgs/ros2_unitree_legged_msgs/msg/detail/high_cmd__functions.h
[3.271s] -- Up-to-date: /home/rs/go1_robot/install/ros2_unitree_legged_msgs/include/ros2_unitree_legged_msgs/ros2_unitree_legged_msgs/msg/detail/low_state__functions.h
[3.274s] -- Up-to-date: /home/rs/go1_robot/install/ros2_unitree_legged_msgs/include/ros2_unitree_legged_msgs/ros2_unitree_legged_msgs/msg/detail/imu__type_support.h
[3.275s] -- Up-to-date: /home/rs/go1_robot/install/ros2_unitree_legged_msgs/include/ros2_unitree_legged_msgs/ros2_unitree_legged_msgs/msg/detail/low_cmd__struct.h
[3.275s] -- Up-to-date: /home/rs/go1_robot/install/ros2_unitree_legged_msgs/include/ros2_unitree_legged_msgs/ros2_unitree_legged_msgs/msg/low_cmd.h
[3.276s] -- Up-to-date: /home/rs/go1_robot/install/ros2_unitree_legged_msgs/include/ros2_unitree_legged_msgs/ros2_unitree_legged_msgs/msg/high_state.h
[3.277s] -- Up-to-date: /home/rs/go1_robot/install/ros2_unitree_legged_msgs/include/ros2_unitree_legged_msgs/ros2_unitree_legged_msgs/msg/motor_cmd.h
[3.277s] -- Up-to-date: /home/rs/go1_robot/install/ros2_unitree_legged_msgs/include/ros2_unitree_legged_msgs/ros2_unitree_legged_msgs/msg/rosidl_generator_c__visibility_control.h
[3.278s] -- Up-to-date: /home/rs/go1_robot/install/ros2_unitree_legged_msgs/include/ros2_unitree_legged_msgs/ros2_unitree_legged_msgs/msg/led.h
[3.278s] -- Up-to-date: /home/rs/go1_robot/install/ros2_unitree_legged_msgs/include/ros2_unitree_legged_msgs/ros2_unitree_legged_msgs/msg/low_state.h
[3.279s] -- Up-to-date: /home/rs/go1_robot/install/ros2_unitree_legged_msgs/include/ros2_unitree_legged_msgs/ros2_unitree_legged_msgs/msg/motor_state.h
[3.279s] -- Up-to-date: /home/rs/go1_robot/install/ros2_unitree_legged_msgs/include/ros2_unitree_legged_msgs/ros2_unitree_legged_msgs/msg/bms_cmd.h
[3.280s] -- Up-to-date: /home/rs/go1_robot/install/ros2_unitree_legged_msgs/share/ros2_unitree_legged_msgs/environment/library_path.sh
[3.281s] -- Up-to-date: /home/rs/go1_robot/install/ros2_unitree_legged_msgs/share/ros2_unitree_legged_msgs/environment/library_path.dsv
[3.285s] -- Up-to-date: /home/rs/go1_robot/install/ros2_unitree_legged_msgs/lib/libros2_unitree_legged_msgs__rosidl_generator_c.so
[3.285s] -- Up-to-date: /home/rs/go1_robot/install/ros2_unitree_legged_msgs/include/ros2_unitree_legged_msgs/ros2_unitree_legged_msgs
[3.286s] -- Up-to-date: /home/rs/go1_robot/install/ros2_unitree_legged_msgs/include/ros2_unitree_legged_msgs/ros2_unitree_legged_msgs/msg
[3.286s] -- Up-to-date: /home/rs/go1_robot/install/ros2_unitree_legged_msgs/include/ros2_unitree_legged_msgs/ros2_unitree_legged_msgs/msg/detail
[3.287s] -- Up-to-date: /home/rs/go1_robot/install/ros2_unitree_legged_msgs/include/ros2_unitree_legged_msgs/ros2_unitree_legged_msgs/msg/detail/low_cmd__rosidl_typesupport_fastrtps_c.h
[3.288s] -- Up-to-date: /home/rs/go1_robot/install/ros2_unitree_legged_msgs/include/ros2_unitree_legged_msgs/ros2_unitree_legged_msgs/msg/detail/motor_cmd__rosidl_typesupport_fastrtps_c.h
[3.288s] -- Up-to-date: /home/rs/go1_robot/install/ros2_unitree_legged_msgs/include/ros2_unitree_legged_msgs/ros2_unitree_legged_msgs/msg/detail/led__rosidl_typesupport_fastrtps_c.h
[3.289s] -- Up-to-date: /home/rs/go1_robot/install/ros2_unitree_legged_msgs/include/ros2_unitree_legged_msgs/ros2_unitree_legged_msgs/msg/detail/high_cmd__rosidl_typesupport_fastrtps_c.h
[3.289s] -- Up-to-date: /home/rs/go1_robot/install/ros2_unitree_legged_msgs/include/ros2_unitree_legged_msgs/ros2_unitree_legged_msgs/msg/detail/high_state__rosidl_typesupport_fastrtps_c.h
[3.290s] -- Up-to-date: /home/rs/go1_robot/install/ros2_unitree_legged_msgs/include/ros2_unitree_legged_msgs/ros2_unitree_legged_msgs/msg/detail/imu__rosidl_typesupport_fastrtps_c.h
[3.291s] -- Up-to-date: /home/rs/go1_robot/install/ros2_unitree_legged_msgs/include/ros2_unitree_legged_msgs/ros2_unitree_legged_msgs/msg/detail/bms_state__rosidl_typesupport_fastrtps_c.h
[3.291s] -- Up-to-date: /home/rs/go1_robot/install/ros2_unitree_legged_msgs/include/ros2_unitree_legged_msgs/ros2_unitree_legged_msgs/msg/detail/low_state__rosidl_typesupport_fastrtps_c.h
[3.291s] -- Up-to-date: /home/rs/go1_robot/install/ros2_unitree_legged_msgs/include/ros2_unitree_legged_msgs/ros2_unitree_legged_msgs/msg/detail/cartesian__rosidl_typesupport_fastrtps_c.h
[3.292s] -- Up-to-date: /home/rs/go1_robot/install/ros2_unitree_legged_msgs/include/ros2_unitree_legged_msgs/ros2_unitree_legged_msgs/msg/detail/bms_cmd__rosidl_typesupport_fastrtps_c.h
[3.293s] -- Up-to-date: /home/rs/go1_robot/install/ros2_unitree_legged_msgs/include/ros2_unitree_legged_msgs/ros2_unitree_legged_msgs/msg/detail/motor_state__rosidl_typesupport_fastrtps_c.h
[3.294s] -- Up-to-date: /home/rs/go1_robot/install/ros2_unitree_legged_msgs/include/ros2_unitree_legged_msgs/ros2_unitree_legged_msgs/msg/rosidl_typesupport_fastrtps_c__visibility_control.h
[3.294s] -- Up-to-date: /home/rs/go1_robot/install/ros2_unitree_legged_msgs/lib/libros2_unitree_legged_msgs__rosidl_typesupport_fastrtps_c.so
[3.295s] -- Up-to-date: /home/rs/go1_robot/install/ros2_unitree_legged_msgs/include/ros2_unitree_legged_msgs/ros2_unitree_legged_msgs
[3.301s] -- Up-to-date: /home/rs/go1_robot/install/ros2_unitree_legged_msgs/include/ros2_unitree_legged_msgs/ros2_unitree_legged_msgs/msg
[3.302s] -- Up-to-date: /home/rs/go1_robot/install/ros2_unitree_legged_msgs/include/ros2_unitree_legged_msgs/ros2_unitree_legged_msgs/msg/rosidl_typesupport_introspection_c__visibility_control.h
[3.302s] -- Up-to-date: /home/rs/go1_robot/install/ros2_unitree_legged_msgs/include/ros2_unitree_legged_msgs/ros2_unitree_legged_msgs/msg/detail
[3.303s] -- Up-to-date: /home/rs/go1_robot/install/ros2_unitree_legged_msgs/include/ros2_unitree_legged_msgs/ros2_unitree_legged_msgs/msg/detail/imu__type_support.c
[3.305s] -- Up-to-date: /home/rs/go1_robot/install/ros2_unitree_legged_msgs/include/ros2_unitree_legged_msgs/ros2_unitree_legged_msgs/msg/detail/motor_cmd__rosidl_typesupport_introspection_c.h
[3.305s] -- Up-to-date: /home/rs/go1_robot/install/ros2_unitree_legged_msgs/include/ros2_unitree_legged_msgs/ros2_unitree_legged_msgs/msg/detail/bms_state__rosidl_typesupport_introspection_c.h
[3.306s] -- Up-to-date: /home/rs/go1_robot/install/ros2_unitree_legged_msgs/include/ros2_unitree_legged_msgs/ros2_unitree_legged_msgs/msg/detail/low_state__type_support.c
[3.306s] -- Up-to-date: /home/rs/go1_robot/install/ros2_unitree_legged_msgs/include/ros2_unitree_legged_msgs/ros2_unitree_legged_msgs/msg/detail/low_state__rosidl_typesupport_introspection_c.h
[3.307s] -- Up-to-date: /home/rs/go1_robot/install/ros2_unitree_legged_msgs/include/ros2_unitree_legged_msgs/ros2_unitree_legged_msgs/msg/detail/motor_state__type_support.c
[3.307s] -- Up-to-date: /home/rs/go1_robot/install/ros2_unitree_legged_msgs/include/ros2_unitree_legged_msgs/ros2_unitree_legged_msgs/msg/detail/low_cmd__type_support.c
[3.308s] -- Up-to-date: /home/rs/go1_robot/install/ros2_unitree_legged_msgs/include/ros2_unitree_legged_msgs/ros2_unitree_legged_msgs/msg/detail/high_state__type_support.c
[3.309s] -- Up-to-date: /home/rs/go1_robot/install/ros2_unitree_legged_msgs/include/ros2_unitree_legged_msgs/ros2_unitree_legged_msgs/msg/detail/high_cmd__rosidl_typesupport_introspection_c.h
[3.309s] -- Up-to-date: /home/rs/go1_robot/install/ros2_unitree_legged_msgs/include/ros2_unitree_legged_msgs/ros2_unitree_legged_msgs/msg/detail/cartesian__type_support.c
[3.310s] -- Up-to-date: /home/rs/go1_robot/install/ros2_unitree_legged_msgs/include/ros2_unitree_legged_msgs/ros2_unitree_legged_msgs/msg/detail/led__rosidl_typesupport_introspection_c.h
[3.310s] -- Up-to-date: /home/rs/go1_robot/install/ros2_unitree_legged_msgs/include/ros2_unitree_legged_msgs/ros2_unitree_legged_msgs/msg/detail/bms_state__type_support.c
[3.310s] -- Up-to-date: /home/rs/go1_robot/install/ros2_unitree_legged_msgs/include/ros2_unitree_legged_msgs/ros2_unitree_legged_msgs/msg/detail/imu__rosidl_typesupport_introspection_c.h
[3.310s] -- Up-to-date: /home/rs/go1_robot/install/ros2_unitree_legged_msgs/include/ros2_unitree_legged_msgs/ros2_unitree_legged_msgs/msg/detail/motor_state__rosidl_typesupport_introspection_c.h
[3.311s] -- Up-to-date: /home/rs/go1_robot/install/ros2_unitree_legged_msgs/include/ros2_unitree_legged_msgs/ros2_unitree_legged_msgs/msg/detail/low_cmd__rosidl_typesupport_introspection_c.h
[3.311s] -- Up-to-date: /home/rs/go1_robot/install/ros2_unitree_legged_msgs/include/ros2_unitree_legged_msgs/ros2_unitree_legged_msgs/msg/detail/high_state__rosidl_typesupport_introspection_c.h
[3.311s] -- Up-to-date: /home/rs/go1_robot/install/ros2_unitree_legged_msgs/include/ros2_unitree_legged_msgs/ros2_unitree_legged_msgs/msg/detail/high_cmd__type_support.c
[3.311s] -- Up-to-date: /home/rs/go1_robot/install/ros2_unitree_legged_msgs/include/ros2_unitree_legged_msgs/ros2_unitree_legged_msgs/msg/detail/motor_cmd__type_support.c
[3.311s] -- Up-to-date: /home/rs/go1_robot/install/ros2_unitree_legged_msgs/include/ros2_unitree_legged_msgs/ros2_unitree_legged_msgs/msg/detail/cartesian__rosidl_typesupport_introspection_c.h
[3.311s] -- Up-to-date: /home/rs/go1_robot/install/ros2_unitree_legged_msgs/include/ros2_unitree_legged_msgs/ros2_unitree_legged_msgs/msg/detail/bms_cmd__rosidl_typesupport_introspection_c.h
[3.311s] -- Up-to-date: /home/rs/go1_robot/install/ros2_unitree_legged_msgs/include/ros2_unitree_legged_msgs/ros2_unitree_legged_msgs/msg/detail/led__type_support.c
[3.312s] -- Up-to-date: /home/rs/go1_robot/install/ros2_unitree_legged_msgs/include/ros2_unitree_legged_msgs/ros2_unitree_legged_msgs/msg/detail/bms_cmd__type_support.c
[3.312s] -- Up-to-date: /home/rs/go1_robot/install/ros2_unitree_legged_msgs/lib/libros2_unitree_legged_msgs__rosidl_typesupport_introspection_c.so
[3.312s] -- Up-to-date: /home/rs/go1_robot/install/ros2_unitree_legged_msgs/lib/libros2_unitree_legged_msgs__rosidl_typesupport_c.so
[3.312s] -- Up-to-date: /home/rs/go1_robot/install/ros2_unitree_legged_msgs/include/ros2_unitree_legged_msgs/ros2_unitree_legged_msgs
[3.312s] -- Up-to-date: /home/rs/go1_robot/install/ros2_unitree_legged_msgs/include/ros2_unitree_legged_msgs/ros2_unitree_legged_msgs/msg
[3.312s] -- Up-to-date: /home/rs/go1_robot/install/ros2_unitree_legged_msgs/include/ros2_unitree_legged_msgs/ros2_unitree_legged_msgs/msg/motor_state.hpp
[3.312s] -- Up-to-date: /home/rs/go1_robot/install/ros2_unitree_legged_msgs/include/ros2_unitree_legged_msgs/ros2_unitree_legged_msgs/msg/bms_cmd.hpp
[3.313s] -- Up-to-date: /home/rs/go1_robot/install/ros2_unitree_legged_msgs/include/ros2_unitree_legged_msgs/ros2_unitree_legged_msgs/msg/detail
[3.313s] -- Up-to-date: /home/rs/go1_robot/install/ros2_unitree_legged_msgs/include/ros2_unitree_legged_msgs/ros2_unitree_legged_msgs/msg/detail/bms_cmd__struct.hpp
[3.313s] -- Up-to-date: /home/rs/go1_robot/install/ros2_unitree_legged_msgs/include/ros2_unitree_legged_msgs/ros2_unitree_legged_msgs/msg/detail/imu__struct.hpp
[3.313s] -- Up-to-date: /home/rs/go1_robot/install/ros2_unitree_legged_msgs/include/ros2_unitree_legged_msgs/ros2_unitree_legged_msgs/msg/detail/bms_state__traits.hpp
[3.313s] -- Up-to-date: /home/rs/go1_robot/install/ros2_unitree_legged_msgs/include/ros2_unitree_legged_msgs/ros2_unitree_legged_msgs/msg/detail/cartesian__traits.hpp
[3.313s] -- Up-to-date: /home/rs/go1_robot/install/ros2_unitree_legged_msgs/include/ros2_unitree_legged_msgs/ros2_unitree_legged_msgs/msg/detail/motor_state__struct.hpp
[3.314s] -- Up-to-date: /home/rs/go1_robot/install/ros2_unitree_legged_msgs/include/ros2_unitree_legged_msgs/ros2_unitree_legged_msgs/msg/detail/motor_cmd__struct.hpp
[3.315s] -- Up-to-date: /home/rs/go1_robot/install/ros2_unitree_legged_msgs/include/ros2_unitree_legged_msgs/ros2_unitree_legged_msgs/msg/detail/motor_state__traits.hpp
[3.316s] -- Up-to-date: /home/rs/go1_robot/install/ros2_unitree_legged_msgs/include/ros2_unitree_legged_msgs/ros2_unitree_legged_msgs/msg/detail/motor_state__builder.hpp
[3.318s] -- Up-to-date: /home/rs/go1_robot/install/ros2_unitree_legged_msgs/include/ros2_unitree_legged_msgs/ros2_unitree_legged_msgs/msg/detail/led__builder.hpp
[3.318s] -- Up-to-date: /home/rs/go1_robot/install/ros2_unitree_legged_msgs/include/ros2_unitree_legged_msgs/ros2_unitree_legged_msgs/msg/detail/motor_cmd__builder.hpp
[3.319s] -- Up-to-date: /home/rs/go1_robot/install/ros2_unitree_legged_msgs/include/ros2_unitree_legged_msgs/ros2_unitree_legged_msgs/msg/detail/high_state__struct.hpp
[3.319s] -- Up-to-date: /home/rs/go1_robot/install/ros2_unitree_legged_msgs/include/ros2_unitree_legged_msgs/ros2_unitree_legged_msgs/msg/detail/low_state__traits.hpp
[3.322s] -- Up-to-date: /home/rs/go1_robot/install/ros2_unitree_legged_msgs/include/ros2_unitree_legged_msgs/ros2_unitree_legged_msgs/msg/detail/bms_state__struct.hpp
[3.322s] -- Up-to-date: /home/rs/go1_robot/install/ros2_unitree_legged_msgs/include/ros2_unitree_legged_msgs/ros2_unitree_legged_msgs/msg/detail/high_state__builder.hpp
[3.323s] -- Up-to-date: /home/rs/go1_robot/install/ros2_unitree_legged_msgs/include/ros2_unitree_legged_msgs/ros2_unitree_legged_msgs/msg/detail/cartesian__struct.hpp
[3.323s] -- Up-to-date: /home/rs/go1_robot/install/ros2_unitree_legged_msgs/include/ros2_unitree_legged_msgs/ros2_unitree_legged_msgs/msg/detail/high_cmd__struct.hpp
[3.323s] -- Up-to-date: /home/rs/go1_robot/install/ros2_unitree_legged_msgs/include/ros2_unitree_legged_msgs/ros2_unitree_legged_msgs/msg/detail/bms_cmd__builder.hpp
[3.324s] -- Up-to-date: /home/rs/go1_robot/install/ros2_unitree_legged_msgs/include/ros2_unitree_legged_msgs/ros2_unitree_legged_msgs/msg/detail/high_cmd__traits.hpp
[3.324s] -- Up-to-date: /home/rs/go1_robot/install/ros2_unitree_legged_msgs/include/ros2_unitree_legged_msgs/ros2_unitree_legged_msgs/msg/detail/low_state__struct.hpp
[3.324s] -- Up-to-date: /home/rs/go1_robot/install/ros2_unitree_legged_msgs/include/ros2_unitree_legged_msgs/ros2_unitree_legged_msgs/msg/detail/low_cmd__struct.hpp
[3.324s] -- Up-to-date: /home/rs/go1_robot/install/ros2_unitree_legged_msgs/include/ros2_unitree_legged_msgs/ros2_unitree_legged_msgs/msg/detail/led__traits.hpp
[3.324s] -- Up-to-date: /home/rs/go1_robot/install/ros2_unitree_legged_msgs/include/ros2_unitree_legged_msgs/ros2_unitree_legged_msgs/msg/detail/low_cmd__traits.hpp
[3.324s] -- Up-to-date: /home/rs/go1_robot/install/ros2_unitree_legged_msgs/include/ros2_unitree_legged_msgs/ros2_unitree_legged_msgs/msg/detail/motor_cmd__traits.hpp
[3.324s] -- Up-to-date: /home/rs/go1_robot/install/ros2_unitree_legged_msgs/include/ros2_unitree_legged_msgs/ros2_unitree_legged_msgs/msg/detail/high_cmd__builder.hpp
[3.324s] -- Up-to-date: /home/rs/go1_robot/install/ros2_unitree_legged_msgs/include/ros2_unitree_legged_msgs/ros2_unitree_legged_msgs/msg/detail/bms_state__builder.hpp
[3.325s] -- Up-to-date: /home/rs/go1_robot/install/ros2_unitree_legged_msgs/include/ros2_unitree_legged_msgs/ros2_unitree_legged_msgs/msg/detail/imu__builder.hpp
[3.326s] -- Up-to-date: /home/rs/go1_robot/install/ros2_unitree_legged_msgs/include/ros2_unitree_legged_msgs/ros2_unitree_legged_msgs/msg/detail/low_state__builder.hpp
[3.326s] -- Up-to-date: /home/rs/go1_robot/install/ros2_unitree_legged_msgs/include/ros2_unitree_legged_msgs/ros2_unitree_legged_msgs/msg/detail/led__struct.hpp
[3.327s] -- Up-to-date: /home/rs/go1_robot/install/ros2_unitree_legged_msgs/include/ros2_unitree_legged_msgs/ros2_unitree_legged_msgs/msg/detail/low_cmd__builder.hpp
[3.327s] -- Up-to-date: /home/rs/go1_robot/install/ros2_unitree_legged_msgs/include/ros2_unitree_legged_msgs/ros2_unitree_legged_msgs/msg/detail/high_state__traits.hpp
[3.327s] -- Up-to-date: /home/rs/go1_robot/install/ros2_unitree_legged_msgs/include/ros2_unitree_legged_msgs/ros2_unitree_legged_msgs/msg/detail/cartesian__builder.hpp
[3.328s] -- Up-to-date: /home/rs/go1_robot/install/ros2_unitree_legged_msgs/include/ros2_unitree_legged_msgs/ros2_unitree_legged_msgs/msg/detail/bms_cmd__traits.hpp
[3.328s] -- Up-to-date: /home/rs/go1_robot/install/ros2_unitree_legged_msgs/include/ros2_unitree_legged_msgs/ros2_unitree_legged_msgs/msg/detail/imu__traits.hpp
[3.328s] -- Up-to-date: /home/rs/go1_robot/install/ros2_unitree_legged_msgs/include/ros2_unitree_legged_msgs/ros2_unitree_legged_msgs/msg/bms_state.hpp
[3.328s] -- Up-to-date: /home/rs/go1_robot/install/ros2_unitree_legged_msgs/include/ros2_unitree_legged_msgs/ros2_unitree_legged_msgs/msg/low_cmd.hpp
[3.330s] -- Up-to-date: /home/rs/go1_robot/install/ros2_unitree_legged_msgs/include/ros2_unitree_legged_msgs/ros2_unitree_legged_msgs/msg/high_cmd.hpp
[3.330s] -- Up-to-date: /home/rs/go1_robot/install/ros2_unitree_legged_msgs/include/ros2_unitree_legged_msgs/ros2_unitree_legged_msgs/msg/cartesian.hpp
[3.331s] -- Up-to-date: /home/rs/go1_robot/install/ros2_unitree_legged_msgs/include/ros2_unitree_legged_msgs/ros2_unitree_legged_msgs/msg/high_state.hpp
[3.331s] -- Up-to-date: /home/rs/go1_robot/install/ros2_unitree_legged_msgs/include/ros2_unitree_legged_msgs/ros2_unitree_legged_msgs/msg/imu.hpp
[3.332s] -- Up-to-date: /home/rs/go1_robot/install/ros2_unitree_legged_msgs/include/ros2_unitree_legged_msgs/ros2_unitree_legged_msgs/msg/motor_cmd.hpp
[3.332s] -- Up-to-date: /home/rs/go1_robot/install/ros2_unitree_legged_msgs/include/ros2_unitree_legged_msgs/ros2_unitree_legged_msgs/msg/led.hpp
[3.334s] -- Up-to-date: /home/rs/go1_robot/install/ros2_unitree_legged_msgs/include/ros2_unitree_legged_msgs/ros2_unitree_legged_msgs/msg/low_state.hpp
[3.335s] -- Up-to-date: /home/rs/go1_robot/install/ros2_unitree_legged_msgs/include/ros2_unitree_legged_msgs/ros2_unitree_legged_msgs
[3.335s] -- Up-to-date: /home/rs/go1_robot/install/ros2_unitree_legged_msgs/include/ros2_unitree_legged_msgs/ros2_unitree_legged_msgs/msg
[3.335s] -- Up-to-date: /home/rs/go1_robot/install/ros2_unitree_legged_msgs/include/ros2_unitree_legged_msgs/ros2_unitree_legged_msgs/msg/detail
[3.338s] -- Up-to-date: /home/rs/go1_robot/install/ros2_unitree_legged_msgs/include/ros2_unitree_legged_msgs/ros2_unitree_legged_msgs/msg/detail/dds_fastrtps
[3.339s] -- Up-to-date: /home/rs/go1_robot/install/ros2_unitree_legged_msgs/include/ros2_unitree_legged_msgs/ros2_unitree_legged_msgs/msg/detail/led__rosidl_typesupport_fastrtps_cpp.hpp
[3.340s] -- Up-to-date: /home/rs/go1_robot/install/ros2_unitree_legged_msgs/include/ros2_unitree_legged_msgs/ros2_unitree_legged_msgs/msg/detail/motor_state__rosidl_typesupport_fastrtps_cpp.hpp
[3.340s] -- Up-to-date: /home/rs/go1_robot/install/ros2_unitree_legged_msgs/include/ros2_unitree_legged_msgs/ros2_unitree_legged_msgs/msg/detail/imu__rosidl_typesupport_fastrtps_cpp.hpp
[3.341s] -- Up-to-date: /home/rs/go1_robot/install/ros2_unitree_legged_msgs/include/ros2_unitree_legged_msgs/ros2_unitree_legged_msgs/msg/detail/low_state__rosidl_typesupport_fastrtps_cpp.hpp
[3.342s] -- Up-to-date: /home/rs/go1_robot/install/ros2_unitree_legged_msgs/include/ros2_unitree_legged_msgs/ros2_unitree_legged_msgs/msg/detail/bms_cmd__rosidl_typesupport_fastrtps_cpp.hpp
[3.343s] -- Up-to-date: /home/rs/go1_robot/install/ros2_unitree_legged_msgs/include/ros2_unitree_legged_msgs/ros2_unitree_legged_msgs/msg/detail/bms_state__rosidl_typesupport_fastrtps_cpp.hpp
[3.343s] -- Up-to-date: /home/rs/go1_robot/install/ros2_unitree_legged_msgs/include/ros2_unitree_legged_msgs/ros2_unitree_legged_msgs/msg/detail/cartesian__rosidl_typesupport_fastrtps_cpp.hpp
[3.344s] -- Up-to-date: /home/rs/go1_robot/install/ros2_unitree_legged_msgs/include/ros2_unitree_legged_msgs/ros2_unitree_legged_msgs/msg/detail/high_state__rosidl_typesupport_fastrtps_cpp.hpp
[3.345s] -- Up-to-date: /home/rs/go1_robot/install/ros2_unitree_legged_msgs/include/ros2_unitree_legged_msgs/ros2_unitree_legged_msgs/msg/detail/motor_cmd__rosidl_typesupport_fastrtps_cpp.hpp
[3.346s] -- Up-to-date: /home/rs/go1_robot/install/ros2_unitree_legged_msgs/include/ros2_unitree_legged_msgs/ros2_unitree_legged_msgs/msg/detail/low_cmd__rosidl_typesupport_fastrtps_cpp.hpp
[3.346s] -- Up-to-date: /home/rs/go1_robot/install/ros2_unitree_legged_msgs/include/ros2_unitree_legged_msgs/ros2_unitree_legged_msgs/msg/detail/high_cmd__rosidl_typesupport_fastrtps_cpp.hpp
[3.347s] -- Up-to-date: /home/rs/go1_robot/install/ros2_unitree_legged_msgs/include/ros2_unitree_legged_msgs/ros2_unitree_legged_msgs/msg/rosidl_typesupport_fastrtps_cpp__visibility_control.h
[3.347s] -- Up-to-date: /home/rs/go1_robot/install/ros2_unitree_legged_msgs/lib/libros2_unitree_legged_msgs__rosidl_typesupport_fastrtps_cpp.so
[3.348s] -- Up-to-date: /home/rs/go1_robot/install/ros2_unitree_legged_msgs/include/ros2_unitree_legged_msgs/ros2_unitree_legged_msgs
[3.349s] -- Up-to-date: /home/rs/go1_robot/install/ros2_unitree_legged_msgs/include/ros2_unitree_legged_msgs/ros2_unitree_legged_msgs/msg
[3.350s] -- Up-to-date: /home/rs/go1_robot/install/ros2_unitree_legged_msgs/include/ros2_unitree_legged_msgs/ros2_unitree_legged_msgs/msg/detail
[3.351s] -- Up-to-date: /home/rs/go1_robot/install/ros2_unitree_legged_msgs/include/ros2_unitree_legged_msgs/ros2_unitree_legged_msgs/msg/detail/high_state__rosidl_typesupport_introspection_cpp.hpp
[3.351s] -- Up-to-date: /home/rs/go1_robot/install/ros2_unitree_legged_msgs/include/ros2_unitree_legged_msgs/ros2_unitree_legged_msgs/msg/detail/imu__type_support.cpp
[3.352s] -- Up-to-date: /home/rs/go1_robot/install/ros2_unitree_legged_msgs/include/ros2_unitree_legged_msgs/ros2_unitree_legged_msgs/msg/detail/imu__rosidl_typesupport_introspection_cpp.hpp
[3.354s] -- Up-to-date: /home/rs/go1_robot/install/ros2_unitree_legged_msgs/include/ros2_unitree_legged_msgs/ros2_unitree_legged_msgs/msg/detail/low_state__type_support.cpp
[3.354s] -- Up-to-date: /home/rs/go1_robot/install/ros2_unitree_legged_msgs/include/ros2_unitree_legged_msgs/ros2_unitree_legged_msgs/msg/detail/cartesian__rosidl_typesupport_introspection_cpp.hpp
[3.356s] -- Up-to-date: /home/rs/go1_robot/install/ros2_unitree_legged_msgs/include/ros2_unitree_legged_msgs/ros2_unitree_legged_msgs/msg/detail/cartesian__type_support.cpp
[3.356s] -- Up-to-date: /home/rs/go1_robot/install/ros2_unitree_legged_msgs/include/ros2_unitree_legged_msgs/ros2_unitree_legged_msgs/msg/detail/bms_state__type_support.cpp
[3.356s] -- Up-to-date: /home/rs/go1_robot/install/ros2_unitree_legged_msgs/include/ros2_unitree_legged_msgs/ros2_unitree_legged_msgs/msg/detail/bms_cmd__type_support.cpp
[3.357s] -- Up-to-date: /home/rs/go1_robot/install/ros2_unitree_legged_msgs/include/ros2_unitree_legged_msgs/ros2_unitree_legged_msgs/msg/detail/low_cmd__rosidl_typesupport_introspection_cpp.hpp
[3.358s] -- Up-to-date: /home/rs/go1_robot/install/ros2_unitree_legged_msgs/include/ros2_unitree_legged_msgs/ros2_unitree_legged_msgs/msg/detail/motor_cmd__type_support.cpp
[3.359s] -- Up-to-date: /home/rs/go1_robot/install/ros2_unitree_legged_msgs/include/ros2_unitree_legged_msgs/ros2_unitree_legged_msgs/msg/detail/bms_cmd__rosidl_typesupport_introspection_cpp.hpp
[3.359s] -- Up-to-date: /home/rs/go1_robot/install/ros2_unitree_legged_msgs/include/ros2_unitree_legged_msgs/ros2_unitree_legged_msgs/msg/detail/led__rosidl_typesupport_introspection_cpp.hpp
[3.360s] -- Up-to-date: /home/rs/go1_robot/install/ros2_unitree_legged_msgs/include/ros2_unitree_legged_msgs/ros2_unitree_legged_msgs/msg/detail/motor_state__rosidl_typesupport_introspection_cpp.hpp
[3.360s] -- Up-to-date: /home/rs/go1_robot/install/ros2_unitree_legged_msgs/include/ros2_unitree_legged_msgs/ros2_unitree_legged_msgs/msg/detail/high_cmd__type_support.cpp
[3.361s] -- Up-to-date: /home/rs/go1_robot/install/ros2_unitree_legged_msgs/include/ros2_unitree_legged_msgs/ros2_unitree_legged_msgs/msg/detail/high_cmd__rosidl_typesupport_introspection_cpp.hpp
[3.362s] -- Up-to-date: /home/rs/go1_robot/install/ros2_unitree_legged_msgs/include/ros2_unitree_legged_msgs/ros2_unitree_legged_msgs/msg/detail/motor_state__type_support.cpp
[3.362s] -- Up-to-date: /home/rs/go1_robot/install/ros2_unitree_legged_msgs/include/ros2_unitree_legged_msgs/ros2_unitree_legged_msgs/msg/detail/led__type_support.cpp
[3.363s] -- Up-to-date: /home/rs/go1_robot/install/ros2_unitree_legged_msgs/include/ros2_unitree_legged_msgs/ros2_unitree_legged_msgs/msg/detail/high_state__type_support.cpp
[3.365s] -- Up-to-date: /home/rs/go1_robot/install/ros2_unitree_legged_msgs/include/ros2_unitree_legged_msgs/ros2_unitree_legged_msgs/msg/detail/motor_cmd__rosidl_typesupport_introspection_cpp.hpp
[3.365s] -- Up-to-date: /home/rs/go1_robot/install/ros2_unitree_legged_msgs/include/ros2_unitree_legged_msgs/ros2_unitree_legged_msgs/msg/detail/bms_state__rosidl_typesupport_introspection_cpp.hpp
[3.365s] -- Up-to-date: /home/rs/go1_robot/install/ros2_unitree_legged_msgs/include/ros2_unitree_legged_msgs/ros2_unitree_legged_msgs/msg/detail/low_cmd__type_support.cpp
[3.366s] -- Up-to-date: /home/rs/go1_robot/install/ros2_unitree_legged_msgs/include/ros2_unitree_legged_msgs/ros2_unitree_legged_msgs/msg/detail/low_state__rosidl_typesupport_introspection_cpp.hpp
[3.366s] -- Up-to-date: /home/rs/go1_robot/install/ros2_unitree_legged_msgs/lib/libros2_unitree_legged_msgs__rosidl_typesupport_introspection_cpp.so
[3.366s] -- Up-to-date: /home/rs/go1_robot/install/ros2_unitree_legged_msgs/lib/libros2_unitree_legged_msgs__rosidl_typesupport_cpp.so
[3.366s] -- Up-to-date: /home/rs/go1_robot/install/ros2_unitree_legged_msgs/share/ros2_unitree_legged_msgs/environment/pythonpath.sh
[3.366s] -- Up-to-date: /home/rs/go1_robot/install/ros2_unitree_legged_msgs/share/ros2_unitree_legged_msgs/environment/pythonpath.dsv
[3.366s] -- Up-to-date: /home/rs/go1_robot/install/ros2_unitree_legged_msgs/local/lib/python3.10/dist-packages/ros2_unitree_legged_msgs-0.4.0-py3.10.egg-info
[3.366s] -- Installing: /home/rs/go1_robot/install/ros2_unitree_legged_msgs/local/lib/python3.10/dist-packages/ros2_unitree_legged_msgs-0.4.0-py3.10.egg-info/top_level.txt
[3.367s] -- Installing: /home/rs/go1_robot/install/ros2_unitree_legged_msgs/local/lib/python3.10/dist-packages/ros2_unitree_legged_msgs-0.4.0-py3.10.egg-info/PKG-INFO
[3.367s] -- Installing: /home/rs/go1_robot/install/ros2_unitree_legged_msgs/local/lib/python3.10/dist-packages/ros2_unitree_legged_msgs-0.4.0-py3.10.egg-info/dependency_links.txt
[3.367s] -- Installing: /home/rs/go1_robot/install/ros2_unitree_legged_msgs/local/lib/python3.10/dist-packages/ros2_unitree_legged_msgs-0.4.0-py3.10.egg-info/SOURCES.txt
[3.367s] -- Up-to-date: /home/rs/go1_robot/install/ros2_unitree_legged_msgs/local/lib/python3.10/dist-packages/ros2_unitree_legged_msgs
[3.367s] -- Up-to-date: /home/rs/go1_robot/install/ros2_unitree_legged_msgs/local/lib/python3.10/dist-packages/ros2_unitree_legged_msgs/libros2_unitree_legged_msgs__rosidl_generator_py.so
[3.367s] -- Up-to-date: /home/rs/go1_robot/install/ros2_unitree_legged_msgs/local/lib/python3.10/dist-packages/ros2_unitree_legged_msgs/__init__.py
[3.367s] -- Up-to-date: /home/rs/go1_robot/install/ros2_unitree_legged_msgs/local/lib/python3.10/dist-packages/ros2_unitree_legged_msgs/ros2_unitree_legged_msgs_s__rosidl_typesupport_fastrtps_c.cpython-310-x86_64-linux-gnu.so
[3.367s] -- Up-to-date: /home/rs/go1_robot/install/ros2_unitree_legged_msgs/local/lib/python3.10/dist-packages/ros2_unitree_legged_msgs/msg
[3.367s] -- Up-to-date: /home/rs/go1_robot/install/ros2_unitree_legged_msgs/local/lib/python3.10/dist-packages/ros2_unitree_legged_msgs/msg/_bms_state_s.c
[3.367s] -- Up-to-date: /home/rs/go1_robot/install/ros2_unitree_legged_msgs/local/lib/python3.10/dist-packages/ros2_unitree_legged_msgs/msg/_motor_state_s.c
[3.368s] -- Up-to-date: /home/rs/go1_robot/install/ros2_unitree_legged_msgs/local/lib/python3.10/dist-packages/ros2_unitree_legged_msgs/msg/_cartesian.py
[3.368s] -- Up-to-date: /home/rs/go1_robot/install/ros2_unitree_legged_msgs/local/lib/python3.10/dist-packages/ros2_unitree_legged_msgs/msg/_high_cmd.py
[3.368s] -- Up-to-date: /home/rs/go1_robot/install/ros2_unitree_legged_msgs/local/lib/python3.10/dist-packages/ros2_unitree_legged_msgs/msg/_bms_cmd.py
[3.368s] -- Up-to-date: /home/rs/go1_robot/install/ros2_unitree_legged_msgs/local/lib/python3.10/dist-packages/ros2_unitree_legged_msgs/msg/_cartesian_s.c
[3.368s] -- Up-to-date: /home/rs/go1_robot/install/ros2_unitree_legged_msgs/local/lib/python3.10/dist-packages/ros2_unitree_legged_msgs/msg/_low_cmd.py
[3.368s] -- Up-to-date: /home/rs/go1_robot/install/ros2_unitree_legged_msgs/local/lib/python3.10/dist-packages/ros2_unitree_legged_msgs/msg/__init__.py
[3.368s] -- Up-to-date: /home/rs/go1_robot/install/ros2_unitree_legged_msgs/local/lib/python3.10/dist-packages/ros2_unitree_legged_msgs/msg/_motor_cmd.py
[3.368s] -- Up-to-date: /home/rs/go1_robot/install/ros2_unitree_legged_msgs/local/lib/python3.10/dist-packages/ros2_unitree_legged_msgs/msg/_low_cmd_s.c
[3.368s] -- Up-to-date: /home/rs/go1_robot/install/ros2_unitree_legged_msgs/local/lib/python3.10/dist-packages/ros2_unitree_legged_msgs/msg/_led_s.c
[3.369s] -- Up-to-date: /home/rs/go1_robot/install/ros2_unitree_legged_msgs/local/lib/python3.10/dist-packages/ros2_unitree_legged_msgs/msg/_low_state.py
[3.369s] -- Up-to-date: /home/rs/go1_robot/install/ros2_unitree_legged_msgs/local/lib/python3.10/dist-packages/ros2_unitree_legged_msgs/msg/_low_state_s.c
[3.369s] -- Up-to-date: /home/rs/go1_robot/install/ros2_unitree_legged_msgs/local/lib/python3.10/dist-packages/ros2_unitree_legged_msgs/msg/_imu_s.c
[3.369s] -- Up-to-date: /home/rs/go1_robot/install/ros2_unitree_legged_msgs/local/lib/python3.10/dist-packages/ros2_unitree_legged_msgs/msg/_high_state_s.c
[3.370s] -- Up-to-date: /home/rs/go1_robot/install/ros2_unitree_legged_msgs/local/lib/python3.10/dist-packages/ros2_unitree_legged_msgs/msg/_bms_cmd_s.c
[3.370s] -- Up-to-date: /home/rs/go1_robot/install/ros2_unitree_legged_msgs/local/lib/python3.10/dist-packages/ros2_unitree_legged_msgs/msg/_high_state.py
[3.370s] -- Up-to-date: /home/rs/go1_robot/install/ros2_unitree_legged_msgs/local/lib/python3.10/dist-packages/ros2_unitree_legged_msgs/msg/_high_cmd_s.c
[3.370s] -- Up-to-date: /home/rs/go1_robot/install/ros2_unitree_legged_msgs/local/lib/python3.10/dist-packages/ros2_unitree_legged_msgs/msg/_motor_state.py
[3.370s] -- Up-to-date: /home/rs/go1_robot/install/ros2_unitree_legged_msgs/local/lib/python3.10/dist-packages/ros2_unitree_legged_msgs/msg/_motor_cmd_s.c
[3.371s] -- Up-to-date: /home/rs/go1_robot/install/ros2_unitree_legged_msgs/local/lib/python3.10/dist-packages/ros2_unitree_legged_msgs/msg/_bms_state.py
[3.371s] -- Up-to-date: /home/rs/go1_robot/install/ros2_unitree_legged_msgs/local/lib/python3.10/dist-packages/ros2_unitree_legged_msgs/msg/_imu.py
[3.371s] -- Up-to-date: /home/rs/go1_robot/install/ros2_unitree_legged_msgs/local/lib/python3.10/dist-packages/ros2_unitree_legged_msgs/msg/_led.py
[3.371s] -- Up-to-date: /home/rs/go1_robot/install/ros2_unitree_legged_msgs/local/lib/python3.10/dist-packages/ros2_unitree_legged_msgs/ros2_unitree_legged_msgs_s__rosidl_typesupport_introspection_c.cpython-310-x86_64-linux-gnu.so
[3.372s] -- Up-to-date: /home/rs/go1_robot/install/ros2_unitree_legged_msgs/local/lib/python3.10/dist-packages/ros2_unitree_legged_msgs/_ros2_unitree_legged_msgs_s.ep.rosidl_typesupport_introspection_c.c
[3.372s] -- Up-to-date: /home/rs/go1_robot/install/ros2_unitree_legged_msgs/local/lib/python3.10/dist-packages/ros2_unitree_legged_msgs/_ros2_unitree_legged_msgs_s.ep.rosidl_typesupport_c.c
[3.372s] -- Up-to-date: /home/rs/go1_robot/install/ros2_unitree_legged_msgs/local/lib/python3.10/dist-packages/ros2_unitree_legged_msgs/ros2_unitree_legged_msgs_s__rosidl_typesupport_c.cpython-310-x86_64-linux-gnu.so
[3.372s] -- Up-to-date: /home/rs/go1_robot/install/ros2_unitree_legged_msgs/local/lib/python3.10/dist-packages/ros2_unitree_legged_msgs/_ros2_unitree_legged_msgs_s.ep.rosidl_typesupport_fastrtps_c.c
[3.377s] Listing '/home/rs/go1_robot/install/ros2_unitree_legged_msgs/local/lib/python3.10/dist-packages/ros2_unitree_legged_msgs'...
[3.378s] Listing '/home/rs/go1_robot/install/ros2_unitree_legged_msgs/local/lib/python3.10/dist-packages/ros2_unitree_legged_msgs/msg'...
[3.381s] -- Up-to-date: /home/rs/go1_robot/install/ros2_unitree_legged_msgs/local/lib/python3.10/dist-packages/ros2_unitree_legged_msgs/ros2_unitree_legged_msgs_s__rosidl_typesupport_fastrtps_c.cpython-310-x86_64-linux-gnu.so
[3.382s] -- Up-to-date: /home/rs/go1_robot/install/ros2_unitree_legged_msgs/local/lib/python3.10/dist-packages/ros2_unitree_legged_msgs/ros2_unitree_legged_msgs_s__rosidl_typesupport_introspection_c.cpython-310-x86_64-linux-gnu.so
[3.383s] -- Up-to-date: /home/rs/go1_robot/install/ros2_unitree_legged_msgs/local/lib/python3.10/dist-packages/ros2_unitree_legged_msgs/ros2_unitree_legged_msgs_s__rosidl_typesupport_c.cpython-310-x86_64-linux-gnu.so
[3.383s] -- Up-to-date: /home/rs/go1_robot/install/ros2_unitree_legged_msgs/lib/libros2_unitree_legged_msgs__rosidl_generator_py.so
[3.384s] -- Up-to-date: /home/rs/go1_robot/install/ros2_unitree_legged_msgs/share/ros2_unitree_legged_msgs/msg/MotorCmd.idl
[3.384s] -- Up-to-date: /home/rs/go1_robot/install/ros2_unitree_legged_msgs/share/ros2_unitree_legged_msgs/msg/MotorState.idl
[3.385s] -- Up-to-date: /home/rs/go1_robot/install/ros2_unitree_legged_msgs/share/ros2_unitree_legged_msgs/msg/BmsCmd.idl
[3.385s] -- Up-to-date: /home/rs/go1_robot/install/ros2_unitree_legged_msgs/share/ros2_unitree_legged_msgs/msg/BmsState.idl
[3.386s] -- Up-to-date: /home/rs/go1_robot/install/ros2_unitree_legged_msgs/share/ros2_unitree_legged_msgs/msg/Cartesian.idl
[3.386s] -- Up-to-date: /home/rs/go1_robot/install/ros2_unitree_legged_msgs/share/ros2_unitree_legged_msgs/msg/IMU.idl
[3.386s] -- Up-to-date: /home/rs/go1_robot/install/ros2_unitree_legged_msgs/share/ros2_unitree_legged_msgs/msg/LED.idl
[3.387s] -- Up-to-date: /home/rs/go1_robot/install/ros2_unitree_legged_msgs/share/ros2_unitree_legged_msgs/msg/LowCmd.idl
[3.387s] -- Up-to-date: /home/rs/go1_robot/install/ros2_unitree_legged_msgs/share/ros2_unitree_legged_msgs/msg/LowState.idl
[3.387s] -- Up-to-date: /home/rs/go1_robot/install/ros2_unitree_legged_msgs/share/ros2_unitree_legged_msgs/msg/HighCmd.idl
[3.387s] -- Up-to-date: /home/rs/go1_robot/install/ros2_unitree_legged_msgs/share/ros2_unitree_legged_msgs/msg/HighState.idl
[3.387s] -- Up-to-date: /home/rs/go1_robot/install/ros2_unitree_legged_msgs/share/ros2_unitree_legged_msgs/msg/MotorCmd.msg
[3.387s] -- Up-to-date: /home/rs/go1_robot/install/ros2_unitree_legged_msgs/share/ros2_unitree_legged_msgs/msg/MotorState.msg
[3.387s] -- Up-to-date: /home/rs/go1_robot/install/ros2_unitree_legged_msgs/share/ros2_unitree_legged_msgs/msg/BmsCmd.msg
[3.387s] -- Up-to-date: /home/rs/go1_robot/install/ros2_unitree_legged_msgs/share/ros2_unitree_legged_msgs/msg/BmsState.msg
[3.387s] -- Up-to-date: /home/rs/go1_robot/install/ros2_unitree_legged_msgs/share/ros2_unitree_legged_msgs/msg/Cartesian.msg
[3.388s] -- Up-to-date: /home/rs/go1_robot/install/ros2_unitree_legged_msgs/share/ros2_unitree_legged_msgs/msg/IMU.msg
[3.388s] -- Up-to-date: /home/rs/go1_robot/install/ros2_unitree_legged_msgs/share/ros2_unitree_legged_msgs/msg/LED.msg
[3.388s] -- Up-to-date: /home/rs/go1_robot/install/ros2_unitree_legged_msgs/share/ros2_unitree_legged_msgs/msg/LowCmd.msg
[3.389s] -- Up-to-date: /home/rs/go1_robot/install/ros2_unitree_legged_msgs/share/ros2_unitree_legged_msgs/msg/LowState.msg
[3.389s] -- Up-to-date: /home/rs/go1_robot/install/ros2_unitree_legged_msgs/share/ros2_unitree_legged_msgs/msg/HighCmd.msg
[3.390s] -- Up-to-date: /home/rs/go1_robot/install/ros2_unitree_legged_msgs/share/ros2_unitree_legged_msgs/msg/HighState.msg
[3.390s] -- Up-to-date: /home/rs/go1_robot/install/ros2_unitree_legged_msgs/share/ament_index/resource_index/package_run_dependencies/ros2_unitree_legged_msgs
[3.390s] -- Up-to-date: /home/rs/go1_robot/install/ros2_unitree_legged_msgs/share/ament_index/resource_index/parent_prefix_path/ros2_unitree_legged_msgs
[3.391s] -- Up-to-date: /home/rs/go1_robot/install/ros2_unitree_legged_msgs/share/ros2_unitree_legged_msgs/environment/ament_prefix_path.sh
[3.391s] -- Up-to-date: /home/rs/go1_robot/install/ros2_unitree_legged_msgs/share/ros2_unitree_legged_msgs/environment/ament_prefix_path.dsv
[3.393s] -- Up-to-date: /home/rs/go1_robot/install/ros2_unitree_legged_msgs/share/ros2_unitree_legged_msgs/environment/path.sh
[3.394s] -- Up-to-date: /home/rs/go1_robot/install/ros2_unitree_legged_msgs/share/ros2_unitree_legged_msgs/environment/path.dsv
[3.395s] -- Up-to-date: /home/rs/go1_robot/install/ros2_unitree_legged_msgs/share/ros2_unitree_legged_msgs/local_setup.bash
[3.395s] -- Up-to-date: /home/rs/go1_robot/install/ros2_unitree_legged_msgs/share/ros2_unitree_legged_msgs/local_setup.sh
[3.396s] -- Up-to-date: /home/rs/go1_robot/install/ros2_unitree_legged_msgs/share/ros2_unitree_legged_msgs/local_setup.zsh
[3.397s] -- Up-to-date: /home/rs/go1_robot/install/ros2_unitree_legged_msgs/share/ros2_unitree_legged_msgs/local_setup.dsv
[3.398s] -- Installing: /home/rs/go1_robot/install/ros2_unitree_legged_msgs/share/ros2_unitree_legged_msgs/package.dsv
[3.398s] -- Up-to-date: /home/rs/go1_robot/install/ros2_unitree_legged_msgs/share/ament_index/resource_index/packages/ros2_unitree_legged_msgs
[3.399s] -- Up-to-date: /home/rs/go1_robot/install/ros2_unitree_legged_msgs/share/ros2_unitree_legged_msgs/cmake/export_ros2_unitree_legged_msgs__rosidl_generator_cExport.cmake
[3.399s] -- Up-to-date: /home/rs/go1_robot/install/ros2_unitree_legged_msgs/share/ros2_unitree_legged_msgs/cmake/export_ros2_unitree_legged_msgs__rosidl_generator_cExport-noconfig.cmake
[3.400s] -- Up-to-date: /home/rs/go1_robot/install/ros2_unitree_legged_msgs/share/ros2_unitree_legged_msgs/cmake/export_ros2_unitree_legged_msgs__rosidl_typesupport_fastrtps_cExport.cmake
[3.403s] -- Up-to-date: /home/rs/go1_robot/install/ros2_unitree_legged_msgs/share/ros2_unitree_legged_msgs/cmake/export_ros2_unitree_legged_msgs__rosidl_typesupport_fastrtps_cExport-noconfig.cmake
[3.405s] -- Up-to-date: /home/rs/go1_robot/install/ros2_unitree_legged_msgs/share/ros2_unitree_legged_msgs/cmake/ros2_unitree_legged_msgs__rosidl_typesupport_introspection_cExport.cmake
[3.407s] -- Up-to-date: /home/rs/go1_robot/install/ros2_unitree_legged_msgs/share/ros2_unitree_legged_msgs/cmake/ros2_unitree_legged_msgs__rosidl_typesupport_introspection_cExport-noconfig.cmake
[3.407s] -- Up-to-date: /home/rs/go1_robot/install/ros2_unitree_legged_msgs/share/ros2_unitree_legged_msgs/cmake/ros2_unitree_legged_msgs__rosidl_typesupport_cExport.cmake
[3.412s] -- Up-to-date: /home/rs/go1_robot/install/ros2_unitree_legged_msgs/share/ros2_unitree_legged_msgs/cmake/ros2_unitree_legged_msgs__rosidl_typesupport_cExport-noconfig.cmake
[3.413s] -- Up-to-date: /home/rs/go1_robot/install/ros2_unitree_legged_msgs/share/ros2_unitree_legged_msgs/cmake/export_ros2_unitree_legged_msgs__rosidl_generator_cppExport.cmake
[3.414s] -- Up-to-date: /home/rs/go1_robot/install/ros2_unitree_legged_msgs/share/ros2_unitree_legged_msgs/cmake/export_ros2_unitree_legged_msgs__rosidl_typesupport_fastrtps_cppExport.cmake
[3.415s] -- Up-to-date: /home/rs/go1_robot/install/ros2_unitree_legged_msgs/share/ros2_unitree_legged_msgs/cmake/export_ros2_unitree_legged_msgs__rosidl_typesupport_fastrtps_cppExport-noconfig.cmake
[3.415s] -- Up-to-date: /home/rs/go1_robot/install/ros2_unitree_legged_msgs/share/ros2_unitree_legged_msgs/cmake/ros2_unitree_legged_msgs__rosidl_typesupport_introspection_cppExport.cmake
[3.415s] -- Up-to-date: /home/rs/go1_robot/install/ros2_unitree_legged_msgs/share/ros2_unitree_legged_msgs/cmake/ros2_unitree_legged_msgs__rosidl_typesupport_introspection_cppExport-noconfig.cmake
[3.415s] -- Up-to-date: /home/rs/go1_robot/install/ros2_unitree_legged_msgs/share/ros2_unitree_legged_msgs/cmake/ros2_unitree_legged_msgs__rosidl_typesupport_cppExport.cmake
[3.416s] -- Up-to-date: /home/rs/go1_robot/install/ros2_unitree_legged_msgs/share/ros2_unitree_legged_msgs/cmake/ros2_unitree_legged_msgs__rosidl_typesupport_cppExport-noconfig.cmake
[3.416s] -- Up-to-date: /home/rs/go1_robot/install/ros2_unitree_legged_msgs/share/ros2_unitree_legged_msgs/cmake/export_ros2_unitree_legged_msgs__rosidl_generator_pyExport.cmake
[3.416s] -- Up-to-date: /home/rs/go1_robot/install/ros2_unitree_legged_msgs/share/ros2_unitree_legged_msgs/cmake/export_ros2_unitree_legged_msgs__rosidl_generator_pyExport-noconfig.cmake
[3.416s] -- Up-to-date: /home/rs/go1_robot/install/ros2_unitree_legged_msgs/share/ros2_unitree_legged_msgs/cmake/rosidl_cmake-extras.cmake
[3.416s] -- Up-to-date: /home/rs/go1_robot/install/ros2_unitree_legged_msgs/share/ros2_unitree_legged_msgs/cmake/ament_cmake_export_include_directories-extras.cmake
[3.416s] -- Up-to-date: /home/rs/go1_robot/install/ros2_unitree_legged_msgs/share/ros2_unitree_legged_msgs/cmake/ament_cmake_export_libraries-extras.cmake
[3.416s] -- Up-to-date: /home/rs/go1_robot/install/ros2_unitree_legged_msgs/share/ros2_unitree_legged_msgs/cmake/ament_cmake_export_targets-extras.cmake
[3.416s] -- Up-to-date: /home/rs/go1_robot/install/ros2_unitree_legged_msgs/share/ros2_unitree_legged_msgs/cmake/rosidl_cmake_export_typesupport_targets-extras.cmake
[3.417s] -- Up-to-date: /home/rs/go1_robot/install/ros2_unitree_legged_msgs/share/ros2_unitree_legged_msgs/cmake/ament_cmake_export_dependencies-extras.cmake
[3.417s] -- Up-to-date: /home/rs/go1_robot/install/ros2_unitree_legged_msgs/share/ros2_unitree_legged_msgs/cmake/rosidl_cmake_export_typesupport_libraries-extras.cmake
[3.417s] -- Up-to-date: /home/rs/go1_robot/install/ros2_unitree_legged_msgs/share/ros2_unitree_legged_msgs/cmake/ros2_unitree_legged_msgsConfig.cmake
[3.417s] -- Up-to-date: /home/rs/go1_robot/install/ros2_unitree_legged_msgs/share/ros2_unitree_legged_msgs/cmake/ros2_unitree_legged_msgsConfig-version.cmake
[3.417s] -- Up-to-date: /home/rs/go1_robot/install/ros2_unitree_legged_msgs/share/ros2_unitree_legged_msgs/package.xml
[3.419s] Invoked command in '/home/rs/go1_robot/build/ros2_unitree_legged_msgs' returned '0': CMAKE_PREFIX_PATH=${CMAKE_PREFIX_PATH}:/home/rs/go1_robot/install/unitree_nav_launch_module:/opt/ros/humble /usr/bin/cmake --install /home/rs/go1_robot/build/ros2_unitree_legged_msgs
