[ 10%] Built target unitree_ocr_interfaces_msg__rosidl_generator_c
[ 12%] Built target unitree_ocr_interfaces_msg__cpp
[ 12%] Built target ament_cmake_python_copy_unitree_ocr_interfaces
[ 23%] Built target unitree_ocr_interfaces_msg__rosidl_typesupport_introspection_cpp
[ 33%] Built target unitree_ocr_interfaces_msg__rosidl_typesupport_c
[ 43%] Built target unitree_ocr_interfaces_msg__rosidl_typesupport_fastrtps_c
[ 53%] Built target unitree_ocr_interfaces_msg__rosidl_typesupport_cpp
[ 64%] Built target unitree_ocr_interfaces_msg__rosidl_typesupport_introspection_c
[ 74%] Built target unitree_ocr_interfaces_msg__rosidl_typesupport_fastrtps_cpp
[ 74%] Built target unitree_ocr_interfaces_msg
[ 76%] Built target unitree_ocr_interfaces_msg__py
[ 84%] Built target unitree_ocr_interfaces_msg__rosidl_generator_py
[ 89%] Built target unitree_ocr_interfaces__rosidl_typesupport_introspection_c__pyext
[ 94%] Built target unitree_ocr_interfaces__rosidl_typesupport_c__pyext
[100%] Built target unitree_ocr_interfaces__rosidl_typesupport_fastrtps_c__pyext
running egg_info
writing unitree_ocr_interfaces.egg-info/PKG-INFO
writing dependency_links to unitree_ocr_interfaces.egg-info/dependency_links.txt
writing top-level names to unitree_ocr_interfaces.egg-info/top_level.txt
reading manifest file 'unitree_ocr_interfaces.egg-info/SOURCES.txt'
writing manifest file 'unitree_ocr_interfaces.egg-info/SOURCES.txt'
[100%] Built target ament_cmake_python_build_unitree_ocr_interfaces_egg
