[0.090s] Invoking command in '/home/rs/final_auto/build/unitree_ocr': CMAKE_PREFIX_PATH=/home/rs/final_auto/install/unitree_ocr_interfaces:/home/rs/final_auto/install/unitree_inspection:/home/rs/final_auto/install/unitree_ocr:/home/rs/final_auto/install/unitree_nav:/home/rs/final_auto/install/unitree_nav_interfaces:/home/rs/final_auto/install/unitree_legged_real:/home/rs/final_auto/install/unitree_inspection_interfaces:/home/rs/final_auto/install/ros2_unitree_legged_msgs:/home/rs/final_auto/install/go1_description:/home/rs/final_auto/install/unitree_nav_launch_module:/opt/ros/humble /usr/bin/cmake --build /home/rs/final_auto/build/unitree_ocr -- -j13 -l13
[0.344s] [ 20%] [34m[1mGenerate API documentation for doxygen[0m
[0.378s] [ 60%] Built target unitree_ocr
[0.606s] [100%] Built target text_detection_subscriber
[1.284s] Doxygen version used: 1.9.1
[1.296s] Searching for include files...
[1.297s] Searching for example files...
[1.298s] Searching for images...
[1.298s] Searching for dot files...
[1.299s] Searching for msc files...
[1.299s] Searching for dia files...
[1.299s] Searching for files to exclude
[1.300s] Searching INPUT for files to process...
[1.300s] Reading and parsing tag files
[1.300s] Parsing files
[1.302s] Preprocessing /home/rs/final_auto/src/unitree_inspection/unitree_ocr/include/unitree_ocr/ocr.hpp...
[1.304s] Parsing file /home/rs/final_auto/src/unitree_inspection/unitree_ocr/include/unitree_ocr/ocr.hpp...
[1.312s] Preprocessing /home/rs/final_auto/src/unitree_inspection/unitree_ocr/src/ocr.cpp...
[1.314s] Parsing file /home/rs/final_auto/src/unitree_inspection/unitree_ocr/src/ocr.cpp...
[1.314s] Building macro definition list...
[1.315s] Building group list...
[1.315s] Building directory list...
[1.316s] Building namespace list...
[1.316s] Building file list...
[1.316s] Building class list...
[1.318s] Computing nesting relations for classes...
[1.318s] Associating documentation with classes...
[1.318s] Building example list...
[1.318s] Searching for enumerations...
[1.318s] Searching for documented typedefs...
[1.318s] Searching for members imported via using declarations...
[1.320s] Searching for included using directives...
[1.321s] Searching for documented variables...
[1.322s] Building interface member list...
[1.323s] Building member list...
[1.324s] Searching for friends...
[1.324s] Searching for documented defines...
[1.324s] Computing class inheritance relations...
[1.325s] Computing class usage relations...
[1.325s] Flushing cached template relations that have become invalid...
[1.326s] Computing class relations...
[1.326s] Add enum values to enums...
[1.326s] Searching for member function documentation...
[1.326s] Creating members for template instances...
[1.326s] Building page list...
[1.326s] Search for main page...
[1.327s] Computing page relations...
[1.327s] Determining the scope of groups...
[1.327s] Sorting lists...
[1.328s] Determining which enums are documented
[1.328s] Computing member relations...
[1.329s] Building full member lists recursively...
[1.329s] Adding members to member groups.
[1.329s] Computing member references...
[1.330s] Inheriting documentation...
[1.330s] Generating disk names...
[1.331s] Adding source references...
[1.332s] Adding xrefitems...
[1.333s] Sorting member lists...
[1.333s] Setting anonymous enum type...
[1.333s] Computing dependencies between directories...
[1.333s] Generating citations page...
[1.333s] Counting members...
[1.334s] Counting data structures...
[1.334s] Resolving user defined references...
[1.334s] Finding anchors and sections in the documentation...
[1.334s] Transferring function references...
[1.335s] Combining using relations...
[1.335s] Adding members to index pages...
[1.335s] Correcting members for VHDL...
[1.335s] Computing tooltip texts...
[1.368s] Generating style sheet...
[1.369s] Generating search indices...
[1.381s] Generating example documentation...
[1.382s] Generating file sources...
[1.382s] Generating code for file include/unitree_ocr/ocr.hpp...
[1.385s] Generating file documentation...
[1.386s] Generating page documentation...
[1.386s] Generating group documentation...
[1.386s] Generating class documentation...
[1.386s] Generating namespace index...
[1.386s] Generating docs for compound unitree_ocr::TextDetector...
[1.397s] Generating graph info page...
[1.401s] Generating directory documentation...
[1.405s] Generating index page...
[1.406s] Generating page index...
[1.406s] Generating module index...
[1.407s] Generating namespace index...
[1.409s] Generating namespace member index...
[1.409s] Generating annotated compound index...
[1.409s] Generating alphabetical compound index...
[1.409s] Generating hierarchical class index...
[1.410s] Generating graphical class hierarchy...
[1.410s] Generating member index...
[1.416s] Generating file index...
[1.418s] Generating file member index...
[1.418s] Generating example index...
[1.418s] finalizing index lists...
[1.418s] writing tag file...
[1.418s] Running plantuml with JAVA...
[1.419s] Running dot...
[1.432s] lookup cache used 16/65536 hits=27 misses=16
[1.432s] finished...
[1.507s] [100%] Built target doxygen
[1.537s] Invoked command in '/home/rs/final_auto/build/unitree_ocr' returned '0': CMAKE_PREFIX_PATH=/home/rs/final_auto/install/unitree_ocr_interfaces:/home/rs/final_auto/install/unitree_inspection:/home/rs/final_auto/install/unitree_ocr:/home/rs/final_auto/install/unitree_nav:/home/rs/final_auto/install/unitree_nav_interfaces:/home/rs/final_auto/install/unitree_legged_real:/home/rs/final_auto/install/unitree_inspection_interfaces:/home/rs/final_auto/install/ros2_unitree_legged_msgs:/home/rs/final_auto/install/go1_description:/home/rs/final_auto/install/unitree_nav_launch_module:/opt/ros/humble /usr/bin/cmake --build /home/rs/final_auto/build/unitree_ocr -- -j13 -l13
[1.693s] Invoking command in '/home/rs/final_auto/build/unitree_ocr': CMAKE_PREFIX_PATH=/home/rs/final_auto/install/unitree_ocr_interfaces:/home/rs/final_auto/install/unitree_inspection:/home/rs/final_auto/install/unitree_ocr:/home/rs/final_auto/install/unitree_nav:/home/rs/final_auto/install/unitree_nav_interfaces:/home/rs/final_auto/install/unitree_legged_real:/home/rs/final_auto/install/unitree_inspection_interfaces:/home/rs/final_auto/install/ros2_unitree_legged_msgs:/home/rs/final_auto/install/go1_description:/home/rs/final_auto/install/unitree_nav_launch_module:/opt/ros/humble /usr/bin/cmake --install /home/rs/final_auto/build/unitree_ocr
[1.716s] -- Install configuration: ""
[1.720s] -- Up-to-date: /home/rs/final_auto/install/unitree_ocr/lib/unitree_ocr/text_detection_subscriber
[1.721s] -- Up-to-date: /home/rs/final_auto/install/unitree_ocr/include
[1.721s] -- Up-to-date: /home/rs/final_auto/install/unitree_ocr/include/unitree_ocr
[1.721s] -- Up-to-date: /home/rs/final_auto/install/unitree_ocr/include/unitree_ocr/ocr.hpp
[1.721s] -- Up-to-date: /home/rs/final_auto/install/unitree_ocr/lib/libunitree_ocr.a
[1.723s] -- Up-to-date: /home/rs/final_auto/install/unitree_ocr/lib/cmake/unitree_ocr/unitree_ocr-config.cmake
[1.724s] -- Up-to-date: /home/rs/final_auto/install/unitree_ocr/lib/cmake/unitree_ocr/unitree_ocr-config-noconfig.cmake
[1.725s] -- Up-to-date: /home/rs/final_auto/install/unitree_ocr/share/unitree_ocr/launch
[1.726s] -- Up-to-date: /home/rs/final_auto/install/unitree_ocr/share/unitree_ocr/launch/text_detection_subscriber.launch.py
[1.726s] -- Up-to-date: /home/rs/final_auto/install/unitree_ocr/share/unitree_ocr/models
[1.726s] -- Up-to-date: /home/rs/final_auto/install/unitree_ocr/share/unitree_ocr/models/README.md
[1.726s] -- Up-to-date: /home/rs/final_auto/install/unitree_ocr/share/ament_index/resource_index/package_run_dependencies/unitree_ocr
[1.727s] -- Up-to-date: /home/rs/final_auto/install/unitree_ocr/share/ament_index/resource_index/parent_prefix_path/unitree_ocr
[1.727s] -- Up-to-date: /home/rs/final_auto/install/unitree_ocr/share/unitree_ocr/environment/ament_prefix_path.sh
[1.728s] -- Up-to-date: /home/rs/final_auto/install/unitree_ocr/share/unitree_ocr/environment/ament_prefix_path.dsv
[1.728s] -- Up-to-date: /home/rs/final_auto/install/unitree_ocr/share/unitree_ocr/environment/path.sh
[1.728s] -- Up-to-date: /home/rs/final_auto/install/unitree_ocr/share/unitree_ocr/environment/path.dsv
[1.728s] -- Up-to-date: /home/rs/final_auto/install/unitree_ocr/share/unitree_ocr/local_setup.bash
[1.729s] -- Up-to-date: /home/rs/final_auto/install/unitree_ocr/share/unitree_ocr/local_setup.sh
[1.729s] -- Up-to-date: /home/rs/final_auto/install/unitree_ocr/share/unitree_ocr/local_setup.zsh
[1.730s] -- Up-to-date: /home/rs/final_auto/install/unitree_ocr/share/unitree_ocr/local_setup.dsv
[1.730s] -- Installing: /home/rs/final_auto/install/unitree_ocr/share/unitree_ocr/package.dsv
[1.732s] -- Up-to-date: /home/rs/final_auto/install/unitree_ocr/share/ament_index/resource_index/packages/unitree_ocr
[1.735s] -- Up-to-date: /home/rs/final_auto/install/unitree_ocr/share/unitree_ocr/cmake/unitree_ocrConfig.cmake
[1.735s] -- Up-to-date: /home/rs/final_auto/install/unitree_ocr/share/unitree_ocr/cmake/unitree_ocrConfig-version.cmake
[1.736s] -- Up-to-date: /home/rs/final_auto/install/unitree_ocr/share/unitree_ocr/package.xml
[1.737s] Invoked command in '/home/rs/final_auto/build/unitree_ocr' returned '0': CMAKE_PREFIX_PATH=/home/rs/final_auto/install/unitree_ocr_interfaces:/home/rs/final_auto/install/unitree_inspection:/home/rs/final_auto/install/unitree_ocr:/home/rs/final_auto/install/unitree_nav:/home/rs/final_auto/install/unitree_nav_interfaces:/home/rs/final_auto/install/unitree_legged_real:/home/rs/final_auto/install/unitree_inspection_interfaces:/home/rs/final_auto/install/ros2_unitree_legged_msgs:/home/rs/final_auto/install/go1_description:/home/rs/final_auto/install/unitree_nav_launch_module:/opt/ros/humble /usr/bin/cmake --install /home/rs/final_auto/build/unitree_ocr
