[0.110s] Invoking command in '/home/rs/go1_robot/build/unitree_inspection': CMAKE_PREFIX_PATH=/home/rs/go1_robot/install/unitree_ocr:/home/rs/go1_robot/install/unitree_nav:/home/rs/go1_robot/install/unitree_ocr_interfaces:/home/rs/go1_robot/install/unitree_nav_interfaces:/home/rs/go1_robot/install/unitree_inspection_interfaces:/home/rs/go1_robot/install/ros2_unitree_legged_msgs:/home/rs/go1_robot/install/unitree_inspection:/home/rs/go1_robot/install/unitree_legged_real:/home/rs/go1_robot/install/go1_description:/home/rs/go1_robot/install/unitree_nav_launch_module:/opt/ros/humble LD_LIBRARY_PATH=/home/rs/go1_robot/install/unitree_ocr_interfaces/lib:/home/rs/go1_robot/install/unitree_nav_interfaces/lib:/home/rs/go1_robot/install/unitree_inspection_interfaces/lib:/home/rs/go1_robot/install/ros2_unitree_legged_msgs/lib:/home/rs/go1_robot/install/unitree_legged_real/lib:/usr/lib/x86_64-linux-gnu/gazebo-11/plugins:/opt/ros/humble/opt/rviz_ogre_vendor/lib:/opt/ros/humble/lib/x86_64-linux-gnu:/opt/ros/humble/lib /usr/bin/cmake --build /home/rs/go1_robot/build/unitree_inspection -- -j13 -l13
[0.280s] [100%] Built target inspection
[0.309s] Invoked command in '/home/rs/go1_robot/build/unitree_inspection' returned '0': CMAKE_PREFIX_PATH=/home/rs/go1_robot/install/unitree_ocr:/home/rs/go1_robot/install/unitree_nav:/home/rs/go1_robot/install/unitree_ocr_interfaces:/home/rs/go1_robot/install/unitree_nav_interfaces:/home/rs/go1_robot/install/unitree_inspection_interfaces:/home/rs/go1_robot/install/ros2_unitree_legged_msgs:/home/rs/go1_robot/install/unitree_inspection:/home/rs/go1_robot/install/unitree_legged_real:/home/rs/go1_robot/install/go1_description:/home/rs/go1_robot/install/unitree_nav_launch_module:/opt/ros/humble LD_LIBRARY_PATH=/home/rs/go1_robot/install/unitree_ocr_interfaces/lib:/home/rs/go1_robot/install/unitree_nav_interfaces/lib:/home/rs/go1_robot/install/unitree_inspection_interfaces/lib:/home/rs/go1_robot/install/ros2_unitree_legged_msgs/lib:/home/rs/go1_robot/install/unitree_legged_real/lib:/usr/lib/x86_64-linux-gnu/gazebo-11/plugins:/opt/ros/humble/opt/rviz_ogre_vendor/lib:/opt/ros/humble/lib/x86_64-linux-gnu:/opt/ros/humble/lib /usr/bin/cmake --build /home/rs/go1_robot/build/unitree_inspection -- -j13 -l13
[0.429s] Invoking command in '/home/rs/go1_robot/build/unitree_inspection': CMAKE_PREFIX_PATH=/home/rs/go1_robot/install/unitree_ocr:/home/rs/go1_robot/install/unitree_nav:/home/rs/go1_robot/install/unitree_ocr_interfaces:/home/rs/go1_robot/install/unitree_nav_interfaces:/home/rs/go1_robot/install/unitree_inspection_interfaces:/home/rs/go1_robot/install/ros2_unitree_legged_msgs:/home/rs/go1_robot/install/unitree_inspection:/home/rs/go1_robot/install/unitree_legged_real:/home/rs/go1_robot/install/go1_description:/home/rs/go1_robot/install/unitree_nav_launch_module:/opt/ros/humble LD_LIBRARY_PATH=/home/rs/go1_robot/install/unitree_ocr_interfaces/lib:/home/rs/go1_robot/install/unitree_nav_interfaces/lib:/home/rs/go1_robot/install/unitree_inspection_interfaces/lib:/home/rs/go1_robot/install/ros2_unitree_legged_msgs/lib:/home/rs/go1_robot/install/unitree_legged_real/lib:/usr/lib/x86_64-linux-gnu/gazebo-11/plugins:/opt/ros/humble/opt/rviz_ogre_vendor/lib:/opt/ros/humble/lib/x86_64-linux-gnu:/opt/ros/humble/lib /usr/bin/cmake --install /home/rs/go1_robot/build/unitree_inspection
[0.449s] -- Install configuration: ""
[0.456s] -- Up-to-date: /home/rs/go1_robot/install/unitree_inspection/lib/unitree_inspection/inspection
[0.457s] -- Up-to-date: /home/rs/go1_robot/install/unitree_inspection/share/unitree_inspection/launch
[0.457s] -- Up-to-date: /home/rs/go1_robot/install/unitree_inspection/share/unitree_inspection/launch/inspection.launch.py
[0.458s] -- Up-to-date: /home/rs/go1_robot/install/unitree_inspection/share/unitree_inspection/launch/autonomous_inspection.launch.py
[0.458s] -- Up-to-date: /home/rs/go1_robot/install/unitree_inspection/share/unitree_inspection/config
[0.460s] -- Up-to-date: /home/rs/go1_robot/install/unitree_inspection/share/unitree_inspection/config/environment_params.yaml
[0.460s] -- Up-to-date: /home/rs/go1_robot/install/unitree_inspection/share/ament_index/resource_index/package_run_dependencies/unitree_inspection
[0.461s] -- Up-to-date: /home/rs/go1_robot/install/unitree_inspection/share/ament_index/resource_index/parent_prefix_path/unitree_inspection
[0.461s] -- Up-to-date: /home/rs/go1_robot/install/unitree_inspection/share/unitree_inspection/environment/ament_prefix_path.sh
[0.461s] -- Up-to-date: /home/rs/go1_robot/install/unitree_inspection/share/unitree_inspection/environment/ament_prefix_path.dsv
[0.462s] -- Up-to-date: /home/rs/go1_robot/install/unitree_inspection/share/unitree_inspection/environment/path.sh
[0.462s] -- Up-to-date: /home/rs/go1_robot/install/unitree_inspection/share/unitree_inspection/environment/path.dsv
[0.463s] -- Up-to-date: /home/rs/go1_robot/install/unitree_inspection/share/unitree_inspection/local_setup.bash
[0.463s] -- Up-to-date: /home/rs/go1_robot/install/unitree_inspection/share/unitree_inspection/local_setup.sh
[0.464s] -- Up-to-date: /home/rs/go1_robot/install/unitree_inspection/share/unitree_inspection/local_setup.zsh
[0.465s] -- Up-to-date: /home/rs/go1_robot/install/unitree_inspection/share/unitree_inspection/local_setup.dsv
[0.465s] -- Installing: /home/rs/go1_robot/install/unitree_inspection/share/unitree_inspection/package.dsv
[0.465s] -- Up-to-date: /home/rs/go1_robot/install/unitree_inspection/share/ament_index/resource_index/packages/unitree_inspection
[0.466s] -- Up-to-date: /home/rs/go1_robot/install/unitree_inspection/share/unitree_inspection/cmake/unitree_inspectionConfig.cmake
[0.466s] -- Up-to-date: /home/rs/go1_robot/install/unitree_inspection/share/unitree_inspection/cmake/unitree_inspectionConfig-version.cmake
[0.466s] -- Up-to-date: /home/rs/go1_robot/install/unitree_inspection/share/unitree_inspection/package.xml
[0.471s] Invoked command in '/home/rs/go1_robot/build/unitree_inspection' returned '0': CMAKE_PREFIX_PATH=/home/rs/go1_robot/install/unitree_ocr:/home/rs/go1_robot/install/unitree_nav:/home/rs/go1_robot/install/unitree_ocr_interfaces:/home/rs/go1_robot/install/unitree_nav_interfaces:/home/rs/go1_robot/install/unitree_inspection_interfaces:/home/rs/go1_robot/install/ros2_unitree_legged_msgs:/home/rs/go1_robot/install/unitree_inspection:/home/rs/go1_robot/install/unitree_legged_real:/home/rs/go1_robot/install/go1_description:/home/rs/go1_robot/install/unitree_nav_launch_module:/opt/ros/humble LD_LIBRARY_PATH=/home/rs/go1_robot/install/unitree_ocr_interfaces/lib:/home/rs/go1_robot/install/unitree_nav_interfaces/lib:/home/rs/go1_robot/install/unitree_inspection_interfaces/lib:/home/rs/go1_robot/install/ros2_unitree_legged_msgs/lib:/home/rs/go1_robot/install/unitree_legged_real/lib:/usr/lib/x86_64-linux-gnu/gazebo-11/plugins:/opt/ros/humble/opt/rviz_ogre_vendor/lib:/opt/ros/humble/lib/x86_64-linux-gnu:/opt/ros/humble/lib /usr/bin/cmake --install /home/rs/go1_robot/build/unitree_inspection
