[0.098s] Invoking command in '/home/rs/go1_robot/build/unitree_ocr_interfaces': CMAKE_PREFIX_PATH=${CMAKE_PREFIX_PATH}:/home/rs/go1_robot/install/unitree_nav_launch_module:/opt/ros/humble /usr/bin/cmake --build /home/rs/go1_robot/build/unitree_ocr_interfaces -- -j13 -l13
[0.253s] [35m[1mConsolidate compiler generated dependencies of target unitree_ocr_interfaces_msg__rosidl_generator_c[0m
[0.340s] [  2%] Built target unitree_ocr_interfaces_msg__cpp
[0.350s] [ 12%] Built target unitree_ocr_interfaces_msg__rosidl_generator_c
[0.372s] [ 12%] Built target ament_cmake_python_symlink_unitree_ocr_interfaces
[0.423s] [35m[1mConsolidate compiler generated dependencies of target unitree_ocr_interfaces_msg__rosidl_typesupport_fastrtps_cpp[0m
[0.441s] [35m[1mConsolidate compiler generated dependencies of target unitree_ocr_interfaces_msg__rosidl_typesupport_cpp[0m
[0.497s] [35m[1mConsolidate compiler generated dependencies of target unitree_ocr_interfaces_msg__rosidl_typesupport_introspection_cpp[0m
[0.510s] [35m[1mConsolidate compiler generated dependencies of target unitree_ocr_interfaces_msg__rosidl_typesupport_fastrtps_c[0m
[0.538s] [35m[1mConsolidate compiler generated dependencies of target unitree_ocr_interfaces_msg__rosidl_typesupport_c[0m
[0.554s] [35m[1mConsolidate compiler generated dependencies of target unitree_ocr_interfaces_msg__rosidl_typesupport_introspection_c[0m
[0.562s] [ 23%] Built target unitree_ocr_interfaces_msg__rosidl_typesupport_cpp
[0.579s] [ 33%] Built target unitree_ocr_interfaces_msg__rosidl_typesupport_fastrtps_cpp
[0.661s] [ 43%] Built target unitree_ocr_interfaces_msg__rosidl_typesupport_c
[0.662s] [ 53%] Built target unitree_ocr_interfaces_msg__rosidl_typesupport_introspection_cpp
[0.668s] [ 64%] Built target unitree_ocr_interfaces_msg__rosidl_typesupport_fastrtps_c
[0.690s] [ 74%] Built target unitree_ocr_interfaces_msg__rosidl_typesupport_introspection_c
[0.797s] [ 74%] Built target unitree_ocr_interfaces_msg
[0.871s] [ 76%] Built target unitree_ocr_interfaces_msg__py
[0.905s] [35m[1mConsolidate compiler generated dependencies of target unitree_ocr_interfaces_msg__rosidl_generator_py[0m
[0.961s] [ 84%] Built target unitree_ocr_interfaces_msg__rosidl_generator_py
[0.993s] [35m[1mConsolidate compiler generated dependencies of target unitree_ocr_interfaces__rosidl_typesupport_introspection_c__pyext[0m
[1.000s] [35m[1mConsolidate compiler generated dependencies of target unitree_ocr_interfaces__rosidl_typesupport_c__pyext[0m
[1.002s] [35m[1mConsolidate compiler generated dependencies of target unitree_ocr_interfaces__rosidl_typesupport_fastrtps_c__pyext[0m
[1.084s] [ 89%] Built target unitree_ocr_interfaces__rosidl_typesupport_fastrtps_c__pyext
[1.092s] [ 94%] Built target unitree_ocr_interfaces__rosidl_typesupport_introspection_c__pyext
[1.097s] [100%] Built target unitree_ocr_interfaces__rosidl_typesupport_c__pyext
[1.388s] running egg_info
[1.392s] writing unitree_ocr_interfaces.egg-info/PKG-INFO
[1.393s] writing dependency_links to unitree_ocr_interfaces.egg-info/dependency_links.txt
[1.393s] writing top-level names to unitree_ocr_interfaces.egg-info/top_level.txt
[1.398s] reading manifest file 'unitree_ocr_interfaces.egg-info/SOURCES.txt'
[1.399s] writing manifest file 'unitree_ocr_interfaces.egg-info/SOURCES.txt'
[1.473s] [100%] Built target ament_cmake_python_build_unitree_ocr_interfaces_egg
[1.549s] Invoked command in '/home/rs/go1_robot/build/unitree_ocr_interfaces' returned '0': CMAKE_PREFIX_PATH=${CMAKE_PREFIX_PATH}:/home/rs/go1_robot/install/unitree_nav_launch_module:/opt/ros/humble /usr/bin/cmake --build /home/rs/go1_robot/build/unitree_ocr_interfaces -- -j13 -l13
[2.091s] Invoking command in '/home/rs/go1_robot/build/unitree_ocr_interfaces': CMAKE_PREFIX_PATH=${CMAKE_PREFIX_PATH}:/home/rs/go1_robot/install/unitree_nav_launch_module:/opt/ros/humble /usr/bin/cmake --install /home/rs/go1_robot/build/unitree_ocr_interfaces
[2.112s] -- Install configuration: ""
[2.116s] -- Execute custom install script
[2.122s] -- Up-to-date symlink: /home/rs/go1_robot/install/unitree_ocr_interfaces/share/ament_index/resource_index/rosidl_interfaces/unitree_ocr_interfaces
[2.123s] -- Up-to-date symlink: /home/rs/go1_robot/install/unitree_ocr_interfaces/include/unitree_ocr_interfaces/unitree_ocr_interfaces/msg/detail/detection__functions.h
[2.123s] -- Up-to-date symlink: /home/rs/go1_robot/install/unitree_ocr_interfaces/include/unitree_ocr_interfaces/unitree_ocr_interfaces/msg/detail/detection__struct.h
[2.130s] -- Up-to-date symlink: /home/rs/go1_robot/install/unitree_ocr_interfaces/include/unitree_ocr_interfaces/unitree_ocr_interfaces/msg/detail/detection__type_support.h
[2.131s] -- Up-to-date symlink: /home/rs/go1_robot/install/unitree_ocr_interfaces/include/unitree_ocr_interfaces/unitree_ocr_interfaces/msg/detail/detections__functions.h
[2.132s] -- Up-to-date symlink: /home/rs/go1_robot/install/unitree_ocr_interfaces/include/unitree_ocr_interfaces/unitree_ocr_interfaces/msg/detail/detections__struct.h
[2.132s] -- Up-to-date symlink: /home/rs/go1_robot/install/unitree_ocr_interfaces/include/unitree_ocr_interfaces/unitree_ocr_interfaces/msg/detail/detections__type_support.h
[2.134s] -- Up-to-date symlink: /home/rs/go1_robot/install/unitree_ocr_interfaces/include/unitree_ocr_interfaces/unitree_ocr_interfaces/msg/detection.h
[2.134s] -- Up-to-date symlink: /home/rs/go1_robot/install/unitree_ocr_interfaces/include/unitree_ocr_interfaces/unitree_ocr_interfaces/msg/detections.h
[2.136s] -- Up-to-date symlink: /home/rs/go1_robot/install/unitree_ocr_interfaces/include/unitree_ocr_interfaces/unitree_ocr_interfaces/msg/rosidl_generator_c__visibility_control.h
[2.137s] -- Up-to-date symlink: /home/rs/go1_robot/install/unitree_ocr_interfaces/share/unitree_ocr_interfaces/environment/library_path.sh
[2.137s] -- Up-to-date symlink: /home/rs/go1_robot/install/unitree_ocr_interfaces/share/unitree_ocr_interfaces/environment/library_path.dsv
[2.138s] -- Up-to-date symlink: /home/rs/go1_robot/install/unitree_ocr_interfaces/include/unitree_ocr_interfaces/unitree_ocr_interfaces/msg/detail/detection__rosidl_typesupport_fastrtps_c.h
[2.139s] -- Up-to-date symlink: /home/rs/go1_robot/install/unitree_ocr_interfaces/include/unitree_ocr_interfaces/unitree_ocr_interfaces/msg/detail/detections__rosidl_typesupport_fastrtps_c.h
[2.142s] -- Up-to-date symlink: /home/rs/go1_robot/install/unitree_ocr_interfaces/include/unitree_ocr_interfaces/unitree_ocr_interfaces/msg/rosidl_typesupport_fastrtps_c__visibility_control.h
[2.142s] -- Up-to-date symlink: /home/rs/go1_robot/install/unitree_ocr_interfaces/include/unitree_ocr_interfaces/unitree_ocr_interfaces/msg/detail/detection__rosidl_typesupport_introspection_c.h
[2.146s] -- Up-to-date symlink: /home/rs/go1_robot/install/unitree_ocr_interfaces/include/unitree_ocr_interfaces/unitree_ocr_interfaces/msg/detail/detections__rosidl_typesupport_introspection_c.h
[2.147s] -- Up-to-date symlink: /home/rs/go1_robot/install/unitree_ocr_interfaces/include/unitree_ocr_interfaces/unitree_ocr_interfaces/msg/rosidl_typesupport_introspection_c__visibility_control.h
[2.148s] -- Up-to-date symlink: /home/rs/go1_robot/install/unitree_ocr_interfaces/include/unitree_ocr_interfaces/unitree_ocr_interfaces/msg/detail/detection__builder.hpp
[2.148s] -- Up-to-date symlink: /home/rs/go1_robot/install/unitree_ocr_interfaces/include/unitree_ocr_interfaces/unitree_ocr_interfaces/msg/detail/detection__struct.hpp
[2.149s] -- Up-to-date symlink: /home/rs/go1_robot/install/unitree_ocr_interfaces/include/unitree_ocr_interfaces/unitree_ocr_interfaces/msg/detail/detection__traits.hpp
[2.151s] -- Up-to-date symlink: /home/rs/go1_robot/install/unitree_ocr_interfaces/include/unitree_ocr_interfaces/unitree_ocr_interfaces/msg/detail/detections__builder.hpp
[2.151s] -- Up-to-date symlink: /home/rs/go1_robot/install/unitree_ocr_interfaces/include/unitree_ocr_interfaces/unitree_ocr_interfaces/msg/detail/detections__struct.hpp
[2.152s] -- Up-to-date symlink: /home/rs/go1_robot/install/unitree_ocr_interfaces/include/unitree_ocr_interfaces/unitree_ocr_interfaces/msg/detail/detections__traits.hpp
[2.152s] -- Up-to-date symlink: /home/rs/go1_robot/install/unitree_ocr_interfaces/include/unitree_ocr_interfaces/unitree_ocr_interfaces/msg/detection.hpp
[2.153s] -- Up-to-date symlink: /home/rs/go1_robot/install/unitree_ocr_interfaces/include/unitree_ocr_interfaces/unitree_ocr_interfaces/msg/detections.hpp
[2.156s] -- Up-to-date symlink: /home/rs/go1_robot/install/unitree_ocr_interfaces/include/unitree_ocr_interfaces/unitree_ocr_interfaces/msg/detail/detection__rosidl_typesupport_fastrtps_cpp.hpp
[2.156s] -- Up-to-date symlink: /home/rs/go1_robot/install/unitree_ocr_interfaces/include/unitree_ocr_interfaces/unitree_ocr_interfaces/msg/detail/detections__rosidl_typesupport_fastrtps_cpp.hpp
[2.157s] -- Up-to-date symlink: /home/rs/go1_robot/install/unitree_ocr_interfaces/include/unitree_ocr_interfaces/unitree_ocr_interfaces/msg/rosidl_typesupport_fastrtps_cpp__visibility_control.h
[2.157s] -- Up-to-date symlink: /home/rs/go1_robot/install/unitree_ocr_interfaces/include/unitree_ocr_interfaces/unitree_ocr_interfaces/msg/detail/detection__rosidl_typesupport_introspection_cpp.hpp
[2.158s] -- Up-to-date symlink: /home/rs/go1_robot/install/unitree_ocr_interfaces/include/unitree_ocr_interfaces/unitree_ocr_interfaces/msg/detail/detections__rosidl_typesupport_introspection_cpp.hpp
[2.160s] -- Up-to-date symlink: /home/rs/go1_robot/install/unitree_ocr_interfaces/share/unitree_ocr_interfaces/environment/pythonpath.sh
[2.161s] -- Up-to-date symlink: /home/rs/go1_robot/install/unitree_ocr_interfaces/share/unitree_ocr_interfaces/environment/pythonpath.dsv
[2.162s] -- Up-to-date symlink: /home/rs/go1_robot/install/unitree_ocr_interfaces/local/lib/python3.10/dist-packages/unitree_ocr_interfaces-0.0.0-py3.10.egg-info/PKG-INFO
[2.164s] -- Up-to-date symlink: /home/rs/go1_robot/install/unitree_ocr_interfaces/local/lib/python3.10/dist-packages/unitree_ocr_interfaces-0.0.0-py3.10.egg-info/SOURCES.txt
[2.165s] -- Up-to-date symlink: /home/rs/go1_robot/install/unitree_ocr_interfaces/local/lib/python3.10/dist-packages/unitree_ocr_interfaces-0.0.0-py3.10.egg-info/dependency_links.txt
[2.165s] -- Up-to-date symlink: /home/rs/go1_robot/install/unitree_ocr_interfaces/local/lib/python3.10/dist-packages/unitree_ocr_interfaces-0.0.0-py3.10.egg-info/top_level.txt
[2.167s] -- Up-to-date symlink: /home/rs/go1_robot/install/unitree_ocr_interfaces/local/lib/python3.10/dist-packages/unitree_ocr_interfaces/__init__.py
[2.168s] -- Up-to-date symlink: /home/rs/go1_robot/install/unitree_ocr_interfaces/local/lib/python3.10/dist-packages/unitree_ocr_interfaces/_unitree_ocr_interfaces_s.ep.rosidl_typesupport_c.c
[2.169s] -- Up-to-date symlink: /home/rs/go1_robot/install/unitree_ocr_interfaces/local/lib/python3.10/dist-packages/unitree_ocr_interfaces/_unitree_ocr_interfaces_s.ep.rosidl_typesupport_fastrtps_c.c
[2.171s] -- Up-to-date symlink: /home/rs/go1_robot/install/unitree_ocr_interfaces/local/lib/python3.10/dist-packages/unitree_ocr_interfaces/_unitree_ocr_interfaces_s.ep.rosidl_typesupport_introspection_c.c
[2.172s] -- Up-to-date symlink: /home/rs/go1_robot/install/unitree_ocr_interfaces/local/lib/python3.10/dist-packages/unitree_ocr_interfaces/libunitree_ocr_interfaces_msg__rosidl_generator_py.so
[2.172s] -- Up-to-date symlink: /home/rs/go1_robot/install/unitree_ocr_interfaces/local/lib/python3.10/dist-packages/unitree_ocr_interfaces/msg/__init__.py
[2.172s] -- Up-to-date symlink: /home/rs/go1_robot/install/unitree_ocr_interfaces/local/lib/python3.10/dist-packages/unitree_ocr_interfaces/msg/_detection.py
[2.172s] -- Up-to-date symlink: /home/rs/go1_robot/install/unitree_ocr_interfaces/local/lib/python3.10/dist-packages/unitree_ocr_interfaces/msg/_detection_s.c
[2.172s] -- Up-to-date symlink: /home/rs/go1_robot/install/unitree_ocr_interfaces/local/lib/python3.10/dist-packages/unitree_ocr_interfaces/msg/_detections.py
[2.173s] -- Up-to-date symlink: /home/rs/go1_robot/install/unitree_ocr_interfaces/local/lib/python3.10/dist-packages/unitree_ocr_interfaces/msg/_detections_s.c
[2.173s] -- Up-to-date symlink: /home/rs/go1_robot/install/unitree_ocr_interfaces/local/lib/python3.10/dist-packages/unitree_ocr_interfaces/unitree_ocr_interfaces_s__rosidl_typesupport_c.cpython-310-x86_64-linux-gnu.so
[2.173s] -- Up-to-date symlink: /home/rs/go1_robot/install/unitree_ocr_interfaces/local/lib/python3.10/dist-packages/unitree_ocr_interfaces/unitree_ocr_interfaces_s__rosidl_typesupport_fastrtps_c.cpython-310-x86_64-linux-gnu.so
[2.174s] -- Up-to-date symlink: /home/rs/go1_robot/install/unitree_ocr_interfaces/local/lib/python3.10/dist-packages/unitree_ocr_interfaces/unitree_ocr_interfaces_s__rosidl_typesupport_introspection_c.cpython-310-x86_64-linux-gnu.so
[2.174s] -- Up-to-date symlink: /home/rs/go1_robot/install/unitree_ocr_interfaces/local/lib/python3.10/dist-packages/unitree_ocr_interfaces/unitree_ocr_interfaces_s__rosidl_typesupport_fastrtps_c.cpython-310-x86_64-linux-gnu.so
[2.174s] -- Up-to-date symlink: /home/rs/go1_robot/install/unitree_ocr_interfaces/local/lib/python3.10/dist-packages/unitree_ocr_interfaces/unitree_ocr_interfaces_s__rosidl_typesupport_introspection_c.cpython-310-x86_64-linux-gnu.so
[2.174s] -- Up-to-date symlink: /home/rs/go1_robot/install/unitree_ocr_interfaces/local/lib/python3.10/dist-packages/unitree_ocr_interfaces/unitree_ocr_interfaces_s__rosidl_typesupport_c.cpython-310-x86_64-linux-gnu.so
[2.174s] -- Up-to-date symlink: /home/rs/go1_robot/install/unitree_ocr_interfaces/share/unitree_ocr_interfaces/msg/Detection.idl
[2.174s] -- Up-to-date symlink: /home/rs/go1_robot/install/unitree_ocr_interfaces/share/unitree_ocr_interfaces/msg/Detections.idl
[2.175s] -- Up-to-date symlink: /home/rs/go1_robot/install/unitree_ocr_interfaces/share/unitree_ocr_interfaces/msg/Detection.msg
[2.175s] -- Up-to-date symlink: /home/rs/go1_robot/install/unitree_ocr_interfaces/share/unitree_ocr_interfaces/msg/Detections.msg
[2.175s] -- Up-to-date symlink: /home/rs/go1_robot/install/unitree_ocr_interfaces/share/ament_index/resource_index/package_run_dependencies/unitree_ocr_interfaces
[2.175s] -- Up-to-date symlink: /home/rs/go1_robot/install/unitree_ocr_interfaces/share/ament_index/resource_index/parent_prefix_path/unitree_ocr_interfaces
[2.175s] -- Up-to-date symlink: /home/rs/go1_robot/install/unitree_ocr_interfaces/share/unitree_ocr_interfaces/environment/ament_prefix_path.sh
[2.175s] -- Up-to-date symlink: /home/rs/go1_robot/install/unitree_ocr_interfaces/share/unitree_ocr_interfaces/environment/ament_prefix_path.dsv
[2.176s] -- Up-to-date symlink: /home/rs/go1_robot/install/unitree_ocr_interfaces/share/unitree_ocr_interfaces/environment/path.sh
[2.177s] -- Up-to-date symlink: /home/rs/go1_robot/install/unitree_ocr_interfaces/share/unitree_ocr_interfaces/environment/path.dsv
[2.177s] -- Up-to-date symlink: /home/rs/go1_robot/install/unitree_ocr_interfaces/share/unitree_ocr_interfaces/local_setup.bash
[2.178s] -- Up-to-date symlink: /home/rs/go1_robot/install/unitree_ocr_interfaces/share/unitree_ocr_interfaces/local_setup.sh
[2.179s] -- Up-to-date symlink: /home/rs/go1_robot/install/unitree_ocr_interfaces/share/unitree_ocr_interfaces/local_setup.zsh
[2.180s] -- Up-to-date symlink: /home/rs/go1_robot/install/unitree_ocr_interfaces/share/unitree_ocr_interfaces/local_setup.dsv
[2.182s] -- Symlinking: /home/rs/go1_robot/install/unitree_ocr_interfaces/share/unitree_ocr_interfaces/package.dsv
[2.201s] -- Up-to-date symlink: /home/rs/go1_robot/install/unitree_ocr_interfaces/share/ament_index/resource_index/packages/unitree_ocr_interfaces
[2.202s] -- Up-to-date symlink: /home/rs/go1_robot/install/unitree_ocr_interfaces/share/unitree_ocr_interfaces/cmake/ament_cmake_export_dependencies-extras.cmake
[2.203s] -- Up-to-date symlink: /home/rs/go1_robot/install/unitree_ocr_interfaces/share/unitree_ocr_interfaces/cmake/rosidl_cmake-extras.cmake
[2.204s] -- Up-to-date symlink: /home/rs/go1_robot/install/unitree_ocr_interfaces/share/unitree_ocr_interfaces/cmake/ament_cmake_export_include_directories-extras.cmake
[2.205s] -- Up-to-date symlink: /home/rs/go1_robot/install/unitree_ocr_interfaces/share/unitree_ocr_interfaces/cmake/ament_cmake_export_libraries-extras.cmake
[2.205s] -- Up-to-date symlink: /home/rs/go1_robot/install/unitree_ocr_interfaces/share/unitree_ocr_interfaces/cmake/ament_cmake_export_targets-extras.cmake
[2.206s] -- Up-to-date symlink: /home/rs/go1_robot/install/unitree_ocr_interfaces/share/unitree_ocr_interfaces/cmake/rosidl_cmake_export_typesupport_targets-extras.cmake
[2.206s] -- Up-to-date symlink: /home/rs/go1_robot/install/unitree_ocr_interfaces/share/unitree_ocr_interfaces/cmake/rosidl_cmake_export_typesupport_libraries-extras.cmake
[2.207s] -- Up-to-date symlink: /home/rs/go1_robot/install/unitree_ocr_interfaces/share/unitree_ocr_interfaces/cmake/unitree_ocr_interfacesConfig.cmake
[2.207s] -- Up-to-date symlink: /home/rs/go1_robot/install/unitree_ocr_interfaces/share/unitree_ocr_interfaces/cmake/unitree_ocr_interfacesConfig-version.cmake
[2.209s] -- Up-to-date symlink: /home/rs/go1_robot/install/unitree_ocr_interfaces/share/unitree_ocr_interfaces/package.xml
[2.210s] -- Up-to-date: /home/rs/go1_robot/install/unitree_ocr_interfaces/lib/libunitree_ocr_interfaces__rosidl_generator_c.so
[2.211s] -- Up-to-date: /home/rs/go1_robot/install/unitree_ocr_interfaces/lib/libunitree_ocr_interfaces__rosidl_typesupport_fastrtps_c.so
[2.211s] -- Up-to-date: /home/rs/go1_robot/install/unitree_ocr_interfaces/lib/libunitree_ocr_interfaces__rosidl_typesupport_introspection_c.so
[2.212s] -- Up-to-date: /home/rs/go1_robot/install/unitree_ocr_interfaces/lib/libunitree_ocr_interfaces__rosidl_typesupport_c.so
[2.212s] -- Up-to-date: /home/rs/go1_robot/install/unitree_ocr_interfaces/lib/libunitree_ocr_interfaces__rosidl_typesupport_fastrtps_cpp.so
[2.214s] -- Up-to-date: /home/rs/go1_robot/install/unitree_ocr_interfaces/lib/libunitree_ocr_interfaces__rosidl_typesupport_introspection_cpp.so
[2.214s] -- Up-to-date: /home/rs/go1_robot/install/unitree_ocr_interfaces/lib/libunitree_ocr_interfaces__rosidl_typesupport_cpp.so
[2.311s] Listing '/home/rs/go1_robot/install/unitree_ocr_interfaces/local/lib/python3.10/dist-packages/unitree_ocr_interfaces'...
[2.311s] Listing '/home/rs/go1_robot/install/unitree_ocr_interfaces/local/lib/python3.10/dist-packages/unitree_ocr_interfaces/msg'...
[2.329s] -- Up-to-date: /home/rs/go1_robot/install/unitree_ocr_interfaces/lib/libunitree_ocr_interfaces_msg__rosidl_generator_py.so
[2.330s] -- Up-to-date: /home/rs/go1_robot/install/unitree_ocr_interfaces/share/unitree_ocr_interfaces/cmake/export_unitree_ocr_interfaces_msg__rosidl_generator_cExport.cmake
[2.330s] -- Up-to-date: /home/rs/go1_robot/install/unitree_ocr_interfaces/share/unitree_ocr_interfaces/cmake/export_unitree_ocr_interfaces_msg__rosidl_generator_cExport-noconfig.cmake
[2.334s] -- Up-to-date: /home/rs/go1_robot/install/unitree_ocr_interfaces/share/unitree_ocr_interfaces/cmake/export_unitree_ocr_interfaces_msg__rosidl_typesupport_fastrtps_cExport.cmake
[2.335s] -- Up-to-date: /home/rs/go1_robot/install/unitree_ocr_interfaces/share/unitree_ocr_interfaces/cmake/export_unitree_ocr_interfaces_msg__rosidl_typesupport_fastrtps_cExport-noconfig.cmake
[2.335s] -- Up-to-date: /home/rs/go1_robot/install/unitree_ocr_interfaces/share/unitree_ocr_interfaces/cmake/unitree_ocr_interfaces_msg__rosidl_typesupport_introspection_cExport.cmake
[2.336s] -- Up-to-date: /home/rs/go1_robot/install/unitree_ocr_interfaces/share/unitree_ocr_interfaces/cmake/unitree_ocr_interfaces_msg__rosidl_typesupport_introspection_cExport-noconfig.cmake
[2.342s] -- Up-to-date: /home/rs/go1_robot/install/unitree_ocr_interfaces/share/unitree_ocr_interfaces/cmake/unitree_ocr_interfaces_msg__rosidl_typesupport_cExport.cmake
[2.342s] -- Up-to-date: /home/rs/go1_robot/install/unitree_ocr_interfaces/share/unitree_ocr_interfaces/cmake/unitree_ocr_interfaces_msg__rosidl_typesupport_cExport-noconfig.cmake
[2.343s] -- Up-to-date: /home/rs/go1_robot/install/unitree_ocr_interfaces/share/unitree_ocr_interfaces/cmake/export_unitree_ocr_interfaces_msg__rosidl_generator_cppExport.cmake
[2.347s] -- Up-to-date: /home/rs/go1_robot/install/unitree_ocr_interfaces/share/unitree_ocr_interfaces/cmake/export_unitree_ocr_interfaces_msg__rosidl_typesupport_fastrtps_cppExport.cmake
[2.348s] -- Up-to-date: /home/rs/go1_robot/install/unitree_ocr_interfaces/share/unitree_ocr_interfaces/cmake/export_unitree_ocr_interfaces_msg__rosidl_typesupport_fastrtps_cppExport-noconfig.cmake
[2.349s] -- Up-to-date: /home/rs/go1_robot/install/unitree_ocr_interfaces/share/unitree_ocr_interfaces/cmake/unitree_ocr_interfaces_msg__rosidl_typesupport_introspection_cppExport.cmake
[2.350s] -- Up-to-date: /home/rs/go1_robot/install/unitree_ocr_interfaces/share/unitree_ocr_interfaces/cmake/unitree_ocr_interfaces_msg__rosidl_typesupport_introspection_cppExport-noconfig.cmake
[2.350s] -- Up-to-date: /home/rs/go1_robot/install/unitree_ocr_interfaces/share/unitree_ocr_interfaces/cmake/unitree_ocr_interfaces_msg__rosidl_typesupport_cppExport.cmake
[2.350s] -- Up-to-date: /home/rs/go1_robot/install/unitree_ocr_interfaces/share/unitree_ocr_interfaces/cmake/unitree_ocr_interfaces_msg__rosidl_typesupport_cppExport-noconfig.cmake
[2.351s] -- Up-to-date: /home/rs/go1_robot/install/unitree_ocr_interfaces/share/unitree_ocr_interfaces/cmake/export_unitree_ocr_interfaces_msg__rosidl_generator_pyExport.cmake
[2.352s] -- Up-to-date: /home/rs/go1_robot/install/unitree_ocr_interfaces/share/unitree_ocr_interfaces/cmake/export_unitree_ocr_interfaces_msg__rosidl_generator_pyExport-noconfig.cmake
[2.366s] Invoked command in '/home/rs/go1_robot/build/unitree_ocr_interfaces' returned '0': CMAKE_PREFIX_PATH=${CMAKE_PREFIX_PATH}:/home/rs/go1_robot/install/unitree_nav_launch_module:/opt/ros/humble /usr/bin/cmake --install /home/rs/go1_robot/build/unitree_ocr_interfaces
