[0.065s] Invoking command in '/home/rs/go1_robot/build/unitree_ocr': AMENT_PREFIX_PATH=/home/rs/go1_robot/install/unitree_ocr_interfaces CMAKE_PREFIX_PATH=/home/rs/go1_robot/install/unitree_ocr_interfaces LD_LIBRARY_PATH=/home/rs/go1_robot/install/unitree_ocr_interfaces/lib PYTHONPATH=/home/rs/go1_robot/install/unitree_ocr_interfaces/local/lib/python3.10/dist-packages /usr/bin/cmake --build /home/rs/go1_robot/build/unitree_ocr -- -j13 -l13
[0.280s] [ 20%] [34m[1mGenerate API documentation for doxygen[0m
[0.286s] [ 60%] Built target unitree_ocr
[0.599s] [100%] Built target text_detection_subscriber
[1.255s] Doxygen version used: 1.9.1
[1.265s] Searching for include files...
[1.266s] Searching for example files...
[1.266s] Searching for images...
[1.266s] Searching for dot files...
[1.268s] Searching for msc files...
[1.268s] Searching for dia files...
[1.269s] Searching for files to exclude
[1.269s] Searching INPUT for files to process...
[1.269s] Reading and parsing tag files
[1.269s] Parsing files
[1.270s] Preprocessing /home/rs/go1_robot/src/unitree_inspection/unitree_ocr/include/unitree_ocr/ocr.hpp...
[1.272s] Parsing file /home/rs/go1_robot/src/unitree_inspection/unitree_ocr/include/unitree_ocr/ocr.hpp...
[1.286s] Preprocessing /home/rs/go1_robot/src/unitree_inspection/unitree_ocr/src/ocr.cpp...
[1.287s] Parsing file /home/rs/go1_robot/src/unitree_inspection/unitree_ocr/src/ocr.cpp...
[1.290s] Building macro definition list...
[1.290s] Building group list...
[1.291s] Building directory list...
[1.291s] Building namespace list...
[1.292s] Building file list...
[1.292s] Building class list...
[1.294s] Computing nesting relations for classes...
[1.294s] Associating documentation with classes...
[1.294s] Building example list...
[1.295s] Searching for enumerations...
[1.295s] Searching for documented typedefs...
[1.297s] Searching for members imported via using declarations...
[1.297s] Searching for included using directives...
[1.298s] Searching for documented variables...
[1.298s] Building interface member list...
[1.298s] Building member list...
[1.298s] Searching for friends...
[1.298s] Searching for documented defines...
[1.298s] Computing class inheritance relations...
[1.298s] Computing class usage relations...
[1.299s] Flushing cached template relations that have become invalid...
[1.299s] Computing class relations...
[1.299s] Add enum values to enums...
[1.299s] Searching for member function documentation...
[1.299s] Creating members for template instances...
[1.299s] Building page list...
[1.299s] Search for main page...
[1.299s] Computing page relations...
[1.300s] Determining the scope of groups...
[1.300s] Sorting lists...
[1.300s] Determining which enums are documented
[1.300s] Computing member relations...
[1.301s] Building full member lists recursively...
[1.301s] Adding members to member groups.
[1.301s] Computing member references...
[1.301s] Inheriting documentation...
[1.302s] Generating disk names...
[1.302s] Adding source references...
[1.302s] Adding xrefitems...
[1.302s] Sorting member lists...
[1.303s] Setting anonymous enum type...
[1.303s] Computing dependencies between directories...
[1.303s] Generating citations page...
[1.303s] Counting members...
[1.304s] Counting data structures...
[1.304s] Resolving user defined references...
[1.304s] Finding anchors and sections in the documentation...
[1.309s] Transferring function references...
[1.310s] Combining using relations...
[1.310s] Adding members to index pages...
[1.310s] Correcting members for VHDL...
[1.311s] Computing tooltip texts...
[1.343s] Generating style sheet...
[1.346s] Generating search indices...
[1.359s] Generating example documentation...
[1.362s] Generating file sources...
[1.362s] Generating code for file include/unitree_ocr/ocr.hpp...
[1.365s] Generating file documentation...
[1.366s] Generating page documentation...
[1.366s] Generating group documentation...
[1.366s] Generating class documentation...
[1.366s] Generating namespace index...
[1.366s] Generating docs for compound unitree_ocr::TextDetector...
[1.375s] Generating graph info page...
[1.387s] Generating directory documentation...
[1.390s] Generating index page...
[1.391s] Generating page index...
[1.392s] Generating module index...
[1.392s] Generating namespace index...
[1.393s] Generating namespace member index...
[1.394s] Generating annotated compound index...
[1.394s] Generating alphabetical compound index...
[1.395s] Generating hierarchical class index...
[1.395s] Generating graphical class hierarchy...
[1.395s] Generating member index...
[1.405s] Generating file index...
[1.406s] Generating file member index...
[1.406s] Generating example index...
[1.407s] finalizing index lists...
[1.407s] writing tag file...
[1.407s] Running plantuml with JAVA...
[1.408s] Running dot...
[1.426s] lookup cache used 16/65536 hits=27 misses=16
[1.427s] finished...
[1.498s] [100%] Built target doxygen
[1.536s] Invoked command in '/home/rs/go1_robot/build/unitree_ocr' returned '0': AMENT_PREFIX_PATH=/home/rs/go1_robot/install/unitree_ocr_interfaces CMAKE_PREFIX_PATH=/home/rs/go1_robot/install/unitree_ocr_interfaces LD_LIBRARY_PATH=/home/rs/go1_robot/install/unitree_ocr_interfaces/lib PYTHONPATH=/home/rs/go1_robot/install/unitree_ocr_interfaces/local/lib/python3.10/dist-packages /usr/bin/cmake --build /home/rs/go1_robot/build/unitree_ocr -- -j13 -l13
[1.692s] Invoking command in '/home/rs/go1_robot/build/unitree_ocr': AMENT_PREFIX_PATH=/home/rs/go1_robot/install/unitree_ocr_interfaces CMAKE_PREFIX_PATH=/home/rs/go1_robot/install/unitree_ocr_interfaces LD_LIBRARY_PATH=/home/rs/go1_robot/install/unitree_ocr_interfaces/lib PYTHONPATH=/home/rs/go1_robot/install/unitree_ocr_interfaces/local/lib/python3.10/dist-packages /usr/bin/cmake --install /home/rs/go1_robot/build/unitree_ocr
[1.726s] -- Install configuration: ""
[1.727s] -- Up-to-date: /home/rs/go1_robot/install/unitree_ocr/lib/unitree_ocr/text_detection_subscriber
[1.728s] -- Up-to-date: /home/rs/go1_robot/install/unitree_ocr/include
[1.730s] -- Up-to-date: /home/rs/go1_robot/install/unitree_ocr/include/unitree_ocr
[1.731s] -- Up-to-date: /home/rs/go1_robot/install/unitree_ocr/include/unitree_ocr/ocr.hpp
[1.733s] -- Up-to-date: /home/rs/go1_robot/install/unitree_ocr/lib/libunitree_ocr.a
[1.733s] -- Up-to-date: /home/rs/go1_robot/install/unitree_ocr/lib/cmake/unitree_ocr/unitree_ocr-config.cmake
[1.737s] -- Up-to-date: /home/rs/go1_robot/install/unitree_ocr/lib/cmake/unitree_ocr/unitree_ocr-config-noconfig.cmake
[1.738s] -- Up-to-date: /home/rs/go1_robot/install/unitree_ocr/share/unitree_ocr/launch
[1.739s] -- Up-to-date: /home/rs/go1_robot/install/unitree_ocr/share/unitree_ocr/launch/text_detection_subscriber.launch.py
[1.739s] -- Up-to-date: /home/rs/go1_robot/install/unitree_ocr/share/unitree_ocr/models
[1.740s] -- Up-to-date: /home/rs/go1_robot/install/unitree_ocr/share/unitree_ocr/models/README.md
[1.742s] -- Up-to-date: /home/rs/go1_robot/install/unitree_ocr/share/ament_index/resource_index/package_run_dependencies/unitree_ocr
[1.747s] -- Up-to-date: /home/rs/go1_robot/install/unitree_ocr/share/ament_index/resource_index/parent_prefix_path/unitree_ocr
[1.749s] -- Up-to-date: /home/rs/go1_robot/install/unitree_ocr/share/unitree_ocr/environment/ament_prefix_path.sh
[1.751s] -- Up-to-date: /home/rs/go1_robot/install/unitree_ocr/share/unitree_ocr/environment/ament_prefix_path.dsv
[1.752s] -- Up-to-date: /home/rs/go1_robot/install/unitree_ocr/share/unitree_ocr/environment/path.sh
[1.753s] -- Up-to-date: /home/rs/go1_robot/install/unitree_ocr/share/unitree_ocr/environment/path.dsv
[1.755s] -- Up-to-date: /home/rs/go1_robot/install/unitree_ocr/share/unitree_ocr/local_setup.bash
[1.755s] -- Up-to-date: /home/rs/go1_robot/install/unitree_ocr/share/unitree_ocr/local_setup.sh
[1.756s] -- Up-to-date: /home/rs/go1_robot/install/unitree_ocr/share/unitree_ocr/local_setup.zsh
[1.757s] -- Up-to-date: /home/rs/go1_robot/install/unitree_ocr/share/unitree_ocr/local_setup.dsv
[1.757s] -- Installing: /home/rs/go1_robot/install/unitree_ocr/share/unitree_ocr/package.dsv
[1.757s] -- Up-to-date: /home/rs/go1_robot/install/unitree_ocr/share/ament_index/resource_index/packages/unitree_ocr
[1.759s] -- Up-to-date: /home/rs/go1_robot/install/unitree_ocr/share/unitree_ocr/cmake/unitree_ocrConfig.cmake
[1.759s] -- Up-to-date: /home/rs/go1_robot/install/unitree_ocr/share/unitree_ocr/cmake/unitree_ocrConfig-version.cmake
[1.766s] -- Up-to-date: /home/rs/go1_robot/install/unitree_ocr/share/unitree_ocr/package.xml
[1.818s] Invoked command in '/home/rs/go1_robot/build/unitree_ocr' returned '0': AMENT_PREFIX_PATH=/home/rs/go1_robot/install/unitree_ocr_interfaces CMAKE_PREFIX_PATH=/home/rs/go1_robot/install/unitree_ocr_interfaces LD_LIBRARY_PATH=/home/rs/go1_robot/install/unitree_ocr_interfaces/lib PYTHONPATH=/home/rs/go1_robot/install/unitree_ocr_interfaces/local/lib/python3.10/dist-packages /usr/bin/cmake --install /home/rs/go1_robot/build/unitree_ocr
