[0.067s] Invoking command in '/home/rs/final_auto/build/unitree_ocr': CMAKE_PREFIX_PATH=/home/rs/final_auto/install/unitree_ocr_interfaces:/home/rs/final_auto/install/unitree_inspection:/home/rs/final_auto/install/unitree_ocr:/home/rs/final_auto/install/unitree_nav:/home/rs/final_auto/install/unitree_nav_interfaces:/home/rs/final_auto/install/unitree_legged_real:/home/rs/final_auto/install/unitree_inspection_interfaces:/home/rs/final_auto/install/ros2_unitree_legged_msgs:/home/rs/final_auto/install/go1_description:/home/rs/final_auto/install/unitree_nav_launch_module:/opt/ros/humble /usr/bin/cmake --build /home/rs/final_auto/build/unitree_ocr -- -j13 -l13
[0.323s] [ 20%] [34m[1mGenerate API documentation for doxygen[0m
[0.338s] [ 60%] Built target unitree_ocr
[0.631s] [100%] Built target text_detection_subscriber
[1.240s] Doxygen version used: 1.9.1
[1.248s] Searching for include files...
[1.248s] Searching for example files...
[1.249s] Searching for images...
[1.249s] Searching for dot files...
[1.252s] Searching for msc files...
[1.253s] Searching for dia files...
[1.255s] Searching for files to exclude
[1.257s] Searching INPUT for files to process...
[1.258s] Reading and parsing tag files
[1.260s] Parsing files
[1.263s] Preprocessing /home/rs/final_auto/src/unitree_inspection/unitree_ocr/include/unitree_ocr/ocr.hpp...
[1.263s] Parsing file /home/rs/final_auto/src/unitree_inspection/unitree_ocr/include/unitree_ocr/ocr.hpp...
[1.272s] Preprocessing /home/rs/final_auto/src/unitree_inspection/unitree_ocr/src/ocr.cpp...
[1.273s] Parsing file /home/rs/final_auto/src/unitree_inspection/unitree_ocr/src/ocr.cpp...
[1.275s] Building macro definition list...
[1.276s] Building group list...
[1.276s] Building directory list...
[1.278s] Building namespace list...
[1.278s] Building file list...
[1.279s] Building class list...
[1.280s] Computing nesting relations for classes...
[1.280s] Associating documentation with classes...
[1.281s] Building example list...
[1.281s] Searching for enumerations...
[1.282s] Searching for documented typedefs...
[1.282s] Searching for members imported via using declarations...
[1.284s] Searching for included using directives...
[1.284s] Searching for documented variables...
[1.284s] Building interface member list...
[1.284s] Building member list...
[1.284s] Searching for friends...
[1.285s] Searching for documented defines...
[1.285s] Computing class inheritance relations...
[1.286s] Computing class usage relations...
[1.286s] Flushing cached template relations that have become invalid...
[1.286s] Computing class relations...
[1.286s] Add enum values to enums...
[1.287s] Searching for member function documentation...
[1.287s] Creating members for template instances...
[1.287s] Building page list...
[1.287s] Search for main page...
[1.287s] Computing page relations...
[1.288s] Determining the scope of groups...
[1.288s] Sorting lists...
[1.288s] Determining which enums are documented
[1.288s] Computing member relations...
[1.289s] Building full member lists recursively...
[1.289s] Adding members to member groups.
[1.289s] Computing member references...
[1.289s] Inheriting documentation...
[1.290s] Generating disk names...
[1.290s] Adding source references...
[1.290s] Adding xrefitems...
[1.290s] Sorting member lists...
[1.290s] Setting anonymous enum type...
[1.290s] Computing dependencies between directories...
[1.290s] Generating citations page...
[1.290s] Counting members...
[1.291s] Counting data structures...
[1.291s] Resolving user defined references...
[1.292s] Finding anchors and sections in the documentation...
[1.293s] Transferring function references...
[1.294s] Combining using relations...
[1.294s] Adding members to index pages...
[1.295s] Correcting members for VHDL...
[1.295s] Computing tooltip texts...
[1.332s] Generating style sheet...
[1.333s] Generating search indices...
[1.345s] Generating example documentation...
[1.345s] Generating file sources...
[1.346s] Generating code for file include/unitree_ocr/ocr.hpp...
[1.349s] Generating file documentation...
[1.349s] Generating page documentation...
[1.350s] Generating group documentation...
[1.356s] Generating class documentation...
[1.362s] Generating namespace index...
[1.364s] Generating docs for compound unitree_ocr::TextDetector...
[1.371s] Generating graph info page...
[1.376s] Generating directory documentation...
[1.378s] Generating index page...
[1.379s] Generating page index...
[1.379s] Generating module index...
[1.380s] Generating namespace index...
[1.380s] Generating namespace member index...
[1.381s] Generating annotated compound index...
[1.381s] Generating alphabetical compound index...
[1.382s] Generating hierarchical class index...
[1.382s] Generating graphical class hierarchy...
[1.382s] Generating member index...
[1.388s] Generating file index...
[1.389s] Generating file member index...
[1.390s] Generating example index...
[1.391s] finalizing index lists...
[1.392s] writing tag file...
[1.393s] Running plantuml with JAVA...
[1.395s] Running dot...
[1.408s] lookup cache used 16/65536 hits=27 misses=16
[1.409s] finished...
[1.469s] [100%] Built target doxygen
[1.496s] Invoked command in '/home/rs/final_auto/build/unitree_ocr' returned '0': CMAKE_PREFIX_PATH=/home/rs/final_auto/install/unitree_ocr_interfaces:/home/rs/final_auto/install/unitree_inspection:/home/rs/final_auto/install/unitree_ocr:/home/rs/final_auto/install/unitree_nav:/home/rs/final_auto/install/unitree_nav_interfaces:/home/rs/final_auto/install/unitree_legged_real:/home/rs/final_auto/install/unitree_inspection_interfaces:/home/rs/final_auto/install/ros2_unitree_legged_msgs:/home/rs/final_auto/install/go1_description:/home/rs/final_auto/install/unitree_nav_launch_module:/opt/ros/humble /usr/bin/cmake --build /home/rs/final_auto/build/unitree_ocr -- -j13 -l13
[1.616s] Invoking command in '/home/rs/final_auto/build/unitree_ocr': CMAKE_PREFIX_PATH=/home/rs/final_auto/install/unitree_ocr_interfaces:/home/rs/final_auto/install/unitree_inspection:/home/rs/final_auto/install/unitree_ocr:/home/rs/final_auto/install/unitree_nav:/home/rs/final_auto/install/unitree_nav_interfaces:/home/rs/final_auto/install/unitree_legged_real:/home/rs/final_auto/install/unitree_inspection_interfaces:/home/rs/final_auto/install/ros2_unitree_legged_msgs:/home/rs/final_auto/install/go1_description:/home/rs/final_auto/install/unitree_nav_launch_module:/opt/ros/humble /usr/bin/cmake --install /home/rs/final_auto/build/unitree_ocr
[1.635s] -- Install configuration: ""
[1.641s] -- Up-to-date: /home/rs/final_auto/install/unitree_ocr/lib/unitree_ocr/text_detection_subscriber
[1.644s] -- Up-to-date: /home/rs/final_auto/install/unitree_ocr/include
[1.645s] -- Up-to-date: /home/rs/final_auto/install/unitree_ocr/include/unitree_ocr
[1.645s] -- Up-to-date: /home/rs/final_auto/install/unitree_ocr/include/unitree_ocr/ocr.hpp
[1.645s] -- Up-to-date: /home/rs/final_auto/install/unitree_ocr/lib/libunitree_ocr.a
[1.647s] -- Up-to-date: /home/rs/final_auto/install/unitree_ocr/lib/cmake/unitree_ocr/unitree_ocr-config.cmake
[1.648s] -- Up-to-date: /home/rs/final_auto/install/unitree_ocr/lib/cmake/unitree_ocr/unitree_ocr-config-noconfig.cmake
[1.649s] -- Up-to-date: /home/rs/final_auto/install/unitree_ocr/share/unitree_ocr/launch
[1.649s] -- Up-to-date: /home/rs/final_auto/install/unitree_ocr/share/unitree_ocr/launch/text_detection_subscriber.launch.py
[1.649s] -- Up-to-date: /home/rs/final_auto/install/unitree_ocr/share/unitree_ocr/models
[1.650s] -- Up-to-date: /home/rs/final_auto/install/unitree_ocr/share/unitree_ocr/models/README.md
[1.650s] -- Up-to-date: /home/rs/final_auto/install/unitree_ocr/share/ament_index/resource_index/package_run_dependencies/unitree_ocr
[1.651s] -- Up-to-date: /home/rs/final_auto/install/unitree_ocr/share/ament_index/resource_index/parent_prefix_path/unitree_ocr
[1.655s] -- Up-to-date: /home/rs/final_auto/install/unitree_ocr/share/unitree_ocr/environment/ament_prefix_path.sh
[1.656s] -- Up-to-date: /home/rs/final_auto/install/unitree_ocr/share/unitree_ocr/environment/ament_prefix_path.dsv
[1.657s] -- Up-to-date: /home/rs/final_auto/install/unitree_ocr/share/unitree_ocr/environment/path.sh
[1.657s] -- Up-to-date: /home/rs/final_auto/install/unitree_ocr/share/unitree_ocr/environment/path.dsv
[1.657s] -- Up-to-date: /home/rs/final_auto/install/unitree_ocr/share/unitree_ocr/local_setup.bash
[1.658s] -- Up-to-date: /home/rs/final_auto/install/unitree_ocr/share/unitree_ocr/local_setup.sh
[1.658s] -- Up-to-date: /home/rs/final_auto/install/unitree_ocr/share/unitree_ocr/local_setup.zsh
[1.659s] -- Up-to-date: /home/rs/final_auto/install/unitree_ocr/share/unitree_ocr/local_setup.dsv
[1.660s] -- Installing: /home/rs/final_auto/install/unitree_ocr/share/unitree_ocr/package.dsv
[1.665s] -- Up-to-date: /home/rs/final_auto/install/unitree_ocr/share/ament_index/resource_index/packages/unitree_ocr
[1.667s] -- Up-to-date: /home/rs/final_auto/install/unitree_ocr/share/unitree_ocr/cmake/unitree_ocrConfig.cmake
[1.668s] -- Up-to-date: /home/rs/final_auto/install/unitree_ocr/share/unitree_ocr/cmake/unitree_ocrConfig-version.cmake
[1.672s] -- Up-to-date: /home/rs/final_auto/install/unitree_ocr/share/unitree_ocr/package.xml
[1.672s] Invoked command in '/home/rs/final_auto/build/unitree_ocr' returned '0': CMAKE_PREFIX_PATH=/home/rs/final_auto/install/unitree_ocr_interfaces:/home/rs/final_auto/install/unitree_inspection:/home/rs/final_auto/install/unitree_ocr:/home/rs/final_auto/install/unitree_nav:/home/rs/final_auto/install/unitree_nav_interfaces:/home/rs/final_auto/install/unitree_legged_real:/home/rs/final_auto/install/unitree_inspection_interfaces:/home/rs/final_auto/install/ros2_unitree_legged_msgs:/home/rs/final_auto/install/go1_description:/home/rs/final_auto/install/unitree_nav_launch_module:/opt/ros/humble /usr/bin/cmake --install /home/rs/final_auto/build/unitree_ocr
