[0.122s] Invoking command in '/home/rs/final_auto/build/unitree_ocr_interfaces': CMAKE_PREFIX_PATH=${CMAKE_PREFIX_PATH}:/home/rs/final_auto/install/unitree_nav_launch_module:/opt/ros/humble /usr/bin/cmake --build /home/rs/final_auto/build/unitree_ocr_interfaces -- -j13 -l13
[0.356s] [ 10%] Built target unitree_ocr_interfaces_msg__rosidl_generator_c
[0.373s] [ 12%] Built target unitree_ocr_interfaces_msg__cpp
[0.386s] [ 12%] Built target ament_cmake_python_copy_unitree_ocr_interfaces
[0.633s] [ 23%] Built target unitree_ocr_interfaces_msg__rosidl_typesupport_cpp
[0.634s] [ 33%] Built target unitree_ocr_interfaces_msg__rosidl_typesupport_introspection_c
[0.667s] [ 43%] Built target unitree_ocr_interfaces_msg__rosidl_typesupport_c
[0.677s] [ 53%] Built target unitree_ocr_interfaces_msg__rosidl_typesupport_introspection_cpp
[0.677s] [ 64%] Built target unitree_ocr_interfaces_msg__rosidl_typesupport_fastrtps_cpp
[0.681s] [ 74%] Built target unitree_ocr_interfaces_msg__rosidl_typesupport_fastrtps_c
[0.769s] [ 74%] Built target unitree_ocr_interfaces_msg
[0.846s] [ 76%] Built target unitree_ocr_interfaces_msg__py
[0.929s] [ 84%] Built target unitree_ocr_interfaces_msg__rosidl_generator_py
[1.070s] [ 89%] Built target unitree_ocr_interfaces__rosidl_typesupport_c__pyext
[1.078s] [ 94%] Built target unitree_ocr_interfaces__rosidl_typesupport_fastrtps_c__pyext
[1.082s] [100%] Built target unitree_ocr_interfaces__rosidl_typesupport_introspection_c__pyext
[1.415s] running egg_info
[1.417s] writing unitree_ocr_interfaces.egg-info/PKG-INFO
[1.417s] writing dependency_links to unitree_ocr_interfaces.egg-info/dependency_links.txt
[1.419s] writing top-level names to unitree_ocr_interfaces.egg-info/top_level.txt
[1.424s] reading manifest file 'unitree_ocr_interfaces.egg-info/SOURCES.txt'
[1.426s] writing manifest file 'unitree_ocr_interfaces.egg-info/SOURCES.txt'
[1.505s] [100%] Built target ament_cmake_python_build_unitree_ocr_interfaces_egg
[1.540s] Invoked command in '/home/rs/final_auto/build/unitree_ocr_interfaces' returned '0': CMAKE_PREFIX_PATH=${CMAKE_PREFIX_PATH}:/home/rs/final_auto/install/unitree_nav_launch_module:/opt/ros/humble /usr/bin/cmake --build /home/rs/final_auto/build/unitree_ocr_interfaces -- -j13 -l13
[2.098s] Invoking command in '/home/rs/final_auto/build/unitree_ocr_interfaces': CMAKE_PREFIX_PATH=${CMAKE_PREFIX_PATH}:/home/rs/final_auto/install/unitree_nav_launch_module:/opt/ros/humble /usr/bin/cmake --install /home/rs/final_auto/build/unitree_ocr_interfaces
[2.128s] -- Install configuration: ""
[2.129s] -- Up-to-date: /home/rs/final_auto/install/unitree_ocr_interfaces/share/ament_index/resource_index/rosidl_interfaces/unitree_ocr_interfaces
[2.138s] -- Up-to-date: /home/rs/final_auto/install/unitree_ocr_interfaces/include/unitree_ocr_interfaces/unitree_ocr_interfaces
[2.160s] -- Up-to-date: /home/rs/final_auto/install/unitree_ocr_interfaces/include/unitree_ocr_interfaces/unitree_ocr_interfaces/msg
[2.161s] -- Up-to-date: /home/rs/final_auto/install/unitree_ocr_interfaces/include/unitree_ocr_interfaces/unitree_ocr_interfaces/msg/detections.h
[2.162s] -- Up-to-date: /home/rs/final_auto/install/unitree_ocr_interfaces/include/unitree_ocr_interfaces/unitree_ocr_interfaces/msg/detail
[2.163s] -- Up-to-date: /home/rs/final_auto/install/unitree_ocr_interfaces/include/unitree_ocr_interfaces/unitree_ocr_interfaces/msg/detail/detection__functions.h
[2.164s] -- Up-to-date: /home/rs/final_auto/install/unitree_ocr_interfaces/include/unitree_ocr_interfaces/unitree_ocr_interfaces/msg/detail/detections__functions.h
[2.172s] -- Up-to-date: /home/rs/final_auto/install/unitree_ocr_interfaces/include/unitree_ocr_interfaces/unitree_ocr_interfaces/msg/detail/detections__struct.h
[2.183s] -- Up-to-date: /home/rs/final_auto/install/unitree_ocr_interfaces/include/unitree_ocr_interfaces/unitree_ocr_interfaces/msg/detail/detection__type_support.h
[2.184s] -- Up-to-date: /home/rs/final_auto/install/unitree_ocr_interfaces/include/unitree_ocr_interfaces/unitree_ocr_interfaces/msg/detail/detection__functions.c
[2.186s] -- Up-to-date: /home/rs/final_auto/install/unitree_ocr_interfaces/include/unitree_ocr_interfaces/unitree_ocr_interfaces/msg/detail/detection__struct.h
[2.188s] -- Up-to-date: /home/rs/final_auto/install/unitree_ocr_interfaces/include/unitree_ocr_interfaces/unitree_ocr_interfaces/msg/detail/detections__functions.c
[2.197s] -- Up-to-date: /home/rs/final_auto/install/unitree_ocr_interfaces/include/unitree_ocr_interfaces/unitree_ocr_interfaces/msg/detail/detections__type_support.h
[2.198s] -- Up-to-date: /home/rs/final_auto/install/unitree_ocr_interfaces/include/unitree_ocr_interfaces/unitree_ocr_interfaces/msg/rosidl_generator_c__visibility_control.h
[2.198s] -- Up-to-date: /home/rs/final_auto/install/unitree_ocr_interfaces/include/unitree_ocr_interfaces/unitree_ocr_interfaces/msg/detection.h
[2.198s] -- Up-to-date: /home/rs/final_auto/install/unitree_ocr_interfaces/share/unitree_ocr_interfaces/environment/library_path.sh
[2.198s] -- Up-to-date: /home/rs/final_auto/install/unitree_ocr_interfaces/share/unitree_ocr_interfaces/environment/library_path.dsv
[2.198s] -- Up-to-date: /home/rs/final_auto/install/unitree_ocr_interfaces/lib/libunitree_ocr_interfaces__rosidl_generator_c.so
[2.199s] -- Up-to-date: /home/rs/final_auto/install/unitree_ocr_interfaces/include/unitree_ocr_interfaces/unitree_ocr_interfaces
[2.200s] -- Up-to-date: /home/rs/final_auto/install/unitree_ocr_interfaces/include/unitree_ocr_interfaces/unitree_ocr_interfaces/msg
[2.201s] -- Up-to-date: /home/rs/final_auto/install/unitree_ocr_interfaces/include/unitree_ocr_interfaces/unitree_ocr_interfaces/msg/detail
[2.202s] -- Up-to-date: /home/rs/final_auto/install/unitree_ocr_interfaces/include/unitree_ocr_interfaces/unitree_ocr_interfaces/msg/detail/detection__rosidl_typesupport_fastrtps_c.h
[2.202s] -- Up-to-date: /home/rs/final_auto/install/unitree_ocr_interfaces/include/unitree_ocr_interfaces/unitree_ocr_interfaces/msg/detail/detections__rosidl_typesupport_fastrtps_c.h
[2.203s] -- Up-to-date: /home/rs/final_auto/install/unitree_ocr_interfaces/include/unitree_ocr_interfaces/unitree_ocr_interfaces/msg/rosidl_typesupport_fastrtps_c__visibility_control.h
[2.203s] -- Up-to-date: /home/rs/final_auto/install/unitree_ocr_interfaces/lib/libunitree_ocr_interfaces__rosidl_typesupport_fastrtps_c.so
[2.203s] -- Up-to-date: /home/rs/final_auto/install/unitree_ocr_interfaces/include/unitree_ocr_interfaces/unitree_ocr_interfaces
[2.204s] -- Up-to-date: /home/rs/final_auto/install/unitree_ocr_interfaces/include/unitree_ocr_interfaces/unitree_ocr_interfaces/msg
[2.204s] -- Up-to-date: /home/rs/final_auto/install/unitree_ocr_interfaces/include/unitree_ocr_interfaces/unitree_ocr_interfaces/msg/rosidl_typesupport_introspection_c__visibility_control.h
[2.205s] -- Up-to-date: /home/rs/final_auto/install/unitree_ocr_interfaces/include/unitree_ocr_interfaces/unitree_ocr_interfaces/msg/detail
[2.205s] -- Up-to-date: /home/rs/final_auto/install/unitree_ocr_interfaces/include/unitree_ocr_interfaces/unitree_ocr_interfaces/msg/detail/detection__rosidl_typesupport_introspection_c.h
[2.209s] -- Up-to-date: /home/rs/final_auto/install/unitree_ocr_interfaces/include/unitree_ocr_interfaces/unitree_ocr_interfaces/msg/detail/detections__rosidl_typesupport_introspection_c.h
[2.210s] -- Up-to-date: /home/rs/final_auto/install/unitree_ocr_interfaces/include/unitree_ocr_interfaces/unitree_ocr_interfaces/msg/detail/detection__type_support.c
[2.210s] -- Up-to-date: /home/rs/final_auto/install/unitree_ocr_interfaces/include/unitree_ocr_interfaces/unitree_ocr_interfaces/msg/detail/detections__type_support.c
[2.212s] -- Up-to-date: /home/rs/final_auto/install/unitree_ocr_interfaces/lib/libunitree_ocr_interfaces__rosidl_typesupport_introspection_c.so
[2.212s] -- Up-to-date: /home/rs/final_auto/install/unitree_ocr_interfaces/lib/libunitree_ocr_interfaces__rosidl_typesupport_c.so
[2.213s] -- Up-to-date: /home/rs/final_auto/install/unitree_ocr_interfaces/include/unitree_ocr_interfaces/unitree_ocr_interfaces
[2.216s] -- Up-to-date: /home/rs/final_auto/install/unitree_ocr_interfaces/include/unitree_ocr_interfaces/unitree_ocr_interfaces/msg
[2.293s] -- Up-to-date: /home/rs/final_auto/install/unitree_ocr_interfaces/include/unitree_ocr_interfaces/unitree_ocr_interfaces/msg/detection.hpp
[2.293s] -- Up-to-date: /home/rs/final_auto/install/unitree_ocr_interfaces/include/unitree_ocr_interfaces/unitree_ocr_interfaces/msg/detections.hpp
[2.293s] -- Up-to-date: /home/rs/final_auto/install/unitree_ocr_interfaces/include/unitree_ocr_interfaces/unitree_ocr_interfaces/msg/detail
[2.293s] -- Up-to-date: /home/rs/final_auto/install/unitree_ocr_interfaces/include/unitree_ocr_interfaces/unitree_ocr_interfaces/msg/detail/detection__traits.hpp
[2.293s] -- Up-to-date: /home/rs/final_auto/install/unitree_ocr_interfaces/include/unitree_ocr_interfaces/unitree_ocr_interfaces/msg/detail/detections__builder.hpp
[2.293s] -- Up-to-date: /home/rs/final_auto/install/unitree_ocr_interfaces/include/unitree_ocr_interfaces/unitree_ocr_interfaces/msg/detail/detections__traits.hpp
[2.293s] -- Up-to-date: /home/rs/final_auto/install/unitree_ocr_interfaces/include/unitree_ocr_interfaces/unitree_ocr_interfaces/msg/detail/detection__builder.hpp
[2.293s] -- Up-to-date: /home/rs/final_auto/install/unitree_ocr_interfaces/include/unitree_ocr_interfaces/unitree_ocr_interfaces/msg/detail/detection__struct.hpp
[2.294s] -- Up-to-date: /home/rs/final_auto/install/unitree_ocr_interfaces/include/unitree_ocr_interfaces/unitree_ocr_interfaces/msg/detail/detections__struct.hpp
[2.294s] -- Up-to-date: /home/rs/final_auto/install/unitree_ocr_interfaces/include/unitree_ocr_interfaces/unitree_ocr_interfaces
[2.295s] -- Up-to-date: /home/rs/final_auto/install/unitree_ocr_interfaces/include/unitree_ocr_interfaces/unitree_ocr_interfaces/msg
[2.296s] -- Up-to-date: /home/rs/final_auto/install/unitree_ocr_interfaces/include/unitree_ocr_interfaces/unitree_ocr_interfaces/msg/detail
[2.296s] -- Up-to-date: /home/rs/final_auto/install/unitree_ocr_interfaces/include/unitree_ocr_interfaces/unitree_ocr_interfaces/msg/detail/dds_fastrtps
[2.297s] -- Up-to-date: /home/rs/final_auto/install/unitree_ocr_interfaces/include/unitree_ocr_interfaces/unitree_ocr_interfaces/msg/detail/detections__rosidl_typesupport_fastrtps_cpp.hpp
[2.297s] -- Up-to-date: /home/rs/final_auto/install/unitree_ocr_interfaces/include/unitree_ocr_interfaces/unitree_ocr_interfaces/msg/detail/detection__rosidl_typesupport_fastrtps_cpp.hpp
[2.297s] -- Up-to-date: /home/rs/final_auto/install/unitree_ocr_interfaces/include/unitree_ocr_interfaces/unitree_ocr_interfaces/msg/rosidl_typesupport_fastrtps_cpp__visibility_control.h
[2.298s] -- Up-to-date: /home/rs/final_auto/install/unitree_ocr_interfaces/lib/libunitree_ocr_interfaces__rosidl_typesupport_fastrtps_cpp.so
[2.298s] -- Up-to-date: /home/rs/final_auto/install/unitree_ocr_interfaces/include/unitree_ocr_interfaces/unitree_ocr_interfaces
[2.299s] -- Up-to-date: /home/rs/final_auto/install/unitree_ocr_interfaces/include/unitree_ocr_interfaces/unitree_ocr_interfaces/msg
[2.299s] -- Up-to-date: /home/rs/final_auto/install/unitree_ocr_interfaces/include/unitree_ocr_interfaces/unitree_ocr_interfaces/msg/detail
[2.299s] -- Up-to-date: /home/rs/final_auto/install/unitree_ocr_interfaces/include/unitree_ocr_interfaces/unitree_ocr_interfaces/msg/detail/detections__rosidl_typesupport_introspection_cpp.hpp
[2.300s] -- Up-to-date: /home/rs/final_auto/install/unitree_ocr_interfaces/include/unitree_ocr_interfaces/unitree_ocr_interfaces/msg/detail/detection__type_support.cpp
[2.301s] -- Up-to-date: /home/rs/final_auto/install/unitree_ocr_interfaces/include/unitree_ocr_interfaces/unitree_ocr_interfaces/msg/detail/detections__type_support.cpp
[2.301s] -- Up-to-date: /home/rs/final_auto/install/unitree_ocr_interfaces/include/unitree_ocr_interfaces/unitree_ocr_interfaces/msg/detail/detection__rosidl_typesupport_introspection_cpp.hpp
[2.301s] -- Up-to-date: /home/rs/final_auto/install/unitree_ocr_interfaces/lib/libunitree_ocr_interfaces__rosidl_typesupport_introspection_cpp.so
[2.301s] -- Up-to-date: /home/rs/final_auto/install/unitree_ocr_interfaces/lib/libunitree_ocr_interfaces__rosidl_typesupport_cpp.so
[2.301s] -- Up-to-date: /home/rs/final_auto/install/unitree_ocr_interfaces/share/unitree_ocr_interfaces/environment/pythonpath.sh
[2.301s] -- Up-to-date: /home/rs/final_auto/install/unitree_ocr_interfaces/share/unitree_ocr_interfaces/environment/pythonpath.dsv
[2.302s] -- Up-to-date: /home/rs/final_auto/install/unitree_ocr_interfaces/local/lib/python3.10/dist-packages/unitree_ocr_interfaces-0.0.0-py3.10.egg-info
[2.302s] -- Installing: /home/rs/final_auto/install/unitree_ocr_interfaces/local/lib/python3.10/dist-packages/unitree_ocr_interfaces-0.0.0-py3.10.egg-info/top_level.txt
[2.302s] -- Installing: /home/rs/final_auto/install/unitree_ocr_interfaces/local/lib/python3.10/dist-packages/unitree_ocr_interfaces-0.0.0-py3.10.egg-info/PKG-INFO
[2.302s] -- Installing: /home/rs/final_auto/install/unitree_ocr_interfaces/local/lib/python3.10/dist-packages/unitree_ocr_interfaces-0.0.0-py3.10.egg-info/dependency_links.txt
[2.303s] -- Installing: /home/rs/final_auto/install/unitree_ocr_interfaces/local/lib/python3.10/dist-packages/unitree_ocr_interfaces-0.0.0-py3.10.egg-info/SOURCES.txt
[2.303s] -- Up-to-date: /home/rs/final_auto/install/unitree_ocr_interfaces/local/lib/python3.10/dist-packages/unitree_ocr_interfaces
[2.304s] -- Up-to-date: /home/rs/final_auto/install/unitree_ocr_interfaces/local/lib/python3.10/dist-packages/unitree_ocr_interfaces/_unitree_ocr_interfaces_s.ep.rosidl_typesupport_fastrtps_c.c
[2.304s] -- Up-to-date: /home/rs/final_auto/install/unitree_ocr_interfaces/local/lib/python3.10/dist-packages/unitree_ocr_interfaces/_unitree_ocr_interfaces_s.ep.rosidl_typesupport_introspection_c.c
[2.304s] -- Up-to-date: /home/rs/final_auto/install/unitree_ocr_interfaces/local/lib/python3.10/dist-packages/unitree_ocr_interfaces/unitree_ocr_interfaces_s__rosidl_typesupport_introspection_c.cpython-310-x86_64-linux-gnu.so
[2.304s] -- Up-to-date: /home/rs/final_auto/install/unitree_ocr_interfaces/local/lib/python3.10/dist-packages/unitree_ocr_interfaces/__init__.py
[2.305s] -- Up-to-date: /home/rs/final_auto/install/unitree_ocr_interfaces/local/lib/python3.10/dist-packages/unitree_ocr_interfaces/unitree_ocr_interfaces_s__rosidl_typesupport_c.cpython-310-x86_64-linux-gnu.so
[2.306s] -- Up-to-date: /home/rs/final_auto/install/unitree_ocr_interfaces/local/lib/python3.10/dist-packages/unitree_ocr_interfaces/_unitree_ocr_interfaces_s.ep.rosidl_typesupport_c.c
[2.306s] -- Up-to-date: /home/rs/final_auto/install/unitree_ocr_interfaces/local/lib/python3.10/dist-packages/unitree_ocr_interfaces/msg
[2.306s] -- Up-to-date: /home/rs/final_auto/install/unitree_ocr_interfaces/local/lib/python3.10/dist-packages/unitree_ocr_interfaces/msg/_detection.py
[2.306s] -- Up-to-date: /home/rs/final_auto/install/unitree_ocr_interfaces/local/lib/python3.10/dist-packages/unitree_ocr_interfaces/msg/_detection_s.c
[2.306s] -- Up-to-date: /home/rs/final_auto/install/unitree_ocr_interfaces/local/lib/python3.10/dist-packages/unitree_ocr_interfaces/msg/_detections_s.c
[2.307s] -- Up-to-date: /home/rs/final_auto/install/unitree_ocr_interfaces/local/lib/python3.10/dist-packages/unitree_ocr_interfaces/msg/__init__.py
[2.308s] -- Up-to-date: /home/rs/final_auto/install/unitree_ocr_interfaces/local/lib/python3.10/dist-packages/unitree_ocr_interfaces/msg/_detections.py
[2.308s] -- Up-to-date: /home/rs/final_auto/install/unitree_ocr_interfaces/local/lib/python3.10/dist-packages/unitree_ocr_interfaces/libunitree_ocr_interfaces_msg__rosidl_generator_py.so
[2.309s] -- Up-to-date: /home/rs/final_auto/install/unitree_ocr_interfaces/local/lib/python3.10/dist-packages/unitree_ocr_interfaces/unitree_ocr_interfaces_s__rosidl_typesupport_fastrtps_c.cpython-310-x86_64-linux-gnu.so
[2.385s] Listing '/home/rs/final_auto/install/unitree_ocr_interfaces/local/lib/python3.10/dist-packages/unitree_ocr_interfaces'...
[2.386s] Listing '/home/rs/final_auto/install/unitree_ocr_interfaces/local/lib/python3.10/dist-packages/unitree_ocr_interfaces/msg'...
[2.429s] -- Up-to-date: /home/rs/final_auto/install/unitree_ocr_interfaces/local/lib/python3.10/dist-packages/unitree_ocr_interfaces/unitree_ocr_interfaces_s__rosidl_typesupport_fastrtps_c.cpython-310-x86_64-linux-gnu.so
[2.430s] -- Up-to-date: /home/rs/final_auto/install/unitree_ocr_interfaces/local/lib/python3.10/dist-packages/unitree_ocr_interfaces/unitree_ocr_interfaces_s__rosidl_typesupport_introspection_c.cpython-310-x86_64-linux-gnu.so
[2.430s] -- Up-to-date: /home/rs/final_auto/install/unitree_ocr_interfaces/local/lib/python3.10/dist-packages/unitree_ocr_interfaces/unitree_ocr_interfaces_s__rosidl_typesupport_c.cpython-310-x86_64-linux-gnu.so
[2.431s] -- Up-to-date: /home/rs/final_auto/install/unitree_ocr_interfaces/lib/libunitree_ocr_interfaces_msg__rosidl_generator_py.so
[2.431s] -- Up-to-date: /home/rs/final_auto/install/unitree_ocr_interfaces/share/unitree_ocr_interfaces/msg/Detection.idl
[2.432s] -- Up-to-date: /home/rs/final_auto/install/unitree_ocr_interfaces/share/unitree_ocr_interfaces/msg/Detections.idl
[2.433s] -- Up-to-date: /home/rs/final_auto/install/unitree_ocr_interfaces/share/unitree_ocr_interfaces/msg/Detection.msg
[2.435s] -- Up-to-date: /home/rs/final_auto/install/unitree_ocr_interfaces/share/unitree_ocr_interfaces/msg/Detections.msg
[2.436s] -- Up-to-date: /home/rs/final_auto/install/unitree_ocr_interfaces/share/ament_index/resource_index/package_run_dependencies/unitree_ocr_interfaces
[2.437s] -- Up-to-date: /home/rs/final_auto/install/unitree_ocr_interfaces/share/ament_index/resource_index/parent_prefix_path/unitree_ocr_interfaces
[2.438s] -- Up-to-date: /home/rs/final_auto/install/unitree_ocr_interfaces/share/unitree_ocr_interfaces/environment/ament_prefix_path.sh
[2.439s] -- Up-to-date: /home/rs/final_auto/install/unitree_ocr_interfaces/share/unitree_ocr_interfaces/environment/ament_prefix_path.dsv
[2.439s] -- Up-to-date: /home/rs/final_auto/install/unitree_ocr_interfaces/share/unitree_ocr_interfaces/environment/path.sh
[2.443s] -- Up-to-date: /home/rs/final_auto/install/unitree_ocr_interfaces/share/unitree_ocr_interfaces/environment/path.dsv
[2.443s] -- Up-to-date: /home/rs/final_auto/install/unitree_ocr_interfaces/share/unitree_ocr_interfaces/local_setup.bash
[2.444s] -- Up-to-date: /home/rs/final_auto/install/unitree_ocr_interfaces/share/unitree_ocr_interfaces/local_setup.sh
[2.445s] -- Up-to-date: /home/rs/final_auto/install/unitree_ocr_interfaces/share/unitree_ocr_interfaces/local_setup.zsh
[2.445s] -- Up-to-date: /home/rs/final_auto/install/unitree_ocr_interfaces/share/unitree_ocr_interfaces/local_setup.dsv
[2.452s] -- Installing: /home/rs/final_auto/install/unitree_ocr_interfaces/share/unitree_ocr_interfaces/package.dsv
[2.453s] -- Up-to-date: /home/rs/final_auto/install/unitree_ocr_interfaces/share/ament_index/resource_index/packages/unitree_ocr_interfaces
[2.454s] -- Up-to-date: /home/rs/final_auto/install/unitree_ocr_interfaces/share/unitree_ocr_interfaces/cmake/export_unitree_ocr_interfaces_msg__rosidl_generator_cExport.cmake
[2.454s] -- Up-to-date: /home/rs/final_auto/install/unitree_ocr_interfaces/share/unitree_ocr_interfaces/cmake/export_unitree_ocr_interfaces_msg__rosidl_generator_cExport-noconfig.cmake
[2.455s] -- Up-to-date: /home/rs/final_auto/install/unitree_ocr_interfaces/share/unitree_ocr_interfaces/cmake/export_unitree_ocr_interfaces_msg__rosidl_typesupport_fastrtps_cExport.cmake
[2.456s] -- Up-to-date: /home/rs/final_auto/install/unitree_ocr_interfaces/share/unitree_ocr_interfaces/cmake/export_unitree_ocr_interfaces_msg__rosidl_typesupport_fastrtps_cExport-noconfig.cmake
[2.457s] -- Up-to-date: /home/rs/final_auto/install/unitree_ocr_interfaces/share/unitree_ocr_interfaces/cmake/unitree_ocr_interfaces_msg__rosidl_typesupport_introspection_cExport.cmake
[2.458s] -- Up-to-date: /home/rs/final_auto/install/unitree_ocr_interfaces/share/unitree_ocr_interfaces/cmake/unitree_ocr_interfaces_msg__rosidl_typesupport_introspection_cExport-noconfig.cmake
[2.459s] -- Up-to-date: /home/rs/final_auto/install/unitree_ocr_interfaces/share/unitree_ocr_interfaces/cmake/unitree_ocr_interfaces_msg__rosidl_typesupport_cExport.cmake
[2.460s] -- Up-to-date: /home/rs/final_auto/install/unitree_ocr_interfaces/share/unitree_ocr_interfaces/cmake/unitree_ocr_interfaces_msg__rosidl_typesupport_cExport-noconfig.cmake
[2.460s] -- Up-to-date: /home/rs/final_auto/install/unitree_ocr_interfaces/share/unitree_ocr_interfaces/cmake/export_unitree_ocr_interfaces_msg__rosidl_generator_cppExport.cmake
[2.461s] -- Up-to-date: /home/rs/final_auto/install/unitree_ocr_interfaces/share/unitree_ocr_interfaces/cmake/export_unitree_ocr_interfaces_msg__rosidl_typesupport_fastrtps_cppExport.cmake
[2.461s] -- Up-to-date: /home/rs/final_auto/install/unitree_ocr_interfaces/share/unitree_ocr_interfaces/cmake/export_unitree_ocr_interfaces_msg__rosidl_typesupport_fastrtps_cppExport-noconfig.cmake
[2.461s] -- Up-to-date: /home/rs/final_auto/install/unitree_ocr_interfaces/share/unitree_ocr_interfaces/cmake/unitree_ocr_interfaces_msg__rosidl_typesupport_introspection_cppExport.cmake
[2.461s] -- Up-to-date: /home/rs/final_auto/install/unitree_ocr_interfaces/share/unitree_ocr_interfaces/cmake/unitree_ocr_interfaces_msg__rosidl_typesupport_introspection_cppExport-noconfig.cmake
[2.462s] -- Up-to-date: /home/rs/final_auto/install/unitree_ocr_interfaces/share/unitree_ocr_interfaces/cmake/unitree_ocr_interfaces_msg__rosidl_typesupport_cppExport.cmake
[2.462s] -- Up-to-date: /home/rs/final_auto/install/unitree_ocr_interfaces/share/unitree_ocr_interfaces/cmake/unitree_ocr_interfaces_msg__rosidl_typesupport_cppExport-noconfig.cmake
[2.462s] -- Up-to-date: /home/rs/final_auto/install/unitree_ocr_interfaces/share/unitree_ocr_interfaces/cmake/export_unitree_ocr_interfaces_msg__rosidl_generator_pyExport.cmake
[2.462s] -- Up-to-date: /home/rs/final_auto/install/unitree_ocr_interfaces/share/unitree_ocr_interfaces/cmake/export_unitree_ocr_interfaces_msg__rosidl_generator_pyExport-noconfig.cmake
[2.462s] -- Up-to-date: /home/rs/final_auto/install/unitree_ocr_interfaces/share/unitree_ocr_interfaces/cmake/ament_cmake_export_dependencies-extras.cmake
[2.462s] -- Up-to-date: /home/rs/final_auto/install/unitree_ocr_interfaces/share/unitree_ocr_interfaces/cmake/rosidl_cmake-extras.cmake
[2.463s] -- Up-to-date: /home/rs/final_auto/install/unitree_ocr_interfaces/share/unitree_ocr_interfaces/cmake/ament_cmake_export_include_directories-extras.cmake
[2.463s] -- Up-to-date: /home/rs/final_auto/install/unitree_ocr_interfaces/share/unitree_ocr_interfaces/cmake/ament_cmake_export_libraries-extras.cmake
[2.463s] -- Up-to-date: /home/rs/final_auto/install/unitree_ocr_interfaces/share/unitree_ocr_interfaces/cmake/ament_cmake_export_targets-extras.cmake
[2.463s] -- Up-to-date: /home/rs/final_auto/install/unitree_ocr_interfaces/share/unitree_ocr_interfaces/cmake/rosidl_cmake_export_typesupport_targets-extras.cmake
[2.463s] -- Up-to-date: /home/rs/final_auto/install/unitree_ocr_interfaces/share/unitree_ocr_interfaces/cmake/rosidl_cmake_export_typesupport_libraries-extras.cmake
[2.463s] -- Up-to-date: /home/rs/final_auto/install/unitree_ocr_interfaces/share/unitree_ocr_interfaces/cmake/unitree_ocr_interfacesConfig.cmake
[2.464s] -- Up-to-date: /home/rs/final_auto/install/unitree_ocr_interfaces/share/unitree_ocr_interfaces/cmake/unitree_ocr_interfacesConfig-version.cmake
[2.467s] -- Up-to-date: /home/rs/final_auto/install/unitree_ocr_interfaces/share/unitree_ocr_interfaces/package.xml
[2.506s] Invoked command in '/home/rs/final_auto/build/unitree_ocr_interfaces' returned '0': CMAKE_PREFIX_PATH=${CMAKE_PREFIX_PATH}:/home/rs/final_auto/install/unitree_nav_launch_module:/opt/ros/humble /usr/bin/cmake --install /home/rs/final_auto/build/unitree_ocr_interfaces
