[0.072s] Invoking command in '/home/rs/go1_robot/build/unitree_inspection_interfaces': CMAKE_PREFIX_PATH=/opt/ros/humble /usr/bin/cmake /home/rs/go1_robot/src/unitree_inspection/unitree_inspection_interfaces -DCMAKE_INSTALL_PREFIX=/home/rs/go1_robot/install/unitree_inspection_interfaces
[0.543s] -- The C compiler identification is GNU 11.4.0
[0.868s] -- The CXX compiler identification is GNU 11.4.0
[0.902s] -- Detecting C compiler ABI info
[1.107s] -- Detecting C compiler ABI info - done
[1.119s] -- Check for working C compiler: /usr/bin/cc - skipped
[1.122s] -- Detecting C compile features
[1.126s] -- Detecting C compile features - done
[1.136s] -- Detecting CXX compiler ABI info
[1.371s] -- Detecting CXX compiler ABI info - done
[1.388s] -- Check for working CXX compiler: /usr/bin/c++ - skipped
[1.389s] -- Detecting CXX compile features
[1.391s] -- Detecting CXX compile features - done
[1.398s] -- Found ament_cmake: 1.3.9 (/opt/ros/humble/share/ament_cmake/cmake)
[1.747s] -- Found Python3: /usr/bin/python3 (found version "3.10.12") found components: Interpreter 
[1.997s] -- Found rosidl_default_generators: 1.2.0 (/opt/ros/humble/share/rosidl_default_generators/cmake)
[2.015s] -- Using all available rosidl_typesupport_c: rosidl_typesupport_fastrtps_c;rosidl_typesupport_introspection_c
[2.039s] -- Found rosidl_adapter: 3.1.5 (/opt/ros/humble/share/rosidl_adapter/cmake)
[2.196s] -- Using all available rosidl_typesupport_cpp: rosidl_typesupport_fastrtps_cpp;rosidl_typesupport_introspection_cpp
[2.931s] -- Found ament_cmake_ros: 0.10.0 (/opt/ros/humble/share/ament_cmake_ros/cmake)
[3.360s] -- Using all available rosidl_typesupport_c: rosidl_typesupport_fastrtps_c;rosidl_typesupport_introspection_c
[3.823s] -- Using all available rosidl_typesupport_cpp: rosidl_typesupport_fastrtps_cpp;rosidl_typesupport_introspection_cpp
[3.868s] -- Found PythonInterp: /usr/bin/python3 (found suitable version "3.10.12", minimum required is "3.6") 
[3.876s] -- Found python_cmake_module: 0.10.0 (/opt/ros/humble/share/python_cmake_module/cmake)
[3.938s] -- Found PythonLibs: /usr/lib/x86_64-linux-gnu/libpython3.10.so (found suitable version "3.10.12", minimum required is "3.5") 
[3.939s] -- Using PYTHON_EXECUTABLE: /usr/bin/python3
[3.939s] -- Using PYTHON_INCLUDE_DIRS: /usr/include/python3.10
[3.939s] -- Using PYTHON_LIBRARIES: /usr/lib/x86_64-linux-gnu/libpython3.10.so
[3.974s] -- Found PythonExtra: .so  
[4.052s] -- Found ament_lint_auto: 0.12.11 (/opt/ros/humble/share/ament_lint_auto/cmake)
[4.102s] -- Added test 'lint_cmake' to check CMake code style
[4.104s] -- Added test 'xmllint' to check XML markup files
[4.110s] -- Configuring done
[4.171s] -- Generating done
[4.179s] -- Build files have been written to: /home/rs/go1_robot/build/unitree_inspection_interfaces
[4.195s] Invoked command in '/home/rs/go1_robot/build/unitree_inspection_interfaces' returned '0': CMAKE_PREFIX_PATH=/opt/ros/humble /usr/bin/cmake /home/rs/go1_robot/src/unitree_inspection/unitree_inspection_interfaces -DCMAKE_INSTALL_PREFIX=/home/rs/go1_robot/install/unitree_inspection_interfaces
[4.198s] Invoking command in '/home/rs/go1_robot/build/unitree_inspection_interfaces': CMAKE_PREFIX_PATH=/opt/ros/humble /usr/bin/cmake --build /home/rs/go1_robot/build/unitree_inspection_interfaces -- -j13 -l13
[4.288s] [  3%] [34m[1mGenerating C code for ROS interfaces[0m
[4.326s] [  6%] [34m[1mGenerating C++ code for ROS interfaces[0m
[4.352s] [  6%] Built target ament_cmake_python_copy_unitree_inspection_interfaces
[4.900s] running egg_info
[4.901s] creating unitree_inspection_interfaces.egg-info
[4.902s] writing unitree_inspection_interfaces.egg-info/PKG-INFO
[4.902s] writing dependency_links to unitree_inspection_interfaces.egg-info/dependency_links.txt
[4.903s] writing top-level names to unitree_inspection_interfaces.egg-info/top_level.txt
[4.903s] writing manifest file 'unitree_inspection_interfaces.egg-info/SOURCES.txt'
[4.908s] reading manifest file 'unitree_inspection_interfaces.egg-info/SOURCES.txt'
[4.909s] writing manifest file 'unitree_inspection_interfaces.egg-info/SOURCES.txt'
[4.969s] [  6%] Built target ament_cmake_python_build_unitree_inspection_interfaces_egg
[5.074s] [  6%] Built target unitree_inspection_interfaces_msg__cpp
[5.112s] [  9%] [34m[1mGenerating C++ introspection for ROS interfaces[0m
[5.113s] [ 12%] [34m[1mGenerating C++ type support dispatch for ROS interfaces[0m
[5.113s] [ 16%] [34m[1mGenerating C++ type support for eProsima Fast-RTPS[0m
[5.122s] [ 19%] [32mBuilding C object CMakeFiles/unitree_inspection_interfaces_msg__rosidl_generator_c.dir/rosidl_generator_c/unitree_inspection_interfaces/srv/detail/go_to_inspection_point__functions.c.o[0m
[5.522s] [ 22%] [32m[1mLinking C shared library libunitree_inspection_interfaces__rosidl_generator_c.so[0m
[5.645s] [ 22%] Built target unitree_inspection_interfaces_msg__rosidl_generator_c
[5.716s] [ 25%] [34m[1mGenerating C type support for eProsima Fast-RTPS[0m
[5.717s] [ 29%] [34m[1mGenerating C introspection for ROS interfaces[0m
[5.761s] [ 32%] [34m[1mGenerating C type support dispatch for ROS interfaces[0m
[6.163s] [ 35%] [32mBuilding CXX object CMakeFiles/unitree_inspection_interfaces_msg__rosidl_typesupport_fastrtps_cpp.dir/rosidl_typesupport_fastrtps_cpp/unitree_inspection_interfaces/srv/detail/dds_fastrtps/go_to_inspection_point__type_support.cpp.o[0m
[6.381s] [ 38%] [32mBuilding CXX object CMakeFiles/unitree_inspection_interfaces_msg__rosidl_typesupport_cpp.dir/rosidl_typesupport_cpp/unitree_inspection_interfaces/srv/go_to_inspection_point__type_support.cpp.o[0m
[6.417s] [ 41%] [32mBuilding CXX object CMakeFiles/unitree_inspection_interfaces_msg__rosidl_typesupport_introspection_cpp.dir/rosidl_typesupport_introspection_cpp/unitree_inspection_interfaces/srv/detail/go_to_inspection_point__type_support.cpp.o[0m
[6.803s] [ 45%] [32mBuilding C object CMakeFiles/unitree_inspection_interfaces_msg__rosidl_typesupport_introspection_c.dir/rosidl_typesupport_introspection_c/unitree_inspection_interfaces/srv/detail/go_to_inspection_point__type_support.c.o[0m
[6.909s] [ 48%] [32mBuilding CXX object CMakeFiles/unitree_inspection_interfaces_msg__rosidl_typesupport_fastrtps_c.dir/rosidl_typesupport_fastrtps_c/unitree_inspection_interfaces/srv/detail/go_to_inspection_point__type_support_c.cpp.o[0m
[7.113s] [ 51%] [32m[1mLinking C shared library libunitree_inspection_interfaces__rosidl_typesupport_introspection_c.so[0m
[7.348s] [ 51%] Built target unitree_inspection_interfaces_msg__rosidl_typesupport_introspection_c
[7.368s] [ 54%] [32mBuilding CXX object CMakeFiles/unitree_inspection_interfaces_msg__rosidl_typesupport_c.dir/rosidl_typesupport_c/unitree_inspection_interfaces/srv/go_to_inspection_point__type_support.cpp.o[0m
[7.794s] [ 58%] [32m[1mLinking CXX shared library libunitree_inspection_interfaces__rosidl_typesupport_c.so[0m
[8.085s] [ 61%] [32m[1mLinking CXX shared library libunitree_inspection_interfaces__rosidl_typesupport_cpp.so[0m
[8.139s] [ 61%] Built target unitree_inspection_interfaces_msg__rosidl_typesupport_c
[8.468s] [ 61%] Built target unitree_inspection_interfaces_msg__rosidl_typesupport_cpp
[8.985s] [ 64%] [32m[1mLinking CXX shared library libunitree_inspection_interfaces__rosidl_typesupport_fastrtps_c.so[0m
[9.018s] [ 67%] [32m[1mLinking CXX shared library libunitree_inspection_interfaces__rosidl_typesupport_fastrtps_cpp.so[0m
[9.291s] [ 67%] Built target unitree_inspection_interfaces_msg__rosidl_typesupport_fastrtps_c
[9.310s] [ 70%] [32m[1mLinking CXX shared library libunitree_inspection_interfaces__rosidl_typesupport_introspection_cpp.so[0m
[9.348s] [ 70%] Built target unitree_inspection_interfaces_msg__rosidl_typesupport_fastrtps_cpp
[9.517s] [ 70%] Built target unitree_inspection_interfaces_msg__rosidl_typesupport_introspection_cpp
[9.580s] [ 70%] Built target unitree_inspection_interfaces_msg
[9.649s] [ 74%] [34m[1mGenerating Python code for ROS interfaces[0m
[11.455s] [ 74%] Built target unitree_inspection_interfaces_msg__py
[11.746s] [ 77%] [32mBuilding C object CMakeFiles/unitree_inspection_interfaces_msg__rosidl_generator_py.dir/rosidl_generator_py/unitree_inspection_interfaces/srv/_go_to_inspection_point_s.c.o[0m
[12.519s] [ 80%] [32m[1mLinking C shared library rosidl_generator_py/unitree_inspection_interfaces/libunitree_inspection_interfaces_msg__rosidl_generator_py.so[0m
[12.674s] [ 80%] Built target unitree_inspection_interfaces_msg__rosidl_generator_py
[12.759s] [ 83%] [32mBuilding C object CMakeFiles/unitree_inspection_interfaces__rosidl_typesupport_fastrtps_c__pyext.dir/rosidl_generator_py/unitree_inspection_interfaces/_unitree_inspection_interfaces_s.ep.rosidl_typesupport_fastrtps_c.c.o[0m
[12.790s] [ 87%] [32mBuilding C object CMakeFiles/unitree_inspection_interfaces__rosidl_typesupport_c__pyext.dir/rosidl_generator_py/unitree_inspection_interfaces/_unitree_inspection_interfaces_s.ep.rosidl_typesupport_c.c.o[0m
[12.804s] [ 90%] [32mBuilding C object CMakeFiles/unitree_inspection_interfaces__rosidl_typesupport_introspection_c__pyext.dir/rosidl_generator_py/unitree_inspection_interfaces/_unitree_inspection_interfaces_s.ep.rosidl_typesupport_introspection_c.c.o[0m
[13.101s] [ 93%] [32m[1mLinking C shared library rosidl_generator_py/unitree_inspection_interfaces/unitree_inspection_interfaces_s__rosidl_typesupport_fastrtps_c.cpython-310-x86_64-linux-gnu.so[0m
[13.116s] [ 96%] [32m[1mLinking C shared library rosidl_generator_py/unitree_inspection_interfaces/unitree_inspection_interfaces_s__rosidl_typesupport_c.cpython-310-x86_64-linux-gnu.so[0m
[13.131s] [100%] [32m[1mLinking C shared library rosidl_generator_py/unitree_inspection_interfaces/unitree_inspection_interfaces_s__rosidl_typesupport_introspection_c.cpython-310-x86_64-linux-gnu.so[0m
[13.219s] [100%] Built target unitree_inspection_interfaces__rosidl_typesupport_fastrtps_c__pyext
[13.251s] [100%] Built target unitree_inspection_interfaces__rosidl_typesupport_introspection_c__pyext
[13.253s] [100%] Built target unitree_inspection_interfaces__rosidl_typesupport_c__pyext
[13.285s] Invoked command in '/home/rs/go1_robot/build/unitree_inspection_interfaces' returned '0': CMAKE_PREFIX_PATH=/opt/ros/humble /usr/bin/cmake --build /home/rs/go1_robot/build/unitree_inspection_interfaces -- -j13 -l13
[13.578s] Invoking command in '/home/rs/go1_robot/build/unitree_inspection_interfaces': CMAKE_PREFIX_PATH=/opt/ros/humble /usr/bin/cmake --install /home/rs/go1_robot/build/unitree_inspection_interfaces
[13.594s] -- Install configuration: ""
[13.596s] -- Installing: /home/rs/go1_robot/install/unitree_inspection_interfaces/share/ament_index/resource_index/rosidl_interfaces/unitree_inspection_interfaces
[13.596s] -- Up-to-date: /home/rs/go1_robot/install/unitree_inspection_interfaces/include/unitree_inspection_interfaces/unitree_inspection_interfaces
[13.597s] -- Up-to-date: /home/rs/go1_robot/install/unitree_inspection_interfaces/include/unitree_inspection_interfaces/unitree_inspection_interfaces/srv
[13.597s] -- Up-to-date: /home/rs/go1_robot/install/unitree_inspection_interfaces/include/unitree_inspection_interfaces/unitree_inspection_interfaces/srv/detail
[13.598s] -- Installing: /home/rs/go1_robot/install/unitree_inspection_interfaces/include/unitree_inspection_interfaces/unitree_inspection_interfaces/srv/detail/go_to_inspection_point__struct.h
[13.598s] -- Installing: /home/rs/go1_robot/install/unitree_inspection_interfaces/include/unitree_inspection_interfaces/unitree_inspection_interfaces/srv/detail/go_to_inspection_point__functions.h
[13.599s] -- Installing: /home/rs/go1_robot/install/unitree_inspection_interfaces/include/unitree_inspection_interfaces/unitree_inspection_interfaces/srv/detail/go_to_inspection_point__functions.c
[13.599s] -- Installing: /home/rs/go1_robot/install/unitree_inspection_interfaces/include/unitree_inspection_interfaces/unitree_inspection_interfaces/srv/detail/go_to_inspection_point__type_support.h
[13.601s] -- Installing: /home/rs/go1_robot/install/unitree_inspection_interfaces/include/unitree_inspection_interfaces/unitree_inspection_interfaces/srv/go_to_inspection_point.h
[13.602s] -- Up-to-date: /home/rs/go1_robot/install/unitree_inspection_interfaces/include/unitree_inspection_interfaces/unitree_inspection_interfaces/msg
[13.602s] -- Installing: /home/rs/go1_robot/install/unitree_inspection_interfaces/include/unitree_inspection_interfaces/unitree_inspection_interfaces/msg/rosidl_generator_c__visibility_control.h
[13.603s] -- Installing: /home/rs/go1_robot/install/unitree_inspection_interfaces/share/unitree_inspection_interfaces/environment/library_path.sh
[13.605s] -- Installing: /home/rs/go1_robot/install/unitree_inspection_interfaces/share/unitree_inspection_interfaces/environment/library_path.dsv
[13.606s] -- Installing: /home/rs/go1_robot/install/unitree_inspection_interfaces/lib/libunitree_inspection_interfaces__rosidl_generator_c.so
[13.606s] -- Set runtime path of "/home/rs/go1_robot/install/unitree_inspection_interfaces/lib/libunitree_inspection_interfaces__rosidl_generator_c.so" to ""
[13.609s] -- Up-to-date: /home/rs/go1_robot/install/unitree_inspection_interfaces/include/unitree_inspection_interfaces/unitree_inspection_interfaces
[13.610s] -- Up-to-date: /home/rs/go1_robot/install/unitree_inspection_interfaces/include/unitree_inspection_interfaces/unitree_inspection_interfaces/srv
[13.612s] -- Up-to-date: /home/rs/go1_robot/install/unitree_inspection_interfaces/include/unitree_inspection_interfaces/unitree_inspection_interfaces/srv/detail
[13.612s] -- Installing: /home/rs/go1_robot/install/unitree_inspection_interfaces/include/unitree_inspection_interfaces/unitree_inspection_interfaces/srv/detail/go_to_inspection_point__rosidl_typesupport_fastrtps_c.h
[13.613s] -- Up-to-date: /home/rs/go1_robot/install/unitree_inspection_interfaces/include/unitree_inspection_interfaces/unitree_inspection_interfaces/msg
[13.613s] -- Installing: /home/rs/go1_robot/install/unitree_inspection_interfaces/include/unitree_inspection_interfaces/unitree_inspection_interfaces/msg/rosidl_typesupport_fastrtps_c__visibility_control.h
[13.615s] -- Installing: /home/rs/go1_robot/install/unitree_inspection_interfaces/lib/libunitree_inspection_interfaces__rosidl_typesupport_fastrtps_c.so
[13.615s] -- Set runtime path of "/home/rs/go1_robot/install/unitree_inspection_interfaces/lib/libunitree_inspection_interfaces__rosidl_typesupport_fastrtps_c.so" to ""
[13.616s] -- Up-to-date: /home/rs/go1_robot/install/unitree_inspection_interfaces/include/unitree_inspection_interfaces/unitree_inspection_interfaces
[13.616s] -- Up-to-date: /home/rs/go1_robot/install/unitree_inspection_interfaces/include/unitree_inspection_interfaces/unitree_inspection_interfaces/srv
[13.617s] -- Up-to-date: /home/rs/go1_robot/install/unitree_inspection_interfaces/include/unitree_inspection_interfaces/unitree_inspection_interfaces/srv/detail
[13.617s] -- Installing: /home/rs/go1_robot/install/unitree_inspection_interfaces/include/unitree_inspection_interfaces/unitree_inspection_interfaces/srv/detail/go_to_inspection_point__type_support.c
[13.618s] -- Installing: /home/rs/go1_robot/install/unitree_inspection_interfaces/include/unitree_inspection_interfaces/unitree_inspection_interfaces/srv/detail/go_to_inspection_point__rosidl_typesupport_introspection_c.h
[13.619s] -- Up-to-date: /home/rs/go1_robot/install/unitree_inspection_interfaces/include/unitree_inspection_interfaces/unitree_inspection_interfaces/msg
[13.619s] -- Installing: /home/rs/go1_robot/install/unitree_inspection_interfaces/include/unitree_inspection_interfaces/unitree_inspection_interfaces/msg/rosidl_typesupport_introspection_c__visibility_control.h
[13.620s] -- Installing: /home/rs/go1_robot/install/unitree_inspection_interfaces/lib/libunitree_inspection_interfaces__rosidl_typesupport_introspection_c.so
[13.620s] -- Set runtime path of "/home/rs/go1_robot/install/unitree_inspection_interfaces/lib/libunitree_inspection_interfaces__rosidl_typesupport_introspection_c.so" to ""
[13.620s] -- Installing: /home/rs/go1_robot/install/unitree_inspection_interfaces/lib/libunitree_inspection_interfaces__rosidl_typesupport_c.so
[13.622s] -- Set runtime path of "/home/rs/go1_robot/install/unitree_inspection_interfaces/lib/libunitree_inspection_interfaces__rosidl_typesupport_c.so" to ""
[13.623s] -- Up-to-date: /home/rs/go1_robot/install/unitree_inspection_interfaces/include/unitree_inspection_interfaces/unitree_inspection_interfaces
[13.623s] -- Up-to-date: /home/rs/go1_robot/install/unitree_inspection_interfaces/include/unitree_inspection_interfaces/unitree_inspection_interfaces/srv
[13.624s] -- Up-to-date: /home/rs/go1_robot/install/unitree_inspection_interfaces/include/unitree_inspection_interfaces/unitree_inspection_interfaces/srv/detail
[13.624s] -- Installing: /home/rs/go1_robot/install/unitree_inspection_interfaces/include/unitree_inspection_interfaces/unitree_inspection_interfaces/srv/detail/go_to_inspection_point__builder.hpp
[13.625s] -- Installing: /home/rs/go1_robot/install/unitree_inspection_interfaces/include/unitree_inspection_interfaces/unitree_inspection_interfaces/srv/detail/go_to_inspection_point__traits.hpp
[13.625s] -- Installing: /home/rs/go1_robot/install/unitree_inspection_interfaces/include/unitree_inspection_interfaces/unitree_inspection_interfaces/srv/detail/go_to_inspection_point__struct.hpp
[13.626s] -- Installing: /home/rs/go1_robot/install/unitree_inspection_interfaces/include/unitree_inspection_interfaces/unitree_inspection_interfaces/srv/go_to_inspection_point.hpp
[13.626s] -- Up-to-date: /home/rs/go1_robot/install/unitree_inspection_interfaces/include/unitree_inspection_interfaces/unitree_inspection_interfaces
[13.627s] -- Up-to-date: /home/rs/go1_robot/install/unitree_inspection_interfaces/include/unitree_inspection_interfaces/unitree_inspection_interfaces/srv
[13.627s] -- Up-to-date: /home/rs/go1_robot/install/unitree_inspection_interfaces/include/unitree_inspection_interfaces/unitree_inspection_interfaces/srv/detail
[13.627s] -- Installing: /home/rs/go1_robot/install/unitree_inspection_interfaces/include/unitree_inspection_interfaces/unitree_inspection_interfaces/srv/detail/dds_fastrtps
[13.628s] -- Installing: /home/rs/go1_robot/install/unitree_inspection_interfaces/include/unitree_inspection_interfaces/unitree_inspection_interfaces/srv/detail/go_to_inspection_point__rosidl_typesupport_fastrtps_cpp.hpp
[13.628s] -- Up-to-date: /home/rs/go1_robot/install/unitree_inspection_interfaces/include/unitree_inspection_interfaces/unitree_inspection_interfaces/msg
[13.628s] -- Installing: /home/rs/go1_robot/install/unitree_inspection_interfaces/include/unitree_inspection_interfaces/unitree_inspection_interfaces/msg/rosidl_typesupport_fastrtps_cpp__visibility_control.h
[13.628s] -- Installing: /home/rs/go1_robot/install/unitree_inspection_interfaces/lib/libunitree_inspection_interfaces__rosidl_typesupport_fastrtps_cpp.so
[13.628s] -- Set runtime path of "/home/rs/go1_robot/install/unitree_inspection_interfaces/lib/libunitree_inspection_interfaces__rosidl_typesupport_fastrtps_cpp.so" to ""
[13.629s] -- Up-to-date: /home/rs/go1_robot/install/unitree_inspection_interfaces/include/unitree_inspection_interfaces/unitree_inspection_interfaces
[13.630s] -- Up-to-date: /home/rs/go1_robot/install/unitree_inspection_interfaces/include/unitree_inspection_interfaces/unitree_inspection_interfaces/srv
[13.630s] -- Up-to-date: /home/rs/go1_robot/install/unitree_inspection_interfaces/include/unitree_inspection_interfaces/unitree_inspection_interfaces/srv/detail
[13.630s] -- Installing: /home/rs/go1_robot/install/unitree_inspection_interfaces/include/unitree_inspection_interfaces/unitree_inspection_interfaces/srv/detail/go_to_inspection_point__type_support.cpp
[13.630s] -- Installing: /home/rs/go1_robot/install/unitree_inspection_interfaces/include/unitree_inspection_interfaces/unitree_inspection_interfaces/srv/detail/go_to_inspection_point__rosidl_typesupport_introspection_cpp.hpp
[13.630s] -- Installing: /home/rs/go1_robot/install/unitree_inspection_interfaces/lib/libunitree_inspection_interfaces__rosidl_typesupport_introspection_cpp.so
[13.631s] -- Set runtime path of "/home/rs/go1_robot/install/unitree_inspection_interfaces/lib/libunitree_inspection_interfaces__rosidl_typesupport_introspection_cpp.so" to ""
[13.631s] -- Installing: /home/rs/go1_robot/install/unitree_inspection_interfaces/lib/libunitree_inspection_interfaces__rosidl_typesupport_cpp.so
[13.632s] -- Set runtime path of "/home/rs/go1_robot/install/unitree_inspection_interfaces/lib/libunitree_inspection_interfaces__rosidl_typesupport_cpp.so" to ""
[13.632s] -- Installing: /home/rs/go1_robot/install/unitree_inspection_interfaces/share/unitree_inspection_interfaces/environment/pythonpath.sh
[13.633s] -- Installing: /home/rs/go1_robot/install/unitree_inspection_interfaces/share/unitree_inspection_interfaces/environment/pythonpath.dsv
[13.634s] -- Up-to-date: /home/rs/go1_robot/install/unitree_inspection_interfaces/local/lib/python3.10/dist-packages/unitree_inspection_interfaces-0.0.0-py3.10.egg-info
[13.634s] -- Installing: /home/rs/go1_robot/install/unitree_inspection_interfaces/local/lib/python3.10/dist-packages/unitree_inspection_interfaces-0.0.0-py3.10.egg-info/top_level.txt
[13.634s] -- Installing: /home/rs/go1_robot/install/unitree_inspection_interfaces/local/lib/python3.10/dist-packages/unitree_inspection_interfaces-0.0.0-py3.10.egg-info/PKG-INFO
[13.635s] -- Installing: /home/rs/go1_robot/install/unitree_inspection_interfaces/local/lib/python3.10/dist-packages/unitree_inspection_interfaces-0.0.0-py3.10.egg-info/dependency_links.txt
[13.635s] -- Installing: /home/rs/go1_robot/install/unitree_inspection_interfaces/local/lib/python3.10/dist-packages/unitree_inspection_interfaces-0.0.0-py3.10.egg-info/SOURCES.txt
[13.635s] -- Up-to-date: /home/rs/go1_robot/install/unitree_inspection_interfaces/local/lib/python3.10/dist-packages/unitree_inspection_interfaces
[13.635s] -- Installing: /home/rs/go1_robot/install/unitree_inspection_interfaces/local/lib/python3.10/dist-packages/unitree_inspection_interfaces/unitree_inspection_interfaces_s__rosidl_typesupport_introspection_c.cpython-310-x86_64-linux-gnu.so
[13.635s] -- Installing: /home/rs/go1_robot/install/unitree_inspection_interfaces/local/lib/python3.10/dist-packages/unitree_inspection_interfaces/unitree_inspection_interfaces_s__rosidl_typesupport_c.cpython-310-x86_64-linux-gnu.so
[13.636s] -- Installing: /home/rs/go1_robot/install/unitree_inspection_interfaces/local/lib/python3.10/dist-packages/unitree_inspection_interfaces/unitree_inspection_interfaces_s__rosidl_typesupport_fastrtps_c.cpython-310-x86_64-linux-gnu.so
[13.636s] -- Installing: /home/rs/go1_robot/install/unitree_inspection_interfaces/local/lib/python3.10/dist-packages/unitree_inspection_interfaces/__init__.py
[13.636s] -- Up-to-date: /home/rs/go1_robot/install/unitree_inspection_interfaces/local/lib/python3.10/dist-packages/unitree_inspection_interfaces/srv
[13.637s] -- Installing: /home/rs/go1_robot/install/unitree_inspection_interfaces/local/lib/python3.10/dist-packages/unitree_inspection_interfaces/srv/_go_to_inspection_point.py
[13.638s] -- Installing: /home/rs/go1_robot/install/unitree_inspection_interfaces/local/lib/python3.10/dist-packages/unitree_inspection_interfaces/srv/__init__.py
[13.638s] -- Installing: /home/rs/go1_robot/install/unitree_inspection_interfaces/local/lib/python3.10/dist-packages/unitree_inspection_interfaces/srv/_go_to_inspection_point_s.c
[13.639s] -- Installing: /home/rs/go1_robot/install/unitree_inspection_interfaces/local/lib/python3.10/dist-packages/unitree_inspection_interfaces/_unitree_inspection_interfaces_s.ep.rosidl_typesupport_introspection_c.c
[13.639s] -- Installing: /home/rs/go1_robot/install/unitree_inspection_interfaces/local/lib/python3.10/dist-packages/unitree_inspection_interfaces/libunitree_inspection_interfaces_msg__rosidl_generator_py.so
[13.639s] -- Installing: /home/rs/go1_robot/install/unitree_inspection_interfaces/local/lib/python3.10/dist-packages/unitree_inspection_interfaces/_unitree_inspection_interfaces_s.ep.rosidl_typesupport_fastrtps_c.c
[13.639s] -- Installing: /home/rs/go1_robot/install/unitree_inspection_interfaces/local/lib/python3.10/dist-packages/unitree_inspection_interfaces/_unitree_inspection_interfaces_s.ep.rosidl_typesupport_c.c
[13.712s] Listing '/home/rs/go1_robot/install/unitree_inspection_interfaces/local/lib/python3.10/dist-packages/unitree_inspection_interfaces'...
[13.713s] Compiling '/home/rs/go1_robot/install/unitree_inspection_interfaces/local/lib/python3.10/dist-packages/unitree_inspection_interfaces/__init__.py'...
[13.713s] Listing '/home/rs/go1_robot/install/unitree_inspection_interfaces/local/lib/python3.10/dist-packages/unitree_inspection_interfaces/srv'...
[13.713s] Compiling '/home/rs/go1_robot/install/unitree_inspection_interfaces/local/lib/python3.10/dist-packages/unitree_inspection_interfaces/srv/__init__.py'...
[13.713s] Compiling '/home/rs/go1_robot/install/unitree_inspection_interfaces/local/lib/python3.10/dist-packages/unitree_inspection_interfaces/srv/_go_to_inspection_point.py'...
[13.727s] -- Installing: /home/rs/go1_robot/install/unitree_inspection_interfaces/local/lib/python3.10/dist-packages/unitree_inspection_interfaces/unitree_inspection_interfaces_s__rosidl_typesupport_fastrtps_c.cpython-310-x86_64-linux-gnu.so
[13.734s] -- Set runtime path of "/home/rs/go1_robot/install/unitree_inspection_interfaces/local/lib/python3.10/dist-packages/unitree_inspection_interfaces/unitree_inspection_interfaces_s__rosidl_typesupport_fastrtps_c.cpython-310-x86_64-linux-gnu.so" to ""
[13.734s] -- Installing: /home/rs/go1_robot/install/unitree_inspection_interfaces/local/lib/python3.10/dist-packages/unitree_inspection_interfaces/unitree_inspection_interfaces_s__rosidl_typesupport_introspection_c.cpython-310-x86_64-linux-gnu.so
[13.739s] -- Set runtime path of "/home/rs/go1_robot/install/unitree_inspection_interfaces/local/lib/python3.10/dist-packages/unitree_inspection_interfaces/unitree_inspection_interfaces_s__rosidl_typesupport_introspection_c.cpython-310-x86_64-linux-gnu.so" to ""
[13.740s] -- Installing: /home/rs/go1_robot/install/unitree_inspection_interfaces/local/lib/python3.10/dist-packages/unitree_inspection_interfaces/unitree_inspection_interfaces_s__rosidl_typesupport_c.cpython-310-x86_64-linux-gnu.so
[13.741s] -- Set runtime path of "/home/rs/go1_robot/install/unitree_inspection_interfaces/local/lib/python3.10/dist-packages/unitree_inspection_interfaces/unitree_inspection_interfaces_s__rosidl_typesupport_c.cpython-310-x86_64-linux-gnu.so" to ""
[13.743s] -- Installing: /home/rs/go1_robot/install/unitree_inspection_interfaces/lib/libunitree_inspection_interfaces_msg__rosidl_generator_py.so
[13.746s] -- Set runtime path of "/home/rs/go1_robot/install/unitree_inspection_interfaces/lib/libunitree_inspection_interfaces_msg__rosidl_generator_py.so" to ""
[13.747s] -- Installing: /home/rs/go1_robot/install/unitree_inspection_interfaces/share/unitree_inspection_interfaces/srv/GoToInspectionPoint.idl
[13.748s] -- Up-to-date: /home/rs/go1_robot/install/unitree_inspection_interfaces/share/unitree_inspection_interfaces/srv/GoToInspectionPoint.srv
[13.748s] -- Installing: /home/rs/go1_robot/install/unitree_inspection_interfaces/share/unitree_inspection_interfaces/srv/GoToInspectionPoint_Request.msg
[13.749s] -- Installing: /home/rs/go1_robot/install/unitree_inspection_interfaces/share/unitree_inspection_interfaces/srv/GoToInspectionPoint_Response.msg
[13.754s] -- Installing: /home/rs/go1_robot/install/unitree_inspection_interfaces/share/ament_index/resource_index/package_run_dependencies/unitree_inspection_interfaces
[13.758s] -- Installing: /home/rs/go1_robot/install/unitree_inspection_interfaces/share/ament_index/resource_index/parent_prefix_path/unitree_inspection_interfaces
[13.759s] -- Installing: /home/rs/go1_robot/install/unitree_inspection_interfaces/share/unitree_inspection_interfaces/environment/ament_prefix_path.sh
[13.760s] -- Installing: /home/rs/go1_robot/install/unitree_inspection_interfaces/share/unitree_inspection_interfaces/environment/ament_prefix_path.dsv
[13.761s] -- Installing: /home/rs/go1_robot/install/unitree_inspection_interfaces/share/unitree_inspection_interfaces/environment/path.sh
[13.762s] -- Installing: /home/rs/go1_robot/install/unitree_inspection_interfaces/share/unitree_inspection_interfaces/environment/path.dsv
[13.763s] -- Installing: /home/rs/go1_robot/install/unitree_inspection_interfaces/share/unitree_inspection_interfaces/local_setup.bash
[13.763s] -- Installing: /home/rs/go1_robot/install/unitree_inspection_interfaces/share/unitree_inspection_interfaces/local_setup.sh
[13.764s] -- Installing: /home/rs/go1_robot/install/unitree_inspection_interfaces/share/unitree_inspection_interfaces/local_setup.zsh
[13.764s] -- Installing: /home/rs/go1_robot/install/unitree_inspection_interfaces/share/unitree_inspection_interfaces/local_setup.dsv
[13.765s] -- Installing: /home/rs/go1_robot/install/unitree_inspection_interfaces/share/unitree_inspection_interfaces/package.dsv
[13.765s] -- Installing: /home/rs/go1_robot/install/unitree_inspection_interfaces/share/ament_index/resource_index/packages/unitree_inspection_interfaces
[13.766s] -- Installing: /home/rs/go1_robot/install/unitree_inspection_interfaces/share/unitree_inspection_interfaces/cmake/export_unitree_inspection_interfaces_msg__rosidl_generator_cExport.cmake
[13.766s] -- Installing: /home/rs/go1_robot/install/unitree_inspection_interfaces/share/unitree_inspection_interfaces/cmake/export_unitree_inspection_interfaces_msg__rosidl_generator_cExport-noconfig.cmake
[13.767s] -- Installing: /home/rs/go1_robot/install/unitree_inspection_interfaces/share/unitree_inspection_interfaces/cmake/export_unitree_inspection_interfaces_msg__rosidl_typesupport_fastrtps_cExport.cmake
[13.767s] -- Installing: /home/rs/go1_robot/install/unitree_inspection_interfaces/share/unitree_inspection_interfaces/cmake/export_unitree_inspection_interfaces_msg__rosidl_typesupport_fastrtps_cExport-noconfig.cmake
[13.768s] -- Installing: /home/rs/go1_robot/install/unitree_inspection_interfaces/share/unitree_inspection_interfaces/cmake/unitree_inspection_interfaces_msg__rosidl_typesupport_introspection_cExport.cmake
[13.769s] -- Installing: /home/rs/go1_robot/install/unitree_inspection_interfaces/share/unitree_inspection_interfaces/cmake/unitree_inspection_interfaces_msg__rosidl_typesupport_introspection_cExport-noconfig.cmake
[13.770s] -- Installing: /home/rs/go1_robot/install/unitree_inspection_interfaces/share/unitree_inspection_interfaces/cmake/unitree_inspection_interfaces_msg__rosidl_typesupport_cExport.cmake
[13.770s] -- Installing: /home/rs/go1_robot/install/unitree_inspection_interfaces/share/unitree_inspection_interfaces/cmake/unitree_inspection_interfaces_msg__rosidl_typesupport_cExport-noconfig.cmake
[13.771s] -- Installing: /home/rs/go1_robot/install/unitree_inspection_interfaces/share/unitree_inspection_interfaces/cmake/export_unitree_inspection_interfaces_msg__rosidl_generator_cppExport.cmake
[13.773s] -- Installing: /home/rs/go1_robot/install/unitree_inspection_interfaces/share/unitree_inspection_interfaces/cmake/export_unitree_inspection_interfaces_msg__rosidl_typesupport_fastrtps_cppExport.cmake
[13.773s] -- Installing: /home/rs/go1_robot/install/unitree_inspection_interfaces/share/unitree_inspection_interfaces/cmake/export_unitree_inspection_interfaces_msg__rosidl_typesupport_fastrtps_cppExport-noconfig.cmake
[13.774s] -- Installing: /home/rs/go1_robot/install/unitree_inspection_interfaces/share/unitree_inspection_interfaces/cmake/unitree_inspection_interfaces_msg__rosidl_typesupport_introspection_cppExport.cmake
[13.775s] -- Installing: /home/rs/go1_robot/install/unitree_inspection_interfaces/share/unitree_inspection_interfaces/cmake/unitree_inspection_interfaces_msg__rosidl_typesupport_introspection_cppExport-noconfig.cmake
[13.775s] -- Installing: /home/rs/go1_robot/install/unitree_inspection_interfaces/share/unitree_inspection_interfaces/cmake/unitree_inspection_interfaces_msg__rosidl_typesupport_cppExport.cmake
[13.775s] -- Installing: /home/rs/go1_robot/install/unitree_inspection_interfaces/share/unitree_inspection_interfaces/cmake/unitree_inspection_interfaces_msg__rosidl_typesupport_cppExport-noconfig.cmake
[13.777s] -- Installing: /home/rs/go1_robot/install/unitree_inspection_interfaces/share/unitree_inspection_interfaces/cmake/export_unitree_inspection_interfaces_msg__rosidl_generator_pyExport.cmake
[13.777s] -- Installing: /home/rs/go1_robot/install/unitree_inspection_interfaces/share/unitree_inspection_interfaces/cmake/export_unitree_inspection_interfaces_msg__rosidl_generator_pyExport-noconfig.cmake
[13.778s] -- Installing: /home/rs/go1_robot/install/unitree_inspection_interfaces/share/unitree_inspection_interfaces/cmake/ament_cmake_export_dependencies-extras.cmake
[13.778s] -- Installing: /home/rs/go1_robot/install/unitree_inspection_interfaces/share/unitree_inspection_interfaces/cmake/rosidl_cmake-extras.cmake
[13.779s] -- Installing: /home/rs/go1_robot/install/unitree_inspection_interfaces/share/unitree_inspection_interfaces/cmake/ament_cmake_export_include_directories-extras.cmake
[13.780s] -- Installing: /home/rs/go1_robot/install/unitree_inspection_interfaces/share/unitree_inspection_interfaces/cmake/ament_cmake_export_libraries-extras.cmake
[13.781s] -- Installing: /home/rs/go1_robot/install/unitree_inspection_interfaces/share/unitree_inspection_interfaces/cmake/ament_cmake_export_targets-extras.cmake
[13.782s] -- Installing: /home/rs/go1_robot/install/unitree_inspection_interfaces/share/unitree_inspection_interfaces/cmake/rosidl_cmake_export_typesupport_targets-extras.cmake
[13.783s] -- Installing: /home/rs/go1_robot/install/unitree_inspection_interfaces/share/unitree_inspection_interfaces/cmake/rosidl_cmake_export_typesupport_libraries-extras.cmake
[13.783s] -- Installing: /home/rs/go1_robot/install/unitree_inspection_interfaces/share/unitree_inspection_interfaces/cmake/unitree_inspection_interfacesConfig.cmake
[13.790s] -- Installing: /home/rs/go1_robot/install/unitree_inspection_interfaces/share/unitree_inspection_interfaces/cmake/unitree_inspection_interfacesConfig-version.cmake
[13.793s] -- Up-to-date: /home/rs/go1_robot/install/unitree_inspection_interfaces/share/unitree_inspection_interfaces/package.xml
[13.803s] Invoked command in '/home/rs/go1_robot/build/unitree_inspection_interfaces' returned '0': CMAKE_PREFIX_PATH=/opt/ros/humble /usr/bin/cmake --install /home/rs/go1_robot/build/unitree_inspection_interfaces
