[2.883s] Invoking command in '/home/rs/go1_robot/src/unitree_nav/unitree_nav_launch_module': PYTHONPATH=/home/rs/go1_robot/build/unitree_nav_launch_module/prefix_override:/home/rs/go1_robot/install/unitree_nav_launch_module/lib/python3.10/site-packages: /usr/bin/python3 -W ignore:setup.py install is deprecated setup.py egg_info --egg-base ../../../build/unitree_nav_launch_module build --build-base /home/rs/go1_robot/build/unitree_nav_launch_module/build install --record /home/rs/go1_robot/build/unitree_nav_launch_module/install.log --single-version-externally-managed install_data
[3.851s] running egg_info
[3.854s] writing ../../../build/unitree_nav_launch_module/unitree_nav_launch_module.egg-info/PKG-INFO
[3.855s] writing dependency_links to ../../../build/unitree_nav_launch_module/unitree_nav_launch_module.egg-info/dependency_links.txt
[3.856s] writing entry points to ../../../build/unitree_nav_launch_module/unitree_nav_launch_module.egg-info/entry_points.txt
[3.865s] writing requirements to ../../../build/unitree_nav_launch_module/unitree_nav_launch_module.egg-info/requires.txt
[3.866s] writing top-level names to ../../../build/unitree_nav_launch_module/unitree_nav_launch_module.egg-info/top_level.txt
[3.868s] reading manifest file '../../../build/unitree_nav_launch_module/unitree_nav_launch_module.egg-info/SOURCES.txt'
[3.871s] writing manifest file '../../../build/unitree_nav_launch_module/unitree_nav_launch_module.egg-info/SOURCES.txt'
[3.871s] running build
[3.873s] running build_py
[3.874s] running install
[3.876s] running install_lib
[3.883s] running install_data
[3.884s] running install_egg_info
[3.894s] removing '/home/rs/go1_robot/install/unitree_nav_launch_module/lib/python3.10/site-packages/unitree_nav_launch_module-0.0.0-py3.10.egg-info' (and everything under it)
[3.895s] Copying ../../../build/unitree_nav_launch_module/unitree_nav_launch_module.egg-info to /home/rs/go1_robot/install/unitree_nav_launch_module/lib/python3.10/site-packages/unitree_nav_launch_module-0.0.0-py3.10.egg-info
[3.897s] running install_scripts
[3.993s] writing list of installed files to '/home/rs/go1_robot/build/unitree_nav_launch_module/install.log'
[4.117s] Invoked command in '/home/rs/go1_robot/src/unitree_nav/unitree_nav_launch_module' returned '0': PYTHONPATH=/home/rs/go1_robot/build/unitree_nav_launch_module/prefix_override:/home/rs/go1_robot/install/unitree_nav_launch_module/lib/python3.10/site-packages: /usr/bin/python3 -W ignore:setup.py install is deprecated setup.py egg_info --egg-base ../../../build/unitree_nav_launch_module build --build-base /home/rs/go1_robot/build/unitree_nav_launch_module/build install --record /home/rs/go1_robot/build/unitree_nav_launch_module/install.log --single-version-externally-managed install_data
