[0.049s] Invoking command in '/home/rs/go1_robot/build/unitree_ocr': CMAKE_PREFIX_PATH=/home/rs/go1_robot/install/unitree_ocr_interfaces:/home/rs/go1_robot/install/unitree_inspection:/home/rs/go1_robot/install/unitree_ocr:/home/rs/go1_robot/install/unitree_nav:/home/rs/go1_robot/install/unitree_nav_interfaces:/home/rs/go1_robot/install/unitree_legged_real:/home/rs/go1_robot/install/unitree_inspection_interfaces:/home/rs/go1_robot/install/ros2_unitree_legged_msgs:/home/rs/go1_robot/install/go1_description:/home/rs/go1_robot/install/unitree_nav_launch_module:/opt/ros/humble /usr/bin/cmake --build /home/rs/go1_robot/build/unitree_ocr -- -j13 -l13
[0.323s] [ 20%] [34m[1mGenerate API documentation for doxygen[0m
[0.323s] [ 60%] Built target unitree_ocr
[0.427s] [100%] Built target text_detection_subscriber
[0.447s] Doxygen version used: 1.9.1
[0.450s] Searching for include files...
[0.450s] Searching for example files...
[0.450s] Searching for images...
[0.451s] Searching for dot files...
[0.451s] Searching for msc files...
[0.451s] Searching for dia files...
[0.451s] Searching for files to exclude
[0.452s] Searching INPUT for files to process...
[0.452s] Reading and parsing tag files
[0.452s] Parsing files
[0.454s] Preprocessing /home/rs/go1_robot/src/unitree_inspection/unitree_ocr/include/unitree_ocr/ocr.hpp...
[0.455s] Parsing file /home/rs/go1_robot/src/unitree_inspection/unitree_ocr/include/unitree_ocr/ocr.hpp...
[0.455s] Preprocessing /home/rs/go1_robot/src/unitree_inspection/unitree_ocr/src/ocr.cpp...
[0.456s] Parsing file /home/rs/go1_robot/src/unitree_inspection/unitree_ocr/src/ocr.cpp...
[0.458s] Building macro definition list...
[0.458s] Building group list...
[0.459s] Building directory list...
[0.460s] Building namespace list...
[0.461s] Building file list...
[0.463s] Building class list...
[0.463s] Computing nesting relations for classes...
[0.463s] Associating documentation with classes...
[0.463s] Building example list...
[0.464s] Searching for enumerations...
[0.464s] Searching for documented typedefs...
[0.464s] Searching for members imported via using declarations...
[0.464s] Searching for included using directives...
[0.464s] Searching for documented variables...
[0.464s] Building interface member list...
[0.465s] Building member list...
[0.465s] Searching for friends...
[0.465s] Searching for documented defines...
[0.465s] Computing class inheritance relations...
[0.466s] Computing class usage relations...
[0.467s] Flushing cached template relations that have become invalid...
[0.467s] Computing class relations...
[0.467s] Add enum values to enums...
[0.467s] Searching for member function documentation...
[0.468s] Creating members for template instances...
[0.468s] Building page list...
[0.468s] Search for main page...
[0.469s] Computing page relations...
[0.469s] Determining the scope of groups...
[0.469s] Sorting lists...
[0.469s] Determining which enums are documented
[0.470s] Computing member relations...
[0.471s] Building full member lists recursively...
[0.472s] Adding members to member groups.
[0.473s] Computing member references...
[0.473s] Inheriting documentation...
[0.474s] Generating disk names...
[0.474s] Adding source references...
[0.475s] Adding xrefitems...
[0.475s] Sorting member lists...
[0.475s] Setting anonymous enum type...
[0.475s] Computing dependencies between directories...
[0.476s] Generating citations page...
[0.476s] Counting members...
[0.476s] Counting data structures...
[0.476s] Resolving user defined references...
[0.476s] Finding anchors and sections in the documentation...
[0.476s] Transferring function references...
[0.476s] Combining using relations...
[0.477s] Adding members to index pages...
[0.477s] Correcting members for VHDL...
[0.478s] Computing tooltip texts...
[0.483s] Generating style sheet...
[0.484s] Generating search indices...
[0.495s] Generating example documentation...
[0.496s] Generating file sources...
[0.496s] Generating code for file include/unitree_ocr/ocr.hpp...
[0.498s] Generating file documentation...
[0.499s] Generating page documentation...
[0.499s] Generating group documentation...
[0.499s] Generating class documentation...
[0.500s] Generating namespace index...
[0.500s] Generating docs for compound unitree_ocr::TextDetector...
[0.504s] Generating graph info page...
[0.506s] Generating directory documentation...
[0.510s] Generating index page...
[0.510s] Generating page index...
[0.512s] Generating module index...
[0.512s] Generating namespace index...
[0.513s] Generating namespace member index...
[0.513s] Generating annotated compound index...
[0.515s] Generating alphabetical compound index...
[0.515s] Generating hierarchical class index...
[0.515s] Generating graphical class hierarchy...
[0.515s] Generating member index...
[0.519s] Generating file index...
[0.521s] Generating file member index...
[0.522s] Generating example index...
[0.522s] finalizing index lists...
[0.525s] writing tag file...
[0.526s] Running plantuml with JAVA...
[0.527s] Running dot...
[0.542s] lookup cache used 16/65536 hits=27 misses=16
[0.542s] finished...
[0.570s] [100%] Built target doxygen
[0.600s] Invoked command in '/home/rs/go1_robot/build/unitree_ocr' returned '0': CMAKE_PREFIX_PATH=/home/rs/go1_robot/install/unitree_ocr_interfaces:/home/rs/go1_robot/install/unitree_inspection:/home/rs/go1_robot/install/unitree_ocr:/home/rs/go1_robot/install/unitree_nav:/home/rs/go1_robot/install/unitree_nav_interfaces:/home/rs/go1_robot/install/unitree_legged_real:/home/rs/go1_robot/install/unitree_inspection_interfaces:/home/rs/go1_robot/install/ros2_unitree_legged_msgs:/home/rs/go1_robot/install/go1_description:/home/rs/go1_robot/install/unitree_nav_launch_module:/opt/ros/humble /usr/bin/cmake --build /home/rs/go1_robot/build/unitree_ocr -- -j13 -l13
[0.730s] Invoking command in '/home/rs/go1_robot/build/unitree_ocr': CMAKE_PREFIX_PATH=/home/rs/go1_robot/install/unitree_ocr_interfaces:/home/rs/go1_robot/install/unitree_inspection:/home/rs/go1_robot/install/unitree_ocr:/home/rs/go1_robot/install/unitree_nav:/home/rs/go1_robot/install/unitree_nav_interfaces:/home/rs/go1_robot/install/unitree_legged_real:/home/rs/go1_robot/install/unitree_inspection_interfaces:/home/rs/go1_robot/install/ros2_unitree_legged_msgs:/home/rs/go1_robot/install/go1_description:/home/rs/go1_robot/install/unitree_nav_launch_module:/opt/ros/humble /usr/bin/cmake --install /home/rs/go1_robot/build/unitree_ocr
[0.750s] -- Install configuration: ""
[0.751s] -- Up-to-date: /home/rs/go1_robot/install/unitree_ocr/lib/unitree_ocr/text_detection_subscriber
[0.753s] -- Up-to-date: /home/rs/go1_robot/install/unitree_ocr/include
[0.754s] -- Up-to-date: /home/rs/go1_robot/install/unitree_ocr/include/unitree_ocr
[0.754s] -- Up-to-date: /home/rs/go1_robot/install/unitree_ocr/include/unitree_ocr/ocr.hpp
[0.755s] -- Up-to-date: /home/rs/go1_robot/install/unitree_ocr/lib/libunitree_ocr.a
[0.756s] -- Up-to-date: /home/rs/go1_robot/install/unitree_ocr/lib/cmake/unitree_ocr/unitree_ocr-config.cmake
[0.757s] -- Up-to-date: /home/rs/go1_robot/install/unitree_ocr/lib/cmake/unitree_ocr/unitree_ocr-config-noconfig.cmake
[0.759s] -- Up-to-date: /home/rs/go1_robot/install/unitree_ocr/share/unitree_ocr/launch
[0.761s] -- Up-to-date: /home/rs/go1_robot/install/unitree_ocr/share/unitree_ocr/launch/text_detection_subscriber.launch.py
[0.762s] -- Up-to-date: /home/rs/go1_robot/install/unitree_ocr/share/unitree_ocr/models
[0.763s] -- Up-to-date: /home/rs/go1_robot/install/unitree_ocr/share/unitree_ocr/models/README.md
[0.765s] -- Up-to-date: /home/rs/go1_robot/install/unitree_ocr/share/ament_index/resource_index/package_run_dependencies/unitree_ocr
[0.766s] -- Up-to-date: /home/rs/go1_robot/install/unitree_ocr/share/ament_index/resource_index/parent_prefix_path/unitree_ocr
[0.766s] -- Up-to-date: /home/rs/go1_robot/install/unitree_ocr/share/unitree_ocr/environment/ament_prefix_path.sh
[0.766s] -- Up-to-date: /home/rs/go1_robot/install/unitree_ocr/share/unitree_ocr/environment/ament_prefix_path.dsv
[0.767s] -- Up-to-date: /home/rs/go1_robot/install/unitree_ocr/share/unitree_ocr/environment/path.sh
[0.768s] -- Up-to-date: /home/rs/go1_robot/install/unitree_ocr/share/unitree_ocr/environment/path.dsv
[0.769s] -- Up-to-date: /home/rs/go1_robot/install/unitree_ocr/share/unitree_ocr/local_setup.bash
[0.770s] -- Up-to-date: /home/rs/go1_robot/install/unitree_ocr/share/unitree_ocr/local_setup.sh
[0.771s] -- Up-to-date: /home/rs/go1_robot/install/unitree_ocr/share/unitree_ocr/local_setup.zsh
[0.779s] -- Up-to-date: /home/rs/go1_robot/install/unitree_ocr/share/unitree_ocr/local_setup.dsv
[0.780s] -- Installing: /home/rs/go1_robot/install/unitree_ocr/share/unitree_ocr/package.dsv
[0.780s] -- Up-to-date: /home/rs/go1_robot/install/unitree_ocr/share/ament_index/resource_index/packages/unitree_ocr
[0.781s] -- Up-to-date: /home/rs/go1_robot/install/unitree_ocr/share/unitree_ocr/cmake/unitree_ocrConfig.cmake
[0.781s] -- Up-to-date: /home/rs/go1_robot/install/unitree_ocr/share/unitree_ocr/cmake/unitree_ocrConfig-version.cmake
[0.782s] -- Up-to-date: /home/rs/go1_robot/install/unitree_ocr/share/unitree_ocr/package.xml
[0.782s] Invoked command in '/home/rs/go1_robot/build/unitree_ocr' returned '0': CMAKE_PREFIX_PATH=/home/rs/go1_robot/install/unitree_ocr_interfaces:/home/rs/go1_robot/install/unitree_inspection:/home/rs/go1_robot/install/unitree_ocr:/home/rs/go1_robot/install/unitree_nav:/home/rs/go1_robot/install/unitree_nav_interfaces:/home/rs/go1_robot/install/unitree_legged_real:/home/rs/go1_robot/install/unitree_inspection_interfaces:/home/rs/go1_robot/install/ros2_unitree_legged_msgs:/home/rs/go1_robot/install/go1_description:/home/rs/go1_robot/install/unitree_nav_launch_module:/opt/ros/humble /usr/bin/cmake --install /home/rs/go1_robot/build/unitree_ocr
