[1.718s] Invoking command in '/home/rs/go1_robot/src/unitree_nav/unitree_nav_launch_module': PYTHONPATH=/home/rs/go1_robot/build/unitree_nav_launch_module/prefix_override:/usr/lib/python3/dist-packages/colcon_core/task/python/colcon_distutils_commands:/home/rs/go1_robot/install/unitree_nav_launch_module/lib/python3.10/site-packages:${PYTHONPATH} /usr/bin/python3 -W ignore:setup.py install is deprecated setup.py egg_info --egg-base ../../../build/unitree_nav_launch_module build --build-base /home/rs/go1_robot/build/unitree_nav_launch_module/build install --record /home/rs/go1_robot/build/unitree_nav_launch_module/install.log --single-version-externally-managed install_data
[2.331s] running egg_info
[2.333s] creating ../../../build/unitree_nav_launch_module/unitree_nav_launch_module.egg-info
[2.335s] writing ../../../build/unitree_nav_launch_module/unitree_nav_launch_module.egg-info/PKG-INFO
[2.335s] writing dependency_links to ../../../build/unitree_nav_launch_module/unitree_nav_launch_module.egg-info/dependency_links.txt
[2.335s] writing entry points to ../../../build/unitree_nav_launch_module/unitree_nav_launch_module.egg-info/entry_points.txt
[2.336s] writing requirements to ../../../build/unitree_nav_launch_module/unitree_nav_launch_module.egg-info/requires.txt
[2.336s] writing top-level names to ../../../build/unitree_nav_launch_module/unitree_nav_launch_module.egg-info/top_level.txt
[2.337s] writing manifest file '../../../build/unitree_nav_launch_module/unitree_nav_launch_module.egg-info/SOURCES.txt'
[2.343s] reading manifest file '../../../build/unitree_nav_launch_module/unitree_nav_launch_module.egg-info/SOURCES.txt'
[2.343s] writing manifest file '../../../build/unitree_nav_launch_module/unitree_nav_launch_module.egg-info/SOURCES.txt'
[2.344s] running build
[2.344s] running build_py
[2.345s] creating /home/rs/go1_robot/build/unitree_nav_launch_module/build
[2.345s] creating /home/rs/go1_robot/build/unitree_nav_launch_module/build/lib
[2.345s] creating /home/rs/go1_robot/build/unitree_nav_launch_module/build/lib/unitree_nav_launch_module
[2.346s] copying unitree_nav_launch_module/ternary_text_substitution.py -> /home/rs/go1_robot/build/unitree_nav_launch_module/build/lib/unitree_nav_launch_module
[2.346s] copying unitree_nav_launch_module/__init__.py -> /home/rs/go1_robot/build/unitree_nav_launch_module/build/lib/unitree_nav_launch_module
[2.347s] running install
[2.347s] running install_lib
[2.348s] creating /home/rs/go1_robot/install/unitree_nav_launch_module/lib/python3.10/site-packages/unitree_nav_launch_module
[2.348s] copying /home/rs/go1_robot/build/unitree_nav_launch_module/build/lib/unitree_nav_launch_module/ternary_text_substitution.py -> /home/rs/go1_robot/install/unitree_nav_launch_module/lib/python3.10/site-packages/unitree_nav_launch_module
[2.349s] copying /home/rs/go1_robot/build/unitree_nav_launch_module/build/lib/unitree_nav_launch_module/__init__.py -> /home/rs/go1_robot/install/unitree_nav_launch_module/lib/python3.10/site-packages/unitree_nav_launch_module
[2.349s] byte-compiling /home/rs/go1_robot/install/unitree_nav_launch_module/lib/python3.10/site-packages/unitree_nav_launch_module/ternary_text_substitution.py to ternary_text_substitution.cpython-310.pyc
[2.350s] byte-compiling /home/rs/go1_robot/install/unitree_nav_launch_module/lib/python3.10/site-packages/unitree_nav_launch_module/__init__.py to __init__.cpython-310.pyc
[2.351s] running install_data
[2.351s] creating /home/rs/go1_robot/install/unitree_nav_launch_module/share/ament_index
[2.352s] creating /home/rs/go1_robot/install/unitree_nav_launch_module/share/ament_index/resource_index
[2.352s] creating /home/rs/go1_robot/install/unitree_nav_launch_module/share/ament_index/resource_index/packages
[2.352s] copying resource/unitree_nav_launch_module -> /home/rs/go1_robot/install/unitree_nav_launch_module/share/ament_index/resource_index/packages
[2.353s] copying package.xml -> /home/rs/go1_robot/install/unitree_nav_launch_module/share/unitree_nav_launch_module
[2.353s] running install_egg_info
[2.354s] Copying ../../../build/unitree_nav_launch_module/unitree_nav_launch_module.egg-info to /home/rs/go1_robot/install/unitree_nav_launch_module/lib/python3.10/site-packages/unitree_nav_launch_module-0.0.0-py3.10.egg-info
[2.356s] running install_scripts
[2.402s] writing list of installed files to '/home/rs/go1_robot/build/unitree_nav_launch_module/install.log'
[2.444s] Invoked command in '/home/rs/go1_robot/src/unitree_nav/unitree_nav_launch_module' returned '0': PYTHONPATH=/home/rs/go1_robot/build/unitree_nav_launch_module/prefix_override:/usr/lib/python3/dist-packages/colcon_core/task/python/colcon_distutils_commands:/home/rs/go1_robot/install/unitree_nav_launch_module/lib/python3.10/site-packages:${PYTHONPATH} /usr/bin/python3 -W ignore:setup.py install is deprecated setup.py egg_info --egg-base ../../../build/unitree_nav_launch_module build --build-base /home/rs/go1_robot/build/unitree_nav_launch_module/build install --record /home/rs/go1_robot/build/unitree_nav_launch_module/install.log --single-version-externally-managed install_data
