[0.095s] Invoking command in '/home/rs/go1_robot/build/unitree_nav_interfaces': /usr/bin/cmake --build /home/rs/go1_robot/build/unitree_nav_interfaces -- -j13 -l13
[0.571s] [  2%] Built target unitree_nav_interfaces_srv__cpp
[0.597s] [  2%] Built target ament_cmake_python_copy_unitree_nav_interfaces
[0.638s] [ 12%] Built target unitree_nav_interfaces_srv__rosidl_generator_c
[0.858s] [ 23%] Built target unitree_nav_interfaces_srv__rosidl_typesupport_introspection_cpp
[0.920s] [ 34%] Built target unitree_nav_interfaces_srv__rosidl_typesupport_cpp
[0.944s] [ 44%] Built target unitree_nav_interfaces_srv__rosidl_typesupport_fastrtps_cpp
[0.944s] [ 55%] Built target unitree_nav_interfaces_srv__rosidl_typesupport_fastrtps_c
[0.947s] [ 65%] Built target unitree_nav_interfaces_srv__rosidl_typesupport_c
[0.969s] [ 76%] Built target unitree_nav_interfaces_srv__rosidl_typesupport_introspection_c
[1.108s] [ 76%] Built target unitree_nav_interfaces_srv
[1.212s] [ 78%] Built target unitree_nav_interfaces_srv__py
[1.323s] [ 87%] Built target unitree_nav_interfaces_srv__rosidl_generator_py
[1.491s] [ 91%] Built target unitree_nav_interfaces__rosidl_typesupport_fastrtps_c__pyext
[1.497s] [ 95%] Built target unitree_nav_interfaces__rosidl_typesupport_introspection_c__pyext
[1.538s] [100%] Built target unitree_nav_interfaces__rosidl_typesupport_c__pyext
[1.679s] running egg_info
[1.680s] writing unitree_nav_interfaces.egg-info/PKG-INFO
[1.683s] writing dependency_links to unitree_nav_interfaces.egg-info/dependency_links.txt
[1.683s] writing top-level names to unitree_nav_interfaces.egg-info/top_level.txt
[1.686s] reading manifest file 'unitree_nav_interfaces.egg-info/SOURCES.txt'
[1.686s] writing manifest file 'unitree_nav_interfaces.egg-info/SOURCES.txt'
[1.759s] [100%] Built target ament_cmake_python_build_unitree_nav_interfaces_egg
