[0.097s] Invoking command in '/home/rs/go1_robot/build/go1_description': CMAKE_PREFIX_PATH=/opt/ros/humble /usr/bin/cmake /home/rs/go1_robot/src/unitree_ros2/go1_description -DAMENT_CMAKE_SYMLINK_INSTALL=1 -DCMAKE_INSTALL_PREFIX=/home/rs/go1_robot/install/go1_description
[0.617s] -- The C compiler identification is GNU 11.4.0
[1.141s] -- The CXX compiler identification is GNU 11.4.0
[1.192s] -- Detecting C compiler ABI info
[1.460s] -- Detecting C compiler ABI info - done
[1.496s] -- Check for working C compiler: /usr/bin/cc - skipped
[1.497s] -- Detecting C compile features
[1.498s] -- Detecting C compile features - done
[1.511s] -- Detecting CXX compiler ABI info
[1.788s] -- Detecting CXX compiler ABI info - done
[1.838s] -- Check for working CXX compiler: /usr/bin/c++ - skipped
[1.839s] -- Detecting CXX compile features
[1.842s] -- Detecting CXX compile features - done
[1.854s] -- Found ament_cmake: 1.3.9 (/opt/ros/humble/share/ament_cmake/cmake)
[2.394s] -- Found Python3: /usr/bin/python3 (found version "3.10.12") found components: Interpreter 
[2.686s] -- Override CMake install command with custom implementation using symlinks instead of copying resources
[2.920s] -- Found ament_lint_auto: 0.12.11 (/opt/ros/humble/share/ament_lint_auto/cmake)
[3.360s] -- Added test 'flake8' to check Python code syntax and style conventions
[3.374s] -- Added test 'lint_cmake' to check CMake code style
[3.387s] -- Added test 'pep257' to check Python code against some of the docstring style conventions in PEP 257
[3.394s] -- Added test 'xmllint' to check XML markup files
[3.402s] -- Configuring done
[3.411s] -- Generating done
[3.416s] -- Build files have been written to: /home/rs/go1_robot/build/go1_description
[3.450s] Invoked command in '/home/rs/go1_robot/build/go1_description' returned '0': CMAKE_PREFIX_PATH=/opt/ros/humble /usr/bin/cmake /home/rs/go1_robot/src/unitree_ros2/go1_description -DAMENT_CMAKE_SYMLINK_INSTALL=1 -DCMAKE_INSTALL_PREFIX=/home/rs/go1_robot/install/go1_description
[3.451s] Invoking command in '/home/rs/go1_robot/build/go1_description': CMAKE_PREFIX_PATH=/opt/ros/humble /usr/bin/cmake --build /home/rs/go1_robot/build/go1_description -- -j13 -l13
[3.599s] Invoked command in '/home/rs/go1_robot/build/go1_description' returned '0': CMAKE_PREFIX_PATH=/opt/ros/humble /usr/bin/cmake --build /home/rs/go1_robot/build/go1_description -- -j13 -l13
[3.741s] Invoking command in '/home/rs/go1_robot/build/go1_description': CMAKE_PREFIX_PATH=/opt/ros/humble /usr/bin/cmake --install /home/rs/go1_robot/build/go1_description
[3.762s] -- Install configuration: ""
[3.763s] -- Execute custom install script
[3.766s] -- Symlinking: /home/rs/go1_robot/install/go1_description/share/go1_description//launch/launch_sim.launch.py
[3.816s] -- Symlinking: /home/rs/go1_robot/install/go1_description/share/go1_description//launch/load_go1.launch.py
[3.854s] -- Symlinking: /home/rs/go1_robot/install/go1_description/share/go1_description//config/go1.rviz
[3.883s] -- Symlinking: /home/rs/go1_robot/install/go1_description/share/go1_description//meshes/calf.dae
[3.916s] -- Symlinking: /home/rs/go1_robot/install/go1_description/share/go1_description//meshes/depthCamera.dae
[3.950s] -- Symlinking: /home/rs/go1_robot/install/go1_description/share/go1_description//meshes/hip.dae
[3.978s] -- Symlinking: /home/rs/go1_robot/install/go1_description/share/go1_description//meshes/thigh.dae
[4.021s] -- Symlinking: /home/rs/go1_robot/install/go1_description/share/go1_description//meshes/thigh_mirror.dae
[4.049s] -- Symlinking: /home/rs/go1_robot/install/go1_description/share/go1_description//meshes/trunk.dae
[4.101s] -- Symlinking: /home/rs/go1_robot/install/go1_description/share/go1_description//meshes/ultraSound.dae
[4.124s] -- Symlinking: /home/rs/go1_robot/install/go1_description/share/go1_description//xacro/const.xacro
[4.158s] -- Symlinking: /home/rs/go1_robot/install/go1_description/share/go1_description//xacro/depthCamera.xacro
[4.185s] -- Symlinking: /home/rs/go1_robot/install/go1_description/share/go1_description//xacro/gazebo.xacro
[4.216s] -- Symlinking: /home/rs/go1_robot/install/go1_description/share/go1_description//xacro/leg.xacro
[4.251s] -- Symlinking: /home/rs/go1_robot/install/go1_description/share/go1_description//xacro/materials.xacro
[4.286s] -- Symlinking: /home/rs/go1_robot/install/go1_description/share/go1_description//xacro/robot.urdf.xacro
[4.315s] -- Symlinking: /home/rs/go1_robot/install/go1_description/share/go1_description//xacro/robot.xacro
[4.353s] -- Symlinking: /home/rs/go1_robot/install/go1_description/share/go1_description//xacro/transmission.xacro
[4.374s] -- Symlinking: /home/rs/go1_robot/install/go1_description/share/go1_description//xacro/ultraSound.xacro
[4.397s] -- Symlinking: /home/rs/go1_robot/install/go1_description/share/ament_index/resource_index/package_run_dependencies/go1_description
[4.432s] -- Symlinking: /home/rs/go1_robot/install/go1_description/share/ament_index/resource_index/parent_prefix_path/go1_description
[4.460s] -- Symlinking: /home/rs/go1_robot/install/go1_description/share/go1_description/environment/ament_prefix_path.sh
[4.492s] -- Symlinking: /home/rs/go1_robot/install/go1_description/share/go1_description/environment/ament_prefix_path.dsv
[4.520s] -- Symlinking: /home/rs/go1_robot/install/go1_description/share/go1_description/environment/path.sh
[4.566s] -- Symlinking: /home/rs/go1_robot/install/go1_description/share/go1_description/environment/path.dsv
[4.597s] -- Symlinking: /home/rs/go1_robot/install/go1_description/share/go1_description/local_setup.bash
[4.626s] -- Symlinking: /home/rs/go1_robot/install/go1_description/share/go1_description/local_setup.sh
[4.661s] -- Symlinking: /home/rs/go1_robot/install/go1_description/share/go1_description/local_setup.zsh
[4.700s] -- Symlinking: /home/rs/go1_robot/install/go1_description/share/go1_description/local_setup.dsv
[4.752s] -- Symlinking: /home/rs/go1_robot/install/go1_description/share/go1_description/package.dsv
[4.774s] -- Symlinking: /home/rs/go1_robot/install/go1_description/share/ament_index/resource_index/packages/go1_description
[4.822s] -- Symlinking: /home/rs/go1_robot/install/go1_description/share/go1_description/cmake/go1_descriptionConfig.cmake
[4.861s] -- Symlinking: /home/rs/go1_robot/install/go1_description/share/go1_description/cmake/go1_descriptionConfig-version.cmake
[4.903s] -- Symlinking: /home/rs/go1_robot/install/go1_description/share/go1_description/package.xml
[4.957s] Invoked command in '/home/rs/go1_robot/build/go1_description' returned '0': CMAKE_PREFIX_PATH=/opt/ros/humble /usr/bin/cmake --install /home/rs/go1_robot/build/go1_description
