[0.166s] Invoking command in '/home/rs/final_auto/build/unitree_nav_interfaces': CMAKE_PREFIX_PATH=${CMAKE_PREFIX_PATH}:/home/rs/final_auto/install/unitree_nav_launch_module:/opt/ros/humble /usr/bin/cmake --build /home/rs/final_auto/build/unitree_nav_interfaces -- -j13 -l13
[0.440s] [ 10%] Built target unitree_nav_interfaces_srv__rosidl_generator_c
[0.445s] [ 12%] Built target unitree_nav_interfaces_srv__cpp
[0.483s] [ 12%] Built target ament_cmake_python_copy_unitree_nav_interfaces
[0.753s] [ 23%] Built target unitree_nav_interfaces_srv__rosidl_typesupport_fastrtps_c
[0.778s] [ 34%] Built target unitree_nav_interfaces_srv__rosidl_typesupport_cpp
[0.801s] [ 44%] Built target unitree_nav_interfaces_srv__rosidl_typesupport_fastrtps_cpp
[0.817s] [ 55%] Built target unitree_nav_interfaces_srv__rosidl_typesupport_introspection_c
[0.836s] [ 65%] Built target unitree_nav_interfaces_srv__rosidl_typesupport_introspection_cpp
[0.844s] [ 76%] Built target unitree_nav_interfaces_srv__rosidl_typesupport_c
[0.943s] [ 76%] Built target unitree_nav_interfaces_srv
[1.049s] [ 78%] Built target unitree_nav_interfaces_srv__py
[1.163s] [ 87%] Built target unitree_nav_interfaces_srv__rosidl_generator_py
[1.325s] [ 91%] Built target unitree_nav_interfaces__rosidl_typesupport_fastrtps_c__pyext
[1.346s] [ 95%] Built target unitree_nav_interfaces__rosidl_typesupport_introspection_c__pyext
[1.351s] [100%] Built target unitree_nav_interfaces__rosidl_typesupport_c__pyext
[1.888s] running egg_info
[1.888s] writing unitree_nav_interfaces.egg-info/PKG-INFO
[1.888s] writing dependency_links to unitree_nav_interfaces.egg-info/dependency_links.txt
[1.904s] writing top-level names to unitree_nav_interfaces.egg-info/top_level.txt
[1.905s] reading manifest file 'unitree_nav_interfaces.egg-info/SOURCES.txt'
[1.905s] writing manifest file 'unitree_nav_interfaces.egg-info/SOURCES.txt'
[2.063s] [100%] Built target ament_cmake_python_build_unitree_nav_interfaces_egg
[2.161s] Invoked command in '/home/rs/final_auto/build/unitree_nav_interfaces' returned '0': CMAKE_PREFIX_PATH=${CMAKE_PREFIX_PATH}:/home/rs/final_auto/install/unitree_nav_launch_module:/opt/ros/humble /usr/bin/cmake --build /home/rs/final_auto/build/unitree_nav_interfaces -- -j13 -l13
[3.120s] Invoking command in '/home/rs/final_auto/build/unitree_nav_interfaces': CMAKE_PREFIX_PATH=${CMAKE_PREFIX_PATH}:/home/rs/final_auto/install/unitree_nav_launch_module:/opt/ros/humble /usr/bin/cmake --install /home/rs/final_auto/build/unitree_nav_interfaces
[3.154s] -- Install configuration: ""
[3.157s] -- Up-to-date: /home/rs/final_auto/install/unitree_nav_interfaces/share/ament_index/resource_index/rosidl_interfaces/unitree_nav_interfaces
[3.157s] -- Up-to-date: /home/rs/final_auto/install/unitree_nav_interfaces/include/unitree_nav_interfaces/unitree_nav_interfaces
[3.157s] -- Up-to-date: /home/rs/final_auto/install/unitree_nav_interfaces/include/unitree_nav_interfaces/unitree_nav_interfaces/srv
[3.157s] -- Up-to-date: /home/rs/final_auto/install/unitree_nav_interfaces/include/unitree_nav_interfaces/unitree_nav_interfaces/srv/detail
[3.157s] -- Up-to-date: /home/rs/final_auto/install/unitree_nav_interfaces/include/unitree_nav_interfaces/unitree_nav_interfaces/srv/detail/nav_to_pose__functions.h
[3.158s] -- Up-to-date: /home/rs/final_auto/install/unitree_nav_interfaces/include/unitree_nav_interfaces/unitree_nav_interfaces/srv/detail/set_body_rpy__struct.h
[3.158s] -- Up-to-date: /home/rs/final_auto/install/unitree_nav_interfaces/include/unitree_nav_interfaces/unitree_nav_interfaces/srv/detail/set_body_rpy__type_support.h
[3.159s] -- Up-to-date: /home/rs/final_auto/install/unitree_nav_interfaces/include/unitree_nav_interfaces/unitree_nav_interfaces/srv/detail/nav_to_pose__type_support.h
[3.160s] -- Up-to-date: /home/rs/final_auto/install/unitree_nav_interfaces/include/unitree_nav_interfaces/unitree_nav_interfaces/srv/detail/set_body_rpy__functions.h
[3.161s] -- Up-to-date: /home/rs/final_auto/install/unitree_nav_interfaces/include/unitree_nav_interfaces/unitree_nav_interfaces/srv/detail/set_gait__struct.h
[3.162s] -- Up-to-date: /home/rs/final_auto/install/unitree_nav_interfaces/include/unitree_nav_interfaces/unitree_nav_interfaces/srv/detail/nav_to_pose__functions.c
[3.163s] -- Up-to-date: /home/rs/final_auto/install/unitree_nav_interfaces/include/unitree_nav_interfaces/unitree_nav_interfaces/srv/detail/set_gait__functions.h
[3.164s] -- Up-to-date: /home/rs/final_auto/install/unitree_nav_interfaces/include/unitree_nav_interfaces/unitree_nav_interfaces/srv/detail/nav_to_pose__struct.h
[3.164s] -- Up-to-date: /home/rs/final_auto/install/unitree_nav_interfaces/include/unitree_nav_interfaces/unitree_nav_interfaces/srv/detail/set_gait__functions.c
[3.166s] -- Up-to-date: /home/rs/final_auto/install/unitree_nav_interfaces/include/unitree_nav_interfaces/unitree_nav_interfaces/srv/detail/set_gait__type_support.h
[3.166s] -- Up-to-date: /home/rs/final_auto/install/unitree_nav_interfaces/include/unitree_nav_interfaces/unitree_nav_interfaces/srv/detail/set_body_rpy__functions.c
[3.168s] -- Up-to-date: /home/rs/final_auto/install/unitree_nav_interfaces/include/unitree_nav_interfaces/unitree_nav_interfaces/srv/nav_to_pose.h
[3.169s] -- Up-to-date: /home/rs/final_auto/install/unitree_nav_interfaces/include/unitree_nav_interfaces/unitree_nav_interfaces/srv/set_gait.h
[3.169s] -- Up-to-date: /home/rs/final_auto/install/unitree_nav_interfaces/include/unitree_nav_interfaces/unitree_nav_interfaces/srv/set_body_rpy.h
[3.170s] -- Up-to-date: /home/rs/final_auto/install/unitree_nav_interfaces/include/unitree_nav_interfaces/unitree_nav_interfaces/msg
[3.172s] -- Up-to-date: /home/rs/final_auto/install/unitree_nav_interfaces/include/unitree_nav_interfaces/unitree_nav_interfaces/msg/rosidl_generator_c__visibility_control.h
[3.173s] -- Up-to-date: /home/rs/final_auto/install/unitree_nav_interfaces/share/unitree_nav_interfaces/environment/library_path.sh
[3.174s] -- Up-to-date: /home/rs/final_auto/install/unitree_nav_interfaces/share/unitree_nav_interfaces/environment/library_path.dsv
[3.175s] -- Up-to-date: /home/rs/final_auto/install/unitree_nav_interfaces/lib/libunitree_nav_interfaces__rosidl_generator_c.so
[3.175s] -- Up-to-date: /home/rs/final_auto/install/unitree_nav_interfaces/include/unitree_nav_interfaces/unitree_nav_interfaces
[3.176s] -- Up-to-date: /home/rs/final_auto/install/unitree_nav_interfaces/include/unitree_nav_interfaces/unitree_nav_interfaces/srv
[3.177s] -- Up-to-date: /home/rs/final_auto/install/unitree_nav_interfaces/include/unitree_nav_interfaces/unitree_nav_interfaces/srv/detail
[3.178s] -- Up-to-date: /home/rs/final_auto/install/unitree_nav_interfaces/include/unitree_nav_interfaces/unitree_nav_interfaces/srv/detail/nav_to_pose__rosidl_typesupport_fastrtps_c.h
[3.179s] -- Up-to-date: /home/rs/final_auto/install/unitree_nav_interfaces/include/unitree_nav_interfaces/unitree_nav_interfaces/srv/detail/set_body_rpy__rosidl_typesupport_fastrtps_c.h
[3.180s] -- Up-to-date: /home/rs/final_auto/install/unitree_nav_interfaces/include/unitree_nav_interfaces/unitree_nav_interfaces/srv/detail/set_gait__rosidl_typesupport_fastrtps_c.h
[3.181s] -- Up-to-date: /home/rs/final_auto/install/unitree_nav_interfaces/include/unitree_nav_interfaces/unitree_nav_interfaces/msg
[3.182s] -- Up-to-date: /home/rs/final_auto/install/unitree_nav_interfaces/include/unitree_nav_interfaces/unitree_nav_interfaces/msg/rosidl_typesupport_fastrtps_c__visibility_control.h
[3.184s] -- Up-to-date: /home/rs/final_auto/install/unitree_nav_interfaces/lib/libunitree_nav_interfaces__rosidl_typesupport_fastrtps_c.so
[3.184s] -- Up-to-date: /home/rs/final_auto/install/unitree_nav_interfaces/include/unitree_nav_interfaces/unitree_nav_interfaces
[3.185s] -- Up-to-date: /home/rs/final_auto/install/unitree_nav_interfaces/include/unitree_nav_interfaces/unitree_nav_interfaces/srv
[3.186s] -- Up-to-date: /home/rs/final_auto/install/unitree_nav_interfaces/include/unitree_nav_interfaces/unitree_nav_interfaces/srv/set_gait.hpp
[3.187s] -- Up-to-date: /home/rs/final_auto/install/unitree_nav_interfaces/include/unitree_nav_interfaces/unitree_nav_interfaces/srv/detail
[3.188s] -- Up-to-date: /home/rs/final_auto/install/unitree_nav_interfaces/include/unitree_nav_interfaces/unitree_nav_interfaces/srv/detail/set_gait__struct.hpp
[3.188s] -- Up-to-date: /home/rs/final_auto/install/unitree_nav_interfaces/include/unitree_nav_interfaces/unitree_nav_interfaces/srv/detail/set_gait__builder.hpp
[3.189s] -- Up-to-date: /home/rs/final_auto/install/unitree_nav_interfaces/include/unitree_nav_interfaces/unitree_nav_interfaces/srv/detail/nav_to_pose__builder.hpp
[3.190s] -- Up-to-date: /home/rs/final_auto/install/unitree_nav_interfaces/include/unitree_nav_interfaces/unitree_nav_interfaces/srv/detail/nav_to_pose__struct.hpp
[3.193s] -- Up-to-date: /home/rs/final_auto/install/unitree_nav_interfaces/include/unitree_nav_interfaces/unitree_nav_interfaces/srv/detail/set_gait__traits.hpp
[3.194s] -- Up-to-date: /home/rs/final_auto/install/unitree_nav_interfaces/include/unitree_nav_interfaces/unitree_nav_interfaces/srv/detail/set_body_rpy__traits.hpp
[3.201s] -- Up-to-date: /home/rs/final_auto/install/unitree_nav_interfaces/include/unitree_nav_interfaces/unitree_nav_interfaces/srv/detail/nav_to_pose__traits.hpp
[3.202s] -- Up-to-date: /home/rs/final_auto/install/unitree_nav_interfaces/include/unitree_nav_interfaces/unitree_nav_interfaces/srv/detail/set_body_rpy__struct.hpp
[3.203s] -- Up-to-date: /home/rs/final_auto/install/unitree_nav_interfaces/include/unitree_nav_interfaces/unitree_nav_interfaces/srv/detail/set_body_rpy__builder.hpp
[3.206s] -- Up-to-date: /home/rs/final_auto/install/unitree_nav_interfaces/include/unitree_nav_interfaces/unitree_nav_interfaces/srv/nav_to_pose.hpp
[3.207s] -- Up-to-date: /home/rs/final_auto/install/unitree_nav_interfaces/include/unitree_nav_interfaces/unitree_nav_interfaces/srv/set_body_rpy.hpp
[3.211s] -- Up-to-date: /home/rs/final_auto/install/unitree_nav_interfaces/include/unitree_nav_interfaces/unitree_nav_interfaces
[3.212s] -- Up-to-date: /home/rs/final_auto/install/unitree_nav_interfaces/include/unitree_nav_interfaces/unitree_nav_interfaces/srv
[3.217s] -- Up-to-date: /home/rs/final_auto/install/unitree_nav_interfaces/include/unitree_nav_interfaces/unitree_nav_interfaces/srv/detail
[3.218s] -- Up-to-date: /home/rs/final_auto/install/unitree_nav_interfaces/include/unitree_nav_interfaces/unitree_nav_interfaces/srv/detail/set_gait__rosidl_typesupport_fastrtps_cpp.hpp
[3.220s] -- Up-to-date: /home/rs/final_auto/install/unitree_nav_interfaces/include/unitree_nav_interfaces/unitree_nav_interfaces/srv/detail/dds_fastrtps
[3.220s] -- Up-to-date: /home/rs/final_auto/install/unitree_nav_interfaces/include/unitree_nav_interfaces/unitree_nav_interfaces/srv/detail/set_body_rpy__rosidl_typesupport_fastrtps_cpp.hpp
[3.221s] -- Up-to-date: /home/rs/final_auto/install/unitree_nav_interfaces/include/unitree_nav_interfaces/unitree_nav_interfaces/srv/detail/nav_to_pose__rosidl_typesupport_fastrtps_cpp.hpp
[3.221s] -- Up-to-date: /home/rs/final_auto/install/unitree_nav_interfaces/include/unitree_nav_interfaces/unitree_nav_interfaces/msg
[3.221s] -- Up-to-date: /home/rs/final_auto/install/unitree_nav_interfaces/include/unitree_nav_interfaces/unitree_nav_interfaces/msg/rosidl_typesupport_fastrtps_cpp__visibility_control.h
[3.222s] -- Up-to-date: /home/rs/final_auto/install/unitree_nav_interfaces/lib/libunitree_nav_interfaces__rosidl_typesupport_fastrtps_cpp.so
[3.223s] -- Up-to-date: /home/rs/final_auto/install/unitree_nav_interfaces/include/unitree_nav_interfaces/unitree_nav_interfaces
[3.223s] -- Up-to-date: /home/rs/final_auto/install/unitree_nav_interfaces/include/unitree_nav_interfaces/unitree_nav_interfaces/srv
[3.223s] -- Up-to-date: /home/rs/final_auto/install/unitree_nav_interfaces/include/unitree_nav_interfaces/unitree_nav_interfaces/srv/detail
[3.229s] -- Up-to-date: /home/rs/final_auto/install/unitree_nav_interfaces/include/unitree_nav_interfaces/unitree_nav_interfaces/srv/detail/set_body_rpy__type_support.c
[3.229s] -- Up-to-date: /home/rs/final_auto/install/unitree_nav_interfaces/include/unitree_nav_interfaces/unitree_nav_interfaces/srv/detail/nav_to_pose__type_support.c
[3.230s] -- Up-to-date: /home/rs/final_auto/install/unitree_nav_interfaces/include/unitree_nav_interfaces/unitree_nav_interfaces/srv/detail/set_gait__rosidl_typesupport_introspection_c.h
[3.238s] -- Up-to-date: /home/rs/final_auto/install/unitree_nav_interfaces/include/unitree_nav_interfaces/unitree_nav_interfaces/srv/detail/set_body_rpy__rosidl_typesupport_introspection_c.h
[3.240s] -- Up-to-date: /home/rs/final_auto/install/unitree_nav_interfaces/include/unitree_nav_interfaces/unitree_nav_interfaces/srv/detail/set_gait__type_support.c
[3.241s] -- Up-to-date: /home/rs/final_auto/install/unitree_nav_interfaces/include/unitree_nav_interfaces/unitree_nav_interfaces/srv/detail/nav_to_pose__rosidl_typesupport_introspection_c.h
[3.242s] -- Up-to-date: /home/rs/final_auto/install/unitree_nav_interfaces/include/unitree_nav_interfaces/unitree_nav_interfaces/msg
[3.243s] -- Up-to-date: /home/rs/final_auto/install/unitree_nav_interfaces/include/unitree_nav_interfaces/unitree_nav_interfaces/msg/rosidl_typesupport_introspection_c__visibility_control.h
[3.243s] -- Up-to-date: /home/rs/final_auto/install/unitree_nav_interfaces/lib/libunitree_nav_interfaces__rosidl_typesupport_introspection_c.so
[3.243s] -- Up-to-date: /home/rs/final_auto/install/unitree_nav_interfaces/lib/libunitree_nav_interfaces__rosidl_typesupport_c.so
[3.244s] -- Up-to-date: /home/rs/final_auto/install/unitree_nav_interfaces/include/unitree_nav_interfaces/unitree_nav_interfaces
[3.244s] -- Up-to-date: /home/rs/final_auto/install/unitree_nav_interfaces/include/unitree_nav_interfaces/unitree_nav_interfaces/srv
[3.244s] -- Up-to-date: /home/rs/final_auto/install/unitree_nav_interfaces/include/unitree_nav_interfaces/unitree_nav_interfaces/srv/detail
[3.245s] -- Up-to-date: /home/rs/final_auto/install/unitree_nav_interfaces/include/unitree_nav_interfaces/unitree_nav_interfaces/srv/detail/nav_to_pose__type_support.cpp
[3.246s] -- Up-to-date: /home/rs/final_auto/install/unitree_nav_interfaces/include/unitree_nav_interfaces/unitree_nav_interfaces/srv/detail/nav_to_pose__rosidl_typesupport_introspection_cpp.hpp
[3.247s] -- Up-to-date: /home/rs/final_auto/install/unitree_nav_interfaces/include/unitree_nav_interfaces/unitree_nav_interfaces/srv/detail/set_body_rpy__type_support.cpp
[3.248s] -- Up-to-date: /home/rs/final_auto/install/unitree_nav_interfaces/include/unitree_nav_interfaces/unitree_nav_interfaces/srv/detail/set_gait__type_support.cpp
[3.248s] -- Up-to-date: /home/rs/final_auto/install/unitree_nav_interfaces/include/unitree_nav_interfaces/unitree_nav_interfaces/srv/detail/set_body_rpy__rosidl_typesupport_introspection_cpp.hpp
[3.249s] -- Up-to-date: /home/rs/final_auto/install/unitree_nav_interfaces/include/unitree_nav_interfaces/unitree_nav_interfaces/srv/detail/set_gait__rosidl_typesupport_introspection_cpp.hpp
[3.256s] -- Up-to-date: /home/rs/final_auto/install/unitree_nav_interfaces/lib/libunitree_nav_interfaces__rosidl_typesupport_introspection_cpp.so
[3.257s] -- Up-to-date: /home/rs/final_auto/install/unitree_nav_interfaces/lib/libunitree_nav_interfaces__rosidl_typesupport_cpp.so
[3.257s] -- Up-to-date: /home/rs/final_auto/install/unitree_nav_interfaces/share/unitree_nav_interfaces/environment/pythonpath.sh
[3.257s] -- Up-to-date: /home/rs/final_auto/install/unitree_nav_interfaces/share/unitree_nav_interfaces/environment/pythonpath.dsv
[3.259s] -- Up-to-date: /home/rs/final_auto/install/unitree_nav_interfaces/local/lib/python3.10/dist-packages/unitree_nav_interfaces-0.0.0-py3.10.egg-info
[3.259s] -- Installing: /home/rs/final_auto/install/unitree_nav_interfaces/local/lib/python3.10/dist-packages/unitree_nav_interfaces-0.0.0-py3.10.egg-info/top_level.txt
[3.259s] -- Installing: /home/rs/final_auto/install/unitree_nav_interfaces/local/lib/python3.10/dist-packages/unitree_nav_interfaces-0.0.0-py3.10.egg-info/PKG-INFO
[3.260s] -- Installing: /home/rs/final_auto/install/unitree_nav_interfaces/local/lib/python3.10/dist-packages/unitree_nav_interfaces-0.0.0-py3.10.egg-info/dependency_links.txt
[3.261s] -- Installing: /home/rs/final_auto/install/unitree_nav_interfaces/local/lib/python3.10/dist-packages/unitree_nav_interfaces-0.0.0-py3.10.egg-info/SOURCES.txt
[3.262s] -- Up-to-date: /home/rs/final_auto/install/unitree_nav_interfaces/local/lib/python3.10/dist-packages/unitree_nav_interfaces
[3.263s] -- Up-to-date: /home/rs/final_auto/install/unitree_nav_interfaces/local/lib/python3.10/dist-packages/unitree_nav_interfaces/libunitree_nav_interfaces_srv__rosidl_generator_py.so
[3.264s] -- Up-to-date: /home/rs/final_auto/install/unitree_nav_interfaces/local/lib/python3.10/dist-packages/unitree_nav_interfaces/_unitree_nav_interfaces_s.ep.rosidl_typesupport_introspection_c.c
[3.264s] -- Up-to-date: /home/rs/final_auto/install/unitree_nav_interfaces/local/lib/python3.10/dist-packages/unitree_nav_interfaces/unitree_nav_interfaces_s__rosidl_typesupport_introspection_c.cpython-310-x86_64-linux-gnu.so
[3.265s] -- Up-to-date: /home/rs/final_auto/install/unitree_nav_interfaces/local/lib/python3.10/dist-packages/unitree_nav_interfaces/__init__.py
[3.265s] -- Up-to-date: /home/rs/final_auto/install/unitree_nav_interfaces/local/lib/python3.10/dist-packages/unitree_nav_interfaces/srv
[3.266s] -- Up-to-date: /home/rs/final_auto/install/unitree_nav_interfaces/local/lib/python3.10/dist-packages/unitree_nav_interfaces/srv/_set_body_rpy.py
[3.267s] -- Up-to-date: /home/rs/final_auto/install/unitree_nav_interfaces/local/lib/python3.10/dist-packages/unitree_nav_interfaces/srv/__init__.py
[3.267s] -- Up-to-date: /home/rs/final_auto/install/unitree_nav_interfaces/local/lib/python3.10/dist-packages/unitree_nav_interfaces/srv/_set_body_rpy_s.c
[3.268s] -- Up-to-date: /home/rs/final_auto/install/unitree_nav_interfaces/local/lib/python3.10/dist-packages/unitree_nav_interfaces/srv/_set_gait_s.c
[3.274s] -- Up-to-date: /home/rs/final_auto/install/unitree_nav_interfaces/local/lib/python3.10/dist-packages/unitree_nav_interfaces/srv/_nav_to_pose_s.c
[3.276s] -- Up-to-date: /home/rs/final_auto/install/unitree_nav_interfaces/local/lib/python3.10/dist-packages/unitree_nav_interfaces/srv/_set_gait.py
[3.276s] -- Up-to-date: /home/rs/final_auto/install/unitree_nav_interfaces/local/lib/python3.10/dist-packages/unitree_nav_interfaces/srv/_nav_to_pose.py
[3.277s] -- Up-to-date: /home/rs/final_auto/install/unitree_nav_interfaces/local/lib/python3.10/dist-packages/unitree_nav_interfaces/_unitree_nav_interfaces_s.ep.rosidl_typesupport_fastrtps_c.c
[3.277s] -- Up-to-date: /home/rs/final_auto/install/unitree_nav_interfaces/local/lib/python3.10/dist-packages/unitree_nav_interfaces/unitree_nav_interfaces_s__rosidl_typesupport_c.cpython-310-x86_64-linux-gnu.so
[3.278s] -- Up-to-date: /home/rs/final_auto/install/unitree_nav_interfaces/local/lib/python3.10/dist-packages/unitree_nav_interfaces/unitree_nav_interfaces_s__rosidl_typesupport_fastrtps_c.cpython-310-x86_64-linux-gnu.so
[3.285s] -- Up-to-date: /home/rs/final_auto/install/unitree_nav_interfaces/local/lib/python3.10/dist-packages/unitree_nav_interfaces/_unitree_nav_interfaces_s.ep.rosidl_typesupport_c.c
[3.339s] Listing '/home/rs/final_auto/install/unitree_nav_interfaces/local/lib/python3.10/dist-packages/unitree_nav_interfaces'...
[3.340s] Listing '/home/rs/final_auto/install/unitree_nav_interfaces/local/lib/python3.10/dist-packages/unitree_nav_interfaces/srv'...
[3.357s] -- Up-to-date: /home/rs/final_auto/install/unitree_nav_interfaces/local/lib/python3.10/dist-packages/unitree_nav_interfaces/unitree_nav_interfaces_s__rosidl_typesupport_fastrtps_c.cpython-310-x86_64-linux-gnu.so
[3.358s] -- Up-to-date: /home/rs/final_auto/install/unitree_nav_interfaces/local/lib/python3.10/dist-packages/unitree_nav_interfaces/unitree_nav_interfaces_s__rosidl_typesupport_introspection_c.cpython-310-x86_64-linux-gnu.so
[3.362s] -- Up-to-date: /home/rs/final_auto/install/unitree_nav_interfaces/local/lib/python3.10/dist-packages/unitree_nav_interfaces/unitree_nav_interfaces_s__rosidl_typesupport_c.cpython-310-x86_64-linux-gnu.so
[3.363s] -- Up-to-date: /home/rs/final_auto/install/unitree_nav_interfaces/lib/libunitree_nav_interfaces_srv__rosidl_generator_py.so
[3.364s] -- Up-to-date: /home/rs/final_auto/install/unitree_nav_interfaces/share/unitree_nav_interfaces/srv/SetBodyRPY.idl
[3.366s] -- Up-to-date: /home/rs/final_auto/install/unitree_nav_interfaces/share/unitree_nav_interfaces/srv/NavToPose.idl
[3.367s] -- Up-to-date: /home/rs/final_auto/install/unitree_nav_interfaces/share/unitree_nav_interfaces/srv/SetGait.idl
[3.370s] -- Up-to-date: /home/rs/final_auto/install/unitree_nav_interfaces/share/unitree_nav_interfaces/srv/SetBodyRPY.srv
[3.370s] -- Up-to-date: /home/rs/final_auto/install/unitree_nav_interfaces/share/unitree_nav_interfaces/srv/SetBodyRPY_Request.msg
[3.372s] -- Up-to-date: /home/rs/final_auto/install/unitree_nav_interfaces/share/unitree_nav_interfaces/srv/SetBodyRPY_Response.msg
[3.373s] -- Up-to-date: /home/rs/final_auto/install/unitree_nav_interfaces/share/unitree_nav_interfaces/srv/NavToPose.srv
[3.375s] -- Up-to-date: /home/rs/final_auto/install/unitree_nav_interfaces/share/unitree_nav_interfaces/srv/NavToPose_Request.msg
[3.376s] -- Up-to-date: /home/rs/final_auto/install/unitree_nav_interfaces/share/unitree_nav_interfaces/srv/NavToPose_Response.msg
[3.376s] -- Up-to-date: /home/rs/final_auto/install/unitree_nav_interfaces/share/unitree_nav_interfaces/srv/SetGait.srv
[3.378s] -- Up-to-date: /home/rs/final_auto/install/unitree_nav_interfaces/share/unitree_nav_interfaces/srv/SetGait_Request.msg
[3.380s] -- Up-to-date: /home/rs/final_auto/install/unitree_nav_interfaces/share/unitree_nav_interfaces/srv/SetGait_Response.msg
[3.381s] -- Up-to-date: /home/rs/final_auto/install/unitree_nav_interfaces/share/ament_index/resource_index/package_run_dependencies/unitree_nav_interfaces
[3.381s] -- Up-to-date: /home/rs/final_auto/install/unitree_nav_interfaces/share/ament_index/resource_index/parent_prefix_path/unitree_nav_interfaces
[3.382s] -- Up-to-date: /home/rs/final_auto/install/unitree_nav_interfaces/share/unitree_nav_interfaces/environment/ament_prefix_path.sh
[3.386s] -- Up-to-date: /home/rs/final_auto/install/unitree_nav_interfaces/share/unitree_nav_interfaces/environment/ament_prefix_path.dsv
[3.386s] -- Up-to-date: /home/rs/final_auto/install/unitree_nav_interfaces/share/unitree_nav_interfaces/environment/path.sh
[3.386s] -- Up-to-date: /home/rs/final_auto/install/unitree_nav_interfaces/share/unitree_nav_interfaces/environment/path.dsv
[3.387s] -- Up-to-date: /home/rs/final_auto/install/unitree_nav_interfaces/share/unitree_nav_interfaces/local_setup.bash
[3.387s] -- Up-to-date: /home/rs/final_auto/install/unitree_nav_interfaces/share/unitree_nav_interfaces/local_setup.sh
[3.387s] -- Up-to-date: /home/rs/final_auto/install/unitree_nav_interfaces/share/unitree_nav_interfaces/local_setup.zsh
[3.387s] -- Up-to-date: /home/rs/final_auto/install/unitree_nav_interfaces/share/unitree_nav_interfaces/local_setup.dsv
[3.387s] -- Installing: /home/rs/final_auto/install/unitree_nav_interfaces/share/unitree_nav_interfaces/package.dsv
[3.388s] -- Up-to-date: /home/rs/final_auto/install/unitree_nav_interfaces/share/ament_index/resource_index/packages/unitree_nav_interfaces
[3.390s] -- Up-to-date: /home/rs/final_auto/install/unitree_nav_interfaces/share/unitree_nav_interfaces/cmake/export_unitree_nav_interfaces_srv__rosidl_generator_cExport.cmake
[3.392s] -- Up-to-date: /home/rs/final_auto/install/unitree_nav_interfaces/share/unitree_nav_interfaces/cmake/export_unitree_nav_interfaces_srv__rosidl_generator_cExport-noconfig.cmake
[3.395s] -- Up-to-date: /home/rs/final_auto/install/unitree_nav_interfaces/share/unitree_nav_interfaces/cmake/export_unitree_nav_interfaces_srv__rosidl_typesupport_fastrtps_cExport.cmake
[3.397s] -- Up-to-date: /home/rs/final_auto/install/unitree_nav_interfaces/share/unitree_nav_interfaces/cmake/export_unitree_nav_interfaces_srv__rosidl_typesupport_fastrtps_cExport-noconfig.cmake
[3.398s] -- Up-to-date: /home/rs/final_auto/install/unitree_nav_interfaces/share/unitree_nav_interfaces/cmake/export_unitree_nav_interfaces_srv__rosidl_generator_cppExport.cmake
[3.403s] -- Up-to-date: /home/rs/final_auto/install/unitree_nav_interfaces/share/unitree_nav_interfaces/cmake/export_unitree_nav_interfaces_srv__rosidl_typesupport_fastrtps_cppExport.cmake
[3.404s] -- Up-to-date: /home/rs/final_auto/install/unitree_nav_interfaces/share/unitree_nav_interfaces/cmake/export_unitree_nav_interfaces_srv__rosidl_typesupport_fastrtps_cppExport-noconfig.cmake
[3.405s] -- Up-to-date: /home/rs/final_auto/install/unitree_nav_interfaces/share/unitree_nav_interfaces/cmake/unitree_nav_interfaces_srv__rosidl_typesupport_introspection_cExport.cmake
[3.405s] -- Up-to-date: /home/rs/final_auto/install/unitree_nav_interfaces/share/unitree_nav_interfaces/cmake/unitree_nav_interfaces_srv__rosidl_typesupport_introspection_cExport-noconfig.cmake
[3.405s] -- Up-to-date: /home/rs/final_auto/install/unitree_nav_interfaces/share/unitree_nav_interfaces/cmake/unitree_nav_interfaces_srv__rosidl_typesupport_cExport.cmake
[3.406s] -- Up-to-date: /home/rs/final_auto/install/unitree_nav_interfaces/share/unitree_nav_interfaces/cmake/unitree_nav_interfaces_srv__rosidl_typesupport_cExport-noconfig.cmake
[3.406s] -- Up-to-date: /home/rs/final_auto/install/unitree_nav_interfaces/share/unitree_nav_interfaces/cmake/unitree_nav_interfaces_srv__rosidl_typesupport_introspection_cppExport.cmake
[3.410s] -- Up-to-date: /home/rs/final_auto/install/unitree_nav_interfaces/share/unitree_nav_interfaces/cmake/unitree_nav_interfaces_srv__rosidl_typesupport_introspection_cppExport-noconfig.cmake
[3.411s] -- Up-to-date: /home/rs/final_auto/install/unitree_nav_interfaces/share/unitree_nav_interfaces/cmake/unitree_nav_interfaces_srv__rosidl_typesupport_cppExport.cmake
[3.414s] -- Up-to-date: /home/rs/final_auto/install/unitree_nav_interfaces/share/unitree_nav_interfaces/cmake/unitree_nav_interfaces_srv__rosidl_typesupport_cppExport-noconfig.cmake
[3.416s] -- Up-to-date: /home/rs/final_auto/install/unitree_nav_interfaces/share/unitree_nav_interfaces/cmake/export_unitree_nav_interfaces_srv__rosidl_generator_pyExport.cmake
[3.417s] -- Up-to-date: /home/rs/final_auto/install/unitree_nav_interfaces/share/unitree_nav_interfaces/cmake/export_unitree_nav_interfaces_srv__rosidl_generator_pyExport-noconfig.cmake
[3.418s] -- Up-to-date: /home/rs/final_auto/install/unitree_nav_interfaces/share/unitree_nav_interfaces/cmake/ament_cmake_export_dependencies-extras.cmake
[3.420s] -- Up-to-date: /home/rs/final_auto/install/unitree_nav_interfaces/share/unitree_nav_interfaces/cmake/rosidl_cmake-extras.cmake
[3.420s] -- Up-to-date: /home/rs/final_auto/install/unitree_nav_interfaces/share/unitree_nav_interfaces/cmake/ament_cmake_export_include_directories-extras.cmake
[3.421s] -- Up-to-date: /home/rs/final_auto/install/unitree_nav_interfaces/share/unitree_nav_interfaces/cmake/ament_cmake_export_libraries-extras.cmake
[3.423s] -- Up-to-date: /home/rs/final_auto/install/unitree_nav_interfaces/share/unitree_nav_interfaces/cmake/ament_cmake_export_targets-extras.cmake
[3.424s] -- Up-to-date: /home/rs/final_auto/install/unitree_nav_interfaces/share/unitree_nav_interfaces/cmake/rosidl_cmake_export_typesupport_targets-extras.cmake
[3.425s] -- Up-to-date: /home/rs/final_auto/install/unitree_nav_interfaces/share/unitree_nav_interfaces/cmake/rosidl_cmake_export_typesupport_libraries-extras.cmake
[3.426s] -- Up-to-date: /home/rs/final_auto/install/unitree_nav_interfaces/share/unitree_nav_interfaces/cmake/unitree_nav_interfacesConfig.cmake
[3.427s] -- Up-to-date: /home/rs/final_auto/install/unitree_nav_interfaces/share/unitree_nav_interfaces/cmake/unitree_nav_interfacesConfig-version.cmake
[3.428s] -- Up-to-date: /home/rs/final_auto/install/unitree_nav_interfaces/share/unitree_nav_interfaces/package.xml
[3.430s] Invoked command in '/home/rs/final_auto/build/unitree_nav_interfaces' returned '0': CMAKE_PREFIX_PATH=${CMAKE_PREFIX_PATH}:/home/rs/final_auto/install/unitree_nav_launch_module:/opt/ros/humble /usr/bin/cmake --install /home/rs/final_auto/build/unitree_nav_interfaces
