[0.162s] Invoking command in '/home/rs/final_auto/build/unitree_ocr': AMENT_PREFIX_PATH=/home/rs/final_auto/install/unitree_ocr_interfaces:${AMENT_PREFIX_PATH} CMAKE_PREFIX_PATH=/home/rs/final_auto/install/unitree_ocr_interfaces${CMAKE_PREFIX_PATH} LD_LIBRARY_PATH=/home/rs/final_auto/install/unitree_ocr_interfaces/lib:${LD_LIBRARY_PATH} PYTHONPATH=/home/rs/final_auto/install/unitree_ocr_interfaces/local/lib/python3.10/dist-packages:${PYTHONPATH} /usr/bin/cmake /home/rs/final_auto/src/unitree_inspection/unitree_ocr -DCMAKE_INSTALL_PREFIX=/home/rs/final_auto/install/unitree_ocr
[0.516s] -- The C compiler identification is GNU 11.4.0
[0.831s] -- The CXX compiler identification is GNU 11.4.0
[0.866s] -- Detecting C compiler ABI info
[1.283s] -- Detecting C compiler ABI info - done
[1.320s] -- Check for working C compiler: /usr/bin/cc - skipped
[1.321s] -- Detecting C compile features
[1.321s] -- Detecting C compile features - done
[1.364s] -- Detecting CXX compiler ABI info
[1.837s] -- Detecting CXX compiler ABI info - done
[1.877s] -- Check for working CXX compiler: /usr/bin/c++ - skipped
[1.878s] -- Detecting CXX compile features
[1.879s] -- Detecting CXX compile features - done
[1.885s] -- Found ament_cmake: 1.3.9 (/opt/ros/humble/share/ament_cmake/cmake)
[2.547s] -- Found Python3: /usr/bin/python3 (found version "3.10.12") found components: Interpreter 
[3.141s] -- Found rclcpp: 16.0.9 (/opt/ros/humble/share/rclcpp/cmake)
[3.250s] -- Found rosidl_generator_c: 3.1.5 (/opt/ros/humble/share/rosidl_generator_c/cmake)
[3.277s] -- Found rosidl_adapter: 3.1.5 (/opt/ros/humble/share/rosidl_adapter/cmake)
[3.314s] -- Found rosidl_generator_cpp: 3.1.5 (/opt/ros/humble/share/rosidl_generator_cpp/cmake)
[3.356s] -- Using all available rosidl_typesupport_c: rosidl_typesupport_fastrtps_c;rosidl_typesupport_introspection_c
[3.445s] -- Using all available rosidl_typesupport_cpp: rosidl_typesupport_fastrtps_cpp;rosidl_typesupport_introspection_cpp
[3.741s] -- Found rmw_implementation_cmake: 6.1.2 (/opt/ros/humble/share/rmw_implementation_cmake/cmake)
[3.748s] -- Found rmw_fastrtps_cpp: 6.2.6 (/opt/ros/humble/share/rmw_fastrtps_cpp/cmake)
[4.669s] -- Found OpenSSL: /usr/lib/x86_64-linux-gnu/libcrypto.so (found version "3.0.2")  
[4.819s] -- Found FastRTPS: /opt/ros/humble/include  
[5.112s] -- Using RMW implementation 'rmw_fastrtps_cpp' as default
[5.145s] -- Looking for pthread.h
[5.448s] -- Looking for pthread.h - found
[5.450s] -- Performing Test CMAKE_HAVE_LIBC_PTHREAD
[5.757s] -- Performing Test CMAKE_HAVE_LIBC_PTHREAD - Success
[5.761s] -- Found Threads: TRUE  
[6.283s] -- Found sensor_msgs: 4.2.4 (/opt/ros/humble/share/sensor_msgs/cmake)
[6.677s] -- Found OpenCV: /usr (found version "4.5.4") 
[6.679s] -- Found cv_bridge: 3.2.1 (/opt/ros/humble/share/cv_bridge/cmake)
[6.696s] -- Found image_transport: 3.1.9 (/opt/ros/humble/share/image_transport/cmake)
[6.777s] -- Found unitree_ocr_interfaces: 0.0.0 (/home/rs/final_auto/install/unitree_ocr_interfaces/share/unitree_ocr_interfaces/cmake)
[7.011s] -- Found Doxygen: /usr/bin/doxygen (found version "1.9.1") found components: doxygen dot 
[7.095s] -- Found ament_lint_auto: 0.12.11 (/opt/ros/humble/share/ament_lint_auto/cmake)
[7.246s] -- Added test 'cppcheck' to perform static code analysis on C / C++ code
[7.246s] -- Configured cppcheck include dirs: $<BUILD_INTERFACE:/home/rs/final_auto/src/unitree_inspection/unitree_ocr/include>
[7.246s] -- Configured cppcheck exclude dirs and/or files: 
[7.247s] -- Added test 'flake8' to check Python code syntax and style conventions
[7.248s] -- Added test 'lint_cmake' to check CMake code style
[7.251s] -- Added test 'pep257' to check Python code against some of the docstring style conventions in PEP 257
[7.253s] -- Added test 'uncrustify' to check C / C++ code style
[7.254s] -- Configured uncrustify additional arguments: 
[7.256s] -- Added test 'xmllint' to check XML markup files
[7.258s] -- Configuring done
[7.296s] -- Generating done
[7.306s] -- Build files have been written to: /home/rs/final_auto/build/unitree_ocr
[7.333s] Invoked command in '/home/rs/final_auto/build/unitree_ocr' returned '0': AMENT_PREFIX_PATH=/home/rs/final_auto/install/unitree_ocr_interfaces:${AMENT_PREFIX_PATH} CMAKE_PREFIX_PATH=/home/rs/final_auto/install/unitree_ocr_interfaces${CMAKE_PREFIX_PATH} LD_LIBRARY_PATH=/home/rs/final_auto/install/unitree_ocr_interfaces/lib:${LD_LIBRARY_PATH} PYTHONPATH=/home/rs/final_auto/install/unitree_ocr_interfaces/local/lib/python3.10/dist-packages:${PYTHONPATH} /usr/bin/cmake /home/rs/final_auto/src/unitree_inspection/unitree_ocr -DCMAKE_INSTALL_PREFIX=/home/rs/final_auto/install/unitree_ocr
[7.334s] Invoking command in '/home/rs/final_auto/build/unitree_ocr': AMENT_PREFIX_PATH=/home/rs/final_auto/install/unitree_ocr_interfaces:${AMENT_PREFIX_PATH} CMAKE_PREFIX_PATH=/home/rs/final_auto/install/unitree_ocr_interfaces${CMAKE_PREFIX_PATH} LD_LIBRARY_PATH=/home/rs/final_auto/install/unitree_ocr_interfaces/lib:${LD_LIBRARY_PATH} PYTHONPATH=/home/rs/final_auto/install/unitree_ocr_interfaces/local/lib/python3.10/dist-packages:${PYTHONPATH} /usr/bin/cmake --build /home/rs/final_auto/build/unitree_ocr -- -j13 -l13
[7.466s] [ 40%] [32mBuilding CXX object CMakeFiles/unitree_ocr.dir/src/ocr.cpp.o[0m
[7.466s] [ 40%] [34m[1mGenerate API documentation for doxygen[0m
[7.532s] Doxygen version used: 1.9.1
[7.533s] Searching for include files...
[7.533s] Searching for example files...
[7.533s] Searching for images...
[7.533s] Searching for dot files...
[7.533s] Searching for msc files...
[7.533s] Searching for dia files...
[7.533s] Searching for files to exclude
[7.533s] Searching INPUT for files to process...
[7.535s] Reading and parsing tag files
[7.535s] Parsing files
[7.535s] Preprocessing /home/rs/final_auto/src/unitree_inspection/unitree_ocr/include/unitree_ocr/ocr.hpp...
[7.535s] Parsing file /home/rs/final_auto/src/unitree_inspection/unitree_ocr/include/unitree_ocr/ocr.hpp...
[7.537s] Preprocessing /home/rs/final_auto/src/unitree_inspection/unitree_ocr/src/ocr.cpp...
[7.537s] Parsing file /home/rs/final_auto/src/unitree_inspection/unitree_ocr/src/ocr.cpp...
[7.539s] Building macro definition list...
[7.539s] Building group list...
[7.540s] Building directory list...
[7.540s] Building namespace list...
[7.541s] Building file list...
[7.541s] Building class list...
[7.541s] Computing nesting relations for classes...
[7.541s] Associating documentation with classes...
[7.541s] Building example list...
[7.542s] Searching for enumerations...
[7.542s] Searching for documented typedefs...
[7.542s] Searching for members imported via using declarations...
[7.542s] Searching for included using directives...
[7.542s] Searching for documented variables...
[7.544s] Building interface member list...
[7.544s] Building member list...
[7.544s] Searching for friends...
[7.545s] Searching for documented defines...
[7.545s] Computing class inheritance relations...
[7.545s] Computing class usage relations...
[7.545s] Flushing cached template relations that have become invalid...
[7.545s] Computing class relations...
[7.545s] Add enum values to enums...
[7.545s] Searching for member function documentation...
[7.545s] Creating members for template instances...
[7.545s] Building page list...
[7.545s] Search for main page...
[7.546s] Computing page relations...
[7.546s] Determining the scope of groups...
[7.546s] Sorting lists...
[7.546s] Determining which enums are documented
[7.547s] Computing member relations...
[7.547s] Building full member lists recursively...
[7.547s] Adding members to member groups.
[7.548s] Computing member references...
[7.548s] Inheriting documentation...
[7.548s] Generating disk names...
[7.548s] Adding source references...
[7.549s] Adding xrefitems...
[7.549s] Sorting member lists...
[7.549s] Setting anonymous enum type...
[7.549s] Computing dependencies between directories...
[7.549s] Generating citations page...
[7.549s] Counting members...
[7.550s] Counting data structures...
[7.550s] Resolving user defined references...
[7.550s] Finding anchors and sections in the documentation...
[7.550s] Transferring function references...
[7.550s] Combining using relations...
[7.550s] Adding members to index pages...
[7.550s] Correcting members for VHDL...
[7.551s] Computing tooltip texts...
[7.566s] Generating style sheet...
[7.566s] Generating search indices...
[7.568s] Generating example documentation...
[7.568s] Generating file sources...
[7.568s] Generating code for file include/unitree_ocr/ocr.hpp...
[7.574s] Generating file documentation...
[7.575s] Generating page documentation...
[7.575s] Generating group documentation...
[7.575s] Generating class documentation...
[7.575s] Generating namespace index...
[7.575s] Generating docs for compound unitree_ocr::TextDetector...
[7.576s] Generating graph info page...
[7.580s] Generating directory documentation...
[7.581s] Generating index page...
[7.581s] Generating page index...
[7.582s] Generating module index...
[7.582s] Generating namespace index...
[7.583s] Generating namespace member index...
[7.583s] Generating annotated compound index...
[7.583s] Generating alphabetical compound index...
[7.583s] Generating hierarchical class index...
[7.583s] Generating graphical class hierarchy...
[7.584s] Generating member index...
[7.588s] Generating file index...
[7.589s] Generating file member index...
[7.589s] Generating example index...
[7.589s] finalizing index lists...
[7.589s] writing tag file...
[7.589s] Running plantuml with JAVA...
[7.589s] Running dot...
[7.590s] Running dot for graph 1/1
[7.676s] lookup cache used 16/65536 hits=27 misses=16
[7.676s] finished...
[7.704s] [ 40%] Built target doxygen
[9.531s] [ 60%] [32m[1mLinking CXX static library libunitree_ocr.a[0m
[9.609s] [ 60%] Built target unitree_ocr
[9.657s] [ 80%] [32mBuilding CXX object CMakeFiles/text_detection_subscriber.dir/src/text_detection_subscriber.cpp.o[0m
[25.316s] [100%] [32m[1mLinking CXX executable text_detection_subscriber[0m
[30.629s] [100%] Built target text_detection_subscriber
[30.696s] Invoked command in '/home/rs/final_auto/build/unitree_ocr' returned '0': AMENT_PREFIX_PATH=/home/rs/final_auto/install/unitree_ocr_interfaces:${AMENT_PREFIX_PATH} CMAKE_PREFIX_PATH=/home/rs/final_auto/install/unitree_ocr_interfaces${CMAKE_PREFIX_PATH} LD_LIBRARY_PATH=/home/rs/final_auto/install/unitree_ocr_interfaces/lib:${LD_LIBRARY_PATH} PYTHONPATH=/home/rs/final_auto/install/unitree_ocr_interfaces/local/lib/python3.10/dist-packages:${PYTHONPATH} /usr/bin/cmake --build /home/rs/final_auto/build/unitree_ocr -- -j13 -l13
[30.898s] Invoking command in '/home/rs/final_auto/build/unitree_ocr': AMENT_PREFIX_PATH=/home/rs/final_auto/install/unitree_ocr_interfaces:${AMENT_PREFIX_PATH} CMAKE_PREFIX_PATH=/home/rs/final_auto/install/unitree_ocr_interfaces${CMAKE_PREFIX_PATH} LD_LIBRARY_PATH=/home/rs/final_auto/install/unitree_ocr_interfaces/lib:${LD_LIBRARY_PATH} PYTHONPATH=/home/rs/final_auto/install/unitree_ocr_interfaces/local/lib/python3.10/dist-packages:${PYTHONPATH} /usr/bin/cmake --install /home/rs/final_auto/build/unitree_ocr
[30.927s] -- Install configuration: ""
[30.927s] -- Installing: /home/rs/final_auto/install/unitree_ocr/lib/unitree_ocr/text_detection_subscriber
[30.997s] -- Set runtime path of "/home/rs/final_auto/install/unitree_ocr/lib/unitree_ocr/text_detection_subscriber" to ""
[30.998s] -- Installing: /home/rs/final_auto/install/unitree_ocr/include
[30.999s] -- Installing: /home/rs/final_auto/install/unitree_ocr/include/unitree_ocr
[31.000s] -- Installing: /home/rs/final_auto/install/unitree_ocr/include/unitree_ocr/ocr.hpp
[31.003s] -- Installing: /home/rs/final_auto/install/unitree_ocr/lib/libunitree_ocr.a
[31.026s] -- Installing: /home/rs/final_auto/install/unitree_ocr/lib/cmake/unitree_ocr/unitree_ocr-config.cmake
[31.028s] -- Installing: /home/rs/final_auto/install/unitree_ocr/lib/cmake/unitree_ocr/unitree_ocr-config-noconfig.cmake
[31.029s] -- Installing: /home/rs/final_auto/install/unitree_ocr/share/unitree_ocr/launch
[31.030s] -- Installing: /home/rs/final_auto/install/unitree_ocr/share/unitree_ocr/launch/text_detection_subscriber.launch.py
[31.031s] -- Installing: /home/rs/final_auto/install/unitree_ocr/share/unitree_ocr/models
[31.032s] -- Installing: /home/rs/final_auto/install/unitree_ocr/share/unitree_ocr/models/README.md
[31.033s] -- Installing: /home/rs/final_auto/install/unitree_ocr/share/ament_index/resource_index/package_run_dependencies/unitree_ocr
[31.034s] -- Installing: /home/rs/final_auto/install/unitree_ocr/share/ament_index/resource_index/parent_prefix_path/unitree_ocr
[31.035s] -- Installing: /home/rs/final_auto/install/unitree_ocr/share/unitree_ocr/environment/ament_prefix_path.sh
[31.035s] -- Installing: /home/rs/final_auto/install/unitree_ocr/share/unitree_ocr/environment/ament_prefix_path.dsv
[31.036s] -- Installing: /home/rs/final_auto/install/unitree_ocr/share/unitree_ocr/environment/path.sh
[31.037s] -- Installing: /home/rs/final_auto/install/unitree_ocr/share/unitree_ocr/environment/path.dsv
[31.038s] -- Installing: /home/rs/final_auto/install/unitree_ocr/share/unitree_ocr/local_setup.bash
[31.039s] -- Installing: /home/rs/final_auto/install/unitree_ocr/share/unitree_ocr/local_setup.sh
[31.041s] -- Installing: /home/rs/final_auto/install/unitree_ocr/share/unitree_ocr/local_setup.zsh
[31.041s] -- Installing: /home/rs/final_auto/install/unitree_ocr/share/unitree_ocr/local_setup.dsv
[31.041s] -- Installing: /home/rs/final_auto/install/unitree_ocr/share/unitree_ocr/package.dsv
[31.042s] -- Installing: /home/rs/final_auto/install/unitree_ocr/share/ament_index/resource_index/packages/unitree_ocr
[31.043s] -- Installing: /home/rs/final_auto/install/unitree_ocr/share/unitree_ocr/cmake/unitree_ocrConfig.cmake
[31.043s] -- Installing: /home/rs/final_auto/install/unitree_ocr/share/unitree_ocr/cmake/unitree_ocrConfig-version.cmake
[31.044s] -- Installing: /home/rs/final_auto/install/unitree_ocr/share/unitree_ocr/package.xml
[31.081s] Invoked command in '/home/rs/final_auto/build/unitree_ocr' returned '0': AMENT_PREFIX_PATH=/home/rs/final_auto/install/unitree_ocr_interfaces:${AMENT_PREFIX_PATH} CMAKE_PREFIX_PATH=/home/rs/final_auto/install/unitree_ocr_interfaces${CMAKE_PREFIX_PATH} LD_LIBRARY_PATH=/home/rs/final_auto/install/unitree_ocr_interfaces/lib:${LD_LIBRARY_PATH} PYTHONPATH=/home/rs/final_auto/install/unitree_ocr_interfaces/local/lib/python3.10/dist-packages:${PYTHONPATH} /usr/bin/cmake --install /home/rs/final_auto/build/unitree_ocr
