[0.059s] Invoking command in '/home/rs/final_auto/build/unitree_ocr': CMAKE_PREFIX_PATH=/home/rs/final_auto/install/unitree_ocr_interfaces:/home/rs/final_auto/install/unitree_inspection:/home/rs/final_auto/install/unitree_ocr:/home/rs/final_auto/install/unitree_nav:/home/rs/final_auto/install/unitree_nav_interfaces:/home/rs/final_auto/install/unitree_legged_real:/home/rs/final_auto/install/unitree_inspection_interfaces:/home/rs/final_auto/install/ros2_unitree_legged_msgs:/home/rs/final_auto/install/go1_description:/home/rs/final_auto/install/unitree_nav_launch_module:/opt/ros/humble /usr/bin/cmake --build /home/rs/final_auto/build/unitree_ocr -- -j13 -l13
[0.284s] [ 20%] [34m[1mGenerate API documentation for doxygen[0m
[0.304s] [ 60%] Built target unitree_ocr
[0.466s] [100%] Built target text_detection_subscriber
[0.515s] Doxygen version used: 1.9.1
[0.518s] Searching for include files...
[0.519s] Searching for example files...
[0.519s] Searching for images...
[0.519s] Searching for dot files...
[0.520s] Searching for msc files...
[0.520s] Searching for dia files...
[0.521s] Searching for files to exclude
[0.521s] Searching INPUT for files to process...
[0.522s] Reading and parsing tag files
[0.523s] Parsing files
[0.523s] Preprocessing /home/rs/final_auto/src/unitree_inspection/unitree_ocr/include/unitree_ocr/ocr.hpp...
[0.523s] Parsing file /home/rs/final_auto/src/unitree_inspection/unitree_ocr/include/unitree_ocr/ocr.hpp...
[0.524s] Preprocessing /home/rs/final_auto/src/unitree_inspection/unitree_ocr/src/ocr.cpp...
[0.524s] Parsing file /home/rs/final_auto/src/unitree_inspection/unitree_ocr/src/ocr.cpp...
[0.525s] Building macro definition list...
[0.525s] Building group list...
[0.525s] Building directory list...
[0.526s] Building namespace list...
[0.527s] Building file list...
[0.528s] Building class list...
[0.528s] Computing nesting relations for classes...
[0.528s] Associating documentation with classes...
[0.529s] Building example list...
[0.529s] Searching for enumerations...
[0.530s] Searching for documented typedefs...
[0.530s] Searching for members imported via using declarations...
[0.532s] Searching for included using directives...
[0.533s] Searching for documented variables...
[0.534s] Building interface member list...
[0.534s] Building member list...
[0.536s] Searching for friends...
[0.537s] Searching for documented defines...
[0.537s] Computing class inheritance relations...
[0.537s] Computing class usage relations...
[0.538s] Flushing cached template relations that have become invalid...
[0.538s] Computing class relations...
[0.539s] Add enum values to enums...
[0.539s] Searching for member function documentation...
[0.540s] Creating members for template instances...
[0.543s] Building page list...
[0.543s] Search for main page...
[0.543s] Computing page relations...
[0.544s] Determining the scope of groups...
[0.545s] Sorting lists...
[0.545s] Determining which enums are documented
[0.546s] Computing member relations...
[0.546s] Building full member lists recursively...
[0.547s] Adding members to member groups.
[0.547s] Computing member references...
[0.547s] Inheriting documentation...
[0.548s] Generating disk names...
[0.548s] Adding source references...
[0.548s] Adding xrefitems...
[0.548s] Sorting member lists...
[0.549s] Setting anonymous enum type...
[0.549s] Computing dependencies between directories...
[0.549s] Generating citations page...
[0.550s] Counting members...
[0.550s] Counting data structures...
[0.551s] Resolving user defined references...
[0.551s] Finding anchors and sections in the documentation...
[0.552s] Transferring function references...
[0.553s] Combining using relations...
[0.554s] Adding members to index pages...
[0.555s] Correcting members for VHDL...
[0.555s] Computing tooltip texts...
[0.581s] Generating style sheet...
[0.583s] Generating search indices...
[0.601s] Generating example documentation...
[0.602s] Generating file sources...
[0.605s] Generating code for file include/unitree_ocr/ocr.hpp...
[0.607s] Generating file documentation...
[0.608s] Generating page documentation...
[0.608s] Generating group documentation...
[0.608s] Generating class documentation...
[0.608s] Generating namespace index...
[0.608s] Generating docs for compound unitree_ocr::TextDetector...
[0.610s] Generating graph info page...
[0.617s] Generating directory documentation...
[0.620s] Generating index page...
[0.621s] Generating page index...
[0.622s] Generating module index...
[0.623s] Generating namespace index...
[0.624s] Generating namespace member index...
[0.625s] Generating annotated compound index...
[0.626s] Generating alphabetical compound index...
[0.629s] Generating hierarchical class index...
[0.630s] Generating graphical class hierarchy...
[0.633s] Generating member index...
[0.674s] Generating file index...
[0.675s] Generating file member index...
[0.676s] Generating example index...
[0.685s] finalizing index lists...
[0.687s] writing tag file...
[0.688s] Running plantuml with JAVA...
[0.697s] Running dot...
[0.723s] lookup cache used 16/65536 hits=27 misses=16
[0.724s] finished...
[0.767s] [100%] Built target doxygen
[0.812s] Invoked command in '/home/rs/final_auto/build/unitree_ocr' returned '0': CMAKE_PREFIX_PATH=/home/rs/final_auto/install/unitree_ocr_interfaces:/home/rs/final_auto/install/unitree_inspection:/home/rs/final_auto/install/unitree_ocr:/home/rs/final_auto/install/unitree_nav:/home/rs/final_auto/install/unitree_nav_interfaces:/home/rs/final_auto/install/unitree_legged_real:/home/rs/final_auto/install/unitree_inspection_interfaces:/home/rs/final_auto/install/ros2_unitree_legged_msgs:/home/rs/final_auto/install/go1_description:/home/rs/final_auto/install/unitree_nav_launch_module:/opt/ros/humble /usr/bin/cmake --build /home/rs/final_auto/build/unitree_ocr -- -j13 -l13
[1.021s] Invoking command in '/home/rs/final_auto/build/unitree_ocr': CMAKE_PREFIX_PATH=/home/rs/final_auto/install/unitree_ocr_interfaces:/home/rs/final_auto/install/unitree_inspection:/home/rs/final_auto/install/unitree_ocr:/home/rs/final_auto/install/unitree_nav:/home/rs/final_auto/install/unitree_nav_interfaces:/home/rs/final_auto/install/unitree_legged_real:/home/rs/final_auto/install/unitree_inspection_interfaces:/home/rs/final_auto/install/ros2_unitree_legged_msgs:/home/rs/final_auto/install/go1_description:/home/rs/final_auto/install/unitree_nav_launch_module:/opt/ros/humble /usr/bin/cmake --install /home/rs/final_auto/build/unitree_ocr
[1.048s] -- Install configuration: ""
[1.052s] -- Up-to-date: /home/rs/final_auto/install/unitree_ocr/lib/unitree_ocr/text_detection_subscriber
[1.052s] -- Up-to-date: /home/rs/final_auto/install/unitree_ocr/include
[1.053s] -- Up-to-date: /home/rs/final_auto/install/unitree_ocr/include/unitree_ocr
[1.053s] -- Up-to-date: /home/rs/final_auto/install/unitree_ocr/include/unitree_ocr/ocr.hpp
[1.054s] -- Up-to-date: /home/rs/final_auto/install/unitree_ocr/lib/libunitree_ocr.a
[1.055s] -- Up-to-date: /home/rs/final_auto/install/unitree_ocr/lib/cmake/unitree_ocr/unitree_ocr-config.cmake
[1.055s] -- Up-to-date: /home/rs/final_auto/install/unitree_ocr/lib/cmake/unitree_ocr/unitree_ocr-config-noconfig.cmake
[1.056s] -- Up-to-date: /home/rs/final_auto/install/unitree_ocr/share/unitree_ocr/launch
[1.056s] -- Up-to-date: /home/rs/final_auto/install/unitree_ocr/share/unitree_ocr/launch/text_detection_subscriber.launch.py
[1.059s] -- Up-to-date: /home/rs/final_auto/install/unitree_ocr/share/unitree_ocr/models
[1.065s] -- Up-to-date: /home/rs/final_auto/install/unitree_ocr/share/unitree_ocr/models/README.md
[1.071s] -- Up-to-date: /home/rs/final_auto/install/unitree_ocr/share/ament_index/resource_index/package_run_dependencies/unitree_ocr
[1.072s] -- Up-to-date: /home/rs/final_auto/install/unitree_ocr/share/ament_index/resource_index/parent_prefix_path/unitree_ocr
[1.072s] -- Up-to-date: /home/rs/final_auto/install/unitree_ocr/share/unitree_ocr/environment/ament_prefix_path.sh
[1.072s] -- Up-to-date: /home/rs/final_auto/install/unitree_ocr/share/unitree_ocr/environment/ament_prefix_path.dsv
[1.072s] -- Up-to-date: /home/rs/final_auto/install/unitree_ocr/share/unitree_ocr/environment/path.sh
[1.072s] -- Up-to-date: /home/rs/final_auto/install/unitree_ocr/share/unitree_ocr/environment/path.dsv
[1.072s] -- Up-to-date: /home/rs/final_auto/install/unitree_ocr/share/unitree_ocr/local_setup.bash
[1.075s] -- Up-to-date: /home/rs/final_auto/install/unitree_ocr/share/unitree_ocr/local_setup.sh
[1.077s] -- Up-to-date: /home/rs/final_auto/install/unitree_ocr/share/unitree_ocr/local_setup.zsh
[1.078s] -- Up-to-date: /home/rs/final_auto/install/unitree_ocr/share/unitree_ocr/local_setup.dsv
[1.079s] -- Installing: /home/rs/final_auto/install/unitree_ocr/share/unitree_ocr/package.dsv
[1.079s] -- Up-to-date: /home/rs/final_auto/install/unitree_ocr/share/ament_index/resource_index/packages/unitree_ocr
[1.080s] -- Up-to-date: /home/rs/final_auto/install/unitree_ocr/share/unitree_ocr/cmake/unitree_ocrConfig.cmake
[1.080s] -- Up-to-date: /home/rs/final_auto/install/unitree_ocr/share/unitree_ocr/cmake/unitree_ocrConfig-version.cmake
[1.081s] -- Up-to-date: /home/rs/final_auto/install/unitree_ocr/share/unitree_ocr/package.xml
[1.081s] Invoked command in '/home/rs/final_auto/build/unitree_ocr' returned '0': CMAKE_PREFIX_PATH=/home/rs/final_auto/install/unitree_ocr_interfaces:/home/rs/final_auto/install/unitree_inspection:/home/rs/final_auto/install/unitree_ocr:/home/rs/final_auto/install/unitree_nav:/home/rs/final_auto/install/unitree_nav_interfaces:/home/rs/final_auto/install/unitree_legged_real:/home/rs/final_auto/install/unitree_inspection_interfaces:/home/rs/final_auto/install/ros2_unitree_legged_msgs:/home/rs/final_auto/install/go1_description:/home/rs/final_auto/install/unitree_nav_launch_module:/opt/ros/humble /usr/bin/cmake --install /home/rs/final_auto/build/unitree_ocr
