[0.099s] Invoking command in '/home/rs/go1_robot/build/unitree_ocr': AMENT_PREFIX_PATH=/home/rs/go1_robot/install/unitree_ocr_interfaces:${AMENT_PREFIX_PATH} CMAKE_PREFIX_PATH=/home/rs/go1_robot/install/unitree_ocr_interfaces:/opt/ros/humble LD_LIBRARY_PATH=/home/rs/go1_robot/install/unitree_ocr_interfaces/lib:${LD_LIBRARY_PATH} PYTHONPATH=/home/rs/go1_robot/install/unitree_ocr_interfaces/local/lib/python3.10/dist-packages:${PYTHONPATH} /usr/bin/cmake /home/rs/go1_robot/src/unitree_inspection/unitree_ocr -DCMAKE_INSTALL_PREFIX=/home/rs/go1_robot/install/unitree_ocr
[0.468s] -- The C compiler identification is GNU 11.4.0
[0.793s] -- The CXX compiler identification is GNU 11.4.0
[0.821s] -- Detecting C compiler ABI info
[1.238s] -- Detecting C compiler ABI info - done
[1.290s] -- Check for working C compiler: /usr/bin/cc - skipped
[1.290s] -- Detecting C compile features
[1.291s] -- Detecting C compile features - done
[1.299s] -- Detecting CXX compiler ABI info
[1.805s] -- Detecting CXX compiler ABI info - done
[1.850s] -- Check for working CXX compiler: /usr/bin/c++ - skipped
[1.850s] -- Detecting CXX compile features
[1.852s] -- Detecting CXX compile features - done
[1.857s] -- Found ament_cmake: 1.3.9 (/opt/ros/humble/share/ament_cmake/cmake)
[2.568s] -- Found Python3: /usr/bin/python3 (found version "3.10.12") found components: Interpreter 
[3.126s] -- Found rclcpp: 16.0.9 (/opt/ros/humble/share/rclcpp/cmake)
[3.314s] -- Found rosidl_generator_c: 3.1.5 (/opt/ros/humble/share/rosidl_generator_c/cmake)
[3.332s] -- Found rosidl_adapter: 3.1.5 (/opt/ros/humble/share/rosidl_adapter/cmake)
[3.368s] -- Found rosidl_generator_cpp: 3.1.5 (/opt/ros/humble/share/rosidl_generator_cpp/cmake)
[3.407s] -- Using all available rosidl_typesupport_c: rosidl_typesupport_fastrtps_c;rosidl_typesupport_introspection_c
[3.484s] -- Using all available rosidl_typesupport_cpp: rosidl_typesupport_fastrtps_cpp;rosidl_typesupport_introspection_cpp
[3.836s] -- Found rmw_implementation_cmake: 6.1.2 (/opt/ros/humble/share/rmw_implementation_cmake/cmake)
[3.852s] -- Found rmw_fastrtps_cpp: 6.2.6 (/opt/ros/humble/share/rmw_fastrtps_cpp/cmake)
[4.305s] -- Found OpenSSL: /usr/lib/x86_64-linux-gnu/libcrypto.so (found version "3.0.2")  
[4.402s] -- Found FastRTPS: /opt/ros/humble/include  
[4.536s] -- Using RMW implementation 'rmw_fastrtps_cpp' as default
[4.587s] -- Looking for pthread.h
[4.803s] -- Looking for pthread.h - found
[4.804s] -- Performing Test CMAKE_HAVE_LIBC_PTHREAD
[5.006s] -- Performing Test CMAKE_HAVE_LIBC_PTHREAD - Success
[5.008s] -- Found Threads: TRUE  
[5.375s] -- Found sensor_msgs: 4.2.4 (/opt/ros/humble/share/sensor_msgs/cmake)
[5.654s] -- Found OpenCV: /usr (found version "4.5.4") 
[5.659s] -- Found cv_bridge: 3.2.1 (/opt/ros/humble/share/cv_bridge/cmake)
[5.679s] -- Found image_transport: 3.1.9 (/opt/ros/humble/share/image_transport/cmake)
[5.783s] -- Found unitree_ocr_interfaces: 0.0.0 (/home/rs/go1_robot/install/unitree_ocr_interfaces/share/unitree_ocr_interfaces/cmake)
[6.461s] -- Found Doxygen: /usr/bin/doxygen (found version "1.9.1") found components: doxygen dot 
[6.519s] -- Found ament_lint_auto: 0.12.11 (/opt/ros/humble/share/ament_lint_auto/cmake)
[6.668s] -- Added test 'cppcheck' to perform static code analysis on C / C++ code
[6.668s] -- Configured cppcheck include dirs: $<BUILD_INTERFACE:/home/rs/go1_robot/src/unitree_inspection/unitree_ocr/include>
[6.668s] -- Configured cppcheck exclude dirs and/or files: 
[6.669s] -- Added test 'flake8' to check Python code syntax and style conventions
[6.670s] -- Added test 'lint_cmake' to check CMake code style
[6.671s] -- Added test 'pep257' to check Python code against some of the docstring style conventions in PEP 257
[6.673s] -- Added test 'uncrustify' to check C / C++ code style
[6.673s] -- Configured uncrustify additional arguments: 
[6.674s] -- Added test 'xmllint' to check XML markup files
[6.676s] -- Configuring done
[6.710s] -- Generating done
[6.713s] -- Build files have been written to: /home/rs/go1_robot/build/unitree_ocr
[6.734s] Invoked command in '/home/rs/go1_robot/build/unitree_ocr' returned '0': AMENT_PREFIX_PATH=/home/rs/go1_robot/install/unitree_ocr_interfaces:${AMENT_PREFIX_PATH} CMAKE_PREFIX_PATH=/home/rs/go1_robot/install/unitree_ocr_interfaces:/opt/ros/humble LD_LIBRARY_PATH=/home/rs/go1_robot/install/unitree_ocr_interfaces/lib:${LD_LIBRARY_PATH} PYTHONPATH=/home/rs/go1_robot/install/unitree_ocr_interfaces/local/lib/python3.10/dist-packages:${PYTHONPATH} /usr/bin/cmake /home/rs/go1_robot/src/unitree_inspection/unitree_ocr -DCMAKE_INSTALL_PREFIX=/home/rs/go1_robot/install/unitree_ocr
[6.736s] Invoking command in '/home/rs/go1_robot/build/unitree_ocr': AMENT_PREFIX_PATH=/home/rs/go1_robot/install/unitree_ocr_interfaces:${AMENT_PREFIX_PATH} CMAKE_PREFIX_PATH=/home/rs/go1_robot/install/unitree_ocr_interfaces:/opt/ros/humble LD_LIBRARY_PATH=/home/rs/go1_robot/install/unitree_ocr_interfaces/lib:${LD_LIBRARY_PATH} PYTHONPATH=/home/rs/go1_robot/install/unitree_ocr_interfaces/local/lib/python3.10/dist-packages:${PYTHONPATH} /usr/bin/cmake --build /home/rs/go1_robot/build/unitree_ocr -- -j13 -l13
[6.849s] [ 20%] [34m[1mGenerate API documentation for doxygen[0m
[6.849s] [ 40%] [32mBuilding CXX object CMakeFiles/unitree_ocr.dir/src/ocr.cpp.o[0m
[6.917s] Doxygen version used: 1.9.1
[6.923s] Searching for include files...
[6.923s] Searching for example files...
[6.923s] Searching for images...
[6.923s] Searching for dot files...
[6.924s] Searching for msc files...
[6.926s] Searching for dia files...
[6.926s] Searching for files to exclude
[6.927s] Searching INPUT for files to process...
[6.927s] Reading and parsing tag files
[6.928s] Parsing files
[6.929s] Preprocessing /home/rs/go1_robot/src/unitree_inspection/unitree_ocr/include/unitree_ocr/ocr.hpp...
[6.930s] Parsing file /home/rs/go1_robot/src/unitree_inspection/unitree_ocr/include/unitree_ocr/ocr.hpp...
[6.943s] Preprocessing /home/rs/go1_robot/src/unitree_inspection/unitree_ocr/src/ocr.cpp...
[6.944s] Parsing file /home/rs/go1_robot/src/unitree_inspection/unitree_ocr/src/ocr.cpp...
[6.945s] Building macro definition list...
[6.945s] Building group list...
[6.946s] Building directory list...
[6.946s] Building namespace list...
[6.947s] Building file list...
[6.947s] Building class list...
[6.948s] Computing nesting relations for classes...
[6.948s] Associating documentation with classes...
[6.948s] Building example list...
[6.948s] Searching for enumerations...
[6.949s] Searching for documented typedefs...
[6.949s] Searching for members imported via using declarations...
[6.949s] Searching for included using directives...
[6.949s] Searching for documented variables...
[6.950s] Building interface member list...
[6.950s] Building member list...
[6.951s] Searching for friends...
[6.952s] Searching for documented defines...
[6.952s] Computing class inheritance relations...
[6.952s] Computing class usage relations...
[6.952s] Flushing cached template relations that have become invalid...
[6.952s] Computing class relations...
[6.952s] Add enum values to enums...
[6.953s] Searching for member function documentation...
[6.953s] Creating members for template instances...
[6.953s] Building page list...
[6.953s] Search for main page...
[6.953s] Computing page relations...
[6.954s] Determining the scope of groups...
[6.954s] Sorting lists...
[6.954s] Determining which enums are documented
[6.954s] Computing member relations...
[6.954s] Building full member lists recursively...
[6.954s] Adding members to member groups.
[6.954s] Computing member references...
[6.955s] Inheriting documentation...
[6.955s] Generating disk names...
[6.955s] Adding source references...
[6.955s] Adding xrefitems...
[6.955s] Sorting member lists...
[6.955s] Setting anonymous enum type...
[6.955s] Computing dependencies between directories...
[6.956s] Generating citations page...
[6.956s] Counting members...
[6.956s] Counting data structures...
[6.956s] Resolving user defined references...
[6.956s] Finding anchors and sections in the documentation...
[6.958s] Transferring function references...
[6.958s] Combining using relations...
[6.959s] Adding members to index pages...
[6.959s] Correcting members for VHDL...
[6.959s] Computing tooltip texts...
[6.981s] Generating style sheet...
[6.982s] Generating search indices...
[6.984s] Generating example documentation...
[6.984s] Generating file sources...
[6.984s] Generating code for file include/unitree_ocr/ocr.hpp...
[6.987s] Generating file documentation...
[6.987s] Generating page documentation...
[6.987s] Generating group documentation...
[6.987s] Generating class documentation...
[6.988s] Generating namespace index...
[6.988s] Generating docs for compound unitree_ocr::TextDetector...
[6.991s] Generating graph info page...
[6.995s] Generating directory documentation...
[6.996s] Generating index page...
[6.996s] Generating page index...
[6.996s] Generating module index...
[6.997s] Generating namespace index...
[6.997s] Generating namespace member index...
[6.997s] Generating annotated compound index...
[6.998s] Generating alphabetical compound index...
[6.998s] Generating hierarchical class index...
[6.998s] Generating graphical class hierarchy...
[6.998s] Generating member index...
[7.003s] Generating file index...
[7.004s] Generating file member index...
[7.004s] Generating example index...
[7.004s] finalizing index lists...
[7.004s] writing tag file...
[7.004s] Running plantuml with JAVA...
[7.004s] Running dot...
[7.106s] Running dot for graph 1/1
[7.118s] lookup cache used 16/65536 hits=27 misses=16
[7.118s] finished...
[7.149s] [ 40%] Built target doxygen
[9.028s] [ 60%] [32m[1mLinking CXX static library libunitree_ocr.a[0m
[9.124s] [ 60%] Built target unitree_ocr
[9.172s] [ 80%] [32mBuilding CXX object CMakeFiles/text_detection_subscriber.dir/src/text_detection_subscriber.cpp.o[0m
[28.144s] [100%] [32m[1mLinking CXX executable text_detection_subscriber[0m
[31.259s] [100%] Built target text_detection_subscriber
[31.293s] Invoked command in '/home/rs/go1_robot/build/unitree_ocr' returned '0': AMENT_PREFIX_PATH=/home/rs/go1_robot/install/unitree_ocr_interfaces:${AMENT_PREFIX_PATH} CMAKE_PREFIX_PATH=/home/rs/go1_robot/install/unitree_ocr_interfaces:/opt/ros/humble LD_LIBRARY_PATH=/home/rs/go1_robot/install/unitree_ocr_interfaces/lib:${LD_LIBRARY_PATH} PYTHONPATH=/home/rs/go1_robot/install/unitree_ocr_interfaces/local/lib/python3.10/dist-packages:${PYTHONPATH} /usr/bin/cmake --build /home/rs/go1_robot/build/unitree_ocr -- -j13 -l13
[31.432s] Invoking command in '/home/rs/go1_robot/build/unitree_ocr': AMENT_PREFIX_PATH=/home/rs/go1_robot/install/unitree_ocr_interfaces:${AMENT_PREFIX_PATH} CMAKE_PREFIX_PATH=/home/rs/go1_robot/install/unitree_ocr_interfaces:/opt/ros/humble LD_LIBRARY_PATH=/home/rs/go1_robot/install/unitree_ocr_interfaces/lib:${LD_LIBRARY_PATH} PYTHONPATH=/home/rs/go1_robot/install/unitree_ocr_interfaces/local/lib/python3.10/dist-packages:${PYTHONPATH} /usr/bin/cmake --install /home/rs/go1_robot/build/unitree_ocr
[31.458s] -- Install configuration: ""
[31.459s] -- Installing: /home/rs/go1_robot/install/unitree_ocr/lib/unitree_ocr/text_detection_subscriber
[31.462s] -- Set runtime path of "/home/rs/go1_robot/install/unitree_ocr/lib/unitree_ocr/text_detection_subscriber" to ""
[31.463s] -- Up-to-date: /home/rs/go1_robot/install/unitree_ocr/include
[31.463s] -- Up-to-date: /home/rs/go1_robot/install/unitree_ocr/include/unitree_ocr
[31.463s] -- Up-to-date: /home/rs/go1_robot/install/unitree_ocr/include/unitree_ocr/ocr.hpp
[31.464s] -- Installing: /home/rs/go1_robot/install/unitree_ocr/lib/libunitree_ocr.a
[31.464s] -- Installing: /home/rs/go1_robot/install/unitree_ocr/lib/cmake/unitree_ocr/unitree_ocr-config.cmake
[31.465s] -- Installing: /home/rs/go1_robot/install/unitree_ocr/lib/cmake/unitree_ocr/unitree_ocr-config-noconfig.cmake
[31.466s] -- Up-to-date: /home/rs/go1_robot/install/unitree_ocr/share/unitree_ocr/launch
[31.466s] -- Up-to-date: /home/rs/go1_robot/install/unitree_ocr/share/unitree_ocr/launch/text_detection_subscriber.launch.py
[31.467s] -- Up-to-date: /home/rs/go1_robot/install/unitree_ocr/share/unitree_ocr/models
[31.468s] -- Up-to-date: /home/rs/go1_robot/install/unitree_ocr/share/unitree_ocr/models/README.md
[31.468s] -- Installing: /home/rs/go1_robot/install/unitree_ocr/share/ament_index/resource_index/package_run_dependencies/unitree_ocr
[31.468s] -- Installing: /home/rs/go1_robot/install/unitree_ocr/share/ament_index/resource_index/parent_prefix_path/unitree_ocr
[31.468s] -- Installing: /home/rs/go1_robot/install/unitree_ocr/share/unitree_ocr/environment/ament_prefix_path.sh
[31.468s] -- Installing: /home/rs/go1_robot/install/unitree_ocr/share/unitree_ocr/environment/ament_prefix_path.dsv
[31.468s] -- Installing: /home/rs/go1_robot/install/unitree_ocr/share/unitree_ocr/environment/path.sh
[31.474s] -- Installing: /home/rs/go1_robot/install/unitree_ocr/share/unitree_ocr/environment/path.dsv
[31.474s] -- Installing: /home/rs/go1_robot/install/unitree_ocr/share/unitree_ocr/local_setup.bash
[31.475s] -- Installing: /home/rs/go1_robot/install/unitree_ocr/share/unitree_ocr/local_setup.sh
[31.475s] -- Installing: /home/rs/go1_robot/install/unitree_ocr/share/unitree_ocr/local_setup.zsh
[31.475s] -- Installing: /home/rs/go1_robot/install/unitree_ocr/share/unitree_ocr/local_setup.dsv
[31.484s] -- Installing: /home/rs/go1_robot/install/unitree_ocr/share/unitree_ocr/package.dsv
[31.484s] -- Installing: /home/rs/go1_robot/install/unitree_ocr/share/ament_index/resource_index/packages/unitree_ocr
[31.489s] -- Installing: /home/rs/go1_robot/install/unitree_ocr/share/unitree_ocr/cmake/unitree_ocrConfig.cmake
[31.489s] -- Installing: /home/rs/go1_robot/install/unitree_ocr/share/unitree_ocr/cmake/unitree_ocrConfig-version.cmake
[31.490s] -- Up-to-date: /home/rs/go1_robot/install/unitree_ocr/share/unitree_ocr/package.xml
[31.490s] Invoked command in '/home/rs/go1_robot/build/unitree_ocr' returned '0': AMENT_PREFIX_PATH=/home/rs/go1_robot/install/unitree_ocr_interfaces:${AMENT_PREFIX_PATH} CMAKE_PREFIX_PATH=/home/rs/go1_robot/install/unitree_ocr_interfaces:/opt/ros/humble LD_LIBRARY_PATH=/home/rs/go1_robot/install/unitree_ocr_interfaces/lib:${LD_LIBRARY_PATH} PYTHONPATH=/home/rs/go1_robot/install/unitree_ocr_interfaces/local/lib/python3.10/dist-packages:${PYTHONPATH} /usr/bin/cmake --install /home/rs/go1_robot/build/unitree_ocr
