[0.253s] Invoking command in '/home/rs/go1_robot/build/unitree_ocr': AMENT_PREFIX_PATH=/home/rs/go1_robot/install/unitree_ocr_interfaces:${AMENT_PREFIX_PATH} CMAKE_PREFIX_PATH=/home/rs/go1_robot/install/unitree_ocr_interfaces:/opt/ros/humble LD_LIBRARY_PATH=/home/rs/go1_robot/install/unitree_ocr_interfaces/lib:${LD_LIBRARY_PATH} PYTHONPATH=/home/rs/go1_robot/install/unitree_ocr_interfaces/local/lib/python3.10/dist-packages:${PYTHONPATH} /usr/bin/cmake --build /home/rs/go1_robot/build/unitree_ocr -- -j13 -l13
[0.368s] [35m[1mConsolidate compiler generated dependencies of target unitree_ocr[0m
[0.400s] [ 20%] [34m[1mGenerate API documentation for doxygen[0m
[0.416s] [ 60%] Built target unitree_ocr
[0.454s] [35m[1mConsolidate compiler generated dependencies of target text_detection_subscriber[0m
[0.492s] Doxygen version used: 1.9.1
[0.500s] Searching for include files...
[0.500s] Searching for example files...
[0.501s] Searching for images...
[0.501s] Searching for dot files...
[0.501s] Searching for msc files...
[0.501s] Searching for dia files...
[0.503s] Searching for files to exclude
[0.503s] Searching INPUT for files to process...
[0.504s] Reading and parsing tag files
[0.505s] Parsing files
[0.505s] Preprocessing /home/rs/go1_robot/src/unitree_inspection/unitree_ocr/include/unitree_ocr/ocr.hpp...
[0.505s] Parsing file /home/rs/go1_robot/src/unitree_inspection/unitree_ocr/include/unitree_ocr/ocr.hpp...
[0.506s] Preprocessing /home/rs/go1_robot/src/unitree_inspection/unitree_ocr/src/ocr.cpp...
[0.506s] Parsing file /home/rs/go1_robot/src/unitree_inspection/unitree_ocr/src/ocr.cpp...
[0.506s] Building macro definition list...
[0.506s] Building group list...
[0.506s] Building directory list...
[0.506s] Building namespace list...
[0.507s] Building file list...
[0.507s] Building class list...
[0.507s] Computing nesting relations for classes...
[0.507s] Associating documentation with classes...
[0.509s] Building example list...
[0.510s] Searching for enumerations...
[0.510s] Searching for documented typedefs...
[0.511s] Searching for members imported via using declarations...
[0.511s] Searching for included using directives...
[0.511s] Searching for documented variables...
[0.511s] Building interface member list...
[0.511s] Building member list...
[0.512s] Searching for friends...
[0.512s] Searching for documented defines...
[0.513s] Computing class inheritance relations...
[0.513s] Computing class usage relations...
[0.513s] Flushing cached template relations that have become invalid...
[0.513s] Computing class relations...
[0.513s] Add enum values to enums...
[0.513s] Searching for member function documentation...
[0.513s] Creating members for template instances...
[0.513s] Building page list...
[0.513s] Search for main page...
[0.513s] Computing page relations...
[0.514s] Determining the scope of groups...
[0.514s] Sorting lists...
[0.516s] Determining which enums are documented
[0.517s] Computing member relations...
[0.517s] Building full member lists recursively...
[0.518s] Adding members to member groups.
[0.519s] Computing member references...
[0.520s] Inheriting documentation...
[0.521s] Generating disk names...
[0.522s] Adding source references...
[0.523s] Adding xrefitems...
[0.523s] Sorting member lists...
[0.524s] Setting anonymous enum type...
[0.525s] Computing dependencies between directories...
[0.526s] Generating citations page...
[0.526s] Counting members...
[0.526s] Counting data structures...
[0.527s] Resolving user defined references...
[0.527s] Finding anchors and sections in the documentation...
[0.528s] Transferring function references...
[0.528s] Combining using relations...
[0.529s] Adding members to index pages...
[0.529s] Correcting members for VHDL...
[0.530s] Computing tooltip texts...
[0.532s] [100%] Built target text_detection_subscriber
[0.534s] Generating style sheet...
[0.536s] Generating search indices...
[0.547s] Generating example documentation...
[0.547s] Generating file sources...
[0.548s] Generating code for file include/unitree_ocr/ocr.hpp...
[0.550s] Generating file documentation...
[0.550s] Generating page documentation...
[0.551s] Generating group documentation...
[0.551s] Generating class documentation...
[0.551s] Generating namespace index...
[0.551s] Generating docs for compound unitree_ocr::TextDetector...
[0.556s] Generating graph info page...
[0.559s] Generating directory documentation...
[0.564s] Generating index page...
[0.566s] Generating page index...
[0.566s] Generating module index...
[0.566s] Generating namespace index...
[0.567s] Generating namespace member index...
[0.567s] Generating annotated compound index...
[0.569s] Generating alphabetical compound index...
[0.570s] Generating hierarchical class index...
[0.570s] Generating graphical class hierarchy...
[0.571s] Generating member index...
[0.583s] Generating file index...
[0.584s] Generating file member index...
[0.585s] Generating example index...
[0.586s] finalizing index lists...
[0.586s] writing tag file...
[0.587s] Running plantuml with JAVA...
[0.587s] Running dot...
[0.601s] lookup cache used 16/65536 hits=27 misses=16
[0.601s] finished...
[0.639s] [100%] Built target doxygen
[0.673s] Invoked command in '/home/rs/go1_robot/build/unitree_ocr' returned '0': AMENT_PREFIX_PATH=/home/rs/go1_robot/install/unitree_ocr_interfaces:${AMENT_PREFIX_PATH} CMAKE_PREFIX_PATH=/home/rs/go1_robot/install/unitree_ocr_interfaces:/opt/ros/humble LD_LIBRARY_PATH=/home/rs/go1_robot/install/unitree_ocr_interfaces/lib:${LD_LIBRARY_PATH} PYTHONPATH=/home/rs/go1_robot/install/unitree_ocr_interfaces/local/lib/python3.10/dist-packages:${PYTHONPATH} /usr/bin/cmake --build /home/rs/go1_robot/build/unitree_ocr -- -j13 -l13
[0.816s] Invoking command in '/home/rs/go1_robot/build/unitree_ocr': AMENT_PREFIX_PATH=/home/rs/go1_robot/install/unitree_ocr_interfaces:${AMENT_PREFIX_PATH} CMAKE_PREFIX_PATH=/home/rs/go1_robot/install/unitree_ocr_interfaces:/opt/ros/humble LD_LIBRARY_PATH=/home/rs/go1_robot/install/unitree_ocr_interfaces/lib:${LD_LIBRARY_PATH} PYTHONPATH=/home/rs/go1_robot/install/unitree_ocr_interfaces/local/lib/python3.10/dist-packages:${PYTHONPATH} /usr/bin/cmake --install /home/rs/go1_robot/build/unitree_ocr
[0.832s] -- Install configuration: ""
[0.836s] -- Up-to-date: /home/rs/go1_robot/install/unitree_ocr/lib/unitree_ocr/text_detection_subscriber
[0.838s] -- Up-to-date: /home/rs/go1_robot/install/unitree_ocr/include
[0.842s] -- Up-to-date: /home/rs/go1_robot/install/unitree_ocr/include/unitree_ocr
[0.844s] -- Up-to-date: /home/rs/go1_robot/install/unitree_ocr/include/unitree_ocr/ocr.hpp
[0.846s] -- Up-to-date: /home/rs/go1_robot/install/unitree_ocr/lib/libunitree_ocr.a
[0.847s] -- Up-to-date: /home/rs/go1_robot/install/unitree_ocr/lib/cmake/unitree_ocr/unitree_ocr-config.cmake
[0.847s] -- Up-to-date: /home/rs/go1_robot/install/unitree_ocr/lib/cmake/unitree_ocr/unitree_ocr-config-noconfig.cmake
[0.848s] -- Up-to-date: /home/rs/go1_robot/install/unitree_ocr/share/unitree_ocr/launch
[0.849s] -- Up-to-date: /home/rs/go1_robot/install/unitree_ocr/share/unitree_ocr/launch/text_detection_subscriber.launch.py
[0.849s] -- Up-to-date: /home/rs/go1_robot/install/unitree_ocr/share/unitree_ocr/models
[0.849s] -- Up-to-date: /home/rs/go1_robot/install/unitree_ocr/share/unitree_ocr/models/README.md
[0.850s] -- Up-to-date: /home/rs/go1_robot/install/unitree_ocr/share/ament_index/resource_index/package_run_dependencies/unitree_ocr
[0.850s] -- Up-to-date: /home/rs/go1_robot/install/unitree_ocr/share/ament_index/resource_index/parent_prefix_path/unitree_ocr
[0.851s] -- Up-to-date: /home/rs/go1_robot/install/unitree_ocr/share/unitree_ocr/environment/ament_prefix_path.sh
[0.852s] -- Up-to-date: /home/rs/go1_robot/install/unitree_ocr/share/unitree_ocr/environment/ament_prefix_path.dsv
[0.852s] -- Up-to-date: /home/rs/go1_robot/install/unitree_ocr/share/unitree_ocr/environment/path.sh
[0.854s] -- Up-to-date: /home/rs/go1_robot/install/unitree_ocr/share/unitree_ocr/environment/path.dsv
[0.855s] -- Up-to-date: /home/rs/go1_robot/install/unitree_ocr/share/unitree_ocr/local_setup.bash
[0.855s] -- Up-to-date: /home/rs/go1_robot/install/unitree_ocr/share/unitree_ocr/local_setup.sh
[0.856s] -- Up-to-date: /home/rs/go1_robot/install/unitree_ocr/share/unitree_ocr/local_setup.zsh
[0.856s] -- Up-to-date: /home/rs/go1_robot/install/unitree_ocr/share/unitree_ocr/local_setup.dsv
[0.858s] -- Installing: /home/rs/go1_robot/install/unitree_ocr/share/unitree_ocr/package.dsv
[0.858s] -- Up-to-date: /home/rs/go1_robot/install/unitree_ocr/share/ament_index/resource_index/packages/unitree_ocr
[0.859s] -- Up-to-date: /home/rs/go1_robot/install/unitree_ocr/share/unitree_ocr/cmake/unitree_ocrConfig.cmake
[0.860s] -- Up-to-date: /home/rs/go1_robot/install/unitree_ocr/share/unitree_ocr/cmake/unitree_ocrConfig-version.cmake
[0.860s] -- Up-to-date: /home/rs/go1_robot/install/unitree_ocr/share/unitree_ocr/package.xml
[0.863s] Invoked command in '/home/rs/go1_robot/build/unitree_ocr' returned '0': AMENT_PREFIX_PATH=/home/rs/go1_robot/install/unitree_ocr_interfaces:${AMENT_PREFIX_PATH} CMAKE_PREFIX_PATH=/home/rs/go1_robot/install/unitree_ocr_interfaces:/opt/ros/humble LD_LIBRARY_PATH=/home/rs/go1_robot/install/unitree_ocr_interfaces/lib:${LD_LIBRARY_PATH} PYTHONPATH=/home/rs/go1_robot/install/unitree_ocr_interfaces/local/lib/python3.10/dist-packages:${PYTHONPATH} /usr/bin/cmake --install /home/rs/go1_robot/build/unitree_ocr
