[0.067s] Invoking command in '/home/rs/go1_robot/build/unitree_ocr': AMENT_PREFIX_PATH=/home/rs/go1_robot/install/unitree_ocr_interfaces CMAKE_PREFIX_PATH=/home/rs/go1_robot/install/unitree_ocr_interfaces LD_LIBRARY_PATH=/home/rs/go1_robot/install/unitree_ocr_interfaces/lib PYTHONPATH=/home/rs/go1_robot/install/unitree_ocr_interfaces/local/lib/python3.10/dist-packages /usr/bin/cmake --build /home/rs/go1_robot/build/unitree_ocr -- -j13 -l13
[0.319s] [ 20%] [34m[1mGenerate API documentation for doxygen[0m
[0.327s] [ 60%] Built target unitree_ocr
[0.555s] [100%] Built target text_detection_subscriber
[1.156s] Doxygen version used: 1.9.1
[1.166s] Searching for include files...
[1.167s] Searching for example files...
[1.168s] Searching for images...
[1.168s] Searching for dot files...
[1.168s] Searching for msc files...
[1.170s] Searching for dia files...
[1.170s] Searching for files to exclude
[1.171s] Searching INPUT for files to process...
[1.172s] Reading and parsing tag files
[1.173s] Parsing files
[1.178s] Preprocessing /home/rs/go1_robot/src/unitree_inspection/unitree_ocr/include/unitree_ocr/ocr.hpp...
[1.181s] Parsing file /home/rs/go1_robot/src/unitree_inspection/unitree_ocr/include/unitree_ocr/ocr.hpp...
[1.201s] Preprocessing /home/rs/go1_robot/src/unitree_inspection/unitree_ocr/src/ocr.cpp...
[1.206s] Parsing file /home/rs/go1_robot/src/unitree_inspection/unitree_ocr/src/ocr.cpp...
[1.207s] Building macro definition list...
[1.207s] Building group list...
[1.208s] Building directory list...
[1.210s] Building namespace list...
[1.210s] Building file list...
[1.210s] Building class list...
[1.213s] Computing nesting relations for classes...
[1.214s] Associating documentation with classes...
[1.215s] Building example list...
[1.216s] Searching for enumerations...
[1.218s] Searching for documented typedefs...
[1.218s] Searching for members imported via using declarations...
[1.219s] Searching for included using directives...
[1.220s] Searching for documented variables...
[1.220s] Building interface member list...
[1.220s] Building member list...
[1.224s] Searching for friends...
[1.224s] Searching for documented defines...
[1.225s] Computing class inheritance relations...
[1.225s] Computing class usage relations...
[1.226s] Flushing cached template relations that have become invalid...
[1.226s] Computing class relations...
[1.226s] Add enum values to enums...
[1.226s] Searching for member function documentation...
[1.227s] Creating members for template instances...
[1.228s] Building page list...
[1.228s] Search for main page...
[1.228s] Computing page relations...
[1.228s] Determining the scope of groups...
[1.229s] Sorting lists...
[1.230s] Determining which enums are documented
[1.231s] Computing member relations...
[1.231s] Building full member lists recursively...
[1.231s] Adding members to member groups.
[1.232s] Computing member references...
[1.232s] Inheriting documentation...
[1.232s] Generating disk names...
[1.233s] Adding source references...
[1.234s] Adding xrefitems...
[1.235s] Sorting member lists...
[1.236s] Setting anonymous enum type...
[1.236s] Computing dependencies between directories...
[1.236s] Generating citations page...
[1.236s] Counting members...
[1.237s] Counting data structures...
[1.237s] Resolving user defined references...
[1.237s] Finding anchors and sections in the documentation...
[1.238s] Transferring function references...
[1.239s] Combining using relations...
[1.239s] Adding members to index pages...
[1.240s] Correcting members for VHDL...
[1.240s] Computing tooltip texts...
[1.273s] Generating style sheet...
[1.276s] Generating search indices...
[1.288s] Generating example documentation...
[1.289s] Generating file sources...
[1.292s] Generating code for file include/unitree_ocr/ocr.hpp...
[1.298s] Generating file documentation...
[1.299s] Generating page documentation...
[1.300s] Generating group documentation...
[1.300s] Generating class documentation...
[1.301s] Generating namespace index...
[1.301s] Generating docs for compound unitree_ocr::TextDetector...
[1.306s] Generating graph info page...
[1.312s] Generating directory documentation...
[1.317s] Generating index page...
[1.319s] Generating page index...
[1.320s] Generating module index...
[1.320s] Generating namespace index...
[1.322s] Generating namespace member index...
[1.323s] Generating annotated compound index...
[1.323s] Generating alphabetical compound index...
[1.324s] Generating hierarchical class index...
[1.324s] Generating graphical class hierarchy...
[1.325s] Generating member index...
[1.337s] Generating file index...
[1.341s] Generating file member index...
[1.342s] Generating example index...
[1.342s] finalizing index lists...
[1.343s] writing tag file...
[1.343s] Running plantuml with JAVA...
[1.344s] Running dot...
[1.369s] lookup cache used 16/65536 hits=27 misses=16
[1.369s] finished...
[1.448s] [100%] Built target doxygen
[1.474s] Invoked command in '/home/rs/go1_robot/build/unitree_ocr' returned '0': AMENT_PREFIX_PATH=/home/rs/go1_robot/install/unitree_ocr_interfaces CMAKE_PREFIX_PATH=/home/rs/go1_robot/install/unitree_ocr_interfaces LD_LIBRARY_PATH=/home/rs/go1_robot/install/unitree_ocr_interfaces/lib PYTHONPATH=/home/rs/go1_robot/install/unitree_ocr_interfaces/local/lib/python3.10/dist-packages /usr/bin/cmake --build /home/rs/go1_robot/build/unitree_ocr -- -j13 -l13
[1.592s] Invoking command in '/home/rs/go1_robot/build/unitree_ocr': AMENT_PREFIX_PATH=/home/rs/go1_robot/install/unitree_ocr_interfaces CMAKE_PREFIX_PATH=/home/rs/go1_robot/install/unitree_ocr_interfaces LD_LIBRARY_PATH=/home/rs/go1_robot/install/unitree_ocr_interfaces/lib PYTHONPATH=/home/rs/go1_robot/install/unitree_ocr_interfaces/local/lib/python3.10/dist-packages /usr/bin/cmake --install /home/rs/go1_robot/build/unitree_ocr
[1.625s] -- Install configuration: ""
[1.626s] -- Up-to-date: /home/rs/go1_robot/install/unitree_ocr/lib/unitree_ocr/text_detection_subscriber
[1.627s] -- Up-to-date: /home/rs/go1_robot/install/unitree_ocr/include
[1.627s] -- Up-to-date: /home/rs/go1_robot/install/unitree_ocr/include/unitree_ocr
[1.628s] -- Up-to-date: /home/rs/go1_robot/install/unitree_ocr/include/unitree_ocr/ocr.hpp
[1.628s] -- Up-to-date: /home/rs/go1_robot/install/unitree_ocr/lib/libunitree_ocr.a
[1.629s] -- Up-to-date: /home/rs/go1_robot/install/unitree_ocr/lib/cmake/unitree_ocr/unitree_ocr-config.cmake
[1.629s] -- Up-to-date: /home/rs/go1_robot/install/unitree_ocr/lib/cmake/unitree_ocr/unitree_ocr-config-noconfig.cmake
[1.629s] -- Up-to-date: /home/rs/go1_robot/install/unitree_ocr/share/unitree_ocr/launch
[1.630s] -- Up-to-date: /home/rs/go1_robot/install/unitree_ocr/share/unitree_ocr/launch/text_detection_subscriber.launch.py
[1.630s] -- Up-to-date: /home/rs/go1_robot/install/unitree_ocr/share/unitree_ocr/models
[1.630s] -- Up-to-date: /home/rs/go1_robot/install/unitree_ocr/share/unitree_ocr/models/README.md
[1.634s] -- Up-to-date: /home/rs/go1_robot/install/unitree_ocr/share/ament_index/resource_index/package_run_dependencies/unitree_ocr
[1.634s] -- Up-to-date: /home/rs/go1_robot/install/unitree_ocr/share/ament_index/resource_index/parent_prefix_path/unitree_ocr
[1.635s] -- Up-to-date: /home/rs/go1_robot/install/unitree_ocr/share/unitree_ocr/environment/ament_prefix_path.sh
[1.636s] -- Up-to-date: /home/rs/go1_robot/install/unitree_ocr/share/unitree_ocr/environment/ament_prefix_path.dsv
[1.636s] -- Up-to-date: /home/rs/go1_robot/install/unitree_ocr/share/unitree_ocr/environment/path.sh
[1.637s] -- Up-to-date: /home/rs/go1_robot/install/unitree_ocr/share/unitree_ocr/environment/path.dsv
[1.638s] -- Up-to-date: /home/rs/go1_robot/install/unitree_ocr/share/unitree_ocr/local_setup.bash
[1.638s] -- Up-to-date: /home/rs/go1_robot/install/unitree_ocr/share/unitree_ocr/local_setup.sh
[1.647s] -- Up-to-date: /home/rs/go1_robot/install/unitree_ocr/share/unitree_ocr/local_setup.zsh
[1.649s] -- Up-to-date: /home/rs/go1_robot/install/unitree_ocr/share/unitree_ocr/local_setup.dsv
[1.650s] -- Installing: /home/rs/go1_robot/install/unitree_ocr/share/unitree_ocr/package.dsv
[1.651s] -- Up-to-date: /home/rs/go1_robot/install/unitree_ocr/share/ament_index/resource_index/packages/unitree_ocr
[1.651s] -- Up-to-date: /home/rs/go1_robot/install/unitree_ocr/share/unitree_ocr/cmake/unitree_ocrConfig.cmake
[1.652s] -- Up-to-date: /home/rs/go1_robot/install/unitree_ocr/share/unitree_ocr/cmake/unitree_ocrConfig-version.cmake
[1.652s] -- Up-to-date: /home/rs/go1_robot/install/unitree_ocr/share/unitree_ocr/package.xml
[1.653s] Invoked command in '/home/rs/go1_robot/build/unitree_ocr' returned '0': AMENT_PREFIX_PATH=/home/rs/go1_robot/install/unitree_ocr_interfaces CMAKE_PREFIX_PATH=/home/rs/go1_robot/install/unitree_ocr_interfaces LD_LIBRARY_PATH=/home/rs/go1_robot/install/unitree_ocr_interfaces/lib PYTHONPATH=/home/rs/go1_robot/install/unitree_ocr_interfaces/local/lib/python3.10/dist-packages /usr/bin/cmake --install /home/rs/go1_robot/build/unitree_ocr
