[0.049s] Invoking command in '/home/rs/final_auto/build/unitree_legged_real': CMAKE_PREFIX_PATH=/home/rs/final_auto/install/ros2_unitree_legged_msgs:/home/rs/final_auto/install/unitree_inspection:/home/rs/final_auto/install/unitree_ocr:/home/rs/final_auto/install/unitree_ocr_interfaces:/home/rs/final_auto/install/unitree_nav:/home/rs/final_auto/install/unitree_nav_interfaces:/home/rs/final_auto/install/unitree_legged_real:/home/rs/final_auto/install/unitree_inspection_interfaces:/home/rs/final_auto/install/go1_description:/home/rs/final_auto/install/unitree_nav_launch_module:/opt/ros/humble LD_LIBRARY_PATH=/home/rs/final_auto/install/ros2_unitree_legged_msgs/lib:/home/rs/final_auto/install/unitree_ocr_interfaces/lib:/home/rs/final_auto/install/unitree_nav_interfaces/lib:/home/rs/final_auto/install/unitree_legged_real/lib:/home/rs/final_auto/install/unitree_inspection_interfaces/lib:/opt/ros/humble/opt/rviz_ogre_vendor/lib:/opt/ros/humble/lib/x86_64-linux-gnu:/opt/ros/humble/lib /usr/bin/cmake --build /home/rs/final_auto/build/unitree_legged_real -- -j13 -l13
[0.170s] [35m[1mConsolidate compiler generated dependencies of target jsp_high[0m
[0.175s] [35m[1mConsolidate compiler generated dependencies of target udp_high[0m
[0.175s] [35m[1mConsolidate compiler generated dependencies of target jsp_low[0m
[0.175s] [35m[1mConsolidate compiler generated dependencies of target ros2_position_example[0m
[0.175s] [35m[1mConsolidate compiler generated dependencies of target ros2_udp[0m
[0.176s] [35m[1mConsolidate compiler generated dependencies of target udp_low[0m
[0.181s] [35m[1mConsolidate compiler generated dependencies of target ros2_walk_example[0m
[0.187s] [35m[1mConsolidate compiler generated dependencies of target custom_gait[0m
[0.273s] [ 25%] Built target jsp_high
[0.274s] [ 25%] Built target jsp_low
[0.302s] [ 37%] Built target custom_gait
[0.328s] [ 50%] Built target ros2_walk_example
[0.332s] [ 62%] Built target ros2_position_example
[0.333s] [ 75%] Built target udp_high
[0.347s] [ 87%] Built target udp_low
[0.366s] [100%] Built target ros2_udp
[0.398s] Invoked command in '/home/rs/final_auto/build/unitree_legged_real' returned '0': CMAKE_PREFIX_PATH=/home/rs/final_auto/install/ros2_unitree_legged_msgs:/home/rs/final_auto/install/unitree_inspection:/home/rs/final_auto/install/unitree_ocr:/home/rs/final_auto/install/unitree_ocr_interfaces:/home/rs/final_auto/install/unitree_nav:/home/rs/final_auto/install/unitree_nav_interfaces:/home/rs/final_auto/install/unitree_legged_real:/home/rs/final_auto/install/unitree_inspection_interfaces:/home/rs/final_auto/install/go1_description:/home/rs/final_auto/install/unitree_nav_launch_module:/opt/ros/humble LD_LIBRARY_PATH=/home/rs/final_auto/install/ros2_unitree_legged_msgs/lib:/home/rs/final_auto/install/unitree_ocr_interfaces/lib:/home/rs/final_auto/install/unitree_nav_interfaces/lib:/home/rs/final_auto/install/unitree_legged_real/lib:/home/rs/final_auto/install/unitree_inspection_interfaces/lib:/opt/ros/humble/opt/rviz_ogre_vendor/lib:/opt/ros/humble/lib/x86_64-linux-gnu:/opt/ros/humble/lib /usr/bin/cmake --build /home/rs/final_auto/build/unitree_legged_real -- -j13 -l13
[0.613s] Invoking command in '/home/rs/final_auto/build/unitree_legged_real': CMAKE_PREFIX_PATH=/home/rs/final_auto/install/ros2_unitree_legged_msgs:/home/rs/final_auto/install/unitree_inspection:/home/rs/final_auto/install/unitree_ocr:/home/rs/final_auto/install/unitree_ocr_interfaces:/home/rs/final_auto/install/unitree_nav:/home/rs/final_auto/install/unitree_nav_interfaces:/home/rs/final_auto/install/unitree_legged_real:/home/rs/final_auto/install/unitree_inspection_interfaces:/home/rs/final_auto/install/go1_description:/home/rs/final_auto/install/unitree_nav_launch_module:/opt/ros/humble LD_LIBRARY_PATH=/home/rs/final_auto/install/ros2_unitree_legged_msgs/lib:/home/rs/final_auto/install/unitree_ocr_interfaces/lib:/home/rs/final_auto/install/unitree_nav_interfaces/lib:/home/rs/final_auto/install/unitree_legged_real/lib:/home/rs/final_auto/install/unitree_inspection_interfaces/lib:/opt/ros/humble/opt/rviz_ogre_vendor/lib:/opt/ros/humble/lib/x86_64-linux-gnu:/opt/ros/humble/lib /usr/bin/cmake --install /home/rs/final_auto/build/unitree_legged_real
[0.634s] -- Install configuration: ""
[0.636s] -- Up-to-date: /home/rs/final_auto/install/unitree_legged_real/lib
[0.637s] -- Up-to-date: /home/rs/final_auto/install/unitree_legged_real/lib/libunitree_legged_sdk_arm64.so
[0.638s] -- Up-to-date: /home/rs/final_auto/install/unitree_legged_real/lib/libunitree_legged_sdk_amd64.so
[0.638s] -- Up-to-date: /home/rs/final_auto/install/unitree_legged_real/lib/unitree_legged_real/ros2_udp
[0.638s] -- Up-to-date: /home/rs/final_auto/install/unitree_legged_real/lib/unitree_legged_real/udp_high
[0.641s] -- Up-to-date: /home/rs/final_auto/install/unitree_legged_real/lib/unitree_legged_real/jsp_high
[0.642s] -- Up-to-date: /home/rs/final_auto/install/unitree_legged_real/lib/unitree_legged_real/ros2_walk_example
[0.644s] -- Up-to-date: /home/rs/final_auto/install/unitree_legged_real/lib/unitree_legged_real/ros2_position_example
[0.652s] -- Up-to-date: /home/rs/final_auto/install/unitree_legged_real/lib/unitree_legged_real/custom_gait
[0.653s] -- Up-to-date: /home/rs/final_auto/install/unitree_legged_real/lib/unitree_legged_real/udp_low
[0.653s] -- Up-to-date: /home/rs/final_auto/install/unitree_legged_real/lib/unitree_legged_real/jsp_low
[0.654s] -- Up-to-date: /home/rs/final_auto/install/unitree_legged_real/share/unitree_legged_real//launch
[0.654s] -- Up-to-date: /home/rs/final_auto/install/unitree_legged_real/share/unitree_legged_real//launch/high.launch.py
[0.654s] -- Up-to-date: /home/rs/final_auto/install/unitree_legged_real/share/unitree_legged_real//launch/low.launch.py
[0.655s] -- Up-to-date: /home/rs/final_auto/install/unitree_legged_real/share/unitree_legged_real//config
[0.656s] -- Up-to-date: /home/rs/final_auto/install/unitree_legged_real/share/unitree_legged_real//config/state_only.rviz
[0.656s] -- Up-to-date: /home/rs/final_auto/install/unitree_legged_real/share/unitree_legged_real//config/state_and_cmd.rviz
[0.657s] -- Up-to-date: /home/rs/final_auto/install/unitree_legged_real/share/unitree_legged_real//config/cmd_only.rviz
[0.657s] -- Up-to-date: /home/rs/final_auto/install/unitree_legged_real/share/ament_index/resource_index/package_run_dependencies/unitree_legged_real
[0.657s] -- Up-to-date: /home/rs/final_auto/install/unitree_legged_real/share/ament_index/resource_index/parent_prefix_path/unitree_legged_real
[0.658s] -- Up-to-date: /home/rs/final_auto/install/unitree_legged_real/share/unitree_legged_real/environment/ament_prefix_path.sh
[0.659s] -- Up-to-date: /home/rs/final_auto/install/unitree_legged_real/share/unitree_legged_real/environment/ament_prefix_path.dsv
[0.660s] -- Up-to-date: /home/rs/final_auto/install/unitree_legged_real/share/unitree_legged_real/environment/path.sh
[0.660s] -- Up-to-date: /home/rs/final_auto/install/unitree_legged_real/share/unitree_legged_real/environment/path.dsv
[0.661s] -- Up-to-date: /home/rs/final_auto/install/unitree_legged_real/share/unitree_legged_real/local_setup.bash
[0.661s] -- Up-to-date: /home/rs/final_auto/install/unitree_legged_real/share/unitree_legged_real/local_setup.sh
[0.661s] -- Up-to-date: /home/rs/final_auto/install/unitree_legged_real/share/unitree_legged_real/local_setup.zsh
[0.662s] -- Up-to-date: /home/rs/final_auto/install/unitree_legged_real/share/unitree_legged_real/local_setup.dsv
[0.662s] -- Installing: /home/rs/final_auto/install/unitree_legged_real/share/unitree_legged_real/package.dsv
[0.663s] -- Up-to-date: /home/rs/final_auto/install/unitree_legged_real/share/ament_index/resource_index/packages/unitree_legged_real
[0.663s] -- Up-to-date: /home/rs/final_auto/install/unitree_legged_real/share/unitree_legged_real/cmake/unitree_legged_realConfig.cmake
[0.664s] -- Up-to-date: /home/rs/final_auto/install/unitree_legged_real/share/unitree_legged_real/cmake/unitree_legged_realConfig-version.cmake
[0.664s] -- Up-to-date: /home/rs/final_auto/install/unitree_legged_real/share/unitree_legged_real/package.xml
[0.700s] Invoked command in '/home/rs/final_auto/build/unitree_legged_real' returned '0': CMAKE_PREFIX_PATH=/home/rs/final_auto/install/ros2_unitree_legged_msgs:/home/rs/final_auto/install/unitree_inspection:/home/rs/final_auto/install/unitree_ocr:/home/rs/final_auto/install/unitree_ocr_interfaces:/home/rs/final_auto/install/unitree_nav:/home/rs/final_auto/install/unitree_nav_interfaces:/home/rs/final_auto/install/unitree_legged_real:/home/rs/final_auto/install/unitree_inspection_interfaces:/home/rs/final_auto/install/go1_description:/home/rs/final_auto/install/unitree_nav_launch_module:/opt/ros/humble LD_LIBRARY_PATH=/home/rs/final_auto/install/ros2_unitree_legged_msgs/lib:/home/rs/final_auto/install/unitree_ocr_interfaces/lib:/home/rs/final_auto/install/unitree_nav_interfaces/lib:/home/rs/final_auto/install/unitree_legged_real/lib:/home/rs/final_auto/install/unitree_inspection_interfaces/lib:/opt/ros/humble/opt/rviz_ogre_vendor/lib:/opt/ros/humble/lib/x86_64-linux-gnu:/opt/ros/humble/lib /usr/bin/cmake --install /home/rs/final_auto/build/unitree_legged_real
