[0.121s] Invoking command in '/home/rs/go1_robot/build/unitree_inspection_interfaces': CMAKE_PREFIX_PATH=${CMAKE_PREFIX_PATH}:/home/rs/go1_robot/install/unitree_nav_launch_module:/opt/ros/humble /usr/bin/cmake --build /home/rs/go1_robot/build/unitree_inspection_interfaces -- -j13 -l13
[0.360s] [  9%] Built target unitree_inspection_interfaces_msg__rosidl_generator_c
[0.363s] [ 12%] Built target unitree_inspection_interfaces_msg__cpp
[0.386s] [ 12%] Built target ament_cmake_python_copy_unitree_inspection_interfaces
[0.640s] [ 22%] Built target unitree_inspection_interfaces_msg__rosidl_typesupport_c
[0.646s] [ 32%] Built target unitree_inspection_interfaces_msg__rosidl_typesupport_cpp
[0.648s] [ 41%] Built target unitree_inspection_interfaces_msg__rosidl_typesupport_introspection_cpp
[0.650s] [ 51%] Built target unitree_inspection_interfaces_msg__rosidl_typesupport_fastrtps_c
[0.661s] [ 61%] Built target unitree_inspection_interfaces_msg__rosidl_typesupport_fastrtps_cpp
[0.662s] [ 70%] Built target unitree_inspection_interfaces_msg__rosidl_typesupport_introspection_c
[0.743s] [ 70%] Built target unitree_inspection_interfaces_msg
[0.879s] [ 74%] Built target unitree_inspection_interfaces_msg__py
[0.993s] [ 80%] Built target unitree_inspection_interfaces_msg__rosidl_generator_py
[1.199s] [ 87%] Built target unitree_inspection_interfaces__rosidl_typesupport_introspection_c__pyext
[1.199s] [ 93%] Built target unitree_inspection_interfaces__rosidl_typesupport_fastrtps_c__pyext
[1.212s] [100%] Built target unitree_inspection_interfaces__rosidl_typesupport_c__pyext
[1.494s] running egg_info
[1.494s] writing unitree_inspection_interfaces.egg-info/PKG-INFO
[1.495s] writing dependency_links to unitree_inspection_interfaces.egg-info/dependency_links.txt
[1.495s] writing top-level names to unitree_inspection_interfaces.egg-info/top_level.txt
[1.495s] reading manifest file 'unitree_inspection_interfaces.egg-info/SOURCES.txt'
[1.495s] writing manifest file 'unitree_inspection_interfaces.egg-info/SOURCES.txt'
[1.578s] [100%] Built target ament_cmake_python_build_unitree_inspection_interfaces_egg
[1.639s] Invoked command in '/home/rs/go1_robot/build/unitree_inspection_interfaces' returned '0': CMAKE_PREFIX_PATH=${CMAKE_PREFIX_PATH}:/home/rs/go1_robot/install/unitree_nav_launch_module:/opt/ros/humble /usr/bin/cmake --build /home/rs/go1_robot/build/unitree_inspection_interfaces -- -j13 -l13
[2.157s] Invoking command in '/home/rs/go1_robot/build/unitree_inspection_interfaces': CMAKE_PREFIX_PATH=${CMAKE_PREFIX_PATH}:/home/rs/go1_robot/install/unitree_nav_launch_module:/opt/ros/humble /usr/bin/cmake --install /home/rs/go1_robot/build/unitree_inspection_interfaces
[2.198s] -- Install configuration: ""
[2.198s] -- Up-to-date: /home/rs/go1_robot/install/unitree_inspection_interfaces/share/ament_index/resource_index/rosidl_interfaces/unitree_inspection_interfaces
[2.199s] -- Up-to-date: /home/rs/go1_robot/install/unitree_inspection_interfaces/include/unitree_inspection_interfaces/unitree_inspection_interfaces
[2.199s] -- Up-to-date: /home/rs/go1_robot/install/unitree_inspection_interfaces/include/unitree_inspection_interfaces/unitree_inspection_interfaces/srv
[2.200s] -- Up-to-date: /home/rs/go1_robot/install/unitree_inspection_interfaces/include/unitree_inspection_interfaces/unitree_inspection_interfaces/srv/detail
[2.201s] -- Up-to-date: /home/rs/go1_robot/install/unitree_inspection_interfaces/include/unitree_inspection_interfaces/unitree_inspection_interfaces/srv/detail/go_to_inspection_point__struct.h
[2.202s] -- Up-to-date: /home/rs/go1_robot/install/unitree_inspection_interfaces/include/unitree_inspection_interfaces/unitree_inspection_interfaces/srv/detail/go_to_inspection_point__functions.h
[2.204s] -- Up-to-date: /home/rs/go1_robot/install/unitree_inspection_interfaces/include/unitree_inspection_interfaces/unitree_inspection_interfaces/srv/detail/go_to_inspection_point__functions.c
[2.206s] -- Up-to-date: /home/rs/go1_robot/install/unitree_inspection_interfaces/include/unitree_inspection_interfaces/unitree_inspection_interfaces/srv/detail/go_to_inspection_point__type_support.h
[2.209s] -- Up-to-date: /home/rs/go1_robot/install/unitree_inspection_interfaces/include/unitree_inspection_interfaces/unitree_inspection_interfaces/srv/go_to_inspection_point.h
[2.210s] -- Up-to-date: /home/rs/go1_robot/install/unitree_inspection_interfaces/include/unitree_inspection_interfaces/unitree_inspection_interfaces/msg
[2.212s] -- Up-to-date: /home/rs/go1_robot/install/unitree_inspection_interfaces/include/unitree_inspection_interfaces/unitree_inspection_interfaces/msg/rosidl_generator_c__visibility_control.h
[2.213s] -- Up-to-date: /home/rs/go1_robot/install/unitree_inspection_interfaces/share/unitree_inspection_interfaces/environment/library_path.sh
[2.222s] -- Up-to-date: /home/rs/go1_robot/install/unitree_inspection_interfaces/share/unitree_inspection_interfaces/environment/library_path.dsv
[2.225s] -- Up-to-date: /home/rs/go1_robot/install/unitree_inspection_interfaces/lib/libunitree_inspection_interfaces__rosidl_generator_c.so
[2.227s] -- Up-to-date: /home/rs/go1_robot/install/unitree_inspection_interfaces/include/unitree_inspection_interfaces/unitree_inspection_interfaces
[2.230s] -- Up-to-date: /home/rs/go1_robot/install/unitree_inspection_interfaces/include/unitree_inspection_interfaces/unitree_inspection_interfaces/srv
[2.231s] -- Up-to-date: /home/rs/go1_robot/install/unitree_inspection_interfaces/include/unitree_inspection_interfaces/unitree_inspection_interfaces/srv/detail
[2.231s] -- Up-to-date: /home/rs/go1_robot/install/unitree_inspection_interfaces/include/unitree_inspection_interfaces/unitree_inspection_interfaces/srv/detail/go_to_inspection_point__rosidl_typesupport_fastrtps_c.h
[2.232s] -- Up-to-date: /home/rs/go1_robot/install/unitree_inspection_interfaces/include/unitree_inspection_interfaces/unitree_inspection_interfaces/msg
[2.233s] -- Up-to-date: /home/rs/go1_robot/install/unitree_inspection_interfaces/include/unitree_inspection_interfaces/unitree_inspection_interfaces/msg/rosidl_typesupport_fastrtps_c__visibility_control.h
[2.234s] -- Up-to-date: /home/rs/go1_robot/install/unitree_inspection_interfaces/lib/libunitree_inspection_interfaces__rosidl_typesupport_fastrtps_c.so
[2.234s] -- Up-to-date: /home/rs/go1_robot/install/unitree_inspection_interfaces/include/unitree_inspection_interfaces/unitree_inspection_interfaces
[2.235s] -- Up-to-date: /home/rs/go1_robot/install/unitree_inspection_interfaces/include/unitree_inspection_interfaces/unitree_inspection_interfaces/srv
[2.235s] -- Up-to-date: /home/rs/go1_robot/install/unitree_inspection_interfaces/include/unitree_inspection_interfaces/unitree_inspection_interfaces/srv/detail
[2.236s] -- Up-to-date: /home/rs/go1_robot/install/unitree_inspection_interfaces/include/unitree_inspection_interfaces/unitree_inspection_interfaces/srv/detail/go_to_inspection_point__type_support.c
[2.236s] -- Up-to-date: /home/rs/go1_robot/install/unitree_inspection_interfaces/include/unitree_inspection_interfaces/unitree_inspection_interfaces/srv/detail/go_to_inspection_point__rosidl_typesupport_introspection_c.h
[2.238s] -- Up-to-date: /home/rs/go1_robot/install/unitree_inspection_interfaces/include/unitree_inspection_interfaces/unitree_inspection_interfaces/msg
[2.238s] -- Up-to-date: /home/rs/go1_robot/install/unitree_inspection_interfaces/include/unitree_inspection_interfaces/unitree_inspection_interfaces/msg/rosidl_typesupport_introspection_c__visibility_control.h
[2.239s] -- Up-to-date: /home/rs/go1_robot/install/unitree_inspection_interfaces/lib/libunitree_inspection_interfaces__rosidl_typesupport_introspection_c.so
[2.239s] -- Up-to-date: /home/rs/go1_robot/install/unitree_inspection_interfaces/lib/libunitree_inspection_interfaces__rosidl_typesupport_c.so
[2.239s] -- Up-to-date: /home/rs/go1_robot/install/unitree_inspection_interfaces/include/unitree_inspection_interfaces/unitree_inspection_interfaces
[2.240s] -- Up-to-date: /home/rs/go1_robot/install/unitree_inspection_interfaces/include/unitree_inspection_interfaces/unitree_inspection_interfaces/srv
[2.240s] -- Up-to-date: /home/rs/go1_robot/install/unitree_inspection_interfaces/include/unitree_inspection_interfaces/unitree_inspection_interfaces/srv/detail
[2.240s] -- Up-to-date: /home/rs/go1_robot/install/unitree_inspection_interfaces/include/unitree_inspection_interfaces/unitree_inspection_interfaces/srv/detail/go_to_inspection_point__builder.hpp
[2.240s] -- Up-to-date: /home/rs/go1_robot/install/unitree_inspection_interfaces/include/unitree_inspection_interfaces/unitree_inspection_interfaces/srv/detail/go_to_inspection_point__traits.hpp
[2.241s] -- Up-to-date: /home/rs/go1_robot/install/unitree_inspection_interfaces/include/unitree_inspection_interfaces/unitree_inspection_interfaces/srv/detail/go_to_inspection_point__struct.hpp
[2.242s] -- Up-to-date: /home/rs/go1_robot/install/unitree_inspection_interfaces/include/unitree_inspection_interfaces/unitree_inspection_interfaces/srv/go_to_inspection_point.hpp
[2.242s] -- Up-to-date: /home/rs/go1_robot/install/unitree_inspection_interfaces/include/unitree_inspection_interfaces/unitree_inspection_interfaces
[2.243s] -- Up-to-date: /home/rs/go1_robot/install/unitree_inspection_interfaces/include/unitree_inspection_interfaces/unitree_inspection_interfaces/srv
[2.244s] -- Up-to-date: /home/rs/go1_robot/install/unitree_inspection_interfaces/include/unitree_inspection_interfaces/unitree_inspection_interfaces/srv/detail
[2.245s] -- Up-to-date: /home/rs/go1_robot/install/unitree_inspection_interfaces/include/unitree_inspection_interfaces/unitree_inspection_interfaces/srv/detail/dds_fastrtps
[2.246s] -- Up-to-date: /home/rs/go1_robot/install/unitree_inspection_interfaces/include/unitree_inspection_interfaces/unitree_inspection_interfaces/srv/detail/go_to_inspection_point__rosidl_typesupport_fastrtps_cpp.hpp
[2.248s] -- Up-to-date: /home/rs/go1_robot/install/unitree_inspection_interfaces/include/unitree_inspection_interfaces/unitree_inspection_interfaces/msg
[2.249s] -- Up-to-date: /home/rs/go1_robot/install/unitree_inspection_interfaces/include/unitree_inspection_interfaces/unitree_inspection_interfaces/msg/rosidl_typesupport_fastrtps_cpp__visibility_control.h
[2.249s] -- Up-to-date: /home/rs/go1_robot/install/unitree_inspection_interfaces/lib/libunitree_inspection_interfaces__rosidl_typesupport_fastrtps_cpp.so
[2.250s] -- Up-to-date: /home/rs/go1_robot/install/unitree_inspection_interfaces/include/unitree_inspection_interfaces/unitree_inspection_interfaces
[2.251s] -- Up-to-date: /home/rs/go1_robot/install/unitree_inspection_interfaces/include/unitree_inspection_interfaces/unitree_inspection_interfaces/srv
[2.252s] -- Up-to-date: /home/rs/go1_robot/install/unitree_inspection_interfaces/include/unitree_inspection_interfaces/unitree_inspection_interfaces/srv/detail
[2.253s] -- Up-to-date: /home/rs/go1_robot/install/unitree_inspection_interfaces/include/unitree_inspection_interfaces/unitree_inspection_interfaces/srv/detail/go_to_inspection_point__type_support.cpp
[2.254s] -- Up-to-date: /home/rs/go1_robot/install/unitree_inspection_interfaces/include/unitree_inspection_interfaces/unitree_inspection_interfaces/srv/detail/go_to_inspection_point__rosidl_typesupport_introspection_cpp.hpp
[2.255s] -- Up-to-date: /home/rs/go1_robot/install/unitree_inspection_interfaces/lib/libunitree_inspection_interfaces__rosidl_typesupport_introspection_cpp.so
[2.256s] -- Up-to-date: /home/rs/go1_robot/install/unitree_inspection_interfaces/lib/libunitree_inspection_interfaces__rosidl_typesupport_cpp.so
[2.256s] -- Up-to-date: /home/rs/go1_robot/install/unitree_inspection_interfaces/share/unitree_inspection_interfaces/environment/pythonpath.sh
[2.257s] -- Up-to-date: /home/rs/go1_robot/install/unitree_inspection_interfaces/share/unitree_inspection_interfaces/environment/pythonpath.dsv
[2.257s] -- Up-to-date: /home/rs/go1_robot/install/unitree_inspection_interfaces/local/lib/python3.10/dist-packages/unitree_inspection_interfaces-0.0.0-py3.10.egg-info
[2.258s] -- Installing: /home/rs/go1_robot/install/unitree_inspection_interfaces/local/lib/python3.10/dist-packages/unitree_inspection_interfaces-0.0.0-py3.10.egg-info/top_level.txt
[2.259s] -- Installing: /home/rs/go1_robot/install/unitree_inspection_interfaces/local/lib/python3.10/dist-packages/unitree_inspection_interfaces-0.0.0-py3.10.egg-info/PKG-INFO
[2.259s] -- Installing: /home/rs/go1_robot/install/unitree_inspection_interfaces/local/lib/python3.10/dist-packages/unitree_inspection_interfaces-0.0.0-py3.10.egg-info/dependency_links.txt
[2.259s] -- Installing: /home/rs/go1_robot/install/unitree_inspection_interfaces/local/lib/python3.10/dist-packages/unitree_inspection_interfaces-0.0.0-py3.10.egg-info/SOURCES.txt
[2.259s] -- Up-to-date: /home/rs/go1_robot/install/unitree_inspection_interfaces/local/lib/python3.10/dist-packages/unitree_inspection_interfaces
[2.260s] -- Up-to-date: /home/rs/go1_robot/install/unitree_inspection_interfaces/local/lib/python3.10/dist-packages/unitree_inspection_interfaces/unitree_inspection_interfaces_s__rosidl_typesupport_introspection_c.cpython-310-x86_64-linux-gnu.so
[2.261s] -- Up-to-date: /home/rs/go1_robot/install/unitree_inspection_interfaces/local/lib/python3.10/dist-packages/unitree_inspection_interfaces/unitree_inspection_interfaces_s__rosidl_typesupport_c.cpython-310-x86_64-linux-gnu.so
[2.262s] -- Up-to-date: /home/rs/go1_robot/install/unitree_inspection_interfaces/local/lib/python3.10/dist-packages/unitree_inspection_interfaces/unitree_inspection_interfaces_s__rosidl_typesupport_fastrtps_c.cpython-310-x86_64-linux-gnu.so
[2.262s] -- Up-to-date: /home/rs/go1_robot/install/unitree_inspection_interfaces/local/lib/python3.10/dist-packages/unitree_inspection_interfaces/__init__.py
[2.264s] -- Up-to-date: /home/rs/go1_robot/install/unitree_inspection_interfaces/local/lib/python3.10/dist-packages/unitree_inspection_interfaces/srv
[2.264s] -- Up-to-date: /home/rs/go1_robot/install/unitree_inspection_interfaces/local/lib/python3.10/dist-packages/unitree_inspection_interfaces/srv/_go_to_inspection_point.py
[2.265s] -- Up-to-date: /home/rs/go1_robot/install/unitree_inspection_interfaces/local/lib/python3.10/dist-packages/unitree_inspection_interfaces/srv/__init__.py
[2.266s] -- Up-to-date: /home/rs/go1_robot/install/unitree_inspection_interfaces/local/lib/python3.10/dist-packages/unitree_inspection_interfaces/srv/_go_to_inspection_point_s.c
[2.267s] -- Up-to-date: /home/rs/go1_robot/install/unitree_inspection_interfaces/local/lib/python3.10/dist-packages/unitree_inspection_interfaces/_unitree_inspection_interfaces_s.ep.rosidl_typesupport_introspection_c.c
[2.267s] -- Up-to-date: /home/rs/go1_robot/install/unitree_inspection_interfaces/local/lib/python3.10/dist-packages/unitree_inspection_interfaces/libunitree_inspection_interfaces_msg__rosidl_generator_py.so
[2.273s] -- Up-to-date: /home/rs/go1_robot/install/unitree_inspection_interfaces/local/lib/python3.10/dist-packages/unitree_inspection_interfaces/_unitree_inspection_interfaces_s.ep.rosidl_typesupport_fastrtps_c.c
[2.273s] -- Up-to-date: /home/rs/go1_robot/install/unitree_inspection_interfaces/local/lib/python3.10/dist-packages/unitree_inspection_interfaces/_unitree_inspection_interfaces_s.ep.rosidl_typesupport_c.c
[2.372s] Listing '/home/rs/go1_robot/install/unitree_inspection_interfaces/local/lib/python3.10/dist-packages/unitree_inspection_interfaces'...
[2.373s] Listing '/home/rs/go1_robot/install/unitree_inspection_interfaces/local/lib/python3.10/dist-packages/unitree_inspection_interfaces/srv'...
[2.384s] -- Up-to-date: /home/rs/go1_robot/install/unitree_inspection_interfaces/local/lib/python3.10/dist-packages/unitree_inspection_interfaces/unitree_inspection_interfaces_s__rosidl_typesupport_fastrtps_c.cpython-310-x86_64-linux-gnu.so
[2.385s] -- Up-to-date: /home/rs/go1_robot/install/unitree_inspection_interfaces/local/lib/python3.10/dist-packages/unitree_inspection_interfaces/unitree_inspection_interfaces_s__rosidl_typesupport_introspection_c.cpython-310-x86_64-linux-gnu.so
[2.386s] -- Up-to-date: /home/rs/go1_robot/install/unitree_inspection_interfaces/local/lib/python3.10/dist-packages/unitree_inspection_interfaces/unitree_inspection_interfaces_s__rosidl_typesupport_c.cpython-310-x86_64-linux-gnu.so
[2.391s] -- Up-to-date: /home/rs/go1_robot/install/unitree_inspection_interfaces/lib/libunitree_inspection_interfaces_msg__rosidl_generator_py.so
[2.392s] -- Up-to-date: /home/rs/go1_robot/install/unitree_inspection_interfaces/share/unitree_inspection_interfaces/srv/GoToInspectionPoint.idl
[2.396s] -- Up-to-date: /home/rs/go1_robot/install/unitree_inspection_interfaces/share/unitree_inspection_interfaces/srv/GoToInspectionPoint.srv
[2.400s] -- Up-to-date: /home/rs/go1_robot/install/unitree_inspection_interfaces/share/unitree_inspection_interfaces/srv/GoToInspectionPoint_Request.msg
[2.404s] -- Up-to-date: /home/rs/go1_robot/install/unitree_inspection_interfaces/share/unitree_inspection_interfaces/srv/GoToInspectionPoint_Response.msg
[2.405s] -- Up-to-date: /home/rs/go1_robot/install/unitree_inspection_interfaces/share/ament_index/resource_index/package_run_dependencies/unitree_inspection_interfaces
[2.407s] -- Up-to-date: /home/rs/go1_robot/install/unitree_inspection_interfaces/share/ament_index/resource_index/parent_prefix_path/unitree_inspection_interfaces
[2.409s] -- Up-to-date: /home/rs/go1_robot/install/unitree_inspection_interfaces/share/unitree_inspection_interfaces/environment/ament_prefix_path.sh
[2.410s] -- Up-to-date: /home/rs/go1_robot/install/unitree_inspection_interfaces/share/unitree_inspection_interfaces/environment/ament_prefix_path.dsv
[2.411s] -- Up-to-date: /home/rs/go1_robot/install/unitree_inspection_interfaces/share/unitree_inspection_interfaces/environment/path.sh
[2.412s] -- Up-to-date: /home/rs/go1_robot/install/unitree_inspection_interfaces/share/unitree_inspection_interfaces/environment/path.dsv
[2.412s] -- Up-to-date: /home/rs/go1_robot/install/unitree_inspection_interfaces/share/unitree_inspection_interfaces/local_setup.bash
[2.412s] -- Up-to-date: /home/rs/go1_robot/install/unitree_inspection_interfaces/share/unitree_inspection_interfaces/local_setup.sh
[2.418s] -- Up-to-date: /home/rs/go1_robot/install/unitree_inspection_interfaces/share/unitree_inspection_interfaces/local_setup.zsh
[2.419s] -- Up-to-date: /home/rs/go1_robot/install/unitree_inspection_interfaces/share/unitree_inspection_interfaces/local_setup.dsv
[2.419s] -- Installing: /home/rs/go1_robot/install/unitree_inspection_interfaces/share/unitree_inspection_interfaces/package.dsv
[2.420s] -- Up-to-date: /home/rs/go1_robot/install/unitree_inspection_interfaces/share/ament_index/resource_index/packages/unitree_inspection_interfaces
[2.420s] -- Up-to-date: /home/rs/go1_robot/install/unitree_inspection_interfaces/share/unitree_inspection_interfaces/cmake/export_unitree_inspection_interfaces_msg__rosidl_generator_cExport.cmake
[2.421s] -- Up-to-date: /home/rs/go1_robot/install/unitree_inspection_interfaces/share/unitree_inspection_interfaces/cmake/export_unitree_inspection_interfaces_msg__rosidl_generator_cExport-noconfig.cmake
[2.421s] -- Up-to-date: /home/rs/go1_robot/install/unitree_inspection_interfaces/share/unitree_inspection_interfaces/cmake/export_unitree_inspection_interfaces_msg__rosidl_typesupport_fastrtps_cExport.cmake
[2.422s] -- Up-to-date: /home/rs/go1_robot/install/unitree_inspection_interfaces/share/unitree_inspection_interfaces/cmake/export_unitree_inspection_interfaces_msg__rosidl_typesupport_fastrtps_cExport-noconfig.cmake
[2.423s] -- Up-to-date: /home/rs/go1_robot/install/unitree_inspection_interfaces/share/unitree_inspection_interfaces/cmake/unitree_inspection_interfaces_msg__rosidl_typesupport_introspection_cExport.cmake
[2.424s] -- Up-to-date: /home/rs/go1_robot/install/unitree_inspection_interfaces/share/unitree_inspection_interfaces/cmake/unitree_inspection_interfaces_msg__rosidl_typesupport_introspection_cExport-noconfig.cmake
[2.425s] -- Up-to-date: /home/rs/go1_robot/install/unitree_inspection_interfaces/share/unitree_inspection_interfaces/cmake/unitree_inspection_interfaces_msg__rosidl_typesupport_cExport.cmake
[2.426s] -- Up-to-date: /home/rs/go1_robot/install/unitree_inspection_interfaces/share/unitree_inspection_interfaces/cmake/unitree_inspection_interfaces_msg__rosidl_typesupport_cExport-noconfig.cmake
[2.427s] -- Up-to-date: /home/rs/go1_robot/install/unitree_inspection_interfaces/share/unitree_inspection_interfaces/cmake/export_unitree_inspection_interfaces_msg__rosidl_generator_cppExport.cmake
[2.430s] -- Up-to-date: /home/rs/go1_robot/install/unitree_inspection_interfaces/share/unitree_inspection_interfaces/cmake/export_unitree_inspection_interfaces_msg__rosidl_typesupport_fastrtps_cppExport.cmake
[2.431s] -- Up-to-date: /home/rs/go1_robot/install/unitree_inspection_interfaces/share/unitree_inspection_interfaces/cmake/export_unitree_inspection_interfaces_msg__rosidl_typesupport_fastrtps_cppExport-noconfig.cmake
[2.434s] -- Up-to-date: /home/rs/go1_robot/install/unitree_inspection_interfaces/share/unitree_inspection_interfaces/cmake/unitree_inspection_interfaces_msg__rosidl_typesupport_introspection_cppExport.cmake
[2.434s] -- Up-to-date: /home/rs/go1_robot/install/unitree_inspection_interfaces/share/unitree_inspection_interfaces/cmake/unitree_inspection_interfaces_msg__rosidl_typesupport_introspection_cppExport-noconfig.cmake
[2.434s] -- Up-to-date: /home/rs/go1_robot/install/unitree_inspection_interfaces/share/unitree_inspection_interfaces/cmake/unitree_inspection_interfaces_msg__rosidl_typesupport_cppExport.cmake
[2.435s] -- Up-to-date: /home/rs/go1_robot/install/unitree_inspection_interfaces/share/unitree_inspection_interfaces/cmake/unitree_inspection_interfaces_msg__rosidl_typesupport_cppExport-noconfig.cmake
[2.436s] -- Up-to-date: /home/rs/go1_robot/install/unitree_inspection_interfaces/share/unitree_inspection_interfaces/cmake/export_unitree_inspection_interfaces_msg__rosidl_generator_pyExport.cmake
[2.437s] -- Up-to-date: /home/rs/go1_robot/install/unitree_inspection_interfaces/share/unitree_inspection_interfaces/cmake/export_unitree_inspection_interfaces_msg__rosidl_generator_pyExport-noconfig.cmake
[2.437s] -- Up-to-date: /home/rs/go1_robot/install/unitree_inspection_interfaces/share/unitree_inspection_interfaces/cmake/ament_cmake_export_dependencies-extras.cmake
[2.438s] -- Up-to-date: /home/rs/go1_robot/install/unitree_inspection_interfaces/share/unitree_inspection_interfaces/cmake/rosidl_cmake-extras.cmake
[2.438s] -- Up-to-date: /home/rs/go1_robot/install/unitree_inspection_interfaces/share/unitree_inspection_interfaces/cmake/ament_cmake_export_include_directories-extras.cmake
[2.438s] -- Up-to-date: /home/rs/go1_robot/install/unitree_inspection_interfaces/share/unitree_inspection_interfaces/cmake/ament_cmake_export_libraries-extras.cmake
[2.441s] -- Up-to-date: /home/rs/go1_robot/install/unitree_inspection_interfaces/share/unitree_inspection_interfaces/cmake/ament_cmake_export_targets-extras.cmake
[2.441s] -- Up-to-date: /home/rs/go1_robot/install/unitree_inspection_interfaces/share/unitree_inspection_interfaces/cmake/rosidl_cmake_export_typesupport_targets-extras.cmake
[2.442s] -- Up-to-date: /home/rs/go1_robot/install/unitree_inspection_interfaces/share/unitree_inspection_interfaces/cmake/rosidl_cmake_export_typesupport_libraries-extras.cmake
[2.443s] -- Up-to-date: /home/rs/go1_robot/install/unitree_inspection_interfaces/share/unitree_inspection_interfaces/cmake/unitree_inspection_interfacesConfig.cmake
[2.444s] -- Up-to-date: /home/rs/go1_robot/install/unitree_inspection_interfaces/share/unitree_inspection_interfaces/cmake/unitree_inspection_interfacesConfig-version.cmake
[2.445s] -- Up-to-date: /home/rs/go1_robot/install/unitree_inspection_interfaces/share/unitree_inspection_interfaces/package.xml
[2.446s] Invoked command in '/home/rs/go1_robot/build/unitree_inspection_interfaces' returned '0': CMAKE_PREFIX_PATH=${CMAKE_PREFIX_PATH}:/home/rs/go1_robot/install/unitree_nav_launch_module:/opt/ros/humble /usr/bin/cmake --install /home/rs/go1_robot/build/unitree_inspection_interfaces
