[0.119s] Invoking command in '/home/rs/go1_robot/build/unitree_inspection_interfaces': CMAKE_PREFIX_PATH=${CMAKE_PREFIX_PATH}:/opt/ros/humble:/home/rs/go1_robot/install/unitree_nav_launch_module /usr/bin/cmake --build /home/rs/go1_robot/build/unitree_inspection_interfaces -- -j13 -l13
[0.374s] [  9%] Built target unitree_inspection_interfaces_msg__rosidl_generator_c
[0.420s] [ 12%] Built target unitree_inspection_interfaces_msg__cpp
[0.485s] [ 12%] Built target ament_cmake_python_copy_unitree_inspection_interfaces
[0.551s] [ 22%] Built target unitree_inspection_interfaces_msg__rosidl_typesupport_fastrtps_c
[0.568s] [ 32%] Built target unitree_inspection_interfaces_msg__rosidl_typesupport_introspection_c
[0.627s] [ 41%] Built target unitree_inspection_interfaces_msg__rosidl_typesupport_fastrtps_cpp
[0.631s] [ 61%] Built target unitree_inspection_interfaces_msg__rosidl_typesupport_c
[0.631s] [ 61%] Built target unitree_inspection_interfaces_msg__rosidl_typesupport_introspection_cpp
[0.640s] [ 70%] Built target unitree_inspection_interfaces_msg__rosidl_typesupport_cpp
[0.710s] [ 70%] Built target unitree_inspection_interfaces_msg
[0.793s] [ 74%] Built target unitree_inspection_interfaces_msg__py
[0.881s] [ 80%] Built target unitree_inspection_interfaces_msg__rosidl_generator_py
[0.990s] [ 87%] Built target unitree_inspection_interfaces__rosidl_typesupport_c__pyext
[1.024s] [ 93%] Built target unitree_inspection_interfaces__rosidl_typesupport_fastrtps_c__pyext
[1.024s] [100%] Built target unitree_inspection_interfaces__rosidl_typesupport_introspection_c__pyext
[1.419s] running egg_info
[1.421s] writing unitree_inspection_interfaces.egg-info/PKG-INFO
[1.423s] writing dependency_links to unitree_inspection_interfaces.egg-info/dependency_links.txt
[1.430s] writing top-level names to unitree_inspection_interfaces.egg-info/top_level.txt
[1.430s] reading manifest file 'unitree_inspection_interfaces.egg-info/SOURCES.txt'
[1.431s] writing manifest file 'unitree_inspection_interfaces.egg-info/SOURCES.txt'
[1.514s] [100%] Built target ament_cmake_python_build_unitree_inspection_interfaces_egg
[1.569s] Invoked command in '/home/rs/go1_robot/build/unitree_inspection_interfaces' returned '0': CMAKE_PREFIX_PATH=${CMAKE_PREFIX_PATH}:/opt/ros/humble:/home/rs/go1_robot/install/unitree_nav_launch_module /usr/bin/cmake --build /home/rs/go1_robot/build/unitree_inspection_interfaces -- -j13 -l13
[1.977s] Invoking command in '/home/rs/go1_robot/build/unitree_inspection_interfaces': CMAKE_PREFIX_PATH=${CMAKE_PREFIX_PATH}:/opt/ros/humble:/home/rs/go1_robot/install/unitree_nav_launch_module /usr/bin/cmake --install /home/rs/go1_robot/build/unitree_inspection_interfaces
[2.033s] -- Install configuration: ""
[2.034s] -- Up-to-date: /home/rs/go1_robot/install/unitree_inspection_interfaces/share/ament_index/resource_index/rosidl_interfaces/unitree_inspection_interfaces
[2.035s] -- Up-to-date: /home/rs/go1_robot/install/unitree_inspection_interfaces/include/unitree_inspection_interfaces/unitree_inspection_interfaces
[2.035s] -- Up-to-date: /home/rs/go1_robot/install/unitree_inspection_interfaces/include/unitree_inspection_interfaces/unitree_inspection_interfaces/srv
[2.036s] -- Up-to-date: /home/rs/go1_robot/install/unitree_inspection_interfaces/include/unitree_inspection_interfaces/unitree_inspection_interfaces/srv/detail
[2.038s] -- Up-to-date: /home/rs/go1_robot/install/unitree_inspection_interfaces/include/unitree_inspection_interfaces/unitree_inspection_interfaces/srv/detail/go_to_inspection_point__struct.h
[2.043s] -- Up-to-date: /home/rs/go1_robot/install/unitree_inspection_interfaces/include/unitree_inspection_interfaces/unitree_inspection_interfaces/srv/detail/go_to_inspection_point__functions.h
[2.043s] -- Up-to-date: /home/rs/go1_robot/install/unitree_inspection_interfaces/include/unitree_inspection_interfaces/unitree_inspection_interfaces/srv/detail/go_to_inspection_point__functions.c
[2.044s] -- Up-to-date: /home/rs/go1_robot/install/unitree_inspection_interfaces/include/unitree_inspection_interfaces/unitree_inspection_interfaces/srv/detail/go_to_inspection_point__type_support.h
[2.046s] -- Up-to-date: /home/rs/go1_robot/install/unitree_inspection_interfaces/include/unitree_inspection_interfaces/unitree_inspection_interfaces/srv/go_to_inspection_point.h
[2.046s] -- Up-to-date: /home/rs/go1_robot/install/unitree_inspection_interfaces/include/unitree_inspection_interfaces/unitree_inspection_interfaces/msg
[2.047s] -- Up-to-date: /home/rs/go1_robot/install/unitree_inspection_interfaces/include/unitree_inspection_interfaces/unitree_inspection_interfaces/msg/rosidl_generator_c__visibility_control.h
[2.048s] -- Up-to-date: /home/rs/go1_robot/install/unitree_inspection_interfaces/share/unitree_inspection_interfaces/environment/library_path.sh
[2.049s] -- Up-to-date: /home/rs/go1_robot/install/unitree_inspection_interfaces/share/unitree_inspection_interfaces/environment/library_path.dsv
[2.050s] -- Up-to-date: /home/rs/go1_robot/install/unitree_inspection_interfaces/lib/libunitree_inspection_interfaces__rosidl_generator_c.so
[2.051s] -- Up-to-date: /home/rs/go1_robot/install/unitree_inspection_interfaces/include/unitree_inspection_interfaces/unitree_inspection_interfaces
[2.053s] -- Up-to-date: /home/rs/go1_robot/install/unitree_inspection_interfaces/include/unitree_inspection_interfaces/unitree_inspection_interfaces/srv
[2.053s] -- Up-to-date: /home/rs/go1_robot/install/unitree_inspection_interfaces/include/unitree_inspection_interfaces/unitree_inspection_interfaces/srv/detail
[2.054s] -- Up-to-date: /home/rs/go1_robot/install/unitree_inspection_interfaces/include/unitree_inspection_interfaces/unitree_inspection_interfaces/srv/detail/go_to_inspection_point__rosidl_typesupport_fastrtps_c.h
[2.054s] -- Up-to-date: /home/rs/go1_robot/install/unitree_inspection_interfaces/include/unitree_inspection_interfaces/unitree_inspection_interfaces/msg
[2.055s] -- Up-to-date: /home/rs/go1_robot/install/unitree_inspection_interfaces/include/unitree_inspection_interfaces/unitree_inspection_interfaces/msg/rosidl_typesupport_fastrtps_c__visibility_control.h
[2.055s] -- Up-to-date: /home/rs/go1_robot/install/unitree_inspection_interfaces/lib/libunitree_inspection_interfaces__rosidl_typesupport_fastrtps_c.so
[2.056s] -- Up-to-date: /home/rs/go1_robot/install/unitree_inspection_interfaces/include/unitree_inspection_interfaces/unitree_inspection_interfaces
[2.056s] -- Up-to-date: /home/rs/go1_robot/install/unitree_inspection_interfaces/include/unitree_inspection_interfaces/unitree_inspection_interfaces/srv
[2.057s] -- Up-to-date: /home/rs/go1_robot/install/unitree_inspection_interfaces/include/unitree_inspection_interfaces/unitree_inspection_interfaces/srv/detail
[2.058s] -- Up-to-date: /home/rs/go1_robot/install/unitree_inspection_interfaces/include/unitree_inspection_interfaces/unitree_inspection_interfaces/srv/detail/go_to_inspection_point__type_support.c
[2.058s] -- Up-to-date: /home/rs/go1_robot/install/unitree_inspection_interfaces/include/unitree_inspection_interfaces/unitree_inspection_interfaces/srv/detail/go_to_inspection_point__rosidl_typesupport_introspection_c.h
[2.063s] -- Up-to-date: /home/rs/go1_robot/install/unitree_inspection_interfaces/include/unitree_inspection_interfaces/unitree_inspection_interfaces/msg
[2.065s] -- Up-to-date: /home/rs/go1_robot/install/unitree_inspection_interfaces/include/unitree_inspection_interfaces/unitree_inspection_interfaces/msg/rosidl_typesupport_introspection_c__visibility_control.h
[2.066s] -- Up-to-date: /home/rs/go1_robot/install/unitree_inspection_interfaces/lib/libunitree_inspection_interfaces__rosidl_typesupport_introspection_c.so
[2.067s] -- Up-to-date: /home/rs/go1_robot/install/unitree_inspection_interfaces/lib/libunitree_inspection_interfaces__rosidl_typesupport_c.so
[2.067s] -- Up-to-date: /home/rs/go1_robot/install/unitree_inspection_interfaces/include/unitree_inspection_interfaces/unitree_inspection_interfaces
[2.067s] -- Up-to-date: /home/rs/go1_robot/install/unitree_inspection_interfaces/include/unitree_inspection_interfaces/unitree_inspection_interfaces/srv
[2.067s] -- Up-to-date: /home/rs/go1_robot/install/unitree_inspection_interfaces/include/unitree_inspection_interfaces/unitree_inspection_interfaces/srv/detail
[2.068s] -- Up-to-date: /home/rs/go1_robot/install/unitree_inspection_interfaces/include/unitree_inspection_interfaces/unitree_inspection_interfaces/srv/detail/go_to_inspection_point__builder.hpp
[2.068s] -- Up-to-date: /home/rs/go1_robot/install/unitree_inspection_interfaces/include/unitree_inspection_interfaces/unitree_inspection_interfaces/srv/detail/go_to_inspection_point__traits.hpp
[2.068s] -- Up-to-date: /home/rs/go1_robot/install/unitree_inspection_interfaces/include/unitree_inspection_interfaces/unitree_inspection_interfaces/srv/detail/go_to_inspection_point__struct.hpp
[2.068s] -- Up-to-date: /home/rs/go1_robot/install/unitree_inspection_interfaces/include/unitree_inspection_interfaces/unitree_inspection_interfaces/srv/go_to_inspection_point.hpp
[2.068s] -- Up-to-date: /home/rs/go1_robot/install/unitree_inspection_interfaces/include/unitree_inspection_interfaces/unitree_inspection_interfaces
[2.069s] -- Up-to-date: /home/rs/go1_robot/install/unitree_inspection_interfaces/include/unitree_inspection_interfaces/unitree_inspection_interfaces/srv
[2.070s] -- Up-to-date: /home/rs/go1_robot/install/unitree_inspection_interfaces/include/unitree_inspection_interfaces/unitree_inspection_interfaces/srv/detail
[2.072s] -- Up-to-date: /home/rs/go1_robot/install/unitree_inspection_interfaces/include/unitree_inspection_interfaces/unitree_inspection_interfaces/srv/detail/dds_fastrtps
[2.073s] -- Up-to-date: /home/rs/go1_robot/install/unitree_inspection_interfaces/include/unitree_inspection_interfaces/unitree_inspection_interfaces/srv/detail/go_to_inspection_point__rosidl_typesupport_fastrtps_cpp.hpp
[2.073s] -- Up-to-date: /home/rs/go1_robot/install/unitree_inspection_interfaces/include/unitree_inspection_interfaces/unitree_inspection_interfaces/msg
[2.075s] -- Up-to-date: /home/rs/go1_robot/install/unitree_inspection_interfaces/include/unitree_inspection_interfaces/unitree_inspection_interfaces/msg/rosidl_typesupport_fastrtps_cpp__visibility_control.h
[2.075s] -- Up-to-date: /home/rs/go1_robot/install/unitree_inspection_interfaces/lib/libunitree_inspection_interfaces__rosidl_typesupport_fastrtps_cpp.so
[2.076s] -- Up-to-date: /home/rs/go1_robot/install/unitree_inspection_interfaces/include/unitree_inspection_interfaces/unitree_inspection_interfaces
[2.077s] -- Up-to-date: /home/rs/go1_robot/install/unitree_inspection_interfaces/include/unitree_inspection_interfaces/unitree_inspection_interfaces/srv
[2.077s] -- Up-to-date: /home/rs/go1_robot/install/unitree_inspection_interfaces/include/unitree_inspection_interfaces/unitree_inspection_interfaces/srv/detail
[2.078s] -- Up-to-date: /home/rs/go1_robot/install/unitree_inspection_interfaces/include/unitree_inspection_interfaces/unitree_inspection_interfaces/srv/detail/go_to_inspection_point__type_support.cpp
[2.078s] -- Up-to-date: /home/rs/go1_robot/install/unitree_inspection_interfaces/include/unitree_inspection_interfaces/unitree_inspection_interfaces/srv/detail/go_to_inspection_point__rosidl_typesupport_introspection_cpp.hpp
[2.078s] -- Up-to-date: /home/rs/go1_robot/install/unitree_inspection_interfaces/lib/libunitree_inspection_interfaces__rosidl_typesupport_introspection_cpp.so
[2.080s] -- Up-to-date: /home/rs/go1_robot/install/unitree_inspection_interfaces/lib/libunitree_inspection_interfaces__rosidl_typesupport_cpp.so
[2.081s] -- Up-to-date: /home/rs/go1_robot/install/unitree_inspection_interfaces/share/unitree_inspection_interfaces/environment/pythonpath.sh
[2.081s] -- Up-to-date: /home/rs/go1_robot/install/unitree_inspection_interfaces/share/unitree_inspection_interfaces/environment/pythonpath.dsv
[2.082s] -- Up-to-date: /home/rs/go1_robot/install/unitree_inspection_interfaces/local/lib/python3.10/dist-packages/unitree_inspection_interfaces-0.0.0-py3.10.egg-info
[2.084s] -- Installing: /home/rs/go1_robot/install/unitree_inspection_interfaces/local/lib/python3.10/dist-packages/unitree_inspection_interfaces-0.0.0-py3.10.egg-info/top_level.txt
[2.084s] -- Installing: /home/rs/go1_robot/install/unitree_inspection_interfaces/local/lib/python3.10/dist-packages/unitree_inspection_interfaces-0.0.0-py3.10.egg-info/PKG-INFO
[2.088s] -- Installing: /home/rs/go1_robot/install/unitree_inspection_interfaces/local/lib/python3.10/dist-packages/unitree_inspection_interfaces-0.0.0-py3.10.egg-info/dependency_links.txt
[2.088s] -- Installing: /home/rs/go1_robot/install/unitree_inspection_interfaces/local/lib/python3.10/dist-packages/unitree_inspection_interfaces-0.0.0-py3.10.egg-info/SOURCES.txt
[2.093s] -- Up-to-date: /home/rs/go1_robot/install/unitree_inspection_interfaces/local/lib/python3.10/dist-packages/unitree_inspection_interfaces
[2.094s] -- Up-to-date: /home/rs/go1_robot/install/unitree_inspection_interfaces/local/lib/python3.10/dist-packages/unitree_inspection_interfaces/unitree_inspection_interfaces_s__rosidl_typesupport_introspection_c.cpython-310-x86_64-linux-gnu.so
[2.095s] -- Up-to-date: /home/rs/go1_robot/install/unitree_inspection_interfaces/local/lib/python3.10/dist-packages/unitree_inspection_interfaces/unitree_inspection_interfaces_s__rosidl_typesupport_c.cpython-310-x86_64-linux-gnu.so
[2.098s] -- Up-to-date: /home/rs/go1_robot/install/unitree_inspection_interfaces/local/lib/python3.10/dist-packages/unitree_inspection_interfaces/unitree_inspection_interfaces_s__rosidl_typesupport_fastrtps_c.cpython-310-x86_64-linux-gnu.so
[2.098s] -- Up-to-date: /home/rs/go1_robot/install/unitree_inspection_interfaces/local/lib/python3.10/dist-packages/unitree_inspection_interfaces/__init__.py
[2.098s] -- Up-to-date: /home/rs/go1_robot/install/unitree_inspection_interfaces/local/lib/python3.10/dist-packages/unitree_inspection_interfaces/srv
[2.102s] -- Up-to-date: /home/rs/go1_robot/install/unitree_inspection_interfaces/local/lib/python3.10/dist-packages/unitree_inspection_interfaces/srv/_go_to_inspection_point.py
[2.103s] -- Up-to-date: /home/rs/go1_robot/install/unitree_inspection_interfaces/local/lib/python3.10/dist-packages/unitree_inspection_interfaces/srv/__init__.py
[2.110s] -- Up-to-date: /home/rs/go1_robot/install/unitree_inspection_interfaces/local/lib/python3.10/dist-packages/unitree_inspection_interfaces/srv/_go_to_inspection_point_s.c
[2.111s] -- Up-to-date: /home/rs/go1_robot/install/unitree_inspection_interfaces/local/lib/python3.10/dist-packages/unitree_inspection_interfaces/_unitree_inspection_interfaces_s.ep.rosidl_typesupport_introspection_c.c
[2.111s] -- Up-to-date: /home/rs/go1_robot/install/unitree_inspection_interfaces/local/lib/python3.10/dist-packages/unitree_inspection_interfaces/libunitree_inspection_interfaces_msg__rosidl_generator_py.so
[2.112s] -- Up-to-date: /home/rs/go1_robot/install/unitree_inspection_interfaces/local/lib/python3.10/dist-packages/unitree_inspection_interfaces/_unitree_inspection_interfaces_s.ep.rosidl_typesupport_fastrtps_c.c
[2.113s] -- Up-to-date: /home/rs/go1_robot/install/unitree_inspection_interfaces/local/lib/python3.10/dist-packages/unitree_inspection_interfaces/_unitree_inspection_interfaces_s.ep.rosidl_typesupport_c.c
[2.235s] Listing '/home/rs/go1_robot/install/unitree_inspection_interfaces/local/lib/python3.10/dist-packages/unitree_inspection_interfaces'...
[2.235s] Listing '/home/rs/go1_robot/install/unitree_inspection_interfaces/local/lib/python3.10/dist-packages/unitree_inspection_interfaces/srv'...
[2.236s] -- Up-to-date: /home/rs/go1_robot/install/unitree_inspection_interfaces/local/lib/python3.10/dist-packages/unitree_inspection_interfaces/unitree_inspection_interfaces_s__rosidl_typesupport_fastrtps_c.cpython-310-x86_64-linux-gnu.so
[2.236s] -- Up-to-date: /home/rs/go1_robot/install/unitree_inspection_interfaces/local/lib/python3.10/dist-packages/unitree_inspection_interfaces/unitree_inspection_interfaces_s__rosidl_typesupport_introspection_c.cpython-310-x86_64-linux-gnu.so
[2.237s] -- Up-to-date: /home/rs/go1_robot/install/unitree_inspection_interfaces/local/lib/python3.10/dist-packages/unitree_inspection_interfaces/unitree_inspection_interfaces_s__rosidl_typesupport_c.cpython-310-x86_64-linux-gnu.so
[2.238s] -- Up-to-date: /home/rs/go1_robot/install/unitree_inspection_interfaces/lib/libunitree_inspection_interfaces_msg__rosidl_generator_py.so
[2.241s] -- Up-to-date: /home/rs/go1_robot/install/unitree_inspection_interfaces/share/unitree_inspection_interfaces/srv/GoToInspectionPoint.idl
[2.241s] -- Up-to-date: /home/rs/go1_robot/install/unitree_inspection_interfaces/share/unitree_inspection_interfaces/srv/GoToInspectionPoint.srv
[2.245s] -- Up-to-date: /home/rs/go1_robot/install/unitree_inspection_interfaces/share/unitree_inspection_interfaces/srv/GoToInspectionPoint_Request.msg
[2.248s] -- Up-to-date: /home/rs/go1_robot/install/unitree_inspection_interfaces/share/unitree_inspection_interfaces/srv/GoToInspectionPoint_Response.msg
[2.250s] -- Up-to-date: /home/rs/go1_robot/install/unitree_inspection_interfaces/share/ament_index/resource_index/package_run_dependencies/unitree_inspection_interfaces
[2.250s] -- Up-to-date: /home/rs/go1_robot/install/unitree_inspection_interfaces/share/ament_index/resource_index/parent_prefix_path/unitree_inspection_interfaces
[2.252s] -- Up-to-date: /home/rs/go1_robot/install/unitree_inspection_interfaces/share/unitree_inspection_interfaces/environment/ament_prefix_path.sh
[2.253s] -- Up-to-date: /home/rs/go1_robot/install/unitree_inspection_interfaces/share/unitree_inspection_interfaces/environment/ament_prefix_path.dsv
[2.256s] -- Up-to-date: /home/rs/go1_robot/install/unitree_inspection_interfaces/share/unitree_inspection_interfaces/environment/path.sh
[2.256s] -- Up-to-date: /home/rs/go1_robot/install/unitree_inspection_interfaces/share/unitree_inspection_interfaces/environment/path.dsv
[2.257s] -- Up-to-date: /home/rs/go1_robot/install/unitree_inspection_interfaces/share/unitree_inspection_interfaces/local_setup.bash
[2.258s] -- Up-to-date: /home/rs/go1_robot/install/unitree_inspection_interfaces/share/unitree_inspection_interfaces/local_setup.sh
[2.260s] -- Up-to-date: /home/rs/go1_robot/install/unitree_inspection_interfaces/share/unitree_inspection_interfaces/local_setup.zsh
[2.264s] -- Up-to-date: /home/rs/go1_robot/install/unitree_inspection_interfaces/share/unitree_inspection_interfaces/local_setup.dsv
[2.264s] -- Up-to-date: /home/rs/go1_robot/install/unitree_inspection_interfaces/share/unitree_inspection_interfaces/package.dsv
[2.265s] -- Up-to-date: /home/rs/go1_robot/install/unitree_inspection_interfaces/share/ament_index/resource_index/packages/unitree_inspection_interfaces
[2.266s] -- Up-to-date: /home/rs/go1_robot/install/unitree_inspection_interfaces/share/unitree_inspection_interfaces/cmake/export_unitree_inspection_interfaces_msg__rosidl_generator_cExport.cmake
[2.267s] -- Up-to-date: /home/rs/go1_robot/install/unitree_inspection_interfaces/share/unitree_inspection_interfaces/cmake/export_unitree_inspection_interfaces_msg__rosidl_generator_cExport-noconfig.cmake
[2.267s] -- Up-to-date: /home/rs/go1_robot/install/unitree_inspection_interfaces/share/unitree_inspection_interfaces/cmake/export_unitree_inspection_interfaces_msg__rosidl_typesupport_fastrtps_cExport.cmake
[2.268s] -- Up-to-date: /home/rs/go1_robot/install/unitree_inspection_interfaces/share/unitree_inspection_interfaces/cmake/export_unitree_inspection_interfaces_msg__rosidl_typesupport_fastrtps_cExport-noconfig.cmake
[2.270s] -- Up-to-date: /home/rs/go1_robot/install/unitree_inspection_interfaces/share/unitree_inspection_interfaces/cmake/unitree_inspection_interfaces_msg__rosidl_typesupport_introspection_cExport.cmake
[2.271s] -- Up-to-date: /home/rs/go1_robot/install/unitree_inspection_interfaces/share/unitree_inspection_interfaces/cmake/unitree_inspection_interfaces_msg__rosidl_typesupport_introspection_cExport-noconfig.cmake
[2.271s] -- Up-to-date: /home/rs/go1_robot/install/unitree_inspection_interfaces/share/unitree_inspection_interfaces/cmake/unitree_inspection_interfaces_msg__rosidl_typesupport_cExport.cmake
[2.272s] -- Up-to-date: /home/rs/go1_robot/install/unitree_inspection_interfaces/share/unitree_inspection_interfaces/cmake/unitree_inspection_interfaces_msg__rosidl_typesupport_cExport-noconfig.cmake
[2.275s] -- Up-to-date: /home/rs/go1_robot/install/unitree_inspection_interfaces/share/unitree_inspection_interfaces/cmake/export_unitree_inspection_interfaces_msg__rosidl_generator_cppExport.cmake
[2.275s] -- Up-to-date: /home/rs/go1_robot/install/unitree_inspection_interfaces/share/unitree_inspection_interfaces/cmake/export_unitree_inspection_interfaces_msg__rosidl_typesupport_fastrtps_cppExport.cmake
[2.276s] -- Up-to-date: /home/rs/go1_robot/install/unitree_inspection_interfaces/share/unitree_inspection_interfaces/cmake/export_unitree_inspection_interfaces_msg__rosidl_typesupport_fastrtps_cppExport-noconfig.cmake
[2.276s] -- Up-to-date: /home/rs/go1_robot/install/unitree_inspection_interfaces/share/unitree_inspection_interfaces/cmake/unitree_inspection_interfaces_msg__rosidl_typesupport_introspection_cppExport.cmake
[2.279s] -- Up-to-date: /home/rs/go1_robot/install/unitree_inspection_interfaces/share/unitree_inspection_interfaces/cmake/unitree_inspection_interfaces_msg__rosidl_typesupport_introspection_cppExport-noconfig.cmake
[2.280s] -- Up-to-date: /home/rs/go1_robot/install/unitree_inspection_interfaces/share/unitree_inspection_interfaces/cmake/unitree_inspection_interfaces_msg__rosidl_typesupport_cppExport.cmake
[2.280s] -- Up-to-date: /home/rs/go1_robot/install/unitree_inspection_interfaces/share/unitree_inspection_interfaces/cmake/unitree_inspection_interfaces_msg__rosidl_typesupport_cppExport-noconfig.cmake
[2.281s] -- Up-to-date: /home/rs/go1_robot/install/unitree_inspection_interfaces/share/unitree_inspection_interfaces/cmake/export_unitree_inspection_interfaces_msg__rosidl_generator_pyExport.cmake
[2.282s] -- Up-to-date: /home/rs/go1_robot/install/unitree_inspection_interfaces/share/unitree_inspection_interfaces/cmake/export_unitree_inspection_interfaces_msg__rosidl_generator_pyExport-noconfig.cmake
[2.282s] -- Up-to-date: /home/rs/go1_robot/install/unitree_inspection_interfaces/share/unitree_inspection_interfaces/cmake/ament_cmake_export_dependencies-extras.cmake
[2.283s] -- Up-to-date: /home/rs/go1_robot/install/unitree_inspection_interfaces/share/unitree_inspection_interfaces/cmake/rosidl_cmake-extras.cmake
[2.284s] -- Up-to-date: /home/rs/go1_robot/install/unitree_inspection_interfaces/share/unitree_inspection_interfaces/cmake/ament_cmake_export_include_directories-extras.cmake
[2.284s] -- Up-to-date: /home/rs/go1_robot/install/unitree_inspection_interfaces/share/unitree_inspection_interfaces/cmake/ament_cmake_export_libraries-extras.cmake
[2.284s] -- Up-to-date: /home/rs/go1_robot/install/unitree_inspection_interfaces/share/unitree_inspection_interfaces/cmake/ament_cmake_export_targets-extras.cmake
[2.284s] -- Up-to-date: /home/rs/go1_robot/install/unitree_inspection_interfaces/share/unitree_inspection_interfaces/cmake/rosidl_cmake_export_typesupport_targets-extras.cmake
[2.284s] -- Up-to-date: /home/rs/go1_robot/install/unitree_inspection_interfaces/share/unitree_inspection_interfaces/cmake/rosidl_cmake_export_typesupport_libraries-extras.cmake
[2.284s] -- Up-to-date: /home/rs/go1_robot/install/unitree_inspection_interfaces/share/unitree_inspection_interfaces/cmake/unitree_inspection_interfacesConfig.cmake
[2.285s] -- Up-to-date: /home/rs/go1_robot/install/unitree_inspection_interfaces/share/unitree_inspection_interfaces/cmake/unitree_inspection_interfacesConfig-version.cmake
[2.285s] -- Up-to-date: /home/rs/go1_robot/install/unitree_inspection_interfaces/share/unitree_inspection_interfaces/package.xml
[2.314s] Invoked command in '/home/rs/go1_robot/build/unitree_inspection_interfaces' returned '0': CMAKE_PREFIX_PATH=${CMAKE_PREFIX_PATH}:/opt/ros/humble:/home/rs/go1_robot/install/unitree_nav_launch_module /usr/bin/cmake --install /home/rs/go1_robot/build/unitree_inspection_interfaces
