[0.147s] Invoking command in '/home/rs/final_auto/build/unitree_inspection_interfaces': CMAKE_PREFIX_PATH=${CMAKE_PREFIX_PATH}:/home/rs/final_auto/install/unitree_nav_launch_module:/opt/ros/humble /usr/bin/cmake --build /home/rs/final_auto/build/unitree_inspection_interfaces -- -j13 -l13
[0.519s] [35m[1mConsolidate compiler generated dependencies of target unitree_inspection_interfaces_msg__rosidl_generator_c[0m
[0.566s] [  3%] Built target unitree_inspection_interfaces_msg__cpp
[0.640s] [ 12%] Built target unitree_inspection_interfaces_msg__rosidl_generator_c
[0.647s] [35m[1mConsolidate compiler generated dependencies of target unitree_inspection_interfaces_msg__rosidl_typesupport_cpp[0m
[0.718s] [35m[1mConsolidate compiler generated dependencies of target unitree_inspection_interfaces_msg__rosidl_typesupport_fastrtps_cpp[0m
[0.848s] [35m[1mConsolidate compiler generated dependencies of target unitree_inspection_interfaces_msg__rosidl_typesupport_introspection_cpp[0m
[1.030s] [ 12%] Built target ament_cmake_python_copy_unitree_inspection_interfaces
[1.060s] [35m[1mConsolidate compiler generated dependencies of target unitree_inspection_interfaces_msg__rosidl_typesupport_fastrtps_c[0m
[1.077s] [ 22%] Built target unitree_inspection_interfaces_msg__rosidl_typesupport_cpp
[1.086s] [35m[1mConsolidate compiler generated dependencies of target unitree_inspection_interfaces_msg__rosidl_typesupport_introspection_c[0m
[1.152s] [35m[1mConsolidate compiler generated dependencies of target unitree_inspection_interfaces_msg__rosidl_typesupport_c[0m
[1.153s] [ 32%] Built target unitree_inspection_interfaces_msg__rosidl_typesupport_fastrtps_cpp
[1.195s] [ 41%] Built target unitree_inspection_interfaces_msg__rosidl_typesupport_introspection_cpp
[1.417s] [ 51%] Built target unitree_inspection_interfaces_msg__rosidl_typesupport_fastrtps_c
[1.418s] [ 61%] Built target unitree_inspection_interfaces_msg__rosidl_typesupport_introspection_c
[1.454s] [ 70%] Built target unitree_inspection_interfaces_msg__rosidl_typesupport_c
[1.615s] [ 70%] Built target unitree_inspection_interfaces_msg
[1.750s] [ 74%] Built target unitree_inspection_interfaces_msg__py
[1.795s] [35m[1mConsolidate compiler generated dependencies of target unitree_inspection_interfaces_msg__rosidl_generator_py[0m
[1.872s] [ 80%] Built target unitree_inspection_interfaces_msg__rosidl_generator_py
[1.941s] [35m[1mConsolidate compiler generated dependencies of target unitree_inspection_interfaces__rosidl_typesupport_introspection_c__pyext[0m
[1.979s] [35m[1mConsolidate compiler generated dependencies of target unitree_inspection_interfaces__rosidl_typesupport_fastrtps_c__pyext[0m
[1.992s] [35m[1mConsolidate compiler generated dependencies of target unitree_inspection_interfaces__rosidl_typesupport_c__pyext[0m
[2.056s] [ 87%] Built target unitree_inspection_interfaces__rosidl_typesupport_introspection_c__pyext
[2.057s] [ 93%] Built target unitree_inspection_interfaces__rosidl_typesupport_c__pyext
[2.065s] [100%] Built target unitree_inspection_interfaces__rosidl_typesupport_fastrtps_c__pyext
[2.410s] running egg_info
[2.411s] writing unitree_inspection_interfaces.egg-info/PKG-INFO
[2.414s] writing dependency_links to unitree_inspection_interfaces.egg-info/dependency_links.txt
[2.415s] writing top-level names to unitree_inspection_interfaces.egg-info/top_level.txt
[2.426s] reading manifest file 'unitree_inspection_interfaces.egg-info/SOURCES.txt'
[2.429s] writing manifest file 'unitree_inspection_interfaces.egg-info/SOURCES.txt'
[2.514s] [100%] Built target ament_cmake_python_build_unitree_inspection_interfaces_egg
[2.557s] Invoked command in '/home/rs/final_auto/build/unitree_inspection_interfaces' returned '0': CMAKE_PREFIX_PATH=${CMAKE_PREFIX_PATH}:/home/rs/final_auto/install/unitree_nav_launch_module:/opt/ros/humble /usr/bin/cmake --build /home/rs/final_auto/build/unitree_inspection_interfaces -- -j13 -l13
[2.929s] Invoking command in '/home/rs/final_auto/build/unitree_inspection_interfaces': CMAKE_PREFIX_PATH=${CMAKE_PREFIX_PATH}:/home/rs/final_auto/install/unitree_nav_launch_module:/opt/ros/humble /usr/bin/cmake --install /home/rs/final_auto/build/unitree_inspection_interfaces
[2.973s] -- Install configuration: ""
[2.975s] -- Up-to-date: /home/rs/final_auto/install/unitree_inspection_interfaces/share/ament_index/resource_index/rosidl_interfaces/unitree_inspection_interfaces
[2.976s] -- Up-to-date: /home/rs/final_auto/install/unitree_inspection_interfaces/include/unitree_inspection_interfaces/unitree_inspection_interfaces
[2.976s] -- Up-to-date: /home/rs/final_auto/install/unitree_inspection_interfaces/include/unitree_inspection_interfaces/unitree_inspection_interfaces/srv
[2.976s] -- Up-to-date: /home/rs/final_auto/install/unitree_inspection_interfaces/include/unitree_inspection_interfaces/unitree_inspection_interfaces/srv/detail
[2.977s] -- Up-to-date: /home/rs/final_auto/install/unitree_inspection_interfaces/include/unitree_inspection_interfaces/unitree_inspection_interfaces/srv/detail/go_to_inspection_point__struct.h
[2.977s] -- Up-to-date: /home/rs/final_auto/install/unitree_inspection_interfaces/include/unitree_inspection_interfaces/unitree_inspection_interfaces/srv/detail/go_to_inspection_point__functions.h
[2.978s] -- Up-to-date: /home/rs/final_auto/install/unitree_inspection_interfaces/include/unitree_inspection_interfaces/unitree_inspection_interfaces/srv/detail/go_to_inspection_point__functions.c
[2.978s] -- Up-to-date: /home/rs/final_auto/install/unitree_inspection_interfaces/include/unitree_inspection_interfaces/unitree_inspection_interfaces/srv/detail/go_to_inspection_point__type_support.h
[2.978s] -- Up-to-date: /home/rs/final_auto/install/unitree_inspection_interfaces/include/unitree_inspection_interfaces/unitree_inspection_interfaces/srv/go_to_inspection_point.h
[2.979s] -- Up-to-date: /home/rs/final_auto/install/unitree_inspection_interfaces/include/unitree_inspection_interfaces/unitree_inspection_interfaces/msg
[2.979s] -- Up-to-date: /home/rs/final_auto/install/unitree_inspection_interfaces/include/unitree_inspection_interfaces/unitree_inspection_interfaces/msg/rosidl_generator_c__visibility_control.h
[2.979s] -- Up-to-date: /home/rs/final_auto/install/unitree_inspection_interfaces/share/unitree_inspection_interfaces/environment/library_path.sh
[2.980s] -- Up-to-date: /home/rs/final_auto/install/unitree_inspection_interfaces/share/unitree_inspection_interfaces/environment/library_path.dsv
[2.982s] -- Up-to-date: /home/rs/final_auto/install/unitree_inspection_interfaces/lib/libunitree_inspection_interfaces__rosidl_generator_c.so
[2.984s] -- Up-to-date: /home/rs/final_auto/install/unitree_inspection_interfaces/include/unitree_inspection_interfaces/unitree_inspection_interfaces
[2.984s] -- Up-to-date: /home/rs/final_auto/install/unitree_inspection_interfaces/include/unitree_inspection_interfaces/unitree_inspection_interfaces/srv
[2.984s] -- Up-to-date: /home/rs/final_auto/install/unitree_inspection_interfaces/include/unitree_inspection_interfaces/unitree_inspection_interfaces/srv/detail
[2.985s] -- Up-to-date: /home/rs/final_auto/install/unitree_inspection_interfaces/include/unitree_inspection_interfaces/unitree_inspection_interfaces/srv/detail/go_to_inspection_point__rosidl_typesupport_fastrtps_c.h
[2.986s] -- Up-to-date: /home/rs/final_auto/install/unitree_inspection_interfaces/include/unitree_inspection_interfaces/unitree_inspection_interfaces/msg
[2.987s] -- Up-to-date: /home/rs/final_auto/install/unitree_inspection_interfaces/include/unitree_inspection_interfaces/unitree_inspection_interfaces/msg/rosidl_typesupport_fastrtps_c__visibility_control.h
[2.988s] -- Up-to-date: /home/rs/final_auto/install/unitree_inspection_interfaces/lib/libunitree_inspection_interfaces__rosidl_typesupport_fastrtps_c.so
[2.988s] -- Up-to-date: /home/rs/final_auto/install/unitree_inspection_interfaces/include/unitree_inspection_interfaces/unitree_inspection_interfaces
[2.989s] -- Up-to-date: /home/rs/final_auto/install/unitree_inspection_interfaces/include/unitree_inspection_interfaces/unitree_inspection_interfaces/srv
[2.994s] -- Up-to-date: /home/rs/final_auto/install/unitree_inspection_interfaces/include/unitree_inspection_interfaces/unitree_inspection_interfaces/srv/detail
[2.999s] -- Up-to-date: /home/rs/final_auto/install/unitree_inspection_interfaces/include/unitree_inspection_interfaces/unitree_inspection_interfaces/srv/detail/go_to_inspection_point__type_support.c
[3.001s] -- Up-to-date: /home/rs/final_auto/install/unitree_inspection_interfaces/include/unitree_inspection_interfaces/unitree_inspection_interfaces/srv/detail/go_to_inspection_point__rosidl_typesupport_introspection_c.h
[3.003s] -- Up-to-date: /home/rs/final_auto/install/unitree_inspection_interfaces/include/unitree_inspection_interfaces/unitree_inspection_interfaces/msg
[3.008s] -- Up-to-date: /home/rs/final_auto/install/unitree_inspection_interfaces/include/unitree_inspection_interfaces/unitree_inspection_interfaces/msg/rosidl_typesupport_introspection_c__visibility_control.h
[3.008s] -- Up-to-date: /home/rs/final_auto/install/unitree_inspection_interfaces/lib/libunitree_inspection_interfaces__rosidl_typesupport_introspection_c.so
[3.009s] -- Up-to-date: /home/rs/final_auto/install/unitree_inspection_interfaces/lib/libunitree_inspection_interfaces__rosidl_typesupport_c.so
[3.009s] -- Up-to-date: /home/rs/final_auto/install/unitree_inspection_interfaces/include/unitree_inspection_interfaces/unitree_inspection_interfaces
[3.010s] -- Up-to-date: /home/rs/final_auto/install/unitree_inspection_interfaces/include/unitree_inspection_interfaces/unitree_inspection_interfaces/srv
[3.011s] -- Up-to-date: /home/rs/final_auto/install/unitree_inspection_interfaces/include/unitree_inspection_interfaces/unitree_inspection_interfaces/srv/detail
[3.011s] -- Up-to-date: /home/rs/final_auto/install/unitree_inspection_interfaces/include/unitree_inspection_interfaces/unitree_inspection_interfaces/srv/detail/go_to_inspection_point__builder.hpp
[3.012s] -- Up-to-date: /home/rs/final_auto/install/unitree_inspection_interfaces/include/unitree_inspection_interfaces/unitree_inspection_interfaces/srv/detail/go_to_inspection_point__traits.hpp
[3.012s] -- Up-to-date: /home/rs/final_auto/install/unitree_inspection_interfaces/include/unitree_inspection_interfaces/unitree_inspection_interfaces/srv/detail/go_to_inspection_point__struct.hpp
[3.013s] -- Up-to-date: /home/rs/final_auto/install/unitree_inspection_interfaces/include/unitree_inspection_interfaces/unitree_inspection_interfaces/srv/go_to_inspection_point.hpp
[3.014s] -- Up-to-date: /home/rs/final_auto/install/unitree_inspection_interfaces/include/unitree_inspection_interfaces/unitree_inspection_interfaces
[3.014s] -- Up-to-date: /home/rs/final_auto/install/unitree_inspection_interfaces/include/unitree_inspection_interfaces/unitree_inspection_interfaces/srv
[3.014s] -- Up-to-date: /home/rs/final_auto/install/unitree_inspection_interfaces/include/unitree_inspection_interfaces/unitree_inspection_interfaces/srv/detail
[3.015s] -- Up-to-date: /home/rs/final_auto/install/unitree_inspection_interfaces/include/unitree_inspection_interfaces/unitree_inspection_interfaces/srv/detail/dds_fastrtps
[3.015s] -- Up-to-date: /home/rs/final_auto/install/unitree_inspection_interfaces/include/unitree_inspection_interfaces/unitree_inspection_interfaces/srv/detail/go_to_inspection_point__rosidl_typesupport_fastrtps_cpp.hpp
[3.015s] -- Up-to-date: /home/rs/final_auto/install/unitree_inspection_interfaces/include/unitree_inspection_interfaces/unitree_inspection_interfaces/msg
[3.016s] -- Up-to-date: /home/rs/final_auto/install/unitree_inspection_interfaces/include/unitree_inspection_interfaces/unitree_inspection_interfaces/msg/rosidl_typesupport_fastrtps_cpp__visibility_control.h
[3.016s] -- Up-to-date: /home/rs/final_auto/install/unitree_inspection_interfaces/lib/libunitree_inspection_interfaces__rosidl_typesupport_fastrtps_cpp.so
[3.016s] -- Up-to-date: /home/rs/final_auto/install/unitree_inspection_interfaces/include/unitree_inspection_interfaces/unitree_inspection_interfaces
[3.016s] -- Up-to-date: /home/rs/final_auto/install/unitree_inspection_interfaces/include/unitree_inspection_interfaces/unitree_inspection_interfaces/srv
[3.016s] -- Up-to-date: /home/rs/final_auto/install/unitree_inspection_interfaces/include/unitree_inspection_interfaces/unitree_inspection_interfaces/srv/detail
[3.016s] -- Up-to-date: /home/rs/final_auto/install/unitree_inspection_interfaces/include/unitree_inspection_interfaces/unitree_inspection_interfaces/srv/detail/go_to_inspection_point__type_support.cpp
[3.017s] -- Up-to-date: /home/rs/final_auto/install/unitree_inspection_interfaces/include/unitree_inspection_interfaces/unitree_inspection_interfaces/srv/detail/go_to_inspection_point__rosidl_typesupport_introspection_cpp.hpp
[3.017s] -- Up-to-date: /home/rs/final_auto/install/unitree_inspection_interfaces/lib/libunitree_inspection_interfaces__rosidl_typesupport_introspection_cpp.so
[3.017s] -- Up-to-date: /home/rs/final_auto/install/unitree_inspection_interfaces/lib/libunitree_inspection_interfaces__rosidl_typesupport_cpp.so
[3.018s] -- Up-to-date: /home/rs/final_auto/install/unitree_inspection_interfaces/share/unitree_inspection_interfaces/environment/pythonpath.sh
[3.019s] -- Up-to-date: /home/rs/final_auto/install/unitree_inspection_interfaces/share/unitree_inspection_interfaces/environment/pythonpath.dsv
[3.019s] -- Up-to-date: /home/rs/final_auto/install/unitree_inspection_interfaces/local/lib/python3.10/dist-packages/unitree_inspection_interfaces-0.0.0-py3.10.egg-info
[3.019s] -- Installing: /home/rs/final_auto/install/unitree_inspection_interfaces/local/lib/python3.10/dist-packages/unitree_inspection_interfaces-0.0.0-py3.10.egg-info/top_level.txt
[3.020s] -- Installing: /home/rs/final_auto/install/unitree_inspection_interfaces/local/lib/python3.10/dist-packages/unitree_inspection_interfaces-0.0.0-py3.10.egg-info/PKG-INFO
[3.020s] -- Installing: /home/rs/final_auto/install/unitree_inspection_interfaces/local/lib/python3.10/dist-packages/unitree_inspection_interfaces-0.0.0-py3.10.egg-info/dependency_links.txt
[3.020s] -- Installing: /home/rs/final_auto/install/unitree_inspection_interfaces/local/lib/python3.10/dist-packages/unitree_inspection_interfaces-0.0.0-py3.10.egg-info/SOURCES.txt
[3.021s] -- Up-to-date: /home/rs/final_auto/install/unitree_inspection_interfaces/local/lib/python3.10/dist-packages/unitree_inspection_interfaces
[3.021s] -- Up-to-date: /home/rs/final_auto/install/unitree_inspection_interfaces/local/lib/python3.10/dist-packages/unitree_inspection_interfaces/unitree_inspection_interfaces_s__rosidl_typesupport_introspection_c.cpython-310-x86_64-linux-gnu.so
[3.021s] -- Up-to-date: /home/rs/final_auto/install/unitree_inspection_interfaces/local/lib/python3.10/dist-packages/unitree_inspection_interfaces/unitree_inspection_interfaces_s__rosidl_typesupport_c.cpython-310-x86_64-linux-gnu.so
[3.021s] -- Up-to-date: /home/rs/final_auto/install/unitree_inspection_interfaces/local/lib/python3.10/dist-packages/unitree_inspection_interfaces/unitree_inspection_interfaces_s__rosidl_typesupport_fastrtps_c.cpython-310-x86_64-linux-gnu.so
[3.023s] -- Up-to-date: /home/rs/final_auto/install/unitree_inspection_interfaces/local/lib/python3.10/dist-packages/unitree_inspection_interfaces/__init__.py
[3.023s] -- Up-to-date: /home/rs/final_auto/install/unitree_inspection_interfaces/local/lib/python3.10/dist-packages/unitree_inspection_interfaces/srv
[3.023s] -- Up-to-date: /home/rs/final_auto/install/unitree_inspection_interfaces/local/lib/python3.10/dist-packages/unitree_inspection_interfaces/srv/_go_to_inspection_point.py
[3.023s] -- Up-to-date: /home/rs/final_auto/install/unitree_inspection_interfaces/local/lib/python3.10/dist-packages/unitree_inspection_interfaces/srv/__init__.py
[3.024s] -- Up-to-date: /home/rs/final_auto/install/unitree_inspection_interfaces/local/lib/python3.10/dist-packages/unitree_inspection_interfaces/srv/_go_to_inspection_point_s.c
[3.026s] -- Up-to-date: /home/rs/final_auto/install/unitree_inspection_interfaces/local/lib/python3.10/dist-packages/unitree_inspection_interfaces/_unitree_inspection_interfaces_s.ep.rosidl_typesupport_introspection_c.c
[3.026s] -- Up-to-date: /home/rs/final_auto/install/unitree_inspection_interfaces/local/lib/python3.10/dist-packages/unitree_inspection_interfaces/libunitree_inspection_interfaces_msg__rosidl_generator_py.so
[3.027s] -- Up-to-date: /home/rs/final_auto/install/unitree_inspection_interfaces/local/lib/python3.10/dist-packages/unitree_inspection_interfaces/_unitree_inspection_interfaces_s.ep.rosidl_typesupport_fastrtps_c.c
[3.027s] -- Up-to-date: /home/rs/final_auto/install/unitree_inspection_interfaces/local/lib/python3.10/dist-packages/unitree_inspection_interfaces/_unitree_inspection_interfaces_s.ep.rosidl_typesupport_c.c
[3.155s] Listing '/home/rs/final_auto/install/unitree_inspection_interfaces/local/lib/python3.10/dist-packages/unitree_inspection_interfaces'...
[3.156s] Listing '/home/rs/final_auto/install/unitree_inspection_interfaces/local/lib/python3.10/dist-packages/unitree_inspection_interfaces/srv'...
[3.157s] -- Up-to-date: /home/rs/final_auto/install/unitree_inspection_interfaces/local/lib/python3.10/dist-packages/unitree_inspection_interfaces/unitree_inspection_interfaces_s__rosidl_typesupport_fastrtps_c.cpython-310-x86_64-linux-gnu.so
[3.160s] -- Up-to-date: /home/rs/final_auto/install/unitree_inspection_interfaces/local/lib/python3.10/dist-packages/unitree_inspection_interfaces/unitree_inspection_interfaces_s__rosidl_typesupport_introspection_c.cpython-310-x86_64-linux-gnu.so
[3.167s] -- Up-to-date: /home/rs/final_auto/install/unitree_inspection_interfaces/local/lib/python3.10/dist-packages/unitree_inspection_interfaces/unitree_inspection_interfaces_s__rosidl_typesupport_c.cpython-310-x86_64-linux-gnu.so
[3.168s] -- Up-to-date: /home/rs/final_auto/install/unitree_inspection_interfaces/lib/libunitree_inspection_interfaces_msg__rosidl_generator_py.so
[3.170s] -- Up-to-date: /home/rs/final_auto/install/unitree_inspection_interfaces/share/unitree_inspection_interfaces/srv/GoToInspectionPoint.idl
[3.171s] -- Up-to-date: /home/rs/final_auto/install/unitree_inspection_interfaces/share/unitree_inspection_interfaces/srv/GoToInspectionPoint.srv
[3.171s] -- Up-to-date: /home/rs/final_auto/install/unitree_inspection_interfaces/share/unitree_inspection_interfaces/srv/GoToInspectionPoint_Request.msg
[3.171s] -- Up-to-date: /home/rs/final_auto/install/unitree_inspection_interfaces/share/unitree_inspection_interfaces/srv/GoToInspectionPoint_Response.msg
[3.171s] -- Up-to-date: /home/rs/final_auto/install/unitree_inspection_interfaces/share/ament_index/resource_index/package_run_dependencies/unitree_inspection_interfaces
[3.173s] -- Up-to-date: /home/rs/final_auto/install/unitree_inspection_interfaces/share/ament_index/resource_index/parent_prefix_path/unitree_inspection_interfaces
[3.174s] -- Up-to-date: /home/rs/final_auto/install/unitree_inspection_interfaces/share/unitree_inspection_interfaces/environment/ament_prefix_path.sh
[3.175s] -- Up-to-date: /home/rs/final_auto/install/unitree_inspection_interfaces/share/unitree_inspection_interfaces/environment/ament_prefix_path.dsv
[3.175s] -- Up-to-date: /home/rs/final_auto/install/unitree_inspection_interfaces/share/unitree_inspection_interfaces/environment/path.sh
[3.176s] -- Up-to-date: /home/rs/final_auto/install/unitree_inspection_interfaces/share/unitree_inspection_interfaces/environment/path.dsv
[3.176s] -- Up-to-date: /home/rs/final_auto/install/unitree_inspection_interfaces/share/unitree_inspection_interfaces/local_setup.bash
[3.177s] -- Up-to-date: /home/rs/final_auto/install/unitree_inspection_interfaces/share/unitree_inspection_interfaces/local_setup.sh
[3.177s] -- Up-to-date: /home/rs/final_auto/install/unitree_inspection_interfaces/share/unitree_inspection_interfaces/local_setup.zsh
[3.177s] -- Up-to-date: /home/rs/final_auto/install/unitree_inspection_interfaces/share/unitree_inspection_interfaces/local_setup.dsv
[3.178s] -- Installing: /home/rs/final_auto/install/unitree_inspection_interfaces/share/unitree_inspection_interfaces/package.dsv
[3.179s] -- Up-to-date: /home/rs/final_auto/install/unitree_inspection_interfaces/share/ament_index/resource_index/packages/unitree_inspection_interfaces
[3.179s] -- Up-to-date: /home/rs/final_auto/install/unitree_inspection_interfaces/share/unitree_inspection_interfaces/cmake/export_unitree_inspection_interfaces_msg__rosidl_generator_cExport.cmake
[3.180s] -- Up-to-date: /home/rs/final_auto/install/unitree_inspection_interfaces/share/unitree_inspection_interfaces/cmake/export_unitree_inspection_interfaces_msg__rosidl_generator_cExport-noconfig.cmake
[3.180s] -- Up-to-date: /home/rs/final_auto/install/unitree_inspection_interfaces/share/unitree_inspection_interfaces/cmake/export_unitree_inspection_interfaces_msg__rosidl_typesupport_fastrtps_cExport.cmake
[3.181s] -- Up-to-date: /home/rs/final_auto/install/unitree_inspection_interfaces/share/unitree_inspection_interfaces/cmake/export_unitree_inspection_interfaces_msg__rosidl_typesupport_fastrtps_cExport-noconfig.cmake
[3.182s] -- Up-to-date: /home/rs/final_auto/install/unitree_inspection_interfaces/share/unitree_inspection_interfaces/cmake/unitree_inspection_interfaces_msg__rosidl_typesupport_introspection_cExport.cmake
[3.183s] -- Up-to-date: /home/rs/final_auto/install/unitree_inspection_interfaces/share/unitree_inspection_interfaces/cmake/unitree_inspection_interfaces_msg__rosidl_typesupport_introspection_cExport-noconfig.cmake
[3.185s] -- Up-to-date: /home/rs/final_auto/install/unitree_inspection_interfaces/share/unitree_inspection_interfaces/cmake/unitree_inspection_interfaces_msg__rosidl_typesupport_cExport.cmake
[3.194s] -- Up-to-date: /home/rs/final_auto/install/unitree_inspection_interfaces/share/unitree_inspection_interfaces/cmake/unitree_inspection_interfaces_msg__rosidl_typesupport_cExport-noconfig.cmake
[3.199s] -- Up-to-date: /home/rs/final_auto/install/unitree_inspection_interfaces/share/unitree_inspection_interfaces/cmake/export_unitree_inspection_interfaces_msg__rosidl_generator_cppExport.cmake
[3.199s] -- Up-to-date: /home/rs/final_auto/install/unitree_inspection_interfaces/share/unitree_inspection_interfaces/cmake/export_unitree_inspection_interfaces_msg__rosidl_typesupport_fastrtps_cppExport.cmake
[3.200s] -- Up-to-date: /home/rs/final_auto/install/unitree_inspection_interfaces/share/unitree_inspection_interfaces/cmake/export_unitree_inspection_interfaces_msg__rosidl_typesupport_fastrtps_cppExport-noconfig.cmake
[3.200s] -- Up-to-date: /home/rs/final_auto/install/unitree_inspection_interfaces/share/unitree_inspection_interfaces/cmake/unitree_inspection_interfaces_msg__rosidl_typesupport_introspection_cppExport.cmake
[3.200s] -- Up-to-date: /home/rs/final_auto/install/unitree_inspection_interfaces/share/unitree_inspection_interfaces/cmake/unitree_inspection_interfaces_msg__rosidl_typesupport_introspection_cppExport-noconfig.cmake
[3.200s] -- Up-to-date: /home/rs/final_auto/install/unitree_inspection_interfaces/share/unitree_inspection_interfaces/cmake/unitree_inspection_interfaces_msg__rosidl_typesupport_cppExport.cmake
[3.200s] -- Up-to-date: /home/rs/final_auto/install/unitree_inspection_interfaces/share/unitree_inspection_interfaces/cmake/unitree_inspection_interfaces_msg__rosidl_typesupport_cppExport-noconfig.cmake
[3.200s] -- Up-to-date: /home/rs/final_auto/install/unitree_inspection_interfaces/share/unitree_inspection_interfaces/cmake/export_unitree_inspection_interfaces_msg__rosidl_generator_pyExport.cmake
[3.200s] -- Up-to-date: /home/rs/final_auto/install/unitree_inspection_interfaces/share/unitree_inspection_interfaces/cmake/export_unitree_inspection_interfaces_msg__rosidl_generator_pyExport-noconfig.cmake
[3.200s] -- Up-to-date: /home/rs/final_auto/install/unitree_inspection_interfaces/share/unitree_inspection_interfaces/cmake/ament_cmake_export_dependencies-extras.cmake
[3.200s] -- Up-to-date: /home/rs/final_auto/install/unitree_inspection_interfaces/share/unitree_inspection_interfaces/cmake/rosidl_cmake-extras.cmake
[3.201s] -- Up-to-date: /home/rs/final_auto/install/unitree_inspection_interfaces/share/unitree_inspection_interfaces/cmake/ament_cmake_export_include_directories-extras.cmake
[3.206s] -- Up-to-date: /home/rs/final_auto/install/unitree_inspection_interfaces/share/unitree_inspection_interfaces/cmake/ament_cmake_export_libraries-extras.cmake
[3.210s] -- Up-to-date: /home/rs/final_auto/install/unitree_inspection_interfaces/share/unitree_inspection_interfaces/cmake/ament_cmake_export_targets-extras.cmake
[3.211s] -- Up-to-date: /home/rs/final_auto/install/unitree_inspection_interfaces/share/unitree_inspection_interfaces/cmake/rosidl_cmake_export_typesupport_targets-extras.cmake
[3.212s] -- Up-to-date: /home/rs/final_auto/install/unitree_inspection_interfaces/share/unitree_inspection_interfaces/cmake/rosidl_cmake_export_typesupport_libraries-extras.cmake
[3.212s] -- Up-to-date: /home/rs/final_auto/install/unitree_inspection_interfaces/share/unitree_inspection_interfaces/cmake/unitree_inspection_interfacesConfig.cmake
[3.213s] -- Up-to-date: /home/rs/final_auto/install/unitree_inspection_interfaces/share/unitree_inspection_interfaces/cmake/unitree_inspection_interfacesConfig-version.cmake
[3.213s] -- Up-to-date: /home/rs/final_auto/install/unitree_inspection_interfaces/share/unitree_inspection_interfaces/package.xml
[3.236s] Invoked command in '/home/rs/final_auto/build/unitree_inspection_interfaces' returned '0': CMAKE_PREFIX_PATH=${CMAKE_PREFIX_PATH}:/home/rs/final_auto/install/unitree_nav_launch_module:/opt/ros/humble /usr/bin/cmake --install /home/rs/final_auto/build/unitree_inspection_interfaces
