[0.561s] DEBUG:colcon:Command line arguments: ['/usr/bin/colcon', 'build']
[0.561s] DEBUG:colcon:Parsed command line arguments: Namespace(log_base=None, log_level=None, verb_name='build', build_base='build', install_base='install', merge_install=False, symlink_install=False, test_result_base=None, continue_on_error=False, executor='parallel', parallel_workers=13, event_handlers=None, ignore_user_meta=False, metas=['./colcon.meta'], base_paths=['.'], packages_ignore=None, packages_ignore_regex=None, paths=None, packages_up_to=None, packages_up_to_regex=None, packages_above=None, packages_above_and_dependencies=None, packages_above_depth=None, packages_select_by_dep=None, packages_skip_by_dep=None, packages_skip_up_to=None, packages_select_build_failed=False, packages_skip_build_finished=False, packages_select_test_failures=False, packages_skip_test_passed=False, packages_select=None, packages_skip=None, packages_select_regex=None, packages_skip_regex=None, packages_start=None, packages_end=None, allow_overriding=[], cmake_args=None, cmake_target=None, cmake_target_skip_unavailable=False, cmake_clean_cache=False, cmake_clean_first=False, cmake_force_configure=False, ament_cmake_args=None, catkin_cmake_args=None, catkin_skip_building_tests=False, mixin_files=None, mixin=None, verb_parser=<colcon_mixin.mixin.mixin_argument.MixinArgumentDecorator object at 0x7025b6404d00>, verb_extension=<colcon_core.verb.build.BuildVerb object at 0x7025b6404670>, main=<bound method BuildVerb.main of <colcon_core.verb.build.BuildVerb object at 0x7025b6404670>>, mixin_verb=('build',))
[0.960s] Level 1:colcon.colcon_core.package_discovery:discover_packages(colcon_meta) check parameters
[0.960s] Level 1:colcon.colcon_core.package_discovery:discover_packages(recursive) check parameters
[0.960s] Level 1:colcon.colcon_core.package_discovery:discover_packages(ignore) check parameters
[0.960s] Level 1:colcon.colcon_core.package_discovery:discover_packages(path) check parameters
[0.961s] Level 1:colcon.colcon_core.package_discovery:discover_packages(colcon_meta) discover
[0.961s] Level 1:colcon.colcon_core.package_discovery:discover_packages(recursive) discover
[0.961s] INFO:colcon.colcon_core.package_discovery:Crawling recursively for packages in '/home/rs/go1_robot'
[0.961s] Level 1:colcon.colcon_core.package_identification:_identify(.) by extensions ['ignore', 'ignore_ament_install']
[0.961s] Level 1:colcon.colcon_core.package_identification:_identify(.) by extension 'ignore'
[0.961s] Level 1:colcon.colcon_core.package_identification:_identify(.) by extension 'ignore_ament_install'
[0.961s] Level 1:colcon.colcon_core.package_identification:_identify(.) by extensions ['colcon_pkg']
[0.961s] Level 1:colcon.colcon_core.package_identification:_identify(.) by extension 'colcon_pkg'
[0.961s] Level 1:colcon.colcon_core.package_identification:_identify(.) by extensions ['colcon_meta']
[0.961s] Level 1:colcon.colcon_core.package_identification:_identify(.) by extension 'colcon_meta'
[0.962s] Level 1:colcon.colcon_core.package_identification:_identify(.) by extensions ['ros']
[0.962s] Level 1:colcon.colcon_core.package_identification:_identify(.) by extension 'ros'
[0.984s] Level 1:colcon.colcon_core.package_identification:_identify(.) by extensions ['cmake', 'python']
[0.984s] Level 1:colcon.colcon_core.package_identification:_identify(.) by extension 'cmake'
[0.984s] Level 1:colcon.colcon_core.package_identification:_identify(.) by extension 'python'
[0.984s] Level 1:colcon.colcon_core.package_identification:_identify(.) by extensions ['python_setup_py']
[0.984s] Level 1:colcon.colcon_core.package_identification:_identify(.) by extension 'python_setup_py'
[0.984s] Level 1:colcon.colcon_core.package_identification:_identify(build) by extensions ['ignore', 'ignore_ament_install']
[0.984s] Level 1:colcon.colcon_core.package_identification:_identify(build) by extension 'ignore'
[0.985s] Level 1:colcon.colcon_core.package_identification:_identify(build) ignored
[0.985s] Level 1:colcon.colcon_core.package_identification:_identify(install) by extensions ['ignore', 'ignore_ament_install']
[0.985s] Level 1:colcon.colcon_core.package_identification:_identify(install) by extension 'ignore'
[0.985s] Level 1:colcon.colcon_core.package_identification:_identify(install) ignored
[0.985s] Level 1:colcon.colcon_core.package_identification:_identify(log) by extensions ['ignore', 'ignore_ament_install']
[0.985s] Level 1:colcon.colcon_core.package_identification:_identify(log) by extension 'ignore'
[0.985s] Level 1:colcon.colcon_core.package_identification:_identify(log) ignored
[0.986s] Level 1:colcon.colcon_core.package_identification:_identify(src) by extensions ['ignore', 'ignore_ament_install']
[0.986s] Level 1:colcon.colcon_core.package_identification:_identify(src) by extension 'ignore'
[0.986s] Level 1:colcon.colcon_core.package_identification:_identify(src) by extension 'ignore_ament_install'
[0.986s] Level 1:colcon.colcon_core.package_identification:_identify(src) by extensions ['colcon_pkg']
[0.986s] Level 1:colcon.colcon_core.package_identification:_identify(src) by extension 'colcon_pkg'
[0.986s] Level 1:colcon.colcon_core.package_identification:_identify(src) by extensions ['colcon_meta']
[0.986s] Level 1:colcon.colcon_core.package_identification:_identify(src) by extension 'colcon_meta'
[0.986s] Level 1:colcon.colcon_core.package_identification:_identify(src) by extensions ['ros']
[0.986s] Level 1:colcon.colcon_core.package_identification:_identify(src) by extension 'ros'
[0.987s] Level 1:colcon.colcon_core.package_identification:_identify(src) by extensions ['cmake', 'python']
[0.987s] Level 1:colcon.colcon_core.package_identification:_identify(src) by extension 'cmake'
[0.987s] Level 1:colcon.colcon_core.package_identification:_identify(src) by extension 'python'
[0.987s] Level 1:colcon.colcon_core.package_identification:_identify(src) by extensions ['python_setup_py']
[0.987s] Level 1:colcon.colcon_core.package_identification:_identify(src) by extension 'python_setup_py'
[0.987s] Level 1:colcon.colcon_core.package_identification:_identify(src/unitree_inspection) by extensions ['ignore', 'ignore_ament_install']
[0.987s] Level 1:colcon.colcon_core.package_identification:_identify(src/unitree_inspection) by extension 'ignore'
[0.987s] Level 1:colcon.colcon_core.package_identification:_identify(src/unitree_inspection) by extension 'ignore_ament_install'
[0.987s] Level 1:colcon.colcon_core.package_identification:_identify(src/unitree_inspection) by extensions ['colcon_pkg']
[0.987s] Level 1:colcon.colcon_core.package_identification:_identify(src/unitree_inspection) by extension 'colcon_pkg'
[0.987s] Level 1:colcon.colcon_core.package_identification:_identify(src/unitree_inspection) by extensions ['colcon_meta']
[0.987s] Level 1:colcon.colcon_core.package_identification:_identify(src/unitree_inspection) by extension 'colcon_meta'
[0.987s] Level 1:colcon.colcon_core.package_identification:_identify(src/unitree_inspection) by extensions ['ros']
[0.988s] Level 1:colcon.colcon_core.package_identification:_identify(src/unitree_inspection) by extension 'ros'
[0.988s] Level 1:colcon.colcon_core.package_identification:_identify(src/unitree_inspection) by extensions ['cmake', 'python']
[0.988s] Level 1:colcon.colcon_core.package_identification:_identify(src/unitree_inspection) by extension 'cmake'
[0.988s] Level 1:colcon.colcon_core.package_identification:_identify(src/unitree_inspection) by extension 'python'
[0.988s] Level 1:colcon.colcon_core.package_identification:_identify(src/unitree_inspection) by extensions ['python_setup_py']
[0.988s] Level 1:colcon.colcon_core.package_identification:_identify(src/unitree_inspection) by extension 'python_setup_py'
[0.988s] Level 1:colcon.colcon_core.package_identification:_identify(src/unitree_inspection/display) by extensions ['ignore', 'ignore_ament_install']
[0.988s] Level 1:colcon.colcon_core.package_identification:_identify(src/unitree_inspection/display) by extension 'ignore'
[0.988s] Level 1:colcon.colcon_core.package_identification:_identify(src/unitree_inspection/display) by extension 'ignore_ament_install'
[0.988s] Level 1:colcon.colcon_core.package_identification:_identify(src/unitree_inspection/display) by extensions ['colcon_pkg']
[0.988s] Level 1:colcon.colcon_core.package_identification:_identify(src/unitree_inspection/display) by extension 'colcon_pkg'
[0.989s] Level 1:colcon.colcon_core.package_identification:_identify(src/unitree_inspection/display) by extensions ['colcon_meta']
[0.989s] Level 1:colcon.colcon_core.package_identification:_identify(src/unitree_inspection/display) by extension 'colcon_meta'
[0.989s] Level 1:colcon.colcon_core.package_identification:_identify(src/unitree_inspection/display) by extensions ['ros']
[0.989s] Level 1:colcon.colcon_core.package_identification:_identify(src/unitree_inspection/display) by extension 'ros'
[0.989s] Level 1:colcon.colcon_core.package_identification:_identify(src/unitree_inspection/display) by extensions ['cmake', 'python']
[0.989s] Level 1:colcon.colcon_core.package_identification:_identify(src/unitree_inspection/display) by extension 'cmake'
[0.989s] Level 1:colcon.colcon_core.package_identification:_identify(src/unitree_inspection/display) by extension 'python'
[0.989s] Level 1:colcon.colcon_core.package_identification:_identify(src/unitree_inspection/display) by extensions ['python_setup_py']
[0.989s] Level 1:colcon.colcon_core.package_identification:_identify(src/unitree_inspection/display) by extension 'python_setup_py'
[0.989s] Level 1:colcon.colcon_core.package_identification:_identify(src/unitree_inspection/display/fonts) by extensions ['ignore', 'ignore_ament_install']
[0.989s] Level 1:colcon.colcon_core.package_identification:_identify(src/unitree_inspection/display/fonts) by extension 'ignore'
[0.989s] Level 1:colcon.colcon_core.package_identification:_identify(src/unitree_inspection/display/fonts) by extension 'ignore_ament_install'
[0.990s] Level 1:colcon.colcon_core.package_identification:_identify(src/unitree_inspection/display/fonts) by extensions ['colcon_pkg']
[0.990s] Level 1:colcon.colcon_core.package_identification:_identify(src/unitree_inspection/display/fonts) by extension 'colcon_pkg'
[0.990s] Level 1:colcon.colcon_core.package_identification:_identify(src/unitree_inspection/display/fonts) by extensions ['colcon_meta']
[0.990s] Level 1:colcon.colcon_core.package_identification:_identify(src/unitree_inspection/display/fonts) by extension 'colcon_meta'
[0.990s] Level 1:colcon.colcon_core.package_identification:_identify(src/unitree_inspection/display/fonts) by extensions ['ros']
[0.990s] Level 1:colcon.colcon_core.package_identification:_identify(src/unitree_inspection/display/fonts) by extension 'ros'
[0.990s] Level 1:colcon.colcon_core.package_identification:_identify(src/unitree_inspection/display/fonts) by extensions ['cmake', 'python']
[0.990s] Level 1:colcon.colcon_core.package_identification:_identify(src/unitree_inspection/display/fonts) by extension 'cmake'
[0.990s] Level 1:colcon.colcon_core.package_identification:_identify(src/unitree_inspection/display/fonts) by extension 'python'
[0.990s] Level 1:colcon.colcon_core.package_identification:_identify(src/unitree_inspection/display/fonts) by extensions ['python_setup_py']
[0.990s] Level 1:colcon.colcon_core.package_identification:_identify(src/unitree_inspection/display/fonts) by extension 'python_setup_py'
[0.990s] Level 1:colcon.colcon_core.package_identification:_identify(src/unitree_inspection/ocr) by extensions ['ignore', 'ignore_ament_install']
[0.991s] Level 1:colcon.colcon_core.package_identification:_identify(src/unitree_inspection/ocr) by extension 'ignore'
[0.991s] Level 1:colcon.colcon_core.package_identification:_identify(src/unitree_inspection/ocr) ignored
[0.991s] Level 1:colcon.colcon_core.package_identification:_identify(src/unitree_inspection/unitree_inspection) by extensions ['ignore', 'ignore_ament_install']
[0.991s] Level 1:colcon.colcon_core.package_identification:_identify(src/unitree_inspection/unitree_inspection) by extension 'ignore'
[0.991s] Level 1:colcon.colcon_core.package_identification:_identify(src/unitree_inspection/unitree_inspection) by extension 'ignore_ament_install'
[0.991s] Level 1:colcon.colcon_core.package_identification:_identify(src/unitree_inspection/unitree_inspection) by extensions ['colcon_pkg']
[0.991s] Level 1:colcon.colcon_core.package_identification:_identify(src/unitree_inspection/unitree_inspection) by extension 'colcon_pkg'
[0.991s] Level 1:colcon.colcon_core.package_identification:_identify(src/unitree_inspection/unitree_inspection) by extensions ['colcon_meta']
[0.991s] Level 1:colcon.colcon_core.package_identification:_identify(src/unitree_inspection/unitree_inspection) by extension 'colcon_meta'
[0.992s] Level 1:colcon.colcon_core.package_identification:_identify(src/unitree_inspection/unitree_inspection) by extensions ['ros']
[0.992s] Level 1:colcon.colcon_core.package_identification:_identify(src/unitree_inspection/unitree_inspection) by extension 'ros'
[0.999s] DEBUG:colcon.colcon_core.package_identification:Package 'src/unitree_inspection/unitree_inspection' with type 'ros.ament_cmake' and name 'unitree_inspection'
[0.999s] Level 1:colcon.colcon_core.package_identification:_identify(src/unitree_inspection/unitree_inspection_interfaces) by extensions ['ignore', 'ignore_ament_install']
[0.999s] Level 1:colcon.colcon_core.package_identification:_identify(src/unitree_inspection/unitree_inspection_interfaces) by extension 'ignore'
[0.999s] Level 1:colcon.colcon_core.package_identification:_identify(src/unitree_inspection/unitree_inspection_interfaces) by extension 'ignore_ament_install'
[0.999s] Level 1:colcon.colcon_core.package_identification:_identify(src/unitree_inspection/unitree_inspection_interfaces) by extensions ['colcon_pkg']
[0.999s] Level 1:colcon.colcon_core.package_identification:_identify(src/unitree_inspection/unitree_inspection_interfaces) by extension 'colcon_pkg'
[1.000s] Level 1:colcon.colcon_core.package_identification:_identify(src/unitree_inspection/unitree_inspection_interfaces) by extensions ['colcon_meta']
[1.000s] Level 1:colcon.colcon_core.package_identification:_identify(src/unitree_inspection/unitree_inspection_interfaces) by extension 'colcon_meta'
[1.000s] Level 1:colcon.colcon_core.package_identification:_identify(src/unitree_inspection/unitree_inspection_interfaces) by extensions ['ros']
[1.000s] Level 1:colcon.colcon_core.package_identification:_identify(src/unitree_inspection/unitree_inspection_interfaces) by extension 'ros'
[1.000s] DEBUG:colcon.colcon_core.package_identification:Package 'src/unitree_inspection/unitree_inspection_interfaces' with type 'ros.ament_cmake' and name 'unitree_inspection_interfaces'
[1.001s] Level 1:colcon.colcon_core.package_identification:_identify(src/unitree_inspection/unitree_ocr) by extensions ['ignore', 'ignore_ament_install']
[1.001s] Level 1:colcon.colcon_core.package_identification:_identify(src/unitree_inspection/unitree_ocr) by extension 'ignore'
[1.001s] Level 1:colcon.colcon_core.package_identification:_identify(src/unitree_inspection/unitree_ocr) by extension 'ignore_ament_install'
[1.001s] Level 1:colcon.colcon_core.package_identification:_identify(src/unitree_inspection/unitree_ocr) by extensions ['colcon_pkg']
[1.001s] Level 1:colcon.colcon_core.package_identification:_identify(src/unitree_inspection/unitree_ocr) by extension 'colcon_pkg'
[1.001s] Level 1:colcon.colcon_core.package_identification:_identify(src/unitree_inspection/unitree_ocr) by extensions ['colcon_meta']
[1.001s] Level 1:colcon.colcon_core.package_identification:_identify(src/unitree_inspection/unitree_ocr) by extension 'colcon_meta'
[1.001s] Level 1:colcon.colcon_core.package_identification:_identify(src/unitree_inspection/unitree_ocr) by extensions ['ros']
[1.001s] Level 1:colcon.colcon_core.package_identification:_identify(src/unitree_inspection/unitree_ocr) by extension 'ros'
[1.002s] DEBUG:colcon.colcon_core.package_identification:Package 'src/unitree_inspection/unitree_ocr' with type 'ros.ament_cmake' and name 'unitree_ocr'
[1.003s] Level 1:colcon.colcon_core.package_identification:_identify(src/unitree_inspection/unitree_ocr_interfaces) by extensions ['ignore', 'ignore_ament_install']
[1.003s] Level 1:colcon.colcon_core.package_identification:_identify(src/unitree_inspection/unitree_ocr_interfaces) by extension 'ignore'
[1.003s] Level 1:colcon.colcon_core.package_identification:_identify(src/unitree_inspection/unitree_ocr_interfaces) by extension 'ignore_ament_install'
[1.003s] Level 1:colcon.colcon_core.package_identification:_identify(src/unitree_inspection/unitree_ocr_interfaces) by extensions ['colcon_pkg']
[1.003s] Level 1:colcon.colcon_core.package_identification:_identify(src/unitree_inspection/unitree_ocr_interfaces) by extension 'colcon_pkg'
[1.003s] Level 1:colcon.colcon_core.package_identification:_identify(src/unitree_inspection/unitree_ocr_interfaces) by extensions ['colcon_meta']
[1.003s] Level 1:colcon.colcon_core.package_identification:_identify(src/unitree_inspection/unitree_ocr_interfaces) by extension 'colcon_meta'
[1.003s] Level 1:colcon.colcon_core.package_identification:_identify(src/unitree_inspection/unitree_ocr_interfaces) by extensions ['ros']
[1.003s] Level 1:colcon.colcon_core.package_identification:_identify(src/unitree_inspection/unitree_ocr_interfaces) by extension 'ros'
[1.004s] DEBUG:colcon.colcon_core.package_identification:Package 'src/unitree_inspection/unitree_ocr_interfaces' with type 'ros.ament_cmake' and name 'unitree_ocr_interfaces'
[1.004s] Level 1:colcon.colcon_core.package_identification:_identify(src/unitree_nav) by extensions ['ignore', 'ignore_ament_install']
[1.004s] Level 1:colcon.colcon_core.package_identification:_identify(src/unitree_nav) by extension 'ignore'
[1.004s] Level 1:colcon.colcon_core.package_identification:_identify(src/unitree_nav) by extension 'ignore_ament_install'
[1.005s] Level 1:colcon.colcon_core.package_identification:_identify(src/unitree_nav) by extensions ['colcon_pkg']
[1.005s] Level 1:colcon.colcon_core.package_identification:_identify(src/unitree_nav) by extension 'colcon_pkg'
[1.005s] Level 1:colcon.colcon_core.package_identification:_identify(src/unitree_nav) by extensions ['colcon_meta']
[1.005s] Level 1:colcon.colcon_core.package_identification:_identify(src/unitree_nav) by extension 'colcon_meta'
[1.005s] Level 1:colcon.colcon_core.package_identification:_identify(src/unitree_nav) by extensions ['ros']
[1.005s] Level 1:colcon.colcon_core.package_identification:_identify(src/unitree_nav) by extension 'ros'
[1.005s] Level 1:colcon.colcon_core.package_identification:_identify(src/unitree_nav) by extensions ['cmake', 'python']
[1.005s] Level 1:colcon.colcon_core.package_identification:_identify(src/unitree_nav) by extension 'cmake'
[1.005s] Level 1:colcon.colcon_core.package_identification:_identify(src/unitree_nav) by extension 'python'
[1.005s] Level 1:colcon.colcon_core.package_identification:_identify(src/unitree_nav) by extensions ['python_setup_py']
[1.005s] Level 1:colcon.colcon_core.package_identification:_identify(src/unitree_nav) by extension 'python_setup_py'
[1.005s] Level 1:colcon.colcon_core.package_identification:_identify(src/unitree_nav/unitree_nav) by extensions ['ignore', 'ignore_ament_install']
[1.006s] Level 1:colcon.colcon_core.package_identification:_identify(src/unitree_nav/unitree_nav) by extension 'ignore'
[1.006s] Level 1:colcon.colcon_core.package_identification:_identify(src/unitree_nav/unitree_nav) by extension 'ignore_ament_install'
[1.006s] Level 1:colcon.colcon_core.package_identification:_identify(src/unitree_nav/unitree_nav) by extensions ['colcon_pkg']
[1.006s] Level 1:colcon.colcon_core.package_identification:_identify(src/unitree_nav/unitree_nav) by extension 'colcon_pkg'
[1.006s] Level 1:colcon.colcon_core.package_identification:_identify(src/unitree_nav/unitree_nav) by extensions ['colcon_meta']
[1.006s] Level 1:colcon.colcon_core.package_identification:_identify(src/unitree_nav/unitree_nav) by extension 'colcon_meta'
[1.006s] Level 1:colcon.colcon_core.package_identification:_identify(src/unitree_nav/unitree_nav) by extensions ['ros']
[1.006s] Level 1:colcon.colcon_core.package_identification:_identify(src/unitree_nav/unitree_nav) by extension 'ros'
[1.008s] DEBUG:colcon.colcon_core.package_identification:Package 'src/unitree_nav/unitree_nav' with type 'ros.ament_cmake' and name 'unitree_nav'
[1.008s] Level 1:colcon.colcon_core.package_identification:_identify(src/unitree_nav/unitree_nav_interfaces) by extensions ['ignore', 'ignore_ament_install']
[1.008s] Level 1:colcon.colcon_core.package_identification:_identify(src/unitree_nav/unitree_nav_interfaces) by extension 'ignore'
[1.008s] Level 1:colcon.colcon_core.package_identification:_identify(src/unitree_nav/unitree_nav_interfaces) by extension 'ignore_ament_install'
[1.008s] Level 1:colcon.colcon_core.package_identification:_identify(src/unitree_nav/unitree_nav_interfaces) by extensions ['colcon_pkg']
[1.008s] Level 1:colcon.colcon_core.package_identification:_identify(src/unitree_nav/unitree_nav_interfaces) by extension 'colcon_pkg'
[1.009s] Level 1:colcon.colcon_core.package_identification:_identify(src/unitree_nav/unitree_nav_interfaces) by extensions ['colcon_meta']
[1.009s] Level 1:colcon.colcon_core.package_identification:_identify(src/unitree_nav/unitree_nav_interfaces) by extension 'colcon_meta'
[1.009s] Level 1:colcon.colcon_core.package_identification:_identify(src/unitree_nav/unitree_nav_interfaces) by extensions ['ros']
[1.009s] Level 1:colcon.colcon_core.package_identification:_identify(src/unitree_nav/unitree_nav_interfaces) by extension 'ros'
[1.010s] DEBUG:colcon.colcon_core.package_identification:Package 'src/unitree_nav/unitree_nav_interfaces' with type 'ros.ament_cmake' and name 'unitree_nav_interfaces'
[1.010s] Level 1:colcon.colcon_core.package_identification:_identify(src/unitree_nav/unitree_nav_launch_module) by extensions ['ignore', 'ignore_ament_install']
[1.010s] Level 1:colcon.colcon_core.package_identification:_identify(src/unitree_nav/unitree_nav_launch_module) by extension 'ignore'
[1.010s] Level 1:colcon.colcon_core.package_identification:_identify(src/unitree_nav/unitree_nav_launch_module) by extension 'ignore_ament_install'
[1.010s] Level 1:colcon.colcon_core.package_identification:_identify(src/unitree_nav/unitree_nav_launch_module) by extensions ['colcon_pkg']
[1.010s] Level 1:colcon.colcon_core.package_identification:_identify(src/unitree_nav/unitree_nav_launch_module) by extension 'colcon_pkg'
[1.010s] Level 1:colcon.colcon_core.package_identification:_identify(src/unitree_nav/unitree_nav_launch_module) by extensions ['colcon_meta']
[1.010s] Level 1:colcon.colcon_core.package_identification:_identify(src/unitree_nav/unitree_nav_launch_module) by extension 'colcon_meta'
[1.010s] Level 1:colcon.colcon_core.package_identification:_identify(src/unitree_nav/unitree_nav_launch_module) by extensions ['ros']
[1.010s] Level 1:colcon.colcon_core.package_identification:_identify(src/unitree_nav/unitree_nav_launch_module) by extension 'ros'
[1.012s] DEBUG:colcon.colcon_core.package_identification:Package 'src/unitree_nav/unitree_nav_launch_module' with type 'ros.ament_python' and name 'unitree_nav_launch_module'
[1.012s] Level 1:colcon.colcon_core.package_identification:_identify(src/unitree_ros2) by extensions ['ignore', 'ignore_ament_install']
[1.012s] Level 1:colcon.colcon_core.package_identification:_identify(src/unitree_ros2) by extension 'ignore'
[1.012s] Level 1:colcon.colcon_core.package_identification:_identify(src/unitree_ros2) by extension 'ignore_ament_install'
[1.012s] Level 1:colcon.colcon_core.package_identification:_identify(src/unitree_ros2) by extensions ['colcon_pkg']
[1.012s] Level 1:colcon.colcon_core.package_identification:_identify(src/unitree_ros2) by extension 'colcon_pkg'
[1.012s] Level 1:colcon.colcon_core.package_identification:_identify(src/unitree_ros2) by extensions ['colcon_meta']
[1.012s] Level 1:colcon.colcon_core.package_identification:_identify(src/unitree_ros2) by extension 'colcon_meta'
[1.012s] Level 1:colcon.colcon_core.package_identification:_identify(src/unitree_ros2) by extensions ['ros']
[1.012s] Level 1:colcon.colcon_core.package_identification:_identify(src/unitree_ros2) by extension 'ros'
[1.012s] Level 1:colcon.colcon_core.package_identification:_identify(src/unitree_ros2) by extensions ['cmake', 'python']
[1.013s] Level 1:colcon.colcon_core.package_identification:_identify(src/unitree_ros2) by extension 'cmake'
[1.013s] Level 1:colcon.colcon_core.package_identification:_identify(src/unitree_ros2) by extension 'python'
[1.013s] Level 1:colcon.colcon_core.package_identification:_identify(src/unitree_ros2) by extensions ['python_setup_py']
[1.013s] Level 1:colcon.colcon_core.package_identification:_identify(src/unitree_ros2) by extension 'python_setup_py'
[1.013s] Level 1:colcon.colcon_core.package_identification:_identify(src/unitree_ros2/go1_description) by extensions ['ignore', 'ignore_ament_install']
[1.013s] Level 1:colcon.colcon_core.package_identification:_identify(src/unitree_ros2/go1_description) by extension 'ignore'
[1.013s] Level 1:colcon.colcon_core.package_identification:_identify(src/unitree_ros2/go1_description) by extension 'ignore_ament_install'
[1.013s] Level 1:colcon.colcon_core.package_identification:_identify(src/unitree_ros2/go1_description) by extensions ['colcon_pkg']
[1.013s] Level 1:colcon.colcon_core.package_identification:_identify(src/unitree_ros2/go1_description) by extension 'colcon_pkg'
[1.013s] Level 1:colcon.colcon_core.package_identification:_identify(src/unitree_ros2/go1_description) by extensions ['colcon_meta']
[1.013s] Level 1:colcon.colcon_core.package_identification:_identify(src/unitree_ros2/go1_description) by extension 'colcon_meta'
[1.013s] Level 1:colcon.colcon_core.package_identification:_identify(src/unitree_ros2/go1_description) by extensions ['ros']
[1.014s] Level 1:colcon.colcon_core.package_identification:_identify(src/unitree_ros2/go1_description) by extension 'ros'
[1.014s] DEBUG:colcon.colcon_core.package_identification:Package 'src/unitree_ros2/go1_description' with type 'ros.ament_cmake' and name 'go1_description'
[1.014s] Level 1:colcon.colcon_core.package_identification:_identify(src/unitree_ros2/ros2_unitree_legged_msgs) by extensions ['ignore', 'ignore_ament_install']
[1.015s] Level 1:colcon.colcon_core.package_identification:_identify(src/unitree_ros2/ros2_unitree_legged_msgs) by extension 'ignore'
[1.015s] Level 1:colcon.colcon_core.package_identification:_identify(src/unitree_ros2/ros2_unitree_legged_msgs) by extension 'ignore_ament_install'
[1.015s] Level 1:colcon.colcon_core.package_identification:_identify(src/unitree_ros2/ros2_unitree_legged_msgs) by extensions ['colcon_pkg']
[1.015s] Level 1:colcon.colcon_core.package_identification:_identify(src/unitree_ros2/ros2_unitree_legged_msgs) by extension 'colcon_pkg'
[1.015s] Level 1:colcon.colcon_core.package_identification:_identify(src/unitree_ros2/ros2_unitree_legged_msgs) by extensions ['colcon_meta']
[1.015s] Level 1:colcon.colcon_core.package_identification:_identify(src/unitree_ros2/ros2_unitree_legged_msgs) by extension 'colcon_meta'
[1.015s] Level 1:colcon.colcon_core.package_identification:_identify(src/unitree_ros2/ros2_unitree_legged_msgs) by extensions ['ros']
[1.015s] Level 1:colcon.colcon_core.package_identification:_identify(src/unitree_ros2/ros2_unitree_legged_msgs) by extension 'ros'
[1.016s] DEBUG:colcon.colcon_core.package_identification:Package 'src/unitree_ros2/ros2_unitree_legged_msgs' with type 'ros.ament_cmake' and name 'ros2_unitree_legged_msgs'
[1.016s] Level 1:colcon.colcon_core.package_identification:_identify(src/unitree_ros2/unitree_legged_real) by extensions ['ignore', 'ignore_ament_install']
[1.016s] Level 1:colcon.colcon_core.package_identification:_identify(src/unitree_ros2/unitree_legged_real) by extension 'ignore'
[1.016s] Level 1:colcon.colcon_core.package_identification:_identify(src/unitree_ros2/unitree_legged_real) by extension 'ignore_ament_install'
[1.016s] Level 1:colcon.colcon_core.package_identification:_identify(src/unitree_ros2/unitree_legged_real) by extensions ['colcon_pkg']
[1.016s] Level 1:colcon.colcon_core.package_identification:_identify(src/unitree_ros2/unitree_legged_real) by extension 'colcon_pkg'
[1.016s] Level 1:colcon.colcon_core.package_identification:_identify(src/unitree_ros2/unitree_legged_real) by extensions ['colcon_meta']
[1.016s] Level 1:colcon.colcon_core.package_identification:_identify(src/unitree_ros2/unitree_legged_real) by extension 'colcon_meta'
[1.016s] Level 1:colcon.colcon_core.package_identification:_identify(src/unitree_ros2/unitree_legged_real) by extensions ['ros']
[1.017s] Level 1:colcon.colcon_core.package_identification:_identify(src/unitree_ros2/unitree_legged_real) by extension 'ros'
[1.018s] DEBUG:colcon.colcon_core.package_identification:Package 'src/unitree_ros2/unitree_legged_real' with type 'ros.ament_cmake' and name 'unitree_legged_real'
[1.018s] Level 1:colcon.colcon_core.package_discovery:discover_packages(recursive) using defaults
[1.018s] Level 1:colcon.colcon_core.package_discovery:discover_packages(ignore) discover
[1.018s] Level 1:colcon.colcon_core.package_discovery:discover_packages(ignore) using defaults
[1.018s] Level 1:colcon.colcon_core.package_discovery:discover_packages(path) discover
[1.018s] Level 1:colcon.colcon_core.package_discovery:discover_packages(path) using defaults
[1.079s] Level 1:colcon.colcon_core.package_discovery:discover_packages(prefix_path) check parameters
[1.079s] Level 1:colcon.colcon_core.package_discovery:discover_packages(prefix_path) discover
[1.084s] Level 1:colcon.colcon_core.package_discovery:discover_packages(prefix_path) using defaults
[1.088s] Level 5:colcon.colcon_core.verb:set package 'go1_description' build argument 'cmake_args' from command line to 'None'
[1.089s] Level 5:colcon.colcon_core.verb:set package 'go1_description' build argument 'cmake_target' from command line to 'None'
[1.090s] Level 5:colcon.colcon_core.verb:set package 'go1_description' build argument 'cmake_target_skip_unavailable' from command line to 'False'
[1.090s] Level 5:colcon.colcon_core.verb:set package 'go1_description' build argument 'cmake_clean_cache' from command line to 'False'
[1.090s] Level 5:colcon.colcon_core.verb:set package 'go1_description' build argument 'cmake_clean_first' from command line to 'False'
[1.091s] Level 5:colcon.colcon_core.verb:set package 'go1_description' build argument 'cmake_force_configure' from command line to 'False'
[1.091s] Level 5:colcon.colcon_core.verb:set package 'go1_description' build argument 'ament_cmake_args' from command line to 'None'
[1.091s] Level 5:colcon.colcon_core.verb:set package 'go1_description' build argument 'catkin_cmake_args' from command line to 'None'
[1.091s] Level 5:colcon.colcon_core.verb:set package 'go1_description' build argument 'catkin_skip_building_tests' from command line to 'False'
[1.091s] DEBUG:colcon.colcon_core.verb:Building package 'go1_description' with the following arguments: {'ament_cmake_args': None, 'build_base': '/home/rs/go1_robot/build/go1_description', 'catkin_cmake_args': None, 'catkin_skip_building_tests': False, 'cmake_args': None, 'cmake_clean_cache': False, 'cmake_clean_first': False, 'cmake_force_configure': False, 'cmake_target': None, 'cmake_target_skip_unavailable': False, 'install_base': '/home/rs/go1_robot/install/go1_description', 'merge_install': False, 'path': '/home/rs/go1_robot/src/unitree_ros2/go1_description', 'symlink_install': False, 'test_result_base': None}
[1.093s] Level 5:colcon.colcon_core.verb:set package 'ros2_unitree_legged_msgs' build argument 'cmake_args' from command line to 'None'
[1.093s] Level 5:colcon.colcon_core.verb:set package 'ros2_unitree_legged_msgs' build argument 'cmake_target' from command line to 'None'
[1.093s] Level 5:colcon.colcon_core.verb:set package 'ros2_unitree_legged_msgs' build argument 'cmake_target_skip_unavailable' from command line to 'False'
[1.093s] Level 5:colcon.colcon_core.verb:set package 'ros2_unitree_legged_msgs' build argument 'cmake_clean_cache' from command line to 'False'
[1.093s] Level 5:colcon.colcon_core.verb:set package 'ros2_unitree_legged_msgs' build argument 'cmake_clean_first' from command line to 'False'
[1.093s] Level 5:colcon.colcon_core.verb:set package 'ros2_unitree_legged_msgs' build argument 'cmake_force_configure' from command line to 'False'
[1.093s] Level 5:colcon.colcon_core.verb:set package 'ros2_unitree_legged_msgs' build argument 'ament_cmake_args' from command line to 'None'
[1.093s] Level 5:colcon.colcon_core.verb:set package 'ros2_unitree_legged_msgs' build argument 'catkin_cmake_args' from command line to 'None'
[1.093s] Level 5:colcon.colcon_core.verb:set package 'ros2_unitree_legged_msgs' build argument 'catkin_skip_building_tests' from command line to 'False'
[1.093s] DEBUG:colcon.colcon_core.verb:Building package 'ros2_unitree_legged_msgs' with the following arguments: {'ament_cmake_args': None, 'build_base': '/home/rs/go1_robot/build/ros2_unitree_legged_msgs', 'catkin_cmake_args': None, 'catkin_skip_building_tests': False, 'cmake_args': None, 'cmake_clean_cache': False, 'cmake_clean_first': False, 'cmake_force_configure': False, 'cmake_target': None, 'cmake_target_skip_unavailable': False, 'install_base': '/home/rs/go1_robot/install/ros2_unitree_legged_msgs', 'merge_install': False, 'path': '/home/rs/go1_robot/src/unitree_ros2/ros2_unitree_legged_msgs', 'symlink_install': False, 'test_result_base': None}
[1.094s] Level 5:colcon.colcon_core.verb:set package 'unitree_inspection_interfaces' build argument 'cmake_args' from command line to 'None'
[1.094s] Level 5:colcon.colcon_core.verb:set package 'unitree_inspection_interfaces' build argument 'cmake_target' from command line to 'None'
[1.094s] Level 5:colcon.colcon_core.verb:set package 'unitree_inspection_interfaces' build argument 'cmake_target_skip_unavailable' from command line to 'False'
[1.094s] Level 5:colcon.colcon_core.verb:set package 'unitree_inspection_interfaces' build argument 'cmake_clean_cache' from command line to 'False'
[1.094s] Level 5:colcon.colcon_core.verb:set package 'unitree_inspection_interfaces' build argument 'cmake_clean_first' from command line to 'False'
[1.094s] Level 5:colcon.colcon_core.verb:set package 'unitree_inspection_interfaces' build argument 'cmake_force_configure' from command line to 'False'
[1.094s] Level 5:colcon.colcon_core.verb:set package 'unitree_inspection_interfaces' build argument 'ament_cmake_args' from command line to 'None'
[1.094s] Level 5:colcon.colcon_core.verb:set package 'unitree_inspection_interfaces' build argument 'catkin_cmake_args' from command line to 'None'
[1.094s] Level 5:colcon.colcon_core.verb:set package 'unitree_inspection_interfaces' build argument 'catkin_skip_building_tests' from command line to 'False'
[1.094s] DEBUG:colcon.colcon_core.verb:Building package 'unitree_inspection_interfaces' with the following arguments: {'ament_cmake_args': None, 'build_base': '/home/rs/go1_robot/build/unitree_inspection_interfaces', 'catkin_cmake_args': None, 'catkin_skip_building_tests': False, 'cmake_args': None, 'cmake_clean_cache': False, 'cmake_clean_first': False, 'cmake_force_configure': False, 'cmake_target': None, 'cmake_target_skip_unavailable': False, 'install_base': '/home/rs/go1_robot/install/unitree_inspection_interfaces', 'merge_install': False, 'path': '/home/rs/go1_robot/src/unitree_inspection/unitree_inspection_interfaces', 'symlink_install': False, 'test_result_base': None}
[1.095s] Level 5:colcon.colcon_core.verb:set package 'unitree_nav_interfaces' build argument 'cmake_args' from command line to 'None'
[1.095s] Level 5:colcon.colcon_core.verb:set package 'unitree_nav_interfaces' build argument 'cmake_target' from command line to 'None'
[1.095s] Level 5:colcon.colcon_core.verb:set package 'unitree_nav_interfaces' build argument 'cmake_target_skip_unavailable' from command line to 'False'
[1.095s] Level 5:colcon.colcon_core.verb:set package 'unitree_nav_interfaces' build argument 'cmake_clean_cache' from command line to 'False'
[1.095s] Level 5:colcon.colcon_core.verb:set package 'unitree_nav_interfaces' build argument 'cmake_clean_first' from command line to 'False'
[1.095s] Level 5:colcon.colcon_core.verb:set package 'unitree_nav_interfaces' build argument 'cmake_force_configure' from command line to 'False'
[1.095s] Level 5:colcon.colcon_core.verb:set package 'unitree_nav_interfaces' build argument 'ament_cmake_args' from command line to 'None'
[1.095s] Level 5:colcon.colcon_core.verb:set package 'unitree_nav_interfaces' build argument 'catkin_cmake_args' from command line to 'None'
[1.095s] Level 5:colcon.colcon_core.verb:set package 'unitree_nav_interfaces' build argument 'catkin_skip_building_tests' from command line to 'False'
[1.095s] DEBUG:colcon.colcon_core.verb:Building package 'unitree_nav_interfaces' with the following arguments: {'ament_cmake_args': None, 'build_base': '/home/rs/go1_robot/build/unitree_nav_interfaces', 'catkin_cmake_args': None, 'catkin_skip_building_tests': False, 'cmake_args': None, 'cmake_clean_cache': False, 'cmake_clean_first': False, 'cmake_force_configure': False, 'cmake_target': None, 'cmake_target_skip_unavailable': False, 'install_base': '/home/rs/go1_robot/install/unitree_nav_interfaces', 'merge_install': False, 'path': '/home/rs/go1_robot/src/unitree_nav/unitree_nav_interfaces', 'symlink_install': False, 'test_result_base': None}
[1.096s] Level 5:colcon.colcon_core.verb:set package 'unitree_nav_launch_module' build argument 'cmake_args' from command line to 'None'
[1.096s] Level 5:colcon.colcon_core.verb:set package 'unitree_nav_launch_module' build argument 'cmake_target' from command line to 'None'
[1.096s] Level 5:colcon.colcon_core.verb:set package 'unitree_nav_launch_module' build argument 'cmake_target_skip_unavailable' from command line to 'False'
[1.096s] Level 5:colcon.colcon_core.verb:set package 'unitree_nav_launch_module' build argument 'cmake_clean_cache' from command line to 'False'
[1.096s] Level 5:colcon.colcon_core.verb:set package 'unitree_nav_launch_module' build argument 'cmake_clean_first' from command line to 'False'
[1.096s] Level 5:colcon.colcon_core.verb:set package 'unitree_nav_launch_module' build argument 'cmake_force_configure' from command line to 'False'
[1.096s] Level 5:colcon.colcon_core.verb:set package 'unitree_nav_launch_module' build argument 'ament_cmake_args' from command line to 'None'
[1.096s] Level 5:colcon.colcon_core.verb:set package 'unitree_nav_launch_module' build argument 'catkin_cmake_args' from command line to 'None'
[1.096s] Level 5:colcon.colcon_core.verb:set package 'unitree_nav_launch_module' build argument 'catkin_skip_building_tests' from command line to 'False'
[1.096s] DEBUG:colcon.colcon_core.verb:Building package 'unitree_nav_launch_module' with the following arguments: {'ament_cmake_args': None, 'build_base': '/home/rs/go1_robot/build/unitree_nav_launch_module', 'catkin_cmake_args': None, 'catkin_skip_building_tests': False, 'cmake_args': None, 'cmake_clean_cache': False, 'cmake_clean_first': False, 'cmake_force_configure': False, 'cmake_target': None, 'cmake_target_skip_unavailable': False, 'install_base': '/home/rs/go1_robot/install/unitree_nav_launch_module', 'merge_install': False, 'path': '/home/rs/go1_robot/src/unitree_nav/unitree_nav_launch_module', 'symlink_install': False, 'test_result_base': None}
[1.097s] Level 5:colcon.colcon_core.verb:set package 'unitree_ocr_interfaces' build argument 'cmake_args' from command line to 'None'
[1.097s] Level 5:colcon.colcon_core.verb:set package 'unitree_ocr_interfaces' build argument 'cmake_target' from command line to 'None'
[1.097s] Level 5:colcon.colcon_core.verb:set package 'unitree_ocr_interfaces' build argument 'cmake_target_skip_unavailable' from command line to 'False'
[1.097s] Level 5:colcon.colcon_core.verb:set package 'unitree_ocr_interfaces' build argument 'cmake_clean_cache' from command line to 'False'
[1.097s] Level 5:colcon.colcon_core.verb:set package 'unitree_ocr_interfaces' build argument 'cmake_clean_first' from command line to 'False'
[1.097s] Level 5:colcon.colcon_core.verb:set package 'unitree_ocr_interfaces' build argument 'cmake_force_configure' from command line to 'False'
[1.097s] Level 5:colcon.colcon_core.verb:set package 'unitree_ocr_interfaces' build argument 'ament_cmake_args' from command line to 'None'
[1.097s] Level 5:colcon.colcon_core.verb:set package 'unitree_ocr_interfaces' build argument 'catkin_cmake_args' from command line to 'None'
[1.097s] Level 5:colcon.colcon_core.verb:set package 'unitree_ocr_interfaces' build argument 'catkin_skip_building_tests' from command line to 'False'
[1.097s] DEBUG:colcon.colcon_core.verb:Building package 'unitree_ocr_interfaces' with the following arguments: {'ament_cmake_args': None, 'build_base': '/home/rs/go1_robot/build/unitree_ocr_interfaces', 'catkin_cmake_args': None, 'catkin_skip_building_tests': False, 'cmake_args': None, 'cmake_clean_cache': False, 'cmake_clean_first': False, 'cmake_force_configure': False, 'cmake_target': None, 'cmake_target_skip_unavailable': False, 'install_base': '/home/rs/go1_robot/install/unitree_ocr_interfaces', 'merge_install': False, 'path': '/home/rs/go1_robot/src/unitree_inspection/unitree_ocr_interfaces', 'symlink_install': False, 'test_result_base': None}
[1.097s] Level 5:colcon.colcon_core.verb:set package 'unitree_legged_real' build argument 'cmake_args' from command line to 'None'
[1.098s] Level 5:colcon.colcon_core.verb:set package 'unitree_legged_real' build argument 'cmake_target' from command line to 'None'
[1.098s] Level 5:colcon.colcon_core.verb:set package 'unitree_legged_real' build argument 'cmake_target_skip_unavailable' from command line to 'False'
[1.098s] Level 5:colcon.colcon_core.verb:set package 'unitree_legged_real' build argument 'cmake_clean_cache' from command line to 'False'
[1.098s] Level 5:colcon.colcon_core.verb:set package 'unitree_legged_real' build argument 'cmake_clean_first' from command line to 'False'
[1.098s] Level 5:colcon.colcon_core.verb:set package 'unitree_legged_real' build argument 'cmake_force_configure' from command line to 'False'
[1.098s] Level 5:colcon.colcon_core.verb:set package 'unitree_legged_real' build argument 'ament_cmake_args' from command line to 'None'
[1.098s] Level 5:colcon.colcon_core.verb:set package 'unitree_legged_real' build argument 'catkin_cmake_args' from command line to 'None'
[1.098s] Level 5:colcon.colcon_core.verb:set package 'unitree_legged_real' build argument 'catkin_skip_building_tests' from command line to 'False'
[1.098s] DEBUG:colcon.colcon_core.verb:Building package 'unitree_legged_real' with the following arguments: {'ament_cmake_args': None, 'build_base': '/home/rs/go1_robot/build/unitree_legged_real', 'catkin_cmake_args': None, 'catkin_skip_building_tests': False, 'cmake_args': None, 'cmake_clean_cache': False, 'cmake_clean_first': False, 'cmake_force_configure': False, 'cmake_target': None, 'cmake_target_skip_unavailable': False, 'install_base': '/home/rs/go1_robot/install/unitree_legged_real', 'merge_install': False, 'path': '/home/rs/go1_robot/src/unitree_ros2/unitree_legged_real', 'symlink_install': False, 'test_result_base': None}
[1.102s] Level 5:colcon.colcon_core.verb:set package 'unitree_nav' build argument 'cmake_args' from command line to 'None'
[1.102s] Level 5:colcon.colcon_core.verb:set package 'unitree_nav' build argument 'cmake_target' from command line to 'None'
[1.103s] Level 5:colcon.colcon_core.verb:set package 'unitree_nav' build argument 'cmake_target_skip_unavailable' from command line to 'False'
[1.103s] Level 5:colcon.colcon_core.verb:set package 'unitree_nav' build argument 'cmake_clean_cache' from command line to 'False'
[1.103s] Level 5:colcon.colcon_core.verb:set package 'unitree_nav' build argument 'cmake_clean_first' from command line to 'False'
[1.103s] Level 5:colcon.colcon_core.verb:set package 'unitree_nav' build argument 'cmake_force_configure' from command line to 'False'
[1.103s] Level 5:colcon.colcon_core.verb:set package 'unitree_nav' build argument 'ament_cmake_args' from command line to 'None'
[1.103s] Level 5:colcon.colcon_core.verb:set package 'unitree_nav' build argument 'catkin_cmake_args' from command line to 'None'
[1.103s] Level 5:colcon.colcon_core.verb:set package 'unitree_nav' build argument 'catkin_skip_building_tests' from command line to 'False'
[1.103s] DEBUG:colcon.colcon_core.verb:Building package 'unitree_nav' with the following arguments: {'ament_cmake_args': None, 'build_base': '/home/rs/go1_robot/build/unitree_nav', 'catkin_cmake_args': None, 'catkin_skip_building_tests': False, 'cmake_args': None, 'cmake_clean_cache': False, 'cmake_clean_first': False, 'cmake_force_configure': False, 'cmake_target': None, 'cmake_target_skip_unavailable': False, 'install_base': '/home/rs/go1_robot/install/unitree_nav', 'merge_install': False, 'path': '/home/rs/go1_robot/src/unitree_nav/unitree_nav', 'symlink_install': False, 'test_result_base': None}
[1.104s] Level 5:colcon.colcon_core.verb:set package 'unitree_ocr' build argument 'cmake_args' from command line to 'None'
[1.104s] Level 5:colcon.colcon_core.verb:set package 'unitree_ocr' build argument 'cmake_target' from command line to 'None'
[1.104s] Level 5:colcon.colcon_core.verb:set package 'unitree_ocr' build argument 'cmake_target_skip_unavailable' from command line to 'False'
[1.104s] Level 5:colcon.colcon_core.verb:set package 'unitree_ocr' build argument 'cmake_clean_cache' from command line to 'False'
[1.104s] Level 5:colcon.colcon_core.verb:set package 'unitree_ocr' build argument 'cmake_clean_first' from command line to 'False'
[1.104s] Level 5:colcon.colcon_core.verb:set package 'unitree_ocr' build argument 'cmake_force_configure' from command line to 'False'
[1.104s] Level 5:colcon.colcon_core.verb:set package 'unitree_ocr' build argument 'ament_cmake_args' from command line to 'None'
[1.104s] Level 5:colcon.colcon_core.verb:set package 'unitree_ocr' build argument 'catkin_cmake_args' from command line to 'None'
[1.104s] Level 5:colcon.colcon_core.verb:set package 'unitree_ocr' build argument 'catkin_skip_building_tests' from command line to 'False'
[1.104s] DEBUG:colcon.colcon_core.verb:Building package 'unitree_ocr' with the following arguments: {'ament_cmake_args': None, 'build_base': '/home/rs/go1_robot/build/unitree_ocr', 'catkin_cmake_args': None, 'catkin_skip_building_tests': False, 'cmake_args': None, 'cmake_clean_cache': False, 'cmake_clean_first': False, 'cmake_force_configure': False, 'cmake_target': None, 'cmake_target_skip_unavailable': False, 'install_base': '/home/rs/go1_robot/install/unitree_ocr', 'merge_install': False, 'path': '/home/rs/go1_robot/src/unitree_inspection/unitree_ocr', 'symlink_install': False, 'test_result_base': None}
[1.105s] Level 5:colcon.colcon_core.verb:set package 'unitree_inspection' build argument 'cmake_args' from command line to 'None'
[1.105s] Level 5:colcon.colcon_core.verb:set package 'unitree_inspection' build argument 'cmake_target' from command line to 'None'
[1.105s] Level 5:colcon.colcon_core.verb:set package 'unitree_inspection' build argument 'cmake_target_skip_unavailable' from command line to 'False'
[1.105s] Level 5:colcon.colcon_core.verb:set package 'unitree_inspection' build argument 'cmake_clean_cache' from command line to 'False'
[1.105s] Level 5:colcon.colcon_core.verb:set package 'unitree_inspection' build argument 'cmake_clean_first' from command line to 'False'
[1.105s] Level 5:colcon.colcon_core.verb:set package 'unitree_inspection' build argument 'cmake_force_configure' from command line to 'False'
[1.105s] Level 5:colcon.colcon_core.verb:set package 'unitree_inspection' build argument 'ament_cmake_args' from command line to 'None'
[1.105s] Level 5:colcon.colcon_core.verb:set package 'unitree_inspection' build argument 'catkin_cmake_args' from command line to 'None'
[1.105s] Level 5:colcon.colcon_core.verb:set package 'unitree_inspection' build argument 'catkin_skip_building_tests' from command line to 'False'
[1.105s] DEBUG:colcon.colcon_core.verb:Building package 'unitree_inspection' with the following arguments: {'ament_cmake_args': None, 'build_base': '/home/rs/go1_robot/build/unitree_inspection', 'catkin_cmake_args': None, 'catkin_skip_building_tests': False, 'cmake_args': None, 'cmake_clean_cache': False, 'cmake_clean_first': False, 'cmake_force_configure': False, 'cmake_target': None, 'cmake_target_skip_unavailable': False, 'install_base': '/home/rs/go1_robot/install/unitree_inspection', 'merge_install': False, 'path': '/home/rs/go1_robot/src/unitree_inspection/unitree_inspection', 'symlink_install': False, 'test_result_base': None}
[1.105s] INFO:colcon.colcon_core.executor:Executing jobs using 'parallel' executor
[1.109s] DEBUG:colcon.colcon_parallel_executor.executor.parallel:run_until_complete
[1.110s] INFO:colcon.colcon_ros.task.ament_cmake.build:Building ROS package in '/home/rs/go1_robot/src/unitree_ros2/ros2_unitree_legged_msgs' with build type 'ament_cmake'
[1.110s] INFO:colcon.colcon_cmake.task.cmake.build:Building CMake package in '/home/rs/go1_robot/src/unitree_ros2/ros2_unitree_legged_msgs'
[1.124s] INFO:colcon.colcon_core.plugin_system:Skipping extension 'colcon_core.shell.bat': Not used on non-Windows systems
[1.125s] INFO:colcon.colcon_core.shell:Skip shell extension 'powershell' for command environment: Not usable outside of PowerShell
[1.125s] DEBUG:colcon.colcon_core.shell:Skip shell extension 'dsv' for command environment
[1.129s] INFO:colcon.colcon_ros.task.ament_cmake.build:Building ROS package in '/home/rs/go1_robot/src/unitree_nav/unitree_nav_interfaces' with build type 'ament_cmake'
[1.130s] INFO:colcon.colcon_cmake.task.cmake.build:Building CMake package in '/home/rs/go1_robot/src/unitree_nav/unitree_nav_interfaces'
[1.134s] INFO:colcon.colcon_core.shell:Skip shell extension 'powershell' for command environment: Not usable outside of PowerShell
[1.135s] DEBUG:colcon.colcon_core.shell:Skip shell extension 'dsv' for command environment
[1.145s] INFO:colcon.colcon_ros.task.ament_cmake.build:Building ROS package in '/home/rs/go1_robot/src/unitree_inspection/unitree_ocr_interfaces' with build type 'ament_cmake'
[1.146s] INFO:colcon.colcon_cmake.task.cmake.build:Building CMake package in '/home/rs/go1_robot/src/unitree_inspection/unitree_ocr_interfaces'
[1.148s] INFO:colcon.colcon_core.shell:Skip shell extension 'powershell' for command environment: Not usable outside of PowerShell
[1.148s] DEBUG:colcon.colcon_core.shell:Skip shell extension 'dsv' for command environment
[1.155s] INFO:colcon.colcon_ros.task.ament_cmake.build:Building ROS package in '/home/rs/go1_robot/src/unitree_inspection/unitree_inspection_interfaces' with build type 'ament_cmake'
[1.156s] INFO:colcon.colcon_cmake.task.cmake.build:Building CMake package in '/home/rs/go1_robot/src/unitree_inspection/unitree_inspection_interfaces'
[1.156s] INFO:colcon.colcon_core.shell:Skip shell extension 'powershell' for command environment: Not usable outside of PowerShell
[1.157s] DEBUG:colcon.colcon_core.shell:Skip shell extension 'dsv' for command environment
[1.160s] INFO:colcon.colcon_ros.task.ament_cmake.build:Building ROS package in '/home/rs/go1_robot/src/unitree_ros2/go1_description' with build type 'ament_cmake'
[1.161s] INFO:colcon.colcon_cmake.task.cmake.build:Building CMake package in '/home/rs/go1_robot/src/unitree_ros2/go1_description'
[1.161s] INFO:colcon.colcon_core.shell:Skip shell extension 'powershell' for command environment: Not usable outside of PowerShell
[1.162s] DEBUG:colcon.colcon_core.shell:Skip shell extension 'dsv' for command environment
[1.173s] INFO:colcon.colcon_ros.task.ament_python.build:Building ROS package in '/home/rs/go1_robot/src/unitree_nav/unitree_nav_launch_module' with build type 'ament_python'
[1.173s] Level 1:colcon.colcon_core.shell:create_environment_hook('unitree_nav_launch_module', 'ament_prefix_path')
[1.174s] INFO:colcon.colcon_core.shell:Creating environment hook '/home/rs/go1_robot/install/unitree_nav_launch_module/share/unitree_nav_launch_module/hook/ament_prefix_path.ps1'
[1.177s] INFO:colcon.colcon_core.shell:Creating environment descriptor '/home/rs/go1_robot/install/unitree_nav_launch_module/share/unitree_nav_launch_module/hook/ament_prefix_path.dsv'
[1.180s] INFO:colcon.colcon_core.shell:Creating environment hook '/home/rs/go1_robot/install/unitree_nav_launch_module/share/unitree_nav_launch_module/hook/ament_prefix_path.sh'
[1.183s] INFO:colcon.colcon_core.shell:Skip shell extension 'powershell' for command environment: Not usable outside of PowerShell
[1.183s] DEBUG:colcon.colcon_core.shell:Skip shell extension 'dsv' for command environment
[1.208s] DEBUG:colcon.colcon_core.event_handler.log_command:Invoking command in '/home/rs/go1_robot/build/ros2_unitree_legged_msgs': /usr/bin/cmake --build /home/rs/go1_robot/build/ros2_unitree_legged_msgs -- -j13 -l13
[1.232s] DEBUG:colcon.colcon_core.event_handler.log_command:Invoking command in '/home/rs/go1_robot/build/unitree_nav_interfaces': /usr/bin/cmake --build /home/rs/go1_robot/build/unitree_nav_interfaces -- -j13 -l13
[1.248s] DEBUG:colcon.colcon_core.event_handler.log_command:Invoking command in '/home/rs/go1_robot/build/unitree_ocr_interfaces': /usr/bin/cmake --build /home/rs/go1_robot/build/unitree_ocr_interfaces -- -j13 -l13
[1.270s] DEBUG:colcon.colcon_core.event_handler.log_command:Invoking command in '/home/rs/go1_robot/build/unitree_inspection_interfaces': /usr/bin/cmake --build /home/rs/go1_robot/build/unitree_inspection_interfaces -- -j13 -l13
[1.285s] DEBUG:colcon.colcon_core.event_handler.log_command:Invoking command in '/home/rs/go1_robot/build/go1_description': /usr/bin/cmake --build /home/rs/go1_robot/build/go1_description -- -j13 -l13
[1.804s] INFO:colcon.colcon_core.task.python.build:Building Python package in '/home/rs/go1_robot/src/unitree_nav/unitree_nav_launch_module'
[1.804s] INFO:colcon.colcon_core.shell:Skip shell extension 'powershell' for command environment: Not usable outside of PowerShell
[1.804s] DEBUG:colcon.colcon_core.shell:Skip shell extension 'dsv' for command environment
[1.813s] DEBUG:colcon.colcon_core.event_handler.log_command:Invoked command in '/home/rs/go1_robot/build/go1_description' returned '0': /usr/bin/cmake --build /home/rs/go1_robot/build/go1_description -- -j13 -l13
[1.912s] DEBUG:colcon.colcon_core.event_handler.log_command:Invoking command in '/home/rs/go1_robot/build/go1_description': /usr/bin/cmake --install /home/rs/go1_robot/build/go1_description
[1.994s] DEBUG:colcon.colcon_core.event_handler.log_command:Invoked command in '/home/rs/go1_robot/build/unitree_nav_interfaces' returned '2': /usr/bin/cmake --build /home/rs/go1_robot/build/unitree_nav_interfaces -- -j13 -l13
[2.024s] DEBUG:colcon.colcon_core.event_handler.log_command:Invoked command in '/home/rs/go1_robot/build/unitree_inspection_interfaces' returned '2': /usr/bin/cmake --build /home/rs/go1_robot/build/unitree_inspection_interfaces -- -j13 -l13
[2.026s] DEBUG:colcon.colcon_core.event_handler.log_command:Invoked command in '/home/rs/go1_robot/build/unitree_ocr_interfaces' returned '2': /usr/bin/cmake --build /home/rs/go1_robot/build/unitree_ocr_interfaces -- -j13 -l13
[2.029s] DEBUG:colcon.colcon_core.event_handler.log_command:Invoked command in '/home/rs/go1_robot/build/ros2_unitree_legged_msgs' returned '2': /usr/bin/cmake --build /home/rs/go1_robot/build/ros2_unitree_legged_msgs -- -j13 -l13
[2.032s] Level 1:colcon.colcon_core.environment:create_environment_scripts_only(go1_description)
[2.034s] DEBUG:colcon.colcon_core.event_handler.log_command:Invoked command in '/home/rs/go1_robot/build/go1_description' returned '0': /usr/bin/cmake --install /home/rs/go1_robot/build/go1_description
[2.061s] Level 1:colcon.colcon_core.environment:checking '/home/rs/go1_robot/install/go1_description' for CMake module files
[2.068s] Level 1:colcon.colcon_core.environment:checking '/home/rs/go1_robot/install/go1_description' for CMake config files
[2.071s] Level 1:colcon.colcon_core.shell:create_environment_hook('go1_description', 'cmake_prefix_path')
[2.071s] INFO:colcon.colcon_core.shell:Creating environment hook '/home/rs/go1_robot/install/go1_description/share/go1_description/hook/cmake_prefix_path.ps1'
[2.073s] INFO:colcon.colcon_core.shell:Creating environment descriptor '/home/rs/go1_robot/install/go1_description/share/go1_description/hook/cmake_prefix_path.dsv'
[2.078s] INFO:colcon.colcon_core.shell:Creating environment hook '/home/rs/go1_robot/install/go1_description/share/go1_description/hook/cmake_prefix_path.sh'
[2.081s] Level 1:colcon.colcon_core.environment:checking '/home/rs/go1_robot/install/go1_description/bin'
[2.081s] Level 1:colcon.colcon_core.environment:checking '/home/rs/go1_robot/install/go1_description/lib/pkgconfig/go1_description.pc'
[2.082s] Level 1:colcon.colcon_core.environment:checking '/home/rs/go1_robot/install/go1_description/lib/python3.10/site-packages'
[2.083s] Level 1:colcon.colcon_core.environment:checking '/home/rs/go1_robot/install/go1_description/bin'
[2.085s] INFO:colcon.colcon_core.shell:Creating package script '/home/rs/go1_robot/install/go1_description/share/go1_description/package.ps1'
[2.091s] INFO:colcon.colcon_core.shell:Creating package descriptor '/home/rs/go1_robot/install/go1_description/share/go1_description/package.dsv'
[2.095s] INFO:colcon.colcon_core.shell:Creating package script '/home/rs/go1_robot/install/go1_description/share/go1_description/package.sh'
[2.099s] INFO:colcon.colcon_core.shell:Creating package script '/home/rs/go1_robot/install/go1_description/share/go1_description/package.bash'
[2.114s] INFO:colcon.colcon_core.shell:Creating package script '/home/rs/go1_robot/install/go1_description/share/go1_description/package.zsh'
[2.120s] Level 1:colcon.colcon_core.environment:create_file_with_runtime_dependencies(/home/rs/go1_robot/install/go1_description/share/colcon-core/packages/go1_description)
[2.276s] Level 1:colcon.colcon_core.environment:create_environment_scripts_only(go1_description)
[2.277s] Level 1:colcon.colcon_core.environment:checking '/home/rs/go1_robot/install/go1_description' for CMake module files
[2.279s] Level 1:colcon.colcon_core.environment:checking '/home/rs/go1_robot/install/go1_description' for CMake config files
[2.280s] Level 1:colcon.colcon_core.shell:create_environment_hook('go1_description', 'cmake_prefix_path')
[2.281s] INFO:colcon.colcon_core.shell:Creating environment hook '/home/rs/go1_robot/install/go1_description/share/go1_description/hook/cmake_prefix_path.ps1'
[2.282s] INFO:colcon.colcon_core.shell:Creating environment descriptor '/home/rs/go1_robot/install/go1_description/share/go1_description/hook/cmake_prefix_path.dsv'
[2.283s] INFO:colcon.colcon_core.shell:Creating environment hook '/home/rs/go1_robot/install/go1_description/share/go1_description/hook/cmake_prefix_path.sh'
[2.286s] Level 1:colcon.colcon_core.environment:checking '/home/rs/go1_robot/install/go1_description/bin'
[2.286s] Level 1:colcon.colcon_core.environment:checking '/home/rs/go1_robot/install/go1_description/lib/pkgconfig/go1_description.pc'
[2.287s] Level 1:colcon.colcon_core.environment:checking '/home/rs/go1_robot/install/go1_description/lib/python3.10/site-packages'
[2.288s] Level 1:colcon.colcon_core.environment:checking '/home/rs/go1_robot/install/go1_description/bin'
[2.289s] INFO:colcon.colcon_core.shell:Creating package script '/home/rs/go1_robot/install/go1_description/share/go1_description/package.ps1'
[2.290s] INFO:colcon.colcon_core.shell:Creating package descriptor '/home/rs/go1_robot/install/go1_description/share/go1_description/package.dsv'
[2.292s] INFO:colcon.colcon_core.shell:Creating package script '/home/rs/go1_robot/install/go1_description/share/go1_description/package.sh'
[2.294s] INFO:colcon.colcon_core.shell:Creating package script '/home/rs/go1_robot/install/go1_description/share/go1_description/package.bash'
[2.296s] INFO:colcon.colcon_core.shell:Creating package script '/home/rs/go1_robot/install/go1_description/share/go1_description/package.zsh'
[2.297s] Level 1:colcon.colcon_core.environment:create_file_with_runtime_dependencies(/home/rs/go1_robot/install/go1_description/share/colcon-core/packages/go1_description)
[2.418s] Level 1:colcon.colcon_core.environment:create_environment_scripts_only(unitree_inspection_interfaces)
[2.419s] Level 1:colcon.colcon_core.environment:checking '/home/rs/go1_robot/install/unitree_inspection_interfaces' for CMake module files
[2.427s] Level 1:colcon.colcon_core.environment:checking '/home/rs/go1_robot/install/unitree_inspection_interfaces' for CMake config files
[2.432s] Level 1:colcon.colcon_core.shell:create_environment_hook('unitree_inspection_interfaces', 'cmake_prefix_path')
[2.434s] INFO:colcon.colcon_core.shell:Creating environment hook '/home/rs/go1_robot/install/unitree_inspection_interfaces/share/unitree_inspection_interfaces/hook/cmake_prefix_path.ps1'
[2.436s] INFO:colcon.colcon_core.shell:Creating environment descriptor '/home/rs/go1_robot/install/unitree_inspection_interfaces/share/unitree_inspection_interfaces/hook/cmake_prefix_path.dsv'
[2.437s] INFO:colcon.colcon_core.shell:Creating environment hook '/home/rs/go1_robot/install/unitree_inspection_interfaces/share/unitree_inspection_interfaces/hook/cmake_prefix_path.sh'
[2.442s] Level 1:colcon.colcon_core.environment:checking '/home/rs/go1_robot/install/unitree_inspection_interfaces/lib'
[2.443s] Level 1:colcon.colcon_core.shell:create_environment_hook('unitree_inspection_interfaces', 'ld_library_path_lib')
[2.444s] INFO:colcon.colcon_core.shell:Creating environment hook '/home/rs/go1_robot/install/unitree_inspection_interfaces/share/unitree_inspection_interfaces/hook/ld_library_path_lib.ps1'
[2.447s] INFO:colcon.colcon_core.shell:Creating environment descriptor '/home/rs/go1_robot/install/unitree_inspection_interfaces/share/unitree_inspection_interfaces/hook/ld_library_path_lib.dsv'
[2.448s] INFO:colcon.colcon_core.shell:Creating environment hook '/home/rs/go1_robot/install/unitree_inspection_interfaces/share/unitree_inspection_interfaces/hook/ld_library_path_lib.sh'
[2.451s] Level 1:colcon.colcon_core.environment:checking '/home/rs/go1_robot/install/unitree_inspection_interfaces/bin'
[2.452s] Level 1:colcon.colcon_core.environment:checking '/home/rs/go1_robot/install/unitree_inspection_interfaces/lib/pkgconfig/unitree_inspection_interfaces.pc'
[2.454s] Level 1:colcon.colcon_core.environment:checking '/home/rs/go1_robot/install/unitree_inspection_interfaces/lib/python3.10/site-packages'
[2.457s] Level 1:colcon.colcon_core.environment:checking '/home/rs/go1_robot/install/unitree_inspection_interfaces/bin'
[2.466s] INFO:colcon.colcon_core.shell:Creating package script '/home/rs/go1_robot/install/unitree_inspection_interfaces/share/unitree_inspection_interfaces/package.ps1'
[2.468s] INFO:colcon.colcon_core.shell:Creating package descriptor '/home/rs/go1_robot/install/unitree_inspection_interfaces/share/unitree_inspection_interfaces/package.dsv'
[2.476s] INFO:colcon.colcon_core.shell:Creating package script '/home/rs/go1_robot/install/unitree_inspection_interfaces/share/unitree_inspection_interfaces/package.sh'
[2.479s] INFO:colcon.colcon_core.shell:Creating package script '/home/rs/go1_robot/install/unitree_inspection_interfaces/share/unitree_inspection_interfaces/package.bash'
[2.481s] INFO:colcon.colcon_core.shell:Creating package script '/home/rs/go1_robot/install/unitree_inspection_interfaces/share/unitree_inspection_interfaces/package.zsh'
[2.483s] Level 1:colcon.colcon_core.environment:create_file_with_runtime_dependencies(/home/rs/go1_robot/install/unitree_inspection_interfaces/share/colcon-core/packages/unitree_inspection_interfaces)
[3.314s] DEBUG:colcon.colcon_parallel_executor.executor.parallel:closing loop
[3.316s] DEBUG:colcon.colcon_parallel_executor.executor.parallel:loop closed
[3.317s] DEBUG:colcon.colcon_parallel_executor.executor.parallel:run_until_complete finished with '2'
[3.318s] DEBUG:colcon.colcon_core.event_reactor:joining thread
[3.354s] INFO:colcon.colcon_core.plugin_system:Skipping extension 'colcon_notification.desktop_notification.terminal_notifier': Not used on non-Darwin systems
[3.355s] INFO:colcon.colcon_core.plugin_system:Skipping extension 'colcon_notification.desktop_notification.win32': Not used on non-Windows systems
[3.355s] INFO:colcon.colcon_notification.desktop_notification:Sending desktop notification using 'notify2'
[3.386s] DEBUG:colcon.colcon_core.event_reactor:joined thread
[3.387s] INFO:colcon.colcon_core.shell:Creating prefix script '/home/rs/go1_robot/install/local_setup.ps1'
[3.391s] INFO:colcon.colcon_core.shell:Creating prefix util module '/home/rs/go1_robot/install/_local_setup_util_ps1.py'
[3.398s] INFO:colcon.colcon_core.shell:Creating prefix chain script '/home/rs/go1_robot/install/setup.ps1'
[3.411s] INFO:colcon.colcon_core.shell:Creating prefix script '/home/rs/go1_robot/install/local_setup.sh'
[3.414s] INFO:colcon.colcon_core.shell:Creating prefix util module '/home/rs/go1_robot/install/_local_setup_util_sh.py'
[3.416s] INFO:colcon.colcon_core.shell:Creating prefix chain script '/home/rs/go1_robot/install/setup.sh'
[3.420s] INFO:colcon.colcon_core.shell:Creating prefix script '/home/rs/go1_robot/install/local_setup.bash'
[3.426s] INFO:colcon.colcon_core.shell:Creating prefix chain script '/home/rs/go1_robot/install/setup.bash'
[3.429s] INFO:colcon.colcon_core.shell:Creating prefix script '/home/rs/go1_robot/install/local_setup.zsh'
[3.432s] INFO:colcon.colcon_core.shell:Creating prefix chain script '/home/rs/go1_robot/install/setup.zsh'
