[0.108s] Invoking command in '/home/rs/go1_robot/build/unitree_ocr': AMENT_PREFIX_PATH=/home/rs/go1_robot/install/unitree_ocr_interfaces CMAKE_PREFIX_PATH=/home/rs/go1_robot/install/unitree_ocr_interfaces LD_LIBRARY_PATH=/home/rs/go1_robot/install/unitree_ocr_interfaces/lib PYTHONPATH=/home/rs/go1_robot/install/unitree_ocr_interfaces/local/lib/python3.10/dist-packages /usr/bin/cmake --build /home/rs/go1_robot/build/unitree_ocr -- -j13 -l13
[0.386s] [ 20%] [34m[1mGenerate API documentation for doxygen[0m
[0.400s] [ 60%] Built target unitree_ocr
[0.675s] [100%] Built target text_detection_subscriber
[1.528s] Doxygen version used: 1.9.1
[1.541s] Searching for include files...
[1.542s] Searching for example files...
[1.543s] Searching for images...
[1.543s] Searching for dot files...
[1.544s] Searching for msc files...
[1.545s] Searching for dia files...
[1.546s] Searching for files to exclude
[1.547s] Searching INPUT for files to process...
[1.547s] Reading and parsing tag files
[1.548s] Parsing files
[1.550s] Preprocessing /home/rs/go1_robot/src/unitree_inspection/unitree_ocr/include/unitree_ocr/ocr.hpp...
[1.551s] Parsing file /home/rs/go1_robot/src/unitree_inspection/unitree_ocr/include/unitree_ocr/ocr.hpp...
[1.563s] Preprocessing /home/rs/go1_robot/src/unitree_inspection/unitree_ocr/src/ocr.cpp...
[1.566s] Parsing file /home/rs/go1_robot/src/unitree_inspection/unitree_ocr/src/ocr.cpp...
[1.569s] Building macro definition list...
[1.573s] Building group list...
[1.574s] Building directory list...
[1.575s] Building namespace list...
[1.575s] Building file list...
[1.576s] Building class list...
[1.577s] Computing nesting relations for classes...
[1.578s] Associating documentation with classes...
[1.578s] Building example list...
[1.578s] Searching for enumerations...
[1.578s] Searching for documented typedefs...
[1.579s] Searching for members imported via using declarations...
[1.579s] Searching for included using directives...
[1.580s] Searching for documented variables...
[1.580s] Building interface member list...
[1.580s] Building member list...
[1.581s] Searching for friends...
[1.581s] Searching for documented defines...
[1.581s] Computing class inheritance relations...
[1.581s] Computing class usage relations...
[1.582s] Flushing cached template relations that have become invalid...
[1.582s] Computing class relations...
[1.583s] Add enum values to enums...
[1.583s] Searching for member function documentation...
[1.583s] Creating members for template instances...
[1.583s] Building page list...
[1.584s] Search for main page...
[1.584s] Computing page relations...
[1.585s] Determining the scope of groups...
[1.586s] Sorting lists...
[1.587s] Determining which enums are documented
[1.588s] Computing member relations...
[1.588s] Building full member lists recursively...
[1.589s] Adding members to member groups.
[1.589s] Computing member references...
[1.591s] Inheriting documentation...
[1.591s] Generating disk names...
[1.591s] Adding source references...
[1.592s] Adding xrefitems...
[1.592s] Sorting member lists...
[1.593s] Setting anonymous enum type...
[1.593s] Computing dependencies between directories...
[1.593s] Generating citations page...
[1.593s] Counting members...
[1.594s] Counting data structures...
[1.594s] Resolving user defined references...
[1.595s] Finding anchors and sections in the documentation...
[1.595s] Transferring function references...
[1.596s] Combining using relations...
[1.596s] Adding members to index pages...
[1.596s] Correcting members for VHDL...
[1.596s] Computing tooltip texts...
[1.647s] Generating style sheet...
[1.648s] Generating search indices...
[1.660s] Generating example documentation...
[1.660s] Generating file sources...
[1.660s] Generating code for file include/unitree_ocr/ocr.hpp...
[1.665s] Generating file documentation...
[1.666s] Generating page documentation...
[1.666s] Generating group documentation...
[1.667s] Generating class documentation...
[1.667s] Generating namespace index...
[1.667s] Generating docs for compound unitree_ocr::TextDetector...
[1.672s] Generating graph info page...
[1.684s] Generating directory documentation...
[1.688s] Generating index page...
[1.689s] Generating page index...
[1.690s] Generating module index...
[1.692s] Generating namespace index...
[1.692s] Generating namespace member index...
[1.692s] Generating annotated compound index...
[1.692s] Generating alphabetical compound index...
[1.693s] Generating hierarchical class index...
[1.693s] Generating graphical class hierarchy...
[1.693s] Generating member index...
[1.702s] Generating file index...
[1.703s] Generating file member index...
[1.704s] Generating example index...
[1.704s] finalizing index lists...
[1.706s] writing tag file...
[1.707s] Running plantuml with JAVA...
[1.707s] Running dot...
[1.728s] lookup cache used 16/65536 hits=27 misses=16
[1.728s] finished...
[1.789s] [100%] Built target doxygen
[1.827s] Invoked command in '/home/rs/go1_robot/build/unitree_ocr' returned '0': AMENT_PREFIX_PATH=/home/rs/go1_robot/install/unitree_ocr_interfaces CMAKE_PREFIX_PATH=/home/rs/go1_robot/install/unitree_ocr_interfaces LD_LIBRARY_PATH=/home/rs/go1_robot/install/unitree_ocr_interfaces/lib PYTHONPATH=/home/rs/go1_robot/install/unitree_ocr_interfaces/local/lib/python3.10/dist-packages /usr/bin/cmake --build /home/rs/go1_robot/build/unitree_ocr -- -j13 -l13
[1.975s] Invoking command in '/home/rs/go1_robot/build/unitree_ocr': AMENT_PREFIX_PATH=/home/rs/go1_robot/install/unitree_ocr_interfaces CMAKE_PREFIX_PATH=/home/rs/go1_robot/install/unitree_ocr_interfaces LD_LIBRARY_PATH=/home/rs/go1_robot/install/unitree_ocr_interfaces/lib PYTHONPATH=/home/rs/go1_robot/install/unitree_ocr_interfaces/local/lib/python3.10/dist-packages /usr/bin/cmake --install /home/rs/go1_robot/build/unitree_ocr
[2.011s] -- Install configuration: ""
[2.012s] -- Up-to-date: /home/rs/go1_robot/install/unitree_ocr/lib/unitree_ocr/text_detection_subscriber
[2.031s] -- Up-to-date: /home/rs/go1_robot/install/unitree_ocr/include
[2.032s] -- Up-to-date: /home/rs/go1_robot/install/unitree_ocr/include/unitree_ocr
[2.032s] -- Up-to-date: /home/rs/go1_robot/install/unitree_ocr/include/unitree_ocr/ocr.hpp
[2.032s] -- Up-to-date: /home/rs/go1_robot/install/unitree_ocr/lib/libunitree_ocr.a
[2.032s] -- Up-to-date: /home/rs/go1_robot/install/unitree_ocr/lib/cmake/unitree_ocr/unitree_ocr-config.cmake
[2.032s] -- Up-to-date: /home/rs/go1_robot/install/unitree_ocr/lib/cmake/unitree_ocr/unitree_ocr-config-noconfig.cmake
[2.033s] -- Up-to-date: /home/rs/go1_robot/install/unitree_ocr/share/unitree_ocr/launch
[2.033s] -- Up-to-date: /home/rs/go1_robot/install/unitree_ocr/share/unitree_ocr/launch/text_detection_subscriber.launch.py
[2.033s] -- Up-to-date: /home/rs/go1_robot/install/unitree_ocr/share/unitree_ocr/models
[2.033s] -- Up-to-date: /home/rs/go1_robot/install/unitree_ocr/share/unitree_ocr/models/README.md
[2.033s] -- Up-to-date: /home/rs/go1_robot/install/unitree_ocr/share/ament_index/resource_index/package_run_dependencies/unitree_ocr
[2.033s] -- Up-to-date: /home/rs/go1_robot/install/unitree_ocr/share/ament_index/resource_index/parent_prefix_path/unitree_ocr
[2.034s] -- Up-to-date: /home/rs/go1_robot/install/unitree_ocr/share/unitree_ocr/environment/ament_prefix_path.sh
[2.034s] -- Up-to-date: /home/rs/go1_robot/install/unitree_ocr/share/unitree_ocr/environment/ament_prefix_path.dsv
[2.034s] -- Up-to-date: /home/rs/go1_robot/install/unitree_ocr/share/unitree_ocr/environment/path.sh
[2.034s] -- Up-to-date: /home/rs/go1_robot/install/unitree_ocr/share/unitree_ocr/environment/path.dsv
[2.035s] -- Up-to-date: /home/rs/go1_robot/install/unitree_ocr/share/unitree_ocr/local_setup.bash
[2.038s] -- Up-to-date: /home/rs/go1_robot/install/unitree_ocr/share/unitree_ocr/local_setup.sh
[2.039s] -- Up-to-date: /home/rs/go1_robot/install/unitree_ocr/share/unitree_ocr/local_setup.zsh
[2.040s] -- Up-to-date: /home/rs/go1_robot/install/unitree_ocr/share/unitree_ocr/local_setup.dsv
[2.040s] -- Installing: /home/rs/go1_robot/install/unitree_ocr/share/unitree_ocr/package.dsv
[2.041s] -- Up-to-date: /home/rs/go1_robot/install/unitree_ocr/share/ament_index/resource_index/packages/unitree_ocr
[2.041s] -- Up-to-date: /home/rs/go1_robot/install/unitree_ocr/share/unitree_ocr/cmake/unitree_ocrConfig.cmake
[2.043s] -- Up-to-date: /home/rs/go1_robot/install/unitree_ocr/share/unitree_ocr/cmake/unitree_ocrConfig-version.cmake
[2.043s] -- Up-to-date: /home/rs/go1_robot/install/unitree_ocr/share/unitree_ocr/package.xml
[2.044s] Invoked command in '/home/rs/go1_robot/build/unitree_ocr' returned '0': AMENT_PREFIX_PATH=/home/rs/go1_robot/install/unitree_ocr_interfaces CMAKE_PREFIX_PATH=/home/rs/go1_robot/install/unitree_ocr_interfaces LD_LIBRARY_PATH=/home/rs/go1_robot/install/unitree_ocr_interfaces/lib PYTHONPATH=/home/rs/go1_robot/install/unitree_ocr_interfaces/local/lib/python3.10/dist-packages /usr/bin/cmake --install /home/rs/go1_robot/build/unitree_ocr
