[0.014s] Invoking command in '/home/yeryn/final/build/unitree_inspection_interfaces': CMAKE_PREFIX_PATH=/opt/ros/humble /usr/bin/cmake --build /home/yeryn/final/build/unitree_inspection_interfaces -- -j4 -l4
[0.099s] [  3%] Built target unitree_inspection_interfaces_msg__cpp
[0.100s] [35m[1mConsolidate compiler generated dependencies of target unitree_inspection_interfaces_msg__rosidl_generator_c[0m
[0.120s] [  3%] Built target ament_cmake_python_copy_unitree_inspection_interfaces
[0.124s] [ 12%] Built target unitree_inspection_interfaces_msg__rosidl_generator_c
[0.125s] [35m[1mConsolidate compiler generated dependencies of target unitree_inspection_interfaces_msg__rosidl_typesupport_cpp[0m
[0.132s] [35m[1mConsolidate compiler generated dependencies of target unitree_inspection_interfaces_msg__rosidl_typesupport_fastrtps_cpp[0m
[0.142s] [35m[1mConsolidate compiler generated dependencies of target unitree_inspection_interfaces_msg__rosidl_typesupport_introspection_cpp[0m
[0.148s] [ 22%] Built target unitree_inspection_interfaces_msg__rosidl_typesupport_cpp
[0.155s] [ 32%] Built target unitree_inspection_interfaces_msg__rosidl_typesupport_fastrtps_cpp
[0.166s] [ 41%] Built target unitree_inspection_interfaces_msg__rosidl_typesupport_introspection_cpp
[0.170s] [35m[1mConsolidate compiler generated dependencies of target unitree_inspection_interfaces_msg__rosidl_typesupport_fastrtps_c[0m
[0.174s] [35m[1mConsolidate compiler generated dependencies of target unitree_inspection_interfaces_msg__rosidl_typesupport_introspection_c[0m
[0.214s] [ 51%] Built target unitree_inspection_interfaces_msg__rosidl_typesupport_introspection_c
[0.215s] [35m[1mConsolidate compiler generated dependencies of target unitree_inspection_interfaces_msg__rosidl_typesupport_c[0m
[0.233s] [ 61%] Built target unitree_inspection_interfaces_msg__rosidl_typesupport_fastrtps_c
[0.241s] [ 70%] Built target unitree_inspection_interfaces_msg__rosidl_typesupport_c
[0.282s] [ 70%] Built target unitree_inspection_interfaces_msg
[0.291s] running egg_info
[0.292s] writing unitree_inspection_interfaces.egg-info/PKG-INFO
[0.292s] writing dependency_links to unitree_inspection_interfaces.egg-info/dependency_links.txt
[0.292s] writing top-level names to unitree_inspection_interfaces.egg-info/top_level.txt
[0.294s] reading manifest file 'unitree_inspection_interfaces.egg-info/SOURCES.txt'
[0.294s] writing manifest file 'unitree_inspection_interfaces.egg-info/SOURCES.txt'
[0.309s] [ 70%] Built target ament_cmake_python_build_unitree_inspection_interfaces_egg
[0.321s] [ 74%] Built target unitree_inspection_interfaces_msg__py
[0.336s] [35m[1mConsolidate compiler generated dependencies of target unitree_inspection_interfaces_msg__rosidl_generator_py[0m
[0.350s] [ 80%] Built target unitree_inspection_interfaces_msg__rosidl_generator_py
[0.361s] [35m[1mConsolidate compiler generated dependencies of target unitree_inspection_interfaces__rosidl_typesupport_introspection_c__pyext[0m
[0.366s] [35m[1mConsolidate compiler generated dependencies of target unitree_inspection_interfaces__rosidl_typesupport_fastrtps_c__pyext[0m
[0.371s] [35m[1mConsolidate compiler generated dependencies of target unitree_inspection_interfaces__rosidl_typesupport_c__pyext[0m
[0.380s] [ 87%] Built target unitree_inspection_interfaces__rosidl_typesupport_fastrtps_c__pyext
[0.382s] [ 93%] Built target unitree_inspection_interfaces__rosidl_typesupport_introspection_c__pyext
[0.383s] [100%] Built target unitree_inspection_interfaces__rosidl_typesupport_c__pyext
[0.388s] Invoked command in '/home/yeryn/final/build/unitree_inspection_interfaces' returned '0': CMAKE_PREFIX_PATH=/opt/ros/humble /usr/bin/cmake --build /home/yeryn/final/build/unitree_inspection_interfaces -- -j4 -l4
[0.418s] Invoking command in '/home/yeryn/final/build/unitree_inspection_interfaces': CMAKE_PREFIX_PATH=/opt/ros/humble /usr/bin/cmake --install /home/yeryn/final/build/unitree_inspection_interfaces
[0.425s] -- Install configuration: ""
[0.427s] -- Up-to-date: /home/yeryn/final/install/unitree_inspection_interfaces/share/ament_index/resource_index/rosidl_interfaces/unitree_inspection_interfaces
[0.427s] -- Up-to-date: /home/yeryn/final/install/unitree_inspection_interfaces/include/unitree_inspection_interfaces/unitree_inspection_interfaces
[0.427s] -- Up-to-date: /home/yeryn/final/install/unitree_inspection_interfaces/include/unitree_inspection_interfaces/unitree_inspection_interfaces/srv
[0.428s] -- Up-to-date: /home/yeryn/final/install/unitree_inspection_interfaces/include/unitree_inspection_interfaces/unitree_inspection_interfaces/srv/go_to_inspection_point.h
[0.428s] -- Up-to-date: /home/yeryn/final/install/unitree_inspection_interfaces/include/unitree_inspection_interfaces/unitree_inspection_interfaces/srv/detail
[0.428s] -- Up-to-date: /home/yeryn/final/install/unitree_inspection_interfaces/include/unitree_inspection_interfaces/unitree_inspection_interfaces/srv/detail/go_to_inspection_point__functions.c
[0.428s] -- Up-to-date: /home/yeryn/final/install/unitree_inspection_interfaces/include/unitree_inspection_interfaces/unitree_inspection_interfaces/srv/detail/go_to_inspection_point__struct.h
[0.428s] -- Up-to-date: /home/yeryn/final/install/unitree_inspection_interfaces/include/unitree_inspection_interfaces/unitree_inspection_interfaces/srv/detail/go_to_inspection_point__functions.h
[0.428s] -- Up-to-date: /home/yeryn/final/install/unitree_inspection_interfaces/include/unitree_inspection_interfaces/unitree_inspection_interfaces/srv/detail/go_to_inspection_point__type_support.h
[0.428s] -- Up-to-date: /home/yeryn/final/install/unitree_inspection_interfaces/include/unitree_inspection_interfaces/unitree_inspection_interfaces/msg
[0.428s] -- Up-to-date: /home/yeryn/final/install/unitree_inspection_interfaces/include/unitree_inspection_interfaces/unitree_inspection_interfaces/msg/rosidl_generator_c__visibility_control.h
[0.428s] -- Up-to-date: /home/yeryn/final/install/unitree_inspection_interfaces/share/unitree_inspection_interfaces/environment/library_path.sh
[0.428s] -- Up-to-date: /home/yeryn/final/install/unitree_inspection_interfaces/share/unitree_inspection_interfaces/environment/library_path.dsv
[0.429s] -- Up-to-date: /home/yeryn/final/install/unitree_inspection_interfaces/lib/libunitree_inspection_interfaces__rosidl_generator_c.so
[0.429s] -- Up-to-date: /home/yeryn/final/install/unitree_inspection_interfaces/include/unitree_inspection_interfaces/unitree_inspection_interfaces
[0.429s] -- Up-to-date: /home/yeryn/final/install/unitree_inspection_interfaces/include/unitree_inspection_interfaces/unitree_inspection_interfaces/srv
[0.429s] -- Up-to-date: /home/yeryn/final/install/unitree_inspection_interfaces/include/unitree_inspection_interfaces/unitree_inspection_interfaces/srv/detail
[0.429s] -- Up-to-date: /home/yeryn/final/install/unitree_inspection_interfaces/include/unitree_inspection_interfaces/unitree_inspection_interfaces/srv/detail/go_to_inspection_point__rosidl_typesupport_fastrtps_c.h
[0.429s] -- Up-to-date: /home/yeryn/final/install/unitree_inspection_interfaces/include/unitree_inspection_interfaces/unitree_inspection_interfaces/msg
[0.429s] -- Up-to-date: /home/yeryn/final/install/unitree_inspection_interfaces/include/unitree_inspection_interfaces/unitree_inspection_interfaces/msg/rosidl_typesupport_fastrtps_c__visibility_control.h
[0.430s] -- Up-to-date: /home/yeryn/final/install/unitree_inspection_interfaces/lib/libunitree_inspection_interfaces__rosidl_typesupport_fastrtps_c.so
[0.430s] -- Up-to-date: /home/yeryn/final/install/unitree_inspection_interfaces/include/unitree_inspection_interfaces/unitree_inspection_interfaces
[0.430s] -- Up-to-date: /home/yeryn/final/install/unitree_inspection_interfaces/include/unitree_inspection_interfaces/unitree_inspection_interfaces/srv
[0.430s] -- Up-to-date: /home/yeryn/final/install/unitree_inspection_interfaces/include/unitree_inspection_interfaces/unitree_inspection_interfaces/srv/detail
[0.430s] -- Up-to-date: /home/yeryn/final/install/unitree_inspection_interfaces/include/unitree_inspection_interfaces/unitree_inspection_interfaces/srv/detail/go_to_inspection_point__type_support.c
[0.430s] -- Up-to-date: /home/yeryn/final/install/unitree_inspection_interfaces/include/unitree_inspection_interfaces/unitree_inspection_interfaces/srv/detail/go_to_inspection_point__rosidl_typesupport_introspection_c.h
[0.430s] -- Up-to-date: /home/yeryn/final/install/unitree_inspection_interfaces/include/unitree_inspection_interfaces/unitree_inspection_interfaces/msg
[0.430s] -- Up-to-date: /home/yeryn/final/install/unitree_inspection_interfaces/include/unitree_inspection_interfaces/unitree_inspection_interfaces/msg/rosidl_typesupport_introspection_c__visibility_control.h
[0.430s] -- Up-to-date: /home/yeryn/final/install/unitree_inspection_interfaces/lib/libunitree_inspection_interfaces__rosidl_typesupport_introspection_c.so
[0.431s] -- Up-to-date: /home/yeryn/final/install/unitree_inspection_interfaces/lib/libunitree_inspection_interfaces__rosidl_typesupport_c.so
[0.431s] -- Up-to-date: /home/yeryn/final/install/unitree_inspection_interfaces/include/unitree_inspection_interfaces/unitree_inspection_interfaces
[0.431s] -- Up-to-date: /home/yeryn/final/install/unitree_inspection_interfaces/include/unitree_inspection_interfaces/unitree_inspection_interfaces/srv
[0.431s] -- Up-to-date: /home/yeryn/final/install/unitree_inspection_interfaces/include/unitree_inspection_interfaces/unitree_inspection_interfaces/srv/go_to_inspection_point.hpp
[0.431s] -- Up-to-date: /home/yeryn/final/install/unitree_inspection_interfaces/include/unitree_inspection_interfaces/unitree_inspection_interfaces/srv/detail
[0.431s] -- Up-to-date: /home/yeryn/final/install/unitree_inspection_interfaces/include/unitree_inspection_interfaces/unitree_inspection_interfaces/srv/detail/go_to_inspection_point__builder.hpp
[0.431s] -- Up-to-date: /home/yeryn/final/install/unitree_inspection_interfaces/include/unitree_inspection_interfaces/unitree_inspection_interfaces/srv/detail/go_to_inspection_point__traits.hpp
[0.431s] -- Up-to-date: /home/yeryn/final/install/unitree_inspection_interfaces/include/unitree_inspection_interfaces/unitree_inspection_interfaces/srv/detail/go_to_inspection_point__struct.hpp
[0.431s] -- Up-to-date: /home/yeryn/final/install/unitree_inspection_interfaces/include/unitree_inspection_interfaces/unitree_inspection_interfaces
[0.431s] -- Up-to-date: /home/yeryn/final/install/unitree_inspection_interfaces/include/unitree_inspection_interfaces/unitree_inspection_interfaces/srv
[0.431s] -- Up-to-date: /home/yeryn/final/install/unitree_inspection_interfaces/include/unitree_inspection_interfaces/unitree_inspection_interfaces/srv/detail
[0.431s] -- Up-to-date: /home/yeryn/final/install/unitree_inspection_interfaces/include/unitree_inspection_interfaces/unitree_inspection_interfaces/srv/detail/go_to_inspection_point__rosidl_typesupport_fastrtps_cpp.hpp
[0.431s] -- Up-to-date: /home/yeryn/final/install/unitree_inspection_interfaces/include/unitree_inspection_interfaces/unitree_inspection_interfaces/srv/detail/dds_fastrtps
[0.431s] -- Up-to-date: /home/yeryn/final/install/unitree_inspection_interfaces/include/unitree_inspection_interfaces/unitree_inspection_interfaces/msg
[0.432s] -- Up-to-date: /home/yeryn/final/install/unitree_inspection_interfaces/include/unitree_inspection_interfaces/unitree_inspection_interfaces/msg/rosidl_typesupport_fastrtps_cpp__visibility_control.h
[0.432s] -- Up-to-date: /home/yeryn/final/install/unitree_inspection_interfaces/lib/libunitree_inspection_interfaces__rosidl_typesupport_fastrtps_cpp.so
[0.432s] -- Up-to-date: /home/yeryn/final/install/unitree_inspection_interfaces/include/unitree_inspection_interfaces/unitree_inspection_interfaces
[0.432s] -- Up-to-date: /home/yeryn/final/install/unitree_inspection_interfaces/include/unitree_inspection_interfaces/unitree_inspection_interfaces/srv
[0.432s] -- Up-to-date: /home/yeryn/final/install/unitree_inspection_interfaces/include/unitree_inspection_interfaces/unitree_inspection_interfaces/srv/detail
[0.432s] -- Up-to-date: /home/yeryn/final/install/unitree_inspection_interfaces/include/unitree_inspection_interfaces/unitree_inspection_interfaces/srv/detail/go_to_inspection_point__rosidl_typesupport_introspection_cpp.hpp
[0.432s] -- Up-to-date: /home/yeryn/final/install/unitree_inspection_interfaces/include/unitree_inspection_interfaces/unitree_inspection_interfaces/srv/detail/go_to_inspection_point__type_support.cpp
[0.432s] -- Up-to-date: /home/yeryn/final/install/unitree_inspection_interfaces/lib/libunitree_inspection_interfaces__rosidl_typesupport_introspection_cpp.so
[0.432s] -- Up-to-date: /home/yeryn/final/install/unitree_inspection_interfaces/lib/libunitree_inspection_interfaces__rosidl_typesupport_cpp.so
[0.432s] -- Up-to-date: /home/yeryn/final/install/unitree_inspection_interfaces/share/unitree_inspection_interfaces/environment/pythonpath.sh
[0.432s] -- Up-to-date: /home/yeryn/final/install/unitree_inspection_interfaces/share/unitree_inspection_interfaces/environment/pythonpath.dsv
[0.433s] -- Up-to-date: /home/yeryn/final/install/unitree_inspection_interfaces/local/lib/python3.10/dist-packages/unitree_inspection_interfaces-0.0.0-py3.10.egg-info
[0.433s] -- Installing: /home/yeryn/final/install/unitree_inspection_interfaces/local/lib/python3.10/dist-packages/unitree_inspection_interfaces-0.0.0-py3.10.egg-info/top_level.txt
[0.433s] -- Installing: /home/yeryn/final/install/unitree_inspection_interfaces/local/lib/python3.10/dist-packages/unitree_inspection_interfaces-0.0.0-py3.10.egg-info/SOURCES.txt
[0.433s] -- Installing: /home/yeryn/final/install/unitree_inspection_interfaces/local/lib/python3.10/dist-packages/unitree_inspection_interfaces-0.0.0-py3.10.egg-info/dependency_links.txt
[0.433s] -- Installing: /home/yeryn/final/install/unitree_inspection_interfaces/local/lib/python3.10/dist-packages/unitree_inspection_interfaces-0.0.0-py3.10.egg-info/PKG-INFO
[0.433s] -- Up-to-date: /home/yeryn/final/install/unitree_inspection_interfaces/local/lib/python3.10/dist-packages/unitree_inspection_interfaces
[0.433s] -- Up-to-date: /home/yeryn/final/install/unitree_inspection_interfaces/local/lib/python3.10/dist-packages/unitree_inspection_interfaces/_unitree_inspection_interfaces_s.ep.rosidl_typesupport_fastrtps_c.c
[0.433s] -- Up-to-date: /home/yeryn/final/install/unitree_inspection_interfaces/local/lib/python3.10/dist-packages/unitree_inspection_interfaces/_unitree_inspection_interfaces_s.ep.rosidl_typesupport_introspection_c.c
[0.433s] -- Up-to-date: /home/yeryn/final/install/unitree_inspection_interfaces/local/lib/python3.10/dist-packages/unitree_inspection_interfaces/srv
[0.434s] -- Up-to-date: /home/yeryn/final/install/unitree_inspection_interfaces/local/lib/python3.10/dist-packages/unitree_inspection_interfaces/srv/_go_to_inspection_point.py
[0.434s] -- Up-to-date: /home/yeryn/final/install/unitree_inspection_interfaces/local/lib/python3.10/dist-packages/unitree_inspection_interfaces/srv/_go_to_inspection_point_s.c
[0.434s] -- Up-to-date: /home/yeryn/final/install/unitree_inspection_interfaces/local/lib/python3.10/dist-packages/unitree_inspection_interfaces/srv/__init__.py
[0.434s] -- Up-to-date: /home/yeryn/final/install/unitree_inspection_interfaces/local/lib/python3.10/dist-packages/unitree_inspection_interfaces/__init__.py
[0.434s] -- Up-to-date: /home/yeryn/final/install/unitree_inspection_interfaces/local/lib/python3.10/dist-packages/unitree_inspection_interfaces/unitree_inspection_interfaces_s__rosidl_typesupport_c.cpython-310-aarch64-linux-gnu.so
[0.434s] -- Up-to-date: /home/yeryn/final/install/unitree_inspection_interfaces/local/lib/python3.10/dist-packages/unitree_inspection_interfaces/_unitree_inspection_interfaces_s.ep.rosidl_typesupport_c.c
[0.434s] -- Up-to-date: /home/yeryn/final/install/unitree_inspection_interfaces/local/lib/python3.10/dist-packages/unitree_inspection_interfaces/unitree_inspection_interfaces_s__rosidl_typesupport_fastrtps_c.cpython-310-aarch64-linux-gnu.so
[0.434s] -- Up-to-date: /home/yeryn/final/install/unitree_inspection_interfaces/local/lib/python3.10/dist-packages/unitree_inspection_interfaces/unitree_inspection_interfaces_s__rosidl_typesupport_introspection_c.cpython-310-aarch64-linux-gnu.so
[0.434s] -- Up-to-date: /home/yeryn/final/install/unitree_inspection_interfaces/local/lib/python3.10/dist-packages/unitree_inspection_interfaces/libunitree_inspection_interfaces_msg__rosidl_generator_py.so
[0.450s] Listing '/home/yeryn/final/install/unitree_inspection_interfaces/local/lib/python3.10/dist-packages/unitree_inspection_interfaces'...
[0.450s] Listing '/home/yeryn/final/install/unitree_inspection_interfaces/local/lib/python3.10/dist-packages/unitree_inspection_interfaces/srv'...
[0.453s] -- Up-to-date: /home/yeryn/final/install/unitree_inspection_interfaces/local/lib/python3.10/dist-packages/unitree_inspection_interfaces/unitree_inspection_interfaces_s__rosidl_typesupport_fastrtps_c.cpython-310-aarch64-linux-gnu.so
[0.453s] -- Up-to-date: /home/yeryn/final/install/unitree_inspection_interfaces/local/lib/python3.10/dist-packages/unitree_inspection_interfaces/unitree_inspection_interfaces_s__rosidl_typesupport_introspection_c.cpython-310-aarch64-linux-gnu.so
[0.454s] -- Up-to-date: /home/yeryn/final/install/unitree_inspection_interfaces/local/lib/python3.10/dist-packages/unitree_inspection_interfaces/unitree_inspection_interfaces_s__rosidl_typesupport_c.cpython-310-aarch64-linux-gnu.so
[0.454s] -- Up-to-date: /home/yeryn/final/install/unitree_inspection_interfaces/lib/libunitree_inspection_interfaces_msg__rosidl_generator_py.so
[0.454s] -- Up-to-date: /home/yeryn/final/install/unitree_inspection_interfaces/share/unitree_inspection_interfaces/srv/GoToInspectionPoint.idl
[0.454s] -- Up-to-date: /home/yeryn/final/install/unitree_inspection_interfaces/share/unitree_inspection_interfaces/srv/GoToInspectionPoint.srv
[0.454s] -- Up-to-date: /home/yeryn/final/install/unitree_inspection_interfaces/share/unitree_inspection_interfaces/srv/GoToInspectionPoint_Request.msg
[0.454s] -- Up-to-date: /home/yeryn/final/install/unitree_inspection_interfaces/share/unitree_inspection_interfaces/srv/GoToInspectionPoint_Response.msg
[0.454s] -- Up-to-date: /home/yeryn/final/install/unitree_inspection_interfaces/share/ament_index/resource_index/package_run_dependencies/unitree_inspection_interfaces
[0.455s] -- Up-to-date: /home/yeryn/final/install/unitree_inspection_interfaces/share/ament_index/resource_index/parent_prefix_path/unitree_inspection_interfaces
[0.455s] -- Up-to-date: /home/yeryn/final/install/unitree_inspection_interfaces/share/unitree_inspection_interfaces/environment/ament_prefix_path.sh
[0.455s] -- Up-to-date: /home/yeryn/final/install/unitree_inspection_interfaces/share/unitree_inspection_interfaces/environment/ament_prefix_path.dsv
[0.455s] -- Up-to-date: /home/yeryn/final/install/unitree_inspection_interfaces/share/unitree_inspection_interfaces/environment/path.sh
[0.455s] -- Up-to-date: /home/yeryn/final/install/unitree_inspection_interfaces/share/unitree_inspection_interfaces/environment/path.dsv
[0.455s] -- Up-to-date: /home/yeryn/final/install/unitree_inspection_interfaces/share/unitree_inspection_interfaces/local_setup.bash
[0.455s] -- Up-to-date: /home/yeryn/final/install/unitree_inspection_interfaces/share/unitree_inspection_interfaces/local_setup.sh
[0.456s] -- Up-to-date: /home/yeryn/final/install/unitree_inspection_interfaces/share/unitree_inspection_interfaces/local_setup.zsh
[0.456s] -- Up-to-date: /home/yeryn/final/install/unitree_inspection_interfaces/share/unitree_inspection_interfaces/local_setup.dsv
[0.456s] -- Installing: /home/yeryn/final/install/unitree_inspection_interfaces/share/unitree_inspection_interfaces/package.dsv
[0.456s] -- Up-to-date: /home/yeryn/final/install/unitree_inspection_interfaces/share/ament_index/resource_index/packages/unitree_inspection_interfaces
[0.457s] -- Up-to-date: /home/yeryn/final/install/unitree_inspection_interfaces/share/unitree_inspection_interfaces/cmake/export_unitree_inspection_interfaces_msg__rosidl_generator_cExport.cmake
[0.457s] -- Up-to-date: /home/yeryn/final/install/unitree_inspection_interfaces/share/unitree_inspection_interfaces/cmake/export_unitree_inspection_interfaces_msg__rosidl_generator_cExport-noconfig.cmake
[0.457s] -- Up-to-date: /home/yeryn/final/install/unitree_inspection_interfaces/share/unitree_inspection_interfaces/cmake/export_unitree_inspection_interfaces_msg__rosidl_typesupport_fastrtps_cExport.cmake
[0.458s] -- Up-to-date: /home/yeryn/final/install/unitree_inspection_interfaces/share/unitree_inspection_interfaces/cmake/export_unitree_inspection_interfaces_msg__rosidl_typesupport_fastrtps_cExport-noconfig.cmake
[0.458s] -- Up-to-date: /home/yeryn/final/install/unitree_inspection_interfaces/share/unitree_inspection_interfaces/cmake/unitree_inspection_interfaces_msg__rosidl_typesupport_introspection_cExport.cmake
[0.458s] -- Up-to-date: /home/yeryn/final/install/unitree_inspection_interfaces/share/unitree_inspection_interfaces/cmake/unitree_inspection_interfaces_msg__rosidl_typesupport_introspection_cExport-noconfig.cmake
[0.458s] -- Up-to-date: /home/yeryn/final/install/unitree_inspection_interfaces/share/unitree_inspection_interfaces/cmake/unitree_inspection_interfaces_msg__rosidl_typesupport_cExport.cmake
[0.458s] -- Up-to-date: /home/yeryn/final/install/unitree_inspection_interfaces/share/unitree_inspection_interfaces/cmake/unitree_inspection_interfaces_msg__rosidl_typesupport_cExport-noconfig.cmake
[0.458s] -- Up-to-date: /home/yeryn/final/install/unitree_inspection_interfaces/share/unitree_inspection_interfaces/cmake/export_unitree_inspection_interfaces_msg__rosidl_generator_cppExport.cmake
[0.459s] -- Up-to-date: /home/yeryn/final/install/unitree_inspection_interfaces/share/unitree_inspection_interfaces/cmake/export_unitree_inspection_interfaces_msg__rosidl_typesupport_fastrtps_cppExport.cmake
[0.459s] -- Up-to-date: /home/yeryn/final/install/unitree_inspection_interfaces/share/unitree_inspection_interfaces/cmake/export_unitree_inspection_interfaces_msg__rosidl_typesupport_fastrtps_cppExport-noconfig.cmake
[0.459s] -- Up-to-date: /home/yeryn/final/install/unitree_inspection_interfaces/share/unitree_inspection_interfaces/cmake/unitree_inspection_interfaces_msg__rosidl_typesupport_introspection_cppExport.cmake
[0.459s] -- Up-to-date: /home/yeryn/final/install/unitree_inspection_interfaces/share/unitree_inspection_interfaces/cmake/unitree_inspection_interfaces_msg__rosidl_typesupport_introspection_cppExport-noconfig.cmake
[0.460s] -- Up-to-date: /home/yeryn/final/install/unitree_inspection_interfaces/share/unitree_inspection_interfaces/cmake/unitree_inspection_interfaces_msg__rosidl_typesupport_cppExport.cmake
[0.460s] -- Up-to-date: /home/yeryn/final/install/unitree_inspection_interfaces/share/unitree_inspection_interfaces/cmake/unitree_inspection_interfaces_msg__rosidl_typesupport_cppExport-noconfig.cmake
[0.461s] -- Up-to-date: /home/yeryn/final/install/unitree_inspection_interfaces/share/unitree_inspection_interfaces/cmake/export_unitree_inspection_interfaces_msg__rosidl_generator_pyExport.cmake
[0.461s] -- Up-to-date: /home/yeryn/final/install/unitree_inspection_interfaces/share/unitree_inspection_interfaces/cmake/export_unitree_inspection_interfaces_msg__rosidl_generator_pyExport-noconfig.cmake
[0.461s] -- Up-to-date: /home/yeryn/final/install/unitree_inspection_interfaces/share/unitree_inspection_interfaces/cmake/ament_cmake_export_dependencies-extras.cmake
[0.461s] -- Up-to-date: /home/yeryn/final/install/unitree_inspection_interfaces/share/unitree_inspection_interfaces/cmake/rosidl_cmake-extras.cmake
[0.461s] -- Up-to-date: /home/yeryn/final/install/unitree_inspection_interfaces/share/unitree_inspection_interfaces/cmake/ament_cmake_export_include_directories-extras.cmake
[0.461s] -- Up-to-date: /home/yeryn/final/install/unitree_inspection_interfaces/share/unitree_inspection_interfaces/cmake/ament_cmake_export_libraries-extras.cmake
[0.462s] -- Up-to-date: /home/yeryn/final/install/unitree_inspection_interfaces/share/unitree_inspection_interfaces/cmake/ament_cmake_export_targets-extras.cmake
[0.462s] -- Up-to-date: /home/yeryn/final/install/unitree_inspection_interfaces/share/unitree_inspection_interfaces/cmake/rosidl_cmake_export_typesupport_targets-extras.cmake
[0.462s] -- Up-to-date: /home/yeryn/final/install/unitree_inspection_interfaces/share/unitree_inspection_interfaces/cmake/rosidl_cmake_export_typesupport_libraries-extras.cmake
[0.462s] -- Up-to-date: /home/yeryn/final/install/unitree_inspection_interfaces/share/unitree_inspection_interfaces/cmake/unitree_inspection_interfacesConfig.cmake
[0.462s] -- Up-to-date: /home/yeryn/final/install/unitree_inspection_interfaces/share/unitree_inspection_interfaces/cmake/unitree_inspection_interfacesConfig-version.cmake
[0.462s] -- Up-to-date: /home/yeryn/final/install/unitree_inspection_interfaces/share/unitree_inspection_interfaces/package.xml
[0.473s] Invoked command in '/home/yeryn/final/build/unitree_inspection_interfaces' returned '0': CMAKE_PREFIX_PATH=/opt/ros/humble /usr/bin/cmake --install /home/yeryn/final/build/unitree_inspection_interfaces
