[0.074s] Invoking command in '/home/rs/go1_robot/build/unitree_ocr': CMAKE_PREFIX_PATH=/home/rs/go1_robot/install/unitree_ocr_interfaces:/home/rs/go1_robot/install/unitree_inspection:/home/rs/go1_robot/install/unitree_ocr:/home/rs/go1_robot/install/unitree_nav:/home/rs/go1_robot/install/unitree_nav_interfaces:/home/rs/go1_robot/install/unitree_legged_real:/home/rs/go1_robot/install/unitree_inspection_interfaces:/home/rs/go1_robot/install/ros2_unitree_legged_msgs:/home/rs/go1_robot/install/go1_description:/home/rs/go1_robot/install/unitree_nav_launch_module:/opt/ros/humble /usr/bin/cmake --build /home/rs/go1_robot/build/unitree_ocr -- -j13 -l13
[0.317s] [ 20%] [34m[1mGenerate API documentation for doxygen[0m
[0.318s] [ 60%] Built target unitree_ocr
[0.377s] Doxygen version used: 1.9.1
[0.378s] Searching for include files...
[0.379s] Searching for example files...
[0.379s] Searching for images...
[0.380s] Searching for dot files...
[0.381s] Searching for msc files...
[0.381s] Searching for dia files...
[0.382s] Searching for files to exclude
[0.383s] Searching INPUT for files to process...
[0.383s] Reading and parsing tag files
[0.384s] [100%] Built target text_detection_subscriber
[0.384s] Parsing files
[0.385s] Preprocessing /home/rs/go1_robot/src/unitree_inspection/unitree_ocr/include/unitree_ocr/ocr.hpp...
[0.386s] Parsing file /home/rs/go1_robot/src/unitree_inspection/unitree_ocr/include/unitree_ocr/ocr.hpp...
[0.386s] Preprocessing /home/rs/go1_robot/src/unitree_inspection/unitree_ocr/src/ocr.cpp...
[0.387s] Parsing file /home/rs/go1_robot/src/unitree_inspection/unitree_ocr/src/ocr.cpp...
[0.388s] Building macro definition list...
[0.390s] Building group list...
[0.390s] Building directory list...
[0.391s] Building namespace list...
[0.391s] Building file list...
[0.392s] Building class list...
[0.392s] Computing nesting relations for classes...
[0.393s] Associating documentation with classes...
[0.395s] Building example list...
[0.397s] Searching for enumerations...
[0.398s] Searching for documented typedefs...
[0.398s] Searching for members imported via using declarations...
[0.399s] Searching for included using directives...
[0.404s] Searching for documented variables...
[0.406s] Building interface member list...
[0.407s] Building member list...
[0.408s] Searching for friends...
[0.410s] Searching for documented defines...
[0.410s] Computing class inheritance relations...
[0.412s] Computing class usage relations...
[0.412s] Flushing cached template relations that have become invalid...
[0.413s] Computing class relations...
[0.414s] Add enum values to enums...
[0.423s] Searching for member function documentation...
[0.424s] Creating members for template instances...
[0.424s] Building page list...
[0.424s] Search for main page...
[0.425s] Computing page relations...
[0.425s] Determining the scope of groups...
[0.425s] Sorting lists...
[0.429s] Determining which enums are documented
[0.432s] Computing member relations...
[0.432s] Building full member lists recursively...
[0.432s] Adding members to member groups.
[0.433s] Computing member references...
[0.433s] Inheriting documentation...
[0.434s] Generating disk names...
[0.434s] Adding source references...
[0.434s] Adding xrefitems...
[0.435s] Sorting member lists...
[0.436s] Setting anonymous enum type...
[0.437s] Computing dependencies between directories...
[0.437s] Generating citations page...
[0.437s] Counting members...
[0.437s] Counting data structures...
[0.438s] Resolving user defined references...
[0.438s] Finding anchors and sections in the documentation...
[0.438s] Transferring function references...
[0.439s] Combining using relations...
[0.440s] Adding members to index pages...
[0.440s] Correcting members for VHDL...
[0.440s] Computing tooltip texts...
[0.440s] Generating style sheet...
[0.440s] Generating search indices...
[0.440s] Generating example documentation...
[0.441s] Generating file sources...
[0.441s] Generating code for file include/unitree_ocr/ocr.hpp...
[0.441s] Generating file documentation...
[0.441s] Generating page documentation...
[0.442s] Generating group documentation...
[0.443s] Generating class documentation...
[0.443s] Generating namespace index...
[0.444s] Generating docs for compound unitree_ocr::TextDetector...
[0.444s] Generating graph info page...
[0.444s] Generating directory documentation...
[0.444s] Generating index page...
[0.445s] Generating page index...
[0.445s] Generating module index...
[0.445s] Generating namespace index...
[0.445s] Generating namespace member index...
[0.446s] Generating annotated compound index...
[0.446s] Generating alphabetical compound index...
[0.446s] Generating hierarchical class index...
[0.446s] Generating graphical class hierarchy...
[0.446s] Generating member index...
[0.447s] Generating file index...
[0.449s] Generating file member index...
[0.449s] Generating example index...
[0.453s] finalizing index lists...
[0.456s] writing tag file...
[0.456s] Running plantuml with JAVA...
[0.458s] Running dot...
[0.471s] lookup cache used 16/65536 hits=27 misses=16
[0.471s] finished...
[0.506s] [100%] Built target doxygen
[0.553s] Invoked command in '/home/rs/go1_robot/build/unitree_ocr' returned '0': CMAKE_PREFIX_PATH=/home/rs/go1_robot/install/unitree_ocr_interfaces:/home/rs/go1_robot/install/unitree_inspection:/home/rs/go1_robot/install/unitree_ocr:/home/rs/go1_robot/install/unitree_nav:/home/rs/go1_robot/install/unitree_nav_interfaces:/home/rs/go1_robot/install/unitree_legged_real:/home/rs/go1_robot/install/unitree_inspection_interfaces:/home/rs/go1_robot/install/ros2_unitree_legged_msgs:/home/rs/go1_robot/install/go1_description:/home/rs/go1_robot/install/unitree_nav_launch_module:/opt/ros/humble /usr/bin/cmake --build /home/rs/go1_robot/build/unitree_ocr -- -j13 -l13
[0.719s] Invoking command in '/home/rs/go1_robot/build/unitree_ocr': CMAKE_PREFIX_PATH=/home/rs/go1_robot/install/unitree_ocr_interfaces:/home/rs/go1_robot/install/unitree_inspection:/home/rs/go1_robot/install/unitree_ocr:/home/rs/go1_robot/install/unitree_nav:/home/rs/go1_robot/install/unitree_nav_interfaces:/home/rs/go1_robot/install/unitree_legged_real:/home/rs/go1_robot/install/unitree_inspection_interfaces:/home/rs/go1_robot/install/ros2_unitree_legged_msgs:/home/rs/go1_robot/install/go1_description:/home/rs/go1_robot/install/unitree_nav_launch_module:/opt/ros/humble /usr/bin/cmake --install /home/rs/go1_robot/build/unitree_ocr
[0.737s] -- Install configuration: ""
[0.740s] -- Up-to-date: /home/rs/go1_robot/install/unitree_ocr/lib/unitree_ocr/text_detection_subscriber
[0.741s] -- Up-to-date: /home/rs/go1_robot/install/unitree_ocr/include
[0.741s] -- Up-to-date: /home/rs/go1_robot/install/unitree_ocr/include/unitree_ocr
[0.741s] -- Up-to-date: /home/rs/go1_robot/install/unitree_ocr/include/unitree_ocr/ocr.hpp
[0.741s] -- Up-to-date: /home/rs/go1_robot/install/unitree_ocr/lib/libunitree_ocr.a
[0.746s] -- Up-to-date: /home/rs/go1_robot/install/unitree_ocr/lib/cmake/unitree_ocr/unitree_ocr-config.cmake
[0.750s] -- Up-to-date: /home/rs/go1_robot/install/unitree_ocr/lib/cmake/unitree_ocr/unitree_ocr-config-noconfig.cmake
[0.751s] -- Up-to-date: /home/rs/go1_robot/install/unitree_ocr/share/unitree_ocr/launch
[0.751s] -- Up-to-date: /home/rs/go1_robot/install/unitree_ocr/share/unitree_ocr/launch/text_detection_subscriber.launch.py
[0.752s] -- Up-to-date: /home/rs/go1_robot/install/unitree_ocr/share/unitree_ocr/models
[0.752s] -- Up-to-date: /home/rs/go1_robot/install/unitree_ocr/share/unitree_ocr/models/README.md
[0.753s] -- Up-to-date: /home/rs/go1_robot/install/unitree_ocr/share/ament_index/resource_index/package_run_dependencies/unitree_ocr
[0.753s] -- Up-to-date: /home/rs/go1_robot/install/unitree_ocr/share/ament_index/resource_index/parent_prefix_path/unitree_ocr
[0.753s] -- Up-to-date: /home/rs/go1_robot/install/unitree_ocr/share/unitree_ocr/environment/ament_prefix_path.sh
[0.753s] -- Up-to-date: /home/rs/go1_robot/install/unitree_ocr/share/unitree_ocr/environment/ament_prefix_path.dsv
[0.754s] -- Up-to-date: /home/rs/go1_robot/install/unitree_ocr/share/unitree_ocr/environment/path.sh
[0.754s] -- Up-to-date: /home/rs/go1_robot/install/unitree_ocr/share/unitree_ocr/environment/path.dsv
[0.755s] -- Up-to-date: /home/rs/go1_robot/install/unitree_ocr/share/unitree_ocr/local_setup.bash
[0.755s] -- Up-to-date: /home/rs/go1_robot/install/unitree_ocr/share/unitree_ocr/local_setup.sh
[0.755s] -- Up-to-date: /home/rs/go1_robot/install/unitree_ocr/share/unitree_ocr/local_setup.zsh
[0.755s] -- Up-to-date: /home/rs/go1_robot/install/unitree_ocr/share/unitree_ocr/local_setup.dsv
[0.755s] -- Installing: /home/rs/go1_robot/install/unitree_ocr/share/unitree_ocr/package.dsv
[0.756s] -- Up-to-date: /home/rs/go1_robot/install/unitree_ocr/share/ament_index/resource_index/packages/unitree_ocr
[0.756s] -- Up-to-date: /home/rs/go1_robot/install/unitree_ocr/share/unitree_ocr/cmake/unitree_ocrConfig.cmake
[0.757s] -- Up-to-date: /home/rs/go1_robot/install/unitree_ocr/share/unitree_ocr/cmake/unitree_ocrConfig-version.cmake
[0.757s] -- Up-to-date: /home/rs/go1_robot/install/unitree_ocr/share/unitree_ocr/package.xml
[0.770s] Invoked command in '/home/rs/go1_robot/build/unitree_ocr' returned '0': CMAKE_PREFIX_PATH=/home/rs/go1_robot/install/unitree_ocr_interfaces:/home/rs/go1_robot/install/unitree_inspection:/home/rs/go1_robot/install/unitree_ocr:/home/rs/go1_robot/install/unitree_nav:/home/rs/go1_robot/install/unitree_nav_interfaces:/home/rs/go1_robot/install/unitree_legged_real:/home/rs/go1_robot/install/unitree_inspection_interfaces:/home/rs/go1_robot/install/ros2_unitree_legged_msgs:/home/rs/go1_robot/install/go1_description:/home/rs/go1_robot/install/unitree_nav_launch_module:/opt/ros/humble /usr/bin/cmake --install /home/rs/go1_robot/build/unitree_ocr
