[0.111s] Invoking command in '/home/rs/go1_robot/build/unitree_nav_interfaces': CMAKE_PREFIX_PATH=${CMAKE_PREFIX_PATH}:/home/rs/go1_robot/install/unitree_nav_launch_module:/opt/ros/humble /usr/bin/cmake --build /home/rs/go1_robot/build/unitree_nav_interfaces -- -j13 -l13
[0.321s] [  2%] Built target unitree_nav_interfaces_srv__cpp
[0.332s] [ 12%] Built target unitree_nav_interfaces_srv__rosidl_generator_c
[0.403s] [ 12%] Built target ament_cmake_python_copy_unitree_nav_interfaces
[0.608s] [ 23%] Built target unitree_nav_interfaces_srv__rosidl_typesupport_cpp
[0.645s] [ 34%] Built target unitree_nav_interfaces_srv__rosidl_typesupport_fastrtps_c
[0.651s] [ 44%] Built target unitree_nav_interfaces_srv__rosidl_typesupport_introspection_c
[0.664s] [ 59%] Built target unitree_nav_interfaces_srv__rosidl_typesupport_fastrtps_cpp
[0.665s] [ 70%] Built target unitree_nav_interfaces_srv__rosidl_typesupport_introspection_cpp
[0.673s] [ 76%] Built target unitree_nav_interfaces_srv__rosidl_typesupport_c
[0.765s] [ 76%] Built target unitree_nav_interfaces_srv
[0.902s] [ 78%] Built target unitree_nav_interfaces_srv__py
[1.034s] [ 87%] Built target unitree_nav_interfaces_srv__rosidl_generator_py
[1.226s] [ 91%] Built target unitree_nav_interfaces__rosidl_typesupport_fastrtps_c__pyext
[1.228s] [ 95%] Built target unitree_nav_interfaces__rosidl_typesupport_c__pyext
[1.243s] [100%] Built target unitree_nav_interfaces__rosidl_typesupport_introspection_c__pyext
[1.577s] running egg_info
[1.585s] writing unitree_nav_interfaces.egg-info/PKG-INFO
[1.588s] writing dependency_links to unitree_nav_interfaces.egg-info/dependency_links.txt
[1.588s] writing top-level names to unitree_nav_interfaces.egg-info/top_level.txt
[1.591s] reading manifest file 'unitree_nav_interfaces.egg-info/SOURCES.txt'
[1.593s] writing manifest file 'unitree_nav_interfaces.egg-info/SOURCES.txt'
[1.670s] [100%] Built target ament_cmake_python_build_unitree_nav_interfaces_egg
[1.740s] Invoked command in '/home/rs/go1_robot/build/unitree_nav_interfaces' returned '0': CMAKE_PREFIX_PATH=${CMAKE_PREFIX_PATH}:/home/rs/go1_robot/install/unitree_nav_launch_module:/opt/ros/humble /usr/bin/cmake --build /home/rs/go1_robot/build/unitree_nav_interfaces -- -j13 -l13
[2.563s] Invoking command in '/home/rs/go1_robot/build/unitree_nav_interfaces': CMAKE_PREFIX_PATH=${CMAKE_PREFIX_PATH}:/home/rs/go1_robot/install/unitree_nav_launch_module:/opt/ros/humble /usr/bin/cmake --install /home/rs/go1_robot/build/unitree_nav_interfaces
[2.585s] -- Install configuration: ""
[2.586s] -- Up-to-date: /home/rs/go1_robot/install/unitree_nav_interfaces/share/ament_index/resource_index/rosidl_interfaces/unitree_nav_interfaces
[2.587s] -- Up-to-date: /home/rs/go1_robot/install/unitree_nav_interfaces/include/unitree_nav_interfaces/unitree_nav_interfaces
[2.587s] -- Up-to-date: /home/rs/go1_robot/install/unitree_nav_interfaces/include/unitree_nav_interfaces/unitree_nav_interfaces/srv
[2.589s] -- Up-to-date: /home/rs/go1_robot/install/unitree_nav_interfaces/include/unitree_nav_interfaces/unitree_nav_interfaces/srv/detail
[2.590s] -- Up-to-date: /home/rs/go1_robot/install/unitree_nav_interfaces/include/unitree_nav_interfaces/unitree_nav_interfaces/srv/detail/nav_to_pose__functions.h
[2.591s] -- Up-to-date: /home/rs/go1_robot/install/unitree_nav_interfaces/include/unitree_nav_interfaces/unitree_nav_interfaces/srv/detail/set_body_rpy__struct.h
[2.592s] -- Up-to-date: /home/rs/go1_robot/install/unitree_nav_interfaces/include/unitree_nav_interfaces/unitree_nav_interfaces/srv/detail/set_body_rpy__type_support.h
[2.593s] -- Up-to-date: /home/rs/go1_robot/install/unitree_nav_interfaces/include/unitree_nav_interfaces/unitree_nav_interfaces/srv/detail/nav_to_pose__type_support.h
[2.593s] -- Up-to-date: /home/rs/go1_robot/install/unitree_nav_interfaces/include/unitree_nav_interfaces/unitree_nav_interfaces/srv/detail/set_body_rpy__functions.h
[2.602s] -- Up-to-date: /home/rs/go1_robot/install/unitree_nav_interfaces/include/unitree_nav_interfaces/unitree_nav_interfaces/srv/detail/set_gait__struct.h
[2.602s] -- Up-to-date: /home/rs/go1_robot/install/unitree_nav_interfaces/include/unitree_nav_interfaces/unitree_nav_interfaces/srv/detail/nav_to_pose__functions.c
[2.603s] -- Up-to-date: /home/rs/go1_robot/install/unitree_nav_interfaces/include/unitree_nav_interfaces/unitree_nav_interfaces/srv/detail/set_gait__functions.h
[2.603s] -- Up-to-date: /home/rs/go1_robot/install/unitree_nav_interfaces/include/unitree_nav_interfaces/unitree_nav_interfaces/srv/detail/nav_to_pose__struct.h
[2.604s] -- Up-to-date: /home/rs/go1_robot/install/unitree_nav_interfaces/include/unitree_nav_interfaces/unitree_nav_interfaces/srv/detail/set_gait__functions.c
[2.608s] -- Up-to-date: /home/rs/go1_robot/install/unitree_nav_interfaces/include/unitree_nav_interfaces/unitree_nav_interfaces/srv/detail/set_gait__type_support.h
[2.609s] -- Up-to-date: /home/rs/go1_robot/install/unitree_nav_interfaces/include/unitree_nav_interfaces/unitree_nav_interfaces/srv/detail/set_body_rpy__functions.c
[2.609s] -- Up-to-date: /home/rs/go1_robot/install/unitree_nav_interfaces/include/unitree_nav_interfaces/unitree_nav_interfaces/srv/nav_to_pose.h
[2.611s] -- Up-to-date: /home/rs/go1_robot/install/unitree_nav_interfaces/include/unitree_nav_interfaces/unitree_nav_interfaces/srv/set_gait.h
[2.612s] -- Up-to-date: /home/rs/go1_robot/install/unitree_nav_interfaces/include/unitree_nav_interfaces/unitree_nav_interfaces/srv/set_body_rpy.h
[2.613s] -- Up-to-date: /home/rs/go1_robot/install/unitree_nav_interfaces/include/unitree_nav_interfaces/unitree_nav_interfaces/msg
[2.613s] -- Up-to-date: /home/rs/go1_robot/install/unitree_nav_interfaces/include/unitree_nav_interfaces/unitree_nav_interfaces/msg/rosidl_generator_c__visibility_control.h
[2.614s] -- Up-to-date: /home/rs/go1_robot/install/unitree_nav_interfaces/share/unitree_nav_interfaces/environment/library_path.sh
[2.614s] -- Up-to-date: /home/rs/go1_robot/install/unitree_nav_interfaces/share/unitree_nav_interfaces/environment/library_path.dsv
[2.615s] -- Up-to-date: /home/rs/go1_robot/install/unitree_nav_interfaces/lib/libunitree_nav_interfaces__rosidl_generator_c.so
[2.617s] -- Up-to-date: /home/rs/go1_robot/install/unitree_nav_interfaces/include/unitree_nav_interfaces/unitree_nav_interfaces
[2.618s] -- Up-to-date: /home/rs/go1_robot/install/unitree_nav_interfaces/include/unitree_nav_interfaces/unitree_nav_interfaces/srv
[2.618s] -- Up-to-date: /home/rs/go1_robot/install/unitree_nav_interfaces/include/unitree_nav_interfaces/unitree_nav_interfaces/srv/detail
[2.619s] -- Up-to-date: /home/rs/go1_robot/install/unitree_nav_interfaces/include/unitree_nav_interfaces/unitree_nav_interfaces/srv/detail/nav_to_pose__rosidl_typesupport_fastrtps_c.h
[2.620s] -- Up-to-date: /home/rs/go1_robot/install/unitree_nav_interfaces/include/unitree_nav_interfaces/unitree_nav_interfaces/srv/detail/set_body_rpy__rosidl_typesupport_fastrtps_c.h
[2.620s] -- Up-to-date: /home/rs/go1_robot/install/unitree_nav_interfaces/include/unitree_nav_interfaces/unitree_nav_interfaces/srv/detail/set_gait__rosidl_typesupport_fastrtps_c.h
[2.621s] -- Up-to-date: /home/rs/go1_robot/install/unitree_nav_interfaces/include/unitree_nav_interfaces/unitree_nav_interfaces/msg
[2.621s] -- Up-to-date: /home/rs/go1_robot/install/unitree_nav_interfaces/include/unitree_nav_interfaces/unitree_nav_interfaces/msg/rosidl_typesupport_fastrtps_c__visibility_control.h
[2.623s] -- Up-to-date: /home/rs/go1_robot/install/unitree_nav_interfaces/lib/libunitree_nav_interfaces__rosidl_typesupport_fastrtps_c.so
[2.623s] -- Up-to-date: /home/rs/go1_robot/install/unitree_nav_interfaces/include/unitree_nav_interfaces/unitree_nav_interfaces
[2.624s] -- Up-to-date: /home/rs/go1_robot/install/unitree_nav_interfaces/include/unitree_nav_interfaces/unitree_nav_interfaces/srv
[2.625s] -- Up-to-date: /home/rs/go1_robot/install/unitree_nav_interfaces/include/unitree_nav_interfaces/unitree_nav_interfaces/srv/set_gait.hpp
[2.625s] -- Up-to-date: /home/rs/go1_robot/install/unitree_nav_interfaces/include/unitree_nav_interfaces/unitree_nav_interfaces/srv/detail
[2.632s] -- Up-to-date: /home/rs/go1_robot/install/unitree_nav_interfaces/include/unitree_nav_interfaces/unitree_nav_interfaces/srv/detail/set_gait__struct.hpp
[2.632s] -- Up-to-date: /home/rs/go1_robot/install/unitree_nav_interfaces/include/unitree_nav_interfaces/unitree_nav_interfaces/srv/detail/set_gait__builder.hpp
[2.633s] -- Up-to-date: /home/rs/go1_robot/install/unitree_nav_interfaces/include/unitree_nav_interfaces/unitree_nav_interfaces/srv/detail/nav_to_pose__builder.hpp
[2.633s] -- Up-to-date: /home/rs/go1_robot/install/unitree_nav_interfaces/include/unitree_nav_interfaces/unitree_nav_interfaces/srv/detail/nav_to_pose__struct.hpp
[2.633s] -- Up-to-date: /home/rs/go1_robot/install/unitree_nav_interfaces/include/unitree_nav_interfaces/unitree_nav_interfaces/srv/detail/set_gait__traits.hpp
[2.636s] -- Up-to-date: /home/rs/go1_robot/install/unitree_nav_interfaces/include/unitree_nav_interfaces/unitree_nav_interfaces/srv/detail/set_body_rpy__traits.hpp
[2.637s] -- Up-to-date: /home/rs/go1_robot/install/unitree_nav_interfaces/include/unitree_nav_interfaces/unitree_nav_interfaces/srv/detail/nav_to_pose__traits.hpp
[2.642s] -- Up-to-date: /home/rs/go1_robot/install/unitree_nav_interfaces/include/unitree_nav_interfaces/unitree_nav_interfaces/srv/detail/set_body_rpy__struct.hpp
[2.642s] -- Up-to-date: /home/rs/go1_robot/install/unitree_nav_interfaces/include/unitree_nav_interfaces/unitree_nav_interfaces/srv/detail/set_body_rpy__builder.hpp
[2.642s] -- Up-to-date: /home/rs/go1_robot/install/unitree_nav_interfaces/include/unitree_nav_interfaces/unitree_nav_interfaces/srv/nav_to_pose.hpp
[2.642s] -- Up-to-date: /home/rs/go1_robot/install/unitree_nav_interfaces/include/unitree_nav_interfaces/unitree_nav_interfaces/srv/set_body_rpy.hpp
[2.642s] -- Up-to-date: /home/rs/go1_robot/install/unitree_nav_interfaces/include/unitree_nav_interfaces/unitree_nav_interfaces
[2.643s] -- Up-to-date: /home/rs/go1_robot/install/unitree_nav_interfaces/include/unitree_nav_interfaces/unitree_nav_interfaces/srv
[2.643s] -- Up-to-date: /home/rs/go1_robot/install/unitree_nav_interfaces/include/unitree_nav_interfaces/unitree_nav_interfaces/srv/detail
[2.643s] -- Up-to-date: /home/rs/go1_robot/install/unitree_nav_interfaces/include/unitree_nav_interfaces/unitree_nav_interfaces/srv/detail/set_gait__rosidl_typesupport_fastrtps_cpp.hpp
[2.643s] -- Up-to-date: /home/rs/go1_robot/install/unitree_nav_interfaces/include/unitree_nav_interfaces/unitree_nav_interfaces/srv/detail/dds_fastrtps
[2.643s] -- Up-to-date: /home/rs/go1_robot/install/unitree_nav_interfaces/include/unitree_nav_interfaces/unitree_nav_interfaces/srv/detail/set_body_rpy__rosidl_typesupport_fastrtps_cpp.hpp
[2.643s] -- Up-to-date: /home/rs/go1_robot/install/unitree_nav_interfaces/include/unitree_nav_interfaces/unitree_nav_interfaces/srv/detail/nav_to_pose__rosidl_typesupport_fastrtps_cpp.hpp
[2.644s] -- Up-to-date: /home/rs/go1_robot/install/unitree_nav_interfaces/include/unitree_nav_interfaces/unitree_nav_interfaces/msg
[2.644s] -- Up-to-date: /home/rs/go1_robot/install/unitree_nav_interfaces/include/unitree_nav_interfaces/unitree_nav_interfaces/msg/rosidl_typesupport_fastrtps_cpp__visibility_control.h
[2.644s] -- Up-to-date: /home/rs/go1_robot/install/unitree_nav_interfaces/lib/libunitree_nav_interfaces__rosidl_typesupport_fastrtps_cpp.so
[2.644s] -- Up-to-date: /home/rs/go1_robot/install/unitree_nav_interfaces/include/unitree_nav_interfaces/unitree_nav_interfaces
[2.645s] -- Up-to-date: /home/rs/go1_robot/install/unitree_nav_interfaces/include/unitree_nav_interfaces/unitree_nav_interfaces/srv
[2.646s] -- Up-to-date: /home/rs/go1_robot/install/unitree_nav_interfaces/include/unitree_nav_interfaces/unitree_nav_interfaces/srv/detail
[2.649s] -- Up-to-date: /home/rs/go1_robot/install/unitree_nav_interfaces/include/unitree_nav_interfaces/unitree_nav_interfaces/srv/detail/set_body_rpy__type_support.c
[2.649s] -- Up-to-date: /home/rs/go1_robot/install/unitree_nav_interfaces/include/unitree_nav_interfaces/unitree_nav_interfaces/srv/detail/nav_to_pose__type_support.c
[2.649s] -- Up-to-date: /home/rs/go1_robot/install/unitree_nav_interfaces/include/unitree_nav_interfaces/unitree_nav_interfaces/srv/detail/set_gait__rosidl_typesupport_introspection_c.h
[2.650s] -- Up-to-date: /home/rs/go1_robot/install/unitree_nav_interfaces/include/unitree_nav_interfaces/unitree_nav_interfaces/srv/detail/set_body_rpy__rosidl_typesupport_introspection_c.h
[2.650s] -- Up-to-date: /home/rs/go1_robot/install/unitree_nav_interfaces/include/unitree_nav_interfaces/unitree_nav_interfaces/srv/detail/set_gait__type_support.c
[2.652s] -- Up-to-date: /home/rs/go1_robot/install/unitree_nav_interfaces/include/unitree_nav_interfaces/unitree_nav_interfaces/srv/detail/nav_to_pose__rosidl_typesupport_introspection_c.h
[2.652s] -- Up-to-date: /home/rs/go1_robot/install/unitree_nav_interfaces/include/unitree_nav_interfaces/unitree_nav_interfaces/msg
[2.654s] -- Up-to-date: /home/rs/go1_robot/install/unitree_nav_interfaces/include/unitree_nav_interfaces/unitree_nav_interfaces/msg/rosidl_typesupport_introspection_c__visibility_control.h
[2.654s] -- Up-to-date: /home/rs/go1_robot/install/unitree_nav_interfaces/lib/libunitree_nav_interfaces__rosidl_typesupport_introspection_c.so
[2.654s] -- Up-to-date: /home/rs/go1_robot/install/unitree_nav_interfaces/lib/libunitree_nav_interfaces__rosidl_typesupport_c.so
[2.656s] -- Up-to-date: /home/rs/go1_robot/install/unitree_nav_interfaces/include/unitree_nav_interfaces/unitree_nav_interfaces
[2.656s] -- Up-to-date: /home/rs/go1_robot/install/unitree_nav_interfaces/include/unitree_nav_interfaces/unitree_nav_interfaces/srv
[2.657s] -- Up-to-date: /home/rs/go1_robot/install/unitree_nav_interfaces/include/unitree_nav_interfaces/unitree_nav_interfaces/srv/detail
[2.657s] -- Up-to-date: /home/rs/go1_robot/install/unitree_nav_interfaces/include/unitree_nav_interfaces/unitree_nav_interfaces/srv/detail/nav_to_pose__type_support.cpp
[2.657s] -- Up-to-date: /home/rs/go1_robot/install/unitree_nav_interfaces/include/unitree_nav_interfaces/unitree_nav_interfaces/srv/detail/nav_to_pose__rosidl_typesupport_introspection_cpp.hpp
[2.658s] -- Up-to-date: /home/rs/go1_robot/install/unitree_nav_interfaces/include/unitree_nav_interfaces/unitree_nav_interfaces/srv/detail/set_body_rpy__type_support.cpp
[2.658s] -- Up-to-date: /home/rs/go1_robot/install/unitree_nav_interfaces/include/unitree_nav_interfaces/unitree_nav_interfaces/srv/detail/set_gait__type_support.cpp
[2.658s] -- Up-to-date: /home/rs/go1_robot/install/unitree_nav_interfaces/include/unitree_nav_interfaces/unitree_nav_interfaces/srv/detail/set_body_rpy__rosidl_typesupport_introspection_cpp.hpp
[2.658s] -- Up-to-date: /home/rs/go1_robot/install/unitree_nav_interfaces/include/unitree_nav_interfaces/unitree_nav_interfaces/srv/detail/set_gait__rosidl_typesupport_introspection_cpp.hpp
[2.659s] -- Up-to-date: /home/rs/go1_robot/install/unitree_nav_interfaces/lib/libunitree_nav_interfaces__rosidl_typesupport_introspection_cpp.so
[2.659s] -- Up-to-date: /home/rs/go1_robot/install/unitree_nav_interfaces/lib/libunitree_nav_interfaces__rosidl_typesupport_cpp.so
[2.660s] -- Up-to-date: /home/rs/go1_robot/install/unitree_nav_interfaces/share/unitree_nav_interfaces/environment/pythonpath.sh
[2.661s] -- Up-to-date: /home/rs/go1_robot/install/unitree_nav_interfaces/share/unitree_nav_interfaces/environment/pythonpath.dsv
[2.662s] -- Up-to-date: /home/rs/go1_robot/install/unitree_nav_interfaces/local/lib/python3.10/dist-packages/unitree_nav_interfaces-0.0.0-py3.10.egg-info
[2.664s] -- Installing: /home/rs/go1_robot/install/unitree_nav_interfaces/local/lib/python3.10/dist-packages/unitree_nav_interfaces-0.0.0-py3.10.egg-info/top_level.txt
[2.664s] -- Installing: /home/rs/go1_robot/install/unitree_nav_interfaces/local/lib/python3.10/dist-packages/unitree_nav_interfaces-0.0.0-py3.10.egg-info/PKG-INFO
[2.668s] -- Installing: /home/rs/go1_robot/install/unitree_nav_interfaces/local/lib/python3.10/dist-packages/unitree_nav_interfaces-0.0.0-py3.10.egg-info/dependency_links.txt
[2.668s] -- Installing: /home/rs/go1_robot/install/unitree_nav_interfaces/local/lib/python3.10/dist-packages/unitree_nav_interfaces-0.0.0-py3.10.egg-info/SOURCES.txt
[2.669s] -- Up-to-date: /home/rs/go1_robot/install/unitree_nav_interfaces/local/lib/python3.10/dist-packages/unitree_nav_interfaces
[2.669s] -- Up-to-date: /home/rs/go1_robot/install/unitree_nav_interfaces/local/lib/python3.10/dist-packages/unitree_nav_interfaces/libunitree_nav_interfaces_srv__rosidl_generator_py.so
[2.670s] -- Up-to-date: /home/rs/go1_robot/install/unitree_nav_interfaces/local/lib/python3.10/dist-packages/unitree_nav_interfaces/_unitree_nav_interfaces_s.ep.rosidl_typesupport_introspection_c.c
[2.670s] -- Up-to-date: /home/rs/go1_robot/install/unitree_nav_interfaces/local/lib/python3.10/dist-packages/unitree_nav_interfaces/unitree_nav_interfaces_s__rosidl_typesupport_introspection_c.cpython-310-x86_64-linux-gnu.so
[2.671s] -- Up-to-date: /home/rs/go1_robot/install/unitree_nav_interfaces/local/lib/python3.10/dist-packages/unitree_nav_interfaces/__init__.py
[2.671s] -- Up-to-date: /home/rs/go1_robot/install/unitree_nav_interfaces/local/lib/python3.10/dist-packages/unitree_nav_interfaces/srv
[2.672s] -- Up-to-date: /home/rs/go1_robot/install/unitree_nav_interfaces/local/lib/python3.10/dist-packages/unitree_nav_interfaces/srv/_set_body_rpy.py
[2.672s] -- Up-to-date: /home/rs/go1_robot/install/unitree_nav_interfaces/local/lib/python3.10/dist-packages/unitree_nav_interfaces/srv/__init__.py
[2.673s] -- Up-to-date: /home/rs/go1_robot/install/unitree_nav_interfaces/local/lib/python3.10/dist-packages/unitree_nav_interfaces/srv/_set_body_rpy_s.c
[2.673s] -- Up-to-date: /home/rs/go1_robot/install/unitree_nav_interfaces/local/lib/python3.10/dist-packages/unitree_nav_interfaces/srv/_set_gait_s.c
[2.674s] -- Up-to-date: /home/rs/go1_robot/install/unitree_nav_interfaces/local/lib/python3.10/dist-packages/unitree_nav_interfaces/srv/_nav_to_pose_s.c
[2.675s] -- Up-to-date: /home/rs/go1_robot/install/unitree_nav_interfaces/local/lib/python3.10/dist-packages/unitree_nav_interfaces/srv/_set_gait.py
[2.676s] -- Up-to-date: /home/rs/go1_robot/install/unitree_nav_interfaces/local/lib/python3.10/dist-packages/unitree_nav_interfaces/srv/_nav_to_pose.py
[2.677s] -- Up-to-date: /home/rs/go1_robot/install/unitree_nav_interfaces/local/lib/python3.10/dist-packages/unitree_nav_interfaces/_unitree_nav_interfaces_s.ep.rosidl_typesupport_fastrtps_c.c
[2.678s] -- Up-to-date: /home/rs/go1_robot/install/unitree_nav_interfaces/local/lib/python3.10/dist-packages/unitree_nav_interfaces/unitree_nav_interfaces_s__rosidl_typesupport_c.cpython-310-x86_64-linux-gnu.so
[2.678s] -- Up-to-date: /home/rs/go1_robot/install/unitree_nav_interfaces/local/lib/python3.10/dist-packages/unitree_nav_interfaces/unitree_nav_interfaces_s__rosidl_typesupport_fastrtps_c.cpython-310-x86_64-linux-gnu.so
[2.686s] -- Up-to-date: /home/rs/go1_robot/install/unitree_nav_interfaces/local/lib/python3.10/dist-packages/unitree_nav_interfaces/_unitree_nav_interfaces_s.ep.rosidl_typesupport_c.c
[2.739s] Listing '/home/rs/go1_robot/install/unitree_nav_interfaces/local/lib/python3.10/dist-packages/unitree_nav_interfaces'...
[2.740s] Listing '/home/rs/go1_robot/install/unitree_nav_interfaces/local/lib/python3.10/dist-packages/unitree_nav_interfaces/srv'...
[2.755s] -- Up-to-date: /home/rs/go1_robot/install/unitree_nav_interfaces/local/lib/python3.10/dist-packages/unitree_nav_interfaces/unitree_nav_interfaces_s__rosidl_typesupport_fastrtps_c.cpython-310-x86_64-linux-gnu.so
[2.756s] -- Up-to-date: /home/rs/go1_robot/install/unitree_nav_interfaces/local/lib/python3.10/dist-packages/unitree_nav_interfaces/unitree_nav_interfaces_s__rosidl_typesupport_introspection_c.cpython-310-x86_64-linux-gnu.so
[2.757s] -- Up-to-date: /home/rs/go1_robot/install/unitree_nav_interfaces/local/lib/python3.10/dist-packages/unitree_nav_interfaces/unitree_nav_interfaces_s__rosidl_typesupport_c.cpython-310-x86_64-linux-gnu.so
[2.759s] -- Up-to-date: /home/rs/go1_robot/install/unitree_nav_interfaces/lib/libunitree_nav_interfaces_srv__rosidl_generator_py.so
[2.760s] -- Up-to-date: /home/rs/go1_robot/install/unitree_nav_interfaces/share/unitree_nav_interfaces/srv/SetBodyRPY.idl
[2.762s] -- Up-to-date: /home/rs/go1_robot/install/unitree_nav_interfaces/share/unitree_nav_interfaces/srv/NavToPose.idl
[2.765s] -- Up-to-date: /home/rs/go1_robot/install/unitree_nav_interfaces/share/unitree_nav_interfaces/srv/SetGait.idl
[2.765s] -- Up-to-date: /home/rs/go1_robot/install/unitree_nav_interfaces/share/unitree_nav_interfaces/srv/SetBodyRPY.srv
[2.766s] -- Up-to-date: /home/rs/go1_robot/install/unitree_nav_interfaces/share/unitree_nav_interfaces/srv/SetBodyRPY_Request.msg
[2.767s] -- Up-to-date: /home/rs/go1_robot/install/unitree_nav_interfaces/share/unitree_nav_interfaces/srv/SetBodyRPY_Response.msg
[2.767s] -- Up-to-date: /home/rs/go1_robot/install/unitree_nav_interfaces/share/unitree_nav_interfaces/srv/NavToPose.srv
[2.770s] -- Up-to-date: /home/rs/go1_robot/install/unitree_nav_interfaces/share/unitree_nav_interfaces/srv/NavToPose_Request.msg
[2.771s] -- Up-to-date: /home/rs/go1_robot/install/unitree_nav_interfaces/share/unitree_nav_interfaces/srv/NavToPose_Response.msg
[2.773s] -- Up-to-date: /home/rs/go1_robot/install/unitree_nav_interfaces/share/unitree_nav_interfaces/srv/SetGait.srv
[2.774s] -- Up-to-date: /home/rs/go1_robot/install/unitree_nav_interfaces/share/unitree_nav_interfaces/srv/SetGait_Request.msg
[2.774s] -- Up-to-date: /home/rs/go1_robot/install/unitree_nav_interfaces/share/unitree_nav_interfaces/srv/SetGait_Response.msg
[2.775s] -- Up-to-date: /home/rs/go1_robot/install/unitree_nav_interfaces/share/ament_index/resource_index/package_run_dependencies/unitree_nav_interfaces
[2.777s] -- Up-to-date: /home/rs/go1_robot/install/unitree_nav_interfaces/share/ament_index/resource_index/parent_prefix_path/unitree_nav_interfaces
[2.777s] -- Up-to-date: /home/rs/go1_robot/install/unitree_nav_interfaces/share/unitree_nav_interfaces/environment/ament_prefix_path.sh
[2.779s] -- Up-to-date: /home/rs/go1_robot/install/unitree_nav_interfaces/share/unitree_nav_interfaces/environment/ament_prefix_path.dsv
[2.780s] -- Up-to-date: /home/rs/go1_robot/install/unitree_nav_interfaces/share/unitree_nav_interfaces/environment/path.sh
[2.781s] -- Up-to-date: /home/rs/go1_robot/install/unitree_nav_interfaces/share/unitree_nav_interfaces/environment/path.dsv
[2.782s] -- Up-to-date: /home/rs/go1_robot/install/unitree_nav_interfaces/share/unitree_nav_interfaces/local_setup.bash
[2.783s] -- Up-to-date: /home/rs/go1_robot/install/unitree_nav_interfaces/share/unitree_nav_interfaces/local_setup.sh
[2.783s] -- Up-to-date: /home/rs/go1_robot/install/unitree_nav_interfaces/share/unitree_nav_interfaces/local_setup.zsh
[2.784s] -- Up-to-date: /home/rs/go1_robot/install/unitree_nav_interfaces/share/unitree_nav_interfaces/local_setup.dsv
[2.784s] -- Installing: /home/rs/go1_robot/install/unitree_nav_interfaces/share/unitree_nav_interfaces/package.dsv
[2.784s] -- Up-to-date: /home/rs/go1_robot/install/unitree_nav_interfaces/share/ament_index/resource_index/packages/unitree_nav_interfaces
[2.785s] -- Up-to-date: /home/rs/go1_robot/install/unitree_nav_interfaces/share/unitree_nav_interfaces/cmake/export_unitree_nav_interfaces_srv__rosidl_generator_cExport.cmake
[2.785s] -- Up-to-date: /home/rs/go1_robot/install/unitree_nav_interfaces/share/unitree_nav_interfaces/cmake/export_unitree_nav_interfaces_srv__rosidl_generator_cExport-noconfig.cmake
[2.785s] -- Up-to-date: /home/rs/go1_robot/install/unitree_nav_interfaces/share/unitree_nav_interfaces/cmake/export_unitree_nav_interfaces_srv__rosidl_typesupport_fastrtps_cExport.cmake
[2.787s] -- Up-to-date: /home/rs/go1_robot/install/unitree_nav_interfaces/share/unitree_nav_interfaces/cmake/export_unitree_nav_interfaces_srv__rosidl_typesupport_fastrtps_cExport-noconfig.cmake
[2.788s] -- Up-to-date: /home/rs/go1_robot/install/unitree_nav_interfaces/share/unitree_nav_interfaces/cmake/export_unitree_nav_interfaces_srv__rosidl_generator_cppExport.cmake
[2.789s] -- Up-to-date: /home/rs/go1_robot/install/unitree_nav_interfaces/share/unitree_nav_interfaces/cmake/export_unitree_nav_interfaces_srv__rosidl_typesupport_fastrtps_cppExport.cmake
[2.790s] -- Up-to-date: /home/rs/go1_robot/install/unitree_nav_interfaces/share/unitree_nav_interfaces/cmake/export_unitree_nav_interfaces_srv__rosidl_typesupport_fastrtps_cppExport-noconfig.cmake
[2.790s] -- Up-to-date: /home/rs/go1_robot/install/unitree_nav_interfaces/share/unitree_nav_interfaces/cmake/unitree_nav_interfaces_srv__rosidl_typesupport_introspection_cExport.cmake
[2.791s] -- Up-to-date: /home/rs/go1_robot/install/unitree_nav_interfaces/share/unitree_nav_interfaces/cmake/unitree_nav_interfaces_srv__rosidl_typesupport_introspection_cExport-noconfig.cmake
[2.792s] -- Up-to-date: /home/rs/go1_robot/install/unitree_nav_interfaces/share/unitree_nav_interfaces/cmake/unitree_nav_interfaces_srv__rosidl_typesupport_cExport.cmake
[2.793s] -- Up-to-date: /home/rs/go1_robot/install/unitree_nav_interfaces/share/unitree_nav_interfaces/cmake/unitree_nav_interfaces_srv__rosidl_typesupport_cExport-noconfig.cmake
[2.794s] -- Up-to-date: /home/rs/go1_robot/install/unitree_nav_interfaces/share/unitree_nav_interfaces/cmake/unitree_nav_interfaces_srv__rosidl_typesupport_introspection_cppExport.cmake
[2.794s] -- Up-to-date: /home/rs/go1_robot/install/unitree_nav_interfaces/share/unitree_nav_interfaces/cmake/unitree_nav_interfaces_srv__rosidl_typesupport_introspection_cppExport-noconfig.cmake
[2.795s] -- Up-to-date: /home/rs/go1_robot/install/unitree_nav_interfaces/share/unitree_nav_interfaces/cmake/unitree_nav_interfaces_srv__rosidl_typesupport_cppExport.cmake
[2.803s] -- Up-to-date: /home/rs/go1_robot/install/unitree_nav_interfaces/share/unitree_nav_interfaces/cmake/unitree_nav_interfaces_srv__rosidl_typesupport_cppExport-noconfig.cmake
[2.805s] -- Up-to-date: /home/rs/go1_robot/install/unitree_nav_interfaces/share/unitree_nav_interfaces/cmake/export_unitree_nav_interfaces_srv__rosidl_generator_pyExport.cmake
[2.807s] -- Up-to-date: /home/rs/go1_robot/install/unitree_nav_interfaces/share/unitree_nav_interfaces/cmake/export_unitree_nav_interfaces_srv__rosidl_generator_pyExport-noconfig.cmake
[2.808s] -- Up-to-date: /home/rs/go1_robot/install/unitree_nav_interfaces/share/unitree_nav_interfaces/cmake/ament_cmake_export_dependencies-extras.cmake
[2.809s] -- Up-to-date: /home/rs/go1_robot/install/unitree_nav_interfaces/share/unitree_nav_interfaces/cmake/rosidl_cmake-extras.cmake
[2.812s] -- Up-to-date: /home/rs/go1_robot/install/unitree_nav_interfaces/share/unitree_nav_interfaces/cmake/ament_cmake_export_include_directories-extras.cmake
[2.812s] -- Up-to-date: /home/rs/go1_robot/install/unitree_nav_interfaces/share/unitree_nav_interfaces/cmake/ament_cmake_export_libraries-extras.cmake
[2.813s] -- Up-to-date: /home/rs/go1_robot/install/unitree_nav_interfaces/share/unitree_nav_interfaces/cmake/ament_cmake_export_targets-extras.cmake
[2.813s] -- Up-to-date: /home/rs/go1_robot/install/unitree_nav_interfaces/share/unitree_nav_interfaces/cmake/rosidl_cmake_export_typesupport_targets-extras.cmake
[2.813s] -- Up-to-date: /home/rs/go1_robot/install/unitree_nav_interfaces/share/unitree_nav_interfaces/cmake/rosidl_cmake_export_typesupport_libraries-extras.cmake
[2.814s] -- Up-to-date: /home/rs/go1_robot/install/unitree_nav_interfaces/share/unitree_nav_interfaces/cmake/unitree_nav_interfacesConfig.cmake
[2.814s] -- Up-to-date: /home/rs/go1_robot/install/unitree_nav_interfaces/share/unitree_nav_interfaces/cmake/unitree_nav_interfacesConfig-version.cmake
[2.815s] -- Up-to-date: /home/rs/go1_robot/install/unitree_nav_interfaces/share/unitree_nav_interfaces/package.xml
[2.821s] Invoked command in '/home/rs/go1_robot/build/unitree_nav_interfaces' returned '0': CMAKE_PREFIX_PATH=${CMAKE_PREFIX_PATH}:/home/rs/go1_robot/install/unitree_nav_launch_module:/opt/ros/humble /usr/bin/cmake --install /home/rs/go1_robot/build/unitree_nav_interfaces
