[2.945s] Invoking command in '/home/rs/final_auto/src/unitree_nav/unitree_nav_launch_module': PYTHONPATH=/home/rs/final_auto/build/unitree_nav_launch_module/prefix_override:/home/rs/final_auto/install/unitree_nav_launch_module/lib/python3.10/site-packages:${PYTHONPATH} /usr/bin/python3 -W ignore:setup.py install is deprecated setup.py egg_info --egg-base ../../../build/unitree_nav_launch_module build --build-base /home/rs/final_auto/build/unitree_nav_launch_module/build install --record /home/rs/final_auto/build/unitree_nav_launch_module/install.log --single-version-externally-managed install_data
[3.951s] running egg_info
[3.971s] writing ../../../build/unitree_nav_launch_module/unitree_nav_launch_module.egg-info/PKG-INFO
[3.972s] writing dependency_links to ../../../build/unitree_nav_launch_module/unitree_nav_launch_module.egg-info/dependency_links.txt
[3.972s] writing entry points to ../../../build/unitree_nav_launch_module/unitree_nav_launch_module.egg-info/entry_points.txt
[3.972s] writing requirements to ../../../build/unitree_nav_launch_module/unitree_nav_launch_module.egg-info/requires.txt
[3.972s] writing top-level names to ../../../build/unitree_nav_launch_module/unitree_nav_launch_module.egg-info/top_level.txt
[3.978s] reading manifest file '../../../build/unitree_nav_launch_module/unitree_nav_launch_module.egg-info/SOURCES.txt'
[3.984s] writing manifest file '../../../build/unitree_nav_launch_module/unitree_nav_launch_module.egg-info/SOURCES.txt'
[3.985s] running build
[3.985s] running build_py
[3.985s] running install
[3.986s] running install_lib
[3.987s] running install_data
[3.987s] running install_egg_info
[3.995s] removing '/home/rs/final_auto/install/unitree_nav_launch_module/lib/python3.10/site-packages/unitree_nav_launch_module-0.0.0-py3.10.egg-info' (and everything under it)
[3.995s] Copying ../../../build/unitree_nav_launch_module/unitree_nav_launch_module.egg-info to /home/rs/final_auto/install/unitree_nav_launch_module/lib/python3.10/site-packages/unitree_nav_launch_module-0.0.0-py3.10.egg-info
[3.998s] running install_scripts
[4.077s] writing list of installed files to '/home/rs/final_auto/build/unitree_nav_launch_module/install.log'
[4.147s] Invoked command in '/home/rs/final_auto/src/unitree_nav/unitree_nav_launch_module' returned '0': PYTHONPATH=/home/rs/final_auto/build/unitree_nav_launch_module/prefix_override:/home/rs/final_auto/install/unitree_nav_launch_module/lib/python3.10/site-packages:${PYTHONPATH} /usr/bin/python3 -W ignore:setup.py install is deprecated setup.py egg_info --egg-base ../../../build/unitree_nav_launch_module build --build-base /home/rs/final_auto/build/unitree_nav_launch_module/build install --record /home/rs/final_auto/build/unitree_nav_launch_module/install.log --single-version-externally-managed install_data
