[0.107s] Invoking command in '/home/rs/go1_robot/build/unitree_nav_interfaces': CMAKE_PREFIX_PATH=${CMAKE_PREFIX_PATH}:/home/rs/go1_robot/install/unitree_nav_launch_module:/opt/ros/humble /usr/bin/cmake --build /home/rs/go1_robot/build/unitree_nav_interfaces -- -j13 -l13
[0.311s] [35m[1mConsolidate compiler generated dependencies of target unitree_nav_interfaces_srv__rosidl_generator_c[0m
[0.363s] [  2%] Built target unitree_nav_interfaces_srv__cpp
[0.391s] [ 12%] Built target unitree_nav_interfaces_srv__rosidl_generator_c
[0.446s] [35m[1mConsolidate compiler generated dependencies of target unitree_nav_interfaces_srv__rosidl_typesupport_cpp[0m
[0.466s] [35m[1mConsolidate compiler generated dependencies of target unitree_nav_interfaces_srv__rosidl_typesupport_introspection_cpp[0m
[0.478s] [35m[1mConsolidate compiler generated dependencies of target unitree_nav_interfaces_srv__rosidl_typesupport_fastrtps_cpp[0m
[0.482s] [ 12%] Built target ament_cmake_python_copy_unitree_nav_interfaces
[0.645s] [ 23%] Built target unitree_nav_interfaces_srv__rosidl_typesupport_cpp
[0.686s] [35m[1mConsolidate compiler generated dependencies of target unitree_nav_interfaces_srv__rosidl_typesupport_introspection_c[0m
[0.749s] [35m[1mConsolidate compiler generated dependencies of target unitree_nav_interfaces_srv__rosidl_typesupport_fastrtps_c[0m
[0.759s] [35m[1mConsolidate compiler generated dependencies of target unitree_nav_interfaces_srv__rosidl_typesupport_c[0m
[0.761s] [ 34%] Built target unitree_nav_interfaces_srv__rosidl_typesupport_introspection_cpp
[0.842s] [ 55%] Built target unitree_nav_interfaces_srv__rosidl_typesupport_fastrtps_cpp
[0.843s] [ 55%] Built target unitree_nav_interfaces_srv__rosidl_typesupport_introspection_c
[0.845s] [ 65%] Built target unitree_nav_interfaces_srv__rosidl_typesupport_c
[0.848s] [ 76%] Built target unitree_nav_interfaces_srv__rosidl_typesupport_fastrtps_c
[0.939s] [ 76%] Built target unitree_nav_interfaces_srv
[1.046s] [ 78%] Built target unitree_nav_interfaces_srv__py
[1.086s] [35m[1mConsolidate compiler generated dependencies of target unitree_nav_interfaces_srv__rosidl_generator_py[0m
[1.146s] [ 87%] Built target unitree_nav_interfaces_srv__rosidl_generator_py
[1.237s] [35m[1mConsolidate compiler generated dependencies of target unitree_nav_interfaces__rosidl_typesupport_introspection_c__pyext[0m
[1.240s] [35m[1mConsolidate compiler generated dependencies of target unitree_nav_interfaces__rosidl_typesupport_fastrtps_c__pyext[0m
[1.286s] [35m[1mConsolidate compiler generated dependencies of target unitree_nav_interfaces__rosidl_typesupport_c__pyext[0m
[1.311s] [ 91%] Built target unitree_nav_interfaces__rosidl_typesupport_introspection_c__pyext
[1.324s] [ 95%] Built target unitree_nav_interfaces__rosidl_typesupport_fastrtps_c__pyext
[1.333s] [100%] Built target unitree_nav_interfaces__rosidl_typesupport_c__pyext
[1.592s] running egg_info
[1.602s] writing unitree_nav_interfaces.egg-info/PKG-INFO
[1.603s] writing dependency_links to unitree_nav_interfaces.egg-info/dependency_links.txt
[1.603s] writing top-level names to unitree_nav_interfaces.egg-info/top_level.txt
[1.606s] reading manifest file 'unitree_nav_interfaces.egg-info/SOURCES.txt'
[1.608s] writing manifest file 'unitree_nav_interfaces.egg-info/SOURCES.txt'
[1.691s] [100%] Built target ament_cmake_python_build_unitree_nav_interfaces_egg
[1.726s] Invoked command in '/home/rs/go1_robot/build/unitree_nav_interfaces' returned '0': CMAKE_PREFIX_PATH=${CMAKE_PREFIX_PATH}:/home/rs/go1_robot/install/unitree_nav_launch_module:/opt/ros/humble /usr/bin/cmake --build /home/rs/go1_robot/build/unitree_nav_interfaces -- -j13 -l13
[2.480s] Invoking command in '/home/rs/go1_robot/build/unitree_nav_interfaces': CMAKE_PREFIX_PATH=${CMAKE_PREFIX_PATH}:/home/rs/go1_robot/install/unitree_nav_launch_module:/opt/ros/humble /usr/bin/cmake --install /home/rs/go1_robot/build/unitree_nav_interfaces
[2.514s] -- Install configuration: ""
[2.515s] -- Up-to-date: /home/rs/go1_robot/install/unitree_nav_interfaces/share/ament_index/resource_index/rosidl_interfaces/unitree_nav_interfaces
[2.518s] -- Up-to-date: /home/rs/go1_robot/install/unitree_nav_interfaces/include/unitree_nav_interfaces/unitree_nav_interfaces
[2.518s] -- Up-to-date: /home/rs/go1_robot/install/unitree_nav_interfaces/include/unitree_nav_interfaces/unitree_nav_interfaces/srv
[2.518s] -- Up-to-date: /home/rs/go1_robot/install/unitree_nav_interfaces/include/unitree_nav_interfaces/unitree_nav_interfaces/srv/detail
[2.519s] -- Up-to-date: /home/rs/go1_robot/install/unitree_nav_interfaces/include/unitree_nav_interfaces/unitree_nav_interfaces/srv/detail/nav_to_pose__functions.h
[2.519s] -- Up-to-date: /home/rs/go1_robot/install/unitree_nav_interfaces/include/unitree_nav_interfaces/unitree_nav_interfaces/srv/detail/set_body_rpy__struct.h
[2.527s] -- Up-to-date: /home/rs/go1_robot/install/unitree_nav_interfaces/include/unitree_nav_interfaces/unitree_nav_interfaces/srv/detail/set_body_rpy__type_support.h
[2.534s] -- Up-to-date: /home/rs/go1_robot/install/unitree_nav_interfaces/include/unitree_nav_interfaces/unitree_nav_interfaces/srv/detail/nav_to_pose__type_support.h
[2.535s] -- Up-to-date: /home/rs/go1_robot/install/unitree_nav_interfaces/include/unitree_nav_interfaces/unitree_nav_interfaces/srv/detail/set_body_rpy__functions.h
[2.536s] -- Up-to-date: /home/rs/go1_robot/install/unitree_nav_interfaces/include/unitree_nav_interfaces/unitree_nav_interfaces/srv/detail/set_gait__struct.h
[2.536s] -- Up-to-date: /home/rs/go1_robot/install/unitree_nav_interfaces/include/unitree_nav_interfaces/unitree_nav_interfaces/srv/detail/nav_to_pose__functions.c
[2.542s] -- Up-to-date: /home/rs/go1_robot/install/unitree_nav_interfaces/include/unitree_nav_interfaces/unitree_nav_interfaces/srv/detail/set_gait__functions.h
[2.543s] -- Up-to-date: /home/rs/go1_robot/install/unitree_nav_interfaces/include/unitree_nav_interfaces/unitree_nav_interfaces/srv/detail/nav_to_pose__struct.h
[2.545s] -- Up-to-date: /home/rs/go1_robot/install/unitree_nav_interfaces/include/unitree_nav_interfaces/unitree_nav_interfaces/srv/detail/set_gait__functions.c
[2.546s] -- Up-to-date: /home/rs/go1_robot/install/unitree_nav_interfaces/include/unitree_nav_interfaces/unitree_nav_interfaces/srv/detail/set_gait__type_support.h
[2.546s] -- Up-to-date: /home/rs/go1_robot/install/unitree_nav_interfaces/include/unitree_nav_interfaces/unitree_nav_interfaces/srv/detail/set_body_rpy__functions.c
[2.550s] -- Up-to-date: /home/rs/go1_robot/install/unitree_nav_interfaces/include/unitree_nav_interfaces/unitree_nav_interfaces/srv/nav_to_pose.h
[2.551s] -- Up-to-date: /home/rs/go1_robot/install/unitree_nav_interfaces/include/unitree_nav_interfaces/unitree_nav_interfaces/srv/set_gait.h
[2.551s] -- Up-to-date: /home/rs/go1_robot/install/unitree_nav_interfaces/include/unitree_nav_interfaces/unitree_nav_interfaces/srv/set_body_rpy.h
[2.552s] -- Up-to-date: /home/rs/go1_robot/install/unitree_nav_interfaces/include/unitree_nav_interfaces/unitree_nav_interfaces/msg
[2.553s] -- Up-to-date: /home/rs/go1_robot/install/unitree_nav_interfaces/include/unitree_nav_interfaces/unitree_nav_interfaces/msg/rosidl_generator_c__visibility_control.h
[2.554s] -- Up-to-date: /home/rs/go1_robot/install/unitree_nav_interfaces/share/unitree_nav_interfaces/environment/library_path.sh
[2.554s] -- Up-to-date: /home/rs/go1_robot/install/unitree_nav_interfaces/share/unitree_nav_interfaces/environment/library_path.dsv
[2.555s] -- Up-to-date: /home/rs/go1_robot/install/unitree_nav_interfaces/lib/libunitree_nav_interfaces__rosidl_generator_c.so
[2.556s] -- Up-to-date: /home/rs/go1_robot/install/unitree_nav_interfaces/include/unitree_nav_interfaces/unitree_nav_interfaces
[2.558s] -- Up-to-date: /home/rs/go1_robot/install/unitree_nav_interfaces/include/unitree_nav_interfaces/unitree_nav_interfaces/srv
[2.561s] -- Up-to-date: /home/rs/go1_robot/install/unitree_nav_interfaces/include/unitree_nav_interfaces/unitree_nav_interfaces/srv/detail
[2.562s] -- Up-to-date: /home/rs/go1_robot/install/unitree_nav_interfaces/include/unitree_nav_interfaces/unitree_nav_interfaces/srv/detail/nav_to_pose__rosidl_typesupport_fastrtps_c.h
[2.563s] -- Up-to-date: /home/rs/go1_robot/install/unitree_nav_interfaces/include/unitree_nav_interfaces/unitree_nav_interfaces/srv/detail/set_body_rpy__rosidl_typesupport_fastrtps_c.h
[2.564s] -- Up-to-date: /home/rs/go1_robot/install/unitree_nav_interfaces/include/unitree_nav_interfaces/unitree_nav_interfaces/srv/detail/set_gait__rosidl_typesupport_fastrtps_c.h
[2.566s] -- Up-to-date: /home/rs/go1_robot/install/unitree_nav_interfaces/include/unitree_nav_interfaces/unitree_nav_interfaces/msg
[2.567s] -- Up-to-date: /home/rs/go1_robot/install/unitree_nav_interfaces/include/unitree_nav_interfaces/unitree_nav_interfaces/msg/rosidl_typesupport_fastrtps_c__visibility_control.h
[2.567s] -- Up-to-date: /home/rs/go1_robot/install/unitree_nav_interfaces/lib/libunitree_nav_interfaces__rosidl_typesupport_fastrtps_c.so
[2.569s] -- Up-to-date: /home/rs/go1_robot/install/unitree_nav_interfaces/include/unitree_nav_interfaces/unitree_nav_interfaces
[2.569s] -- Up-to-date: /home/rs/go1_robot/install/unitree_nav_interfaces/include/unitree_nav_interfaces/unitree_nav_interfaces/srv
[2.570s] -- Up-to-date: /home/rs/go1_robot/install/unitree_nav_interfaces/include/unitree_nav_interfaces/unitree_nav_interfaces/srv/set_gait.hpp
[2.571s] -- Up-to-date: /home/rs/go1_robot/install/unitree_nav_interfaces/include/unitree_nav_interfaces/unitree_nav_interfaces/srv/detail
[2.571s] -- Up-to-date: /home/rs/go1_robot/install/unitree_nav_interfaces/include/unitree_nav_interfaces/unitree_nav_interfaces/srv/detail/set_gait__struct.hpp
[2.573s] -- Up-to-date: /home/rs/go1_robot/install/unitree_nav_interfaces/include/unitree_nav_interfaces/unitree_nav_interfaces/srv/detail/set_gait__builder.hpp
[2.573s] -- Up-to-date: /home/rs/go1_robot/install/unitree_nav_interfaces/include/unitree_nav_interfaces/unitree_nav_interfaces/srv/detail/nav_to_pose__builder.hpp
[2.574s] -- Up-to-date: /home/rs/go1_robot/install/unitree_nav_interfaces/include/unitree_nav_interfaces/unitree_nav_interfaces/srv/detail/nav_to_pose__struct.hpp
[2.575s] -- Up-to-date: /home/rs/go1_robot/install/unitree_nav_interfaces/include/unitree_nav_interfaces/unitree_nav_interfaces/srv/detail/set_gait__traits.hpp
[2.575s] -- Up-to-date: /home/rs/go1_robot/install/unitree_nav_interfaces/include/unitree_nav_interfaces/unitree_nav_interfaces/srv/detail/set_body_rpy__traits.hpp
[2.576s] -- Up-to-date: /home/rs/go1_robot/install/unitree_nav_interfaces/include/unitree_nav_interfaces/unitree_nav_interfaces/srv/detail/nav_to_pose__traits.hpp
[2.577s] -- Up-to-date: /home/rs/go1_robot/install/unitree_nav_interfaces/include/unitree_nav_interfaces/unitree_nav_interfaces/srv/detail/set_body_rpy__struct.hpp
[2.577s] -- Up-to-date: /home/rs/go1_robot/install/unitree_nav_interfaces/include/unitree_nav_interfaces/unitree_nav_interfaces/srv/detail/set_body_rpy__builder.hpp
[2.578s] -- Up-to-date: /home/rs/go1_robot/install/unitree_nav_interfaces/include/unitree_nav_interfaces/unitree_nav_interfaces/srv/nav_to_pose.hpp
[2.579s] -- Up-to-date: /home/rs/go1_robot/install/unitree_nav_interfaces/include/unitree_nav_interfaces/unitree_nav_interfaces/srv/set_body_rpy.hpp
[2.581s] -- Up-to-date: /home/rs/go1_robot/install/unitree_nav_interfaces/include/unitree_nav_interfaces/unitree_nav_interfaces
[2.582s] -- Up-to-date: /home/rs/go1_robot/install/unitree_nav_interfaces/include/unitree_nav_interfaces/unitree_nav_interfaces/srv
[2.583s] -- Up-to-date: /home/rs/go1_robot/install/unitree_nav_interfaces/include/unitree_nav_interfaces/unitree_nav_interfaces/srv/detail
[2.583s] -- Up-to-date: /home/rs/go1_robot/install/unitree_nav_interfaces/include/unitree_nav_interfaces/unitree_nav_interfaces/srv/detail/set_gait__rosidl_typesupport_fastrtps_cpp.hpp
[2.584s] -- Up-to-date: /home/rs/go1_robot/install/unitree_nav_interfaces/include/unitree_nav_interfaces/unitree_nav_interfaces/srv/detail/dds_fastrtps
[2.585s] -- Up-to-date: /home/rs/go1_robot/install/unitree_nav_interfaces/include/unitree_nav_interfaces/unitree_nav_interfaces/srv/detail/set_body_rpy__rosidl_typesupport_fastrtps_cpp.hpp
[2.585s] -- Up-to-date: /home/rs/go1_robot/install/unitree_nav_interfaces/include/unitree_nav_interfaces/unitree_nav_interfaces/srv/detail/nav_to_pose__rosidl_typesupport_fastrtps_cpp.hpp
[2.586s] -- Up-to-date: /home/rs/go1_robot/install/unitree_nav_interfaces/include/unitree_nav_interfaces/unitree_nav_interfaces/msg
[2.587s] -- Up-to-date: /home/rs/go1_robot/install/unitree_nav_interfaces/include/unitree_nav_interfaces/unitree_nav_interfaces/msg/rosidl_typesupport_fastrtps_cpp__visibility_control.h
[2.588s] -- Up-to-date: /home/rs/go1_robot/install/unitree_nav_interfaces/lib/libunitree_nav_interfaces__rosidl_typesupport_fastrtps_cpp.so
[2.589s] -- Up-to-date: /home/rs/go1_robot/install/unitree_nav_interfaces/include/unitree_nav_interfaces/unitree_nav_interfaces
[2.597s] -- Up-to-date: /home/rs/go1_robot/install/unitree_nav_interfaces/include/unitree_nav_interfaces/unitree_nav_interfaces/srv
[2.599s] -- Up-to-date: /home/rs/go1_robot/install/unitree_nav_interfaces/include/unitree_nav_interfaces/unitree_nav_interfaces/srv/detail
[2.600s] -- Up-to-date: /home/rs/go1_robot/install/unitree_nav_interfaces/include/unitree_nav_interfaces/unitree_nav_interfaces/srv/detail/set_body_rpy__type_support.c
[2.600s] -- Up-to-date: /home/rs/go1_robot/install/unitree_nav_interfaces/include/unitree_nav_interfaces/unitree_nav_interfaces/srv/detail/nav_to_pose__type_support.c
[2.605s] -- Up-to-date: /home/rs/go1_robot/install/unitree_nav_interfaces/include/unitree_nav_interfaces/unitree_nav_interfaces/srv/detail/set_gait__rosidl_typesupport_introspection_c.h
[2.605s] -- Up-to-date: /home/rs/go1_robot/install/unitree_nav_interfaces/include/unitree_nav_interfaces/unitree_nav_interfaces/srv/detail/set_body_rpy__rosidl_typesupport_introspection_c.h
[2.606s] -- Up-to-date: /home/rs/go1_robot/install/unitree_nav_interfaces/include/unitree_nav_interfaces/unitree_nav_interfaces/srv/detail/set_gait__type_support.c
[2.606s] -- Up-to-date: /home/rs/go1_robot/install/unitree_nav_interfaces/include/unitree_nav_interfaces/unitree_nav_interfaces/srv/detail/nav_to_pose__rosidl_typesupport_introspection_c.h
[2.606s] -- Up-to-date: /home/rs/go1_robot/install/unitree_nav_interfaces/include/unitree_nav_interfaces/unitree_nav_interfaces/msg
[2.608s] -- Up-to-date: /home/rs/go1_robot/install/unitree_nav_interfaces/include/unitree_nav_interfaces/unitree_nav_interfaces/msg/rosidl_typesupport_introspection_c__visibility_control.h
[2.614s] -- Up-to-date: /home/rs/go1_robot/install/unitree_nav_interfaces/lib/libunitree_nav_interfaces__rosidl_typesupport_introspection_c.so
[2.615s] -- Up-to-date: /home/rs/go1_robot/install/unitree_nav_interfaces/lib/libunitree_nav_interfaces__rosidl_typesupport_c.so
[2.615s] -- Up-to-date: /home/rs/go1_robot/install/unitree_nav_interfaces/include/unitree_nav_interfaces/unitree_nav_interfaces
[2.615s] -- Up-to-date: /home/rs/go1_robot/install/unitree_nav_interfaces/include/unitree_nav_interfaces/unitree_nav_interfaces/srv
[2.616s] -- Up-to-date: /home/rs/go1_robot/install/unitree_nav_interfaces/include/unitree_nav_interfaces/unitree_nav_interfaces/srv/detail
[2.617s] -- Up-to-date: /home/rs/go1_robot/install/unitree_nav_interfaces/include/unitree_nav_interfaces/unitree_nav_interfaces/srv/detail/nav_to_pose__type_support.cpp
[2.617s] -- Up-to-date: /home/rs/go1_robot/install/unitree_nav_interfaces/include/unitree_nav_interfaces/unitree_nav_interfaces/srv/detail/nav_to_pose__rosidl_typesupport_introspection_cpp.hpp
[2.619s] -- Up-to-date: /home/rs/go1_robot/install/unitree_nav_interfaces/include/unitree_nav_interfaces/unitree_nav_interfaces/srv/detail/set_body_rpy__type_support.cpp
[2.619s] -- Up-to-date: /home/rs/go1_robot/install/unitree_nav_interfaces/include/unitree_nav_interfaces/unitree_nav_interfaces/srv/detail/set_gait__type_support.cpp
[2.620s] -- Up-to-date: /home/rs/go1_robot/install/unitree_nav_interfaces/include/unitree_nav_interfaces/unitree_nav_interfaces/srv/detail/set_body_rpy__rosidl_typesupport_introspection_cpp.hpp
[2.620s] -- Up-to-date: /home/rs/go1_robot/install/unitree_nav_interfaces/include/unitree_nav_interfaces/unitree_nav_interfaces/srv/detail/set_gait__rosidl_typesupport_introspection_cpp.hpp
[2.620s] -- Up-to-date: /home/rs/go1_robot/install/unitree_nav_interfaces/lib/libunitree_nav_interfaces__rosidl_typesupport_introspection_cpp.so
[2.621s] -- Up-to-date: /home/rs/go1_robot/install/unitree_nav_interfaces/lib/libunitree_nav_interfaces__rosidl_typesupport_cpp.so
[2.622s] -- Up-to-date: /home/rs/go1_robot/install/unitree_nav_interfaces/share/unitree_nav_interfaces/environment/pythonpath.sh
[2.622s] -- Up-to-date: /home/rs/go1_robot/install/unitree_nav_interfaces/share/unitree_nav_interfaces/environment/pythonpath.dsv
[2.623s] -- Up-to-date: /home/rs/go1_robot/install/unitree_nav_interfaces/local/lib/python3.10/dist-packages/unitree_nav_interfaces-0.0.0-py3.10.egg-info
[2.624s] -- Installing: /home/rs/go1_robot/install/unitree_nav_interfaces/local/lib/python3.10/dist-packages/unitree_nav_interfaces-0.0.0-py3.10.egg-info/top_level.txt
[2.626s] -- Installing: /home/rs/go1_robot/install/unitree_nav_interfaces/local/lib/python3.10/dist-packages/unitree_nav_interfaces-0.0.0-py3.10.egg-info/PKG-INFO
[2.626s] -- Installing: /home/rs/go1_robot/install/unitree_nav_interfaces/local/lib/python3.10/dist-packages/unitree_nav_interfaces-0.0.0-py3.10.egg-info/dependency_links.txt
[2.627s] -- Installing: /home/rs/go1_robot/install/unitree_nav_interfaces/local/lib/python3.10/dist-packages/unitree_nav_interfaces-0.0.0-py3.10.egg-info/SOURCES.txt
[2.628s] -- Up-to-date: /home/rs/go1_robot/install/unitree_nav_interfaces/local/lib/python3.10/dist-packages/unitree_nav_interfaces
[2.629s] -- Up-to-date: /home/rs/go1_robot/install/unitree_nav_interfaces/local/lib/python3.10/dist-packages/unitree_nav_interfaces/libunitree_nav_interfaces_srv__rosidl_generator_py.so
[2.629s] -- Up-to-date: /home/rs/go1_robot/install/unitree_nav_interfaces/local/lib/python3.10/dist-packages/unitree_nav_interfaces/_unitree_nav_interfaces_s.ep.rosidl_typesupport_introspection_c.c
[2.629s] -- Up-to-date: /home/rs/go1_robot/install/unitree_nav_interfaces/local/lib/python3.10/dist-packages/unitree_nav_interfaces/unitree_nav_interfaces_s__rosidl_typesupport_introspection_c.cpython-310-x86_64-linux-gnu.so
[2.629s] -- Up-to-date: /home/rs/go1_robot/install/unitree_nav_interfaces/local/lib/python3.10/dist-packages/unitree_nav_interfaces/__init__.py
[2.629s] -- Up-to-date: /home/rs/go1_robot/install/unitree_nav_interfaces/local/lib/python3.10/dist-packages/unitree_nav_interfaces/srv
[2.630s] -- Up-to-date: /home/rs/go1_robot/install/unitree_nav_interfaces/local/lib/python3.10/dist-packages/unitree_nav_interfaces/srv/_set_body_rpy.py
[2.630s] -- Up-to-date: /home/rs/go1_robot/install/unitree_nav_interfaces/local/lib/python3.10/dist-packages/unitree_nav_interfaces/srv/__init__.py
[2.631s] -- Up-to-date: /home/rs/go1_robot/install/unitree_nav_interfaces/local/lib/python3.10/dist-packages/unitree_nav_interfaces/srv/_set_body_rpy_s.c
[2.634s] -- Up-to-date: /home/rs/go1_robot/install/unitree_nav_interfaces/local/lib/python3.10/dist-packages/unitree_nav_interfaces/srv/_set_gait_s.c
[2.634s] -- Up-to-date: /home/rs/go1_robot/install/unitree_nav_interfaces/local/lib/python3.10/dist-packages/unitree_nav_interfaces/srv/_nav_to_pose_s.c
[2.634s] -- Up-to-date: /home/rs/go1_robot/install/unitree_nav_interfaces/local/lib/python3.10/dist-packages/unitree_nav_interfaces/srv/_set_gait.py
[2.634s] -- Up-to-date: /home/rs/go1_robot/install/unitree_nav_interfaces/local/lib/python3.10/dist-packages/unitree_nav_interfaces/srv/_nav_to_pose.py
[2.635s] -- Up-to-date: /home/rs/go1_robot/install/unitree_nav_interfaces/local/lib/python3.10/dist-packages/unitree_nav_interfaces/_unitree_nav_interfaces_s.ep.rosidl_typesupport_fastrtps_c.c
[2.635s] -- Up-to-date: /home/rs/go1_robot/install/unitree_nav_interfaces/local/lib/python3.10/dist-packages/unitree_nav_interfaces/unitree_nav_interfaces_s__rosidl_typesupport_c.cpython-310-x86_64-linux-gnu.so
[2.636s] -- Up-to-date: /home/rs/go1_robot/install/unitree_nav_interfaces/local/lib/python3.10/dist-packages/unitree_nav_interfaces/unitree_nav_interfaces_s__rosidl_typesupport_fastrtps_c.cpython-310-x86_64-linux-gnu.so
[2.637s] -- Up-to-date: /home/rs/go1_robot/install/unitree_nav_interfaces/local/lib/python3.10/dist-packages/unitree_nav_interfaces/_unitree_nav_interfaces_s.ep.rosidl_typesupport_c.c
[2.682s] Listing '/home/rs/go1_robot/install/unitree_nav_interfaces/local/lib/python3.10/dist-packages/unitree_nav_interfaces'...
[2.683s] Listing '/home/rs/go1_robot/install/unitree_nav_interfaces/local/lib/python3.10/dist-packages/unitree_nav_interfaces/srv'...
[2.697s] -- Up-to-date: /home/rs/go1_robot/install/unitree_nav_interfaces/local/lib/python3.10/dist-packages/unitree_nav_interfaces/unitree_nav_interfaces_s__rosidl_typesupport_fastrtps_c.cpython-310-x86_64-linux-gnu.so
[2.699s] -- Up-to-date: /home/rs/go1_robot/install/unitree_nav_interfaces/local/lib/python3.10/dist-packages/unitree_nav_interfaces/unitree_nav_interfaces_s__rosidl_typesupport_introspection_c.cpython-310-x86_64-linux-gnu.so
[2.701s] -- Up-to-date: /home/rs/go1_robot/install/unitree_nav_interfaces/local/lib/python3.10/dist-packages/unitree_nav_interfaces/unitree_nav_interfaces_s__rosidl_typesupport_c.cpython-310-x86_64-linux-gnu.so
[2.702s] -- Up-to-date: /home/rs/go1_robot/install/unitree_nav_interfaces/lib/libunitree_nav_interfaces_srv__rosidl_generator_py.so
[2.702s] -- Up-to-date: /home/rs/go1_robot/install/unitree_nav_interfaces/share/unitree_nav_interfaces/srv/SetBodyRPY.idl
[2.703s] -- Up-to-date: /home/rs/go1_robot/install/unitree_nav_interfaces/share/unitree_nav_interfaces/srv/NavToPose.idl
[2.715s] -- Up-to-date: /home/rs/go1_robot/install/unitree_nav_interfaces/share/unitree_nav_interfaces/srv/SetGait.idl
[2.717s] -- Up-to-date: /home/rs/go1_robot/install/unitree_nav_interfaces/share/unitree_nav_interfaces/srv/SetBodyRPY.srv
[2.718s] -- Up-to-date: /home/rs/go1_robot/install/unitree_nav_interfaces/share/unitree_nav_interfaces/srv/SetBodyRPY_Request.msg
[2.718s] -- Up-to-date: /home/rs/go1_robot/install/unitree_nav_interfaces/share/unitree_nav_interfaces/srv/SetBodyRPY_Response.msg
[2.719s] -- Up-to-date: /home/rs/go1_robot/install/unitree_nav_interfaces/share/unitree_nav_interfaces/srv/NavToPose.srv
[2.722s] -- Up-to-date: /home/rs/go1_robot/install/unitree_nav_interfaces/share/unitree_nav_interfaces/srv/NavToPose_Request.msg
[2.725s] -- Up-to-date: /home/rs/go1_robot/install/unitree_nav_interfaces/share/unitree_nav_interfaces/srv/NavToPose_Response.msg
[2.725s] -- Up-to-date: /home/rs/go1_robot/install/unitree_nav_interfaces/share/unitree_nav_interfaces/srv/SetGait.srv
[2.726s] -- Up-to-date: /home/rs/go1_robot/install/unitree_nav_interfaces/share/unitree_nav_interfaces/srv/SetGait_Request.msg
[2.727s] -- Up-to-date: /home/rs/go1_robot/install/unitree_nav_interfaces/share/unitree_nav_interfaces/srv/SetGait_Response.msg
[2.728s] -- Up-to-date: /home/rs/go1_robot/install/unitree_nav_interfaces/share/ament_index/resource_index/package_run_dependencies/unitree_nav_interfaces
[2.728s] -- Up-to-date: /home/rs/go1_robot/install/unitree_nav_interfaces/share/ament_index/resource_index/parent_prefix_path/unitree_nav_interfaces
[2.728s] -- Up-to-date: /home/rs/go1_robot/install/unitree_nav_interfaces/share/unitree_nav_interfaces/environment/ament_prefix_path.sh
[2.729s] -- Up-to-date: /home/rs/go1_robot/install/unitree_nav_interfaces/share/unitree_nav_interfaces/environment/ament_prefix_path.dsv
[2.729s] -- Up-to-date: /home/rs/go1_robot/install/unitree_nav_interfaces/share/unitree_nav_interfaces/environment/path.sh
[2.729s] -- Up-to-date: /home/rs/go1_robot/install/unitree_nav_interfaces/share/unitree_nav_interfaces/environment/path.dsv
[2.729s] -- Up-to-date: /home/rs/go1_robot/install/unitree_nav_interfaces/share/unitree_nav_interfaces/local_setup.bash
[2.729s] -- Up-to-date: /home/rs/go1_robot/install/unitree_nav_interfaces/share/unitree_nav_interfaces/local_setup.sh
[2.730s] -- Up-to-date: /home/rs/go1_robot/install/unitree_nav_interfaces/share/unitree_nav_interfaces/local_setup.zsh
[2.730s] -- Up-to-date: /home/rs/go1_robot/install/unitree_nav_interfaces/share/unitree_nav_interfaces/local_setup.dsv
[2.730s] -- Installing: /home/rs/go1_robot/install/unitree_nav_interfaces/share/unitree_nav_interfaces/package.dsv
[2.731s] -- Up-to-date: /home/rs/go1_robot/install/unitree_nav_interfaces/share/ament_index/resource_index/packages/unitree_nav_interfaces
[2.733s] -- Up-to-date: /home/rs/go1_robot/install/unitree_nav_interfaces/share/unitree_nav_interfaces/cmake/export_unitree_nav_interfaces_srv__rosidl_generator_cExport.cmake
[2.734s] -- Up-to-date: /home/rs/go1_robot/install/unitree_nav_interfaces/share/unitree_nav_interfaces/cmake/export_unitree_nav_interfaces_srv__rosidl_generator_cExport-noconfig.cmake
[2.734s] -- Up-to-date: /home/rs/go1_robot/install/unitree_nav_interfaces/share/unitree_nav_interfaces/cmake/export_unitree_nav_interfaces_srv__rosidl_typesupport_fastrtps_cExport.cmake
[2.736s] -- Up-to-date: /home/rs/go1_robot/install/unitree_nav_interfaces/share/unitree_nav_interfaces/cmake/export_unitree_nav_interfaces_srv__rosidl_typesupport_fastrtps_cExport-noconfig.cmake
[2.737s] -- Up-to-date: /home/rs/go1_robot/install/unitree_nav_interfaces/share/unitree_nav_interfaces/cmake/export_unitree_nav_interfaces_srv__rosidl_generator_cppExport.cmake
[2.738s] -- Up-to-date: /home/rs/go1_robot/install/unitree_nav_interfaces/share/unitree_nav_interfaces/cmake/export_unitree_nav_interfaces_srv__rosidl_typesupport_fastrtps_cppExport.cmake
[2.743s] -- Up-to-date: /home/rs/go1_robot/install/unitree_nav_interfaces/share/unitree_nav_interfaces/cmake/export_unitree_nav_interfaces_srv__rosidl_typesupport_fastrtps_cppExport-noconfig.cmake
[2.744s] -- Up-to-date: /home/rs/go1_robot/install/unitree_nav_interfaces/share/unitree_nav_interfaces/cmake/unitree_nav_interfaces_srv__rosidl_typesupport_introspection_cExport.cmake
[2.744s] -- Up-to-date: /home/rs/go1_robot/install/unitree_nav_interfaces/share/unitree_nav_interfaces/cmake/unitree_nav_interfaces_srv__rosidl_typesupport_introspection_cExport-noconfig.cmake
[2.746s] -- Up-to-date: /home/rs/go1_robot/install/unitree_nav_interfaces/share/unitree_nav_interfaces/cmake/unitree_nav_interfaces_srv__rosidl_typesupport_cExport.cmake
[2.746s] -- Up-to-date: /home/rs/go1_robot/install/unitree_nav_interfaces/share/unitree_nav_interfaces/cmake/unitree_nav_interfaces_srv__rosidl_typesupport_cExport-noconfig.cmake
[2.747s] -- Up-to-date: /home/rs/go1_robot/install/unitree_nav_interfaces/share/unitree_nav_interfaces/cmake/unitree_nav_interfaces_srv__rosidl_typesupport_introspection_cppExport.cmake
[2.749s] -- Up-to-date: /home/rs/go1_robot/install/unitree_nav_interfaces/share/unitree_nav_interfaces/cmake/unitree_nav_interfaces_srv__rosidl_typesupport_introspection_cppExport-noconfig.cmake
[2.749s] -- Up-to-date: /home/rs/go1_robot/install/unitree_nav_interfaces/share/unitree_nav_interfaces/cmake/unitree_nav_interfaces_srv__rosidl_typesupport_cppExport.cmake
[2.750s] -- Up-to-date: /home/rs/go1_robot/install/unitree_nav_interfaces/share/unitree_nav_interfaces/cmake/unitree_nav_interfaces_srv__rosidl_typesupport_cppExport-noconfig.cmake
[2.751s] -- Up-to-date: /home/rs/go1_robot/install/unitree_nav_interfaces/share/unitree_nav_interfaces/cmake/export_unitree_nav_interfaces_srv__rosidl_generator_pyExport.cmake
[2.751s] -- Up-to-date: /home/rs/go1_robot/install/unitree_nav_interfaces/share/unitree_nav_interfaces/cmake/export_unitree_nav_interfaces_srv__rosidl_generator_pyExport-noconfig.cmake
[2.752s] -- Up-to-date: /home/rs/go1_robot/install/unitree_nav_interfaces/share/unitree_nav_interfaces/cmake/ament_cmake_export_dependencies-extras.cmake
[2.753s] -- Up-to-date: /home/rs/go1_robot/install/unitree_nav_interfaces/share/unitree_nav_interfaces/cmake/rosidl_cmake-extras.cmake
[2.754s] -- Up-to-date: /home/rs/go1_robot/install/unitree_nav_interfaces/share/unitree_nav_interfaces/cmake/ament_cmake_export_include_directories-extras.cmake
[2.755s] -- Up-to-date: /home/rs/go1_robot/install/unitree_nav_interfaces/share/unitree_nav_interfaces/cmake/ament_cmake_export_libraries-extras.cmake
[2.755s] -- Up-to-date: /home/rs/go1_robot/install/unitree_nav_interfaces/share/unitree_nav_interfaces/cmake/ament_cmake_export_targets-extras.cmake
[2.757s] -- Up-to-date: /home/rs/go1_robot/install/unitree_nav_interfaces/share/unitree_nav_interfaces/cmake/rosidl_cmake_export_typesupport_targets-extras.cmake
[2.757s] -- Up-to-date: /home/rs/go1_robot/install/unitree_nav_interfaces/share/unitree_nav_interfaces/cmake/rosidl_cmake_export_typesupport_libraries-extras.cmake
[2.758s] -- Up-to-date: /home/rs/go1_robot/install/unitree_nav_interfaces/share/unitree_nav_interfaces/cmake/unitree_nav_interfacesConfig.cmake
[2.759s] -- Up-to-date: /home/rs/go1_robot/install/unitree_nav_interfaces/share/unitree_nav_interfaces/cmake/unitree_nav_interfacesConfig-version.cmake
[2.761s] -- Up-to-date: /home/rs/go1_robot/install/unitree_nav_interfaces/share/unitree_nav_interfaces/package.xml
[2.762s] Invoked command in '/home/rs/go1_robot/build/unitree_nav_interfaces' returned '0': CMAKE_PREFIX_PATH=${CMAKE_PREFIX_PATH}:/home/rs/go1_robot/install/unitree_nav_launch_module:/opt/ros/humble /usr/bin/cmake --install /home/rs/go1_robot/build/unitree_nav_interfaces
