[0.109s] Invoking command in '/home/rs/go1_robot/build/ros2_unitree_legged_msgs': /usr/bin/cmake --build /home/rs/go1_robot/build/ros2_unitree_legged_msgs -- -j13 -l13
[0.627s] [ 12%] Built target ros2_unitree_legged_msgs__rosidl_generator_c
[0.636s] [ 12%] Built target ament_cmake_python_copy_ros2_unitree_legged_msgs
[0.666s] [ 12%] Built target ros2_unitree_legged_msgs__cpp
[0.979s] [ 24%] Built target ros2_unitree_legged_msgs__rosidl_typesupport_introspection_c
[1.004s] [ 36%] Built target ros2_unitree_legged_msgs__rosidl_typesupport_fastrtps_c
[1.011s] [ 48%] Built target ros2_unitree_legged_msgs__rosidl_typesupport_introspection_cpp
[1.021s] [ 60%] Built target ros2_unitree_legged_msgs__rosidl_typesupport_c
[1.035s] [ 71%] Built target ros2_unitree_legged_msgs__rosidl_typesupport_fastrtps_cpp
[1.129s] [ 83%] Built target ros2_unitree_legged_msgs__rosidl_typesupport_cpp
[1.241s] [ 83%] Built target ros2_unitree_legged_msgs
[1.363s] [ 84%] Built target ros2_unitree_legged_msgs__py
[1.578s] [ 95%] Built target ros2_unitree_legged_msgs__rosidl_generator_py
[1.873s] [ 96%] Built target ros2_unitree_legged_msgs__rosidl_typesupport_c__pyext
[1.879s] [ 98%] Built target ros2_unitree_legged_msgs__rosidl_typesupport_introspection_c__pyext
[1.898s] [100%] Built target ros2_unitree_legged_msgs__rosidl_typesupport_fastrtps_c__pyext
[2.085s] running egg_info
[2.092s] writing ros2_unitree_legged_msgs.egg-info/PKG-INFO
[2.092s] writing dependency_links to ros2_unitree_legged_msgs.egg-info/dependency_links.txt
[2.093s] writing top-level names to ros2_unitree_legged_msgs.egg-info/top_level.txt
[2.097s] reading manifest file 'ros2_unitree_legged_msgs.egg-info/SOURCES.txt'
[2.102s] writing manifest file 'ros2_unitree_legged_msgs.egg-info/SOURCES.txt'
[2.170s] [100%] Built target ament_cmake_python_build_ros2_unitree_legged_msgs_egg
[2.222s] Invoked command in '/home/rs/go1_robot/build/ros2_unitree_legged_msgs' returned '0': /usr/bin/cmake --build /home/rs/go1_robot/build/ros2_unitree_legged_msgs -- -j13 -l13
[4.025s] Invoking command in '/home/rs/go1_robot/build/ros2_unitree_legged_msgs': /usr/bin/cmake --install /home/rs/go1_robot/build/ros2_unitree_legged_msgs
[4.044s] -- Install configuration: ""
[4.046s] -- Up-to-date: /home/rs/go1_robot/install/ros2_unitree_legged_msgs/share/ament_index/resource_index/rosidl_interfaces/ros2_unitree_legged_msgs
[4.047s] -- Up-to-date: /home/rs/go1_robot/install/ros2_unitree_legged_msgs/include/ros2_unitree_legged_msgs/ros2_unitree_legged_msgs
[4.048s] -- Up-to-date: /home/rs/go1_robot/install/ros2_unitree_legged_msgs/include/ros2_unitree_legged_msgs/ros2_unitree_legged_msgs/msg
[4.048s] -- Up-to-date: /home/rs/go1_robot/install/ros2_unitree_legged_msgs/include/ros2_unitree_legged_msgs/ros2_unitree_legged_msgs/msg/imu.h
[4.049s] -- Up-to-date: /home/rs/go1_robot/install/ros2_unitree_legged_msgs/include/ros2_unitree_legged_msgs/ros2_unitree_legged_msgs/msg/bms_state.h
[4.050s] -- Up-to-date: /home/rs/go1_robot/install/ros2_unitree_legged_msgs/include/ros2_unitree_legged_msgs/ros2_unitree_legged_msgs/msg/high_cmd.h
[4.051s] -- Up-to-date: /home/rs/go1_robot/install/ros2_unitree_legged_msgs/include/ros2_unitree_legged_msgs/ros2_unitree_legged_msgs/msg/cartesian.h
[4.053s] -- Up-to-date: /home/rs/go1_robot/install/ros2_unitree_legged_msgs/include/ros2_unitree_legged_msgs/ros2_unitree_legged_msgs/msg/detail
[4.054s] -- Up-to-date: /home/rs/go1_robot/install/ros2_unitree_legged_msgs/include/ros2_unitree_legged_msgs/ros2_unitree_legged_msgs/msg/detail/motor_state__functions.c
[4.055s] -- Up-to-date: /home/rs/go1_robot/install/ros2_unitree_legged_msgs/include/ros2_unitree_legged_msgs/ros2_unitree_legged_msgs/msg/detail/bms_state__type_support.h
[4.055s] -- Up-to-date: /home/rs/go1_robot/install/ros2_unitree_legged_msgs/include/ros2_unitree_legged_msgs/ros2_unitree_legged_msgs/msg/detail/led__functions.c
[4.057s] -- Up-to-date: /home/rs/go1_robot/install/ros2_unitree_legged_msgs/include/ros2_unitree_legged_msgs/ros2_unitree_legged_msgs/msg/detail/imu__struct.h
[4.057s] -- Up-to-date: /home/rs/go1_robot/install/ros2_unitree_legged_msgs/include/ros2_unitree_legged_msgs/ros2_unitree_legged_msgs/msg/detail/low_state__functions.c
[4.058s] -- Up-to-date: /home/rs/go1_robot/install/ros2_unitree_legged_msgs/include/ros2_unitree_legged_msgs/ros2_unitree_legged_msgs/msg/detail/low_cmd__functions.c
[4.059s] -- Up-to-date: /home/rs/go1_robot/install/ros2_unitree_legged_msgs/include/ros2_unitree_legged_msgs/ros2_unitree_legged_msgs/msg/detail/cartesian__struct.h
[4.059s] -- Up-to-date: /home/rs/go1_robot/install/ros2_unitree_legged_msgs/include/ros2_unitree_legged_msgs/ros2_unitree_legged_msgs/msg/detail/high_state__type_support.h
[4.060s] -- Up-to-date: /home/rs/go1_robot/install/ros2_unitree_legged_msgs/include/ros2_unitree_legged_msgs/ros2_unitree_legged_msgs/msg/detail/motor_cmd__functions.c
[4.060s] -- Up-to-date: /home/rs/go1_robot/install/ros2_unitree_legged_msgs/include/ros2_unitree_legged_msgs/ros2_unitree_legged_msgs/msg/detail/imu__functions.h
[4.061s] -- Up-to-date: /home/rs/go1_robot/install/ros2_unitree_legged_msgs/include/ros2_unitree_legged_msgs/ros2_unitree_legged_msgs/msg/detail/led__type_support.h
[4.061s] -- Up-to-date: /home/rs/go1_robot/install/ros2_unitree_legged_msgs/include/ros2_unitree_legged_msgs/ros2_unitree_legged_msgs/msg/detail/motor_cmd__type_support.h
[4.061s] -- Up-to-date: /home/rs/go1_robot/install/ros2_unitree_legged_msgs/include/ros2_unitree_legged_msgs/ros2_unitree_legged_msgs/msg/detail/led__struct.h
[4.061s] -- Up-to-date: /home/rs/go1_robot/install/ros2_unitree_legged_msgs/include/ros2_unitree_legged_msgs/ros2_unitree_legged_msgs/msg/detail/motor_state__type_support.h
[4.062s] -- Up-to-date: /home/rs/go1_robot/install/ros2_unitree_legged_msgs/include/ros2_unitree_legged_msgs/ros2_unitree_legged_msgs/msg/detail/bms_cmd__functions.h
[4.062s] -- Up-to-date: /home/rs/go1_robot/install/ros2_unitree_legged_msgs/include/ros2_unitree_legged_msgs/ros2_unitree_legged_msgs/msg/detail/bms_state__functions.h
[4.062s] -- Up-to-date: /home/rs/go1_robot/install/ros2_unitree_legged_msgs/include/ros2_unitree_legged_msgs/ros2_unitree_legged_msgs/msg/detail/high_cmd__struct.h
[4.062s] -- Up-to-date: /home/rs/go1_robot/install/ros2_unitree_legged_msgs/include/ros2_unitree_legged_msgs/ros2_unitree_legged_msgs/msg/detail/cartesian__functions.c
[4.062s] -- Up-to-date: /home/rs/go1_robot/install/ros2_unitree_legged_msgs/include/ros2_unitree_legged_msgs/ros2_unitree_legged_msgs/msg/detail/bms_cmd__functions.c
[4.063s] -- Up-to-date: /home/rs/go1_robot/install/ros2_unitree_legged_msgs/include/ros2_unitree_legged_msgs/ros2_unitree_legged_msgs/msg/detail/bms_cmd__struct.h
[4.063s] -- Up-to-date: /home/rs/go1_robot/install/ros2_unitree_legged_msgs/include/ros2_unitree_legged_msgs/ros2_unitree_legged_msgs/msg/detail/bms_state__struct.h
[4.063s] -- Up-to-date: /home/rs/go1_robot/install/ros2_unitree_legged_msgs/include/ros2_unitree_legged_msgs/ros2_unitree_legged_msgs/msg/detail/motor_state__struct.h
[4.063s] -- Up-to-date: /home/rs/go1_robot/install/ros2_unitree_legged_msgs/include/ros2_unitree_legged_msgs/ros2_unitree_legged_msgs/msg/detail/imu__functions.c
[4.065s] -- Up-to-date: /home/rs/go1_robot/install/ros2_unitree_legged_msgs/include/ros2_unitree_legged_msgs/ros2_unitree_legged_msgs/msg/detail/high_cmd__type_support.h
[4.066s] -- Up-to-date: /home/rs/go1_robot/install/ros2_unitree_legged_msgs/include/ros2_unitree_legged_msgs/ros2_unitree_legged_msgs/msg/detail/high_state__functions.c
[4.067s] -- Up-to-date: /home/rs/go1_robot/install/ros2_unitree_legged_msgs/include/ros2_unitree_legged_msgs/ros2_unitree_legged_msgs/msg/detail/bms_state__functions.c
[4.068s] -- Up-to-date: /home/rs/go1_robot/install/ros2_unitree_legged_msgs/include/ros2_unitree_legged_msgs/ros2_unitree_legged_msgs/msg/detail/cartesian__type_support.h
[4.068s] -- Up-to-date: /home/rs/go1_robot/install/ros2_unitree_legged_msgs/include/ros2_unitree_legged_msgs/ros2_unitree_legged_msgs/msg/detail/high_state__struct.h
[4.070s] -- Up-to-date: /home/rs/go1_robot/install/ros2_unitree_legged_msgs/include/ros2_unitree_legged_msgs/ros2_unitree_legged_msgs/msg/detail/motor_cmd__struct.h
[4.070s] -- Up-to-date: /home/rs/go1_robot/install/ros2_unitree_legged_msgs/include/ros2_unitree_legged_msgs/ros2_unitree_legged_msgs/msg/detail/cartesian__functions.h
[4.071s] -- Up-to-date: /home/rs/go1_robot/install/ros2_unitree_legged_msgs/include/ros2_unitree_legged_msgs/ros2_unitree_legged_msgs/msg/detail/bms_cmd__type_support.h
[4.071s] -- Up-to-date: /home/rs/go1_robot/install/ros2_unitree_legged_msgs/include/ros2_unitree_legged_msgs/ros2_unitree_legged_msgs/msg/detail/low_cmd__functions.h
[4.072s] -- Up-to-date: /home/rs/go1_robot/install/ros2_unitree_legged_msgs/include/ros2_unitree_legged_msgs/ros2_unitree_legged_msgs/msg/detail/high_state__functions.h
[4.074s] -- Up-to-date: /home/rs/go1_robot/install/ros2_unitree_legged_msgs/include/ros2_unitree_legged_msgs/ros2_unitree_legged_msgs/msg/detail/low_state__struct.h
[4.078s] -- Up-to-date: /home/rs/go1_robot/install/ros2_unitree_legged_msgs/include/ros2_unitree_legged_msgs/ros2_unitree_legged_msgs/msg/detail/motor_state__functions.h
[4.079s] -- Up-to-date: /home/rs/go1_robot/install/ros2_unitree_legged_msgs/include/ros2_unitree_legged_msgs/ros2_unitree_legged_msgs/msg/detail/high_cmd__functions.c
[4.080s] -- Up-to-date: /home/rs/go1_robot/install/ros2_unitree_legged_msgs/include/ros2_unitree_legged_msgs/ros2_unitree_legged_msgs/msg/detail/low_state__type_support.h
[4.080s] -- Up-to-date: /home/rs/go1_robot/install/ros2_unitree_legged_msgs/include/ros2_unitree_legged_msgs/ros2_unitree_legged_msgs/msg/detail/low_cmd__type_support.h
[4.081s] -- Up-to-date: /home/rs/go1_robot/install/ros2_unitree_legged_msgs/include/ros2_unitree_legged_msgs/ros2_unitree_legged_msgs/msg/detail/led__functions.h
[4.081s] -- Up-to-date: /home/rs/go1_robot/install/ros2_unitree_legged_msgs/include/ros2_unitree_legged_msgs/ros2_unitree_legged_msgs/msg/detail/motor_cmd__functions.h
[4.082s] -- Up-to-date: /home/rs/go1_robot/install/ros2_unitree_legged_msgs/include/ros2_unitree_legged_msgs/ros2_unitree_legged_msgs/msg/detail/high_cmd__functions.h
[4.082s] -- Up-to-date: /home/rs/go1_robot/install/ros2_unitree_legged_msgs/include/ros2_unitree_legged_msgs/ros2_unitree_legged_msgs/msg/detail/low_state__functions.h
[4.083s] -- Up-to-date: /home/rs/go1_robot/install/ros2_unitree_legged_msgs/include/ros2_unitree_legged_msgs/ros2_unitree_legged_msgs/msg/detail/imu__type_support.h
[4.083s] -- Up-to-date: /home/rs/go1_robot/install/ros2_unitree_legged_msgs/include/ros2_unitree_legged_msgs/ros2_unitree_legged_msgs/msg/detail/low_cmd__struct.h
[4.084s] -- Up-to-date: /home/rs/go1_robot/install/ros2_unitree_legged_msgs/include/ros2_unitree_legged_msgs/ros2_unitree_legged_msgs/msg/low_cmd.h
[4.084s] -- Up-to-date: /home/rs/go1_robot/install/ros2_unitree_legged_msgs/include/ros2_unitree_legged_msgs/ros2_unitree_legged_msgs/msg/high_state.h
[4.085s] -- Up-to-date: /home/rs/go1_robot/install/ros2_unitree_legged_msgs/include/ros2_unitree_legged_msgs/ros2_unitree_legged_msgs/msg/motor_cmd.h
[4.085s] -- Up-to-date: /home/rs/go1_robot/install/ros2_unitree_legged_msgs/include/ros2_unitree_legged_msgs/ros2_unitree_legged_msgs/msg/rosidl_generator_c__visibility_control.h
[4.086s] -- Up-to-date: /home/rs/go1_robot/install/ros2_unitree_legged_msgs/include/ros2_unitree_legged_msgs/ros2_unitree_legged_msgs/msg/led.h
[4.087s] -- Up-to-date: /home/rs/go1_robot/install/ros2_unitree_legged_msgs/include/ros2_unitree_legged_msgs/ros2_unitree_legged_msgs/msg/low_state.h
[4.087s] -- Up-to-date: /home/rs/go1_robot/install/ros2_unitree_legged_msgs/include/ros2_unitree_legged_msgs/ros2_unitree_legged_msgs/msg/motor_state.h
[4.088s] -- Up-to-date: /home/rs/go1_robot/install/ros2_unitree_legged_msgs/include/ros2_unitree_legged_msgs/ros2_unitree_legged_msgs/msg/bms_cmd.h
[4.088s] -- Up-to-date: /home/rs/go1_robot/install/ros2_unitree_legged_msgs/share/ros2_unitree_legged_msgs/environment/library_path.sh
[4.091s] -- Up-to-date: /home/rs/go1_robot/install/ros2_unitree_legged_msgs/share/ros2_unitree_legged_msgs/environment/library_path.dsv
[4.091s] -- Up-to-date: /home/rs/go1_robot/install/ros2_unitree_legged_msgs/lib/libros2_unitree_legged_msgs__rosidl_generator_c.so
[4.097s] -- Up-to-date: /home/rs/go1_robot/install/ros2_unitree_legged_msgs/include/ros2_unitree_legged_msgs/ros2_unitree_legged_msgs
[4.098s] -- Up-to-date: /home/rs/go1_robot/install/ros2_unitree_legged_msgs/include/ros2_unitree_legged_msgs/ros2_unitree_legged_msgs/msg
[4.098s] -- Up-to-date: /home/rs/go1_robot/install/ros2_unitree_legged_msgs/include/ros2_unitree_legged_msgs/ros2_unitree_legged_msgs/msg/detail
[4.099s] -- Up-to-date: /home/rs/go1_robot/install/ros2_unitree_legged_msgs/include/ros2_unitree_legged_msgs/ros2_unitree_legged_msgs/msg/detail/low_cmd__rosidl_typesupport_fastrtps_c.h
[4.099s] -- Up-to-date: /home/rs/go1_robot/install/ros2_unitree_legged_msgs/include/ros2_unitree_legged_msgs/ros2_unitree_legged_msgs/msg/detail/motor_cmd__rosidl_typesupport_fastrtps_c.h
[4.099s] -- Up-to-date: /home/rs/go1_robot/install/ros2_unitree_legged_msgs/include/ros2_unitree_legged_msgs/ros2_unitree_legged_msgs/msg/detail/led__rosidl_typesupport_fastrtps_c.h
[4.099s] -- Up-to-date: /home/rs/go1_robot/install/ros2_unitree_legged_msgs/include/ros2_unitree_legged_msgs/ros2_unitree_legged_msgs/msg/detail/high_cmd__rosidl_typesupport_fastrtps_c.h
[4.100s] -- Up-to-date: /home/rs/go1_robot/install/ros2_unitree_legged_msgs/include/ros2_unitree_legged_msgs/ros2_unitree_legged_msgs/msg/detail/high_state__rosidl_typesupport_fastrtps_c.h
[4.100s] -- Up-to-date: /home/rs/go1_robot/install/ros2_unitree_legged_msgs/include/ros2_unitree_legged_msgs/ros2_unitree_legged_msgs/msg/detail/imu__rosidl_typesupport_fastrtps_c.h
[4.100s] -- Up-to-date: /home/rs/go1_robot/install/ros2_unitree_legged_msgs/include/ros2_unitree_legged_msgs/ros2_unitree_legged_msgs/msg/detail/bms_state__rosidl_typesupport_fastrtps_c.h
[4.101s] -- Up-to-date: /home/rs/go1_robot/install/ros2_unitree_legged_msgs/include/ros2_unitree_legged_msgs/ros2_unitree_legged_msgs/msg/detail/low_state__rosidl_typesupport_fastrtps_c.h
[4.101s] -- Up-to-date: /home/rs/go1_robot/install/ros2_unitree_legged_msgs/include/ros2_unitree_legged_msgs/ros2_unitree_legged_msgs/msg/detail/cartesian__rosidl_typesupport_fastrtps_c.h
[4.101s] -- Up-to-date: /home/rs/go1_robot/install/ros2_unitree_legged_msgs/include/ros2_unitree_legged_msgs/ros2_unitree_legged_msgs/msg/detail/bms_cmd__rosidl_typesupport_fastrtps_c.h
[4.101s] -- Up-to-date: /home/rs/go1_robot/install/ros2_unitree_legged_msgs/include/ros2_unitree_legged_msgs/ros2_unitree_legged_msgs/msg/detail/motor_state__rosidl_typesupport_fastrtps_c.h
[4.101s] -- Up-to-date: /home/rs/go1_robot/install/ros2_unitree_legged_msgs/include/ros2_unitree_legged_msgs/ros2_unitree_legged_msgs/msg/rosidl_typesupport_fastrtps_c__visibility_control.h
[4.101s] -- Up-to-date: /home/rs/go1_robot/install/ros2_unitree_legged_msgs/lib/libros2_unitree_legged_msgs__rosidl_typesupport_fastrtps_c.so
[4.102s] -- Up-to-date: /home/rs/go1_robot/install/ros2_unitree_legged_msgs/include/ros2_unitree_legged_msgs/ros2_unitree_legged_msgs
[4.102s] -- Up-to-date: /home/rs/go1_robot/install/ros2_unitree_legged_msgs/include/ros2_unitree_legged_msgs/ros2_unitree_legged_msgs/msg
[4.102s] -- Up-to-date: /home/rs/go1_robot/install/ros2_unitree_legged_msgs/include/ros2_unitree_legged_msgs/ros2_unitree_legged_msgs/msg/rosidl_typesupport_introspection_c__visibility_control.h
[4.102s] -- Up-to-date: /home/rs/go1_robot/install/ros2_unitree_legged_msgs/include/ros2_unitree_legged_msgs/ros2_unitree_legged_msgs/msg/detail
[4.102s] -- Up-to-date: /home/rs/go1_robot/install/ros2_unitree_legged_msgs/include/ros2_unitree_legged_msgs/ros2_unitree_legged_msgs/msg/detail/imu__type_support.c
[4.102s] -- Up-to-date: /home/rs/go1_robot/install/ros2_unitree_legged_msgs/include/ros2_unitree_legged_msgs/ros2_unitree_legged_msgs/msg/detail/motor_cmd__rosidl_typesupport_introspection_c.h
[4.103s] -- Up-to-date: /home/rs/go1_robot/install/ros2_unitree_legged_msgs/include/ros2_unitree_legged_msgs/ros2_unitree_legged_msgs/msg/detail/bms_state__rosidl_typesupport_introspection_c.h
[4.103s] -- Up-to-date: /home/rs/go1_robot/install/ros2_unitree_legged_msgs/include/ros2_unitree_legged_msgs/ros2_unitree_legged_msgs/msg/detail/low_state__type_support.c
[4.103s] -- Up-to-date: /home/rs/go1_robot/install/ros2_unitree_legged_msgs/include/ros2_unitree_legged_msgs/ros2_unitree_legged_msgs/msg/detail/low_state__rosidl_typesupport_introspection_c.h
[4.103s] -- Up-to-date: /home/rs/go1_robot/install/ros2_unitree_legged_msgs/include/ros2_unitree_legged_msgs/ros2_unitree_legged_msgs/msg/detail/motor_state__type_support.c
[4.103s] -- Up-to-date: /home/rs/go1_robot/install/ros2_unitree_legged_msgs/include/ros2_unitree_legged_msgs/ros2_unitree_legged_msgs/msg/detail/low_cmd__type_support.c
[4.104s] -- Up-to-date: /home/rs/go1_robot/install/ros2_unitree_legged_msgs/include/ros2_unitree_legged_msgs/ros2_unitree_legged_msgs/msg/detail/high_state__type_support.c
[4.104s] -- Up-to-date: /home/rs/go1_robot/install/ros2_unitree_legged_msgs/include/ros2_unitree_legged_msgs/ros2_unitree_legged_msgs/msg/detail/high_cmd__rosidl_typesupport_introspection_c.h
[4.104s] -- Up-to-date: /home/rs/go1_robot/install/ros2_unitree_legged_msgs/include/ros2_unitree_legged_msgs/ros2_unitree_legged_msgs/msg/detail/cartesian__type_support.c
[4.104s] -- Up-to-date: /home/rs/go1_robot/install/ros2_unitree_legged_msgs/include/ros2_unitree_legged_msgs/ros2_unitree_legged_msgs/msg/detail/led__rosidl_typesupport_introspection_c.h
[4.104s] -- Up-to-date: /home/rs/go1_robot/install/ros2_unitree_legged_msgs/include/ros2_unitree_legged_msgs/ros2_unitree_legged_msgs/msg/detail/bms_state__type_support.c
[4.105s] -- Up-to-date: /home/rs/go1_robot/install/ros2_unitree_legged_msgs/include/ros2_unitree_legged_msgs/ros2_unitree_legged_msgs/msg/detail/imu__rosidl_typesupport_introspection_c.h
[4.105s] -- Up-to-date: /home/rs/go1_robot/install/ros2_unitree_legged_msgs/include/ros2_unitree_legged_msgs/ros2_unitree_legged_msgs/msg/detail/motor_state__rosidl_typesupport_introspection_c.h
[4.106s] -- Up-to-date: /home/rs/go1_robot/install/ros2_unitree_legged_msgs/include/ros2_unitree_legged_msgs/ros2_unitree_legged_msgs/msg/detail/low_cmd__rosidl_typesupport_introspection_c.h
[4.107s] -- Up-to-date: /home/rs/go1_robot/install/ros2_unitree_legged_msgs/include/ros2_unitree_legged_msgs/ros2_unitree_legged_msgs/msg/detail/high_state__rosidl_typesupport_introspection_c.h
[4.107s] -- Up-to-date: /home/rs/go1_robot/install/ros2_unitree_legged_msgs/include/ros2_unitree_legged_msgs/ros2_unitree_legged_msgs/msg/detail/high_cmd__type_support.c
[4.107s] -- Up-to-date: /home/rs/go1_robot/install/ros2_unitree_legged_msgs/include/ros2_unitree_legged_msgs/ros2_unitree_legged_msgs/msg/detail/motor_cmd__type_support.c
[4.108s] -- Up-to-date: /home/rs/go1_robot/install/ros2_unitree_legged_msgs/include/ros2_unitree_legged_msgs/ros2_unitree_legged_msgs/msg/detail/cartesian__rosidl_typesupport_introspection_c.h
[4.108s] -- Up-to-date: /home/rs/go1_robot/install/ros2_unitree_legged_msgs/include/ros2_unitree_legged_msgs/ros2_unitree_legged_msgs/msg/detail/bms_cmd__rosidl_typesupport_introspection_c.h
[4.108s] -- Up-to-date: /home/rs/go1_robot/install/ros2_unitree_legged_msgs/include/ros2_unitree_legged_msgs/ros2_unitree_legged_msgs/msg/detail/led__type_support.c
[4.108s] -- Up-to-date: /home/rs/go1_robot/install/ros2_unitree_legged_msgs/include/ros2_unitree_legged_msgs/ros2_unitree_legged_msgs/msg/detail/bms_cmd__type_support.c
[4.109s] -- Up-to-date: /home/rs/go1_robot/install/ros2_unitree_legged_msgs/lib/libros2_unitree_legged_msgs__rosidl_typesupport_introspection_c.so
[4.109s] -- Up-to-date: /home/rs/go1_robot/install/ros2_unitree_legged_msgs/lib/libros2_unitree_legged_msgs__rosidl_typesupport_c.so
[4.109s] -- Up-to-date: /home/rs/go1_robot/install/ros2_unitree_legged_msgs/include/ros2_unitree_legged_msgs/ros2_unitree_legged_msgs
[4.109s] -- Up-to-date: /home/rs/go1_robot/install/ros2_unitree_legged_msgs/include/ros2_unitree_legged_msgs/ros2_unitree_legged_msgs/msg
[4.110s] -- Up-to-date: /home/rs/go1_robot/install/ros2_unitree_legged_msgs/include/ros2_unitree_legged_msgs/ros2_unitree_legged_msgs/msg/motor_state.hpp
[4.110s] -- Up-to-date: /home/rs/go1_robot/install/ros2_unitree_legged_msgs/include/ros2_unitree_legged_msgs/ros2_unitree_legged_msgs/msg/bms_cmd.hpp
[4.111s] -- Up-to-date: /home/rs/go1_robot/install/ros2_unitree_legged_msgs/include/ros2_unitree_legged_msgs/ros2_unitree_legged_msgs/msg/detail
[4.111s] -- Up-to-date: /home/rs/go1_robot/install/ros2_unitree_legged_msgs/include/ros2_unitree_legged_msgs/ros2_unitree_legged_msgs/msg/detail/bms_cmd__struct.hpp
[4.111s] -- Up-to-date: /home/rs/go1_robot/install/ros2_unitree_legged_msgs/include/ros2_unitree_legged_msgs/ros2_unitree_legged_msgs/msg/detail/imu__struct.hpp
[4.111s] -- Up-to-date: /home/rs/go1_robot/install/ros2_unitree_legged_msgs/include/ros2_unitree_legged_msgs/ros2_unitree_legged_msgs/msg/detail/bms_state__traits.hpp
[4.112s] -- Up-to-date: /home/rs/go1_robot/install/ros2_unitree_legged_msgs/include/ros2_unitree_legged_msgs/ros2_unitree_legged_msgs/msg/detail/cartesian__traits.hpp
[4.112s] -- Up-to-date: /home/rs/go1_robot/install/ros2_unitree_legged_msgs/include/ros2_unitree_legged_msgs/ros2_unitree_legged_msgs/msg/detail/motor_state__struct.hpp
[4.112s] -- Up-to-date: /home/rs/go1_robot/install/ros2_unitree_legged_msgs/include/ros2_unitree_legged_msgs/ros2_unitree_legged_msgs/msg/detail/motor_cmd__struct.hpp
[4.113s] -- Up-to-date: /home/rs/go1_robot/install/ros2_unitree_legged_msgs/include/ros2_unitree_legged_msgs/ros2_unitree_legged_msgs/msg/detail/motor_state__traits.hpp
[4.114s] -- Up-to-date: /home/rs/go1_robot/install/ros2_unitree_legged_msgs/include/ros2_unitree_legged_msgs/ros2_unitree_legged_msgs/msg/detail/motor_state__builder.hpp
[4.115s] -- Up-to-date: /home/rs/go1_robot/install/ros2_unitree_legged_msgs/include/ros2_unitree_legged_msgs/ros2_unitree_legged_msgs/msg/detail/led__builder.hpp
[4.115s] -- Up-to-date: /home/rs/go1_robot/install/ros2_unitree_legged_msgs/include/ros2_unitree_legged_msgs/ros2_unitree_legged_msgs/msg/detail/motor_cmd__builder.hpp
[4.116s] -- Up-to-date: /home/rs/go1_robot/install/ros2_unitree_legged_msgs/include/ros2_unitree_legged_msgs/ros2_unitree_legged_msgs/msg/detail/high_state__struct.hpp
[4.116s] -- Up-to-date: /home/rs/go1_robot/install/ros2_unitree_legged_msgs/include/ros2_unitree_legged_msgs/ros2_unitree_legged_msgs/msg/detail/low_state__traits.hpp
[4.117s] -- Up-to-date: /home/rs/go1_robot/install/ros2_unitree_legged_msgs/include/ros2_unitree_legged_msgs/ros2_unitree_legged_msgs/msg/detail/bms_state__struct.hpp
[4.117s] -- Up-to-date: /home/rs/go1_robot/install/ros2_unitree_legged_msgs/include/ros2_unitree_legged_msgs/ros2_unitree_legged_msgs/msg/detail/high_state__builder.hpp
[4.118s] -- Up-to-date: /home/rs/go1_robot/install/ros2_unitree_legged_msgs/include/ros2_unitree_legged_msgs/ros2_unitree_legged_msgs/msg/detail/cartesian__struct.hpp
[4.118s] -- Up-to-date: /home/rs/go1_robot/install/ros2_unitree_legged_msgs/include/ros2_unitree_legged_msgs/ros2_unitree_legged_msgs/msg/detail/high_cmd__struct.hpp
[4.119s] -- Up-to-date: /home/rs/go1_robot/install/ros2_unitree_legged_msgs/include/ros2_unitree_legged_msgs/ros2_unitree_legged_msgs/msg/detail/bms_cmd__builder.hpp
[4.119s] -- Up-to-date: /home/rs/go1_robot/install/ros2_unitree_legged_msgs/include/ros2_unitree_legged_msgs/ros2_unitree_legged_msgs/msg/detail/high_cmd__traits.hpp
[4.120s] -- Up-to-date: /home/rs/go1_robot/install/ros2_unitree_legged_msgs/include/ros2_unitree_legged_msgs/ros2_unitree_legged_msgs/msg/detail/low_state__struct.hpp
[4.120s] -- Up-to-date: /home/rs/go1_robot/install/ros2_unitree_legged_msgs/include/ros2_unitree_legged_msgs/ros2_unitree_legged_msgs/msg/detail/low_cmd__struct.hpp
[4.120s] -- Up-to-date: /home/rs/go1_robot/install/ros2_unitree_legged_msgs/include/ros2_unitree_legged_msgs/ros2_unitree_legged_msgs/msg/detail/led__traits.hpp
[4.120s] -- Up-to-date: /home/rs/go1_robot/install/ros2_unitree_legged_msgs/include/ros2_unitree_legged_msgs/ros2_unitree_legged_msgs/msg/detail/low_cmd__traits.hpp
[4.121s] -- Up-to-date: /home/rs/go1_robot/install/ros2_unitree_legged_msgs/include/ros2_unitree_legged_msgs/ros2_unitree_legged_msgs/msg/detail/motor_cmd__traits.hpp
[4.121s] -- Up-to-date: /home/rs/go1_robot/install/ros2_unitree_legged_msgs/include/ros2_unitree_legged_msgs/ros2_unitree_legged_msgs/msg/detail/high_cmd__builder.hpp
[4.121s] -- Up-to-date: /home/rs/go1_robot/install/ros2_unitree_legged_msgs/include/ros2_unitree_legged_msgs/ros2_unitree_legged_msgs/msg/detail/bms_state__builder.hpp
[4.122s] -- Up-to-date: /home/rs/go1_robot/install/ros2_unitree_legged_msgs/include/ros2_unitree_legged_msgs/ros2_unitree_legged_msgs/msg/detail/imu__builder.hpp
[4.123s] -- Up-to-date: /home/rs/go1_robot/install/ros2_unitree_legged_msgs/include/ros2_unitree_legged_msgs/ros2_unitree_legged_msgs/msg/detail/low_state__builder.hpp
[4.123s] -- Up-to-date: /home/rs/go1_robot/install/ros2_unitree_legged_msgs/include/ros2_unitree_legged_msgs/ros2_unitree_legged_msgs/msg/detail/led__struct.hpp
[4.123s] -- Up-to-date: /home/rs/go1_robot/install/ros2_unitree_legged_msgs/include/ros2_unitree_legged_msgs/ros2_unitree_legged_msgs/msg/detail/low_cmd__builder.hpp
[4.123s] -- Up-to-date: /home/rs/go1_robot/install/ros2_unitree_legged_msgs/include/ros2_unitree_legged_msgs/ros2_unitree_legged_msgs/msg/detail/high_state__traits.hpp
[4.124s] -- Up-to-date: /home/rs/go1_robot/install/ros2_unitree_legged_msgs/include/ros2_unitree_legged_msgs/ros2_unitree_legged_msgs/msg/detail/cartesian__builder.hpp
[4.124s] -- Up-to-date: /home/rs/go1_robot/install/ros2_unitree_legged_msgs/include/ros2_unitree_legged_msgs/ros2_unitree_legged_msgs/msg/detail/bms_cmd__traits.hpp
[4.124s] -- Up-to-date: /home/rs/go1_robot/install/ros2_unitree_legged_msgs/include/ros2_unitree_legged_msgs/ros2_unitree_legged_msgs/msg/detail/imu__traits.hpp
[4.124s] -- Up-to-date: /home/rs/go1_robot/install/ros2_unitree_legged_msgs/include/ros2_unitree_legged_msgs/ros2_unitree_legged_msgs/msg/bms_state.hpp
[4.124s] -- Up-to-date: /home/rs/go1_robot/install/ros2_unitree_legged_msgs/include/ros2_unitree_legged_msgs/ros2_unitree_legged_msgs/msg/low_cmd.hpp
[4.124s] -- Up-to-date: /home/rs/go1_robot/install/ros2_unitree_legged_msgs/include/ros2_unitree_legged_msgs/ros2_unitree_legged_msgs/msg/high_cmd.hpp
[4.125s] -- Up-to-date: /home/rs/go1_robot/install/ros2_unitree_legged_msgs/include/ros2_unitree_legged_msgs/ros2_unitree_legged_msgs/msg/cartesian.hpp
[4.125s] -- Up-to-date: /home/rs/go1_robot/install/ros2_unitree_legged_msgs/include/ros2_unitree_legged_msgs/ros2_unitree_legged_msgs/msg/high_state.hpp
[4.125s] -- Up-to-date: /home/rs/go1_robot/install/ros2_unitree_legged_msgs/include/ros2_unitree_legged_msgs/ros2_unitree_legged_msgs/msg/imu.hpp
[4.125s] -- Up-to-date: /home/rs/go1_robot/install/ros2_unitree_legged_msgs/include/ros2_unitree_legged_msgs/ros2_unitree_legged_msgs/msg/motor_cmd.hpp
[4.125s] -- Up-to-date: /home/rs/go1_robot/install/ros2_unitree_legged_msgs/include/ros2_unitree_legged_msgs/ros2_unitree_legged_msgs/msg/led.hpp
[4.126s] -- Up-to-date: /home/rs/go1_robot/install/ros2_unitree_legged_msgs/include/ros2_unitree_legged_msgs/ros2_unitree_legged_msgs/msg/low_state.hpp
[4.126s] -- Up-to-date: /home/rs/go1_robot/install/ros2_unitree_legged_msgs/include/ros2_unitree_legged_msgs/ros2_unitree_legged_msgs
[4.126s] -- Up-to-date: /home/rs/go1_robot/install/ros2_unitree_legged_msgs/include/ros2_unitree_legged_msgs/ros2_unitree_legged_msgs/msg
[4.126s] -- Up-to-date: /home/rs/go1_robot/install/ros2_unitree_legged_msgs/include/ros2_unitree_legged_msgs/ros2_unitree_legged_msgs/msg/detail
[4.126s] -- Up-to-date: /home/rs/go1_robot/install/ros2_unitree_legged_msgs/include/ros2_unitree_legged_msgs/ros2_unitree_legged_msgs/msg/detail/dds_fastrtps
[4.126s] -- Up-to-date: /home/rs/go1_robot/install/ros2_unitree_legged_msgs/include/ros2_unitree_legged_msgs/ros2_unitree_legged_msgs/msg/detail/led__rosidl_typesupport_fastrtps_cpp.hpp
[4.127s] -- Up-to-date: /home/rs/go1_robot/install/ros2_unitree_legged_msgs/include/ros2_unitree_legged_msgs/ros2_unitree_legged_msgs/msg/detail/motor_state__rosidl_typesupport_fastrtps_cpp.hpp
[4.127s] -- Up-to-date: /home/rs/go1_robot/install/ros2_unitree_legged_msgs/include/ros2_unitree_legged_msgs/ros2_unitree_legged_msgs/msg/detail/imu__rosidl_typesupport_fastrtps_cpp.hpp
[4.127s] -- Up-to-date: /home/rs/go1_robot/install/ros2_unitree_legged_msgs/include/ros2_unitree_legged_msgs/ros2_unitree_legged_msgs/msg/detail/low_state__rosidl_typesupport_fastrtps_cpp.hpp
[4.127s] -- Up-to-date: /home/rs/go1_robot/install/ros2_unitree_legged_msgs/include/ros2_unitree_legged_msgs/ros2_unitree_legged_msgs/msg/detail/bms_cmd__rosidl_typesupport_fastrtps_cpp.hpp
[4.127s] -- Up-to-date: /home/rs/go1_robot/install/ros2_unitree_legged_msgs/include/ros2_unitree_legged_msgs/ros2_unitree_legged_msgs/msg/detail/bms_state__rosidl_typesupport_fastrtps_cpp.hpp
[4.128s] -- Up-to-date: /home/rs/go1_robot/install/ros2_unitree_legged_msgs/include/ros2_unitree_legged_msgs/ros2_unitree_legged_msgs/msg/detail/cartesian__rosidl_typesupport_fastrtps_cpp.hpp
[4.128s] -- Up-to-date: /home/rs/go1_robot/install/ros2_unitree_legged_msgs/include/ros2_unitree_legged_msgs/ros2_unitree_legged_msgs/msg/detail/high_state__rosidl_typesupport_fastrtps_cpp.hpp
[4.128s] -- Up-to-date: /home/rs/go1_robot/install/ros2_unitree_legged_msgs/include/ros2_unitree_legged_msgs/ros2_unitree_legged_msgs/msg/detail/motor_cmd__rosidl_typesupport_fastrtps_cpp.hpp
[4.128s] -- Up-to-date: /home/rs/go1_robot/install/ros2_unitree_legged_msgs/include/ros2_unitree_legged_msgs/ros2_unitree_legged_msgs/msg/detail/low_cmd__rosidl_typesupport_fastrtps_cpp.hpp
[4.128s] -- Up-to-date: /home/rs/go1_robot/install/ros2_unitree_legged_msgs/include/ros2_unitree_legged_msgs/ros2_unitree_legged_msgs/msg/detail/high_cmd__rosidl_typesupport_fastrtps_cpp.hpp
[4.128s] -- Up-to-date: /home/rs/go1_robot/install/ros2_unitree_legged_msgs/include/ros2_unitree_legged_msgs/ros2_unitree_legged_msgs/msg/rosidl_typesupport_fastrtps_cpp__visibility_control.h
[4.128s] -- Up-to-date: /home/rs/go1_robot/install/ros2_unitree_legged_msgs/lib/libros2_unitree_legged_msgs__rosidl_typesupport_fastrtps_cpp.so
[4.128s] -- Up-to-date: /home/rs/go1_robot/install/ros2_unitree_legged_msgs/include/ros2_unitree_legged_msgs/ros2_unitree_legged_msgs
[4.129s] -- Up-to-date: /home/rs/go1_robot/install/ros2_unitree_legged_msgs/include/ros2_unitree_legged_msgs/ros2_unitree_legged_msgs/msg
[4.129s] -- Up-to-date: /home/rs/go1_robot/install/ros2_unitree_legged_msgs/include/ros2_unitree_legged_msgs/ros2_unitree_legged_msgs/msg/detail
[4.129s] -- Up-to-date: /home/rs/go1_robot/install/ros2_unitree_legged_msgs/include/ros2_unitree_legged_msgs/ros2_unitree_legged_msgs/msg/detail/high_state__rosidl_typesupport_introspection_cpp.hpp
[4.129s] -- Up-to-date: /home/rs/go1_robot/install/ros2_unitree_legged_msgs/include/ros2_unitree_legged_msgs/ros2_unitree_legged_msgs/msg/detail/imu__type_support.cpp
[4.129s] -- Up-to-date: /home/rs/go1_robot/install/ros2_unitree_legged_msgs/include/ros2_unitree_legged_msgs/ros2_unitree_legged_msgs/msg/detail/imu__rosidl_typesupport_introspection_cpp.hpp
[4.130s] -- Up-to-date: /home/rs/go1_robot/install/ros2_unitree_legged_msgs/include/ros2_unitree_legged_msgs/ros2_unitree_legged_msgs/msg/detail/low_state__type_support.cpp
[4.130s] -- Up-to-date: /home/rs/go1_robot/install/ros2_unitree_legged_msgs/include/ros2_unitree_legged_msgs/ros2_unitree_legged_msgs/msg/detail/cartesian__rosidl_typesupport_introspection_cpp.hpp
[4.130s] -- Up-to-date: /home/rs/go1_robot/install/ros2_unitree_legged_msgs/include/ros2_unitree_legged_msgs/ros2_unitree_legged_msgs/msg/detail/cartesian__type_support.cpp
[4.130s] -- Up-to-date: /home/rs/go1_robot/install/ros2_unitree_legged_msgs/include/ros2_unitree_legged_msgs/ros2_unitree_legged_msgs/msg/detail/bms_state__type_support.cpp
[4.131s] -- Up-to-date: /home/rs/go1_robot/install/ros2_unitree_legged_msgs/include/ros2_unitree_legged_msgs/ros2_unitree_legged_msgs/msg/detail/bms_cmd__type_support.cpp
[4.131s] -- Up-to-date: /home/rs/go1_robot/install/ros2_unitree_legged_msgs/include/ros2_unitree_legged_msgs/ros2_unitree_legged_msgs/msg/detail/low_cmd__rosidl_typesupport_introspection_cpp.hpp
[4.131s] -- Up-to-date: /home/rs/go1_robot/install/ros2_unitree_legged_msgs/include/ros2_unitree_legged_msgs/ros2_unitree_legged_msgs/msg/detail/motor_cmd__type_support.cpp
[4.131s] -- Up-to-date: /home/rs/go1_robot/install/ros2_unitree_legged_msgs/include/ros2_unitree_legged_msgs/ros2_unitree_legged_msgs/msg/detail/bms_cmd__rosidl_typesupport_introspection_cpp.hpp
[4.131s] -- Up-to-date: /home/rs/go1_robot/install/ros2_unitree_legged_msgs/include/ros2_unitree_legged_msgs/ros2_unitree_legged_msgs/msg/detail/led__rosidl_typesupport_introspection_cpp.hpp
[4.131s] -- Up-to-date: /home/rs/go1_robot/install/ros2_unitree_legged_msgs/include/ros2_unitree_legged_msgs/ros2_unitree_legged_msgs/msg/detail/motor_state__rosidl_typesupport_introspection_cpp.hpp
[4.131s] -- Up-to-date: /home/rs/go1_robot/install/ros2_unitree_legged_msgs/include/ros2_unitree_legged_msgs/ros2_unitree_legged_msgs/msg/detail/high_cmd__type_support.cpp
[4.132s] -- Up-to-date: /home/rs/go1_robot/install/ros2_unitree_legged_msgs/include/ros2_unitree_legged_msgs/ros2_unitree_legged_msgs/msg/detail/high_cmd__rosidl_typesupport_introspection_cpp.hpp
[4.132s] -- Up-to-date: /home/rs/go1_robot/install/ros2_unitree_legged_msgs/include/ros2_unitree_legged_msgs/ros2_unitree_legged_msgs/msg/detail/motor_state__type_support.cpp
[4.132s] -- Up-to-date: /home/rs/go1_robot/install/ros2_unitree_legged_msgs/include/ros2_unitree_legged_msgs/ros2_unitree_legged_msgs/msg/detail/led__type_support.cpp
[4.132s] -- Up-to-date: /home/rs/go1_robot/install/ros2_unitree_legged_msgs/include/ros2_unitree_legged_msgs/ros2_unitree_legged_msgs/msg/detail/high_state__type_support.cpp
[4.132s] -- Up-to-date: /home/rs/go1_robot/install/ros2_unitree_legged_msgs/include/ros2_unitree_legged_msgs/ros2_unitree_legged_msgs/msg/detail/motor_cmd__rosidl_typesupport_introspection_cpp.hpp
[4.132s] -- Up-to-date: /home/rs/go1_robot/install/ros2_unitree_legged_msgs/include/ros2_unitree_legged_msgs/ros2_unitree_legged_msgs/msg/detail/bms_state__rosidl_typesupport_introspection_cpp.hpp
[4.132s] -- Up-to-date: /home/rs/go1_robot/install/ros2_unitree_legged_msgs/include/ros2_unitree_legged_msgs/ros2_unitree_legged_msgs/msg/detail/low_cmd__type_support.cpp
[4.132s] -- Up-to-date: /home/rs/go1_robot/install/ros2_unitree_legged_msgs/include/ros2_unitree_legged_msgs/ros2_unitree_legged_msgs/msg/detail/low_state__rosidl_typesupport_introspection_cpp.hpp
[4.133s] -- Up-to-date: /home/rs/go1_robot/install/ros2_unitree_legged_msgs/lib/libros2_unitree_legged_msgs__rosidl_typesupport_introspection_cpp.so
[4.133s] -- Up-to-date: /home/rs/go1_robot/install/ros2_unitree_legged_msgs/lib/libros2_unitree_legged_msgs__rosidl_typesupport_cpp.so
[4.133s] -- Up-to-date: /home/rs/go1_robot/install/ros2_unitree_legged_msgs/share/ros2_unitree_legged_msgs/environment/pythonpath.sh
[4.133s] -- Up-to-date: /home/rs/go1_robot/install/ros2_unitree_legged_msgs/share/ros2_unitree_legged_msgs/environment/pythonpath.dsv
[4.133s] -- Up-to-date: /home/rs/go1_robot/install/ros2_unitree_legged_msgs/local/lib/python3.10/dist-packages/ros2_unitree_legged_msgs-0.4.0-py3.10.egg-info
[4.133s] -- Installing: /home/rs/go1_robot/install/ros2_unitree_legged_msgs/local/lib/python3.10/dist-packages/ros2_unitree_legged_msgs-0.4.0-py3.10.egg-info/top_level.txt
[4.133s] -- Installing: /home/rs/go1_robot/install/ros2_unitree_legged_msgs/local/lib/python3.10/dist-packages/ros2_unitree_legged_msgs-0.4.0-py3.10.egg-info/PKG-INFO
[4.134s] -- Installing: /home/rs/go1_robot/install/ros2_unitree_legged_msgs/local/lib/python3.10/dist-packages/ros2_unitree_legged_msgs-0.4.0-py3.10.egg-info/dependency_links.txt
[4.134s] -- Installing: /home/rs/go1_robot/install/ros2_unitree_legged_msgs/local/lib/python3.10/dist-packages/ros2_unitree_legged_msgs-0.4.0-py3.10.egg-info/SOURCES.txt
[4.134s] -- Up-to-date: /home/rs/go1_robot/install/ros2_unitree_legged_msgs/local/lib/python3.10/dist-packages/ros2_unitree_legged_msgs
[4.134s] -- Up-to-date: /home/rs/go1_robot/install/ros2_unitree_legged_msgs/local/lib/python3.10/dist-packages/ros2_unitree_legged_msgs/libros2_unitree_legged_msgs__rosidl_generator_py.so
[4.134s] -- Up-to-date: /home/rs/go1_robot/install/ros2_unitree_legged_msgs/local/lib/python3.10/dist-packages/ros2_unitree_legged_msgs/__init__.py
[4.135s] -- Up-to-date: /home/rs/go1_robot/install/ros2_unitree_legged_msgs/local/lib/python3.10/dist-packages/ros2_unitree_legged_msgs/ros2_unitree_legged_msgs_s__rosidl_typesupport_fastrtps_c.cpython-310-x86_64-linux-gnu.so
[4.135s] -- Up-to-date: /home/rs/go1_robot/install/ros2_unitree_legged_msgs/local/lib/python3.10/dist-packages/ros2_unitree_legged_msgs/msg
[4.135s] -- Up-to-date: /home/rs/go1_robot/install/ros2_unitree_legged_msgs/local/lib/python3.10/dist-packages/ros2_unitree_legged_msgs/msg/_bms_state_s.c
[4.136s] -- Up-to-date: /home/rs/go1_robot/install/ros2_unitree_legged_msgs/local/lib/python3.10/dist-packages/ros2_unitree_legged_msgs/msg/_motor_state_s.c
[4.136s] -- Up-to-date: /home/rs/go1_robot/install/ros2_unitree_legged_msgs/local/lib/python3.10/dist-packages/ros2_unitree_legged_msgs/msg/_cartesian.py
[4.137s] -- Up-to-date: /home/rs/go1_robot/install/ros2_unitree_legged_msgs/local/lib/python3.10/dist-packages/ros2_unitree_legged_msgs/msg/_high_cmd.py
[4.137s] -- Up-to-date: /home/rs/go1_robot/install/ros2_unitree_legged_msgs/local/lib/python3.10/dist-packages/ros2_unitree_legged_msgs/msg/_bms_cmd.py
[4.138s] -- Up-to-date: /home/rs/go1_robot/install/ros2_unitree_legged_msgs/local/lib/python3.10/dist-packages/ros2_unitree_legged_msgs/msg/_cartesian_s.c
[4.139s] -- Up-to-date: /home/rs/go1_robot/install/ros2_unitree_legged_msgs/local/lib/python3.10/dist-packages/ros2_unitree_legged_msgs/msg/_low_cmd.py
[4.140s] -- Up-to-date: /home/rs/go1_robot/install/ros2_unitree_legged_msgs/local/lib/python3.10/dist-packages/ros2_unitree_legged_msgs/msg/__init__.py
[4.142s] -- Up-to-date: /home/rs/go1_robot/install/ros2_unitree_legged_msgs/local/lib/python3.10/dist-packages/ros2_unitree_legged_msgs/msg/_motor_cmd.py
[4.144s] -- Up-to-date: /home/rs/go1_robot/install/ros2_unitree_legged_msgs/local/lib/python3.10/dist-packages/ros2_unitree_legged_msgs/msg/_low_cmd_s.c
[4.146s] -- Up-to-date: /home/rs/go1_robot/install/ros2_unitree_legged_msgs/local/lib/python3.10/dist-packages/ros2_unitree_legged_msgs/msg/_led_s.c
[4.148s] -- Up-to-date: /home/rs/go1_robot/install/ros2_unitree_legged_msgs/local/lib/python3.10/dist-packages/ros2_unitree_legged_msgs/msg/_low_state.py
[4.149s] -- Up-to-date: /home/rs/go1_robot/install/ros2_unitree_legged_msgs/local/lib/python3.10/dist-packages/ros2_unitree_legged_msgs/msg/_low_state_s.c
[4.149s] -- Up-to-date: /home/rs/go1_robot/install/ros2_unitree_legged_msgs/local/lib/python3.10/dist-packages/ros2_unitree_legged_msgs/msg/_imu_s.c
[4.150s] -- Up-to-date: /home/rs/go1_robot/install/ros2_unitree_legged_msgs/local/lib/python3.10/dist-packages/ros2_unitree_legged_msgs/msg/_high_state_s.c
[4.151s] -- Up-to-date: /home/rs/go1_robot/install/ros2_unitree_legged_msgs/local/lib/python3.10/dist-packages/ros2_unitree_legged_msgs/msg/_bms_cmd_s.c
[4.151s] -- Up-to-date: /home/rs/go1_robot/install/ros2_unitree_legged_msgs/local/lib/python3.10/dist-packages/ros2_unitree_legged_msgs/msg/_high_state.py
[4.152s] -- Up-to-date: /home/rs/go1_robot/install/ros2_unitree_legged_msgs/local/lib/python3.10/dist-packages/ros2_unitree_legged_msgs/msg/_high_cmd_s.c
[4.152s] -- Up-to-date: /home/rs/go1_robot/install/ros2_unitree_legged_msgs/local/lib/python3.10/dist-packages/ros2_unitree_legged_msgs/msg/_motor_state.py
[4.153s] -- Up-to-date: /home/rs/go1_robot/install/ros2_unitree_legged_msgs/local/lib/python3.10/dist-packages/ros2_unitree_legged_msgs/msg/_motor_cmd_s.c
[4.154s] -- Up-to-date: /home/rs/go1_robot/install/ros2_unitree_legged_msgs/local/lib/python3.10/dist-packages/ros2_unitree_legged_msgs/msg/_bms_state.py
[4.159s] -- Up-to-date: /home/rs/go1_robot/install/ros2_unitree_legged_msgs/local/lib/python3.10/dist-packages/ros2_unitree_legged_msgs/msg/_imu.py
[4.160s] -- Up-to-date: /home/rs/go1_robot/install/ros2_unitree_legged_msgs/local/lib/python3.10/dist-packages/ros2_unitree_legged_msgs/msg/_led.py
[4.160s] -- Up-to-date: /home/rs/go1_robot/install/ros2_unitree_legged_msgs/local/lib/python3.10/dist-packages/ros2_unitree_legged_msgs/ros2_unitree_legged_msgs_s__rosidl_typesupport_introspection_c.cpython-310-x86_64-linux-gnu.so
[4.161s] -- Up-to-date: /home/rs/go1_robot/install/ros2_unitree_legged_msgs/local/lib/python3.10/dist-packages/ros2_unitree_legged_msgs/_ros2_unitree_legged_msgs_s.ep.rosidl_typesupport_introspection_c.c
[4.162s] -- Up-to-date: /home/rs/go1_robot/install/ros2_unitree_legged_msgs/local/lib/python3.10/dist-packages/ros2_unitree_legged_msgs/_ros2_unitree_legged_msgs_s.ep.rosidl_typesupport_c.c
[4.162s] -- Up-to-date: /home/rs/go1_robot/install/ros2_unitree_legged_msgs/local/lib/python3.10/dist-packages/ros2_unitree_legged_msgs/ros2_unitree_legged_msgs_s__rosidl_typesupport_c.cpython-310-x86_64-linux-gnu.so
[4.163s] -- Up-to-date: /home/rs/go1_robot/install/ros2_unitree_legged_msgs/local/lib/python3.10/dist-packages/ros2_unitree_legged_msgs/_ros2_unitree_legged_msgs_s.ep.rosidl_typesupport_fastrtps_c.c
[4.219s] Listing '/home/rs/go1_robot/install/ros2_unitree_legged_msgs/local/lib/python3.10/dist-packages/ros2_unitree_legged_msgs'...
[4.220s] Listing '/home/rs/go1_robot/install/ros2_unitree_legged_msgs/local/lib/python3.10/dist-packages/ros2_unitree_legged_msgs/msg'...
[4.228s] -- Up-to-date: /home/rs/go1_robot/install/ros2_unitree_legged_msgs/local/lib/python3.10/dist-packages/ros2_unitree_legged_msgs/ros2_unitree_legged_msgs_s__rosidl_typesupport_fastrtps_c.cpython-310-x86_64-linux-gnu.so
[4.229s] -- Up-to-date: /home/rs/go1_robot/install/ros2_unitree_legged_msgs/local/lib/python3.10/dist-packages/ros2_unitree_legged_msgs/ros2_unitree_legged_msgs_s__rosidl_typesupport_introspection_c.cpython-310-x86_64-linux-gnu.so
[4.230s] -- Up-to-date: /home/rs/go1_robot/install/ros2_unitree_legged_msgs/local/lib/python3.10/dist-packages/ros2_unitree_legged_msgs/ros2_unitree_legged_msgs_s__rosidl_typesupport_c.cpython-310-x86_64-linux-gnu.so
[4.231s] -- Up-to-date: /home/rs/go1_robot/install/ros2_unitree_legged_msgs/lib/libros2_unitree_legged_msgs__rosidl_generator_py.so
[4.232s] -- Up-to-date: /home/rs/go1_robot/install/ros2_unitree_legged_msgs/share/ros2_unitree_legged_msgs/msg/MotorCmd.idl
[4.232s] -- Up-to-date: /home/rs/go1_robot/install/ros2_unitree_legged_msgs/share/ros2_unitree_legged_msgs/msg/MotorState.idl
[4.233s] -- Up-to-date: /home/rs/go1_robot/install/ros2_unitree_legged_msgs/share/ros2_unitree_legged_msgs/msg/BmsCmd.idl
[4.233s] -- Up-to-date: /home/rs/go1_robot/install/ros2_unitree_legged_msgs/share/ros2_unitree_legged_msgs/msg/BmsState.idl
[4.234s] -- Up-to-date: /home/rs/go1_robot/install/ros2_unitree_legged_msgs/share/ros2_unitree_legged_msgs/msg/Cartesian.idl
[4.235s] -- Up-to-date: /home/rs/go1_robot/install/ros2_unitree_legged_msgs/share/ros2_unitree_legged_msgs/msg/IMU.idl
[4.235s] -- Up-to-date: /home/rs/go1_robot/install/ros2_unitree_legged_msgs/share/ros2_unitree_legged_msgs/msg/LED.idl
[4.236s] -- Up-to-date: /home/rs/go1_robot/install/ros2_unitree_legged_msgs/share/ros2_unitree_legged_msgs/msg/LowCmd.idl
[4.237s] -- Up-to-date: /home/rs/go1_robot/install/ros2_unitree_legged_msgs/share/ros2_unitree_legged_msgs/msg/LowState.idl
[4.237s] -- Up-to-date: /home/rs/go1_robot/install/ros2_unitree_legged_msgs/share/ros2_unitree_legged_msgs/msg/HighCmd.idl
[4.238s] -- Up-to-date: /home/rs/go1_robot/install/ros2_unitree_legged_msgs/share/ros2_unitree_legged_msgs/msg/HighState.idl
[4.238s] -- Up-to-date: /home/rs/go1_robot/install/ros2_unitree_legged_msgs/share/ros2_unitree_legged_msgs/msg/MotorCmd.msg
[4.239s] -- Up-to-date: /home/rs/go1_robot/install/ros2_unitree_legged_msgs/share/ros2_unitree_legged_msgs/msg/MotorState.msg
[4.239s] -- Up-to-date: /home/rs/go1_robot/install/ros2_unitree_legged_msgs/share/ros2_unitree_legged_msgs/msg/BmsCmd.msg
[4.240s] -- Up-to-date: /home/rs/go1_robot/install/ros2_unitree_legged_msgs/share/ros2_unitree_legged_msgs/msg/BmsState.msg
[4.240s] -- Up-to-date: /home/rs/go1_robot/install/ros2_unitree_legged_msgs/share/ros2_unitree_legged_msgs/msg/Cartesian.msg
[4.240s] -- Up-to-date: /home/rs/go1_robot/install/ros2_unitree_legged_msgs/share/ros2_unitree_legged_msgs/msg/IMU.msg
[4.240s] -- Up-to-date: /home/rs/go1_robot/install/ros2_unitree_legged_msgs/share/ros2_unitree_legged_msgs/msg/LED.msg
[4.240s] -- Up-to-date: /home/rs/go1_robot/install/ros2_unitree_legged_msgs/share/ros2_unitree_legged_msgs/msg/LowCmd.msg
[4.241s] -- Up-to-date: /home/rs/go1_robot/install/ros2_unitree_legged_msgs/share/ros2_unitree_legged_msgs/msg/LowState.msg
[4.241s] -- Up-to-date: /home/rs/go1_robot/install/ros2_unitree_legged_msgs/share/ros2_unitree_legged_msgs/msg/HighCmd.msg
[4.241s] -- Up-to-date: /home/rs/go1_robot/install/ros2_unitree_legged_msgs/share/ros2_unitree_legged_msgs/msg/HighState.msg
[4.241s] -- Up-to-date: /home/rs/go1_robot/install/ros2_unitree_legged_msgs/share/ament_index/resource_index/package_run_dependencies/ros2_unitree_legged_msgs
[4.241s] -- Up-to-date: /home/rs/go1_robot/install/ros2_unitree_legged_msgs/share/ament_index/resource_index/parent_prefix_path/ros2_unitree_legged_msgs
[4.241s] -- Up-to-date: /home/rs/go1_robot/install/ros2_unitree_legged_msgs/share/ros2_unitree_legged_msgs/environment/ament_prefix_path.sh
[4.241s] -- Up-to-date: /home/rs/go1_robot/install/ros2_unitree_legged_msgs/share/ros2_unitree_legged_msgs/environment/ament_prefix_path.dsv
[4.242s] -- Up-to-date: /home/rs/go1_robot/install/ros2_unitree_legged_msgs/share/ros2_unitree_legged_msgs/environment/path.sh
[4.242s] -- Up-to-date: /home/rs/go1_robot/install/ros2_unitree_legged_msgs/share/ros2_unitree_legged_msgs/environment/path.dsv
[4.242s] -- Up-to-date: /home/rs/go1_robot/install/ros2_unitree_legged_msgs/share/ros2_unitree_legged_msgs/local_setup.bash
[4.242s] -- Up-to-date: /home/rs/go1_robot/install/ros2_unitree_legged_msgs/share/ros2_unitree_legged_msgs/local_setup.sh
[4.242s] -- Up-to-date: /home/rs/go1_robot/install/ros2_unitree_legged_msgs/share/ros2_unitree_legged_msgs/local_setup.zsh
[4.242s] -- Up-to-date: /home/rs/go1_robot/install/ros2_unitree_legged_msgs/share/ros2_unitree_legged_msgs/local_setup.dsv
[4.244s] -- Installing: /home/rs/go1_robot/install/ros2_unitree_legged_msgs/share/ros2_unitree_legged_msgs/package.dsv
[4.245s] -- Up-to-date: /home/rs/go1_robot/install/ros2_unitree_legged_msgs/share/ament_index/resource_index/packages/ros2_unitree_legged_msgs
[4.247s] -- Up-to-date: /home/rs/go1_robot/install/ros2_unitree_legged_msgs/share/ros2_unitree_legged_msgs/cmake/export_ros2_unitree_legged_msgs__rosidl_generator_cExport.cmake
[4.247s] -- Up-to-date: /home/rs/go1_robot/install/ros2_unitree_legged_msgs/share/ros2_unitree_legged_msgs/cmake/export_ros2_unitree_legged_msgs__rosidl_generator_cExport-noconfig.cmake
[4.247s] -- Up-to-date: /home/rs/go1_robot/install/ros2_unitree_legged_msgs/share/ros2_unitree_legged_msgs/cmake/export_ros2_unitree_legged_msgs__rosidl_typesupport_fastrtps_cExport.cmake
[4.248s] -- Up-to-date: /home/rs/go1_robot/install/ros2_unitree_legged_msgs/share/ros2_unitree_legged_msgs/cmake/export_ros2_unitree_legged_msgs__rosidl_typesupport_fastrtps_cExport-noconfig.cmake
[4.248s] -- Up-to-date: /home/rs/go1_robot/install/ros2_unitree_legged_msgs/share/ros2_unitree_legged_msgs/cmake/ros2_unitree_legged_msgs__rosidl_typesupport_introspection_cExport.cmake
[4.248s] -- Up-to-date: /home/rs/go1_robot/install/ros2_unitree_legged_msgs/share/ros2_unitree_legged_msgs/cmake/ros2_unitree_legged_msgs__rosidl_typesupport_introspection_cExport-noconfig.cmake
[4.248s] -- Up-to-date: /home/rs/go1_robot/install/ros2_unitree_legged_msgs/share/ros2_unitree_legged_msgs/cmake/ros2_unitree_legged_msgs__rosidl_typesupport_cExport.cmake
[4.248s] -- Up-to-date: /home/rs/go1_robot/install/ros2_unitree_legged_msgs/share/ros2_unitree_legged_msgs/cmake/ros2_unitree_legged_msgs__rosidl_typesupport_cExport-noconfig.cmake
[4.248s] -- Up-to-date: /home/rs/go1_robot/install/ros2_unitree_legged_msgs/share/ros2_unitree_legged_msgs/cmake/export_ros2_unitree_legged_msgs__rosidl_generator_cppExport.cmake
[4.249s] -- Up-to-date: /home/rs/go1_robot/install/ros2_unitree_legged_msgs/share/ros2_unitree_legged_msgs/cmake/export_ros2_unitree_legged_msgs__rosidl_typesupport_fastrtps_cppExport.cmake
[4.249s] -- Up-to-date: /home/rs/go1_robot/install/ros2_unitree_legged_msgs/share/ros2_unitree_legged_msgs/cmake/export_ros2_unitree_legged_msgs__rosidl_typesupport_fastrtps_cppExport-noconfig.cmake
[4.249s] -- Up-to-date: /home/rs/go1_robot/install/ros2_unitree_legged_msgs/share/ros2_unitree_legged_msgs/cmake/ros2_unitree_legged_msgs__rosidl_typesupport_introspection_cppExport.cmake
[4.249s] -- Up-to-date: /home/rs/go1_robot/install/ros2_unitree_legged_msgs/share/ros2_unitree_legged_msgs/cmake/ros2_unitree_legged_msgs__rosidl_typesupport_introspection_cppExport-noconfig.cmake
[4.249s] -- Up-to-date: /home/rs/go1_robot/install/ros2_unitree_legged_msgs/share/ros2_unitree_legged_msgs/cmake/ros2_unitree_legged_msgs__rosidl_typesupport_cppExport.cmake
[4.250s] -- Up-to-date: /home/rs/go1_robot/install/ros2_unitree_legged_msgs/share/ros2_unitree_legged_msgs/cmake/ros2_unitree_legged_msgs__rosidl_typesupport_cppExport-noconfig.cmake
[4.250s] -- Up-to-date: /home/rs/go1_robot/install/ros2_unitree_legged_msgs/share/ros2_unitree_legged_msgs/cmake/export_ros2_unitree_legged_msgs__rosidl_generator_pyExport.cmake
[4.250s] -- Up-to-date: /home/rs/go1_robot/install/ros2_unitree_legged_msgs/share/ros2_unitree_legged_msgs/cmake/export_ros2_unitree_legged_msgs__rosidl_generator_pyExport-noconfig.cmake
[4.250s] -- Up-to-date: /home/rs/go1_robot/install/ros2_unitree_legged_msgs/share/ros2_unitree_legged_msgs/cmake/rosidl_cmake-extras.cmake
[4.251s] -- Up-to-date: /home/rs/go1_robot/install/ros2_unitree_legged_msgs/share/ros2_unitree_legged_msgs/cmake/ament_cmake_export_include_directories-extras.cmake
[4.251s] -- Up-to-date: /home/rs/go1_robot/install/ros2_unitree_legged_msgs/share/ros2_unitree_legged_msgs/cmake/ament_cmake_export_libraries-extras.cmake
[4.251s] -- Up-to-date: /home/rs/go1_robot/install/ros2_unitree_legged_msgs/share/ros2_unitree_legged_msgs/cmake/ament_cmake_export_targets-extras.cmake
[4.251s] -- Up-to-date: /home/rs/go1_robot/install/ros2_unitree_legged_msgs/share/ros2_unitree_legged_msgs/cmake/rosidl_cmake_export_typesupport_targets-extras.cmake
[4.251s] -- Up-to-date: /home/rs/go1_robot/install/ros2_unitree_legged_msgs/share/ros2_unitree_legged_msgs/cmake/ament_cmake_export_dependencies-extras.cmake
[4.251s] -- Up-to-date: /home/rs/go1_robot/install/ros2_unitree_legged_msgs/share/ros2_unitree_legged_msgs/cmake/rosidl_cmake_export_typesupport_libraries-extras.cmake
[4.252s] -- Up-to-date: /home/rs/go1_robot/install/ros2_unitree_legged_msgs/share/ros2_unitree_legged_msgs/cmake/ros2_unitree_legged_msgsConfig.cmake
[4.252s] -- Up-to-date: /home/rs/go1_robot/install/ros2_unitree_legged_msgs/share/ros2_unitree_legged_msgs/cmake/ros2_unitree_legged_msgsConfig-version.cmake
[4.253s] -- Up-to-date: /home/rs/go1_robot/install/ros2_unitree_legged_msgs/share/ros2_unitree_legged_msgs/package.xml
[4.256s] Invoked command in '/home/rs/go1_robot/build/ros2_unitree_legged_msgs' returned '0': /usr/bin/cmake --install /home/rs/go1_robot/build/ros2_unitree_legged_msgs
