[0.131s] Invoking command in '/home/rs/final_auto/build/unitree_inspection_interfaces': CMAKE_PREFIX_PATH=${CMAKE_PREFIX_PATH}:/home/rs/final_auto/install/unitree_nav_launch_module:/opt/ros/humble /usr/bin/cmake --build /home/rs/final_auto/build/unitree_inspection_interfaces -- -j13 -l13
[0.534s] [  3%] Built target unitree_inspection_interfaces_msg__cpp
[0.605s] [ 12%] Built target unitree_inspection_interfaces_msg__rosidl_generator_c
[0.638s] [ 12%] Built target ament_cmake_python_copy_unitree_inspection_interfaces
[0.820s] [ 22%] Built target unitree_inspection_interfaces_msg__rosidl_typesupport_introspection_cpp
[0.822s] [ 32%] Built target unitree_inspection_interfaces_msg__rosidl_typesupport_cpp
[0.848s] [ 41%] Built target unitree_inspection_interfaces_msg__rosidl_typesupport_fastrtps_cpp
[0.882s] [ 51%] Built target unitree_inspection_interfaces_msg__rosidl_typesupport_introspection_c
[0.892s] [ 61%] Built target unitree_inspection_interfaces_msg__rosidl_typesupport_fastrtps_c
[0.983s] [ 70%] Built target unitree_inspection_interfaces_msg__rosidl_typesupport_c
[1.092s] [ 70%] Built target unitree_inspection_interfaces_msg
[1.172s] [ 74%] Built target unitree_inspection_interfaces_msg__py
[1.300s] [ 80%] Built target unitree_inspection_interfaces_msg__rosidl_generator_py
[1.438s] [ 93%] Built target unitree_inspection_interfaces__rosidl_typesupport_fastrtps_c__pyext
[1.438s] [ 93%] Built target unitree_inspection_interfaces__rosidl_typesupport_introspection_c__pyext
[1.448s] [100%] Built target unitree_inspection_interfaces__rosidl_typesupport_c__pyext
[1.855s] running egg_info
[1.857s] writing unitree_inspection_interfaces.egg-info/PKG-INFO
[1.858s] writing dependency_links to unitree_inspection_interfaces.egg-info/dependency_links.txt
[1.859s] writing top-level names to unitree_inspection_interfaces.egg-info/top_level.txt
[1.866s] reading manifest file 'unitree_inspection_interfaces.egg-info/SOURCES.txt'
[1.870s] writing manifest file 'unitree_inspection_interfaces.egg-info/SOURCES.txt'
[1.963s] [100%] Built target ament_cmake_python_build_unitree_inspection_interfaces_egg
[2.005s] Invoked command in '/home/rs/final_auto/build/unitree_inspection_interfaces' returned '0': CMAKE_PREFIX_PATH=${CMAKE_PREFIX_PATH}:/home/rs/final_auto/install/unitree_nav_launch_module:/opt/ros/humble /usr/bin/cmake --build /home/rs/final_auto/build/unitree_inspection_interfaces -- -j13 -l13
[2.391s] Invoking command in '/home/rs/final_auto/build/unitree_inspection_interfaces': CMAKE_PREFIX_PATH=${CMAKE_PREFIX_PATH}:/home/rs/final_auto/install/unitree_nav_launch_module:/opt/ros/humble /usr/bin/cmake --install /home/rs/final_auto/build/unitree_inspection_interfaces
[2.430s] -- Install configuration: ""
[2.431s] -- Up-to-date: /home/rs/final_auto/install/unitree_inspection_interfaces/share/ament_index/resource_index/rosidl_interfaces/unitree_inspection_interfaces
[2.435s] -- Up-to-date: /home/rs/final_auto/install/unitree_inspection_interfaces/include/unitree_inspection_interfaces/unitree_inspection_interfaces
[2.436s] -- Up-to-date: /home/rs/final_auto/install/unitree_inspection_interfaces/include/unitree_inspection_interfaces/unitree_inspection_interfaces/srv
[2.437s] -- Up-to-date: /home/rs/final_auto/install/unitree_inspection_interfaces/include/unitree_inspection_interfaces/unitree_inspection_interfaces/srv/detail
[2.437s] -- Up-to-date: /home/rs/final_auto/install/unitree_inspection_interfaces/include/unitree_inspection_interfaces/unitree_inspection_interfaces/srv/detail/go_to_inspection_point__struct.h
[2.438s] -- Up-to-date: /home/rs/final_auto/install/unitree_inspection_interfaces/include/unitree_inspection_interfaces/unitree_inspection_interfaces/srv/detail/go_to_inspection_point__functions.h
[2.439s] -- Up-to-date: /home/rs/final_auto/install/unitree_inspection_interfaces/include/unitree_inspection_interfaces/unitree_inspection_interfaces/srv/detail/go_to_inspection_point__functions.c
[2.439s] -- Up-to-date: /home/rs/final_auto/install/unitree_inspection_interfaces/include/unitree_inspection_interfaces/unitree_inspection_interfaces/srv/detail/go_to_inspection_point__type_support.h
[2.442s] -- Up-to-date: /home/rs/final_auto/install/unitree_inspection_interfaces/include/unitree_inspection_interfaces/unitree_inspection_interfaces/srv/go_to_inspection_point.h
[2.442s] -- Up-to-date: /home/rs/final_auto/install/unitree_inspection_interfaces/include/unitree_inspection_interfaces/unitree_inspection_interfaces/msg
[2.443s] -- Up-to-date: /home/rs/final_auto/install/unitree_inspection_interfaces/include/unitree_inspection_interfaces/unitree_inspection_interfaces/msg/rosidl_generator_c__visibility_control.h
[2.444s] -- Up-to-date: /home/rs/final_auto/install/unitree_inspection_interfaces/share/unitree_inspection_interfaces/environment/library_path.sh
[2.444s] -- Up-to-date: /home/rs/final_auto/install/unitree_inspection_interfaces/share/unitree_inspection_interfaces/environment/library_path.dsv
[2.445s] -- Up-to-date: /home/rs/final_auto/install/unitree_inspection_interfaces/lib/libunitree_inspection_interfaces__rosidl_generator_c.so
[2.448s] -- Up-to-date: /home/rs/final_auto/install/unitree_inspection_interfaces/include/unitree_inspection_interfaces/unitree_inspection_interfaces
[2.449s] -- Up-to-date: /home/rs/final_auto/install/unitree_inspection_interfaces/include/unitree_inspection_interfaces/unitree_inspection_interfaces/srv
[2.450s] -- Up-to-date: /home/rs/final_auto/install/unitree_inspection_interfaces/include/unitree_inspection_interfaces/unitree_inspection_interfaces/srv/detail
[2.452s] -- Up-to-date: /home/rs/final_auto/install/unitree_inspection_interfaces/include/unitree_inspection_interfaces/unitree_inspection_interfaces/srv/detail/go_to_inspection_point__rosidl_typesupport_fastrtps_c.h
[2.453s] -- Up-to-date: /home/rs/final_auto/install/unitree_inspection_interfaces/include/unitree_inspection_interfaces/unitree_inspection_interfaces/msg
[2.453s] -- Up-to-date: /home/rs/final_auto/install/unitree_inspection_interfaces/include/unitree_inspection_interfaces/unitree_inspection_interfaces/msg/rosidl_typesupport_fastrtps_c__visibility_control.h
[2.454s] -- Up-to-date: /home/rs/final_auto/install/unitree_inspection_interfaces/lib/libunitree_inspection_interfaces__rosidl_typesupport_fastrtps_c.so
[2.456s] -- Up-to-date: /home/rs/final_auto/install/unitree_inspection_interfaces/include/unitree_inspection_interfaces/unitree_inspection_interfaces
[2.457s] -- Up-to-date: /home/rs/final_auto/install/unitree_inspection_interfaces/include/unitree_inspection_interfaces/unitree_inspection_interfaces/srv
[2.460s] -- Up-to-date: /home/rs/final_auto/install/unitree_inspection_interfaces/include/unitree_inspection_interfaces/unitree_inspection_interfaces/srv/detail
[2.460s] -- Up-to-date: /home/rs/final_auto/install/unitree_inspection_interfaces/include/unitree_inspection_interfaces/unitree_inspection_interfaces/srv/detail/go_to_inspection_point__type_support.c
[2.463s] -- Up-to-date: /home/rs/final_auto/install/unitree_inspection_interfaces/include/unitree_inspection_interfaces/unitree_inspection_interfaces/srv/detail/go_to_inspection_point__rosidl_typesupport_introspection_c.h
[2.465s] -- Up-to-date: /home/rs/final_auto/install/unitree_inspection_interfaces/include/unitree_inspection_interfaces/unitree_inspection_interfaces/msg
[2.465s] -- Up-to-date: /home/rs/final_auto/install/unitree_inspection_interfaces/include/unitree_inspection_interfaces/unitree_inspection_interfaces/msg/rosidl_typesupport_introspection_c__visibility_control.h
[2.466s] -- Up-to-date: /home/rs/final_auto/install/unitree_inspection_interfaces/lib/libunitree_inspection_interfaces__rosidl_typesupport_introspection_c.so
[2.467s] -- Up-to-date: /home/rs/final_auto/install/unitree_inspection_interfaces/lib/libunitree_inspection_interfaces__rosidl_typesupport_c.so
[2.468s] -- Up-to-date: /home/rs/final_auto/install/unitree_inspection_interfaces/include/unitree_inspection_interfaces/unitree_inspection_interfaces
[2.469s] -- Up-to-date: /home/rs/final_auto/install/unitree_inspection_interfaces/include/unitree_inspection_interfaces/unitree_inspection_interfaces/srv
[2.471s] -- Up-to-date: /home/rs/final_auto/install/unitree_inspection_interfaces/include/unitree_inspection_interfaces/unitree_inspection_interfaces/srv/detail
[2.473s] -- Up-to-date: /home/rs/final_auto/install/unitree_inspection_interfaces/include/unitree_inspection_interfaces/unitree_inspection_interfaces/srv/detail/go_to_inspection_point__builder.hpp
[2.474s] -- Up-to-date: /home/rs/final_auto/install/unitree_inspection_interfaces/include/unitree_inspection_interfaces/unitree_inspection_interfaces/srv/detail/go_to_inspection_point__traits.hpp
[2.474s] -- Up-to-date: /home/rs/final_auto/install/unitree_inspection_interfaces/include/unitree_inspection_interfaces/unitree_inspection_interfaces/srv/detail/go_to_inspection_point__struct.hpp
[2.477s] -- Up-to-date: /home/rs/final_auto/install/unitree_inspection_interfaces/include/unitree_inspection_interfaces/unitree_inspection_interfaces/srv/go_to_inspection_point.hpp
[2.478s] -- Up-to-date: /home/rs/final_auto/install/unitree_inspection_interfaces/include/unitree_inspection_interfaces/unitree_inspection_interfaces
[2.479s] -- Up-to-date: /home/rs/final_auto/install/unitree_inspection_interfaces/include/unitree_inspection_interfaces/unitree_inspection_interfaces/srv
[2.480s] -- Up-to-date: /home/rs/final_auto/install/unitree_inspection_interfaces/include/unitree_inspection_interfaces/unitree_inspection_interfaces/srv/detail
[2.482s] -- Up-to-date: /home/rs/final_auto/install/unitree_inspection_interfaces/include/unitree_inspection_interfaces/unitree_inspection_interfaces/srv/detail/dds_fastrtps
[2.483s] -- Up-to-date: /home/rs/final_auto/install/unitree_inspection_interfaces/include/unitree_inspection_interfaces/unitree_inspection_interfaces/srv/detail/go_to_inspection_point__rosidl_typesupport_fastrtps_cpp.hpp
[2.484s] -- Up-to-date: /home/rs/final_auto/install/unitree_inspection_interfaces/include/unitree_inspection_interfaces/unitree_inspection_interfaces/msg
[2.486s] -- Up-to-date: /home/rs/final_auto/install/unitree_inspection_interfaces/include/unitree_inspection_interfaces/unitree_inspection_interfaces/msg/rosidl_typesupport_fastrtps_cpp__visibility_control.h
[2.487s] -- Up-to-date: /home/rs/final_auto/install/unitree_inspection_interfaces/lib/libunitree_inspection_interfaces__rosidl_typesupport_fastrtps_cpp.so
[2.487s] -- Up-to-date: /home/rs/final_auto/install/unitree_inspection_interfaces/include/unitree_inspection_interfaces/unitree_inspection_interfaces
[2.487s] -- Up-to-date: /home/rs/final_auto/install/unitree_inspection_interfaces/include/unitree_inspection_interfaces/unitree_inspection_interfaces/srv
[2.487s] -- Up-to-date: /home/rs/final_auto/install/unitree_inspection_interfaces/include/unitree_inspection_interfaces/unitree_inspection_interfaces/srv/detail
[2.488s] -- Up-to-date: /home/rs/final_auto/install/unitree_inspection_interfaces/include/unitree_inspection_interfaces/unitree_inspection_interfaces/srv/detail/go_to_inspection_point__type_support.cpp
[2.488s] -- Up-to-date: /home/rs/final_auto/install/unitree_inspection_interfaces/include/unitree_inspection_interfaces/unitree_inspection_interfaces/srv/detail/go_to_inspection_point__rosidl_typesupport_introspection_cpp.hpp
[2.488s] -- Up-to-date: /home/rs/final_auto/install/unitree_inspection_interfaces/lib/libunitree_inspection_interfaces__rosidl_typesupport_introspection_cpp.so
[2.489s] -- Up-to-date: /home/rs/final_auto/install/unitree_inspection_interfaces/lib/libunitree_inspection_interfaces__rosidl_typesupport_cpp.so
[2.489s] -- Up-to-date: /home/rs/final_auto/install/unitree_inspection_interfaces/share/unitree_inspection_interfaces/environment/pythonpath.sh
[2.490s] -- Up-to-date: /home/rs/final_auto/install/unitree_inspection_interfaces/share/unitree_inspection_interfaces/environment/pythonpath.dsv
[2.491s] -- Up-to-date: /home/rs/final_auto/install/unitree_inspection_interfaces/local/lib/python3.10/dist-packages/unitree_inspection_interfaces-0.0.0-py3.10.egg-info
[2.491s] -- Installing: /home/rs/final_auto/install/unitree_inspection_interfaces/local/lib/python3.10/dist-packages/unitree_inspection_interfaces-0.0.0-py3.10.egg-info/top_level.txt
[2.493s] -- Installing: /home/rs/final_auto/install/unitree_inspection_interfaces/local/lib/python3.10/dist-packages/unitree_inspection_interfaces-0.0.0-py3.10.egg-info/PKG-INFO
[2.493s] -- Installing: /home/rs/final_auto/install/unitree_inspection_interfaces/local/lib/python3.10/dist-packages/unitree_inspection_interfaces-0.0.0-py3.10.egg-info/dependency_links.txt
[2.494s] -- Installing: /home/rs/final_auto/install/unitree_inspection_interfaces/local/lib/python3.10/dist-packages/unitree_inspection_interfaces-0.0.0-py3.10.egg-info/SOURCES.txt
[2.495s] -- Up-to-date: /home/rs/final_auto/install/unitree_inspection_interfaces/local/lib/python3.10/dist-packages/unitree_inspection_interfaces
[2.496s] -- Up-to-date: /home/rs/final_auto/install/unitree_inspection_interfaces/local/lib/python3.10/dist-packages/unitree_inspection_interfaces/unitree_inspection_interfaces_s__rosidl_typesupport_introspection_c.cpython-310-x86_64-linux-gnu.so
[2.496s] -- Up-to-date: /home/rs/final_auto/install/unitree_inspection_interfaces/local/lib/python3.10/dist-packages/unitree_inspection_interfaces/unitree_inspection_interfaces_s__rosidl_typesupport_c.cpython-310-x86_64-linux-gnu.so
[2.497s] -- Up-to-date: /home/rs/final_auto/install/unitree_inspection_interfaces/local/lib/python3.10/dist-packages/unitree_inspection_interfaces/unitree_inspection_interfaces_s__rosidl_typesupport_fastrtps_c.cpython-310-x86_64-linux-gnu.so
[2.497s] -- Up-to-date: /home/rs/final_auto/install/unitree_inspection_interfaces/local/lib/python3.10/dist-packages/unitree_inspection_interfaces/__init__.py
[2.498s] -- Up-to-date: /home/rs/final_auto/install/unitree_inspection_interfaces/local/lib/python3.10/dist-packages/unitree_inspection_interfaces/srv
[2.500s] -- Up-to-date: /home/rs/final_auto/install/unitree_inspection_interfaces/local/lib/python3.10/dist-packages/unitree_inspection_interfaces/srv/_go_to_inspection_point.py
[2.505s] -- Up-to-date: /home/rs/final_auto/install/unitree_inspection_interfaces/local/lib/python3.10/dist-packages/unitree_inspection_interfaces/srv/__init__.py
[2.506s] -- Up-to-date: /home/rs/final_auto/install/unitree_inspection_interfaces/local/lib/python3.10/dist-packages/unitree_inspection_interfaces/srv/_go_to_inspection_point_s.c
[2.507s] -- Up-to-date: /home/rs/final_auto/install/unitree_inspection_interfaces/local/lib/python3.10/dist-packages/unitree_inspection_interfaces/_unitree_inspection_interfaces_s.ep.rosidl_typesupport_introspection_c.c
[2.509s] -- Up-to-date: /home/rs/final_auto/install/unitree_inspection_interfaces/local/lib/python3.10/dist-packages/unitree_inspection_interfaces/libunitree_inspection_interfaces_msg__rosidl_generator_py.so
[2.509s] -- Up-to-date: /home/rs/final_auto/install/unitree_inspection_interfaces/local/lib/python3.10/dist-packages/unitree_inspection_interfaces/_unitree_inspection_interfaces_s.ep.rosidl_typesupport_fastrtps_c.c
[2.510s] -- Up-to-date: /home/rs/final_auto/install/unitree_inspection_interfaces/local/lib/python3.10/dist-packages/unitree_inspection_interfaces/_unitree_inspection_interfaces_s.ep.rosidl_typesupport_c.c
[2.643s] Listing '/home/rs/final_auto/install/unitree_inspection_interfaces/local/lib/python3.10/dist-packages/unitree_inspection_interfaces'...
[2.644s] Listing '/home/rs/final_auto/install/unitree_inspection_interfaces/local/lib/python3.10/dist-packages/unitree_inspection_interfaces/srv'...
[2.666s] -- Up-to-date: /home/rs/final_auto/install/unitree_inspection_interfaces/local/lib/python3.10/dist-packages/unitree_inspection_interfaces/unitree_inspection_interfaces_s__rosidl_typesupport_fastrtps_c.cpython-310-x86_64-linux-gnu.so
[2.670s] -- Up-to-date: /home/rs/final_auto/install/unitree_inspection_interfaces/local/lib/python3.10/dist-packages/unitree_inspection_interfaces/unitree_inspection_interfaces_s__rosidl_typesupport_introspection_c.cpython-310-x86_64-linux-gnu.so
[2.686s] -- Up-to-date: /home/rs/final_auto/install/unitree_inspection_interfaces/local/lib/python3.10/dist-packages/unitree_inspection_interfaces/unitree_inspection_interfaces_s__rosidl_typesupport_c.cpython-310-x86_64-linux-gnu.so
[2.687s] -- Up-to-date: /home/rs/final_auto/install/unitree_inspection_interfaces/lib/libunitree_inspection_interfaces_msg__rosidl_generator_py.so
[2.687s] -- Up-to-date: /home/rs/final_auto/install/unitree_inspection_interfaces/share/unitree_inspection_interfaces/srv/GoToInspectionPoint.idl
[2.690s] -- Up-to-date: /home/rs/final_auto/install/unitree_inspection_interfaces/share/unitree_inspection_interfaces/srv/GoToInspectionPoint.srv
[2.693s] -- Up-to-date: /home/rs/final_auto/install/unitree_inspection_interfaces/share/unitree_inspection_interfaces/srv/GoToInspectionPoint_Request.msg
[2.695s] -- Up-to-date: /home/rs/final_auto/install/unitree_inspection_interfaces/share/unitree_inspection_interfaces/srv/GoToInspectionPoint_Response.msg
[2.695s] -- Up-to-date: /home/rs/final_auto/install/unitree_inspection_interfaces/share/ament_index/resource_index/package_run_dependencies/unitree_inspection_interfaces
[2.696s] -- Up-to-date: /home/rs/final_auto/install/unitree_inspection_interfaces/share/ament_index/resource_index/parent_prefix_path/unitree_inspection_interfaces
[2.696s] -- Up-to-date: /home/rs/final_auto/install/unitree_inspection_interfaces/share/unitree_inspection_interfaces/environment/ament_prefix_path.sh
[2.696s] -- Up-to-date: /home/rs/final_auto/install/unitree_inspection_interfaces/share/unitree_inspection_interfaces/environment/ament_prefix_path.dsv
[2.697s] -- Up-to-date: /home/rs/final_auto/install/unitree_inspection_interfaces/share/unitree_inspection_interfaces/environment/path.sh
[2.698s] -- Up-to-date: /home/rs/final_auto/install/unitree_inspection_interfaces/share/unitree_inspection_interfaces/environment/path.dsv
[2.699s] -- Up-to-date: /home/rs/final_auto/install/unitree_inspection_interfaces/share/unitree_inspection_interfaces/local_setup.bash
[2.700s] -- Up-to-date: /home/rs/final_auto/install/unitree_inspection_interfaces/share/unitree_inspection_interfaces/local_setup.sh
[2.700s] -- Up-to-date: /home/rs/final_auto/install/unitree_inspection_interfaces/share/unitree_inspection_interfaces/local_setup.zsh
[2.702s] -- Up-to-date: /home/rs/final_auto/install/unitree_inspection_interfaces/share/unitree_inspection_interfaces/local_setup.dsv
[2.702s] -- Installing: /home/rs/final_auto/install/unitree_inspection_interfaces/share/unitree_inspection_interfaces/package.dsv
[2.703s] -- Up-to-date: /home/rs/final_auto/install/unitree_inspection_interfaces/share/ament_index/resource_index/packages/unitree_inspection_interfaces
[2.703s] -- Up-to-date: /home/rs/final_auto/install/unitree_inspection_interfaces/share/unitree_inspection_interfaces/cmake/export_unitree_inspection_interfaces_msg__rosidl_generator_cExport.cmake
[2.705s] -- Up-to-date: /home/rs/final_auto/install/unitree_inspection_interfaces/share/unitree_inspection_interfaces/cmake/export_unitree_inspection_interfaces_msg__rosidl_generator_cExport-noconfig.cmake
[2.705s] -- Up-to-date: /home/rs/final_auto/install/unitree_inspection_interfaces/share/unitree_inspection_interfaces/cmake/export_unitree_inspection_interfaces_msg__rosidl_typesupport_fastrtps_cExport.cmake
[2.706s] -- Up-to-date: /home/rs/final_auto/install/unitree_inspection_interfaces/share/unitree_inspection_interfaces/cmake/export_unitree_inspection_interfaces_msg__rosidl_typesupport_fastrtps_cExport-noconfig.cmake
[2.706s] -- Up-to-date: /home/rs/final_auto/install/unitree_inspection_interfaces/share/unitree_inspection_interfaces/cmake/unitree_inspection_interfaces_msg__rosidl_typesupport_introspection_cExport.cmake
[2.706s] -- Up-to-date: /home/rs/final_auto/install/unitree_inspection_interfaces/share/unitree_inspection_interfaces/cmake/unitree_inspection_interfaces_msg__rosidl_typesupport_introspection_cExport-noconfig.cmake
[2.706s] -- Up-to-date: /home/rs/final_auto/install/unitree_inspection_interfaces/share/unitree_inspection_interfaces/cmake/unitree_inspection_interfaces_msg__rosidl_typesupport_cExport.cmake
[2.707s] -- Up-to-date: /home/rs/final_auto/install/unitree_inspection_interfaces/share/unitree_inspection_interfaces/cmake/unitree_inspection_interfaces_msg__rosidl_typesupport_cExport-noconfig.cmake
[2.707s] -- Up-to-date: /home/rs/final_auto/install/unitree_inspection_interfaces/share/unitree_inspection_interfaces/cmake/export_unitree_inspection_interfaces_msg__rosidl_generator_cppExport.cmake
[2.707s] -- Up-to-date: /home/rs/final_auto/install/unitree_inspection_interfaces/share/unitree_inspection_interfaces/cmake/export_unitree_inspection_interfaces_msg__rosidl_typesupport_fastrtps_cppExport.cmake
[2.708s] -- Up-to-date: /home/rs/final_auto/install/unitree_inspection_interfaces/share/unitree_inspection_interfaces/cmake/export_unitree_inspection_interfaces_msg__rosidl_typesupport_fastrtps_cppExport-noconfig.cmake
[2.708s] -- Up-to-date: /home/rs/final_auto/install/unitree_inspection_interfaces/share/unitree_inspection_interfaces/cmake/unitree_inspection_interfaces_msg__rosidl_typesupport_introspection_cppExport.cmake
[2.713s] -- Up-to-date: /home/rs/final_auto/install/unitree_inspection_interfaces/share/unitree_inspection_interfaces/cmake/unitree_inspection_interfaces_msg__rosidl_typesupport_introspection_cppExport-noconfig.cmake
[2.719s] -- Up-to-date: /home/rs/final_auto/install/unitree_inspection_interfaces/share/unitree_inspection_interfaces/cmake/unitree_inspection_interfaces_msg__rosidl_typesupport_cppExport.cmake
[2.722s] -- Up-to-date: /home/rs/final_auto/install/unitree_inspection_interfaces/share/unitree_inspection_interfaces/cmake/unitree_inspection_interfaces_msg__rosidl_typesupport_cppExport-noconfig.cmake
[2.722s] -- Up-to-date: /home/rs/final_auto/install/unitree_inspection_interfaces/share/unitree_inspection_interfaces/cmake/export_unitree_inspection_interfaces_msg__rosidl_generator_pyExport.cmake
[2.722s] -- Up-to-date: /home/rs/final_auto/install/unitree_inspection_interfaces/share/unitree_inspection_interfaces/cmake/export_unitree_inspection_interfaces_msg__rosidl_generator_pyExport-noconfig.cmake
[2.722s] -- Up-to-date: /home/rs/final_auto/install/unitree_inspection_interfaces/share/unitree_inspection_interfaces/cmake/ament_cmake_export_dependencies-extras.cmake
[2.723s] -- Up-to-date: /home/rs/final_auto/install/unitree_inspection_interfaces/share/unitree_inspection_interfaces/cmake/rosidl_cmake-extras.cmake
[2.723s] -- Up-to-date: /home/rs/final_auto/install/unitree_inspection_interfaces/share/unitree_inspection_interfaces/cmake/ament_cmake_export_include_directories-extras.cmake
[2.723s] -- Up-to-date: /home/rs/final_auto/install/unitree_inspection_interfaces/share/unitree_inspection_interfaces/cmake/ament_cmake_export_libraries-extras.cmake
[2.723s] -- Up-to-date: /home/rs/final_auto/install/unitree_inspection_interfaces/share/unitree_inspection_interfaces/cmake/ament_cmake_export_targets-extras.cmake
[2.724s] -- Up-to-date: /home/rs/final_auto/install/unitree_inspection_interfaces/share/unitree_inspection_interfaces/cmake/rosidl_cmake_export_typesupport_targets-extras.cmake
[2.725s] -- Up-to-date: /home/rs/final_auto/install/unitree_inspection_interfaces/share/unitree_inspection_interfaces/cmake/rosidl_cmake_export_typesupport_libraries-extras.cmake
[2.725s] -- Up-to-date: /home/rs/final_auto/install/unitree_inspection_interfaces/share/unitree_inspection_interfaces/cmake/unitree_inspection_interfacesConfig.cmake
[2.728s] -- Up-to-date: /home/rs/final_auto/install/unitree_inspection_interfaces/share/unitree_inspection_interfaces/cmake/unitree_inspection_interfacesConfig-version.cmake
[2.730s] -- Up-to-date: /home/rs/final_auto/install/unitree_inspection_interfaces/share/unitree_inspection_interfaces/package.xml
[2.733s] Invoked command in '/home/rs/final_auto/build/unitree_inspection_interfaces' returned '0': CMAKE_PREFIX_PATH=${CMAKE_PREFIX_PATH}:/home/rs/final_auto/install/unitree_nav_launch_module:/opt/ros/humble /usr/bin/cmake --install /home/rs/final_auto/build/unitree_inspection_interfaces
