[3.604s] Invoking command in '/home/rs/final_auto/src/unitree_nav/unitree_nav_launch_module': PYTHONPATH=/home/rs/final_auto/build/unitree_nav_launch_module/prefix_override:/home/rs/final_auto/install/unitree_nav_launch_module/lib/python3.10/site-packages:${PYTHONPATH} /usr/bin/python3 -W ignore:setup.py install is deprecated setup.py egg_info --egg-base ../../../build/unitree_nav_launch_module build --build-base /home/rs/final_auto/build/unitree_nav_launch_module/build install --record /home/rs/final_auto/build/unitree_nav_launch_module/install.log --single-version-externally-managed install_data
[4.520s] running egg_info
[4.520s] writing ../../../build/unitree_nav_launch_module/unitree_nav_launch_module.egg-info/PKG-INFO
[4.521s] writing dependency_links to ../../../build/unitree_nav_launch_module/unitree_nav_launch_module.egg-info/dependency_links.txt
[4.521s] writing entry points to ../../../build/unitree_nav_launch_module/unitree_nav_launch_module.egg-info/entry_points.txt
[4.522s] writing requirements to ../../../build/unitree_nav_launch_module/unitree_nav_launch_module.egg-info/requires.txt
[4.522s] writing top-level names to ../../../build/unitree_nav_launch_module/unitree_nav_launch_module.egg-info/top_level.txt
[4.527s] reading manifest file '../../../build/unitree_nav_launch_module/unitree_nav_launch_module.egg-info/SOURCES.txt'
[4.529s] writing manifest file '../../../build/unitree_nav_launch_module/unitree_nav_launch_module.egg-info/SOURCES.txt'
[4.530s] running build
[4.530s] running build_py
[4.530s] running install
[4.531s] running install_lib
[4.534s] running install_data
[4.534s] running install_egg_info
[4.537s] removing '/home/rs/final_auto/install/unitree_nav_launch_module/lib/python3.10/site-packages/unitree_nav_launch_module-0.0.0-py3.10.egg-info' (and everything under it)
[4.537s] Copying ../../../build/unitree_nav_launch_module/unitree_nav_launch_module.egg-info to /home/rs/final_auto/install/unitree_nav_launch_module/lib/python3.10/site-packages/unitree_nav_launch_module-0.0.0-py3.10.egg-info
[4.540s] running install_scripts
[4.586s] writing list of installed files to '/home/rs/final_auto/build/unitree_nav_launch_module/install.log'
[4.645s] Invoked command in '/home/rs/final_auto/src/unitree_nav/unitree_nav_launch_module' returned '0': PYTHONPATH=/home/rs/final_auto/build/unitree_nav_launch_module/prefix_override:/home/rs/final_auto/install/unitree_nav_launch_module/lib/python3.10/site-packages:${PYTHONPATH} /usr/bin/python3 -W ignore:setup.py install is deprecated setup.py egg_info --egg-base ../../../build/unitree_nav_launch_module build --build-base /home/rs/final_auto/build/unitree_nav_launch_module/build install --record /home/rs/final_auto/build/unitree_nav_launch_module/install.log --single-version-externally-managed install_data
