[0.065s] Invoking command in '/home/rs/go1_robot/build/ros2_unitree_legged_msgs': CMAKE_PREFIX_PATH=/opt/ros/humble /usr/bin/cmake /home/rs/go1_robot/src/unitree_ros2/ros2_unitree_legged_msgs -DCMAKE_INSTALL_PREFIX=/home/rs/go1_robot/install/ros2_unitree_legged_msgs
[0.568s] -- The C compiler identification is GNU 11.4.0
[0.894s] -- The CXX compiler identification is GNU 11.4.0
[0.927s] -- Detecting C compiler ABI info
[1.136s] -- Detecting C compiler ABI info - done
[1.151s] -- Check for working C compiler: /usr/bin/cc - skipped
[1.155s] -- Detecting C compile features
[1.156s] -- Detecting C compile features - done
[1.160s] -- Detecting CXX compiler ABI info
[1.395s] -- Detecting CXX compiler ABI info - done
[1.411s] -- Check for working CXX compiler: /usr/bin/c++ - skipped
[1.411s] -- Detecting CXX compile features
[1.412s] -- Detecting CXX compile features - done
[1.419s] -- Found ament_cmake: 1.3.9 (/opt/ros/humble/share/ament_cmake/cmake)
[1.766s] -- Found Python3: /usr/bin/python3 (found version "3.10.12") found components: Interpreter 
[2.023s] -- Found rosidl_default_generators: 1.2.0 (/opt/ros/humble/share/rosidl_default_generators/cmake)
[2.040s] -- Using all available rosidl_typesupport_c: rosidl_typesupport_fastrtps_c;rosidl_typesupport_introspection_c
[2.063s] -- Found rosidl_adapter: 3.1.5 (/opt/ros/humble/share/rosidl_adapter/cmake)
[2.225s] -- Using all available rosidl_typesupport_cpp: rosidl_typesupport_fastrtps_cpp;rosidl_typesupport_introspection_cpp
[3.106s] -- Found ament_cmake_ros: 0.10.0 (/opt/ros/humble/share/ament_cmake_ros/cmake)
[3.509s] -- Using all available rosidl_typesupport_c: rosidl_typesupport_fastrtps_c;rosidl_typesupport_introspection_c
[3.974s] -- Using all available rosidl_typesupport_cpp: rosidl_typesupport_fastrtps_cpp;rosidl_typesupport_introspection_cpp
[4.017s] -- Found PythonInterp: /usr/bin/python3 (found suitable version "3.10.12", minimum required is "3.6") 
[4.019s] -- Found python_cmake_module: 0.10.0 (/opt/ros/humble/share/python_cmake_module/cmake)
[4.070s] -- Found PythonLibs: /usr/lib/x86_64-linux-gnu/libpython3.10.so (found suitable version "3.10.12", minimum required is "3.5") 
[4.073s] -- Using PYTHON_EXECUTABLE: /usr/bin/python3
[4.074s] -- Using PYTHON_INCLUDE_DIRS: /usr/include/python3.10
[4.075s] -- Using PYTHON_LIBRARIES: /usr/lib/x86_64-linux-gnu/libpython3.10.so
[4.124s] -- Found PythonExtra: .so  
[4.200s] -- Configuring done
[4.311s] -- Generating done
[4.321s] -- Build files have been written to: /home/rs/go1_robot/build/ros2_unitree_legged_msgs
[4.345s] Invoked command in '/home/rs/go1_robot/build/ros2_unitree_legged_msgs' returned '0': CMAKE_PREFIX_PATH=/opt/ros/humble /usr/bin/cmake /home/rs/go1_robot/src/unitree_ros2/ros2_unitree_legged_msgs -DCMAKE_INSTALL_PREFIX=/home/rs/go1_robot/install/ros2_unitree_legged_msgs
[4.347s] Invoking command in '/home/rs/go1_robot/build/ros2_unitree_legged_msgs': CMAKE_PREFIX_PATH=/opt/ros/humble /usr/bin/cmake --build /home/rs/go1_robot/build/ros2_unitree_legged_msgs -- -j13 -l13
[4.491s] [  1%] [34m[1mGenerating C code for ROS interfaces[0m
[4.520s] [  1%] [34m[1mGenerating C++ code for ROS interfaces[0m
[4.528s] [  1%] Built target ament_cmake_python_copy_ros2_unitree_legged_msgs
[5.220s] running egg_info
[5.239s] creating ros2_unitree_legged_msgs.egg-info
[5.239s] writing ros2_unitree_legged_msgs.egg-info/PKG-INFO
[5.239s] writing dependency_links to ros2_unitree_legged_msgs.egg-info/dependency_links.txt
[5.240s] writing top-level names to ros2_unitree_legged_msgs.egg-info/top_level.txt
[5.240s] writing manifest file 'ros2_unitree_legged_msgs.egg-info/SOURCES.txt'
[5.240s] reading manifest file 'ros2_unitree_legged_msgs.egg-info/SOURCES.txt'
[5.240s] writing manifest file 'ros2_unitree_legged_msgs.egg-info/SOURCES.txt'
[5.347s] [  1%] Built target ament_cmake_python_build_ros2_unitree_legged_msgs_egg
[10.095s] [  1%] Built target ros2_unitree_legged_msgs__cpp
[10.164s] [  1%] [34m[1mGenerating C++ type support for eProsima Fast-RTPS[0m
[10.169s] [  2%] [34m[1mGenerating C++ type support dispatch for ROS interfaces[0m
[10.190s] [  3%] [34m[1mGenerating C++ introspection for ROS interfaces[0m
[11.572s] [  4%] [32mBuilding C object CMakeFiles/ros2_unitree_legged_msgs__rosidl_generator_c.dir/rosidl_generator_c/ros2_unitree_legged_msgs/msg/detail/motor_cmd__functions.c.o[0m
[11.632s] [  5%] [32mBuilding C object CMakeFiles/ros2_unitree_legged_msgs__rosidl_generator_c.dir/rosidl_generator_c/ros2_unitree_legged_msgs/msg/detail/motor_state__functions.c.o[0m
[11.669s] [  6%] [32mBuilding C object CMakeFiles/ros2_unitree_legged_msgs__rosidl_generator_c.dir/rosidl_generator_c/ros2_unitree_legged_msgs/msg/detail/bms_state__functions.c.o[0m
[11.707s] [  7%] [32mBuilding C object CMakeFiles/ros2_unitree_legged_msgs__rosidl_generator_c.dir/rosidl_generator_c/ros2_unitree_legged_msgs/msg/detail/bms_cmd__functions.c.o[0m
[11.756s] [  8%] [32mBuilding C object CMakeFiles/ros2_unitree_legged_msgs__rosidl_generator_c.dir/rosidl_generator_c/ros2_unitree_legged_msgs/msg/detail/imu__functions.c.o[0m
[11.757s] [  9%] [32mBuilding C object CMakeFiles/ros2_unitree_legged_msgs__rosidl_generator_c.dir/rosidl_generator_c/ros2_unitree_legged_msgs/msg/detail/cartesian__functions.c.o[0m
[11.769s] [ 10%] [32mBuilding C object CMakeFiles/ros2_unitree_legged_msgs__rosidl_generator_c.dir/rosidl_generator_c/ros2_unitree_legged_msgs/msg/detail/led__functions.c.o[0m
[11.938s] [ 10%] [32mBuilding C object CMakeFiles/ros2_unitree_legged_msgs__rosidl_generator_c.dir/rosidl_generator_c/ros2_unitree_legged_msgs/msg/detail/low_cmd__functions.c.o[0m
[11.944s] [ 11%] [32mBuilding C object CMakeFiles/ros2_unitree_legged_msgs__rosidl_generator_c.dir/rosidl_generator_c/ros2_unitree_legged_msgs/msg/detail/high_cmd__functions.c.o[0m
[11.958s] [ 12%] [32mBuilding C object CMakeFiles/ros2_unitree_legged_msgs__rosidl_generator_c.dir/rosidl_generator_c/ros2_unitree_legged_msgs/msg/detail/low_state__functions.c.o[0m
[12.034s] [ 13%] [32mBuilding C object CMakeFiles/ros2_unitree_legged_msgs__rosidl_generator_c.dir/rosidl_generator_c/ros2_unitree_legged_msgs/msg/detail/high_state__functions.c.o[0m
[12.377s] [ 14%] [32m[1mLinking C shared library libros2_unitree_legged_msgs__rosidl_generator_c.so[0m
[12.558s] [ 14%] Built target ros2_unitree_legged_msgs__rosidl_generator_c
[12.607s] [ 15%] [34m[1mGenerating C type support for eProsima Fast-RTPS[0m
[12.608s] [ 16%] [34m[1mGenerating C introspection for ROS interfaces[0m
[12.613s] [ 17%] [34m[1mGenerating C type support dispatch for ROS interfaces[0m
[14.069s] [ 18%] [32mBuilding CXX object CMakeFiles/ros2_unitree_legged_msgs__rosidl_typesupport_cpp.dir/rosidl_typesupport_cpp/ros2_unitree_legged_msgs/msg/motor_state__type_support.cpp.o[0m
[14.075s] [ 19%] [32mBuilding CXX object CMakeFiles/ros2_unitree_legged_msgs__rosidl_typesupport_cpp.dir/rosidl_typesupport_cpp/ros2_unitree_legged_msgs/msg/bms_cmd__type_support.cpp.o[0m
[14.075s] [ 20%] [32mBuilding CXX object CMakeFiles/ros2_unitree_legged_msgs__rosidl_typesupport_cpp.dir/rosidl_typesupport_cpp/ros2_unitree_legged_msgs/msg/cartesian__type_support.cpp.o[0m
[14.077s] [ 21%] [32mBuilding CXX object CMakeFiles/ros2_unitree_legged_msgs__rosidl_typesupport_cpp.dir/rosidl_typesupport_cpp/ros2_unitree_legged_msgs/msg/motor_cmd__type_support.cpp.o[0m
[14.080s] [ 22%] [32mBuilding CXX object CMakeFiles/ros2_unitree_legged_msgs__rosidl_typesupport_cpp.dir/rosidl_typesupport_cpp/ros2_unitree_legged_msgs/msg/bms_state__type_support.cpp.o[0m
[14.083s] [ 23%] [32mBuilding CXX object CMakeFiles/ros2_unitree_legged_msgs__rosidl_typesupport_cpp.dir/rosidl_typesupport_cpp/ros2_unitree_legged_msgs/msg/imu__type_support.cpp.o[0m
[14.095s] [ 24%] [32mBuilding CXX object CMakeFiles/ros2_unitree_legged_msgs__rosidl_typesupport_cpp.dir/rosidl_typesupport_cpp/ros2_unitree_legged_msgs/msg/led__type_support.cpp.o[0m
[14.098s] [ 24%] [32mBuilding CXX object CMakeFiles/ros2_unitree_legged_msgs__rosidl_typesupport_cpp.dir/rosidl_typesupport_cpp/ros2_unitree_legged_msgs/msg/low_cmd__type_support.cpp.o[0m
[15.032s] [ 25%] [32mBuilding CXX object CMakeFiles/ros2_unitree_legged_msgs__rosidl_typesupport_cpp.dir/rosidl_typesupport_cpp/ros2_unitree_legged_msgs/msg/low_state__type_support.cpp.o[0m
[15.034s] [ 26%] [32mBuilding CXX object CMakeFiles/ros2_unitree_legged_msgs__rosidl_typesupport_cpp.dir/rosidl_typesupport_cpp/ros2_unitree_legged_msgs/msg/high_cmd__type_support.cpp.o[0m
[15.113s] [ 27%] [32mBuilding CXX object CMakeFiles/ros2_unitree_legged_msgs__rosidl_typesupport_cpp.dir/rosidl_typesupport_cpp/ros2_unitree_legged_msgs/msg/high_state__type_support.cpp.o[0m
[15.214s] [ 27%] [32mBuilding CXX object CMakeFiles/ros2_unitree_legged_msgs__rosidl_typesupport_introspection_cpp.dir/rosidl_typesupport_introspection_cpp/ros2_unitree_legged_msgs/msg/detail/motor_state__type_support.cpp.o[0m
[15.240s] [ 28%] [32mBuilding CXX object CMakeFiles/ros2_unitree_legged_msgs__rosidl_typesupport_introspection_cpp.dir/rosidl_typesupport_introspection_cpp/ros2_unitree_legged_msgs/msg/detail/motor_cmd__type_support.cpp.o[0m
[15.245s] [ 29%] [32mBuilding CXX object CMakeFiles/ros2_unitree_legged_msgs__rosidl_typesupport_introspection_cpp.dir/rosidl_typesupport_introspection_cpp/ros2_unitree_legged_msgs/msg/detail/bms_state__type_support.cpp.o[0m
[15.258s] [ 30%] [32mBuilding CXX object CMakeFiles/ros2_unitree_legged_msgs__rosidl_typesupport_introspection_cpp.dir/rosidl_typesupport_introspection_cpp/ros2_unitree_legged_msgs/msg/detail/bms_cmd__type_support.cpp.o[0m
[15.289s] [ 31%] [32mBuilding CXX object CMakeFiles/ros2_unitree_legged_msgs__rosidl_typesupport_introspection_cpp.dir/rosidl_typesupport_introspection_cpp/ros2_unitree_legged_msgs/msg/detail/cartesian__type_support.cpp.o[0m
[15.338s] [ 32%] [32mBuilding CXX object CMakeFiles/ros2_unitree_legged_msgs__rosidl_typesupport_introspection_cpp.dir/rosidl_typesupport_introspection_cpp/ros2_unitree_legged_msgs/msg/detail/imu__type_support.cpp.o[0m
[15.360s] [ 33%] [32mBuilding CXX object CMakeFiles/ros2_unitree_legged_msgs__rosidl_typesupport_fastrtps_cpp.dir/rosidl_typesupport_fastrtps_cpp/ros2_unitree_legged_msgs/msg/detail/dds_fastrtps/motor_cmd__type_support.cpp.o[0m
[15.961s] [ 34%] [32mBuilding CXX object CMakeFiles/ros2_unitree_legged_msgs__rosidl_typesupport_fastrtps_cpp.dir/rosidl_typesupport_fastrtps_cpp/ros2_unitree_legged_msgs/msg/detail/dds_fastrtps/motor_state__type_support.cpp.o[0m
[16.004s] [ 35%] [32mBuilding CXX object CMakeFiles/ros2_unitree_legged_msgs__rosidl_typesupport_fastrtps_cpp.dir/rosidl_typesupport_fastrtps_cpp/ros2_unitree_legged_msgs/msg/detail/dds_fastrtps/bms_cmd__type_support.cpp.o[0m
[16.072s] [ 36%] [32m[1mLinking CXX shared library libros2_unitree_legged_msgs__rosidl_typesupport_cpp.so[0m
[16.274s] [ 36%] Built target ros2_unitree_legged_msgs__rosidl_typesupport_cpp
[16.460s] [ 37%] [32mBuilding CXX object CMakeFiles/ros2_unitree_legged_msgs__rosidl_typesupport_fastrtps_cpp.dir/rosidl_typesupport_fastrtps_cpp/ros2_unitree_legged_msgs/msg/detail/dds_fastrtps/bms_state__type_support.cpp.o[0m
[16.495s] [ 38%] [32mBuilding CXX object CMakeFiles/ros2_unitree_legged_msgs__rosidl_typesupport_c.dir/rosidl_typesupport_c/ros2_unitree_legged_msgs/msg/motor_cmd__type_support.cpp.o[0m
[16.534s] [ 39%] [32mBuilding CXX object CMakeFiles/ros2_unitree_legged_msgs__rosidl_typesupport_introspection_cpp.dir/rosidl_typesupport_introspection_cpp/ros2_unitree_legged_msgs/msg/detail/led__type_support.cpp.o[0m
[16.686s] [ 41%] [32mBuilding CXX object CMakeFiles/ros2_unitree_legged_msgs__rosidl_typesupport_introspection_cpp.dir/rosidl_typesupport_introspection_cpp/ros2_unitree_legged_msgs/msg/detail/low_cmd__type_support.cpp.o[0m
[16.686s] [ 41%] [32mBuilding CXX object CMakeFiles/ros2_unitree_legged_msgs__rosidl_typesupport_c.dir/rosidl_typesupport_c/ros2_unitree_legged_msgs/msg/motor_state__type_support.cpp.o[0m
[16.715s] [ 42%] [32mBuilding CXX object CMakeFiles/ros2_unitree_legged_msgs__rosidl_typesupport_introspection_cpp.dir/rosidl_typesupport_introspection_cpp/ros2_unitree_legged_msgs/msg/detail/low_state__type_support.cpp.o[0m
[16.723s] [ 42%] [32mBuilding CXX object CMakeFiles/ros2_unitree_legged_msgs__rosidl_typesupport_c.dir/rosidl_typesupport_c/ros2_unitree_legged_msgs/msg/bms_cmd__type_support.cpp.o[0m
[16.729s] [ 43%] [32mBuilding CXX object CMakeFiles/ros2_unitree_legged_msgs__rosidl_typesupport_introspection_cpp.dir/rosidl_typesupport_introspection_cpp/ros2_unitree_legged_msgs/msg/detail/high_cmd__type_support.cpp.o[0m
[16.801s] [ 44%] [32mBuilding CXX object CMakeFiles/ros2_unitree_legged_msgs__rosidl_typesupport_fastrtps_cpp.dir/rosidl_typesupport_fastrtps_cpp/ros2_unitree_legged_msgs/msg/detail/dds_fastrtps/cartesian__type_support.cpp.o[0m
[16.841s] [ 45%] [32mBuilding CXX object CMakeFiles/ros2_unitree_legged_msgs__rosidl_typesupport_c.dir/rosidl_typesupport_c/ros2_unitree_legged_msgs/msg/bms_state__type_support.cpp.o[0m
[16.866s] [ 46%] [32mBuilding CXX object CMakeFiles/ros2_unitree_legged_msgs__rosidl_typesupport_c.dir/rosidl_typesupport_c/ros2_unitree_legged_msgs/msg/cartesian__type_support.cpp.o[0m
[16.922s] [ 47%] [32mBuilding CXX object CMakeFiles/ros2_unitree_legged_msgs__rosidl_typesupport_c.dir/rosidl_typesupport_c/ros2_unitree_legged_msgs/msg/imu__type_support.cpp.o[0m
[17.082s] [ 48%] [32mBuilding CXX object CMakeFiles/ros2_unitree_legged_msgs__rosidl_typesupport_c.dir/rosidl_typesupport_c/ros2_unitree_legged_msgs/msg/led__type_support.cpp.o[0m
[17.107s] [ 49%] [32mBuilding CXX object CMakeFiles/ros2_unitree_legged_msgs__rosidl_typesupport_c.dir/rosidl_typesupport_c/ros2_unitree_legged_msgs/msg/low_cmd__type_support.cpp.o[0m
[17.131s] [ 50%] [32mBuilding CXX object CMakeFiles/ros2_unitree_legged_msgs__rosidl_typesupport_c.dir/rosidl_typesupport_c/ros2_unitree_legged_msgs/msg/low_state__type_support.cpp.o[0m
[17.179s] [ 51%] [32mBuilding C object CMakeFiles/ros2_unitree_legged_msgs__rosidl_typesupport_introspection_c.dir/rosidl_typesupport_introspection_c/ros2_unitree_legged_msgs/msg/detail/motor_cmd__type_support.c.o[0m
[17.230s] [ 52%] [32mBuilding C object CMakeFiles/ros2_unitree_legged_msgs__rosidl_typesupport_introspection_c.dir/rosidl_typesupport_introspection_c/ros2_unitree_legged_msgs/msg/detail/motor_state__type_support.c.o[0m
[17.330s] [ 53%] [32mBuilding CXX object CMakeFiles/ros2_unitree_legged_msgs__rosidl_typesupport_c.dir/rosidl_typesupport_c/ros2_unitree_legged_msgs/msg/high_cmd__type_support.cpp.o[0m
[17.339s] [ 54%] [32mBuilding C object CMakeFiles/ros2_unitree_legged_msgs__rosidl_typesupport_introspection_c.dir/rosidl_typesupport_introspection_c/ros2_unitree_legged_msgs/msg/detail/bms_cmd__type_support.c.o[0m
[17.346s] [ 55%] [32mBuilding CXX object CMakeFiles/ros2_unitree_legged_msgs__rosidl_typesupport_c.dir/rosidl_typesupport_c/ros2_unitree_legged_msgs/msg/high_state__type_support.cpp.o[0m
[17.391s] [ 56%] [32mBuilding C object CMakeFiles/ros2_unitree_legged_msgs__rosidl_typesupport_introspection_c.dir/rosidl_typesupport_introspection_c/ros2_unitree_legged_msgs/msg/detail/bms_state__type_support.c.o[0m
[17.464s] [ 57%] [32m[1mLinking CXX shared library libros2_unitree_legged_msgs__rosidl_typesupport_c.so[0m
[17.500s] [ 58%] [32mBuilding CXX object CMakeFiles/ros2_unitree_legged_msgs__rosidl_typesupport_fastrtps_cpp.dir/rosidl_typesupport_fastrtps_cpp/ros2_unitree_legged_msgs/msg/detail/dds_fastrtps/imu__type_support.cpp.o[0m
[17.519s] [ 59%] [32mBuilding CXX object CMakeFiles/ros2_unitree_legged_msgs__rosidl_typesupport_fastrtps_cpp.dir/rosidl_typesupport_fastrtps_cpp/ros2_unitree_legged_msgs/msg/detail/dds_fastrtps/led__type_support.cpp.o[0m
[17.522s] [ 60%] [32mBuilding CXX object CMakeFiles/ros2_unitree_legged_msgs__rosidl_typesupport_fastrtps_cpp.dir/rosidl_typesupport_fastrtps_cpp/ros2_unitree_legged_msgs/msg/detail/dds_fastrtps/low_cmd__type_support.cpp.o[0m
[17.548s] [ 61%] [32mBuilding C object CMakeFiles/ros2_unitree_legged_msgs__rosidl_typesupport_introspection_c.dir/rosidl_typesupport_introspection_c/ros2_unitree_legged_msgs/msg/detail/cartesian__type_support.c.o[0m
[17.565s] [ 62%] [32mBuilding C object CMakeFiles/ros2_unitree_legged_msgs__rosidl_typesupport_introspection_c.dir/rosidl_typesupport_introspection_c/ros2_unitree_legged_msgs/msg/detail/imu__type_support.c.o[0m
[17.658s] [ 62%] Built target ros2_unitree_legged_msgs__rosidl_typesupport_c
[17.713s] [ 62%] [32mBuilding C object CMakeFiles/ros2_unitree_legged_msgs__rosidl_typesupport_introspection_c.dir/rosidl_typesupport_introspection_c/ros2_unitree_legged_msgs/msg/detail/led__type_support.c.o[0m
[17.723s] [ 63%] [32mBuilding C object CMakeFiles/ros2_unitree_legged_msgs__rosidl_typesupport_introspection_c.dir/rosidl_typesupport_introspection_c/ros2_unitree_legged_msgs/msg/detail/low_cmd__type_support.c.o[0m
[17.783s] [ 64%] [32mBuilding C object CMakeFiles/ros2_unitree_legged_msgs__rosidl_typesupport_introspection_c.dir/rosidl_typesupport_introspection_c/ros2_unitree_legged_msgs/msg/detail/low_state__type_support.c.o[0m
[17.821s] [ 65%] [32mBuilding CXX object CMakeFiles/ros2_unitree_legged_msgs__rosidl_typesupport_fastrtps_c.dir/rosidl_typesupport_fastrtps_c/ros2_unitree_legged_msgs/msg/detail/motor_cmd__type_support_c.cpp.o[0m
[17.851s] [ 66%] [32mBuilding CXX object CMakeFiles/ros2_unitree_legged_msgs__rosidl_typesupport_fastrtps_c.dir/rosidl_typesupport_fastrtps_c/ros2_unitree_legged_msgs/msg/detail/motor_state__type_support_c.cpp.o[0m
[18.027s] [ 67%] [32mBuilding CXX object CMakeFiles/ros2_unitree_legged_msgs__rosidl_typesupport_fastrtps_c.dir/rosidl_typesupport_fastrtps_c/ros2_unitree_legged_msgs/msg/detail/bms_cmd__type_support_c.cpp.o[0m
[18.039s] [ 68%] [32mBuilding CXX object CMakeFiles/ros2_unitree_legged_msgs__rosidl_typesupport_fastrtps_cpp.dir/rosidl_typesupport_fastrtps_cpp/ros2_unitree_legged_msgs/msg/detail/dds_fastrtps/low_state__type_support.cpp.o[0m
[18.041s] [ 69%] [32mBuilding C object CMakeFiles/ros2_unitree_legged_msgs__rosidl_typesupport_introspection_c.dir/rosidl_typesupport_introspection_c/ros2_unitree_legged_msgs/msg/detail/high_state__type_support.c.o[0m
[18.080s] [ 70%] [32mBuilding C object CMakeFiles/ros2_unitree_legged_msgs__rosidl_typesupport_introspection_c.dir/rosidl_typesupport_introspection_c/ros2_unitree_legged_msgs/msg/detail/high_cmd__type_support.c.o[0m
[18.250s] [ 71%] [32mBuilding CXX object CMakeFiles/ros2_unitree_legged_msgs__rosidl_typesupport_fastrtps_c.dir/rosidl_typesupport_fastrtps_c/ros2_unitree_legged_msgs/msg/detail/bms_state__type_support_c.cpp.o[0m
[18.270s] [ 72%] [32m[1mLinking C shared library libros2_unitree_legged_msgs__rosidl_typesupport_introspection_c.so[0m
[18.305s] [ 72%] [32mBuilding CXX object CMakeFiles/ros2_unitree_legged_msgs__rosidl_typesupport_fastrtps_cpp.dir/rosidl_typesupport_fastrtps_cpp/ros2_unitree_legged_msgs/msg/detail/dds_fastrtps/high_cmd__type_support.cpp.o[0m
[18.320s] [ 73%] [32mBuilding CXX object CMakeFiles/ros2_unitree_legged_msgs__rosidl_typesupport_fastrtps_cpp.dir/rosidl_typesupport_fastrtps_cpp/ros2_unitree_legged_msgs/msg/detail/dds_fastrtps/high_state__type_support.cpp.o[0m
[18.492s] [ 73%] Built target ros2_unitree_legged_msgs__rosidl_typesupport_introspection_c
[18.506s] [ 74%] [32mBuilding CXX object CMakeFiles/ros2_unitree_legged_msgs__rosidl_typesupport_introspection_cpp.dir/rosidl_typesupport_introspection_cpp/ros2_unitree_legged_msgs/msg/detail/high_state__type_support.cpp.o[0m
[18.547s] [ 74%] [32mBuilding CXX object CMakeFiles/ros2_unitree_legged_msgs__rosidl_typesupport_fastrtps_c.dir/rosidl_typesupport_fastrtps_c/ros2_unitree_legged_msgs/msg/detail/cartesian__type_support_c.cpp.o[0m
[18.825s] [ 75%] [32mBuilding CXX object CMakeFiles/ros2_unitree_legged_msgs__rosidl_typesupport_fastrtps_c.dir/rosidl_typesupport_fastrtps_c/ros2_unitree_legged_msgs/msg/detail/imu__type_support_c.cpp.o[0m
[18.893s] [ 76%] [32mBuilding CXX object CMakeFiles/ros2_unitree_legged_msgs__rosidl_typesupport_fastrtps_c.dir/rosidl_typesupport_fastrtps_c/ros2_unitree_legged_msgs/msg/detail/led__type_support_c.cpp.o[0m
[19.084s] [ 77%] [32mBuilding CXX object CMakeFiles/ros2_unitree_legged_msgs__rosidl_typesupport_fastrtps_c.dir/rosidl_typesupport_fastrtps_c/ros2_unitree_legged_msgs/msg/detail/low_cmd__type_support_c.cpp.o[0m
[19.114s] [ 78%] [32mBuilding CXX object CMakeFiles/ros2_unitree_legged_msgs__rosidl_typesupport_fastrtps_c.dir/rosidl_typesupport_fastrtps_c/ros2_unitree_legged_msgs/msg/detail/low_state__type_support_c.cpp.o[0m
[19.208s] [ 79%] [32mBuilding CXX object CMakeFiles/ros2_unitree_legged_msgs__rosidl_typesupport_fastrtps_c.dir/rosidl_typesupport_fastrtps_c/ros2_unitree_legged_msgs/msg/detail/high_cmd__type_support_c.cpp.o[0m
[19.375s] [ 80%] [32mBuilding CXX object CMakeFiles/ros2_unitree_legged_msgs__rosidl_typesupport_fastrtps_c.dir/rosidl_typesupport_fastrtps_c/ros2_unitree_legged_msgs/msg/detail/high_state__type_support_c.cpp.o[0m
[19.930s] [ 81%] [32m[1mLinking CXX shared library libros2_unitree_legged_msgs__rosidl_typesupport_fastrtps_cpp.so[0m
[20.194s] [ 82%] [32m[1mLinking CXX shared library libros2_unitree_legged_msgs__rosidl_typesupport_introspection_cpp.so[0m
[20.199s] [ 82%] Built target ros2_unitree_legged_msgs__rosidl_typesupport_fastrtps_cpp
[20.454s] [ 82%] Built target ros2_unitree_legged_msgs__rosidl_typesupport_introspection_cpp
[20.605s] [ 83%] [32m[1mLinking CXX shared library libros2_unitree_legged_msgs__rosidl_typesupport_fastrtps_c.so[0m
[20.823s] [ 83%] Built target ros2_unitree_legged_msgs__rosidl_typesupport_fastrtps_c
[20.880s] [ 83%] Built target ros2_unitree_legged_msgs
[20.931s] [ 84%] [34m[1mGenerating Python code for ROS interfaces[0m
[25.254s] [ 84%] Built target ros2_unitree_legged_msgs__py
[25.319s] [ 85%] [32mBuilding C object CMakeFiles/ros2_unitree_legged_msgs__rosidl_generator_py.dir/rosidl_generator_py/ros2_unitree_legged_msgs/msg/_motor_cmd_s.c.o[0m
[25.321s] [ 86%] [32mBuilding C object CMakeFiles/ros2_unitree_legged_msgs__rosidl_generator_py.dir/rosidl_generator_py/ros2_unitree_legged_msgs/msg/_bms_cmd_s.c.o[0m
[25.322s] [ 88%] [32mBuilding C object CMakeFiles/ros2_unitree_legged_msgs__rosidl_generator_py.dir/rosidl_generator_py/ros2_unitree_legged_msgs/msg/_cartesian_s.c.o[0m
[25.322s] [ 88%] [32mBuilding C object CMakeFiles/ros2_unitree_legged_msgs__rosidl_generator_py.dir/rosidl_generator_py/ros2_unitree_legged_msgs/msg/_motor_state_s.c.o[0m
[25.323s] [ 89%] [32mBuilding C object CMakeFiles/ros2_unitree_legged_msgs__rosidl_generator_py.dir/rosidl_generator_py/ros2_unitree_legged_msgs/msg/_bms_state_s.c.o[0m
[25.324s] [ 90%] [32mBuilding C object CMakeFiles/ros2_unitree_legged_msgs__rosidl_generator_py.dir/rosidl_generator_py/ros2_unitree_legged_msgs/msg/_high_cmd_s.c.o[0m
[25.324s] [ 91%] [32mBuilding C object CMakeFiles/ros2_unitree_legged_msgs__rosidl_generator_py.dir/rosidl_generator_py/ros2_unitree_legged_msgs/msg/_led_s.c.o[0m
[25.325s] [ 91%] [32mBuilding C object CMakeFiles/ros2_unitree_legged_msgs__rosidl_generator_py.dir/rosidl_generator_py/ros2_unitree_legged_msgs/msg/_imu_s.c.o[0m
[25.330s] [ 92%] [32mBuilding C object CMakeFiles/ros2_unitree_legged_msgs__rosidl_generator_py.dir/rosidl_generator_py/ros2_unitree_legged_msgs/msg/_low_cmd_s.c.o[0m
[25.332s] [ 94%] [32mBuilding C object CMakeFiles/ros2_unitree_legged_msgs__rosidl_generator_py.dir/rosidl_generator_py/ros2_unitree_legged_msgs/msg/_high_state_s.c.o[0m
[25.332s] [ 94%] [32mBuilding C object CMakeFiles/ros2_unitree_legged_msgs__rosidl_generator_py.dir/rosidl_generator_py/ros2_unitree_legged_msgs/msg/_low_state_s.c.o[0m
[25.734s] [ 95%] [32m[1mLinking C shared library rosidl_generator_py/ros2_unitree_legged_msgs/libros2_unitree_legged_msgs__rosidl_generator_py.so[0m
[25.831s] [ 95%] Built target ros2_unitree_legged_msgs__rosidl_generator_py
[25.885s] [ 95%] [32mBuilding C object CMakeFiles/ros2_unitree_legged_msgs__rosidl_typesupport_c__pyext.dir/rosidl_generator_py/ros2_unitree_legged_msgs/_ros2_unitree_legged_msgs_s.ep.rosidl_typesupport_c.c.o[0m
[25.887s] [ 96%] [32mBuilding C object CMakeFiles/ros2_unitree_legged_msgs__rosidl_typesupport_fastrtps_c__pyext.dir/rosidl_generator_py/ros2_unitree_legged_msgs/_ros2_unitree_legged_msgs_s.ep.rosidl_typesupport_fastrtps_c.c.o[0m
[25.890s] [ 97%] [32mBuilding C object CMakeFiles/ros2_unitree_legged_msgs__rosidl_typesupport_introspection_c__pyext.dir/rosidl_generator_py/ros2_unitree_legged_msgs/_ros2_unitree_legged_msgs_s.ep.rosidl_typesupport_introspection_c.c.o[0m
[26.167s] [ 98%] [32m[1mLinking C shared library rosidl_generator_py/ros2_unitree_legged_msgs/ros2_unitree_legged_msgs_s__rosidl_typesupport_c.cpython-310-x86_64-linux-gnu.so[0m
[26.176s] [ 99%] [32m[1mLinking C shared library rosidl_generator_py/ros2_unitree_legged_msgs/ros2_unitree_legged_msgs_s__rosidl_typesupport_fastrtps_c.cpython-310-x86_64-linux-gnu.so[0m
[26.177s] [100%] [32m[1mLinking C shared library rosidl_generator_py/ros2_unitree_legged_msgs/ros2_unitree_legged_msgs_s__rosidl_typesupport_introspection_c.cpython-310-x86_64-linux-gnu.so[0m
[26.265s] [100%] Built target ros2_unitree_legged_msgs__rosidl_typesupport_c__pyext
[26.273s] [100%] Built target ros2_unitree_legged_msgs__rosidl_typesupport_introspection_c__pyext
[26.279s] [100%] Built target ros2_unitree_legged_msgs__rosidl_typesupport_fastrtps_c__pyext
[26.310s] Invoked command in '/home/rs/go1_robot/build/ros2_unitree_legged_msgs' returned '0': CMAKE_PREFIX_PATH=/opt/ros/humble /usr/bin/cmake --build /home/rs/go1_robot/build/ros2_unitree_legged_msgs -- -j13 -l13
[27.302s] Invoking command in '/home/rs/go1_robot/build/ros2_unitree_legged_msgs': CMAKE_PREFIX_PATH=/opt/ros/humble /usr/bin/cmake --install /home/rs/go1_robot/build/ros2_unitree_legged_msgs
[27.318s] -- Install configuration: ""
[27.318s] -- Installing: /home/rs/go1_robot/install/ros2_unitree_legged_msgs/share/ament_index/resource_index/rosidl_interfaces/ros2_unitree_legged_msgs
[27.321s] -- Up-to-date: /home/rs/go1_robot/install/ros2_unitree_legged_msgs/include/ros2_unitree_legged_msgs/ros2_unitree_legged_msgs
[27.322s] -- Up-to-date: /home/rs/go1_robot/install/ros2_unitree_legged_msgs/include/ros2_unitree_legged_msgs/ros2_unitree_legged_msgs/msg
[27.323s] -- Installing: /home/rs/go1_robot/install/ros2_unitree_legged_msgs/include/ros2_unitree_legged_msgs/ros2_unitree_legged_msgs/msg/imu.h
[27.323s] -- Installing: /home/rs/go1_robot/install/ros2_unitree_legged_msgs/include/ros2_unitree_legged_msgs/ros2_unitree_legged_msgs/msg/bms_state.h
[27.324s] -- Installing: /home/rs/go1_robot/install/ros2_unitree_legged_msgs/include/ros2_unitree_legged_msgs/ros2_unitree_legged_msgs/msg/high_cmd.h
[27.324s] -- Installing: /home/rs/go1_robot/install/ros2_unitree_legged_msgs/include/ros2_unitree_legged_msgs/ros2_unitree_legged_msgs/msg/cartesian.h
[27.325s] -- Up-to-date: /home/rs/go1_robot/install/ros2_unitree_legged_msgs/include/ros2_unitree_legged_msgs/ros2_unitree_legged_msgs/msg/detail
[27.325s] -- Installing: /home/rs/go1_robot/install/ros2_unitree_legged_msgs/include/ros2_unitree_legged_msgs/ros2_unitree_legged_msgs/msg/detail/motor_state__functions.c
[27.326s] -- Installing: /home/rs/go1_robot/install/ros2_unitree_legged_msgs/include/ros2_unitree_legged_msgs/ros2_unitree_legged_msgs/msg/detail/bms_state__type_support.h
[27.326s] -- Installing: /home/rs/go1_robot/install/ros2_unitree_legged_msgs/include/ros2_unitree_legged_msgs/ros2_unitree_legged_msgs/msg/detail/led__functions.c
[27.326s] -- Installing: /home/rs/go1_robot/install/ros2_unitree_legged_msgs/include/ros2_unitree_legged_msgs/ros2_unitree_legged_msgs/msg/detail/imu__struct.h
[27.327s] -- Installing: /home/rs/go1_robot/install/ros2_unitree_legged_msgs/include/ros2_unitree_legged_msgs/ros2_unitree_legged_msgs/msg/detail/low_state__functions.c
[27.327s] -- Installing: /home/rs/go1_robot/install/ros2_unitree_legged_msgs/include/ros2_unitree_legged_msgs/ros2_unitree_legged_msgs/msg/detail/low_cmd__functions.c
[27.327s] -- Installing: /home/rs/go1_robot/install/ros2_unitree_legged_msgs/include/ros2_unitree_legged_msgs/ros2_unitree_legged_msgs/msg/detail/cartesian__struct.h
[27.328s] -- Installing: /home/rs/go1_robot/install/ros2_unitree_legged_msgs/include/ros2_unitree_legged_msgs/ros2_unitree_legged_msgs/msg/detail/high_state__type_support.h
[27.328s] -- Installing: /home/rs/go1_robot/install/ros2_unitree_legged_msgs/include/ros2_unitree_legged_msgs/ros2_unitree_legged_msgs/msg/detail/motor_cmd__functions.c
[27.329s] -- Installing: /home/rs/go1_robot/install/ros2_unitree_legged_msgs/include/ros2_unitree_legged_msgs/ros2_unitree_legged_msgs/msg/detail/imu__functions.h
[27.329s] -- Installing: /home/rs/go1_robot/install/ros2_unitree_legged_msgs/include/ros2_unitree_legged_msgs/ros2_unitree_legged_msgs/msg/detail/led__type_support.h
[27.329s] -- Installing: /home/rs/go1_robot/install/ros2_unitree_legged_msgs/include/ros2_unitree_legged_msgs/ros2_unitree_legged_msgs/msg/detail/motor_cmd__type_support.h
[27.330s] -- Installing: /home/rs/go1_robot/install/ros2_unitree_legged_msgs/include/ros2_unitree_legged_msgs/ros2_unitree_legged_msgs/msg/detail/led__struct.h
[27.331s] -- Installing: /home/rs/go1_robot/install/ros2_unitree_legged_msgs/include/ros2_unitree_legged_msgs/ros2_unitree_legged_msgs/msg/detail/motor_state__type_support.h
[27.331s] -- Installing: /home/rs/go1_robot/install/ros2_unitree_legged_msgs/include/ros2_unitree_legged_msgs/ros2_unitree_legged_msgs/msg/detail/bms_cmd__functions.h
[27.331s] -- Installing: /home/rs/go1_robot/install/ros2_unitree_legged_msgs/include/ros2_unitree_legged_msgs/ros2_unitree_legged_msgs/msg/detail/bms_state__functions.h
[27.332s] -- Installing: /home/rs/go1_robot/install/ros2_unitree_legged_msgs/include/ros2_unitree_legged_msgs/ros2_unitree_legged_msgs/msg/detail/high_cmd__struct.h
[27.332s] -- Installing: /home/rs/go1_robot/install/ros2_unitree_legged_msgs/include/ros2_unitree_legged_msgs/ros2_unitree_legged_msgs/msg/detail/cartesian__functions.c
[27.333s] -- Installing: /home/rs/go1_robot/install/ros2_unitree_legged_msgs/include/ros2_unitree_legged_msgs/ros2_unitree_legged_msgs/msg/detail/bms_cmd__functions.c
[27.333s] -- Installing: /home/rs/go1_robot/install/ros2_unitree_legged_msgs/include/ros2_unitree_legged_msgs/ros2_unitree_legged_msgs/msg/detail/bms_cmd__struct.h
[27.333s] -- Installing: /home/rs/go1_robot/install/ros2_unitree_legged_msgs/include/ros2_unitree_legged_msgs/ros2_unitree_legged_msgs/msg/detail/bms_state__struct.h
[27.334s] -- Installing: /home/rs/go1_robot/install/ros2_unitree_legged_msgs/include/ros2_unitree_legged_msgs/ros2_unitree_legged_msgs/msg/detail/motor_state__struct.h
[27.334s] -- Installing: /home/rs/go1_robot/install/ros2_unitree_legged_msgs/include/ros2_unitree_legged_msgs/ros2_unitree_legged_msgs/msg/detail/imu__functions.c
[27.335s] -- Installing: /home/rs/go1_robot/install/ros2_unitree_legged_msgs/include/ros2_unitree_legged_msgs/ros2_unitree_legged_msgs/msg/detail/high_cmd__type_support.h
[27.335s] -- Installing: /home/rs/go1_robot/install/ros2_unitree_legged_msgs/include/ros2_unitree_legged_msgs/ros2_unitree_legged_msgs/msg/detail/high_state__functions.c
[27.336s] -- Installing: /home/rs/go1_robot/install/ros2_unitree_legged_msgs/include/ros2_unitree_legged_msgs/ros2_unitree_legged_msgs/msg/detail/bms_state__functions.c
[27.338s] -- Installing: /home/rs/go1_robot/install/ros2_unitree_legged_msgs/include/ros2_unitree_legged_msgs/ros2_unitree_legged_msgs/msg/detail/cartesian__type_support.h
[27.340s] -- Installing: /home/rs/go1_robot/install/ros2_unitree_legged_msgs/include/ros2_unitree_legged_msgs/ros2_unitree_legged_msgs/msg/detail/high_state__struct.h
[27.341s] -- Installing: /home/rs/go1_robot/install/ros2_unitree_legged_msgs/include/ros2_unitree_legged_msgs/ros2_unitree_legged_msgs/msg/detail/motor_cmd__struct.h
[27.343s] -- Installing: /home/rs/go1_robot/install/ros2_unitree_legged_msgs/include/ros2_unitree_legged_msgs/ros2_unitree_legged_msgs/msg/detail/cartesian__functions.h
[27.344s] -- Installing: /home/rs/go1_robot/install/ros2_unitree_legged_msgs/include/ros2_unitree_legged_msgs/ros2_unitree_legged_msgs/msg/detail/bms_cmd__type_support.h
[27.345s] -- Installing: /home/rs/go1_robot/install/ros2_unitree_legged_msgs/include/ros2_unitree_legged_msgs/ros2_unitree_legged_msgs/msg/detail/low_cmd__functions.h
[27.345s] -- Installing: /home/rs/go1_robot/install/ros2_unitree_legged_msgs/include/ros2_unitree_legged_msgs/ros2_unitree_legged_msgs/msg/detail/high_state__functions.h
[27.346s] -- Installing: /home/rs/go1_robot/install/ros2_unitree_legged_msgs/include/ros2_unitree_legged_msgs/ros2_unitree_legged_msgs/msg/detail/low_state__struct.h
[27.346s] -- Installing: /home/rs/go1_robot/install/ros2_unitree_legged_msgs/include/ros2_unitree_legged_msgs/ros2_unitree_legged_msgs/msg/detail/motor_state__functions.h
[27.346s] -- Installing: /home/rs/go1_robot/install/ros2_unitree_legged_msgs/include/ros2_unitree_legged_msgs/ros2_unitree_legged_msgs/msg/detail/high_cmd__functions.c
[27.347s] -- Installing: /home/rs/go1_robot/install/ros2_unitree_legged_msgs/include/ros2_unitree_legged_msgs/ros2_unitree_legged_msgs/msg/detail/low_state__type_support.h
[27.347s] -- Installing: /home/rs/go1_robot/install/ros2_unitree_legged_msgs/include/ros2_unitree_legged_msgs/ros2_unitree_legged_msgs/msg/detail/low_cmd__type_support.h
[27.348s] -- Installing: /home/rs/go1_robot/install/ros2_unitree_legged_msgs/include/ros2_unitree_legged_msgs/ros2_unitree_legged_msgs/msg/detail/led__functions.h
[27.348s] -- Installing: /home/rs/go1_robot/install/ros2_unitree_legged_msgs/include/ros2_unitree_legged_msgs/ros2_unitree_legged_msgs/msg/detail/motor_cmd__functions.h
[27.348s] -- Installing: /home/rs/go1_robot/install/ros2_unitree_legged_msgs/include/ros2_unitree_legged_msgs/ros2_unitree_legged_msgs/msg/detail/high_cmd__functions.h
[27.349s] -- Installing: /home/rs/go1_robot/install/ros2_unitree_legged_msgs/include/ros2_unitree_legged_msgs/ros2_unitree_legged_msgs/msg/detail/low_state__functions.h
[27.350s] -- Installing: /home/rs/go1_robot/install/ros2_unitree_legged_msgs/include/ros2_unitree_legged_msgs/ros2_unitree_legged_msgs/msg/detail/imu__type_support.h
[27.350s] -- Installing: /home/rs/go1_robot/install/ros2_unitree_legged_msgs/include/ros2_unitree_legged_msgs/ros2_unitree_legged_msgs/msg/detail/low_cmd__struct.h
[27.350s] -- Installing: /home/rs/go1_robot/install/ros2_unitree_legged_msgs/include/ros2_unitree_legged_msgs/ros2_unitree_legged_msgs/msg/low_cmd.h
[27.351s] -- Installing: /home/rs/go1_robot/install/ros2_unitree_legged_msgs/include/ros2_unitree_legged_msgs/ros2_unitree_legged_msgs/msg/high_state.h
[27.351s] -- Installing: /home/rs/go1_robot/install/ros2_unitree_legged_msgs/include/ros2_unitree_legged_msgs/ros2_unitree_legged_msgs/msg/motor_cmd.h
[27.351s] -- Installing: /home/rs/go1_robot/install/ros2_unitree_legged_msgs/include/ros2_unitree_legged_msgs/ros2_unitree_legged_msgs/msg/rosidl_generator_c__visibility_control.h
[27.352s] -- Installing: /home/rs/go1_robot/install/ros2_unitree_legged_msgs/include/ros2_unitree_legged_msgs/ros2_unitree_legged_msgs/msg/led.h
[27.352s] -- Installing: /home/rs/go1_robot/install/ros2_unitree_legged_msgs/include/ros2_unitree_legged_msgs/ros2_unitree_legged_msgs/msg/low_state.h
[27.353s] -- Installing: /home/rs/go1_robot/install/ros2_unitree_legged_msgs/include/ros2_unitree_legged_msgs/ros2_unitree_legged_msgs/msg/motor_state.h
[27.353s] -- Installing: /home/rs/go1_robot/install/ros2_unitree_legged_msgs/include/ros2_unitree_legged_msgs/ros2_unitree_legged_msgs/msg/bms_cmd.h
[27.353s] -- Installing: /home/rs/go1_robot/install/ros2_unitree_legged_msgs/share/ros2_unitree_legged_msgs/environment/library_path.sh
[27.354s] -- Installing: /home/rs/go1_robot/install/ros2_unitree_legged_msgs/share/ros2_unitree_legged_msgs/environment/library_path.dsv
[27.355s] -- Installing: /home/rs/go1_robot/install/ros2_unitree_legged_msgs/lib/libros2_unitree_legged_msgs__rosidl_generator_c.so
[27.355s] -- Set runtime path of "/home/rs/go1_robot/install/ros2_unitree_legged_msgs/lib/libros2_unitree_legged_msgs__rosidl_generator_c.so" to ""
[27.355s] -- Up-to-date: /home/rs/go1_robot/install/ros2_unitree_legged_msgs/include/ros2_unitree_legged_msgs/ros2_unitree_legged_msgs
[27.356s] -- Up-to-date: /home/rs/go1_robot/install/ros2_unitree_legged_msgs/include/ros2_unitree_legged_msgs/ros2_unitree_legged_msgs/msg
[27.356s] -- Up-to-date: /home/rs/go1_robot/install/ros2_unitree_legged_msgs/include/ros2_unitree_legged_msgs/ros2_unitree_legged_msgs/msg/detail
[27.357s] -- Installing: /home/rs/go1_robot/install/ros2_unitree_legged_msgs/include/ros2_unitree_legged_msgs/ros2_unitree_legged_msgs/msg/detail/low_cmd__rosidl_typesupport_fastrtps_c.h
[27.357s] -- Installing: /home/rs/go1_robot/install/ros2_unitree_legged_msgs/include/ros2_unitree_legged_msgs/ros2_unitree_legged_msgs/msg/detail/motor_cmd__rosidl_typesupport_fastrtps_c.h
[27.357s] -- Installing: /home/rs/go1_robot/install/ros2_unitree_legged_msgs/include/ros2_unitree_legged_msgs/ros2_unitree_legged_msgs/msg/detail/led__rosidl_typesupport_fastrtps_c.h
[27.358s] -- Installing: /home/rs/go1_robot/install/ros2_unitree_legged_msgs/include/ros2_unitree_legged_msgs/ros2_unitree_legged_msgs/msg/detail/high_cmd__rosidl_typesupport_fastrtps_c.h
[27.358s] -- Installing: /home/rs/go1_robot/install/ros2_unitree_legged_msgs/include/ros2_unitree_legged_msgs/ros2_unitree_legged_msgs/msg/detail/high_state__rosidl_typesupport_fastrtps_c.h
[27.359s] -- Installing: /home/rs/go1_robot/install/ros2_unitree_legged_msgs/include/ros2_unitree_legged_msgs/ros2_unitree_legged_msgs/msg/detail/imu__rosidl_typesupport_fastrtps_c.h
[27.359s] -- Installing: /home/rs/go1_robot/install/ros2_unitree_legged_msgs/include/ros2_unitree_legged_msgs/ros2_unitree_legged_msgs/msg/detail/bms_state__rosidl_typesupport_fastrtps_c.h
[27.360s] -- Installing: /home/rs/go1_robot/install/ros2_unitree_legged_msgs/include/ros2_unitree_legged_msgs/ros2_unitree_legged_msgs/msg/detail/low_state__rosidl_typesupport_fastrtps_c.h
[27.360s] -- Installing: /home/rs/go1_robot/install/ros2_unitree_legged_msgs/include/ros2_unitree_legged_msgs/ros2_unitree_legged_msgs/msg/detail/cartesian__rosidl_typesupport_fastrtps_c.h
[27.360s] -- Installing: /home/rs/go1_robot/install/ros2_unitree_legged_msgs/include/ros2_unitree_legged_msgs/ros2_unitree_legged_msgs/msg/detail/bms_cmd__rosidl_typesupport_fastrtps_c.h
[27.361s] -- Installing: /home/rs/go1_robot/install/ros2_unitree_legged_msgs/include/ros2_unitree_legged_msgs/ros2_unitree_legged_msgs/msg/detail/motor_state__rosidl_typesupport_fastrtps_c.h
[27.362s] -- Installing: /home/rs/go1_robot/install/ros2_unitree_legged_msgs/include/ros2_unitree_legged_msgs/ros2_unitree_legged_msgs/msg/rosidl_typesupport_fastrtps_c__visibility_control.h
[27.362s] -- Installing: /home/rs/go1_robot/install/ros2_unitree_legged_msgs/lib/libros2_unitree_legged_msgs__rosidl_typesupport_fastrtps_c.so
[27.363s] -- Set runtime path of "/home/rs/go1_robot/install/ros2_unitree_legged_msgs/lib/libros2_unitree_legged_msgs__rosidl_typesupport_fastrtps_c.so" to ""
[27.363s] -- Up-to-date: /home/rs/go1_robot/install/ros2_unitree_legged_msgs/include/ros2_unitree_legged_msgs/ros2_unitree_legged_msgs
[27.363s] -- Up-to-date: /home/rs/go1_robot/install/ros2_unitree_legged_msgs/include/ros2_unitree_legged_msgs/ros2_unitree_legged_msgs/msg
[27.363s] -- Installing: /home/rs/go1_robot/install/ros2_unitree_legged_msgs/include/ros2_unitree_legged_msgs/ros2_unitree_legged_msgs/msg/rosidl_typesupport_introspection_c__visibility_control.h
[27.363s] -- Up-to-date: /home/rs/go1_robot/install/ros2_unitree_legged_msgs/include/ros2_unitree_legged_msgs/ros2_unitree_legged_msgs/msg/detail
[27.363s] -- Installing: /home/rs/go1_robot/install/ros2_unitree_legged_msgs/include/ros2_unitree_legged_msgs/ros2_unitree_legged_msgs/msg/detail/imu__type_support.c
[27.364s] -- Installing: /home/rs/go1_robot/install/ros2_unitree_legged_msgs/include/ros2_unitree_legged_msgs/ros2_unitree_legged_msgs/msg/detail/motor_cmd__rosidl_typesupport_introspection_c.h
[27.367s] -- Installing: /home/rs/go1_robot/install/ros2_unitree_legged_msgs/include/ros2_unitree_legged_msgs/ros2_unitree_legged_msgs/msg/detail/bms_state__rosidl_typesupport_introspection_c.h
[27.368s] -- Installing: /home/rs/go1_robot/install/ros2_unitree_legged_msgs/include/ros2_unitree_legged_msgs/ros2_unitree_legged_msgs/msg/detail/low_state__type_support.c
[27.368s] -- Installing: /home/rs/go1_robot/install/ros2_unitree_legged_msgs/include/ros2_unitree_legged_msgs/ros2_unitree_legged_msgs/msg/detail/low_state__rosidl_typesupport_introspection_c.h
[27.368s] -- Installing: /home/rs/go1_robot/install/ros2_unitree_legged_msgs/include/ros2_unitree_legged_msgs/ros2_unitree_legged_msgs/msg/detail/motor_state__type_support.c
[27.369s] -- Installing: /home/rs/go1_robot/install/ros2_unitree_legged_msgs/include/ros2_unitree_legged_msgs/ros2_unitree_legged_msgs/msg/detail/low_cmd__type_support.c
[27.369s] -- Installing: /home/rs/go1_robot/install/ros2_unitree_legged_msgs/include/ros2_unitree_legged_msgs/ros2_unitree_legged_msgs/msg/detail/high_state__type_support.c
[27.369s] -- Installing: /home/rs/go1_robot/install/ros2_unitree_legged_msgs/include/ros2_unitree_legged_msgs/ros2_unitree_legged_msgs/msg/detail/high_cmd__rosidl_typesupport_introspection_c.h
[27.370s] -- Installing: /home/rs/go1_robot/install/ros2_unitree_legged_msgs/include/ros2_unitree_legged_msgs/ros2_unitree_legged_msgs/msg/detail/cartesian__type_support.c
[27.370s] -- Installing: /home/rs/go1_robot/install/ros2_unitree_legged_msgs/include/ros2_unitree_legged_msgs/ros2_unitree_legged_msgs/msg/detail/led__rosidl_typesupport_introspection_c.h
[27.371s] -- Installing: /home/rs/go1_robot/install/ros2_unitree_legged_msgs/include/ros2_unitree_legged_msgs/ros2_unitree_legged_msgs/msg/detail/bms_state__type_support.c
[27.371s] -- Installing: /home/rs/go1_robot/install/ros2_unitree_legged_msgs/include/ros2_unitree_legged_msgs/ros2_unitree_legged_msgs/msg/detail/imu__rosidl_typesupport_introspection_c.h
[27.371s] -- Installing: /home/rs/go1_robot/install/ros2_unitree_legged_msgs/include/ros2_unitree_legged_msgs/ros2_unitree_legged_msgs/msg/detail/motor_state__rosidl_typesupport_introspection_c.h
[27.372s] -- Installing: /home/rs/go1_robot/install/ros2_unitree_legged_msgs/include/ros2_unitree_legged_msgs/ros2_unitree_legged_msgs/msg/detail/low_cmd__rosidl_typesupport_introspection_c.h
[27.372s] -- Installing: /home/rs/go1_robot/install/ros2_unitree_legged_msgs/include/ros2_unitree_legged_msgs/ros2_unitree_legged_msgs/msg/detail/high_state__rosidl_typesupport_introspection_c.h
[27.372s] -- Installing: /home/rs/go1_robot/install/ros2_unitree_legged_msgs/include/ros2_unitree_legged_msgs/ros2_unitree_legged_msgs/msg/detail/high_cmd__type_support.c
[27.373s] -- Installing: /home/rs/go1_robot/install/ros2_unitree_legged_msgs/include/ros2_unitree_legged_msgs/ros2_unitree_legged_msgs/msg/detail/motor_cmd__type_support.c
[27.373s] -- Installing: /home/rs/go1_robot/install/ros2_unitree_legged_msgs/include/ros2_unitree_legged_msgs/ros2_unitree_legged_msgs/msg/detail/cartesian__rosidl_typesupport_introspection_c.h
[27.373s] -- Installing: /home/rs/go1_robot/install/ros2_unitree_legged_msgs/include/ros2_unitree_legged_msgs/ros2_unitree_legged_msgs/msg/detail/bms_cmd__rosidl_typesupport_introspection_c.h
[27.374s] -- Installing: /home/rs/go1_robot/install/ros2_unitree_legged_msgs/include/ros2_unitree_legged_msgs/ros2_unitree_legged_msgs/msg/detail/led__type_support.c
[27.374s] -- Installing: /home/rs/go1_robot/install/ros2_unitree_legged_msgs/include/ros2_unitree_legged_msgs/ros2_unitree_legged_msgs/msg/detail/bms_cmd__type_support.c
[27.375s] -- Installing: /home/rs/go1_robot/install/ros2_unitree_legged_msgs/lib/libros2_unitree_legged_msgs__rosidl_typesupport_introspection_c.so
[27.375s] -- Set runtime path of "/home/rs/go1_robot/install/ros2_unitree_legged_msgs/lib/libros2_unitree_legged_msgs__rosidl_typesupport_introspection_c.so" to ""
[27.375s] -- Installing: /home/rs/go1_robot/install/ros2_unitree_legged_msgs/lib/libros2_unitree_legged_msgs__rosidl_typesupport_c.so
[27.376s] -- Set runtime path of "/home/rs/go1_robot/install/ros2_unitree_legged_msgs/lib/libros2_unitree_legged_msgs__rosidl_typesupport_c.so" to ""
[27.376s] -- Up-to-date: /home/rs/go1_robot/install/ros2_unitree_legged_msgs/include/ros2_unitree_legged_msgs/ros2_unitree_legged_msgs
[27.377s] -- Up-to-date: /home/rs/go1_robot/install/ros2_unitree_legged_msgs/include/ros2_unitree_legged_msgs/ros2_unitree_legged_msgs/msg
[27.378s] -- Installing: /home/rs/go1_robot/install/ros2_unitree_legged_msgs/include/ros2_unitree_legged_msgs/ros2_unitree_legged_msgs/msg/motor_state.hpp
[27.378s] -- Installing: /home/rs/go1_robot/install/ros2_unitree_legged_msgs/include/ros2_unitree_legged_msgs/ros2_unitree_legged_msgs/msg/bms_cmd.hpp
[27.378s] -- Up-to-date: /home/rs/go1_robot/install/ros2_unitree_legged_msgs/include/ros2_unitree_legged_msgs/ros2_unitree_legged_msgs/msg/detail
[27.379s] -- Installing: /home/rs/go1_robot/install/ros2_unitree_legged_msgs/include/ros2_unitree_legged_msgs/ros2_unitree_legged_msgs/msg/detail/bms_cmd__struct.hpp
[27.379s] -- Installing: /home/rs/go1_robot/install/ros2_unitree_legged_msgs/include/ros2_unitree_legged_msgs/ros2_unitree_legged_msgs/msg/detail/imu__struct.hpp
[27.379s] -- Installing: /home/rs/go1_robot/install/ros2_unitree_legged_msgs/include/ros2_unitree_legged_msgs/ros2_unitree_legged_msgs/msg/detail/bms_state__traits.hpp
[27.380s] -- Installing: /home/rs/go1_robot/install/ros2_unitree_legged_msgs/include/ros2_unitree_legged_msgs/ros2_unitree_legged_msgs/msg/detail/cartesian__traits.hpp
[27.381s] -- Installing: /home/rs/go1_robot/install/ros2_unitree_legged_msgs/include/ros2_unitree_legged_msgs/ros2_unitree_legged_msgs/msg/detail/motor_state__struct.hpp
[27.384s] -- Installing: /home/rs/go1_robot/install/ros2_unitree_legged_msgs/include/ros2_unitree_legged_msgs/ros2_unitree_legged_msgs/msg/detail/motor_cmd__struct.hpp
[27.385s] -- Installing: /home/rs/go1_robot/install/ros2_unitree_legged_msgs/include/ros2_unitree_legged_msgs/ros2_unitree_legged_msgs/msg/detail/motor_state__traits.hpp
[27.385s] -- Installing: /home/rs/go1_robot/install/ros2_unitree_legged_msgs/include/ros2_unitree_legged_msgs/ros2_unitree_legged_msgs/msg/detail/motor_state__builder.hpp
[27.386s] -- Installing: /home/rs/go1_robot/install/ros2_unitree_legged_msgs/include/ros2_unitree_legged_msgs/ros2_unitree_legged_msgs/msg/detail/led__builder.hpp
[27.386s] -- Installing: /home/rs/go1_robot/install/ros2_unitree_legged_msgs/include/ros2_unitree_legged_msgs/ros2_unitree_legged_msgs/msg/detail/motor_cmd__builder.hpp
[27.386s] -- Installing: /home/rs/go1_robot/install/ros2_unitree_legged_msgs/include/ros2_unitree_legged_msgs/ros2_unitree_legged_msgs/msg/detail/high_state__struct.hpp
[27.386s] -- Installing: /home/rs/go1_robot/install/ros2_unitree_legged_msgs/include/ros2_unitree_legged_msgs/ros2_unitree_legged_msgs/msg/detail/low_state__traits.hpp
[27.386s] -- Installing: /home/rs/go1_robot/install/ros2_unitree_legged_msgs/include/ros2_unitree_legged_msgs/ros2_unitree_legged_msgs/msg/detail/bms_state__struct.hpp
[27.386s] -- Installing: /home/rs/go1_robot/install/ros2_unitree_legged_msgs/include/ros2_unitree_legged_msgs/ros2_unitree_legged_msgs/msg/detail/high_state__builder.hpp
[27.386s] -- Installing: /home/rs/go1_robot/install/ros2_unitree_legged_msgs/include/ros2_unitree_legged_msgs/ros2_unitree_legged_msgs/msg/detail/cartesian__struct.hpp
[27.387s] -- Installing: /home/rs/go1_robot/install/ros2_unitree_legged_msgs/include/ros2_unitree_legged_msgs/ros2_unitree_legged_msgs/msg/detail/high_cmd__struct.hpp
[27.387s] -- Installing: /home/rs/go1_robot/install/ros2_unitree_legged_msgs/include/ros2_unitree_legged_msgs/ros2_unitree_legged_msgs/msg/detail/bms_cmd__builder.hpp
[27.387s] -- Installing: /home/rs/go1_robot/install/ros2_unitree_legged_msgs/include/ros2_unitree_legged_msgs/ros2_unitree_legged_msgs/msg/detail/high_cmd__traits.hpp
[27.387s] -- Installing: /home/rs/go1_robot/install/ros2_unitree_legged_msgs/include/ros2_unitree_legged_msgs/ros2_unitree_legged_msgs/msg/detail/low_state__struct.hpp
[27.388s] -- Installing: /home/rs/go1_robot/install/ros2_unitree_legged_msgs/include/ros2_unitree_legged_msgs/ros2_unitree_legged_msgs/msg/detail/low_cmd__struct.hpp
[27.388s] -- Installing: /home/rs/go1_robot/install/ros2_unitree_legged_msgs/include/ros2_unitree_legged_msgs/ros2_unitree_legged_msgs/msg/detail/led__traits.hpp
[27.388s] -- Installing: /home/rs/go1_robot/install/ros2_unitree_legged_msgs/include/ros2_unitree_legged_msgs/ros2_unitree_legged_msgs/msg/detail/low_cmd__traits.hpp
[27.389s] -- Installing: /home/rs/go1_robot/install/ros2_unitree_legged_msgs/include/ros2_unitree_legged_msgs/ros2_unitree_legged_msgs/msg/detail/motor_cmd__traits.hpp
[27.389s] -- Installing: /home/rs/go1_robot/install/ros2_unitree_legged_msgs/include/ros2_unitree_legged_msgs/ros2_unitree_legged_msgs/msg/detail/high_cmd__builder.hpp
[27.389s] -- Installing: /home/rs/go1_robot/install/ros2_unitree_legged_msgs/include/ros2_unitree_legged_msgs/ros2_unitree_legged_msgs/msg/detail/bms_state__builder.hpp
[27.390s] -- Installing: /home/rs/go1_robot/install/ros2_unitree_legged_msgs/include/ros2_unitree_legged_msgs/ros2_unitree_legged_msgs/msg/detail/imu__builder.hpp
[27.390s] -- Installing: /home/rs/go1_robot/install/ros2_unitree_legged_msgs/include/ros2_unitree_legged_msgs/ros2_unitree_legged_msgs/msg/detail/low_state__builder.hpp
[27.390s] -- Installing: /home/rs/go1_robot/install/ros2_unitree_legged_msgs/include/ros2_unitree_legged_msgs/ros2_unitree_legged_msgs/msg/detail/led__struct.hpp
[27.391s] -- Installing: /home/rs/go1_robot/install/ros2_unitree_legged_msgs/include/ros2_unitree_legged_msgs/ros2_unitree_legged_msgs/msg/detail/low_cmd__builder.hpp
[27.391s] -- Installing: /home/rs/go1_robot/install/ros2_unitree_legged_msgs/include/ros2_unitree_legged_msgs/ros2_unitree_legged_msgs/msg/detail/high_state__traits.hpp
[27.391s] -- Installing: /home/rs/go1_robot/install/ros2_unitree_legged_msgs/include/ros2_unitree_legged_msgs/ros2_unitree_legged_msgs/msg/detail/cartesian__builder.hpp
[27.391s] -- Installing: /home/rs/go1_robot/install/ros2_unitree_legged_msgs/include/ros2_unitree_legged_msgs/ros2_unitree_legged_msgs/msg/detail/bms_cmd__traits.hpp
[27.392s] -- Installing: /home/rs/go1_robot/install/ros2_unitree_legged_msgs/include/ros2_unitree_legged_msgs/ros2_unitree_legged_msgs/msg/detail/imu__traits.hpp
[27.392s] -- Installing: /home/rs/go1_robot/install/ros2_unitree_legged_msgs/include/ros2_unitree_legged_msgs/ros2_unitree_legged_msgs/msg/bms_state.hpp
[27.392s] -- Installing: /home/rs/go1_robot/install/ros2_unitree_legged_msgs/include/ros2_unitree_legged_msgs/ros2_unitree_legged_msgs/msg/low_cmd.hpp
[27.393s] -- Installing: /home/rs/go1_robot/install/ros2_unitree_legged_msgs/include/ros2_unitree_legged_msgs/ros2_unitree_legged_msgs/msg/high_cmd.hpp
[27.393s] -- Installing: /home/rs/go1_robot/install/ros2_unitree_legged_msgs/include/ros2_unitree_legged_msgs/ros2_unitree_legged_msgs/msg/cartesian.hpp
[27.393s] -- Installing: /home/rs/go1_robot/install/ros2_unitree_legged_msgs/include/ros2_unitree_legged_msgs/ros2_unitree_legged_msgs/msg/high_state.hpp
[27.394s] -- Installing: /home/rs/go1_robot/install/ros2_unitree_legged_msgs/include/ros2_unitree_legged_msgs/ros2_unitree_legged_msgs/msg/imu.hpp
[27.394s] -- Installing: /home/rs/go1_robot/install/ros2_unitree_legged_msgs/include/ros2_unitree_legged_msgs/ros2_unitree_legged_msgs/msg/motor_cmd.hpp
[27.394s] -- Installing: /home/rs/go1_robot/install/ros2_unitree_legged_msgs/include/ros2_unitree_legged_msgs/ros2_unitree_legged_msgs/msg/led.hpp
[27.395s] -- Installing: /home/rs/go1_robot/install/ros2_unitree_legged_msgs/include/ros2_unitree_legged_msgs/ros2_unitree_legged_msgs/msg/low_state.hpp
[27.395s] -- Up-to-date: /home/rs/go1_robot/install/ros2_unitree_legged_msgs/include/ros2_unitree_legged_msgs/ros2_unitree_legged_msgs
[27.395s] -- Up-to-date: /home/rs/go1_robot/install/ros2_unitree_legged_msgs/include/ros2_unitree_legged_msgs/ros2_unitree_legged_msgs/msg
[27.396s] -- Up-to-date: /home/rs/go1_robot/install/ros2_unitree_legged_msgs/include/ros2_unitree_legged_msgs/ros2_unitree_legged_msgs/msg/detail
[27.396s] -- Installing: /home/rs/go1_robot/install/ros2_unitree_legged_msgs/include/ros2_unitree_legged_msgs/ros2_unitree_legged_msgs/msg/detail/dds_fastrtps
[27.396s] -- Installing: /home/rs/go1_robot/install/ros2_unitree_legged_msgs/include/ros2_unitree_legged_msgs/ros2_unitree_legged_msgs/msg/detail/led__rosidl_typesupport_fastrtps_cpp.hpp
[27.396s] -- Installing: /home/rs/go1_robot/install/ros2_unitree_legged_msgs/include/ros2_unitree_legged_msgs/ros2_unitree_legged_msgs/msg/detail/motor_state__rosidl_typesupport_fastrtps_cpp.hpp
[27.396s] -- Installing: /home/rs/go1_robot/install/ros2_unitree_legged_msgs/include/ros2_unitree_legged_msgs/ros2_unitree_legged_msgs/msg/detail/imu__rosidl_typesupport_fastrtps_cpp.hpp
[27.396s] -- Installing: /home/rs/go1_robot/install/ros2_unitree_legged_msgs/include/ros2_unitree_legged_msgs/ros2_unitree_legged_msgs/msg/detail/low_state__rosidl_typesupport_fastrtps_cpp.hpp
[27.399s] -- Installing: /home/rs/go1_robot/install/ros2_unitree_legged_msgs/include/ros2_unitree_legged_msgs/ros2_unitree_legged_msgs/msg/detail/bms_cmd__rosidl_typesupport_fastrtps_cpp.hpp
[27.401s] -- Installing: /home/rs/go1_robot/install/ros2_unitree_legged_msgs/include/ros2_unitree_legged_msgs/ros2_unitree_legged_msgs/msg/detail/bms_state__rosidl_typesupport_fastrtps_cpp.hpp
[27.404s] -- Installing: /home/rs/go1_robot/install/ros2_unitree_legged_msgs/include/ros2_unitree_legged_msgs/ros2_unitree_legged_msgs/msg/detail/cartesian__rosidl_typesupport_fastrtps_cpp.hpp
[27.404s] -- Installing: /home/rs/go1_robot/install/ros2_unitree_legged_msgs/include/ros2_unitree_legged_msgs/ros2_unitree_legged_msgs/msg/detail/high_state__rosidl_typesupport_fastrtps_cpp.hpp
[27.404s] -- Installing: /home/rs/go1_robot/install/ros2_unitree_legged_msgs/include/ros2_unitree_legged_msgs/ros2_unitree_legged_msgs/msg/detail/motor_cmd__rosidl_typesupport_fastrtps_cpp.hpp
[27.404s] -- Installing: /home/rs/go1_robot/install/ros2_unitree_legged_msgs/include/ros2_unitree_legged_msgs/ros2_unitree_legged_msgs/msg/detail/low_cmd__rosidl_typesupport_fastrtps_cpp.hpp
[27.405s] -- Installing: /home/rs/go1_robot/install/ros2_unitree_legged_msgs/include/ros2_unitree_legged_msgs/ros2_unitree_legged_msgs/msg/detail/high_cmd__rosidl_typesupport_fastrtps_cpp.hpp
[27.405s] -- Installing: /home/rs/go1_robot/install/ros2_unitree_legged_msgs/include/ros2_unitree_legged_msgs/ros2_unitree_legged_msgs/msg/rosidl_typesupport_fastrtps_cpp__visibility_control.h
[27.406s] -- Installing: /home/rs/go1_robot/install/ros2_unitree_legged_msgs/lib/libros2_unitree_legged_msgs__rosidl_typesupport_fastrtps_cpp.so
[27.406s] -- Set runtime path of "/home/rs/go1_robot/install/ros2_unitree_legged_msgs/lib/libros2_unitree_legged_msgs__rosidl_typesupport_fastrtps_cpp.so" to ""
[27.406s] -- Up-to-date: /home/rs/go1_robot/install/ros2_unitree_legged_msgs/include/ros2_unitree_legged_msgs/ros2_unitree_legged_msgs
[27.407s] -- Up-to-date: /home/rs/go1_robot/install/ros2_unitree_legged_msgs/include/ros2_unitree_legged_msgs/ros2_unitree_legged_msgs/msg
[27.407s] -- Up-to-date: /home/rs/go1_robot/install/ros2_unitree_legged_msgs/include/ros2_unitree_legged_msgs/ros2_unitree_legged_msgs/msg/detail
[27.407s] -- Installing: /home/rs/go1_robot/install/ros2_unitree_legged_msgs/include/ros2_unitree_legged_msgs/ros2_unitree_legged_msgs/msg/detail/high_state__rosidl_typesupport_introspection_cpp.hpp
[27.408s] -- Installing: /home/rs/go1_robot/install/ros2_unitree_legged_msgs/include/ros2_unitree_legged_msgs/ros2_unitree_legged_msgs/msg/detail/imu__type_support.cpp
[27.408s] -- Installing: /home/rs/go1_robot/install/ros2_unitree_legged_msgs/include/ros2_unitree_legged_msgs/ros2_unitree_legged_msgs/msg/detail/imu__rosidl_typesupport_introspection_cpp.hpp
[27.408s] -- Installing: /home/rs/go1_robot/install/ros2_unitree_legged_msgs/include/ros2_unitree_legged_msgs/ros2_unitree_legged_msgs/msg/detail/low_state__type_support.cpp
[27.409s] -- Installing: /home/rs/go1_robot/install/ros2_unitree_legged_msgs/include/ros2_unitree_legged_msgs/ros2_unitree_legged_msgs/msg/detail/cartesian__rosidl_typesupport_introspection_cpp.hpp
[27.409s] -- Installing: /home/rs/go1_robot/install/ros2_unitree_legged_msgs/include/ros2_unitree_legged_msgs/ros2_unitree_legged_msgs/msg/detail/cartesian__type_support.cpp
[27.409s] -- Installing: /home/rs/go1_robot/install/ros2_unitree_legged_msgs/include/ros2_unitree_legged_msgs/ros2_unitree_legged_msgs/msg/detail/bms_state__type_support.cpp
[27.410s] -- Installing: /home/rs/go1_robot/install/ros2_unitree_legged_msgs/include/ros2_unitree_legged_msgs/ros2_unitree_legged_msgs/msg/detail/bms_cmd__type_support.cpp
[27.410s] -- Installing: /home/rs/go1_robot/install/ros2_unitree_legged_msgs/include/ros2_unitree_legged_msgs/ros2_unitree_legged_msgs/msg/detail/low_cmd__rosidl_typesupport_introspection_cpp.hpp
[27.410s] -- Installing: /home/rs/go1_robot/install/ros2_unitree_legged_msgs/include/ros2_unitree_legged_msgs/ros2_unitree_legged_msgs/msg/detail/motor_cmd__type_support.cpp
[27.411s] -- Installing: /home/rs/go1_robot/install/ros2_unitree_legged_msgs/include/ros2_unitree_legged_msgs/ros2_unitree_legged_msgs/msg/detail/bms_cmd__rosidl_typesupport_introspection_cpp.hpp
[27.411s] -- Installing: /home/rs/go1_robot/install/ros2_unitree_legged_msgs/include/ros2_unitree_legged_msgs/ros2_unitree_legged_msgs/msg/detail/led__rosidl_typesupport_introspection_cpp.hpp
[27.411s] -- Installing: /home/rs/go1_robot/install/ros2_unitree_legged_msgs/include/ros2_unitree_legged_msgs/ros2_unitree_legged_msgs/msg/detail/motor_state__rosidl_typesupport_introspection_cpp.hpp
[27.411s] -- Installing: /home/rs/go1_robot/install/ros2_unitree_legged_msgs/include/ros2_unitree_legged_msgs/ros2_unitree_legged_msgs/msg/detail/high_cmd__type_support.cpp
[27.412s] -- Installing: /home/rs/go1_robot/install/ros2_unitree_legged_msgs/include/ros2_unitree_legged_msgs/ros2_unitree_legged_msgs/msg/detail/high_cmd__rosidl_typesupport_introspection_cpp.hpp
[27.412s] -- Installing: /home/rs/go1_robot/install/ros2_unitree_legged_msgs/include/ros2_unitree_legged_msgs/ros2_unitree_legged_msgs/msg/detail/motor_state__type_support.cpp
[27.412s] -- Installing: /home/rs/go1_robot/install/ros2_unitree_legged_msgs/include/ros2_unitree_legged_msgs/ros2_unitree_legged_msgs/msg/detail/led__type_support.cpp
[27.413s] -- Installing: /home/rs/go1_robot/install/ros2_unitree_legged_msgs/include/ros2_unitree_legged_msgs/ros2_unitree_legged_msgs/msg/detail/high_state__type_support.cpp
[27.413s] -- Installing: /home/rs/go1_robot/install/ros2_unitree_legged_msgs/include/ros2_unitree_legged_msgs/ros2_unitree_legged_msgs/msg/detail/motor_cmd__rosidl_typesupport_introspection_cpp.hpp
[27.413s] -- Installing: /home/rs/go1_robot/install/ros2_unitree_legged_msgs/include/ros2_unitree_legged_msgs/ros2_unitree_legged_msgs/msg/detail/bms_state__rosidl_typesupport_introspection_cpp.hpp
[27.414s] -- Installing: /home/rs/go1_robot/install/ros2_unitree_legged_msgs/include/ros2_unitree_legged_msgs/ros2_unitree_legged_msgs/msg/detail/low_cmd__type_support.cpp
[27.414s] -- Installing: /home/rs/go1_robot/install/ros2_unitree_legged_msgs/include/ros2_unitree_legged_msgs/ros2_unitree_legged_msgs/msg/detail/low_state__rosidl_typesupport_introspection_cpp.hpp
[27.414s] -- Installing: /home/rs/go1_robot/install/ros2_unitree_legged_msgs/lib/libros2_unitree_legged_msgs__rosidl_typesupport_introspection_cpp.so
[27.414s] -- Set runtime path of "/home/rs/go1_robot/install/ros2_unitree_legged_msgs/lib/libros2_unitree_legged_msgs__rosidl_typesupport_introspection_cpp.so" to ""
[27.414s] -- Installing: /home/rs/go1_robot/install/ros2_unitree_legged_msgs/lib/libros2_unitree_legged_msgs__rosidl_typesupport_cpp.so
[27.415s] -- Set runtime path of "/home/rs/go1_robot/install/ros2_unitree_legged_msgs/lib/libros2_unitree_legged_msgs__rosidl_typesupport_cpp.so" to ""
[27.415s] -- Installing: /home/rs/go1_robot/install/ros2_unitree_legged_msgs/share/ros2_unitree_legged_msgs/environment/pythonpath.sh
[27.415s] -- Installing: /home/rs/go1_robot/install/ros2_unitree_legged_msgs/share/ros2_unitree_legged_msgs/environment/pythonpath.dsv
[27.415s] -- Up-to-date: /home/rs/go1_robot/install/ros2_unitree_legged_msgs/local/lib/python3.10/dist-packages/ros2_unitree_legged_msgs-0.4.0-py3.10.egg-info
[27.416s] -- Installing: /home/rs/go1_robot/install/ros2_unitree_legged_msgs/local/lib/python3.10/dist-packages/ros2_unitree_legged_msgs-0.4.0-py3.10.egg-info/top_level.txt
[27.416s] -- Installing: /home/rs/go1_robot/install/ros2_unitree_legged_msgs/local/lib/python3.10/dist-packages/ros2_unitree_legged_msgs-0.4.0-py3.10.egg-info/PKG-INFO
[27.416s] -- Installing: /home/rs/go1_robot/install/ros2_unitree_legged_msgs/local/lib/python3.10/dist-packages/ros2_unitree_legged_msgs-0.4.0-py3.10.egg-info/dependency_links.txt
[27.417s] -- Installing: /home/rs/go1_robot/install/ros2_unitree_legged_msgs/local/lib/python3.10/dist-packages/ros2_unitree_legged_msgs-0.4.0-py3.10.egg-info/SOURCES.txt
[27.417s] -- Up-to-date: /home/rs/go1_robot/install/ros2_unitree_legged_msgs/local/lib/python3.10/dist-packages/ros2_unitree_legged_msgs
[27.417s] -- Installing: /home/rs/go1_robot/install/ros2_unitree_legged_msgs/local/lib/python3.10/dist-packages/ros2_unitree_legged_msgs/libros2_unitree_legged_msgs__rosidl_generator_py.so
[27.417s] -- Installing: /home/rs/go1_robot/install/ros2_unitree_legged_msgs/local/lib/python3.10/dist-packages/ros2_unitree_legged_msgs/__init__.py
[27.418s] -- Installing: /home/rs/go1_robot/install/ros2_unitree_legged_msgs/local/lib/python3.10/dist-packages/ros2_unitree_legged_msgs/ros2_unitree_legged_msgs_s__rosidl_typesupport_fastrtps_c.cpython-310-x86_64-linux-gnu.so
[27.418s] -- Up-to-date: /home/rs/go1_robot/install/ros2_unitree_legged_msgs/local/lib/python3.10/dist-packages/ros2_unitree_legged_msgs/msg
[27.418s] -- Installing: /home/rs/go1_robot/install/ros2_unitree_legged_msgs/local/lib/python3.10/dist-packages/ros2_unitree_legged_msgs/msg/_bms_state_s.c
[27.419s] -- Installing: /home/rs/go1_robot/install/ros2_unitree_legged_msgs/local/lib/python3.10/dist-packages/ros2_unitree_legged_msgs/msg/_motor_state_s.c
[27.419s] -- Installing: /home/rs/go1_robot/install/ros2_unitree_legged_msgs/local/lib/python3.10/dist-packages/ros2_unitree_legged_msgs/msg/_cartesian.py
[27.419s] -- Installing: /home/rs/go1_robot/install/ros2_unitree_legged_msgs/local/lib/python3.10/dist-packages/ros2_unitree_legged_msgs/msg/_high_cmd.py
[27.419s] -- Installing: /home/rs/go1_robot/install/ros2_unitree_legged_msgs/local/lib/python3.10/dist-packages/ros2_unitree_legged_msgs/msg/_bms_cmd.py
[27.419s] -- Installing: /home/rs/go1_robot/install/ros2_unitree_legged_msgs/local/lib/python3.10/dist-packages/ros2_unitree_legged_msgs/msg/_cartesian_s.c
[27.419s] -- Installing: /home/rs/go1_robot/install/ros2_unitree_legged_msgs/local/lib/python3.10/dist-packages/ros2_unitree_legged_msgs/msg/_low_cmd.py
[27.419s] -- Installing: /home/rs/go1_robot/install/ros2_unitree_legged_msgs/local/lib/python3.10/dist-packages/ros2_unitree_legged_msgs/msg/__init__.py
[27.419s] -- Installing: /home/rs/go1_robot/install/ros2_unitree_legged_msgs/local/lib/python3.10/dist-packages/ros2_unitree_legged_msgs/msg/_motor_cmd.py
[27.419s] -- Installing: /home/rs/go1_robot/install/ros2_unitree_legged_msgs/local/lib/python3.10/dist-packages/ros2_unitree_legged_msgs/msg/_low_cmd_s.c
[27.419s] -- Installing: /home/rs/go1_robot/install/ros2_unitree_legged_msgs/local/lib/python3.10/dist-packages/ros2_unitree_legged_msgs/msg/_led_s.c
[27.420s] -- Installing: /home/rs/go1_robot/install/ros2_unitree_legged_msgs/local/lib/python3.10/dist-packages/ros2_unitree_legged_msgs/msg/_low_state.py
[27.420s] -- Installing: /home/rs/go1_robot/install/ros2_unitree_legged_msgs/local/lib/python3.10/dist-packages/ros2_unitree_legged_msgs/msg/_low_state_s.c
[27.420s] -- Installing: /home/rs/go1_robot/install/ros2_unitree_legged_msgs/local/lib/python3.10/dist-packages/ros2_unitree_legged_msgs/msg/_imu_s.c
[27.420s] -- Installing: /home/rs/go1_robot/install/ros2_unitree_legged_msgs/local/lib/python3.10/dist-packages/ros2_unitree_legged_msgs/msg/_high_state_s.c
[27.420s] -- Installing: /home/rs/go1_robot/install/ros2_unitree_legged_msgs/local/lib/python3.10/dist-packages/ros2_unitree_legged_msgs/msg/_bms_cmd_s.c
[27.420s] -- Installing: /home/rs/go1_robot/install/ros2_unitree_legged_msgs/local/lib/python3.10/dist-packages/ros2_unitree_legged_msgs/msg/_high_state.py
[27.420s] -- Installing: /home/rs/go1_robot/install/ros2_unitree_legged_msgs/local/lib/python3.10/dist-packages/ros2_unitree_legged_msgs/msg/_high_cmd_s.c
[27.420s] -- Installing: /home/rs/go1_robot/install/ros2_unitree_legged_msgs/local/lib/python3.10/dist-packages/ros2_unitree_legged_msgs/msg/_motor_state.py
[27.421s] -- Installing: /home/rs/go1_robot/install/ros2_unitree_legged_msgs/local/lib/python3.10/dist-packages/ros2_unitree_legged_msgs/msg/_motor_cmd_s.c
[27.421s] -- Installing: /home/rs/go1_robot/install/ros2_unitree_legged_msgs/local/lib/python3.10/dist-packages/ros2_unitree_legged_msgs/msg/_bms_state.py
[27.421s] -- Installing: /home/rs/go1_robot/install/ros2_unitree_legged_msgs/local/lib/python3.10/dist-packages/ros2_unitree_legged_msgs/msg/_imu.py
[27.421s] -- Installing: /home/rs/go1_robot/install/ros2_unitree_legged_msgs/local/lib/python3.10/dist-packages/ros2_unitree_legged_msgs/msg/_led.py
[27.421s] -- Installing: /home/rs/go1_robot/install/ros2_unitree_legged_msgs/local/lib/python3.10/dist-packages/ros2_unitree_legged_msgs/ros2_unitree_legged_msgs_s__rosidl_typesupport_introspection_c.cpython-310-x86_64-linux-gnu.so
[27.422s] -- Installing: /home/rs/go1_robot/install/ros2_unitree_legged_msgs/local/lib/python3.10/dist-packages/ros2_unitree_legged_msgs/_ros2_unitree_legged_msgs_s.ep.rosidl_typesupport_introspection_c.c
[27.422s] -- Installing: /home/rs/go1_robot/install/ros2_unitree_legged_msgs/local/lib/python3.10/dist-packages/ros2_unitree_legged_msgs/_ros2_unitree_legged_msgs_s.ep.rosidl_typesupport_c.c
[27.422s] -- Installing: /home/rs/go1_robot/install/ros2_unitree_legged_msgs/local/lib/python3.10/dist-packages/ros2_unitree_legged_msgs/ros2_unitree_legged_msgs_s__rosidl_typesupport_c.cpython-310-x86_64-linux-gnu.so
[27.422s] -- Installing: /home/rs/go1_robot/install/ros2_unitree_legged_msgs/local/lib/python3.10/dist-packages/ros2_unitree_legged_msgs/_ros2_unitree_legged_msgs_s.ep.rosidl_typesupport_fastrtps_c.c
[27.521s] Listing '/home/rs/go1_robot/install/ros2_unitree_legged_msgs/local/lib/python3.10/dist-packages/ros2_unitree_legged_msgs'...
[27.521s] Compiling '/home/rs/go1_robot/install/ros2_unitree_legged_msgs/local/lib/python3.10/dist-packages/ros2_unitree_legged_msgs/__init__.py'...
[27.522s] Listing '/home/rs/go1_robot/install/ros2_unitree_legged_msgs/local/lib/python3.10/dist-packages/ros2_unitree_legged_msgs/msg'...
[27.522s] Compiling '/home/rs/go1_robot/install/ros2_unitree_legged_msgs/local/lib/python3.10/dist-packages/ros2_unitree_legged_msgs/msg/__init__.py'...
[27.522s] Compiling '/home/rs/go1_robot/install/ros2_unitree_legged_msgs/local/lib/python3.10/dist-packages/ros2_unitree_legged_msgs/msg/_bms_cmd.py'...
[27.522s] Compiling '/home/rs/go1_robot/install/ros2_unitree_legged_msgs/local/lib/python3.10/dist-packages/ros2_unitree_legged_msgs/msg/_bms_state.py'...
[27.522s] Compiling '/home/rs/go1_robot/install/ros2_unitree_legged_msgs/local/lib/python3.10/dist-packages/ros2_unitree_legged_msgs/msg/_cartesian.py'...
[27.522s] Compiling '/home/rs/go1_robot/install/ros2_unitree_legged_msgs/local/lib/python3.10/dist-packages/ros2_unitree_legged_msgs/msg/_high_cmd.py'...
[27.522s] Compiling '/home/rs/go1_robot/install/ros2_unitree_legged_msgs/local/lib/python3.10/dist-packages/ros2_unitree_legged_msgs/msg/_high_state.py'...
[27.522s] Compiling '/home/rs/go1_robot/install/ros2_unitree_legged_msgs/local/lib/python3.10/dist-packages/ros2_unitree_legged_msgs/msg/_imu.py'...
[27.523s] Compiling '/home/rs/go1_robot/install/ros2_unitree_legged_msgs/local/lib/python3.10/dist-packages/ros2_unitree_legged_msgs/msg/_led.py'...
[27.523s] Compiling '/home/rs/go1_robot/install/ros2_unitree_legged_msgs/local/lib/python3.10/dist-packages/ros2_unitree_legged_msgs/msg/_low_cmd.py'...
[27.523s] Compiling '/home/rs/go1_robot/install/ros2_unitree_legged_msgs/local/lib/python3.10/dist-packages/ros2_unitree_legged_msgs/msg/_low_state.py'...
[27.523s] Compiling '/home/rs/go1_robot/install/ros2_unitree_legged_msgs/local/lib/python3.10/dist-packages/ros2_unitree_legged_msgs/msg/_motor_cmd.py'...
[27.523s] Compiling '/home/rs/go1_robot/install/ros2_unitree_legged_msgs/local/lib/python3.10/dist-packages/ros2_unitree_legged_msgs/msg/_motor_state.py'...
[27.528s] -- Installing: /home/rs/go1_robot/install/ros2_unitree_legged_msgs/local/lib/python3.10/dist-packages/ros2_unitree_legged_msgs/ros2_unitree_legged_msgs_s__rosidl_typesupport_fastrtps_c.cpython-310-x86_64-linux-gnu.so
[27.528s] -- Set runtime path of "/home/rs/go1_robot/install/ros2_unitree_legged_msgs/local/lib/python3.10/dist-packages/ros2_unitree_legged_msgs/ros2_unitree_legged_msgs_s__rosidl_typesupport_fastrtps_c.cpython-310-x86_64-linux-gnu.so" to ""
[27.529s] -- Installing: /home/rs/go1_robot/install/ros2_unitree_legged_msgs/local/lib/python3.10/dist-packages/ros2_unitree_legged_msgs/ros2_unitree_legged_msgs_s__rosidl_typesupport_introspection_c.cpython-310-x86_64-linux-gnu.so
[27.530s] -- Set runtime path of "/home/rs/go1_robot/install/ros2_unitree_legged_msgs/local/lib/python3.10/dist-packages/ros2_unitree_legged_msgs/ros2_unitree_legged_msgs_s__rosidl_typesupport_introspection_c.cpython-310-x86_64-linux-gnu.so" to ""
[27.531s] -- Installing: /home/rs/go1_robot/install/ros2_unitree_legged_msgs/local/lib/python3.10/dist-packages/ros2_unitree_legged_msgs/ros2_unitree_legged_msgs_s__rosidl_typesupport_c.cpython-310-x86_64-linux-gnu.so
[27.531s] -- Set runtime path of "/home/rs/go1_robot/install/ros2_unitree_legged_msgs/local/lib/python3.10/dist-packages/ros2_unitree_legged_msgs/ros2_unitree_legged_msgs_s__rosidl_typesupport_c.cpython-310-x86_64-linux-gnu.so" to ""
[27.532s] -- Installing: /home/rs/go1_robot/install/ros2_unitree_legged_msgs/lib/libros2_unitree_legged_msgs__rosidl_generator_py.so
[27.533s] -- Set runtime path of "/home/rs/go1_robot/install/ros2_unitree_legged_msgs/lib/libros2_unitree_legged_msgs__rosidl_generator_py.so" to ""
[27.535s] -- Installing: /home/rs/go1_robot/install/ros2_unitree_legged_msgs/share/ros2_unitree_legged_msgs/msg/MotorCmd.idl
[27.537s] -- Installing: /home/rs/go1_robot/install/ros2_unitree_legged_msgs/share/ros2_unitree_legged_msgs/msg/MotorState.idl
[27.539s] -- Installing: /home/rs/go1_robot/install/ros2_unitree_legged_msgs/share/ros2_unitree_legged_msgs/msg/BmsCmd.idl
[27.540s] -- Installing: /home/rs/go1_robot/install/ros2_unitree_legged_msgs/share/ros2_unitree_legged_msgs/msg/BmsState.idl
[27.541s] -- Installing: /home/rs/go1_robot/install/ros2_unitree_legged_msgs/share/ros2_unitree_legged_msgs/msg/Cartesian.idl
[27.542s] -- Installing: /home/rs/go1_robot/install/ros2_unitree_legged_msgs/share/ros2_unitree_legged_msgs/msg/IMU.idl
[27.542s] -- Installing: /home/rs/go1_robot/install/ros2_unitree_legged_msgs/share/ros2_unitree_legged_msgs/msg/LED.idl
[27.542s] -- Installing: /home/rs/go1_robot/install/ros2_unitree_legged_msgs/share/ros2_unitree_legged_msgs/msg/LowCmd.idl
[27.543s] -- Installing: /home/rs/go1_robot/install/ros2_unitree_legged_msgs/share/ros2_unitree_legged_msgs/msg/LowState.idl
[27.543s] -- Installing: /home/rs/go1_robot/install/ros2_unitree_legged_msgs/share/ros2_unitree_legged_msgs/msg/HighCmd.idl
[27.544s] -- Installing: /home/rs/go1_robot/install/ros2_unitree_legged_msgs/share/ros2_unitree_legged_msgs/msg/HighState.idl
[27.544s] -- Up-to-date: /home/rs/go1_robot/install/ros2_unitree_legged_msgs/share/ros2_unitree_legged_msgs/msg/MotorCmd.msg
[27.545s] -- Up-to-date: /home/rs/go1_robot/install/ros2_unitree_legged_msgs/share/ros2_unitree_legged_msgs/msg/MotorState.msg
[27.545s] -- Up-to-date: /home/rs/go1_robot/install/ros2_unitree_legged_msgs/share/ros2_unitree_legged_msgs/msg/BmsCmd.msg
[27.545s] -- Up-to-date: /home/rs/go1_robot/install/ros2_unitree_legged_msgs/share/ros2_unitree_legged_msgs/msg/BmsState.msg
[27.545s] -- Up-to-date: /home/rs/go1_robot/install/ros2_unitree_legged_msgs/share/ros2_unitree_legged_msgs/msg/Cartesian.msg
[27.545s] -- Up-to-date: /home/rs/go1_robot/install/ros2_unitree_legged_msgs/share/ros2_unitree_legged_msgs/msg/IMU.msg
[27.546s] -- Up-to-date: /home/rs/go1_robot/install/ros2_unitree_legged_msgs/share/ros2_unitree_legged_msgs/msg/LED.msg
[27.546s] -- Up-to-date: /home/rs/go1_robot/install/ros2_unitree_legged_msgs/share/ros2_unitree_legged_msgs/msg/LowCmd.msg
[27.546s] -- Up-to-date: /home/rs/go1_robot/install/ros2_unitree_legged_msgs/share/ros2_unitree_legged_msgs/msg/LowState.msg
[27.547s] -- Up-to-date: /home/rs/go1_robot/install/ros2_unitree_legged_msgs/share/ros2_unitree_legged_msgs/msg/HighCmd.msg
[27.547s] -- Up-to-date: /home/rs/go1_robot/install/ros2_unitree_legged_msgs/share/ros2_unitree_legged_msgs/msg/HighState.msg
[27.547s] -- Installing: /home/rs/go1_robot/install/ros2_unitree_legged_msgs/share/ament_index/resource_index/package_run_dependencies/ros2_unitree_legged_msgs
[27.548s] -- Installing: /home/rs/go1_robot/install/ros2_unitree_legged_msgs/share/ament_index/resource_index/parent_prefix_path/ros2_unitree_legged_msgs
[27.548s] -- Installing: /home/rs/go1_robot/install/ros2_unitree_legged_msgs/share/ros2_unitree_legged_msgs/environment/ament_prefix_path.sh
[27.548s] -- Installing: /home/rs/go1_robot/install/ros2_unitree_legged_msgs/share/ros2_unitree_legged_msgs/environment/ament_prefix_path.dsv
[27.549s] -- Installing: /home/rs/go1_robot/install/ros2_unitree_legged_msgs/share/ros2_unitree_legged_msgs/environment/path.sh
[27.549s] -- Installing: /home/rs/go1_robot/install/ros2_unitree_legged_msgs/share/ros2_unitree_legged_msgs/environment/path.dsv
[27.549s] -- Installing: /home/rs/go1_robot/install/ros2_unitree_legged_msgs/share/ros2_unitree_legged_msgs/local_setup.bash
[27.549s] -- Installing: /home/rs/go1_robot/install/ros2_unitree_legged_msgs/share/ros2_unitree_legged_msgs/local_setup.sh
[27.549s] -- Installing: /home/rs/go1_robot/install/ros2_unitree_legged_msgs/share/ros2_unitree_legged_msgs/local_setup.zsh
[27.550s] -- Installing: /home/rs/go1_robot/install/ros2_unitree_legged_msgs/share/ros2_unitree_legged_msgs/local_setup.dsv
[27.550s] -- Installing: /home/rs/go1_robot/install/ros2_unitree_legged_msgs/share/ros2_unitree_legged_msgs/package.dsv
[27.551s] -- Installing: /home/rs/go1_robot/install/ros2_unitree_legged_msgs/share/ament_index/resource_index/packages/ros2_unitree_legged_msgs
[27.551s] -- Installing: /home/rs/go1_robot/install/ros2_unitree_legged_msgs/share/ros2_unitree_legged_msgs/cmake/export_ros2_unitree_legged_msgs__rosidl_generator_cExport.cmake
[27.551s] -- Installing: /home/rs/go1_robot/install/ros2_unitree_legged_msgs/share/ros2_unitree_legged_msgs/cmake/export_ros2_unitree_legged_msgs__rosidl_generator_cExport-noconfig.cmake
[27.552s] -- Installing: /home/rs/go1_robot/install/ros2_unitree_legged_msgs/share/ros2_unitree_legged_msgs/cmake/export_ros2_unitree_legged_msgs__rosidl_typesupport_fastrtps_cExport.cmake
[27.552s] -- Installing: /home/rs/go1_robot/install/ros2_unitree_legged_msgs/share/ros2_unitree_legged_msgs/cmake/export_ros2_unitree_legged_msgs__rosidl_typesupport_fastrtps_cExport-noconfig.cmake
[27.553s] -- Installing: /home/rs/go1_robot/install/ros2_unitree_legged_msgs/share/ros2_unitree_legged_msgs/cmake/ros2_unitree_legged_msgs__rosidl_typesupport_introspection_cExport.cmake
[27.553s] -- Installing: /home/rs/go1_robot/install/ros2_unitree_legged_msgs/share/ros2_unitree_legged_msgs/cmake/ros2_unitree_legged_msgs__rosidl_typesupport_introspection_cExport-noconfig.cmake
[27.554s] -- Installing: /home/rs/go1_robot/install/ros2_unitree_legged_msgs/share/ros2_unitree_legged_msgs/cmake/ros2_unitree_legged_msgs__rosidl_typesupport_cExport.cmake
[27.555s] -- Installing: /home/rs/go1_robot/install/ros2_unitree_legged_msgs/share/ros2_unitree_legged_msgs/cmake/ros2_unitree_legged_msgs__rosidl_typesupport_cExport-noconfig.cmake
[27.555s] -- Installing: /home/rs/go1_robot/install/ros2_unitree_legged_msgs/share/ros2_unitree_legged_msgs/cmake/export_ros2_unitree_legged_msgs__rosidl_generator_cppExport.cmake
[27.556s] -- Installing: /home/rs/go1_robot/install/ros2_unitree_legged_msgs/share/ros2_unitree_legged_msgs/cmake/export_ros2_unitree_legged_msgs__rosidl_typesupport_fastrtps_cppExport.cmake
[27.557s] -- Installing: /home/rs/go1_robot/install/ros2_unitree_legged_msgs/share/ros2_unitree_legged_msgs/cmake/export_ros2_unitree_legged_msgs__rosidl_typesupport_fastrtps_cppExport-noconfig.cmake
[27.557s] -- Installing: /home/rs/go1_robot/install/ros2_unitree_legged_msgs/share/ros2_unitree_legged_msgs/cmake/ros2_unitree_legged_msgs__rosidl_typesupport_introspection_cppExport.cmake
[27.558s] -- Installing: /home/rs/go1_robot/install/ros2_unitree_legged_msgs/share/ros2_unitree_legged_msgs/cmake/ros2_unitree_legged_msgs__rosidl_typesupport_introspection_cppExport-noconfig.cmake
[27.558s] -- Installing: /home/rs/go1_robot/install/ros2_unitree_legged_msgs/share/ros2_unitree_legged_msgs/cmake/ros2_unitree_legged_msgs__rosidl_typesupport_cppExport.cmake
[27.558s] -- Installing: /home/rs/go1_robot/install/ros2_unitree_legged_msgs/share/ros2_unitree_legged_msgs/cmake/ros2_unitree_legged_msgs__rosidl_typesupport_cppExport-noconfig.cmake
[27.558s] -- Installing: /home/rs/go1_robot/install/ros2_unitree_legged_msgs/share/ros2_unitree_legged_msgs/cmake/export_ros2_unitree_legged_msgs__rosidl_generator_pyExport.cmake
[27.559s] -- Installing: /home/rs/go1_robot/install/ros2_unitree_legged_msgs/share/ros2_unitree_legged_msgs/cmake/export_ros2_unitree_legged_msgs__rosidl_generator_pyExport-noconfig.cmake
[27.559s] -- Installing: /home/rs/go1_robot/install/ros2_unitree_legged_msgs/share/ros2_unitree_legged_msgs/cmake/rosidl_cmake-extras.cmake
[27.560s] -- Installing: /home/rs/go1_robot/install/ros2_unitree_legged_msgs/share/ros2_unitree_legged_msgs/cmake/ament_cmake_export_include_directories-extras.cmake
[27.560s] -- Installing: /home/rs/go1_robot/install/ros2_unitree_legged_msgs/share/ros2_unitree_legged_msgs/cmake/ament_cmake_export_libraries-extras.cmake
[27.561s] -- Installing: /home/rs/go1_robot/install/ros2_unitree_legged_msgs/share/ros2_unitree_legged_msgs/cmake/ament_cmake_export_targets-extras.cmake
[27.561s] -- Installing: /home/rs/go1_robot/install/ros2_unitree_legged_msgs/share/ros2_unitree_legged_msgs/cmake/rosidl_cmake_export_typesupport_targets-extras.cmake
[27.562s] -- Installing: /home/rs/go1_robot/install/ros2_unitree_legged_msgs/share/ros2_unitree_legged_msgs/cmake/ament_cmake_export_dependencies-extras.cmake
[27.562s] -- Installing: /home/rs/go1_robot/install/ros2_unitree_legged_msgs/share/ros2_unitree_legged_msgs/cmake/rosidl_cmake_export_typesupport_libraries-extras.cmake
[27.563s] -- Installing: /home/rs/go1_robot/install/ros2_unitree_legged_msgs/share/ros2_unitree_legged_msgs/cmake/ros2_unitree_legged_msgsConfig.cmake
[27.563s] -- Installing: /home/rs/go1_robot/install/ros2_unitree_legged_msgs/share/ros2_unitree_legged_msgs/cmake/ros2_unitree_legged_msgsConfig-version.cmake
[27.563s] -- Up-to-date: /home/rs/go1_robot/install/ros2_unitree_legged_msgs/share/ros2_unitree_legged_msgs/package.xml
[27.568s] Invoked command in '/home/rs/go1_robot/build/ros2_unitree_legged_msgs' returned '0': CMAKE_PREFIX_PATH=/opt/ros/humble /usr/bin/cmake --install /home/rs/go1_robot/build/ros2_unitree_legged_msgs
