[0.056s] Invoking command in '/home/rs/go1_robot/build/unitree_legged_real': AMENT_PREFIX_PATH=/home/rs/go1_robot/install/ros2_unitree_legged_msgs CMAKE_PREFIX_PATH=/home/rs/go1_robot/install/ros2_unitree_legged_msgs LD_LIBRARY_PATH=/home/rs/go1_robot/install/ros2_unitree_legged_msgs/lib PYTHONPATH=/home/rs/go1_robot/install/ros2_unitree_legged_msgs/local/lib/python3.10/dist-packages /usr/bin/cmake --build /home/rs/go1_robot/build/unitree_legged_real -- -j13 -l13
[0.272s] [ 12%] Built target jsp_high
[0.280s] [ 25%] Built target jsp_low
[0.282s] [ 37%] Built target ros2_udp
[0.286s] [ 62%] Built target custom_gait
[0.287s] [ 62%] Built target ros2_walk_example
[0.288s] [ 75%] Built target udp_high
[0.290s] [ 87%] Built target ros2_position_example
[0.290s] [100%] Built target udp_low
[0.333s] Invoked command in '/home/rs/go1_robot/build/unitree_legged_real' returned '0': AMENT_PREFIX_PATH=/home/rs/go1_robot/install/ros2_unitree_legged_msgs CMAKE_PREFIX_PATH=/home/rs/go1_robot/install/ros2_unitree_legged_msgs LD_LIBRARY_PATH=/home/rs/go1_robot/install/ros2_unitree_legged_msgs/lib PYTHONPATH=/home/rs/go1_robot/install/ros2_unitree_legged_msgs/local/lib/python3.10/dist-packages /usr/bin/cmake --build /home/rs/go1_robot/build/unitree_legged_real -- -j13 -l13
[0.575s] Invoking command in '/home/rs/go1_robot/build/unitree_legged_real': AMENT_PREFIX_PATH=/home/rs/go1_robot/install/ros2_unitree_legged_msgs CMAKE_PREFIX_PATH=/home/rs/go1_robot/install/ros2_unitree_legged_msgs LD_LIBRARY_PATH=/home/rs/go1_robot/install/ros2_unitree_legged_msgs/lib PYTHONPATH=/home/rs/go1_robot/install/ros2_unitree_legged_msgs/local/lib/python3.10/dist-packages /usr/bin/cmake --install /home/rs/go1_robot/build/unitree_legged_real
[0.600s] -- Install configuration: ""
[0.602s] -- Up-to-date: /home/rs/go1_robot/install/unitree_legged_real/lib
[0.602s] -- Up-to-date: /home/rs/go1_robot/install/unitree_legged_real/lib/libunitree_legged_sdk_arm64.so
[0.603s] -- Up-to-date: /home/rs/go1_robot/install/unitree_legged_real/lib/libunitree_legged_sdk_amd64.so
[0.603s] -- Up-to-date: /home/rs/go1_robot/install/unitree_legged_real/lib/unitree_legged_real/ros2_udp
[0.604s] -- Up-to-date: /home/rs/go1_robot/install/unitree_legged_real/lib/unitree_legged_real/udp_high
[0.605s] -- Up-to-date: /home/rs/go1_robot/install/unitree_legged_real/lib/unitree_legged_real/jsp_high
[0.605s] -- Up-to-date: /home/rs/go1_robot/install/unitree_legged_real/lib/unitree_legged_real/ros2_walk_example
[0.607s] -- Up-to-date: /home/rs/go1_robot/install/unitree_legged_real/lib/unitree_legged_real/ros2_position_example
[0.607s] -- Up-to-date: /home/rs/go1_robot/install/unitree_legged_real/lib/unitree_legged_real/custom_gait
[0.608s] -- Up-to-date: /home/rs/go1_robot/install/unitree_legged_real/lib/unitree_legged_real/udp_low
[0.609s] -- Up-to-date: /home/rs/go1_robot/install/unitree_legged_real/lib/unitree_legged_real/jsp_low
[0.610s] -- Up-to-date: /home/rs/go1_robot/install/unitree_legged_real/share/unitree_legged_real//launch
[0.615s] -- Up-to-date: /home/rs/go1_robot/install/unitree_legged_real/share/unitree_legged_real//launch/high.launch.py
[0.622s] -- Up-to-date: /home/rs/go1_robot/install/unitree_legged_real/share/unitree_legged_real//launch/low.launch.py
[0.623s] -- Up-to-date: /home/rs/go1_robot/install/unitree_legged_real/share/unitree_legged_real//config
[0.625s] -- Up-to-date: /home/rs/go1_robot/install/unitree_legged_real/share/unitree_legged_real//config/state_only.rviz
[0.626s] -- Up-to-date: /home/rs/go1_robot/install/unitree_legged_real/share/unitree_legged_real//config/state_and_cmd.rviz
[0.628s] -- Up-to-date: /home/rs/go1_robot/install/unitree_legged_real/share/unitree_legged_real//config/cmd_only.rviz
[0.629s] -- Up-to-date: /home/rs/go1_robot/install/unitree_legged_real/share/ament_index/resource_index/package_run_dependencies/unitree_legged_real
[0.629s] -- Up-to-date: /home/rs/go1_robot/install/unitree_legged_real/share/ament_index/resource_index/parent_prefix_path/unitree_legged_real
[0.629s] -- Up-to-date: /home/rs/go1_robot/install/unitree_legged_real/share/unitree_legged_real/environment/ament_prefix_path.sh
[0.629s] -- Up-to-date: /home/rs/go1_robot/install/unitree_legged_real/share/unitree_legged_real/environment/ament_prefix_path.dsv
[0.629s] -- Up-to-date: /home/rs/go1_robot/install/unitree_legged_real/share/unitree_legged_real/environment/path.sh
[0.629s] -- Up-to-date: /home/rs/go1_robot/install/unitree_legged_real/share/unitree_legged_real/environment/path.dsv
[0.629s] -- Up-to-date: /home/rs/go1_robot/install/unitree_legged_real/share/unitree_legged_real/local_setup.bash
[0.630s] -- Up-to-date: /home/rs/go1_robot/install/unitree_legged_real/share/unitree_legged_real/local_setup.sh
[0.630s] -- Up-to-date: /home/rs/go1_robot/install/unitree_legged_real/share/unitree_legged_real/local_setup.zsh
[0.630s] -- Up-to-date: /home/rs/go1_robot/install/unitree_legged_real/share/unitree_legged_real/local_setup.dsv
[0.630s] -- Installing: /home/rs/go1_robot/install/unitree_legged_real/share/unitree_legged_real/package.dsv
[0.630s] -- Up-to-date: /home/rs/go1_robot/install/unitree_legged_real/share/ament_index/resource_index/packages/unitree_legged_real
[0.630s] -- Up-to-date: /home/rs/go1_robot/install/unitree_legged_real/share/unitree_legged_real/cmake/unitree_legged_realConfig.cmake
[0.630s] -- Up-to-date: /home/rs/go1_robot/install/unitree_legged_real/share/unitree_legged_real/cmake/unitree_legged_realConfig-version.cmake
[0.630s] -- Up-to-date: /home/rs/go1_robot/install/unitree_legged_real/share/unitree_legged_real/package.xml
[0.635s] Invoked command in '/home/rs/go1_robot/build/unitree_legged_real' returned '0': AMENT_PREFIX_PATH=/home/rs/go1_robot/install/ros2_unitree_legged_msgs CMAKE_PREFIX_PATH=/home/rs/go1_robot/install/ros2_unitree_legged_msgs LD_LIBRARY_PATH=/home/rs/go1_robot/install/ros2_unitree_legged_msgs/lib PYTHONPATH=/home/rs/go1_robot/install/ros2_unitree_legged_msgs/local/lib/python3.10/dist-packages /usr/bin/cmake --install /home/rs/go1_robot/build/unitree_legged_real
