[0.055s] Invoking command in '/home/rs/go1_robot/build/unitree_nav': AMENT_PREFIX_PATH=/home/rs/go1_robot/install/unitree_nav_interfaces:/home/rs/go1_robot/install/ros2_unitree_legged_msgs:${AMENT_PREFIX_PATH} CMAKE_PREFIX_PATH=/home/rs/go1_robot/install/unitree_nav_interfaces:/home/rs/go1_robot/install/ros2_unitree_legged_msgs:/opt/ros/humble LD_LIBRARY_PATH=/home/rs/go1_robot/install/unitree_nav_interfaces/lib:/home/rs/go1_robot/install/ros2_unitree_legged_msgs/lib:${LD_LIBRARY_PATH} PYTHONPATH=/home/rs/go1_robot/install/unitree_nav_interfaces/local/lib/python3.10/dist-packages:/home/rs/go1_robot/install/ros2_unitree_legged_msgs/local/lib/python3.10/dist-packages:${PYTHONPATH} /usr/bin/cmake /home/rs/go1_robot/src/unitree_nav/unitree_nav -DAMENT_CMAKE_SYMLINK_INSTALL=1 -DCMAKE_INSTALL_PREFIX=/home/rs/go1_robot/install/unitree_nav
[0.192s] -- The C compiler identification is GNU 11.4.0
[0.309s] -- The CXX compiler identification is GNU 11.4.0
[0.326s] -- Detecting C compiler ABI info
[0.488s] -- Detecting C compiler ABI info - done
[0.506s] -- Check for working C compiler: /usr/bin/cc - skipped
[0.506s] -- Detecting C compile features
[0.507s] -- Detecting C compile features - done
[0.515s] -- Detecting CXX compiler ABI info
[0.723s] -- Detecting CXX compiler ABI info - done
[0.747s] -- Check for working CXX compiler: /usr/bin/c++ - skipped
[0.749s] -- Detecting CXX compile features
[0.749s] -- Detecting CXX compile features - done
[0.754s] -- Found ament_cmake: 1.3.9 (/opt/ros/humble/share/ament_cmake/cmake)
[1.052s] -- Found Python3: /usr/bin/python3 (found version "3.10.12") found components: Interpreter 
[1.161s] -- Override CMake install command with custom implementation using symlinks instead of copying resources
[1.217s] -- Found rclcpp: 16.0.9 (/opt/ros/humble/share/rclcpp/cmake)
[1.305s] -- Found rosidl_generator_c: 3.1.5 (/opt/ros/humble/share/rosidl_generator_c/cmake)
[1.314s] -- Found rosidl_adapter: 3.1.5 (/opt/ros/humble/share/rosidl_adapter/cmake)
[1.329s] -- Found rosidl_generator_cpp: 3.1.5 (/opt/ros/humble/share/rosidl_generator_cpp/cmake)
[1.360s] -- Using all available rosidl_typesupport_c: rosidl_typesupport_fastrtps_c;rosidl_typesupport_introspection_c
[1.399s] -- Using all available rosidl_typesupport_cpp: rosidl_typesupport_fastrtps_cpp;rosidl_typesupport_introspection_cpp
[1.530s] -- Found rmw_implementation_cmake: 6.1.2 (/opt/ros/humble/share/rmw_implementation_cmake/cmake)
[1.534s] -- Found rmw_fastrtps_cpp: 6.2.6 (/opt/ros/humble/share/rmw_fastrtps_cpp/cmake)
[1.775s] -- Found OpenSSL: /usr/lib/x86_64-linux-gnu/libcrypto.so (found version "3.0.2")  
[1.832s] -- Found FastRTPS: /opt/ros/humble/include  
[2.035s] -- Using RMW implementation 'rmw_fastrtps_cpp' as default
[2.078s] -- Looking for pthread.h
[2.285s] -- Looking for pthread.h - found
[2.286s] -- Performing Test CMAKE_HAVE_LIBC_PTHREAD
[2.490s] -- Performing Test CMAKE_HAVE_LIBC_PTHREAD - Success
[2.492s] -- Found Threads: TRUE  
[2.797s] -- Found rclcpp_action: 16.0.9 (/opt/ros/humble/share/rclcpp_action/cmake)
[3.082s] -- Found std_srvs: 4.2.4 (/opt/ros/humble/share/std_srvs/cmake)
[3.146s] -- Found geometry_msgs: 4.2.4 (/opt/ros/humble/share/geometry_msgs/cmake)
[3.246s] -- Found tf2: 0.25.7 (/opt/ros/humble/share/tf2/cmake)
[3.273s] -- Found tf2_geometry_msgs: 0.25.7 (/opt/ros/humble/share/tf2_geometry_msgs/cmake)
[3.322s] -- Found eigen3_cmake_module: 0.1.1 (/opt/ros/humble/share/eigen3_cmake_module/cmake)
[3.326s] -- Found Eigen3: TRUE (found version "3.4.0") 
[3.326s] -- Ensuring Eigen3 include directory is part of orocos-kdl CMake target
[4.774s] -- Found nav2_msgs: 1.1.15 (/opt/ros/humble/share/nav2_msgs/cmake)
[5.913s] -- Found ros2_unitree_legged_msgs: 0.4.0 (/home/rs/go1_robot/install/ros2_unitree_legged_msgs/share/ros2_unitree_legged_msgs/cmake)
[5.974s] -- Found unitree_nav_interfaces: 0.0.0 (/home/rs/go1_robot/install/unitree_nav_interfaces/share/unitree_nav_interfaces/cmake)
[6.214s] -- Found ament_lint_auto: 0.12.11 (/opt/ros/humble/share/ament_lint_auto/cmake)
[6.540s] -- Added test 'cppcheck' to perform static code analysis on C / C++ code
[6.541s] -- Configured cppcheck include dirs: 
[6.541s] -- Configured cppcheck exclude dirs and/or files: 
[6.541s] -- Added test 'flake8' to check Python code syntax and style conventions
[6.542s] -- Added test 'lint_cmake' to check CMake code style
[6.542s] -- Added test 'pep257' to check Python code against some of the docstring style conventions in PEP 257
[6.544s] -- Added test 'uncrustify' to check C / C++ code style
[6.544s] -- Configured uncrustify additional arguments: 
[6.546s] -- Added test 'xmllint' to check XML markup files
[6.552s] -- Configuring done
[6.680s] -- Generating done
[6.688s] -- Build files have been written to: /home/rs/go1_robot/build/unitree_nav
[6.732s] Invoked command in '/home/rs/go1_robot/build/unitree_nav' returned '0': AMENT_PREFIX_PATH=/home/rs/go1_robot/install/unitree_nav_interfaces:/home/rs/go1_robot/install/ros2_unitree_legged_msgs:${AMENT_PREFIX_PATH} CMAKE_PREFIX_PATH=/home/rs/go1_robot/install/unitree_nav_interfaces:/home/rs/go1_robot/install/ros2_unitree_legged_msgs:/opt/ros/humble LD_LIBRARY_PATH=/home/rs/go1_robot/install/unitree_nav_interfaces/lib:/home/rs/go1_robot/install/ros2_unitree_legged_msgs/lib:${LD_LIBRARY_PATH} PYTHONPATH=/home/rs/go1_robot/install/unitree_nav_interfaces/local/lib/python3.10/dist-packages:/home/rs/go1_robot/install/ros2_unitree_legged_msgs/local/lib/python3.10/dist-packages:${PYTHONPATH} /usr/bin/cmake /home/rs/go1_robot/src/unitree_nav/unitree_nav -DAMENT_CMAKE_SYMLINK_INSTALL=1 -DCMAKE_INSTALL_PREFIX=/home/rs/go1_robot/install/unitree_nav
[6.739s] Invoking command in '/home/rs/go1_robot/build/unitree_nav': AMENT_PREFIX_PATH=/home/rs/go1_robot/install/unitree_nav_interfaces:/home/rs/go1_robot/install/ros2_unitree_legged_msgs:${AMENT_PREFIX_PATH} CMAKE_PREFIX_PATH=/home/rs/go1_robot/install/unitree_nav_interfaces:/home/rs/go1_robot/install/ros2_unitree_legged_msgs:/opt/ros/humble LD_LIBRARY_PATH=/home/rs/go1_robot/install/unitree_nav_interfaces/lib:/home/rs/go1_robot/install/ros2_unitree_legged_msgs/lib:${LD_LIBRARY_PATH} PYTHONPATH=/home/rs/go1_robot/install/unitree_nav_interfaces/local/lib/python3.10/dist-packages:/home/rs/go1_robot/install/ros2_unitree_legged_msgs/local/lib/python3.10/dist-packages:${PYTHONPATH} /usr/bin/cmake --build /home/rs/go1_robot/build/unitree_nav -- -j13 -l13
[6.913s] [ 25%] [32mBuilding CXX object CMakeFiles/cmd_processor.dir/src/cmd_processor.cpp.o[0m
[6.921s] [ 50%] [32mBuilding CXX object CMakeFiles/nav_to_pose.dir/src/nav_to_pose.cpp.o[0m
[42.335s] [ 75%] [32m[1mLinking CXX executable nav_to_pose[0m
[43.909s] [ 75%] Built target nav_to_pose
[53.170s] [100%] [32m[1mLinking CXX executable cmd_processor[0m
[57.339s] [100%] Built target cmd_processor
[57.539s] Invoked command in '/home/rs/go1_robot/build/unitree_nav' returned '0': AMENT_PREFIX_PATH=/home/rs/go1_robot/install/unitree_nav_interfaces:/home/rs/go1_robot/install/ros2_unitree_legged_msgs:${AMENT_PREFIX_PATH} CMAKE_PREFIX_PATH=/home/rs/go1_robot/install/unitree_nav_interfaces:/home/rs/go1_robot/install/ros2_unitree_legged_msgs:/opt/ros/humble LD_LIBRARY_PATH=/home/rs/go1_robot/install/unitree_nav_interfaces/lib:/home/rs/go1_robot/install/ros2_unitree_legged_msgs/lib:${LD_LIBRARY_PATH} PYTHONPATH=/home/rs/go1_robot/install/unitree_nav_interfaces/local/lib/python3.10/dist-packages:/home/rs/go1_robot/install/ros2_unitree_legged_msgs/local/lib/python3.10/dist-packages:${PYTHONPATH} /usr/bin/cmake --build /home/rs/go1_robot/build/unitree_nav -- -j13 -l13
[57.677s] Invoking command in '/home/rs/go1_robot/build/unitree_nav': AMENT_PREFIX_PATH=/home/rs/go1_robot/install/unitree_nav_interfaces:/home/rs/go1_robot/install/ros2_unitree_legged_msgs:${AMENT_PREFIX_PATH} CMAKE_PREFIX_PATH=/home/rs/go1_robot/install/unitree_nav_interfaces:/home/rs/go1_robot/install/ros2_unitree_legged_msgs:/opt/ros/humble LD_LIBRARY_PATH=/home/rs/go1_robot/install/unitree_nav_interfaces/lib:/home/rs/go1_robot/install/ros2_unitree_legged_msgs/lib:${LD_LIBRARY_PATH} PYTHONPATH=/home/rs/go1_robot/install/unitree_nav_interfaces/local/lib/python3.10/dist-packages:/home/rs/go1_robot/install/ros2_unitree_legged_msgs/local/lib/python3.10/dist-packages:${PYTHONPATH} /usr/bin/cmake --install /home/rs/go1_robot/build/unitree_nav
[57.703s] -- Install configuration: ""
[57.707s] -- Execute custom install script
[57.709s] -- Symlinking: /home/rs/go1_robot/install/unitree_nav/lib/unitree_nav/cmd_processor
[57.726s] -- Symlinking: /home/rs/go1_robot/install/unitree_nav/lib/unitree_nav/nav_to_pose
[57.750s] -- Symlinking: /home/rs/go1_robot/install/unitree_nav/share/unitree_nav/launch/control.launch.py
[57.769s] -- Symlinking: /home/rs/go1_robot/install/unitree_nav/share/unitree_nav/launch/mapping.launch.py
[57.787s] -- Symlinking: /home/rs/go1_robot/install/unitree_nav/share/unitree_nav/launch/rslidar_robosense.launch.py
[57.805s] -- Symlinking: /home/rs/go1_robot/install/unitree_nav/share/unitree_nav/launch/unitree_nav.launch.py
[57.822s] -- Symlinking: /home/rs/go1_robot/install/unitree_nav/share/unitree_nav/config/nav.rviz
[57.841s] -- Symlinking: /home/rs/go1_robot/install/unitree_nav/share/unitree_nav/config/nav2_params.yaml
[57.862s] -- Symlinking: /home/rs/go1_robot/install/unitree_nav/share/ament_index/resource_index/package_run_dependencies/unitree_nav
[57.879s] -- Symlinking: /home/rs/go1_robot/install/unitree_nav/share/ament_index/resource_index/parent_prefix_path/unitree_nav
[57.897s] -- Symlinking: /home/rs/go1_robot/install/unitree_nav/share/unitree_nav/environment/ament_prefix_path.sh
[57.915s] -- Symlinking: /home/rs/go1_robot/install/unitree_nav/share/unitree_nav/environment/ament_prefix_path.dsv
[57.931s] -- Symlinking: /home/rs/go1_robot/install/unitree_nav/share/unitree_nav/environment/path.sh
[57.969s] -- Symlinking: /home/rs/go1_robot/install/unitree_nav/share/unitree_nav/environment/path.dsv
[57.980s] -- Symlinking: /home/rs/go1_robot/install/unitree_nav/share/unitree_nav/local_setup.bash
[58.005s] -- Symlinking: /home/rs/go1_robot/install/unitree_nav/share/unitree_nav/local_setup.sh
[58.027s] -- Symlinking: /home/rs/go1_robot/install/unitree_nav/share/unitree_nav/local_setup.zsh
[58.053s] -- Symlinking: /home/rs/go1_robot/install/unitree_nav/share/unitree_nav/local_setup.dsv
[58.077s] -- Symlinking: /home/rs/go1_robot/install/unitree_nav/share/unitree_nav/package.dsv
[58.093s] -- Symlinking: /home/rs/go1_robot/install/unitree_nav/share/ament_index/resource_index/packages/unitree_nav
[58.111s] -- Symlinking: /home/rs/go1_robot/install/unitree_nav/share/unitree_nav/cmake/unitree_navConfig.cmake
[58.127s] -- Symlinking: /home/rs/go1_robot/install/unitree_nav/share/unitree_nav/cmake/unitree_navConfig-version.cmake
[58.146s] -- Symlinking: /home/rs/go1_robot/install/unitree_nav/share/unitree_nav/package.xml
[58.185s] Invoked command in '/home/rs/go1_robot/build/unitree_nav' returned '0': AMENT_PREFIX_PATH=/home/rs/go1_robot/install/unitree_nav_interfaces:/home/rs/go1_robot/install/ros2_unitree_legged_msgs:${AMENT_PREFIX_PATH} CMAKE_PREFIX_PATH=/home/rs/go1_robot/install/unitree_nav_interfaces:/home/rs/go1_robot/install/ros2_unitree_legged_msgs:/opt/ros/humble LD_LIBRARY_PATH=/home/rs/go1_robot/install/unitree_nav_interfaces/lib:/home/rs/go1_robot/install/ros2_unitree_legged_msgs/lib:${LD_LIBRARY_PATH} PYTHONPATH=/home/rs/go1_robot/install/unitree_nav_interfaces/local/lib/python3.10/dist-packages:/home/rs/go1_robot/install/ros2_unitree_legged_msgs/local/lib/python3.10/dist-packages:${PYTHONPATH} /usr/bin/cmake --install /home/rs/go1_robot/build/unitree_nav
