[  0%] Built target ros2_unitree_legged_msgs__cpp
[ 12%] Built target ros2_unitree_legged_msgs__rosidl_generator_c
[ 12%] Built target ament_cmake_python_copy_ros2_unitree_legged_msgs
[ 24%] Built target ros2_unitree_legged_msgs__rosidl_typesupport_cpp
[ 35%] Built target ros2_unitree_legged_msgs__rosidl_typesupport_fastrtps_cpp
[ 47%] Built target ros2_unitree_legged_msgs__rosidl_typesupport_c
[ 59%] Built target ros2_unitree_legged_msgs__rosidl_typesupport_introspection_cpp
[ 71%] Built target ros2_unitree_legged_msgs__rosidl_typesupport_fastrtps_c
[ 83%] Built target ros2_unitree_legged_msgs__rosidl_typesupport_introspection_c
[ 83%] Built target ros2_unitree_legged_msgs
[ 84%] Built target ros2_unitree_legged_msgs__py
[ 95%] Built target ros2_unitree_legged_msgs__rosidl_generator_py
[ 97%] Built target ros2_unitree_legged_msgs__rosidl_typesupport_fastrtps_c__pyext
[ 98%] Built target ros2_unitree_legged_msgs__rosidl_typesupport_c__pyext
[100%] Built target ros2_unitree_legged_msgs__rosidl_typesupport_introspection_c__pyext
running egg_info
writing ros2_unitree_legged_msgs.egg-info/PKG-INFO
writing dependency_links to ros2_unitree_legged_msgs.egg-info/dependency_links.txt
writing top-level names to ros2_unitree_legged_msgs.egg-info/top_level.txt
reading manifest file 'ros2_unitree_legged_msgs.egg-info/SOURCES.txt'
writing manifest file 'ros2_unitree_legged_msgs.egg-info/SOURCES.txt'
[100%] Built target ament_cmake_python_build_ros2_unitree_legged_msgs_egg
