[0.092s] Invoking command in '/home/rs/go1_robot/build/ros2_unitree_legged_msgs': /usr/bin/cmake --build /home/rs/go1_robot/build/ros2_unitree_legged_msgs -- -j13 -l13
[0.604s] [  0%] Built target ros2_unitree_legged_msgs__cpp
[0.633s] [ 12%] Built target ros2_unitree_legged_msgs__rosidl_generator_c
[0.690s] [ 12%] Built target ament_cmake_python_copy_ros2_unitree_legged_msgs
[0.944s] [ 24%] Built target ros2_unitree_legged_msgs__rosidl_typesupport_cpp
[0.952s] [ 35%] Built target ros2_unitree_legged_msgs__rosidl_typesupport_fastrtps_cpp
[0.958s] [ 47%] Built target ros2_unitree_legged_msgs__rosidl_typesupport_c
[1.011s] [ 59%] Built target ros2_unitree_legged_msgs__rosidl_typesupport_introspection_cpp
[1.030s] [ 71%] Built target ros2_unitree_legged_msgs__rosidl_typesupport_fastrtps_c
[1.063s] [ 83%] Built target ros2_unitree_legged_msgs__rosidl_typesupport_introspection_c
[1.152s] [ 83%] Built target ros2_unitree_legged_msgs
[1.229s] [ 84%] Built target ros2_unitree_legged_msgs__py
[1.343s] [ 95%] Built target ros2_unitree_legged_msgs__rosidl_generator_py
[1.467s] [ 97%] Built target ros2_unitree_legged_msgs__rosidl_typesupport_fastrtps_c__pyext
[1.511s] [ 98%] Built target ros2_unitree_legged_msgs__rosidl_typesupport_c__pyext
[1.535s] [100%] Built target ros2_unitree_legged_msgs__rosidl_typesupport_introspection_c__pyext
[1.696s] running egg_info
[1.699s] writing ros2_unitree_legged_msgs.egg-info/PKG-INFO
[1.699s] writing dependency_links to ros2_unitree_legged_msgs.egg-info/dependency_links.txt
[1.699s] writing top-level names to ros2_unitree_legged_msgs.egg-info/top_level.txt
[1.705s] reading manifest file 'ros2_unitree_legged_msgs.egg-info/SOURCES.txt'
[1.706s] writing manifest file 'ros2_unitree_legged_msgs.egg-info/SOURCES.txt'
[1.806s] [100%] Built target ament_cmake_python_build_ros2_unitree_legged_msgs_egg
