[0.042s] Invoking command in '/home/yeryn/final/build/unitree_ocr': AMENT_PREFIX_PATH=/home/yeryn/final/install/unitree_ocr_interfaces:${AMENT_PREFIX_PATH} CMAKE_PREFIX_PATH=/home/yeryn/final/install/unitree_ocr_interfaces:/opt/ros/humble LD_LIBRARY_PATH=/home/yeryn/final/install/unitree_ocr_interfaces/lib:${LD_LIBRARY_PATH} PYTHONPATH=/home/yeryn/final/install/unitree_ocr_interfaces/local/lib/python3.10/dist-packages:${PYTHONPATH} /usr/bin/cmake /home/yeryn/final/unitree_inspection/unitree_ocr -DCMAKE_INSTALL_PREFIX=/home/yeryn/final/install/unitree_ocr
[0.147s] -- The C compiler identification is GNU 11.4.0
[0.184s] -- The CXX compiler identification is GNU 11.4.0
[0.189s] -- Detecting C compiler ABI info
[0.263s] -- Detecting C compiler ABI info - done
[0.264s] -- Check for working C compiler: /usr/bin/cc - skipped
[0.265s] -- Detecting C compile features
[0.265s] -- Detecting C compile features - done
[0.266s] -- Detecting CXX compiler ABI info
[0.317s] -- Detecting CXX compiler ABI info - done
[0.317s] -- Check for working CXX compiler: /usr/bin/c++ - skipped
[0.317s] -- Detecting CXX compile features
[0.317s] -- Detecting CXX compile features - done
[0.320s] -- Found ament_cmake: 1.3.9 (/opt/ros/humble/share/ament_cmake/cmake)
[0.444s] -- Found Python3: /usr/bin/python3 (found version "3.10.12") found components: Interpreter 
[0.503s] -- Found rclcpp: 16.0.9 (/opt/ros/humble/share/rclcpp/cmake)
[0.541s] -- Found rosidl_generator_c: 3.1.5 (/opt/ros/humble/share/rosidl_generator_c/cmake)
[0.544s] -- Found rosidl_adapter: 3.1.5 (/opt/ros/humble/share/rosidl_adapter/cmake)
[0.548s] -- Found rosidl_generator_cpp: 3.1.5 (/opt/ros/humble/share/rosidl_generator_cpp/cmake)
[0.556s] -- Using all available rosidl_typesupport_c: rosidl_typesupport_fastrtps_c;rosidl_typesupport_introspection_c
[0.567s] -- Using all available rosidl_typesupport_cpp: rosidl_typesupport_fastrtps_cpp;rosidl_typesupport_introspection_cpp
[0.608s] -- Found rmw_implementation_cmake: 6.1.2 (/opt/ros/humble/share/rmw_implementation_cmake/cmake)
[0.621s] -- Found rmw_fastrtps_cpp: 6.2.6 (/opt/ros/humble/share/rmw_fastrtps_cpp/cmake)
[0.772s] -- Found OpenSSL: /usr/lib/aarch64-linux-gnu/libcrypto.so (found version "3.0.2")  
[0.790s] -- Found FastRTPS: /opt/ros/humble/include  
[0.821s] -- Using RMW implementation 'rmw_fastrtps_cpp' as default
[0.837s] -- Looking for pthread.h
[0.968s] -- Looking for pthread.h - found
[0.968s] -- Performing Test CMAKE_HAVE_LIBC_PTHREAD
[1.027s] -- Performing Test CMAKE_HAVE_LIBC_PTHREAD - Success
[1.028s] -- Found Threads: TRUE  
[1.204s] -- Found sensor_msgs: 4.2.3 (/opt/ros/humble/share/sensor_msgs/cmake)
[1.302s] -- Found OpenCV: /usr (found version "4.5.4") 
[1.303s] -- Found cv_bridge: 3.2.1 (/opt/ros/humble/share/cv_bridge/cmake)
[1.311s] -- Found image_transport: 3.1.9 (/opt/ros/humble/share/image_transport/cmake)
[1.348s] -- Found unitree_ocr_interfaces: 0.0.0 (/home/yeryn/final/install/unitree_ocr_interfaces/share/unitree_ocr_interfaces/cmake)
[1.395s] -- Found Doxygen: /usr/bin/doxygen (found version "1.9.1") found components: doxygen dot 
[1.431s] -- Found ament_lint_auto: 0.12.11 (/opt/ros/humble/share/ament_lint_auto/cmake)
[1.472s] -- Added test 'cppcheck' to perform static code analysis on C / C++ code
[1.473s] -- Configured cppcheck include dirs: $<BUILD_INTERFACE:/home/yeryn/final/unitree_inspection/unitree_ocr/include>
[1.473s] -- Configured cppcheck exclude dirs and/or files: 
[1.473s] -- Added test 'flake8' to check Python code syntax and style conventions
[1.473s] -- Added test 'lint_cmake' to check CMake code style
[1.473s] -- Added test 'pep257' to check Python code against some of the docstring style conventions in PEP 257
[1.474s] -- Added test 'uncrustify' to check C / C++ code style
[1.474s] -- Configured uncrustify additional arguments: 
[1.474s] -- Added test 'xmllint' to check XML markup files
[1.475s] -- Configuring done
[1.489s] -- Generating done
[1.490s] -- Build files have been written to: /home/yeryn/final/build/unitree_ocr
[1.502s] Invoked command in '/home/yeryn/final/build/unitree_ocr' returned '0': AMENT_PREFIX_PATH=/home/yeryn/final/install/unitree_ocr_interfaces:${AMENT_PREFIX_PATH} CMAKE_PREFIX_PATH=/home/yeryn/final/install/unitree_ocr_interfaces:/opt/ros/humble LD_LIBRARY_PATH=/home/yeryn/final/install/unitree_ocr_interfaces/lib:${LD_LIBRARY_PATH} PYTHONPATH=/home/yeryn/final/install/unitree_ocr_interfaces/local/lib/python3.10/dist-packages:${PYTHONPATH} /usr/bin/cmake /home/yeryn/final/unitree_inspection/unitree_ocr -DCMAKE_INSTALL_PREFIX=/home/yeryn/final/install/unitree_ocr
[1.502s] Invoking command in '/home/yeryn/final/build/unitree_ocr': AMENT_PREFIX_PATH=/home/yeryn/final/install/unitree_ocr_interfaces:${AMENT_PREFIX_PATH} CMAKE_PREFIX_PATH=/home/yeryn/final/install/unitree_ocr_interfaces:/opt/ros/humble LD_LIBRARY_PATH=/home/yeryn/final/install/unitree_ocr_interfaces/lib:${LD_LIBRARY_PATH} PYTHONPATH=/home/yeryn/final/install/unitree_ocr_interfaces/local/lib/python3.10/dist-packages:${PYTHONPATH} /usr/bin/cmake --build /home/yeryn/final/build/unitree_ocr -- -j4 -l4
[1.572s] [ 20%] [32mBuilding CXX object CMakeFiles/unitree_ocr.dir/src/ocr.cpp.o[0m
[1.587s] [ 40%] [34m[1mGenerate API documentation for doxygen[0m
[1.643s] Doxygen version used: 1.9.1
[1.644s] Searching for include files...
[1.644s] Searching for example files...
[1.644s] Searching for images...
[1.644s] Searching for dot files...
[1.644s] Searching for msc files...
[1.644s] Searching for dia files...
[1.644s] Searching for files to exclude
[1.644s] Searching INPUT for files to process...
[1.644s] Reading and parsing tag files
[1.645s] Parsing files
[1.645s] Preprocessing /home/yeryn/final/unitree_inspection/unitree_ocr/include/unitree_ocr/ocr.hpp...
[1.645s] Parsing file /home/yeryn/final/unitree_inspection/unitree_ocr/include/unitree_ocr/ocr.hpp...
[1.647s] Preprocessing /home/yeryn/final/unitree_inspection/unitree_ocr/src/ocr.cpp...
[1.647s] Parsing file /home/yeryn/final/unitree_inspection/unitree_ocr/src/ocr.cpp...
[1.648s] Building macro definition list...
[1.648s] Building group list...
[1.648s] Building directory list...
[1.648s] Building namespace list...
[1.648s] Building file list...
[1.648s] Building class list...
[1.648s] Computing nesting relations for classes...
[1.648s] Associating documentation with classes...
[1.648s] Building example list...
[1.648s] Searching for enumerations...
[1.648s] Searching for documented typedefs...
[1.648s] Searching for members imported via using declarations...
[1.648s] Searching for included using directives...
[1.648s] Searching for documented variables...
[1.648s] Building interface member list...
[1.648s] Building member list...
[1.648s] Searching for friends...
[1.648s] Searching for documented defines...
[1.649s] Computing class inheritance relations...
[1.649s] Computing class usage relations...
[1.649s] Flushing cached template relations that have become invalid...
[1.649s] Computing class relations...
[1.649s] Add enum values to enums...
[1.649s] Searching for member function documentation...
[1.649s] Creating members for template instances...
[1.649s] Building page list...
[1.649s] Search for main page...
[1.649s] Computing page relations...
[1.649s] Determining the scope of groups...
[1.649s] Sorting lists...
[1.649s] Determining which enums are documented
[1.649s] Computing member relations...
[1.649s] Building full member lists recursively...
[1.649s] Adding members to member groups.
[1.649s] Computing member references...
[1.649s] Inheriting documentation...
[1.649s] Generating disk names...
[1.649s] Adding source references...
[1.649s] Adding xrefitems...
[1.649s] Sorting member lists...
[1.649s] Setting anonymous enum type...
[1.649s] Computing dependencies between directories...
[1.649s] Generating citations page...
[1.649s] Counting members...
[1.649s] Counting data structures...
[1.649s] Resolving user defined references...
[1.649s] Finding anchors and sections in the documentation...
[1.649s] Transferring function references...
[1.649s] Combining using relations...
[1.649s] Adding members to index pages...
[1.649s] Correcting members for VHDL...
[1.649s] Computing tooltip texts...
[1.653s] Generating style sheet...
[1.653s] Generating search indices...
[1.654s] Generating example documentation...
[1.654s] Generating file sources...
[1.654s] Generating code for file include/unitree_ocr/ocr.hpp...
[1.655s] Generating file documentation...
[1.655s] Generating page documentation...
[1.655s] Generating group documentation...
[1.655s] Generating class documentation...
[1.655s] Generating namespace index...
[1.655s] Generating docs for compound unitree_ocr::TextDetector...
[1.656s] Generating graph info page...
[1.656s] Generating directory documentation...
[1.656s] Generating index page...
[1.657s] Generating page index...
[1.657s] Generating module index...
[1.657s] Generating namespace index...
[1.657s] Generating namespace member index...
[1.657s] Generating annotated compound index...
[1.657s] Generating alphabetical compound index...
[1.657s] Generating hierarchical class index...
[1.657s] Generating graphical class hierarchy...
[1.657s] Generating member index...
[1.658s] Generating file index...
[1.658s] Generating file member index...
[1.658s] Generating example index...
[1.658s] finalizing index lists...
[1.658s] writing tag file...
[1.658s] Running plantuml with JAVA...
[1.658s] Running dot...
[1.759s] Running dot for graph 1/1
[1.761s] lookup cache used 16/65536 hits=27 misses=16
[1.761s] finished...
[1.768s] [ 40%] Built target doxygen
[2.245s] [ 60%] [32m[1mLinking CXX static library libunitree_ocr.a[0m
[2.264s] [ 60%] Built target unitree_ocr
[2.272s] [ 80%] [32mBuilding CXX object CMakeFiles/text_detection_subscriber.dir/src/text_detection_subscriber.cpp.o[0m
[5.735s] [100%] [32m[1mLinking CXX executable text_detection_subscriber[0m
[7.256s] [100%] Built target text_detection_subscriber
[7.307s] Invoked command in '/home/yeryn/final/build/unitree_ocr' returned '0': AMENT_PREFIX_PATH=/home/yeryn/final/install/unitree_ocr_interfaces:${AMENT_PREFIX_PATH} CMAKE_PREFIX_PATH=/home/yeryn/final/install/unitree_ocr_interfaces:/opt/ros/humble LD_LIBRARY_PATH=/home/yeryn/final/install/unitree_ocr_interfaces/lib:${LD_LIBRARY_PATH} PYTHONPATH=/home/yeryn/final/install/unitree_ocr_interfaces/local/lib/python3.10/dist-packages:${PYTHONPATH} /usr/bin/cmake --build /home/yeryn/final/build/unitree_ocr -- -j4 -l4
[7.583s] Invoking command in '/home/yeryn/final/build/unitree_ocr': AMENT_PREFIX_PATH=/home/yeryn/final/install/unitree_ocr_interfaces:${AMENT_PREFIX_PATH} CMAKE_PREFIX_PATH=/home/yeryn/final/install/unitree_ocr_interfaces:/opt/ros/humble LD_LIBRARY_PATH=/home/yeryn/final/install/unitree_ocr_interfaces/lib:${LD_LIBRARY_PATH} PYTHONPATH=/home/yeryn/final/install/unitree_ocr_interfaces/local/lib/python3.10/dist-packages:${PYTHONPATH} /usr/bin/cmake --install /home/yeryn/final/build/unitree_ocr
[7.591s] -- Install configuration: ""
[7.592s] -- Installing: /home/yeryn/final/install/unitree_ocr/lib/unitree_ocr/text_detection_subscriber
[7.594s] -- Set runtime path of "/home/yeryn/final/install/unitree_ocr/lib/unitree_ocr/text_detection_subscriber" to ""
[7.594s] -- Installing: /home/yeryn/final/install/unitree_ocr/include
[7.594s] -- Installing: /home/yeryn/final/install/unitree_ocr/include/unitree_ocr
[7.594s] -- Installing: /home/yeryn/final/install/unitree_ocr/include/unitree_ocr/ocr.hpp
[7.595s] -- Installing: /home/yeryn/final/install/unitree_ocr/lib/libunitree_ocr.a
[7.595s] -- Installing: /home/yeryn/final/install/unitree_ocr/lib/cmake/unitree_ocr/unitree_ocr-config.cmake
[7.596s] -- Installing: /home/yeryn/final/install/unitree_ocr/lib/cmake/unitree_ocr/unitree_ocr-config-noconfig.cmake
[7.596s] -- Installing: /home/yeryn/final/install/unitree_ocr/share/unitree_ocr/launch
[7.596s] -- Installing: /home/yeryn/final/install/unitree_ocr/share/unitree_ocr/launch/text_detection_subscriber.launch.py
[7.596s] -- Installing: /home/yeryn/final/install/unitree_ocr/share/unitree_ocr/models
[7.596s] -- Installing: /home/yeryn/final/install/unitree_ocr/share/unitree_ocr/models/README.md
[7.597s] -- Installing: /home/yeryn/final/install/unitree_ocr/share/ament_index/resource_index/package_run_dependencies/unitree_ocr
[7.597s] -- Installing: /home/yeryn/final/install/unitree_ocr/share/ament_index/resource_index/parent_prefix_path/unitree_ocr
[7.597s] -- Installing: /home/yeryn/final/install/unitree_ocr/share/unitree_ocr/environment/ament_prefix_path.sh
[7.597s] -- Installing: /home/yeryn/final/install/unitree_ocr/share/unitree_ocr/environment/ament_prefix_path.dsv
[7.598s] -- Installing: /home/yeryn/final/install/unitree_ocr/share/unitree_ocr/environment/path.sh
[7.598s] -- Installing: /home/yeryn/final/install/unitree_ocr/share/unitree_ocr/environment/path.dsv
[7.598s] -- Installing: /home/yeryn/final/install/unitree_ocr/share/unitree_ocr/local_setup.bash
[7.598s] -- Installing: /home/yeryn/final/install/unitree_ocr/share/unitree_ocr/local_setup.sh
[7.598s] -- Installing: /home/yeryn/final/install/unitree_ocr/share/unitree_ocr/local_setup.zsh
[7.599s] -- Installing: /home/yeryn/final/install/unitree_ocr/share/unitree_ocr/local_setup.dsv
[7.599s] -- Installing: /home/yeryn/final/install/unitree_ocr/share/unitree_ocr/package.dsv
[7.600s] -- Installing: /home/yeryn/final/install/unitree_ocr/share/ament_index/resource_index/packages/unitree_ocr
[7.600s] -- Installing: /home/yeryn/final/install/unitree_ocr/share/unitree_ocr/cmake/unitree_ocrConfig.cmake
[7.600s] -- Installing: /home/yeryn/final/install/unitree_ocr/share/unitree_ocr/cmake/unitree_ocrConfig-version.cmake
[7.600s] -- Installing: /home/yeryn/final/install/unitree_ocr/share/unitree_ocr/package.xml
[7.605s] Invoked command in '/home/yeryn/final/build/unitree_ocr' returned '0': AMENT_PREFIX_PATH=/home/yeryn/final/install/unitree_ocr_interfaces:${AMENT_PREFIX_PATH} CMAKE_PREFIX_PATH=/home/yeryn/final/install/unitree_ocr_interfaces:/opt/ros/humble LD_LIBRARY_PATH=/home/yeryn/final/install/unitree_ocr_interfaces/lib:${LD_LIBRARY_PATH} PYTHONPATH=/home/yeryn/final/install/unitree_ocr_interfaces/local/lib/python3.10/dist-packages:${PYTHONPATH} /usr/bin/cmake --install /home/yeryn/final/build/unitree_ocr
