[0.079s] Invoking command in '/home/rs/final_auto/build/unitree_inspection': CMAKE_PREFIX_PATH=/home/rs/final_auto/install/unitree_ocr:/home/rs/final_auto/install/unitree_nav:/home/rs/final_auto/install/unitree_ocr_interfaces:/home/rs/final_auto/install/unitree_nav_interfaces:/home/rs/final_auto/install/unitree_inspection_interfaces:/home/rs/final_auto/install/ros2_unitree_legged_msgs:/home/rs/final_auto/install/unitree_inspection:/home/rs/final_auto/install/unitree_legged_real:/home/rs/final_auto/install/go1_description:/home/rs/final_auto/install/unitree_nav_launch_module:/opt/ros/humble LD_LIBRARY_PATH=/home/rs/final_auto/install/unitree_ocr_interfaces/lib:/home/rs/final_auto/install/unitree_nav_interfaces/lib:/home/rs/final_auto/install/unitree_inspection_interfaces/lib:/home/rs/final_auto/install/ros2_unitree_legged_msgs/lib:/home/rs/final_auto/install/unitree_legged_real/lib:/opt/ros/humble/opt/rviz_ogre_vendor/lib:/opt/ros/humble/lib/x86_64-linux-gnu:/opt/ros/humble/lib /usr/bin/cmake --build /home/rs/final_auto/build/unitree_inspection -- -j13 -l13
[0.243s] [100%] Built target inspection
[0.271s] Invoked command in '/home/rs/final_auto/build/unitree_inspection' returned '0': CMAKE_PREFIX_PATH=/home/rs/final_auto/install/unitree_ocr:/home/rs/final_auto/install/unitree_nav:/home/rs/final_auto/install/unitree_ocr_interfaces:/home/rs/final_auto/install/unitree_nav_interfaces:/home/rs/final_auto/install/unitree_inspection_interfaces:/home/rs/final_auto/install/ros2_unitree_legged_msgs:/home/rs/final_auto/install/unitree_inspection:/home/rs/final_auto/install/unitree_legged_real:/home/rs/final_auto/install/go1_description:/home/rs/final_auto/install/unitree_nav_launch_module:/opt/ros/humble LD_LIBRARY_PATH=/home/rs/final_auto/install/unitree_ocr_interfaces/lib:/home/rs/final_auto/install/unitree_nav_interfaces/lib:/home/rs/final_auto/install/unitree_inspection_interfaces/lib:/home/rs/final_auto/install/ros2_unitree_legged_msgs/lib:/home/rs/final_auto/install/unitree_legged_real/lib:/opt/ros/humble/opt/rviz_ogre_vendor/lib:/opt/ros/humble/lib/x86_64-linux-gnu:/opt/ros/humble/lib /usr/bin/cmake --build /home/rs/final_auto/build/unitree_inspection -- -j13 -l13
[0.384s] Invoking command in '/home/rs/final_auto/build/unitree_inspection': CMAKE_PREFIX_PATH=/home/rs/final_auto/install/unitree_ocr:/home/rs/final_auto/install/unitree_nav:/home/rs/final_auto/install/unitree_ocr_interfaces:/home/rs/final_auto/install/unitree_nav_interfaces:/home/rs/final_auto/install/unitree_inspection_interfaces:/home/rs/final_auto/install/ros2_unitree_legged_msgs:/home/rs/final_auto/install/unitree_inspection:/home/rs/final_auto/install/unitree_legged_real:/home/rs/final_auto/install/go1_description:/home/rs/final_auto/install/unitree_nav_launch_module:/opt/ros/humble LD_LIBRARY_PATH=/home/rs/final_auto/install/unitree_ocr_interfaces/lib:/home/rs/final_auto/install/unitree_nav_interfaces/lib:/home/rs/final_auto/install/unitree_inspection_interfaces/lib:/home/rs/final_auto/install/ros2_unitree_legged_msgs/lib:/home/rs/final_auto/install/unitree_legged_real/lib:/opt/ros/humble/opt/rviz_ogre_vendor/lib:/opt/ros/humble/lib/x86_64-linux-gnu:/opt/ros/humble/lib /usr/bin/cmake --install /home/rs/final_auto/build/unitree_inspection
[0.403s] -- Install configuration: ""
[0.404s] -- Up-to-date: /home/rs/final_auto/install/unitree_inspection/lib/unitree_inspection/inspection
[0.405s] -- Up-to-date: /home/rs/final_auto/install/unitree_inspection/share/unitree_inspection/launch
[0.405s] -- Up-to-date: /home/rs/final_auto/install/unitree_inspection/share/unitree_inspection/launch/inspection.launch.py
[0.406s] -- Up-to-date: /home/rs/final_auto/install/unitree_inspection/share/unitree_inspection/launch/autonomous_inspection.launch.py
[0.407s] -- Up-to-date: /home/rs/final_auto/install/unitree_inspection/share/unitree_inspection/config
[0.407s] -- Up-to-date: /home/rs/final_auto/install/unitree_inspection/share/unitree_inspection/config/environment_params.yaml
[0.409s] -- Up-to-date: /home/rs/final_auto/install/unitree_inspection/share/ament_index/resource_index/package_run_dependencies/unitree_inspection
[0.409s] -- Up-to-date: /home/rs/final_auto/install/unitree_inspection/share/ament_index/resource_index/parent_prefix_path/unitree_inspection
[0.409s] -- Up-to-date: /home/rs/final_auto/install/unitree_inspection/share/unitree_inspection/environment/ament_prefix_path.sh
[0.409s] -- Up-to-date: /home/rs/final_auto/install/unitree_inspection/share/unitree_inspection/environment/ament_prefix_path.dsv
[0.409s] -- Up-to-date: /home/rs/final_auto/install/unitree_inspection/share/unitree_inspection/environment/path.sh
[0.409s] -- Up-to-date: /home/rs/final_auto/install/unitree_inspection/share/unitree_inspection/environment/path.dsv
[0.409s] -- Up-to-date: /home/rs/final_auto/install/unitree_inspection/share/unitree_inspection/local_setup.bash
[0.409s] -- Up-to-date: /home/rs/final_auto/install/unitree_inspection/share/unitree_inspection/local_setup.sh
[0.409s] -- Up-to-date: /home/rs/final_auto/install/unitree_inspection/share/unitree_inspection/local_setup.zsh
[0.409s] -- Up-to-date: /home/rs/final_auto/install/unitree_inspection/share/unitree_inspection/local_setup.dsv
[0.410s] -- Installing: /home/rs/final_auto/install/unitree_inspection/share/unitree_inspection/package.dsv
[0.410s] -- Up-to-date: /home/rs/final_auto/install/unitree_inspection/share/ament_index/resource_index/packages/unitree_inspection
[0.411s] -- Up-to-date: /home/rs/final_auto/install/unitree_inspection/share/unitree_inspection/cmake/unitree_inspectionConfig.cmake
[0.411s] -- Up-to-date: /home/rs/final_auto/install/unitree_inspection/share/unitree_inspection/cmake/unitree_inspectionConfig-version.cmake
[0.411s] -- Up-to-date: /home/rs/final_auto/install/unitree_inspection/share/unitree_inspection/package.xml
[0.416s] Invoked command in '/home/rs/final_auto/build/unitree_inspection' returned '0': CMAKE_PREFIX_PATH=/home/rs/final_auto/install/unitree_ocr:/home/rs/final_auto/install/unitree_nav:/home/rs/final_auto/install/unitree_ocr_interfaces:/home/rs/final_auto/install/unitree_nav_interfaces:/home/rs/final_auto/install/unitree_inspection_interfaces:/home/rs/final_auto/install/ros2_unitree_legged_msgs:/home/rs/final_auto/install/unitree_inspection:/home/rs/final_auto/install/unitree_legged_real:/home/rs/final_auto/install/go1_description:/home/rs/final_auto/install/unitree_nav_launch_module:/opt/ros/humble LD_LIBRARY_PATH=/home/rs/final_auto/install/unitree_ocr_interfaces/lib:/home/rs/final_auto/install/unitree_nav_interfaces/lib:/home/rs/final_auto/install/unitree_inspection_interfaces/lib:/home/rs/final_auto/install/ros2_unitree_legged_msgs/lib:/home/rs/final_auto/install/unitree_legged_real/lib:/opt/ros/humble/opt/rviz_ogre_vendor/lib:/opt/ros/humble/lib/x86_64-linux-gnu:/opt/ros/humble/lib /usr/bin/cmake --install /home/rs/final_auto/build/unitree_inspection
