[0.149s] Invoking command in '/home/rs/go1_robot/build/unitree_ocr': CMAKE_PREFIX_PATH=/home/rs/go1_robot/install/unitree_ocr_interfaces:/home/rs/go1_robot/install/unitree_inspection:/home/rs/go1_robot/install/unitree_ocr:/home/rs/go1_robot/install/unitree_nav:/home/rs/go1_robot/install/unitree_nav_interfaces:/home/rs/go1_robot/install/unitree_legged_real:/home/rs/go1_robot/install/unitree_inspection_interfaces:/home/rs/go1_robot/install/ros2_unitree_legged_msgs:/home/rs/go1_robot/install/go1_description:/opt/ros/humble:/home/rs/go1_robot/install/unitree_nav_launch_module LD_LIBRARY_PATH=/home/rs/go1_robot/install/unitree_ocr_interfaces/lib:/usr/lib/x86_64-linux-gnu/gazebo-11/plugins:/opt/ros/humble/opt/rviz_ogre_vendor/lib:/opt/ros/humble/lib/x86_64-linux-gnu:/opt/ros/humble/lib:/home/rs/go1_robot/install/unitree_nav_interfaces/lib:/home/rs/go1_robot/install/unitree_legged_real/lib:/home/rs/go1_robot/install/unitree_inspection_interfaces/lib:/home/rs/go1_robot/install/ros2_unitree_legged_msgs/lib /usr/bin/cmake --build /home/rs/go1_robot/build/unitree_ocr -- -j13 -l13
[0.287s] [ 20%] [34m[1mGenerate API documentation for doxygen[0m
[0.297s] [ 60%] Built target unitree_ocr
[0.406s] [100%] Built target text_detection_subscriber
[1.652s] Doxygen version used: 1.9.1
[1.663s] Searching for include files...
[1.664s] Searching for example files...
[1.665s] Searching for images...
[1.665s] Searching for dot files...
[1.666s] Searching for msc files...
[1.667s] Searching for dia files...
[1.669s] Searching for files to exclude
[1.670s] Searching INPUT for files to process...
[1.670s] Reading and parsing tag files
[1.670s] Parsing files
[1.671s] Preprocessing /home/rs/go1_robot/src/unitree_inspection/unitree_ocr/include/unitree_ocr/ocr.hpp...
[1.677s] Parsing file /home/rs/go1_robot/src/unitree_inspection/unitree_ocr/include/unitree_ocr/ocr.hpp...
[1.683s] Preprocessing /home/rs/go1_robot/src/unitree_inspection/unitree_ocr/src/ocr.cpp...
[1.684s] Parsing file /home/rs/go1_robot/src/unitree_inspection/unitree_ocr/src/ocr.cpp...
[1.685s] Building macro definition list...
[1.686s] Building group list...
[1.687s] Building directory list...
[1.688s] Building namespace list...
[1.689s] Building file list...
[1.689s] Building class list...
[1.690s] Computing nesting relations for classes...
[1.690s] Associating documentation with classes...
[1.690s] Building example list...
[1.691s] Searching for enumerations...
[1.694s] Searching for documented typedefs...
[1.694s] Searching for members imported via using declarations...
[1.694s] Searching for included using directives...
[1.695s] Searching for documented variables...
[1.697s] Building interface member list...
[1.698s] Building member list...
[1.699s] Searching for friends...
[1.700s] Searching for documented defines...
[1.702s] Computing class inheritance relations...
[1.703s] Computing class usage relations...
[1.703s] Flushing cached template relations that have become invalid...
[1.704s] Computing class relations...
[1.704s] Add enum values to enums...
[1.706s] Searching for member function documentation...
[1.707s] Creating members for template instances...
[1.707s] Building page list...
[1.707s] Search for main page...
[1.708s] Computing page relations...
[1.708s] Determining the scope of groups...
[1.708s] Sorting lists...
[1.708s] Determining which enums are documented
[1.709s] Computing member relations...
[1.709s] Building full member lists recursively...
[1.709s] Adding members to member groups.
[1.710s] Computing member references...
[1.711s] Inheriting documentation...
[1.712s] Generating disk names...
[1.712s] Adding source references...
[1.712s] Adding xrefitems...
[1.712s] Sorting member lists...
[1.713s] Setting anonymous enum type...
[1.713s] Computing dependencies between directories...
[1.713s] Generating citations page...
[1.714s] Counting members...
[1.714s] Counting data structures...
[1.714s] Resolving user defined references...
[1.714s] Finding anchors and sections in the documentation...
[1.715s] Transferring function references...
[1.715s] Combining using relations...
[1.715s] Adding members to index pages...
[1.716s] Correcting members for VHDL...
[1.716s] Computing tooltip texts...
[1.733s] Generating style sheet...
[1.734s] Generating search indices...
[1.750s] Generating example documentation...
[1.750s] Generating file sources...
[1.752s] Generating code for file include/unitree_ocr/ocr.hpp...
[1.761s] Generating file documentation...
[1.762s] Generating page documentation...
[1.762s] Generating group documentation...
[1.763s] Generating class documentation...
[1.764s] Generating namespace index...
[1.765s] Generating docs for compound unitree_ocr::TextDetector...
[1.776s] Generating graph info page...
[1.784s] Generating directory documentation...
[1.794s] Generating index page...
[1.796s] Generating page index...
[1.797s] Generating module index...
[1.797s] Generating namespace index...
[1.798s] Generating namespace member index...
[1.798s] Generating annotated compound index...
[1.800s] Generating alphabetical compound index...
[1.806s] Generating hierarchical class index...
[1.806s] Generating graphical class hierarchy...
[1.807s] Generating member index...
[1.821s] Generating file index...
[1.822s] Generating file member index...
[1.823s] Generating example index...
[1.823s] finalizing index lists...
[1.825s] writing tag file...
[1.826s] Running plantuml with JAVA...
[1.827s] Running dot...
[1.861s] lookup cache used 16/65536 hits=27 misses=16
[1.862s] finished...
[1.916s] [100%] Built target doxygen
[1.956s] Invoked command in '/home/rs/go1_robot/build/unitree_ocr' returned '0': CMAKE_PREFIX_PATH=/home/rs/go1_robot/install/unitree_ocr_interfaces:/home/rs/go1_robot/install/unitree_inspection:/home/rs/go1_robot/install/unitree_ocr:/home/rs/go1_robot/install/unitree_nav:/home/rs/go1_robot/install/unitree_nav_interfaces:/home/rs/go1_robot/install/unitree_legged_real:/home/rs/go1_robot/install/unitree_inspection_interfaces:/home/rs/go1_robot/install/ros2_unitree_legged_msgs:/home/rs/go1_robot/install/go1_description:/opt/ros/humble:/home/rs/go1_robot/install/unitree_nav_launch_module LD_LIBRARY_PATH=/home/rs/go1_robot/install/unitree_ocr_interfaces/lib:/usr/lib/x86_64-linux-gnu/gazebo-11/plugins:/opt/ros/humble/opt/rviz_ogre_vendor/lib:/opt/ros/humble/lib/x86_64-linux-gnu:/opt/ros/humble/lib:/home/rs/go1_robot/install/unitree_nav_interfaces/lib:/home/rs/go1_robot/install/unitree_legged_real/lib:/home/rs/go1_robot/install/unitree_inspection_interfaces/lib:/home/rs/go1_robot/install/ros2_unitree_legged_msgs/lib /usr/bin/cmake --build /home/rs/go1_robot/build/unitree_ocr -- -j13 -l13
[2.133s] Invoking command in '/home/rs/go1_robot/build/unitree_ocr': CMAKE_PREFIX_PATH=/home/rs/go1_robot/install/unitree_ocr_interfaces:/home/rs/go1_robot/install/unitree_inspection:/home/rs/go1_robot/install/unitree_ocr:/home/rs/go1_robot/install/unitree_nav:/home/rs/go1_robot/install/unitree_nav_interfaces:/home/rs/go1_robot/install/unitree_legged_real:/home/rs/go1_robot/install/unitree_inspection_interfaces:/home/rs/go1_robot/install/ros2_unitree_legged_msgs:/home/rs/go1_robot/install/go1_description:/opt/ros/humble:/home/rs/go1_robot/install/unitree_nav_launch_module LD_LIBRARY_PATH=/home/rs/go1_robot/install/unitree_ocr_interfaces/lib:/usr/lib/x86_64-linux-gnu/gazebo-11/plugins:/opt/ros/humble/opt/rviz_ogre_vendor/lib:/opt/ros/humble/lib/x86_64-linux-gnu:/opt/ros/humble/lib:/home/rs/go1_robot/install/unitree_nav_interfaces/lib:/home/rs/go1_robot/install/unitree_legged_real/lib:/home/rs/go1_robot/install/unitree_inspection_interfaces/lib:/home/rs/go1_robot/install/ros2_unitree_legged_msgs/lib /usr/bin/cmake --install /home/rs/go1_robot/build/unitree_ocr
[2.161s] -- Install configuration: ""
[2.162s] -- Up-to-date: /home/rs/go1_robot/install/unitree_ocr/lib/unitree_ocr/text_detection_subscriber
[2.164s] -- Up-to-date: /home/rs/go1_robot/install/unitree_ocr/include
[2.164s] -- Up-to-date: /home/rs/go1_robot/install/unitree_ocr/include/unitree_ocr
[2.164s] -- Up-to-date: /home/rs/go1_robot/install/unitree_ocr/include/unitree_ocr/ocr.hpp
[2.165s] -- Up-to-date: /home/rs/go1_robot/install/unitree_ocr/lib/libunitree_ocr.a
[2.166s] -- Up-to-date: /home/rs/go1_robot/install/unitree_ocr/lib/cmake/unitree_ocr/unitree_ocr-config.cmake
[2.166s] -- Up-to-date: /home/rs/go1_robot/install/unitree_ocr/lib/cmake/unitree_ocr/unitree_ocr-config-noconfig.cmake
[2.167s] -- Up-to-date: /home/rs/go1_robot/install/unitree_ocr/share/unitree_ocr/launch
[2.167s] -- Up-to-date: /home/rs/go1_robot/install/unitree_ocr/share/unitree_ocr/launch/text_detection_subscriber.launch.py
[2.168s] -- Up-to-date: /home/rs/go1_robot/install/unitree_ocr/share/unitree_ocr/models
[2.169s] -- Up-to-date: /home/rs/go1_robot/install/unitree_ocr/share/unitree_ocr/models/README.md
[2.170s] -- Up-to-date: /home/rs/go1_robot/install/unitree_ocr/share/ament_index/resource_index/package_run_dependencies/unitree_ocr
[2.171s] -- Up-to-date: /home/rs/go1_robot/install/unitree_ocr/share/ament_index/resource_index/parent_prefix_path/unitree_ocr
[2.171s] -- Up-to-date: /home/rs/go1_robot/install/unitree_ocr/share/unitree_ocr/environment/ament_prefix_path.sh
[2.172s] -- Up-to-date: /home/rs/go1_robot/install/unitree_ocr/share/unitree_ocr/environment/ament_prefix_path.dsv
[2.173s] -- Up-to-date: /home/rs/go1_robot/install/unitree_ocr/share/unitree_ocr/environment/path.sh
[2.173s] -- Up-to-date: /home/rs/go1_robot/install/unitree_ocr/share/unitree_ocr/environment/path.dsv
[2.173s] -- Up-to-date: /home/rs/go1_robot/install/unitree_ocr/share/unitree_ocr/local_setup.bash
[2.174s] -- Up-to-date: /home/rs/go1_robot/install/unitree_ocr/share/unitree_ocr/local_setup.sh
[2.174s] -- Up-to-date: /home/rs/go1_robot/install/unitree_ocr/share/unitree_ocr/local_setup.zsh
[2.177s] -- Up-to-date: /home/rs/go1_robot/install/unitree_ocr/share/unitree_ocr/local_setup.dsv
[2.177s] -- Installing: /home/rs/go1_robot/install/unitree_ocr/share/unitree_ocr/package.dsv
[2.178s] -- Up-to-date: /home/rs/go1_robot/install/unitree_ocr/share/ament_index/resource_index/packages/unitree_ocr
[2.179s] -- Up-to-date: /home/rs/go1_robot/install/unitree_ocr/share/unitree_ocr/cmake/unitree_ocrConfig.cmake
[2.180s] -- Up-to-date: /home/rs/go1_robot/install/unitree_ocr/share/unitree_ocr/cmake/unitree_ocrConfig-version.cmake
[2.182s] -- Up-to-date: /home/rs/go1_robot/install/unitree_ocr/share/unitree_ocr/package.xml
[2.187s] Invoked command in '/home/rs/go1_robot/build/unitree_ocr' returned '0': CMAKE_PREFIX_PATH=/home/rs/go1_robot/install/unitree_ocr_interfaces:/home/rs/go1_robot/install/unitree_inspection:/home/rs/go1_robot/install/unitree_ocr:/home/rs/go1_robot/install/unitree_nav:/home/rs/go1_robot/install/unitree_nav_interfaces:/home/rs/go1_robot/install/unitree_legged_real:/home/rs/go1_robot/install/unitree_inspection_interfaces:/home/rs/go1_robot/install/ros2_unitree_legged_msgs:/home/rs/go1_robot/install/go1_description:/opt/ros/humble:/home/rs/go1_robot/install/unitree_nav_launch_module LD_LIBRARY_PATH=/home/rs/go1_robot/install/unitree_ocr_interfaces/lib:/usr/lib/x86_64-linux-gnu/gazebo-11/plugins:/opt/ros/humble/opt/rviz_ogre_vendor/lib:/opt/ros/humble/lib/x86_64-linux-gnu:/opt/ros/humble/lib:/home/rs/go1_robot/install/unitree_nav_interfaces/lib:/home/rs/go1_robot/install/unitree_legged_real/lib:/home/rs/go1_robot/install/unitree_inspection_interfaces/lib:/home/rs/go1_robot/install/ros2_unitree_legged_msgs/lib /usr/bin/cmake --install /home/rs/go1_robot/build/unitree_ocr
