[0.063s] Invoking command in '/home/rs/go1_robot/build/unitree_nav': AMENT_PREFIX_PATH=/home/rs/go1_robot/install/unitree_nav_interfaces:/home/rs/go1_robot/install/ros2_unitree_legged_msgs CMAKE_PREFIX_PATH=/home/rs/go1_robot/install/unitree_nav_interfaces:/home/rs/go1_robot/install/ros2_unitree_legged_msgs LD_LIBRARY_PATH=/home/rs/go1_robot/install/unitree_nav_interfaces/lib:/home/rs/go1_robot/install/ros2_unitree_legged_msgs/lib PYTHONPATH=/home/rs/go1_robot/install/unitree_nav_interfaces/local/lib/python3.10/dist-packages:/home/rs/go1_robot/install/ros2_unitree_legged_msgs/local/lib/python3.10/dist-packages /usr/bin/cmake --build /home/rs/go1_robot/build/unitree_nav -- -j13 -l13
[0.414s] [ 50%] Built target cmd_processor
[0.454s] [100%] Built target nav_to_pose
[0.494s] Invoked command in '/home/rs/go1_robot/build/unitree_nav' returned '0': AMENT_PREFIX_PATH=/home/rs/go1_robot/install/unitree_nav_interfaces:/home/rs/go1_robot/install/ros2_unitree_legged_msgs CMAKE_PREFIX_PATH=/home/rs/go1_robot/install/unitree_nav_interfaces:/home/rs/go1_robot/install/ros2_unitree_legged_msgs LD_LIBRARY_PATH=/home/rs/go1_robot/install/unitree_nav_interfaces/lib:/home/rs/go1_robot/install/ros2_unitree_legged_msgs/lib PYTHONPATH=/home/rs/go1_robot/install/unitree_nav_interfaces/local/lib/python3.10/dist-packages:/home/rs/go1_robot/install/ros2_unitree_legged_msgs/local/lib/python3.10/dist-packages /usr/bin/cmake --build /home/rs/go1_robot/build/unitree_nav -- -j13 -l13
[0.653s] Invoking command in '/home/rs/go1_robot/build/unitree_nav': AMENT_PREFIX_PATH=/home/rs/go1_robot/install/unitree_nav_interfaces:/home/rs/go1_robot/install/ros2_unitree_legged_msgs CMAKE_PREFIX_PATH=/home/rs/go1_robot/install/unitree_nav_interfaces:/home/rs/go1_robot/install/ros2_unitree_legged_msgs LD_LIBRARY_PATH=/home/rs/go1_robot/install/unitree_nav_interfaces/lib:/home/rs/go1_robot/install/ros2_unitree_legged_msgs/lib PYTHONPATH=/home/rs/go1_robot/install/unitree_nav_interfaces/local/lib/python3.10/dist-packages:/home/rs/go1_robot/install/ros2_unitree_legged_msgs/local/lib/python3.10/dist-packages /usr/bin/cmake --install /home/rs/go1_robot/build/unitree_nav
[0.680s] -- Install configuration: ""
[0.682s] -- Up-to-date: /home/rs/go1_robot/install/unitree_nav/lib/unitree_nav/cmd_processor
[0.689s] -- Up-to-date: /home/rs/go1_robot/install/unitree_nav/lib/unitree_nav/nav_to_pose
[0.689s] -- Up-to-date: /home/rs/go1_robot/install/unitree_nav/share/unitree_nav/launch
[0.690s] -- Up-to-date: /home/rs/go1_robot/install/unitree_nav/share/unitree_nav/launch/rslidar_robosense.launch.py
[0.690s] -- Up-to-date: /home/rs/go1_robot/install/unitree_nav/share/unitree_nav/launch/unitree_nav.launch.py
[0.693s] -- Up-to-date: /home/rs/go1_robot/install/unitree_nav/share/unitree_nav/launch/mapping.launch.py
[0.694s] -- Up-to-date: /home/rs/go1_robot/install/unitree_nav/share/unitree_nav/launch/control.launch.py
[0.695s] -- Up-to-date: /home/rs/go1_robot/install/unitree_nav/share/unitree_nav/config
[0.695s] -- Up-to-date: /home/rs/go1_robot/install/unitree_nav/share/unitree_nav/config/nav.rviz
[0.696s] -- Up-to-date: /home/rs/go1_robot/install/unitree_nav/share/unitree_nav/config/nav2_params.yaml
[0.696s] -- Up-to-date: /home/rs/go1_robot/install/unitree_nav/share/ament_index/resource_index/package_run_dependencies/unitree_nav
[0.699s] -- Up-to-date: /home/rs/go1_robot/install/unitree_nav/share/ament_index/resource_index/parent_prefix_path/unitree_nav
[0.702s] -- Up-to-date: /home/rs/go1_robot/install/unitree_nav/share/unitree_nav/environment/ament_prefix_path.sh
[0.708s] -- Up-to-date: /home/rs/go1_robot/install/unitree_nav/share/unitree_nav/environment/ament_prefix_path.dsv
[0.713s] -- Up-to-date: /home/rs/go1_robot/install/unitree_nav/share/unitree_nav/environment/path.sh
[0.715s] -- Up-to-date: /home/rs/go1_robot/install/unitree_nav/share/unitree_nav/environment/path.dsv
[0.716s] -- Up-to-date: /home/rs/go1_robot/install/unitree_nav/share/unitree_nav/local_setup.bash
[0.717s] -- Up-to-date: /home/rs/go1_robot/install/unitree_nav/share/unitree_nav/local_setup.sh
[0.718s] -- Up-to-date: /home/rs/go1_robot/install/unitree_nav/share/unitree_nav/local_setup.zsh
[0.718s] -- Up-to-date: /home/rs/go1_robot/install/unitree_nav/share/unitree_nav/local_setup.dsv
[0.719s] -- Installing: /home/rs/go1_robot/install/unitree_nav/share/unitree_nav/package.dsv
[0.719s] -- Up-to-date: /home/rs/go1_robot/install/unitree_nav/share/ament_index/resource_index/packages/unitree_nav
[0.720s] -- Up-to-date: /home/rs/go1_robot/install/unitree_nav/share/unitree_nav/cmake/unitree_navConfig.cmake
[0.721s] -- Up-to-date: /home/rs/go1_robot/install/unitree_nav/share/unitree_nav/cmake/unitree_navConfig-version.cmake
[0.721s] -- Up-to-date: /home/rs/go1_robot/install/unitree_nav/share/unitree_nav/package.xml
[0.722s] Invoked command in '/home/rs/go1_robot/build/unitree_nav' returned '0': AMENT_PREFIX_PATH=/home/rs/go1_robot/install/unitree_nav_interfaces:/home/rs/go1_robot/install/ros2_unitree_legged_msgs CMAKE_PREFIX_PATH=/home/rs/go1_robot/install/unitree_nav_interfaces:/home/rs/go1_robot/install/ros2_unitree_legged_msgs LD_LIBRARY_PATH=/home/rs/go1_robot/install/unitree_nav_interfaces/lib:/home/rs/go1_robot/install/ros2_unitree_legged_msgs/lib PYTHONPATH=/home/rs/go1_robot/install/unitree_nav_interfaces/local/lib/python3.10/dist-packages:/home/rs/go1_robot/install/ros2_unitree_legged_msgs/local/lib/python3.10/dist-packages /usr/bin/cmake --install /home/rs/go1_robot/build/unitree_nav
