[0.004s] Invoking command in '/home/yeryn/final/build/unitree_nav': AMENT_PREFIX_PATH=/home/yeryn/final/install/unitree_nav_interfaces:/home/yeryn/final/install/ros2_unitree_legged_msgs:${AMENT_PREFIX_PATH} CMAKE_PREFIX_PATH=/home/yeryn/final/install/unitree_nav_interfaces:/home/yeryn/final/install/ros2_unitree_legged_msgs:/opt/ros/humble LD_LIBRARY_PATH=/home/yeryn/final/install/unitree_nav_interfaces/lib:/home/yeryn/final/install/ros2_unitree_legged_msgs/lib:${LD_LIBRARY_PATH} PYTHONPATH=/home/yeryn/final/install/unitree_nav_interfaces/local/lib/python3.10/dist-packages:/home/yeryn/final/install/ros2_unitree_legged_msgs/local/lib/python3.10/dist-packages:${PYTHONPATH} /usr/bin/cmake /home/yeryn/final/unitree_nav/unitree_nav -DCMAKE_INSTALL_PREFIX=/home/yeryn/final/install/unitree_nav
[0.032s] -- The C compiler identification is GNU 11.4.0
[0.062s] -- The CXX compiler identification is GNU 11.4.0
[0.066s] -- Detecting C compiler ABI info
[0.105s] -- Detecting C compiler ABI info - done
[0.109s] -- Check for working C compiler: /usr/bin/cc - skipped
[0.109s] -- Detecting C compile features
[0.109s] -- Detecting C compile features - done
[0.111s] -- Detecting CXX compiler ABI info
[0.155s] -- Detecting CXX compiler ABI info - done
[0.158s] -- Check for working CXX compiler: /usr/bin/c++ - skipped
[0.159s] -- Detecting CXX compile features
[0.159s] -- Detecting CXX compile features - done
[0.160s] -- Found ament_cmake: 1.3.9 (/opt/ros/humble/share/ament_cmake/cmake)
[0.234s] -- Found Python3: /usr/bin/python3 (found version "3.10.12") found components: Interpreter 
[0.279s] -- Found rclcpp: 16.0.9 (/opt/ros/humble/share/rclcpp/cmake)
[0.303s] -- Found rosidl_generator_c: 3.1.5 (/opt/ros/humble/share/rosidl_generator_c/cmake)
[0.305s] -- Found rosidl_adapter: 3.1.5 (/opt/ros/humble/share/rosidl_adapter/cmake)
[0.309s] -- Found rosidl_generator_cpp: 3.1.5 (/opt/ros/humble/share/rosidl_generator_cpp/cmake)
[0.316s] -- Using all available rosidl_typesupport_c: rosidl_typesupport_fastrtps_c;rosidl_typesupport_introspection_c
[0.326s] -- Using all available rosidl_typesupport_cpp: rosidl_typesupport_fastrtps_cpp;rosidl_typesupport_introspection_cpp
[0.375s] -- Found rmw_implementation_cmake: 6.1.2 (/opt/ros/humble/share/rmw_implementation_cmake/cmake)
[0.376s] -- Found rmw_fastrtps_cpp: 6.2.6 (/opt/ros/humble/share/rmw_fastrtps_cpp/cmake)
[0.433s] -- Found OpenSSL: /usr/lib/aarch64-linux-gnu/libcrypto.so (found version "3.0.2")  
[0.450s] -- Found FastRTPS: /opt/ros/humble/include  
[0.477s] -- Using RMW implementation 'rmw_fastrtps_cpp' as default
[0.484s] -- Looking for pthread.h
[0.520s] -- Looking for pthread.h - found
[0.521s] -- Performing Test CMAKE_HAVE_LIBC_PTHREAD
[0.556s] -- Performing Test CMAKE_HAVE_LIBC_PTHREAD - Success
[0.556s] -- Found Threads: TRUE  
[0.653s] -- Found rclcpp_action: 16.0.9 (/opt/ros/humble/share/rclcpp_action/cmake)
[0.715s] -- Found std_srvs: 4.2.3 (/opt/ros/humble/share/std_srvs/cmake)
[0.725s] -- Found geometry_msgs: 4.2.3 (/opt/ros/humble/share/geometry_msgs/cmake)
[0.752s] -- Found tf2: 0.25.6 (/opt/ros/humble/share/tf2/cmake)
[0.764s] -- Found tf2_geometry_msgs: 0.25.6 (/opt/ros/humble/share/tf2_geometry_msgs/cmake)
[0.775s] -- Found eigen3_cmake_module: 0.1.1 (/opt/ros/humble/share/eigen3_cmake_module/cmake)
[0.776s] -- Found Eigen3: TRUE (found version "3.4.0") 
[0.776s] -- Ensuring Eigen3 include directory is part of orocos-kdl CMake target
[0.938s] -- Found nav2_msgs: 1.1.14 (/opt/ros/humble/share/nav2_msgs/cmake)
[1.124s] -- Found ros2_unitree_legged_msgs: 0.4.0 (/home/yeryn/final/install/ros2_unitree_legged_msgs/share/ros2_unitree_legged_msgs/cmake)
[1.132s] -- Found unitree_nav_interfaces: 0.0.0 (/home/yeryn/final/install/unitree_nav_interfaces/share/unitree_nav_interfaces/cmake)
[1.170s] -- Found ament_lint_auto: 0.12.11 (/opt/ros/humble/share/ament_lint_auto/cmake)
[1.209s] -- Added test 'cppcheck' to perform static code analysis on C / C++ code
[1.209s] -- Configured cppcheck include dirs: 
[1.209s] -- Configured cppcheck exclude dirs and/or files: 
[1.210s] -- Added test 'flake8' to check Python code syntax and style conventions
[1.210s] -- Added test 'lint_cmake' to check CMake code style
[1.210s] -- Added test 'pep257' to check Python code against some of the docstring style conventions in PEP 257
[1.211s] -- Added test 'uncrustify' to check C / C++ code style
[1.211s] -- Configured uncrustify additional arguments: 
[1.211s] -- Added test 'xmllint' to check XML markup files
[1.211s] -- Configuring done
[1.222s] -- Generating done
[1.223s] -- Build files have been written to: /home/yeryn/final/build/unitree_nav
[1.229s] Invoked command in '/home/yeryn/final/build/unitree_nav' returned '0': AMENT_PREFIX_PATH=/home/yeryn/final/install/unitree_nav_interfaces:/home/yeryn/final/install/ros2_unitree_legged_msgs:${AMENT_PREFIX_PATH} CMAKE_PREFIX_PATH=/home/yeryn/final/install/unitree_nav_interfaces:/home/yeryn/final/install/ros2_unitree_legged_msgs:/opt/ros/humble LD_LIBRARY_PATH=/home/yeryn/final/install/unitree_nav_interfaces/lib:/home/yeryn/final/install/ros2_unitree_legged_msgs/lib:${LD_LIBRARY_PATH} PYTHONPATH=/home/yeryn/final/install/unitree_nav_interfaces/local/lib/python3.10/dist-packages:/home/yeryn/final/install/ros2_unitree_legged_msgs/local/lib/python3.10/dist-packages:${PYTHONPATH} /usr/bin/cmake /home/yeryn/final/unitree_nav/unitree_nav -DCMAKE_INSTALL_PREFIX=/home/yeryn/final/install/unitree_nav
[1.231s] Invoking command in '/home/yeryn/final/build/unitree_nav': AMENT_PREFIX_PATH=/home/yeryn/final/install/unitree_nav_interfaces:/home/yeryn/final/install/ros2_unitree_legged_msgs:${AMENT_PREFIX_PATH} CMAKE_PREFIX_PATH=/home/yeryn/final/install/unitree_nav_interfaces:/home/yeryn/final/install/ros2_unitree_legged_msgs:/opt/ros/humble LD_LIBRARY_PATH=/home/yeryn/final/install/unitree_nav_interfaces/lib:/home/yeryn/final/install/ros2_unitree_legged_msgs/lib:${LD_LIBRARY_PATH} PYTHONPATH=/home/yeryn/final/install/unitree_nav_interfaces/local/lib/python3.10/dist-packages:/home/yeryn/final/install/ros2_unitree_legged_msgs/local/lib/python3.10/dist-packages:${PYTHONPATH} /usr/bin/cmake --build /home/yeryn/final/build/unitree_nav -- -j4 -l4
[1.254s] [ 25%] [32mBuilding CXX object CMakeFiles/nav_to_pose.dir/src/nav_to_pose.cpp.o[0m
[1.254s] [ 50%] [32mBuilding CXX object CMakeFiles/cmd_processor.dir/src/cmd_processor.cpp.o[0m
[4.649s] [ 75%] [32m[1mLinking CXX executable nav_to_pose[0m
[4.862s] [ 75%] Built target nav_to_pose
[6.431s] [100%] [32m[1mLinking CXX executable cmd_processor[0m
[6.725s] [100%] Built target cmd_processor
[6.734s] Invoked command in '/home/yeryn/final/build/unitree_nav' returned '0': AMENT_PREFIX_PATH=/home/yeryn/final/install/unitree_nav_interfaces:/home/yeryn/final/install/ros2_unitree_legged_msgs:${AMENT_PREFIX_PATH} CMAKE_PREFIX_PATH=/home/yeryn/final/install/unitree_nav_interfaces:/home/yeryn/final/install/ros2_unitree_legged_msgs:/opt/ros/humble LD_LIBRARY_PATH=/home/yeryn/final/install/unitree_nav_interfaces/lib:/home/yeryn/final/install/ros2_unitree_legged_msgs/lib:${LD_LIBRARY_PATH} PYTHONPATH=/home/yeryn/final/install/unitree_nav_interfaces/local/lib/python3.10/dist-packages:/home/yeryn/final/install/ros2_unitree_legged_msgs/local/lib/python3.10/dist-packages:${PYTHONPATH} /usr/bin/cmake --build /home/yeryn/final/build/unitree_nav -- -j4 -l4
[6.749s] Invoking command in '/home/yeryn/final/build/unitree_nav': AMENT_PREFIX_PATH=/home/yeryn/final/install/unitree_nav_interfaces:/home/yeryn/final/install/ros2_unitree_legged_msgs:${AMENT_PREFIX_PATH} CMAKE_PREFIX_PATH=/home/yeryn/final/install/unitree_nav_interfaces:/home/yeryn/final/install/ros2_unitree_legged_msgs:/opt/ros/humble LD_LIBRARY_PATH=/home/yeryn/final/install/unitree_nav_interfaces/lib:/home/yeryn/final/install/ros2_unitree_legged_msgs/lib:${LD_LIBRARY_PATH} PYTHONPATH=/home/yeryn/final/install/unitree_nav_interfaces/local/lib/python3.10/dist-packages:/home/yeryn/final/install/ros2_unitree_legged_msgs/local/lib/python3.10/dist-packages:${PYTHONPATH} /usr/bin/cmake --install /home/yeryn/final/build/unitree_nav
[6.754s] -- Install configuration: ""
[6.754s] -- Installing: /home/yeryn/final/install/unitree_nav/lib/unitree_nav/cmd_processor
[6.756s] -- Set runtime path of "/home/yeryn/final/install/unitree_nav/lib/unitree_nav/cmd_processor" to ""
[6.756s] -- Installing: /home/yeryn/final/install/unitree_nav/lib/unitree_nav/nav_to_pose
[6.757s] -- Set runtime path of "/home/yeryn/final/install/unitree_nav/lib/unitree_nav/nav_to_pose" to ""
[6.757s] -- Installing: /home/yeryn/final/install/unitree_nav/share/unitree_nav/launch
[6.757s] -- Installing: /home/yeryn/final/install/unitree_nav/share/unitree_nav/launch/control.launch.py
[6.757s] -- Installing: /home/yeryn/final/install/unitree_nav/share/unitree_nav/launch/unitree_nav.launch.py
[6.757s] -- Installing: /home/yeryn/final/install/unitree_nav/share/unitree_nav/launch/rslidar_robosense.launch.py
[6.758s] -- Installing: /home/yeryn/final/install/unitree_nav/share/unitree_nav/launch/mapping.launch.py
[6.758s] -- Installing: /home/yeryn/final/install/unitree_nav/share/unitree_nav/config
[6.758s] -- Installing: /home/yeryn/final/install/unitree_nav/share/unitree_nav/config/nav.rviz
[6.758s] -- Installing: /home/yeryn/final/install/unitree_nav/share/unitree_nav/config/nav2_params.yaml
[6.758s] -- Installing: /home/yeryn/final/install/unitree_nav/share/ament_index/resource_index/package_run_dependencies/unitree_nav
[6.758s] -- Installing: /home/yeryn/final/install/unitree_nav/share/ament_index/resource_index/parent_prefix_path/unitree_nav
[6.758s] -- Installing: /home/yeryn/final/install/unitree_nav/share/unitree_nav/environment/ament_prefix_path.sh
[6.758s] -- Installing: /home/yeryn/final/install/unitree_nav/share/unitree_nav/environment/ament_prefix_path.dsv
[6.758s] -- Installing: /home/yeryn/final/install/unitree_nav/share/unitree_nav/environment/path.sh
[6.758s] -- Installing: /home/yeryn/final/install/unitree_nav/share/unitree_nav/environment/path.dsv
[6.759s] -- Installing: /home/yeryn/final/install/unitree_nav/share/unitree_nav/local_setup.bash
[6.759s] -- Installing: /home/yeryn/final/install/unitree_nav/share/unitree_nav/local_setup.sh
[6.759s] -- Installing: /home/yeryn/final/install/unitree_nav/share/unitree_nav/local_setup.zsh
[6.759s] -- Installing: /home/yeryn/final/install/unitree_nav/share/unitree_nav/local_setup.dsv
[6.759s] -- Installing: /home/yeryn/final/install/unitree_nav/share/unitree_nav/package.dsv
[6.759s] -- Installing: /home/yeryn/final/install/unitree_nav/share/ament_index/resource_index/packages/unitree_nav
[6.759s] -- Installing: /home/yeryn/final/install/unitree_nav/share/unitree_nav/cmake/unitree_navConfig.cmake
[6.759s] -- Installing: /home/yeryn/final/install/unitree_nav/share/unitree_nav/cmake/unitree_navConfig-version.cmake
[6.759s] -- Installing: /home/yeryn/final/install/unitree_nav/share/unitree_nav/package.xml
[6.761s] Invoked command in '/home/yeryn/final/build/unitree_nav' returned '0': AMENT_PREFIX_PATH=/home/yeryn/final/install/unitree_nav_interfaces:/home/yeryn/final/install/ros2_unitree_legged_msgs:${AMENT_PREFIX_PATH} CMAKE_PREFIX_PATH=/home/yeryn/final/install/unitree_nav_interfaces:/home/yeryn/final/install/ros2_unitree_legged_msgs:/opt/ros/humble LD_LIBRARY_PATH=/home/yeryn/final/install/unitree_nav_interfaces/lib:/home/yeryn/final/install/ros2_unitree_legged_msgs/lib:${LD_LIBRARY_PATH} PYTHONPATH=/home/yeryn/final/install/unitree_nav_interfaces/local/lib/python3.10/dist-packages:/home/yeryn/final/install/ros2_unitree_legged_msgs/local/lib/python3.10/dist-packages:${PYTHONPATH} /usr/bin/cmake --install /home/yeryn/final/build/unitree_nav
