[0.055s] Invoking command in '/home/rs/go1_robot/build/unitree_legged_real': AMENT_PREFIX_PATH=/home/rs/go1_robot/install/ros2_unitree_legged_msgs:${AMENT_PREFIX_PATH} CMAKE_PREFIX_PATH=/home/rs/go1_robot/install/ros2_unitree_legged_msgs:/opt/ros/humble LD_LIBRARY_PATH=/home/rs/go1_robot/install/ros2_unitree_legged_msgs/lib:${LD_LIBRARY_PATH} PYTHONPATH=/home/rs/go1_robot/install/ros2_unitree_legged_msgs/local/lib/python3.10/dist-packages:${PYTHONPATH} /usr/bin/cmake /home/rs/go1_robot/src/unitree_ros2/unitree_legged_real -DCMAKE_INSTALL_PREFIX=/home/rs/go1_robot/install/unitree_legged_real
[0.200s] -- The C compiler identification is GNU 11.4.0
[0.315s] -- The CXX compiler identification is GNU 11.4.0
[0.328s] -- Detecting C compiler ABI info
[0.483s] -- Detecting C compiler ABI info - done
[0.499s] -- Check for working C compiler: /usr/bin/cc - skipped
[0.503s] -- Detecting C compile features
[0.505s] -- Detecting C compile features - done
[0.508s] -- Detecting CXX compiler ABI info
[0.680s] -- Detecting CXX compiler ABI info - done
[0.695s] -- Check for working CXX compiler: /usr/bin/c++ - skipped
[0.696s] -- Detecting CXX compile features
[0.697s] -- Detecting CXX compile features - done
[0.705s] -- Found ament_cmake: 1.3.9 (/opt/ros/humble/share/ament_cmake/cmake)
[0.983s] -- Found Python3: /usr/bin/python3 (found version "3.10.12") found components: Interpreter 
[1.145s] -- Found rclcpp: 16.0.9 (/opt/ros/humble/share/rclcpp/cmake)
[1.227s] -- Found rosidl_generator_c: 3.1.5 (/opt/ros/humble/share/rosidl_generator_c/cmake)
[1.235s] -- Found rosidl_adapter: 3.1.5 (/opt/ros/humble/share/rosidl_adapter/cmake)
[1.250s] -- Found rosidl_generator_cpp: 3.1.5 (/opt/ros/humble/share/rosidl_generator_cpp/cmake)
[1.279s] -- Using all available rosidl_typesupport_c: rosidl_typesupport_fastrtps_c;rosidl_typesupport_introspection_c
[1.310s] -- Using all available rosidl_typesupport_cpp: rosidl_typesupport_fastrtps_cpp;rosidl_typesupport_introspection_cpp
[1.439s] -- Found rmw_implementation_cmake: 6.1.2 (/opt/ros/humble/share/rmw_implementation_cmake/cmake)
[1.443s] -- Found rmw_fastrtps_cpp: 6.2.6 (/opt/ros/humble/share/rmw_fastrtps_cpp/cmake)
[1.661s] -- Found OpenSSL: /usr/lib/x86_64-linux-gnu/libcrypto.so (found version "3.0.2")  
[1.718s] -- Found FastRTPS: /opt/ros/humble/include  
[1.813s] -- Using RMW implementation 'rmw_fastrtps_cpp' as default
[1.828s] -- Looking for pthread.h
[1.999s] -- Looking for pthread.h - found
[1.999s] -- Performing Test CMAKE_HAVE_LIBC_PTHREAD
[2.171s] -- Performing Test CMAKE_HAVE_LIBC_PTHREAD - Success
[2.173s] -- Found Threads: TRUE  
[2.510s] -- Found ros2_unitree_legged_msgs: 0.4.0 (/home/rs/go1_robot/install/ros2_unitree_legged_msgs/share/ros2_unitree_legged_msgs/cmake)
[2.536s] -- Found sensor_msgs: 4.2.4 (/opt/ros/humble/share/sensor_msgs/cmake)
[2.789s] -- -- CMAKE_SYSTEM_PROCESSOR: x86_64
[2.927s] -- Configuring done
[3.001s] -- Generating done
[3.005s] -- Build files have been written to: /home/rs/go1_robot/build/unitree_legged_real
[3.027s] Invoked command in '/home/rs/go1_robot/build/unitree_legged_real' returned '0': AMENT_PREFIX_PATH=/home/rs/go1_robot/install/ros2_unitree_legged_msgs:${AMENT_PREFIX_PATH} CMAKE_PREFIX_PATH=/home/rs/go1_robot/install/ros2_unitree_legged_msgs:/opt/ros/humble LD_LIBRARY_PATH=/home/rs/go1_robot/install/ros2_unitree_legged_msgs/lib:${LD_LIBRARY_PATH} PYTHONPATH=/home/rs/go1_robot/install/ros2_unitree_legged_msgs/local/lib/python3.10/dist-packages:${PYTHONPATH} /usr/bin/cmake /home/rs/go1_robot/src/unitree_ros2/unitree_legged_real -DCMAKE_INSTALL_PREFIX=/home/rs/go1_robot/install/unitree_legged_real
[3.032s] Invoking command in '/home/rs/go1_robot/build/unitree_legged_real': AMENT_PREFIX_PATH=/home/rs/go1_robot/install/ros2_unitree_legged_msgs:${AMENT_PREFIX_PATH} CMAKE_PREFIX_PATH=/home/rs/go1_robot/install/ros2_unitree_legged_msgs:/opt/ros/humble LD_LIBRARY_PATH=/home/rs/go1_robot/install/ros2_unitree_legged_msgs/lib:${LD_LIBRARY_PATH} PYTHONPATH=/home/rs/go1_robot/install/ros2_unitree_legged_msgs/local/lib/python3.10/dist-packages:${PYTHONPATH} /usr/bin/cmake --build /home/rs/go1_robot/build/unitree_legged_real -- -j13 -l13
[3.192s] [  6%] [32mBuilding CXX object CMakeFiles/ros2_udp.dir/src/ros2_udp.cpp.o[0m
[3.197s] [ 12%] [32mBuilding CXX object CMakeFiles/ros2_walk_example.dir/src/ros2_walk_example.cpp.o[0m
[3.198s] [ 18%] [32mBuilding CXX object CMakeFiles/jsp_high.dir/src/jsp_high.cpp.o[0m
[3.199s] [ 25%] [32mBuilding CXX object CMakeFiles/jsp_low.dir/src/jsp_low.cpp.o[0m
[3.200s] [ 31%] [32mBuilding CXX object CMakeFiles/udp_high.dir/src/udp_high.cpp.o[0m
[3.201s] [ 43%] [32mBuilding CXX object CMakeFiles/udp_low.dir/src/udp_low.cpp.o[0m
[3.203s] [ 37%] [32mBuilding CXX object CMakeFiles/custom_gait.dir/src/custom_gait.cpp.o[0m
[3.207s] [ 50%] [32mBuilding CXX object CMakeFiles/ros2_position_example.dir/src/ros2_position_example.cpp.o[0m
[28.024s] [ 56%] [32m[1mLinking CXX executable ros2_walk_example[0m
[28.416s] [ 56%] Built target ros2_walk_example
[28.960s] [ 62%] [32m[1mLinking CXX executable ros2_position_example[0m
[29.323s] [ 62%] Built target ros2_position_example
[39.828s] [ 68%] [32m[1mLinking CXX executable jsp_high[0m
[40.052s] [ 75%] [32m[1mLinking CXX executable custom_gait[0m
[40.194s] [ 75%] Built target jsp_high
[40.441s] [ 75%] Built target custom_gait
[40.722s] [ 81%] [32m[1mLinking CXX executable udp_low[0m
[40.796s] [ 87%] [32m[1mLinking CXX executable udp_high[0m
[41.026s] [ 87%] Built target udp_low
[41.112s] [ 87%] Built target udp_high
[47.141s] [ 93%] [32m[1mLinking CXX executable jsp_low[0m
[47.483s] [ 93%] Built target jsp_low
[47.919s] [100%] [32m[1mLinking CXX executable ros2_udp[0m
[48.246s] [100%] Built target ros2_udp
[48.269s] Invoked command in '/home/rs/go1_robot/build/unitree_legged_real' returned '0': AMENT_PREFIX_PATH=/home/rs/go1_robot/install/ros2_unitree_legged_msgs:${AMENT_PREFIX_PATH} CMAKE_PREFIX_PATH=/home/rs/go1_robot/install/ros2_unitree_legged_msgs:/opt/ros/humble LD_LIBRARY_PATH=/home/rs/go1_robot/install/ros2_unitree_legged_msgs/lib:${LD_LIBRARY_PATH} PYTHONPATH=/home/rs/go1_robot/install/ros2_unitree_legged_msgs/local/lib/python3.10/dist-packages:${PYTHONPATH} /usr/bin/cmake --build /home/rs/go1_robot/build/unitree_legged_real -- -j13 -l13
[48.432s] Invoking command in '/home/rs/go1_robot/build/unitree_legged_real': AMENT_PREFIX_PATH=/home/rs/go1_robot/install/ros2_unitree_legged_msgs:${AMENT_PREFIX_PATH} CMAKE_PREFIX_PATH=/home/rs/go1_robot/install/ros2_unitree_legged_msgs:/opt/ros/humble LD_LIBRARY_PATH=/home/rs/go1_robot/install/ros2_unitree_legged_msgs/lib:${LD_LIBRARY_PATH} PYTHONPATH=/home/rs/go1_robot/install/ros2_unitree_legged_msgs/local/lib/python3.10/dist-packages:${PYTHONPATH} /usr/bin/cmake --install /home/rs/go1_robot/build/unitree_legged_real
[48.446s] -- Install configuration: ""
[48.446s] -- Up-to-date: /home/rs/go1_robot/install/unitree_legged_real/lib
[48.446s] -- Up-to-date: /home/rs/go1_robot/install/unitree_legged_real/lib/libunitree_legged_sdk_arm64.so
[48.446s] -- Up-to-date: /home/rs/go1_robot/install/unitree_legged_real/lib/libunitree_legged_sdk_amd64.so
[48.446s] -- Installing: /home/rs/go1_robot/install/unitree_legged_real/lib/unitree_legged_real/ros2_udp
[48.448s] -- Set runtime path of "/home/rs/go1_robot/install/unitree_legged_real/lib/unitree_legged_real/ros2_udp" to ""
[48.449s] -- Installing: /home/rs/go1_robot/install/unitree_legged_real/lib/unitree_legged_real/udp_high
[48.451s] -- Set runtime path of "/home/rs/go1_robot/install/unitree_legged_real/lib/unitree_legged_real/udp_high" to ""
[48.452s] -- Installing: /home/rs/go1_robot/install/unitree_legged_real/lib/unitree_legged_real/jsp_high
[48.454s] -- Set runtime path of "/home/rs/go1_robot/install/unitree_legged_real/lib/unitree_legged_real/jsp_high" to ""
[48.455s] -- Installing: /home/rs/go1_robot/install/unitree_legged_real/lib/unitree_legged_real/ros2_walk_example
[48.456s] -- Set runtime path of "/home/rs/go1_robot/install/unitree_legged_real/lib/unitree_legged_real/ros2_walk_example" to ""
[48.456s] -- Installing: /home/rs/go1_robot/install/unitree_legged_real/lib/unitree_legged_real/ros2_position_example
[48.457s] -- Set runtime path of "/home/rs/go1_robot/install/unitree_legged_real/lib/unitree_legged_real/ros2_position_example" to ""
[48.458s] -- Installing: /home/rs/go1_robot/install/unitree_legged_real/lib/unitree_legged_real/custom_gait
[48.460s] -- Set runtime path of "/home/rs/go1_robot/install/unitree_legged_real/lib/unitree_legged_real/custom_gait" to ""
[48.460s] -- Installing: /home/rs/go1_robot/install/unitree_legged_real/lib/unitree_legged_real/udp_low
[48.464s] -- Set runtime path of "/home/rs/go1_robot/install/unitree_legged_real/lib/unitree_legged_real/udp_low" to ""
[48.464s] -- Installing: /home/rs/go1_robot/install/unitree_legged_real/lib/unitree_legged_real/jsp_low
[48.467s] -- Set runtime path of "/home/rs/go1_robot/install/unitree_legged_real/lib/unitree_legged_real/jsp_low" to ""
[48.467s] -- Up-to-date: /home/rs/go1_robot/install/unitree_legged_real/share/unitree_legged_real//launch
[48.468s] -- Up-to-date: /home/rs/go1_robot/install/unitree_legged_real/share/unitree_legged_real//launch/high.launch.py
[48.468s] -- Up-to-date: /home/rs/go1_robot/install/unitree_legged_real/share/unitree_legged_real//launch/low.launch.py
[48.468s] -- Up-to-date: /home/rs/go1_robot/install/unitree_legged_real/share/unitree_legged_real//config
[48.468s] -- Up-to-date: /home/rs/go1_robot/install/unitree_legged_real/share/unitree_legged_real//config/state_only.rviz
[48.469s] -- Up-to-date: /home/rs/go1_robot/install/unitree_legged_real/share/unitree_legged_real//config/state_and_cmd.rviz
[48.469s] -- Up-to-date: /home/rs/go1_robot/install/unitree_legged_real/share/unitree_legged_real//config/cmd_only.rviz
[48.469s] -- Installing: /home/rs/go1_robot/install/unitree_legged_real/share/ament_index/resource_index/package_run_dependencies/unitree_legged_real
[48.469s] -- Installing: /home/rs/go1_robot/install/unitree_legged_real/share/ament_index/resource_index/parent_prefix_path/unitree_legged_real
[48.469s] -- Installing: /home/rs/go1_robot/install/unitree_legged_real/share/unitree_legged_real/environment/ament_prefix_path.sh
[48.470s] -- Installing: /home/rs/go1_robot/install/unitree_legged_real/share/unitree_legged_real/environment/ament_prefix_path.dsv
[48.470s] -- Installing: /home/rs/go1_robot/install/unitree_legged_real/share/unitree_legged_real/environment/path.sh
[48.470s] -- Installing: /home/rs/go1_robot/install/unitree_legged_real/share/unitree_legged_real/environment/path.dsv
[48.470s] -- Installing: /home/rs/go1_robot/install/unitree_legged_real/share/unitree_legged_real/local_setup.bash
[48.470s] -- Installing: /home/rs/go1_robot/install/unitree_legged_real/share/unitree_legged_real/local_setup.sh
[48.471s] -- Installing: /home/rs/go1_robot/install/unitree_legged_real/share/unitree_legged_real/local_setup.zsh
[48.471s] -- Installing: /home/rs/go1_robot/install/unitree_legged_real/share/unitree_legged_real/local_setup.dsv
[48.471s] -- Installing: /home/rs/go1_robot/install/unitree_legged_real/share/unitree_legged_real/package.dsv
[48.471s] -- Installing: /home/rs/go1_robot/install/unitree_legged_real/share/ament_index/resource_index/packages/unitree_legged_real
[48.471s] -- Installing: /home/rs/go1_robot/install/unitree_legged_real/share/unitree_legged_real/cmake/unitree_legged_realConfig.cmake
[48.471s] -- Installing: /home/rs/go1_robot/install/unitree_legged_real/share/unitree_legged_real/cmake/unitree_legged_realConfig-version.cmake
[48.471s] -- Up-to-date: /home/rs/go1_robot/install/unitree_legged_real/share/unitree_legged_real/package.xml
[48.483s] Invoked command in '/home/rs/go1_robot/build/unitree_legged_real' returned '0': AMENT_PREFIX_PATH=/home/rs/go1_robot/install/ros2_unitree_legged_msgs:${AMENT_PREFIX_PATH} CMAKE_PREFIX_PATH=/home/rs/go1_robot/install/ros2_unitree_legged_msgs:/opt/ros/humble LD_LIBRARY_PATH=/home/rs/go1_robot/install/ros2_unitree_legged_msgs/lib:${LD_LIBRARY_PATH} PYTHONPATH=/home/rs/go1_robot/install/ros2_unitree_legged_msgs/local/lib/python3.10/dist-packages:${PYTHONPATH} /usr/bin/cmake --install /home/rs/go1_robot/build/unitree_legged_real
