[0.060s] Invoking command in '/home/rs/go1_robot/build/unitree_ocr': CMAKE_PREFIX_PATH=/home/rs/go1_robot/install/unitree_ocr_interfaces:/home/rs/go1_robot/install/unitree_inspection:/home/rs/go1_robot/install/unitree_ocr:/home/rs/go1_robot/install/unitree_nav:/home/rs/go1_robot/install/unitree_nav_interfaces:/home/rs/go1_robot/install/unitree_legged_real:/home/rs/go1_robot/install/unitree_inspection_interfaces:/home/rs/go1_robot/install/ros2_unitree_legged_msgs:/home/rs/go1_robot/install/go1_description:/home/rs/go1_robot/install/unitree_nav_launch_module:/opt/ros/humble /usr/bin/cmake --build /home/rs/go1_robot/build/unitree_ocr -- -j13 -l13
[0.238s] [35m[1mConsolidate compiler generated dependencies of target unitree_ocr[0m
[0.333s] [ 20%] [34m[1mGenerate API documentation for doxygen[0m
[0.378s] [ 60%] Built target unitree_ocr
[0.442s] [35m[1mConsolidate compiler generated dependencies of target text_detection_subscriber[0m
[0.442s] [100%] Built target text_detection_subscriber
[1.120s] Doxygen version used: 1.9.1
[1.123s] Searching for include files...
[1.124s] Searching for example files...
[1.124s] Searching for images...
[1.124s] Searching for dot files...
[1.124s] Searching for msc files...
[1.125s] Searching for dia files...
[1.125s] Searching for files to exclude
[1.125s] Searching INPUT for files to process...
[1.125s] Reading and parsing tag files
[1.125s] Parsing files
[1.126s] Preprocessing /home/rs/go1_robot/src/unitree_inspection/unitree_ocr/include/unitree_ocr/ocr.hpp...
[1.127s] Parsing file /home/rs/go1_robot/src/unitree_inspection/unitree_ocr/include/unitree_ocr/ocr.hpp...
[1.131s] Preprocessing /home/rs/go1_robot/src/unitree_inspection/unitree_ocr/src/ocr.cpp...
[1.132s] Parsing file /home/rs/go1_robot/src/unitree_inspection/unitree_ocr/src/ocr.cpp...
[1.132s] Building macro definition list...
[1.133s] Building group list...
[1.133s] Building directory list...
[1.133s] Building namespace list...
[1.133s] Building file list...
[1.133s] Building class list...
[1.135s] Computing nesting relations for classes...
[1.136s] Associating documentation with classes...
[1.136s] Building example list...
[1.136s] Searching for enumerations...
[1.137s] Searching for documented typedefs...
[1.137s] Searching for members imported via using declarations...
[1.137s] Searching for included using directives...
[1.137s] Searching for documented variables...
[1.138s] Building interface member list...
[1.139s] Building member list...
[1.140s] Searching for friends...
[1.140s] Searching for documented defines...
[1.141s] Computing class inheritance relations...
[1.141s] Computing class usage relations...
[1.142s] Flushing cached template relations that have become invalid...
[1.143s] Computing class relations...
[1.145s] Add enum values to enums...
[1.145s] Searching for member function documentation...
[1.145s] Creating members for template instances...
[1.145s] Building page list...
[1.145s] Search for main page...
[1.145s] Computing page relations...
[1.145s] Determining the scope of groups...
[1.145s] Sorting lists...
[1.146s] Determining which enums are documented
[1.146s] Computing member relations...
[1.146s] Building full member lists recursively...
[1.147s] Adding members to member groups.
[1.148s] Computing member references...
[1.148s] Inheriting documentation...
[1.148s] Generating disk names...
[1.148s] Adding source references...
[1.149s] Adding xrefitems...
[1.149s] Sorting member lists...
[1.149s] Setting anonymous enum type...
[1.149s] Computing dependencies between directories...
[1.149s] Generating citations page...
[1.150s] Counting members...
[1.150s] Counting data structures...
[1.150s] Resolving user defined references...
[1.150s] Finding anchors and sections in the documentation...
[1.151s] Transferring function references...
[1.152s] Combining using relations...
[1.152s] Adding members to index pages...
[1.152s] Correcting members for VHDL...
[1.152s] Computing tooltip texts...
[1.173s] Generating style sheet...
[1.176s] Generating search indices...
[1.195s] Generating example documentation...
[1.196s] Generating file sources...
[1.196s] Generating code for file include/unitree_ocr/ocr.hpp...
[1.201s] Generating file documentation...
[1.202s] Generating page documentation...
[1.202s] Generating group documentation...
[1.202s] Generating class documentation...
[1.203s] Generating namespace index...
[1.203s] Generating docs for compound unitree_ocr::TextDetector...
[1.215s] Generating graph info page...
[1.218s] Generating directory documentation...
[1.221s] Generating index page...
[1.222s] Generating page index...
[1.223s] Generating module index...
[1.224s] Generating namespace index...
[1.225s] Generating namespace member index...
[1.225s] Generating annotated compound index...
[1.226s] Generating alphabetical compound index...
[1.226s] Generating hierarchical class index...
[1.226s] Generating graphical class hierarchy...
[1.226s] Generating member index...
[1.244s] Generating file index...
[1.246s] Generating file member index...
[1.247s] Generating example index...
[1.247s] finalizing index lists...
[1.248s] writing tag file...
[1.249s] Running plantuml with JAVA...
[1.250s] Running dot...
[1.267s] lookup cache used 16/65536 hits=27 misses=16
[1.267s] finished...
[1.301s] [100%] Built target doxygen
[1.337s] Invoked command in '/home/rs/go1_robot/build/unitree_ocr' returned '0': CMAKE_PREFIX_PATH=/home/rs/go1_robot/install/unitree_ocr_interfaces:/home/rs/go1_robot/install/unitree_inspection:/home/rs/go1_robot/install/unitree_ocr:/home/rs/go1_robot/install/unitree_nav:/home/rs/go1_robot/install/unitree_nav_interfaces:/home/rs/go1_robot/install/unitree_legged_real:/home/rs/go1_robot/install/unitree_inspection_interfaces:/home/rs/go1_robot/install/ros2_unitree_legged_msgs:/home/rs/go1_robot/install/go1_description:/home/rs/go1_robot/install/unitree_nav_launch_module:/opt/ros/humble /usr/bin/cmake --build /home/rs/go1_robot/build/unitree_ocr -- -j13 -l13
[1.464s] Invoking command in '/home/rs/go1_robot/build/unitree_ocr': CMAKE_PREFIX_PATH=/home/rs/go1_robot/install/unitree_ocr_interfaces:/home/rs/go1_robot/install/unitree_inspection:/home/rs/go1_robot/install/unitree_ocr:/home/rs/go1_robot/install/unitree_nav:/home/rs/go1_robot/install/unitree_nav_interfaces:/home/rs/go1_robot/install/unitree_legged_real:/home/rs/go1_robot/install/unitree_inspection_interfaces:/home/rs/go1_robot/install/ros2_unitree_legged_msgs:/home/rs/go1_robot/install/go1_description:/home/rs/go1_robot/install/unitree_nav_launch_module:/opt/ros/humble /usr/bin/cmake --install /home/rs/go1_robot/build/unitree_ocr
[1.485s] -- Install configuration: ""
[1.485s] -- Up-to-date: /home/rs/go1_robot/install/unitree_ocr/lib/unitree_ocr/text_detection_subscriber
[1.487s] -- Up-to-date: /home/rs/go1_robot/install/unitree_ocr/include
[1.487s] -- Up-to-date: /home/rs/go1_robot/install/unitree_ocr/include/unitree_ocr
[1.487s] -- Up-to-date: /home/rs/go1_robot/install/unitree_ocr/include/unitree_ocr/ocr.hpp
[1.488s] -- Up-to-date: /home/rs/go1_robot/install/unitree_ocr/lib/libunitree_ocr.a
[1.489s] -- Up-to-date: /home/rs/go1_robot/install/unitree_ocr/lib/cmake/unitree_ocr/unitree_ocr-config.cmake
[1.490s] -- Up-to-date: /home/rs/go1_robot/install/unitree_ocr/lib/cmake/unitree_ocr/unitree_ocr-config-noconfig.cmake
[1.490s] -- Up-to-date: /home/rs/go1_robot/install/unitree_ocr/share/unitree_ocr/launch
[1.490s] -- Up-to-date: /home/rs/go1_robot/install/unitree_ocr/share/unitree_ocr/launch/text_detection_subscriber.launch.py
[1.490s] -- Up-to-date: /home/rs/go1_robot/install/unitree_ocr/share/unitree_ocr/models
[1.491s] -- Up-to-date: /home/rs/go1_robot/install/unitree_ocr/share/unitree_ocr/models/README.md
[1.492s] -- Up-to-date: /home/rs/go1_robot/install/unitree_ocr/share/ament_index/resource_index/package_run_dependencies/unitree_ocr
[1.492s] -- Up-to-date: /home/rs/go1_robot/install/unitree_ocr/share/ament_index/resource_index/parent_prefix_path/unitree_ocr
[1.493s] -- Up-to-date: /home/rs/go1_robot/install/unitree_ocr/share/unitree_ocr/environment/ament_prefix_path.sh
[1.493s] -- Up-to-date: /home/rs/go1_robot/install/unitree_ocr/share/unitree_ocr/environment/ament_prefix_path.dsv
[1.493s] -- Up-to-date: /home/rs/go1_robot/install/unitree_ocr/share/unitree_ocr/environment/path.sh
[1.493s] -- Up-to-date: /home/rs/go1_robot/install/unitree_ocr/share/unitree_ocr/environment/path.dsv
[1.494s] -- Up-to-date: /home/rs/go1_robot/install/unitree_ocr/share/unitree_ocr/local_setup.bash
[1.494s] -- Up-to-date: /home/rs/go1_robot/install/unitree_ocr/share/unitree_ocr/local_setup.sh
[1.494s] -- Up-to-date: /home/rs/go1_robot/install/unitree_ocr/share/unitree_ocr/local_setup.zsh
[1.494s] -- Up-to-date: /home/rs/go1_robot/install/unitree_ocr/share/unitree_ocr/local_setup.dsv
[1.495s] -- Installing: /home/rs/go1_robot/install/unitree_ocr/share/unitree_ocr/package.dsv
[1.496s] -- Up-to-date: /home/rs/go1_robot/install/unitree_ocr/share/ament_index/resource_index/packages/unitree_ocr
[1.496s] -- Up-to-date: /home/rs/go1_robot/install/unitree_ocr/share/unitree_ocr/cmake/unitree_ocrConfig.cmake
[1.496s] -- Up-to-date: /home/rs/go1_robot/install/unitree_ocr/share/unitree_ocr/cmake/unitree_ocrConfig-version.cmake
[1.498s] -- Up-to-date: /home/rs/go1_robot/install/unitree_ocr/share/unitree_ocr/package.xml
[1.501s] Invoked command in '/home/rs/go1_robot/build/unitree_ocr' returned '0': CMAKE_PREFIX_PATH=/home/rs/go1_robot/install/unitree_ocr_interfaces:/home/rs/go1_robot/install/unitree_inspection:/home/rs/go1_robot/install/unitree_ocr:/home/rs/go1_robot/install/unitree_nav:/home/rs/go1_robot/install/unitree_nav_interfaces:/home/rs/go1_robot/install/unitree_legged_real:/home/rs/go1_robot/install/unitree_inspection_interfaces:/home/rs/go1_robot/install/ros2_unitree_legged_msgs:/home/rs/go1_robot/install/go1_description:/home/rs/go1_robot/install/unitree_nav_launch_module:/opt/ros/humble /usr/bin/cmake --install /home/rs/go1_robot/build/unitree_ocr
