[0.095s] Invoking command in '/home/rs/final_auto/build/unitree_ocr_interfaces': CMAKE_PREFIX_PATH=${CMAKE_PREFIX_PATH}:/home/rs/final_auto/install/unitree_nav_launch_module:/opt/ros/humble /usr/bin/cmake --build /home/rs/final_auto/build/unitree_ocr_interfaces -- -j13 -l13
[0.422s] [  2%] Built target unitree_ocr_interfaces_msg__cpp
[0.456s] [  2%] Built target ament_cmake_python_copy_unitree_ocr_interfaces
[0.457s] [ 12%] Built target unitree_ocr_interfaces_msg__rosidl_generator_c
[0.590s] [ 23%] Built target unitree_ocr_interfaces_msg__rosidl_typesupport_fastrtps_c
[0.628s] [ 33%] Built target unitree_ocr_interfaces_msg__rosidl_typesupport_introspection_cpp
[0.662s] [ 43%] Built target unitree_ocr_interfaces_msg__rosidl_typesupport_fastrtps_cpp
[0.684s] [ 53%] Built target unitree_ocr_interfaces_msg__rosidl_typesupport_cpp
[0.695s] [ 64%] Built target unitree_ocr_interfaces_msg__rosidl_typesupport_c
[0.703s] [ 74%] Built target unitree_ocr_interfaces_msg__rosidl_typesupport_introspection_c
[0.807s] [ 74%] Built target unitree_ocr_interfaces_msg
[0.885s] [ 76%] Built target unitree_ocr_interfaces_msg__py
[0.988s] [ 84%] Built target unitree_ocr_interfaces_msg__rosidl_generator_py
[1.105s] [ 89%] Built target unitree_ocr_interfaces__rosidl_typesupport_fastrtps_c__pyext
[1.111s] [ 94%] Built target unitree_ocr_interfaces__rosidl_typesupport_c__pyext
[1.126s] [100%] Built target unitree_ocr_interfaces__rosidl_typesupport_introspection_c__pyext
[1.477s] running egg_info
[1.478s] writing unitree_ocr_interfaces.egg-info/PKG-INFO
[1.479s] writing dependency_links to unitree_ocr_interfaces.egg-info/dependency_links.txt
[1.480s] writing top-level names to unitree_ocr_interfaces.egg-info/top_level.txt
[1.512s] reading manifest file 'unitree_ocr_interfaces.egg-info/SOURCES.txt'
[1.514s] writing manifest file 'unitree_ocr_interfaces.egg-info/SOURCES.txt'
[1.556s] [100%] Built target ament_cmake_python_build_unitree_ocr_interfaces_egg
[1.592s] Invoked command in '/home/rs/final_auto/build/unitree_ocr_interfaces' returned '0': CMAKE_PREFIX_PATH=${CMAKE_PREFIX_PATH}:/home/rs/final_auto/install/unitree_nav_launch_module:/opt/ros/humble /usr/bin/cmake --build /home/rs/final_auto/build/unitree_ocr_interfaces -- -j13 -l13
[2.147s] Invoking command in '/home/rs/final_auto/build/unitree_ocr_interfaces': CMAKE_PREFIX_PATH=${CMAKE_PREFIX_PATH}:/home/rs/final_auto/install/unitree_nav_launch_module:/opt/ros/humble /usr/bin/cmake --install /home/rs/final_auto/build/unitree_ocr_interfaces
[2.223s] -- Install configuration: ""
[2.224s] -- Up-to-date: /home/rs/final_auto/install/unitree_ocr_interfaces/share/ament_index/resource_index/rosidl_interfaces/unitree_ocr_interfaces
[2.225s] -- Up-to-date: /home/rs/final_auto/install/unitree_ocr_interfaces/include/unitree_ocr_interfaces/unitree_ocr_interfaces
[2.225s] -- Up-to-date: /home/rs/final_auto/install/unitree_ocr_interfaces/include/unitree_ocr_interfaces/unitree_ocr_interfaces/msg
[2.226s] -- Up-to-date: /home/rs/final_auto/install/unitree_ocr_interfaces/include/unitree_ocr_interfaces/unitree_ocr_interfaces/msg/detections.h
[2.227s] -- Up-to-date: /home/rs/final_auto/install/unitree_ocr_interfaces/include/unitree_ocr_interfaces/unitree_ocr_interfaces/msg/detail
[2.228s] -- Up-to-date: /home/rs/final_auto/install/unitree_ocr_interfaces/include/unitree_ocr_interfaces/unitree_ocr_interfaces/msg/detail/detection__functions.h
[2.228s] -- Up-to-date: /home/rs/final_auto/install/unitree_ocr_interfaces/include/unitree_ocr_interfaces/unitree_ocr_interfaces/msg/detail/detections__functions.h
[2.230s] -- Up-to-date: /home/rs/final_auto/install/unitree_ocr_interfaces/include/unitree_ocr_interfaces/unitree_ocr_interfaces/msg/detail/detections__struct.h
[2.230s] -- Up-to-date: /home/rs/final_auto/install/unitree_ocr_interfaces/include/unitree_ocr_interfaces/unitree_ocr_interfaces/msg/detail/detection__type_support.h
[2.231s] -- Up-to-date: /home/rs/final_auto/install/unitree_ocr_interfaces/include/unitree_ocr_interfaces/unitree_ocr_interfaces/msg/detail/detection__functions.c
[2.231s] -- Up-to-date: /home/rs/final_auto/install/unitree_ocr_interfaces/include/unitree_ocr_interfaces/unitree_ocr_interfaces/msg/detail/detection__struct.h
[2.232s] -- Up-to-date: /home/rs/final_auto/install/unitree_ocr_interfaces/include/unitree_ocr_interfaces/unitree_ocr_interfaces/msg/detail/detections__functions.c
[2.233s] -- Up-to-date: /home/rs/final_auto/install/unitree_ocr_interfaces/include/unitree_ocr_interfaces/unitree_ocr_interfaces/msg/detail/detections__type_support.h
[2.233s] -- Up-to-date: /home/rs/final_auto/install/unitree_ocr_interfaces/include/unitree_ocr_interfaces/unitree_ocr_interfaces/msg/rosidl_generator_c__visibility_control.h
[2.235s] -- Up-to-date: /home/rs/final_auto/install/unitree_ocr_interfaces/include/unitree_ocr_interfaces/unitree_ocr_interfaces/msg/detection.h
[2.236s] -- Up-to-date: /home/rs/final_auto/install/unitree_ocr_interfaces/share/unitree_ocr_interfaces/environment/library_path.sh
[2.237s] -- Up-to-date: /home/rs/final_auto/install/unitree_ocr_interfaces/share/unitree_ocr_interfaces/environment/library_path.dsv
[2.237s] -- Up-to-date: /home/rs/final_auto/install/unitree_ocr_interfaces/lib/libunitree_ocr_interfaces__rosidl_generator_c.so
[2.237s] -- Up-to-date: /home/rs/final_auto/install/unitree_ocr_interfaces/include/unitree_ocr_interfaces/unitree_ocr_interfaces
[2.238s] -- Up-to-date: /home/rs/final_auto/install/unitree_ocr_interfaces/include/unitree_ocr_interfaces/unitree_ocr_interfaces/msg
[2.238s] -- Up-to-date: /home/rs/final_auto/install/unitree_ocr_interfaces/include/unitree_ocr_interfaces/unitree_ocr_interfaces/msg/detail
[2.238s] -- Up-to-date: /home/rs/final_auto/install/unitree_ocr_interfaces/include/unitree_ocr_interfaces/unitree_ocr_interfaces/msg/detail/detection__rosidl_typesupport_fastrtps_c.h
[2.239s] -- Up-to-date: /home/rs/final_auto/install/unitree_ocr_interfaces/include/unitree_ocr_interfaces/unitree_ocr_interfaces/msg/detail/detections__rosidl_typesupport_fastrtps_c.h
[2.239s] -- Up-to-date: /home/rs/final_auto/install/unitree_ocr_interfaces/include/unitree_ocr_interfaces/unitree_ocr_interfaces/msg/rosidl_typesupport_fastrtps_c__visibility_control.h
[2.243s] -- Up-to-date: /home/rs/final_auto/install/unitree_ocr_interfaces/lib/libunitree_ocr_interfaces__rosidl_typesupport_fastrtps_c.so
[2.243s] -- Up-to-date: /home/rs/final_auto/install/unitree_ocr_interfaces/include/unitree_ocr_interfaces/unitree_ocr_interfaces
[2.243s] -- Up-to-date: /home/rs/final_auto/install/unitree_ocr_interfaces/include/unitree_ocr_interfaces/unitree_ocr_interfaces/msg
[2.243s] -- Up-to-date: /home/rs/final_auto/install/unitree_ocr_interfaces/include/unitree_ocr_interfaces/unitree_ocr_interfaces/msg/rosidl_typesupport_introspection_c__visibility_control.h
[2.244s] -- Up-to-date: /home/rs/final_auto/install/unitree_ocr_interfaces/include/unitree_ocr_interfaces/unitree_ocr_interfaces/msg/detail
[2.244s] -- Up-to-date: /home/rs/final_auto/install/unitree_ocr_interfaces/include/unitree_ocr_interfaces/unitree_ocr_interfaces/msg/detail/detection__rosidl_typesupport_introspection_c.h
[2.244s] -- Up-to-date: /home/rs/final_auto/install/unitree_ocr_interfaces/include/unitree_ocr_interfaces/unitree_ocr_interfaces/msg/detail/detections__rosidl_typesupport_introspection_c.h
[2.245s] -- Up-to-date: /home/rs/final_auto/install/unitree_ocr_interfaces/include/unitree_ocr_interfaces/unitree_ocr_interfaces/msg/detail/detection__type_support.c
[2.245s] -- Up-to-date: /home/rs/final_auto/install/unitree_ocr_interfaces/include/unitree_ocr_interfaces/unitree_ocr_interfaces/msg/detail/detections__type_support.c
[2.245s] -- Up-to-date: /home/rs/final_auto/install/unitree_ocr_interfaces/lib/libunitree_ocr_interfaces__rosidl_typesupport_introspection_c.so
[2.245s] -- Up-to-date: /home/rs/final_auto/install/unitree_ocr_interfaces/lib/libunitree_ocr_interfaces__rosidl_typesupport_c.so
[2.246s] -- Up-to-date: /home/rs/final_auto/install/unitree_ocr_interfaces/include/unitree_ocr_interfaces/unitree_ocr_interfaces
[2.246s] -- Up-to-date: /home/rs/final_auto/install/unitree_ocr_interfaces/include/unitree_ocr_interfaces/unitree_ocr_interfaces/msg
[2.256s] -- Up-to-date: /home/rs/final_auto/install/unitree_ocr_interfaces/include/unitree_ocr_interfaces/unitree_ocr_interfaces/msg/detection.hpp
[2.257s] -- Up-to-date: /home/rs/final_auto/install/unitree_ocr_interfaces/include/unitree_ocr_interfaces/unitree_ocr_interfaces/msg/detections.hpp
[2.257s] -- Up-to-date: /home/rs/final_auto/install/unitree_ocr_interfaces/include/unitree_ocr_interfaces/unitree_ocr_interfaces/msg/detail
[2.259s] -- Up-to-date: /home/rs/final_auto/install/unitree_ocr_interfaces/include/unitree_ocr_interfaces/unitree_ocr_interfaces/msg/detail/detection__traits.hpp
[2.259s] -- Up-to-date: /home/rs/final_auto/install/unitree_ocr_interfaces/include/unitree_ocr_interfaces/unitree_ocr_interfaces/msg/detail/detections__builder.hpp
[2.260s] -- Up-to-date: /home/rs/final_auto/install/unitree_ocr_interfaces/include/unitree_ocr_interfaces/unitree_ocr_interfaces/msg/detail/detections__traits.hpp
[2.261s] -- Up-to-date: /home/rs/final_auto/install/unitree_ocr_interfaces/include/unitree_ocr_interfaces/unitree_ocr_interfaces/msg/detail/detection__builder.hpp
[2.262s] -- Up-to-date: /home/rs/final_auto/install/unitree_ocr_interfaces/include/unitree_ocr_interfaces/unitree_ocr_interfaces/msg/detail/detection__struct.hpp
[2.262s] -- Up-to-date: /home/rs/final_auto/install/unitree_ocr_interfaces/include/unitree_ocr_interfaces/unitree_ocr_interfaces/msg/detail/detections__struct.hpp
[2.263s] -- Up-to-date: /home/rs/final_auto/install/unitree_ocr_interfaces/include/unitree_ocr_interfaces/unitree_ocr_interfaces
[2.267s] -- Up-to-date: /home/rs/final_auto/install/unitree_ocr_interfaces/include/unitree_ocr_interfaces/unitree_ocr_interfaces/msg
[2.268s] -- Up-to-date: /home/rs/final_auto/install/unitree_ocr_interfaces/include/unitree_ocr_interfaces/unitree_ocr_interfaces/msg/detail
[2.268s] -- Up-to-date: /home/rs/final_auto/install/unitree_ocr_interfaces/include/unitree_ocr_interfaces/unitree_ocr_interfaces/msg/detail/dds_fastrtps
[2.268s] -- Up-to-date: /home/rs/final_auto/install/unitree_ocr_interfaces/include/unitree_ocr_interfaces/unitree_ocr_interfaces/msg/detail/detections__rosidl_typesupport_fastrtps_cpp.hpp
[2.268s] -- Up-to-date: /home/rs/final_auto/install/unitree_ocr_interfaces/include/unitree_ocr_interfaces/unitree_ocr_interfaces/msg/detail/detection__rosidl_typesupport_fastrtps_cpp.hpp
[2.269s] -- Up-to-date: /home/rs/final_auto/install/unitree_ocr_interfaces/include/unitree_ocr_interfaces/unitree_ocr_interfaces/msg/rosidl_typesupport_fastrtps_cpp__visibility_control.h
[2.269s] -- Up-to-date: /home/rs/final_auto/install/unitree_ocr_interfaces/lib/libunitree_ocr_interfaces__rosidl_typesupport_fastrtps_cpp.so
[2.269s] -- Up-to-date: /home/rs/final_auto/install/unitree_ocr_interfaces/include/unitree_ocr_interfaces/unitree_ocr_interfaces
[2.269s] -- Up-to-date: /home/rs/final_auto/install/unitree_ocr_interfaces/include/unitree_ocr_interfaces/unitree_ocr_interfaces/msg
[2.270s] -- Up-to-date: /home/rs/final_auto/install/unitree_ocr_interfaces/include/unitree_ocr_interfaces/unitree_ocr_interfaces/msg/detail
[2.271s] -- Up-to-date: /home/rs/final_auto/install/unitree_ocr_interfaces/include/unitree_ocr_interfaces/unitree_ocr_interfaces/msg/detail/detections__rosidl_typesupport_introspection_cpp.hpp
[2.272s] -- Up-to-date: /home/rs/final_auto/install/unitree_ocr_interfaces/include/unitree_ocr_interfaces/unitree_ocr_interfaces/msg/detail/detection__type_support.cpp
[2.272s] -- Up-to-date: /home/rs/final_auto/install/unitree_ocr_interfaces/include/unitree_ocr_interfaces/unitree_ocr_interfaces/msg/detail/detections__type_support.cpp
[2.275s] -- Up-to-date: /home/rs/final_auto/install/unitree_ocr_interfaces/include/unitree_ocr_interfaces/unitree_ocr_interfaces/msg/detail/detection__rosidl_typesupport_introspection_cpp.hpp
[2.275s] -- Up-to-date: /home/rs/final_auto/install/unitree_ocr_interfaces/lib/libunitree_ocr_interfaces__rosidl_typesupport_introspection_cpp.so
[2.276s] -- Up-to-date: /home/rs/final_auto/install/unitree_ocr_interfaces/lib/libunitree_ocr_interfaces__rosidl_typesupport_cpp.so
[2.277s] -- Up-to-date: /home/rs/final_auto/install/unitree_ocr_interfaces/share/unitree_ocr_interfaces/environment/pythonpath.sh
[2.278s] -- Up-to-date: /home/rs/final_auto/install/unitree_ocr_interfaces/share/unitree_ocr_interfaces/environment/pythonpath.dsv
[2.279s] -- Up-to-date: /home/rs/final_auto/install/unitree_ocr_interfaces/local/lib/python3.10/dist-packages/unitree_ocr_interfaces-0.0.0-py3.10.egg-info
[2.279s] -- Installing: /home/rs/final_auto/install/unitree_ocr_interfaces/local/lib/python3.10/dist-packages/unitree_ocr_interfaces-0.0.0-py3.10.egg-info/top_level.txt
[2.280s] -- Installing: /home/rs/final_auto/install/unitree_ocr_interfaces/local/lib/python3.10/dist-packages/unitree_ocr_interfaces-0.0.0-py3.10.egg-info/PKG-INFO
[2.280s] -- Installing: /home/rs/final_auto/install/unitree_ocr_interfaces/local/lib/python3.10/dist-packages/unitree_ocr_interfaces-0.0.0-py3.10.egg-info/dependency_links.txt
[2.280s] -- Installing: /home/rs/final_auto/install/unitree_ocr_interfaces/local/lib/python3.10/dist-packages/unitree_ocr_interfaces-0.0.0-py3.10.egg-info/SOURCES.txt
[2.281s] -- Up-to-date: /home/rs/final_auto/install/unitree_ocr_interfaces/local/lib/python3.10/dist-packages/unitree_ocr_interfaces
[2.285s] -- Up-to-date: /home/rs/final_auto/install/unitree_ocr_interfaces/local/lib/python3.10/dist-packages/unitree_ocr_interfaces/_unitree_ocr_interfaces_s.ep.rosidl_typesupport_fastrtps_c.c
[2.288s] -- Up-to-date: /home/rs/final_auto/install/unitree_ocr_interfaces/local/lib/python3.10/dist-packages/unitree_ocr_interfaces/_unitree_ocr_interfaces_s.ep.rosidl_typesupport_introspection_c.c
[2.289s] -- Up-to-date: /home/rs/final_auto/install/unitree_ocr_interfaces/local/lib/python3.10/dist-packages/unitree_ocr_interfaces/unitree_ocr_interfaces_s__rosidl_typesupport_introspection_c.cpython-310-x86_64-linux-gnu.so
[2.290s] -- Up-to-date: /home/rs/final_auto/install/unitree_ocr_interfaces/local/lib/python3.10/dist-packages/unitree_ocr_interfaces/__init__.py
[2.291s] -- Up-to-date: /home/rs/final_auto/install/unitree_ocr_interfaces/local/lib/python3.10/dist-packages/unitree_ocr_interfaces/unitree_ocr_interfaces_s__rosidl_typesupport_c.cpython-310-x86_64-linux-gnu.so
[2.291s] -- Up-to-date: /home/rs/final_auto/install/unitree_ocr_interfaces/local/lib/python3.10/dist-packages/unitree_ocr_interfaces/_unitree_ocr_interfaces_s.ep.rosidl_typesupport_c.c
[2.291s] -- Up-to-date: /home/rs/final_auto/install/unitree_ocr_interfaces/local/lib/python3.10/dist-packages/unitree_ocr_interfaces/msg
[2.291s] -- Up-to-date: /home/rs/final_auto/install/unitree_ocr_interfaces/local/lib/python3.10/dist-packages/unitree_ocr_interfaces/msg/_detection.py
[2.291s] -- Up-to-date: /home/rs/final_auto/install/unitree_ocr_interfaces/local/lib/python3.10/dist-packages/unitree_ocr_interfaces/msg/_detection_s.c
[2.291s] -- Up-to-date: /home/rs/final_auto/install/unitree_ocr_interfaces/local/lib/python3.10/dist-packages/unitree_ocr_interfaces/msg/_detections_s.c
[2.292s] -- Up-to-date: /home/rs/final_auto/install/unitree_ocr_interfaces/local/lib/python3.10/dist-packages/unitree_ocr_interfaces/msg/__init__.py
[2.292s] -- Up-to-date: /home/rs/final_auto/install/unitree_ocr_interfaces/local/lib/python3.10/dist-packages/unitree_ocr_interfaces/msg/_detections.py
[2.293s] -- Up-to-date: /home/rs/final_auto/install/unitree_ocr_interfaces/local/lib/python3.10/dist-packages/unitree_ocr_interfaces/libunitree_ocr_interfaces_msg__rosidl_generator_py.so
[2.293s] -- Up-to-date: /home/rs/final_auto/install/unitree_ocr_interfaces/local/lib/python3.10/dist-packages/unitree_ocr_interfaces/unitree_ocr_interfaces_s__rosidl_typesupport_fastrtps_c.cpython-310-x86_64-linux-gnu.so
[2.333s] Listing '/home/rs/final_auto/install/unitree_ocr_interfaces/local/lib/python3.10/dist-packages/unitree_ocr_interfaces'...
[2.333s] Listing '/home/rs/final_auto/install/unitree_ocr_interfaces/local/lib/python3.10/dist-packages/unitree_ocr_interfaces/msg'...
[2.400s] -- Up-to-date: /home/rs/final_auto/install/unitree_ocr_interfaces/local/lib/python3.10/dist-packages/unitree_ocr_interfaces/unitree_ocr_interfaces_s__rosidl_typesupport_fastrtps_c.cpython-310-x86_64-linux-gnu.so
[2.402s] -- Up-to-date: /home/rs/final_auto/install/unitree_ocr_interfaces/local/lib/python3.10/dist-packages/unitree_ocr_interfaces/unitree_ocr_interfaces_s__rosidl_typesupport_introspection_c.cpython-310-x86_64-linux-gnu.so
[2.403s] -- Up-to-date: /home/rs/final_auto/install/unitree_ocr_interfaces/local/lib/python3.10/dist-packages/unitree_ocr_interfaces/unitree_ocr_interfaces_s__rosidl_typesupport_c.cpython-310-x86_64-linux-gnu.so
[2.404s] -- Up-to-date: /home/rs/final_auto/install/unitree_ocr_interfaces/lib/libunitree_ocr_interfaces_msg__rosidl_generator_py.so
[2.404s] -- Up-to-date: /home/rs/final_auto/install/unitree_ocr_interfaces/share/unitree_ocr_interfaces/msg/Detection.idl
[2.406s] -- Up-to-date: /home/rs/final_auto/install/unitree_ocr_interfaces/share/unitree_ocr_interfaces/msg/Detections.idl
[2.406s] -- Up-to-date: /home/rs/final_auto/install/unitree_ocr_interfaces/share/unitree_ocr_interfaces/msg/Detection.msg
[2.407s] -- Up-to-date: /home/rs/final_auto/install/unitree_ocr_interfaces/share/unitree_ocr_interfaces/msg/Detections.msg
[2.407s] -- Up-to-date: /home/rs/final_auto/install/unitree_ocr_interfaces/share/ament_index/resource_index/package_run_dependencies/unitree_ocr_interfaces
[2.408s] -- Up-to-date: /home/rs/final_auto/install/unitree_ocr_interfaces/share/ament_index/resource_index/parent_prefix_path/unitree_ocr_interfaces
[2.409s] -- Up-to-date: /home/rs/final_auto/install/unitree_ocr_interfaces/share/unitree_ocr_interfaces/environment/ament_prefix_path.sh
[2.410s] -- Up-to-date: /home/rs/final_auto/install/unitree_ocr_interfaces/share/unitree_ocr_interfaces/environment/ament_prefix_path.dsv
[2.410s] -- Up-to-date: /home/rs/final_auto/install/unitree_ocr_interfaces/share/unitree_ocr_interfaces/environment/path.sh
[2.411s] -- Up-to-date: /home/rs/final_auto/install/unitree_ocr_interfaces/share/unitree_ocr_interfaces/environment/path.dsv
[2.428s] -- Up-to-date: /home/rs/final_auto/install/unitree_ocr_interfaces/share/unitree_ocr_interfaces/local_setup.bash
[2.429s] -- Up-to-date: /home/rs/final_auto/install/unitree_ocr_interfaces/share/unitree_ocr_interfaces/local_setup.sh
[2.429s] -- Up-to-date: /home/rs/final_auto/install/unitree_ocr_interfaces/share/unitree_ocr_interfaces/local_setup.zsh
[2.430s] -- Up-to-date: /home/rs/final_auto/install/unitree_ocr_interfaces/share/unitree_ocr_interfaces/local_setup.dsv
[2.431s] -- Installing: /home/rs/final_auto/install/unitree_ocr_interfaces/share/unitree_ocr_interfaces/package.dsv
[2.431s] -- Up-to-date: /home/rs/final_auto/install/unitree_ocr_interfaces/share/ament_index/resource_index/packages/unitree_ocr_interfaces
[2.432s] -- Up-to-date: /home/rs/final_auto/install/unitree_ocr_interfaces/share/unitree_ocr_interfaces/cmake/export_unitree_ocr_interfaces_msg__rosidl_generator_cExport.cmake
[2.432s] -- Up-to-date: /home/rs/final_auto/install/unitree_ocr_interfaces/share/unitree_ocr_interfaces/cmake/export_unitree_ocr_interfaces_msg__rosidl_generator_cExport-noconfig.cmake
[2.433s] -- Up-to-date: /home/rs/final_auto/install/unitree_ocr_interfaces/share/unitree_ocr_interfaces/cmake/export_unitree_ocr_interfaces_msg__rosidl_typesupport_fastrtps_cExport.cmake
[2.433s] -- Up-to-date: /home/rs/final_auto/install/unitree_ocr_interfaces/share/unitree_ocr_interfaces/cmake/export_unitree_ocr_interfaces_msg__rosidl_typesupport_fastrtps_cExport-noconfig.cmake
[2.433s] -- Up-to-date: /home/rs/final_auto/install/unitree_ocr_interfaces/share/unitree_ocr_interfaces/cmake/unitree_ocr_interfaces_msg__rosidl_typesupport_introspection_cExport.cmake
[2.434s] -- Up-to-date: /home/rs/final_auto/install/unitree_ocr_interfaces/share/unitree_ocr_interfaces/cmake/unitree_ocr_interfaces_msg__rosidl_typesupport_introspection_cExport-noconfig.cmake
[2.436s] -- Up-to-date: /home/rs/final_auto/install/unitree_ocr_interfaces/share/unitree_ocr_interfaces/cmake/unitree_ocr_interfaces_msg__rosidl_typesupport_cExport.cmake
[2.437s] -- Up-to-date: /home/rs/final_auto/install/unitree_ocr_interfaces/share/unitree_ocr_interfaces/cmake/unitree_ocr_interfaces_msg__rosidl_typesupport_cExport-noconfig.cmake
[2.438s] -- Up-to-date: /home/rs/final_auto/install/unitree_ocr_interfaces/share/unitree_ocr_interfaces/cmake/export_unitree_ocr_interfaces_msg__rosidl_generator_cppExport.cmake
[2.438s] -- Up-to-date: /home/rs/final_auto/install/unitree_ocr_interfaces/share/unitree_ocr_interfaces/cmake/export_unitree_ocr_interfaces_msg__rosidl_typesupport_fastrtps_cppExport.cmake
[2.439s] -- Up-to-date: /home/rs/final_auto/install/unitree_ocr_interfaces/share/unitree_ocr_interfaces/cmake/export_unitree_ocr_interfaces_msg__rosidl_typesupport_fastrtps_cppExport-noconfig.cmake
[2.439s] -- Up-to-date: /home/rs/final_auto/install/unitree_ocr_interfaces/share/unitree_ocr_interfaces/cmake/unitree_ocr_interfaces_msg__rosidl_typesupport_introspection_cppExport.cmake
[2.440s] -- Up-to-date: /home/rs/final_auto/install/unitree_ocr_interfaces/share/unitree_ocr_interfaces/cmake/unitree_ocr_interfaces_msg__rosidl_typesupport_introspection_cppExport-noconfig.cmake
[2.440s] -- Up-to-date: /home/rs/final_auto/install/unitree_ocr_interfaces/share/unitree_ocr_interfaces/cmake/unitree_ocr_interfaces_msg__rosidl_typesupport_cppExport.cmake
[2.441s] -- Up-to-date: /home/rs/final_auto/install/unitree_ocr_interfaces/share/unitree_ocr_interfaces/cmake/unitree_ocr_interfaces_msg__rosidl_typesupport_cppExport-noconfig.cmake
[2.441s] -- Up-to-date: /home/rs/final_auto/install/unitree_ocr_interfaces/share/unitree_ocr_interfaces/cmake/export_unitree_ocr_interfaces_msg__rosidl_generator_pyExport.cmake
[2.442s] -- Up-to-date: /home/rs/final_auto/install/unitree_ocr_interfaces/share/unitree_ocr_interfaces/cmake/export_unitree_ocr_interfaces_msg__rosidl_generator_pyExport-noconfig.cmake
[2.443s] -- Up-to-date: /home/rs/final_auto/install/unitree_ocr_interfaces/share/unitree_ocr_interfaces/cmake/ament_cmake_export_dependencies-extras.cmake
[2.443s] -- Up-to-date: /home/rs/final_auto/install/unitree_ocr_interfaces/share/unitree_ocr_interfaces/cmake/rosidl_cmake-extras.cmake
[2.444s] -- Up-to-date: /home/rs/final_auto/install/unitree_ocr_interfaces/share/unitree_ocr_interfaces/cmake/ament_cmake_export_include_directories-extras.cmake
[2.444s] -- Up-to-date: /home/rs/final_auto/install/unitree_ocr_interfaces/share/unitree_ocr_interfaces/cmake/ament_cmake_export_libraries-extras.cmake
[2.445s] -- Up-to-date: /home/rs/final_auto/install/unitree_ocr_interfaces/share/unitree_ocr_interfaces/cmake/ament_cmake_export_targets-extras.cmake
[2.446s] -- Up-to-date: /home/rs/final_auto/install/unitree_ocr_interfaces/share/unitree_ocr_interfaces/cmake/rosidl_cmake_export_typesupport_targets-extras.cmake
[2.446s] -- Up-to-date: /home/rs/final_auto/install/unitree_ocr_interfaces/share/unitree_ocr_interfaces/cmake/rosidl_cmake_export_typesupport_libraries-extras.cmake
[2.447s] -- Up-to-date: /home/rs/final_auto/install/unitree_ocr_interfaces/share/unitree_ocr_interfaces/cmake/unitree_ocr_interfacesConfig.cmake
[2.447s] -- Up-to-date: /home/rs/final_auto/install/unitree_ocr_interfaces/share/unitree_ocr_interfaces/cmake/unitree_ocr_interfacesConfig-version.cmake
[2.448s] -- Up-to-date: /home/rs/final_auto/install/unitree_ocr_interfaces/share/unitree_ocr_interfaces/package.xml
[2.494s] Invoked command in '/home/rs/final_auto/build/unitree_ocr_interfaces' returned '0': CMAKE_PREFIX_PATH=${CMAKE_PREFIX_PATH}:/home/rs/final_auto/install/unitree_nav_launch_module:/opt/ros/humble /usr/bin/cmake --install /home/rs/final_auto/build/unitree_ocr_interfaces
