[0.016s] Invoking command in '/home/yeryn/final/build/ros2_unitree_legged_msgs': CMAKE_PREFIX_PATH=/opt/ros/humble /usr/bin/cmake --build /home/yeryn/final/build/ros2_unitree_legged_msgs -- -j4 -l4
[0.105s] [35m[1mConsolidate compiler generated dependencies of target ros2_unitree_legged_msgs__rosidl_generator_c[0m
[0.114s] [  0%] Built target ros2_unitree_legged_msgs__cpp
[0.127s] [ 12%] Built target ros2_unitree_legged_msgs__rosidl_generator_c
[0.147s] [ 12%] Built target ament_cmake_python_copy_ros2_unitree_legged_msgs
[0.147s] [35m[1mConsolidate compiler generated dependencies of target ros2_unitree_legged_msgs__rosidl_typesupport_cpp[0m
[0.153s] [35m[1mConsolidate compiler generated dependencies of target ros2_unitree_legged_msgs__rosidl_typesupport_fastrtps_cpp[0m
[0.167s] [ 24%] Built target ros2_unitree_legged_msgs__rosidl_typesupport_cpp
[0.176s] [35m[1mConsolidate compiler generated dependencies of target ros2_unitree_legged_msgs__rosidl_typesupport_fastrtps_c[0m
[0.191s] [ 35%] Built target ros2_unitree_legged_msgs__rosidl_typesupport_fastrtps_cpp
[0.193s] [35m[1mConsolidate compiler generated dependencies of target ros2_unitree_legged_msgs__rosidl_typesupport_introspection_cpp[0m
[0.194s] [35m[1mConsolidate compiler generated dependencies of target ros2_unitree_legged_msgs__rosidl_typesupport_introspection_c[0m
[0.198s] [ 47%] Built target ros2_unitree_legged_msgs__rosidl_typesupport_fastrtps_c
[0.218s] [ 59%] Built target ros2_unitree_legged_msgs__rosidl_typesupport_introspection_cpp
[0.228s] [ 71%] Built target ros2_unitree_legged_msgs__rosidl_typesupport_introspection_c
[0.253s] [35m[1mConsolidate compiler generated dependencies of target ros2_unitree_legged_msgs__rosidl_typesupport_c[0m
[0.260s] [ 83%] Built target ros2_unitree_legged_msgs__rosidl_typesupport_c
[0.304s] [ 83%] Built target ros2_unitree_legged_msgs
[0.331s] [ 84%] Built target ros2_unitree_legged_msgs__py
[0.350s] [35m[1mConsolidate compiler generated dependencies of target ros2_unitree_legged_msgs__rosidl_generator_py[0m
[0.364s] [ 95%] Built target ros2_unitree_legged_msgs__rosidl_generator_py
[0.365s] running egg_info
[0.366s] writing ros2_unitree_legged_msgs.egg-info/PKG-INFO
[0.366s] writing dependency_links to ros2_unitree_legged_msgs.egg-info/dependency_links.txt
[0.367s] writing top-level names to ros2_unitree_legged_msgs.egg-info/top_level.txt
[0.368s] reading manifest file 'ros2_unitree_legged_msgs.egg-info/SOURCES.txt'
[0.369s] writing manifest file 'ros2_unitree_legged_msgs.egg-info/SOURCES.txt'
[0.382s] [35m[1mConsolidate compiler generated dependencies of target ros2_unitree_legged_msgs__rosidl_typesupport_fastrtps_c__pyext[0m
[0.386s] [35m[1mConsolidate compiler generated dependencies of target ros2_unitree_legged_msgs__rosidl_typesupport_introspection_c__pyext[0m
[0.387s] [ 95%] Built target ament_cmake_python_build_ros2_unitree_legged_msgs_egg
[0.387s] [35m[1mConsolidate compiler generated dependencies of target ros2_unitree_legged_msgs__rosidl_typesupport_c__pyext[0m
[0.396s] [ 97%] Built target ros2_unitree_legged_msgs__rosidl_typesupport_fastrtps_c__pyext
[0.396s] [ 99%] Built target ros2_unitree_legged_msgs__rosidl_typesupport_introspection_c__pyext
[0.399s] [100%] Built target ros2_unitree_legged_msgs__rosidl_typesupport_c__pyext
[0.405s] Invoked command in '/home/yeryn/final/build/ros2_unitree_legged_msgs' returned '0': CMAKE_PREFIX_PATH=/opt/ros/humble /usr/bin/cmake --build /home/yeryn/final/build/ros2_unitree_legged_msgs -- -j4 -l4
[0.522s] Invoking command in '/home/yeryn/final/build/ros2_unitree_legged_msgs': CMAKE_PREFIX_PATH=/opt/ros/humble /usr/bin/cmake --install /home/yeryn/final/build/ros2_unitree_legged_msgs
[0.528s] -- Install configuration: ""
[0.528s] -- Up-to-date: /home/yeryn/final/install/ros2_unitree_legged_msgs/share/ament_index/resource_index/rosidl_interfaces/ros2_unitree_legged_msgs
[0.528s] -- Up-to-date: /home/yeryn/final/install/ros2_unitree_legged_msgs/include/ros2_unitree_legged_msgs/ros2_unitree_legged_msgs
[0.528s] -- Up-to-date: /home/yeryn/final/install/ros2_unitree_legged_msgs/include/ros2_unitree_legged_msgs/ros2_unitree_legged_msgs/msg
[0.528s] -- Up-to-date: /home/yeryn/final/install/ros2_unitree_legged_msgs/include/ros2_unitree_legged_msgs/ros2_unitree_legged_msgs/msg/led.h
[0.528s] -- Up-to-date: /home/yeryn/final/install/ros2_unitree_legged_msgs/include/ros2_unitree_legged_msgs/ros2_unitree_legged_msgs/msg/high_state.h
[0.528s] -- Up-to-date: /home/yeryn/final/install/ros2_unitree_legged_msgs/include/ros2_unitree_legged_msgs/ros2_unitree_legged_msgs/msg/cartesian.h
[0.528s] -- Up-to-date: /home/yeryn/final/install/ros2_unitree_legged_msgs/include/ros2_unitree_legged_msgs/ros2_unitree_legged_msgs/msg/motor_state.h
[0.528s] -- Up-to-date: /home/yeryn/final/install/ros2_unitree_legged_msgs/include/ros2_unitree_legged_msgs/ros2_unitree_legged_msgs/msg/rosidl_generator_c__visibility_control.h
[0.528s] -- Up-to-date: /home/yeryn/final/install/ros2_unitree_legged_msgs/include/ros2_unitree_legged_msgs/ros2_unitree_legged_msgs/msg/imu.h
[0.529s] -- Up-to-date: /home/yeryn/final/install/ros2_unitree_legged_msgs/include/ros2_unitree_legged_msgs/ros2_unitree_legged_msgs/msg/high_cmd.h
[0.529s] -- Up-to-date: /home/yeryn/final/install/ros2_unitree_legged_msgs/include/ros2_unitree_legged_msgs/ros2_unitree_legged_msgs/msg/bms_state.h
[0.529s] -- Up-to-date: /home/yeryn/final/install/ros2_unitree_legged_msgs/include/ros2_unitree_legged_msgs/ros2_unitree_legged_msgs/msg/low_cmd.h
[0.529s] -- Up-to-date: /home/yeryn/final/install/ros2_unitree_legged_msgs/include/ros2_unitree_legged_msgs/ros2_unitree_legged_msgs/msg/bms_cmd.h
[0.529s] -- Up-to-date: /home/yeryn/final/install/ros2_unitree_legged_msgs/include/ros2_unitree_legged_msgs/ros2_unitree_legged_msgs/msg/low_state.h
[0.529s] -- Up-to-date: /home/yeryn/final/install/ros2_unitree_legged_msgs/include/ros2_unitree_legged_msgs/ros2_unitree_legged_msgs/msg/motor_cmd.h
[0.529s] -- Up-to-date: /home/yeryn/final/install/ros2_unitree_legged_msgs/include/ros2_unitree_legged_msgs/ros2_unitree_legged_msgs/msg/detail
[0.529s] -- Up-to-date: /home/yeryn/final/install/ros2_unitree_legged_msgs/include/ros2_unitree_legged_msgs/ros2_unitree_legged_msgs/msg/detail/low_state__functions.c
[0.529s] -- Up-to-date: /home/yeryn/final/install/ros2_unitree_legged_msgs/include/ros2_unitree_legged_msgs/ros2_unitree_legged_msgs/msg/detail/led__functions.c
[0.529s] -- Up-to-date: /home/yeryn/final/install/ros2_unitree_legged_msgs/include/ros2_unitree_legged_msgs/ros2_unitree_legged_msgs/msg/detail/high_state__functions.c
[0.529s] -- Up-to-date: /home/yeryn/final/install/ros2_unitree_legged_msgs/include/ros2_unitree_legged_msgs/ros2_unitree_legged_msgs/msg/detail/high_state__type_support.h
[0.529s] -- Up-to-date: /home/yeryn/final/install/ros2_unitree_legged_msgs/include/ros2_unitree_legged_msgs/ros2_unitree_legged_msgs/msg/detail/motor_cmd__functions.c
[0.529s] -- Up-to-date: /home/yeryn/final/install/ros2_unitree_legged_msgs/include/ros2_unitree_legged_msgs/ros2_unitree_legged_msgs/msg/detail/high_cmd__functions.h
[0.529s] -- Up-to-date: /home/yeryn/final/install/ros2_unitree_legged_msgs/include/ros2_unitree_legged_msgs/ros2_unitree_legged_msgs/msg/detail/led__struct.h
[0.529s] -- Up-to-date: /home/yeryn/final/install/ros2_unitree_legged_msgs/include/ros2_unitree_legged_msgs/ros2_unitree_legged_msgs/msg/detail/imu__struct.h
[0.529s] -- Up-to-date: /home/yeryn/final/install/ros2_unitree_legged_msgs/include/ros2_unitree_legged_msgs/ros2_unitree_legged_msgs/msg/detail/motor_cmd__type_support.h
[0.529s] -- Up-to-date: /home/yeryn/final/install/ros2_unitree_legged_msgs/include/ros2_unitree_legged_msgs/ros2_unitree_legged_msgs/msg/detail/bms_state__struct.h
[0.529s] -- Up-to-date: /home/yeryn/final/install/ros2_unitree_legged_msgs/include/ros2_unitree_legged_msgs/ros2_unitree_legged_msgs/msg/detail/bms_state__functions.h
[0.529s] -- Up-to-date: /home/yeryn/final/install/ros2_unitree_legged_msgs/include/ros2_unitree_legged_msgs/ros2_unitree_legged_msgs/msg/detail/motor_state__type_support.h
[0.529s] -- Up-to-date: /home/yeryn/final/install/ros2_unitree_legged_msgs/include/ros2_unitree_legged_msgs/ros2_unitree_legged_msgs/msg/detail/motor_state__functions.c
[0.529s] -- Up-to-date: /home/yeryn/final/install/ros2_unitree_legged_msgs/include/ros2_unitree_legged_msgs/ros2_unitree_legged_msgs/msg/detail/high_cmd__functions.c
[0.530s] -- Up-to-date: /home/yeryn/final/install/ros2_unitree_legged_msgs/include/ros2_unitree_legged_msgs/ros2_unitree_legged_msgs/msg/detail/low_state__functions.h
[0.530s] -- Up-to-date: /home/yeryn/final/install/ros2_unitree_legged_msgs/include/ros2_unitree_legged_msgs/ros2_unitree_legged_msgs/msg/detail/high_cmd__type_support.h
[0.530s] -- Up-to-date: /home/yeryn/final/install/ros2_unitree_legged_msgs/include/ros2_unitree_legged_msgs/ros2_unitree_legged_msgs/msg/detail/high_cmd__struct.h
[0.530s] -- Up-to-date: /home/yeryn/final/install/ros2_unitree_legged_msgs/include/ros2_unitree_legged_msgs/ros2_unitree_legged_msgs/msg/detail/low_state__type_support.h
[0.530s] -- Up-to-date: /home/yeryn/final/install/ros2_unitree_legged_msgs/include/ros2_unitree_legged_msgs/ros2_unitree_legged_msgs/msg/detail/low_cmd__type_support.h
[0.530s] -- Up-to-date: /home/yeryn/final/install/ros2_unitree_legged_msgs/include/ros2_unitree_legged_msgs/ros2_unitree_legged_msgs/msg/detail/low_cmd__functions.c
[0.530s] -- Up-to-date: /home/yeryn/final/install/ros2_unitree_legged_msgs/include/ros2_unitree_legged_msgs/ros2_unitree_legged_msgs/msg/detail/motor_cmd__functions.h
[0.530s] -- Up-to-date: /home/yeryn/final/install/ros2_unitree_legged_msgs/include/ros2_unitree_legged_msgs/ros2_unitree_legged_msgs/msg/detail/bms_cmd__functions.c
[0.530s] -- Up-to-date: /home/yeryn/final/install/ros2_unitree_legged_msgs/include/ros2_unitree_legged_msgs/ros2_unitree_legged_msgs/msg/detail/bms_cmd__struct.h
[0.530s] -- Up-to-date: /home/yeryn/final/install/ros2_unitree_legged_msgs/include/ros2_unitree_legged_msgs/ros2_unitree_legged_msgs/msg/detail/imu__functions.c
[0.530s] -- Up-to-date: /home/yeryn/final/install/ros2_unitree_legged_msgs/include/ros2_unitree_legged_msgs/ros2_unitree_legged_msgs/msg/detail/bms_state__functions.c
[0.530s] -- Up-to-date: /home/yeryn/final/install/ros2_unitree_legged_msgs/include/ros2_unitree_legged_msgs/ros2_unitree_legged_msgs/msg/detail/led__functions.h
[0.530s] -- Up-to-date: /home/yeryn/final/install/ros2_unitree_legged_msgs/include/ros2_unitree_legged_msgs/ros2_unitree_legged_msgs/msg/detail/bms_state__type_support.h
[0.530s] -- Up-to-date: /home/yeryn/final/install/ros2_unitree_legged_msgs/include/ros2_unitree_legged_msgs/ros2_unitree_legged_msgs/msg/detail/cartesian__functions.h
[0.530s] -- Up-to-date: /home/yeryn/final/install/ros2_unitree_legged_msgs/include/ros2_unitree_legged_msgs/ros2_unitree_legged_msgs/msg/detail/imu__type_support.h
[0.530s] -- Up-to-date: /home/yeryn/final/install/ros2_unitree_legged_msgs/include/ros2_unitree_legged_msgs/ros2_unitree_legged_msgs/msg/detail/low_cmd__struct.h
[0.530s] -- Up-to-date: /home/yeryn/final/install/ros2_unitree_legged_msgs/include/ros2_unitree_legged_msgs/ros2_unitree_legged_msgs/msg/detail/led__type_support.h
[0.530s] -- Up-to-date: /home/yeryn/final/install/ros2_unitree_legged_msgs/include/ros2_unitree_legged_msgs/ros2_unitree_legged_msgs/msg/detail/high_state__struct.h
[0.530s] -- Up-to-date: /home/yeryn/final/install/ros2_unitree_legged_msgs/include/ros2_unitree_legged_msgs/ros2_unitree_legged_msgs/msg/detail/high_state__functions.h
[0.530s] -- Up-to-date: /home/yeryn/final/install/ros2_unitree_legged_msgs/include/ros2_unitree_legged_msgs/ros2_unitree_legged_msgs/msg/detail/bms_cmd__functions.h
[0.530s] -- Up-to-date: /home/yeryn/final/install/ros2_unitree_legged_msgs/include/ros2_unitree_legged_msgs/ros2_unitree_legged_msgs/msg/detail/low_cmd__functions.h
[0.530s] -- Up-to-date: /home/yeryn/final/install/ros2_unitree_legged_msgs/include/ros2_unitree_legged_msgs/ros2_unitree_legged_msgs/msg/detail/cartesian__struct.h
[0.530s] -- Up-to-date: /home/yeryn/final/install/ros2_unitree_legged_msgs/include/ros2_unitree_legged_msgs/ros2_unitree_legged_msgs/msg/detail/cartesian__functions.c
[0.530s] -- Up-to-date: /home/yeryn/final/install/ros2_unitree_legged_msgs/include/ros2_unitree_legged_msgs/ros2_unitree_legged_msgs/msg/detail/motor_state__struct.h
[0.530s] -- Up-to-date: /home/yeryn/final/install/ros2_unitree_legged_msgs/include/ros2_unitree_legged_msgs/ros2_unitree_legged_msgs/msg/detail/motor_state__functions.h
[0.530s] -- Up-to-date: /home/yeryn/final/install/ros2_unitree_legged_msgs/include/ros2_unitree_legged_msgs/ros2_unitree_legged_msgs/msg/detail/imu__functions.h
[0.530s] -- Up-to-date: /home/yeryn/final/install/ros2_unitree_legged_msgs/include/ros2_unitree_legged_msgs/ros2_unitree_legged_msgs/msg/detail/cartesian__type_support.h
[0.530s] -- Up-to-date: /home/yeryn/final/install/ros2_unitree_legged_msgs/include/ros2_unitree_legged_msgs/ros2_unitree_legged_msgs/msg/detail/bms_cmd__type_support.h
[0.530s] -- Up-to-date: /home/yeryn/final/install/ros2_unitree_legged_msgs/include/ros2_unitree_legged_msgs/ros2_unitree_legged_msgs/msg/detail/low_state__struct.h
[0.530s] -- Up-to-date: /home/yeryn/final/install/ros2_unitree_legged_msgs/include/ros2_unitree_legged_msgs/ros2_unitree_legged_msgs/msg/detail/motor_cmd__struct.h
[0.530s] -- Up-to-date: /home/yeryn/final/install/ros2_unitree_legged_msgs/share/ros2_unitree_legged_msgs/environment/library_path.sh
[0.530s] -- Up-to-date: /home/yeryn/final/install/ros2_unitree_legged_msgs/share/ros2_unitree_legged_msgs/environment/library_path.dsv
[0.530s] -- Up-to-date: /home/yeryn/final/install/ros2_unitree_legged_msgs/lib/libros2_unitree_legged_msgs__rosidl_generator_c.so
[0.530s] -- Up-to-date: /home/yeryn/final/install/ros2_unitree_legged_msgs/include/ros2_unitree_legged_msgs/ros2_unitree_legged_msgs
[0.530s] -- Up-to-date: /home/yeryn/final/install/ros2_unitree_legged_msgs/include/ros2_unitree_legged_msgs/ros2_unitree_legged_msgs/msg
[0.530s] -- Up-to-date: /home/yeryn/final/install/ros2_unitree_legged_msgs/include/ros2_unitree_legged_msgs/ros2_unitree_legged_msgs/msg/rosidl_typesupport_fastrtps_c__visibility_control.h
[0.530s] -- Up-to-date: /home/yeryn/final/install/ros2_unitree_legged_msgs/include/ros2_unitree_legged_msgs/ros2_unitree_legged_msgs/msg/detail
[0.531s] -- Up-to-date: /home/yeryn/final/install/ros2_unitree_legged_msgs/include/ros2_unitree_legged_msgs/ros2_unitree_legged_msgs/msg/detail/low_state__rosidl_typesupport_fastrtps_c.h
[0.531s] -- Up-to-date: /home/yeryn/final/install/ros2_unitree_legged_msgs/include/ros2_unitree_legged_msgs/ros2_unitree_legged_msgs/msg/detail/bms_state__rosidl_typesupport_fastrtps_c.h
[0.531s] -- Up-to-date: /home/yeryn/final/install/ros2_unitree_legged_msgs/include/ros2_unitree_legged_msgs/ros2_unitree_legged_msgs/msg/detail/imu__rosidl_typesupport_fastrtps_c.h
[0.531s] -- Up-to-date: /home/yeryn/final/install/ros2_unitree_legged_msgs/include/ros2_unitree_legged_msgs/ros2_unitree_legged_msgs/msg/detail/led__rosidl_typesupport_fastrtps_c.h
[0.531s] -- Up-to-date: /home/yeryn/final/install/ros2_unitree_legged_msgs/include/ros2_unitree_legged_msgs/ros2_unitree_legged_msgs/msg/detail/high_cmd__rosidl_typesupport_fastrtps_c.h
[0.531s] -- Up-to-date: /home/yeryn/final/install/ros2_unitree_legged_msgs/include/ros2_unitree_legged_msgs/ros2_unitree_legged_msgs/msg/detail/cartesian__rosidl_typesupport_fastrtps_c.h
[0.531s] -- Up-to-date: /home/yeryn/final/install/ros2_unitree_legged_msgs/include/ros2_unitree_legged_msgs/ros2_unitree_legged_msgs/msg/detail/motor_cmd__rosidl_typesupport_fastrtps_c.h
[0.531s] -- Up-to-date: /home/yeryn/final/install/ros2_unitree_legged_msgs/include/ros2_unitree_legged_msgs/ros2_unitree_legged_msgs/msg/detail/bms_cmd__rosidl_typesupport_fastrtps_c.h
[0.531s] -- Up-to-date: /home/yeryn/final/install/ros2_unitree_legged_msgs/include/ros2_unitree_legged_msgs/ros2_unitree_legged_msgs/msg/detail/high_state__rosidl_typesupport_fastrtps_c.h
[0.531s] -- Up-to-date: /home/yeryn/final/install/ros2_unitree_legged_msgs/include/ros2_unitree_legged_msgs/ros2_unitree_legged_msgs/msg/detail/motor_state__rosidl_typesupport_fastrtps_c.h
[0.531s] -- Up-to-date: /home/yeryn/final/install/ros2_unitree_legged_msgs/include/ros2_unitree_legged_msgs/ros2_unitree_legged_msgs/msg/detail/low_cmd__rosidl_typesupport_fastrtps_c.h
[0.531s] -- Up-to-date: /home/yeryn/final/install/ros2_unitree_legged_msgs/lib/libros2_unitree_legged_msgs__rosidl_typesupport_fastrtps_c.so
[0.531s] -- Up-to-date: /home/yeryn/final/install/ros2_unitree_legged_msgs/include/ros2_unitree_legged_msgs/ros2_unitree_legged_msgs
[0.531s] -- Up-to-date: /home/yeryn/final/install/ros2_unitree_legged_msgs/include/ros2_unitree_legged_msgs/ros2_unitree_legged_msgs/msg
[0.531s] -- Up-to-date: /home/yeryn/final/install/ros2_unitree_legged_msgs/include/ros2_unitree_legged_msgs/ros2_unitree_legged_msgs/msg/rosidl_typesupport_introspection_c__visibility_control.h
[0.531s] -- Up-to-date: /home/yeryn/final/install/ros2_unitree_legged_msgs/include/ros2_unitree_legged_msgs/ros2_unitree_legged_msgs/msg/detail
[0.531s] -- Up-to-date: /home/yeryn/final/install/ros2_unitree_legged_msgs/include/ros2_unitree_legged_msgs/ros2_unitree_legged_msgs/msg/detail/low_cmd__rosidl_typesupport_introspection_c.h
[0.531s] -- Up-to-date: /home/yeryn/final/install/ros2_unitree_legged_msgs/include/ros2_unitree_legged_msgs/ros2_unitree_legged_msgs/msg/detail/imu__rosidl_typesupport_introspection_c.h
[0.531s] -- Up-to-date: /home/yeryn/final/install/ros2_unitree_legged_msgs/include/ros2_unitree_legged_msgs/ros2_unitree_legged_msgs/msg/detail/led__type_support.c
[0.531s] -- Up-to-date: /home/yeryn/final/install/ros2_unitree_legged_msgs/include/ros2_unitree_legged_msgs/ros2_unitree_legged_msgs/msg/detail/bms_cmd__type_support.c
[0.531s] -- Up-to-date: /home/yeryn/final/install/ros2_unitree_legged_msgs/include/ros2_unitree_legged_msgs/ros2_unitree_legged_msgs/msg/detail/led__rosidl_typesupport_introspection_c.h
[0.531s] -- Up-to-date: /home/yeryn/final/install/ros2_unitree_legged_msgs/include/ros2_unitree_legged_msgs/ros2_unitree_legged_msgs/msg/detail/motor_cmd__rosidl_typesupport_introspection_c.h
[0.531s] -- Up-to-date: /home/yeryn/final/install/ros2_unitree_legged_msgs/include/ros2_unitree_legged_msgs/ros2_unitree_legged_msgs/msg/detail/motor_state__rosidl_typesupport_introspection_c.h
[0.531s] -- Up-to-date: /home/yeryn/final/install/ros2_unitree_legged_msgs/include/ros2_unitree_legged_msgs/ros2_unitree_legged_msgs/msg/detail/motor_state__type_support.c
[0.531s] -- Up-to-date: /home/yeryn/final/install/ros2_unitree_legged_msgs/include/ros2_unitree_legged_msgs/ros2_unitree_legged_msgs/msg/detail/high_state__type_support.c
[0.531s] -- Up-to-date: /home/yeryn/final/install/ros2_unitree_legged_msgs/include/ros2_unitree_legged_msgs/ros2_unitree_legged_msgs/msg/detail/bms_state__type_support.c
[0.531s] -- Up-to-date: /home/yeryn/final/install/ros2_unitree_legged_msgs/include/ros2_unitree_legged_msgs/ros2_unitree_legged_msgs/msg/detail/bms_state__rosidl_typesupport_introspection_c.h
[0.531s] -- Up-to-date: /home/yeryn/final/install/ros2_unitree_legged_msgs/include/ros2_unitree_legged_msgs/ros2_unitree_legged_msgs/msg/detail/low_state__type_support.c
[0.531s] -- Up-to-date: /home/yeryn/final/install/ros2_unitree_legged_msgs/include/ros2_unitree_legged_msgs/ros2_unitree_legged_msgs/msg/detail/high_state__rosidl_typesupport_introspection_c.h
[0.531s] -- Up-to-date: /home/yeryn/final/install/ros2_unitree_legged_msgs/include/ros2_unitree_legged_msgs/ros2_unitree_legged_msgs/msg/detail/motor_cmd__type_support.c
[0.531s] -- Up-to-date: /home/yeryn/final/install/ros2_unitree_legged_msgs/include/ros2_unitree_legged_msgs/ros2_unitree_legged_msgs/msg/detail/low_state__rosidl_typesupport_introspection_c.h
[0.532s] -- Up-to-date: /home/yeryn/final/install/ros2_unitree_legged_msgs/include/ros2_unitree_legged_msgs/ros2_unitree_legged_msgs/msg/detail/bms_cmd__rosidl_typesupport_introspection_c.h
[0.532s] -- Up-to-date: /home/yeryn/final/install/ros2_unitree_legged_msgs/include/ros2_unitree_legged_msgs/ros2_unitree_legged_msgs/msg/detail/high_cmd__type_support.c
[0.532s] -- Up-to-date: /home/yeryn/final/install/ros2_unitree_legged_msgs/include/ros2_unitree_legged_msgs/ros2_unitree_legged_msgs/msg/detail/cartesian__type_support.c
[0.532s] -- Up-to-date: /home/yeryn/final/install/ros2_unitree_legged_msgs/include/ros2_unitree_legged_msgs/ros2_unitree_legged_msgs/msg/detail/low_cmd__type_support.c
[0.532s] -- Up-to-date: /home/yeryn/final/install/ros2_unitree_legged_msgs/include/ros2_unitree_legged_msgs/ros2_unitree_legged_msgs/msg/detail/cartesian__rosidl_typesupport_introspection_c.h
[0.532s] -- Up-to-date: /home/yeryn/final/install/ros2_unitree_legged_msgs/include/ros2_unitree_legged_msgs/ros2_unitree_legged_msgs/msg/detail/high_cmd__rosidl_typesupport_introspection_c.h
[0.532s] -- Up-to-date: /home/yeryn/final/install/ros2_unitree_legged_msgs/include/ros2_unitree_legged_msgs/ros2_unitree_legged_msgs/msg/detail/imu__type_support.c
[0.532s] -- Up-to-date: /home/yeryn/final/install/ros2_unitree_legged_msgs/lib/libros2_unitree_legged_msgs__rosidl_typesupport_introspection_c.so
[0.532s] -- Up-to-date: /home/yeryn/final/install/ros2_unitree_legged_msgs/lib/libros2_unitree_legged_msgs__rosidl_typesupport_c.so
[0.532s] -- Up-to-date: /home/yeryn/final/install/ros2_unitree_legged_msgs/include/ros2_unitree_legged_msgs/ros2_unitree_legged_msgs
[0.532s] -- Up-to-date: /home/yeryn/final/install/ros2_unitree_legged_msgs/include/ros2_unitree_legged_msgs/ros2_unitree_legged_msgs/msg
[0.532s] -- Up-to-date: /home/yeryn/final/install/ros2_unitree_legged_msgs/include/ros2_unitree_legged_msgs/ros2_unitree_legged_msgs/msg/high_cmd.hpp
[0.532s] -- Up-to-date: /home/yeryn/final/install/ros2_unitree_legged_msgs/include/ros2_unitree_legged_msgs/ros2_unitree_legged_msgs/msg/low_state.hpp
[0.532s] -- Up-to-date: /home/yeryn/final/install/ros2_unitree_legged_msgs/include/ros2_unitree_legged_msgs/ros2_unitree_legged_msgs/msg/bms_state.hpp
[0.532s] -- Up-to-date: /home/yeryn/final/install/ros2_unitree_legged_msgs/include/ros2_unitree_legged_msgs/ros2_unitree_legged_msgs/msg/imu.hpp
[0.532s] -- Up-to-date: /home/yeryn/final/install/ros2_unitree_legged_msgs/include/ros2_unitree_legged_msgs/ros2_unitree_legged_msgs/msg/cartesian.hpp
[0.532s] -- Up-to-date: /home/yeryn/final/install/ros2_unitree_legged_msgs/include/ros2_unitree_legged_msgs/ros2_unitree_legged_msgs/msg/motor_cmd.hpp
[0.533s] -- Up-to-date: /home/yeryn/final/install/ros2_unitree_legged_msgs/include/ros2_unitree_legged_msgs/ros2_unitree_legged_msgs/msg/low_cmd.hpp
[0.533s] -- Up-to-date: /home/yeryn/final/install/ros2_unitree_legged_msgs/include/ros2_unitree_legged_msgs/ros2_unitree_legged_msgs/msg/motor_state.hpp
[0.533s] -- Up-to-date: /home/yeryn/final/install/ros2_unitree_legged_msgs/include/ros2_unitree_legged_msgs/ros2_unitree_legged_msgs/msg/high_state.hpp
[0.533s] -- Up-to-date: /home/yeryn/final/install/ros2_unitree_legged_msgs/include/ros2_unitree_legged_msgs/ros2_unitree_legged_msgs/msg/bms_cmd.hpp
[0.533s] -- Up-to-date: /home/yeryn/final/install/ros2_unitree_legged_msgs/include/ros2_unitree_legged_msgs/ros2_unitree_legged_msgs/msg/led.hpp
[0.533s] -- Up-to-date: /home/yeryn/final/install/ros2_unitree_legged_msgs/include/ros2_unitree_legged_msgs/ros2_unitree_legged_msgs/msg/detail
[0.533s] -- Up-to-date: /home/yeryn/final/install/ros2_unitree_legged_msgs/include/ros2_unitree_legged_msgs/ros2_unitree_legged_msgs/msg/detail/motor_state__traits.hpp
[0.533s] -- Up-to-date: /home/yeryn/final/install/ros2_unitree_legged_msgs/include/ros2_unitree_legged_msgs/ros2_unitree_legged_msgs/msg/detail/low_state__builder.hpp
[0.533s] -- Up-to-date: /home/yeryn/final/install/ros2_unitree_legged_msgs/include/ros2_unitree_legged_msgs/ros2_unitree_legged_msgs/msg/detail/motor_cmd__builder.hpp
[0.533s] -- Up-to-date: /home/yeryn/final/install/ros2_unitree_legged_msgs/include/ros2_unitree_legged_msgs/ros2_unitree_legged_msgs/msg/detail/imu__traits.hpp
[0.533s] -- Up-to-date: /home/yeryn/final/install/ros2_unitree_legged_msgs/include/ros2_unitree_legged_msgs/ros2_unitree_legged_msgs/msg/detail/bms_cmd__builder.hpp
[0.533s] -- Up-to-date: /home/yeryn/final/install/ros2_unitree_legged_msgs/include/ros2_unitree_legged_msgs/ros2_unitree_legged_msgs/msg/detail/cartesian__builder.hpp
[0.533s] -- Up-to-date: /home/yeryn/final/install/ros2_unitree_legged_msgs/include/ros2_unitree_legged_msgs/ros2_unitree_legged_msgs/msg/detail/high_cmd__traits.hpp
[0.533s] -- Up-to-date: /home/yeryn/final/install/ros2_unitree_legged_msgs/include/ros2_unitree_legged_msgs/ros2_unitree_legged_msgs/msg/detail/low_cmd__struct.hpp
[0.533s] -- Up-to-date: /home/yeryn/final/install/ros2_unitree_legged_msgs/include/ros2_unitree_legged_msgs/ros2_unitree_legged_msgs/msg/detail/low_cmd__builder.hpp
[0.533s] -- Up-to-date: /home/yeryn/final/install/ros2_unitree_legged_msgs/include/ros2_unitree_legged_msgs/ros2_unitree_legged_msgs/msg/detail/bms_state__builder.hpp
[0.533s] -- Up-to-date: /home/yeryn/final/install/ros2_unitree_legged_msgs/include/ros2_unitree_legged_msgs/ros2_unitree_legged_msgs/msg/detail/bms_state__traits.hpp
[0.533s] -- Up-to-date: /home/yeryn/final/install/ros2_unitree_legged_msgs/include/ros2_unitree_legged_msgs/ros2_unitree_legged_msgs/msg/detail/imu__struct.hpp
[0.533s] -- Up-to-date: /home/yeryn/final/install/ros2_unitree_legged_msgs/include/ros2_unitree_legged_msgs/ros2_unitree_legged_msgs/msg/detail/cartesian__traits.hpp
[0.533s] -- Up-to-date: /home/yeryn/final/install/ros2_unitree_legged_msgs/include/ros2_unitree_legged_msgs/ros2_unitree_legged_msgs/msg/detail/led__builder.hpp
[0.533s] -- Up-to-date: /home/yeryn/final/install/ros2_unitree_legged_msgs/include/ros2_unitree_legged_msgs/ros2_unitree_legged_msgs/msg/detail/led__traits.hpp
[0.533s] -- Up-to-date: /home/yeryn/final/install/ros2_unitree_legged_msgs/include/ros2_unitree_legged_msgs/ros2_unitree_legged_msgs/msg/detail/low_state__struct.hpp
[0.533s] -- Up-to-date: /home/yeryn/final/install/ros2_unitree_legged_msgs/include/ros2_unitree_legged_msgs/ros2_unitree_legged_msgs/msg/detail/high_cmd__builder.hpp
[0.533s] -- Up-to-date: /home/yeryn/final/install/ros2_unitree_legged_msgs/include/ros2_unitree_legged_msgs/ros2_unitree_legged_msgs/msg/detail/high_state__traits.hpp
[0.533s] -- Up-to-date: /home/yeryn/final/install/ros2_unitree_legged_msgs/include/ros2_unitree_legged_msgs/ros2_unitree_legged_msgs/msg/detail/bms_cmd__struct.hpp
[0.533s] -- Up-to-date: /home/yeryn/final/install/ros2_unitree_legged_msgs/include/ros2_unitree_legged_msgs/ros2_unitree_legged_msgs/msg/detail/low_state__traits.hpp
[0.533s] -- Up-to-date: /home/yeryn/final/install/ros2_unitree_legged_msgs/include/ros2_unitree_legged_msgs/ros2_unitree_legged_msgs/msg/detail/low_cmd__traits.hpp
[0.533s] -- Up-to-date: /home/yeryn/final/install/ros2_unitree_legged_msgs/include/ros2_unitree_legged_msgs/ros2_unitree_legged_msgs/msg/detail/bms_state__struct.hpp
[0.533s] -- Up-to-date: /home/yeryn/final/install/ros2_unitree_legged_msgs/include/ros2_unitree_legged_msgs/ros2_unitree_legged_msgs/msg/detail/high_cmd__struct.hpp
[0.533s] -- Up-to-date: /home/yeryn/final/install/ros2_unitree_legged_msgs/include/ros2_unitree_legged_msgs/ros2_unitree_legged_msgs/msg/detail/high_state__builder.hpp
[0.533s] -- Up-to-date: /home/yeryn/final/install/ros2_unitree_legged_msgs/include/ros2_unitree_legged_msgs/ros2_unitree_legged_msgs/msg/detail/motor_state__builder.hpp
[0.533s] -- Up-to-date: /home/yeryn/final/install/ros2_unitree_legged_msgs/include/ros2_unitree_legged_msgs/ros2_unitree_legged_msgs/msg/detail/cartesian__struct.hpp
[0.533s] -- Up-to-date: /home/yeryn/final/install/ros2_unitree_legged_msgs/include/ros2_unitree_legged_msgs/ros2_unitree_legged_msgs/msg/detail/motor_cmd__struct.hpp
[0.533s] -- Up-to-date: /home/yeryn/final/install/ros2_unitree_legged_msgs/include/ros2_unitree_legged_msgs/ros2_unitree_legged_msgs/msg/detail/led__struct.hpp
[0.533s] -- Up-to-date: /home/yeryn/final/install/ros2_unitree_legged_msgs/include/ros2_unitree_legged_msgs/ros2_unitree_legged_msgs/msg/detail/high_state__struct.hpp
[0.534s] -- Up-to-date: /home/yeryn/final/install/ros2_unitree_legged_msgs/include/ros2_unitree_legged_msgs/ros2_unitree_legged_msgs/msg/detail/bms_cmd__traits.hpp
[0.534s] -- Up-to-date: /home/yeryn/final/install/ros2_unitree_legged_msgs/include/ros2_unitree_legged_msgs/ros2_unitree_legged_msgs/msg/detail/motor_state__struct.hpp
[0.534s] -- Up-to-date: /home/yeryn/final/install/ros2_unitree_legged_msgs/include/ros2_unitree_legged_msgs/ros2_unitree_legged_msgs/msg/detail/motor_cmd__traits.hpp
[0.534s] -- Up-to-date: /home/yeryn/final/install/ros2_unitree_legged_msgs/include/ros2_unitree_legged_msgs/ros2_unitree_legged_msgs/msg/detail/imu__builder.hpp
[0.534s] -- Up-to-date: /home/yeryn/final/install/ros2_unitree_legged_msgs/include/ros2_unitree_legged_msgs/ros2_unitree_legged_msgs
[0.534s] -- Up-to-date: /home/yeryn/final/install/ros2_unitree_legged_msgs/include/ros2_unitree_legged_msgs/ros2_unitree_legged_msgs/msg
[0.534s] -- Up-to-date: /home/yeryn/final/install/ros2_unitree_legged_msgs/include/ros2_unitree_legged_msgs/ros2_unitree_legged_msgs/msg/detail
[0.534s] -- Up-to-date: /home/yeryn/final/install/ros2_unitree_legged_msgs/include/ros2_unitree_legged_msgs/ros2_unitree_legged_msgs/msg/detail/high_state__rosidl_typesupport_fastrtps_cpp.hpp
[0.534s] -- Up-to-date: /home/yeryn/final/install/ros2_unitree_legged_msgs/include/ros2_unitree_legged_msgs/ros2_unitree_legged_msgs/msg/detail/low_cmd__rosidl_typesupport_fastrtps_cpp.hpp
[0.534s] -- Up-to-date: /home/yeryn/final/install/ros2_unitree_legged_msgs/include/ros2_unitree_legged_msgs/ros2_unitree_legged_msgs/msg/detail/cartesian__rosidl_typesupport_fastrtps_cpp.hpp
[0.534s] -- Up-to-date: /home/yeryn/final/install/ros2_unitree_legged_msgs/include/ros2_unitree_legged_msgs/ros2_unitree_legged_msgs/msg/detail/motor_cmd__rosidl_typesupport_fastrtps_cpp.hpp
[0.534s] -- Up-to-date: /home/yeryn/final/install/ros2_unitree_legged_msgs/include/ros2_unitree_legged_msgs/ros2_unitree_legged_msgs/msg/detail/bms_cmd__rosidl_typesupport_fastrtps_cpp.hpp
[0.534s] -- Up-to-date: /home/yeryn/final/install/ros2_unitree_legged_msgs/include/ros2_unitree_legged_msgs/ros2_unitree_legged_msgs/msg/detail/led__rosidl_typesupport_fastrtps_cpp.hpp
[0.534s] -- Up-to-date: /home/yeryn/final/install/ros2_unitree_legged_msgs/include/ros2_unitree_legged_msgs/ros2_unitree_legged_msgs/msg/detail/imu__rosidl_typesupport_fastrtps_cpp.hpp
[0.534s] -- Up-to-date: /home/yeryn/final/install/ros2_unitree_legged_msgs/include/ros2_unitree_legged_msgs/ros2_unitree_legged_msgs/msg/detail/dds_fastrtps
[0.534s] -- Up-to-date: /home/yeryn/final/install/ros2_unitree_legged_msgs/include/ros2_unitree_legged_msgs/ros2_unitree_legged_msgs/msg/detail/low_state__rosidl_typesupport_fastrtps_cpp.hpp
[0.534s] -- Up-to-date: /home/yeryn/final/install/ros2_unitree_legged_msgs/include/ros2_unitree_legged_msgs/ros2_unitree_legged_msgs/msg/detail/motor_state__rosidl_typesupport_fastrtps_cpp.hpp
[0.534s] -- Up-to-date: /home/yeryn/final/install/ros2_unitree_legged_msgs/include/ros2_unitree_legged_msgs/ros2_unitree_legged_msgs/msg/detail/bms_state__rosidl_typesupport_fastrtps_cpp.hpp
[0.534s] -- Up-to-date: /home/yeryn/final/install/ros2_unitree_legged_msgs/include/ros2_unitree_legged_msgs/ros2_unitree_legged_msgs/msg/detail/high_cmd__rosidl_typesupport_fastrtps_cpp.hpp
[0.534s] -- Up-to-date: /home/yeryn/final/install/ros2_unitree_legged_msgs/include/ros2_unitree_legged_msgs/ros2_unitree_legged_msgs/msg/rosidl_typesupport_fastrtps_cpp__visibility_control.h
[0.534s] -- Up-to-date: /home/yeryn/final/install/ros2_unitree_legged_msgs/lib/libros2_unitree_legged_msgs__rosidl_typesupport_fastrtps_cpp.so
[0.534s] -- Up-to-date: /home/yeryn/final/install/ros2_unitree_legged_msgs/include/ros2_unitree_legged_msgs/ros2_unitree_legged_msgs
[0.534s] -- Up-to-date: /home/yeryn/final/install/ros2_unitree_legged_msgs/include/ros2_unitree_legged_msgs/ros2_unitree_legged_msgs/msg
[0.534s] -- Up-to-date: /home/yeryn/final/install/ros2_unitree_legged_msgs/include/ros2_unitree_legged_msgs/ros2_unitree_legged_msgs/msg/detail
[0.534s] -- Up-to-date: /home/yeryn/final/install/ros2_unitree_legged_msgs/include/ros2_unitree_legged_msgs/ros2_unitree_legged_msgs/msg/detail/motor_state__rosidl_typesupport_introspection_cpp.hpp
[0.534s] -- Up-to-date: /home/yeryn/final/install/ros2_unitree_legged_msgs/include/ros2_unitree_legged_msgs/ros2_unitree_legged_msgs/msg/detail/imu__type_support.cpp
[0.534s] -- Up-to-date: /home/yeryn/final/install/ros2_unitree_legged_msgs/include/ros2_unitree_legged_msgs/ros2_unitree_legged_msgs/msg/detail/bms_cmd__rosidl_typesupport_introspection_cpp.hpp
[0.534s] -- Up-to-date: /home/yeryn/final/install/ros2_unitree_legged_msgs/include/ros2_unitree_legged_msgs/ros2_unitree_legged_msgs/msg/detail/led__type_support.cpp
[0.534s] -- Up-to-date: /home/yeryn/final/install/ros2_unitree_legged_msgs/include/ros2_unitree_legged_msgs/ros2_unitree_legged_msgs/msg/detail/motor_cmd__type_support.cpp
[0.534s] -- Up-to-date: /home/yeryn/final/install/ros2_unitree_legged_msgs/include/ros2_unitree_legged_msgs/ros2_unitree_legged_msgs/msg/detail/led__rosidl_typesupport_introspection_cpp.hpp
[0.534s] -- Up-to-date: /home/yeryn/final/install/ros2_unitree_legged_msgs/include/ros2_unitree_legged_msgs/ros2_unitree_legged_msgs/msg/detail/cartesian__type_support.cpp
[0.534s] -- Up-to-date: /home/yeryn/final/install/ros2_unitree_legged_msgs/include/ros2_unitree_legged_msgs/ros2_unitree_legged_msgs/msg/detail/high_state__type_support.cpp
[0.534s] -- Up-to-date: /home/yeryn/final/install/ros2_unitree_legged_msgs/include/ros2_unitree_legged_msgs/ros2_unitree_legged_msgs/msg/detail/cartesian__rosidl_typesupport_introspection_cpp.hpp
[0.534s] -- Up-to-date: /home/yeryn/final/install/ros2_unitree_legged_msgs/include/ros2_unitree_legged_msgs/ros2_unitree_legged_msgs/msg/detail/imu__rosidl_typesupport_introspection_cpp.hpp
[0.534s] -- Up-to-date: /home/yeryn/final/install/ros2_unitree_legged_msgs/include/ros2_unitree_legged_msgs/ros2_unitree_legged_msgs/msg/detail/bms_cmd__type_support.cpp
[0.534s] -- Up-to-date: /home/yeryn/final/install/ros2_unitree_legged_msgs/include/ros2_unitree_legged_msgs/ros2_unitree_legged_msgs/msg/detail/bms_state__type_support.cpp
[0.534s] -- Up-to-date: /home/yeryn/final/install/ros2_unitree_legged_msgs/include/ros2_unitree_legged_msgs/ros2_unitree_legged_msgs/msg/detail/high_state__rosidl_typesupport_introspection_cpp.hpp
[0.534s] -- Up-to-date: /home/yeryn/final/install/ros2_unitree_legged_msgs/include/ros2_unitree_legged_msgs/ros2_unitree_legged_msgs/msg/detail/low_cmd__type_support.cpp
[0.534s] -- Up-to-date: /home/yeryn/final/install/ros2_unitree_legged_msgs/include/ros2_unitree_legged_msgs/ros2_unitree_legged_msgs/msg/detail/high_cmd__type_support.cpp
[0.535s] -- Up-to-date: /home/yeryn/final/install/ros2_unitree_legged_msgs/include/ros2_unitree_legged_msgs/ros2_unitree_legged_msgs/msg/detail/low_state__type_support.cpp
[0.535s] -- Up-to-date: /home/yeryn/final/install/ros2_unitree_legged_msgs/include/ros2_unitree_legged_msgs/ros2_unitree_legged_msgs/msg/detail/motor_cmd__rosidl_typesupport_introspection_cpp.hpp
[0.535s] -- Up-to-date: /home/yeryn/final/install/ros2_unitree_legged_msgs/include/ros2_unitree_legged_msgs/ros2_unitree_legged_msgs/msg/detail/low_state__rosidl_typesupport_introspection_cpp.hpp
[0.535s] -- Up-to-date: /home/yeryn/final/install/ros2_unitree_legged_msgs/include/ros2_unitree_legged_msgs/ros2_unitree_legged_msgs/msg/detail/motor_state__type_support.cpp
[0.535s] -- Up-to-date: /home/yeryn/final/install/ros2_unitree_legged_msgs/include/ros2_unitree_legged_msgs/ros2_unitree_legged_msgs/msg/detail/low_cmd__rosidl_typesupport_introspection_cpp.hpp
[0.535s] -- Up-to-date: /home/yeryn/final/install/ros2_unitree_legged_msgs/include/ros2_unitree_legged_msgs/ros2_unitree_legged_msgs/msg/detail/bms_state__rosidl_typesupport_introspection_cpp.hpp
[0.535s] -- Up-to-date: /home/yeryn/final/install/ros2_unitree_legged_msgs/include/ros2_unitree_legged_msgs/ros2_unitree_legged_msgs/msg/detail/high_cmd__rosidl_typesupport_introspection_cpp.hpp
[0.535s] -- Up-to-date: /home/yeryn/final/install/ros2_unitree_legged_msgs/lib/libros2_unitree_legged_msgs__rosidl_typesupport_introspection_cpp.so
[0.535s] -- Up-to-date: /home/yeryn/final/install/ros2_unitree_legged_msgs/lib/libros2_unitree_legged_msgs__rosidl_typesupport_cpp.so
[0.535s] -- Up-to-date: /home/yeryn/final/install/ros2_unitree_legged_msgs/share/ros2_unitree_legged_msgs/environment/pythonpath.sh
[0.535s] -- Up-to-date: /home/yeryn/final/install/ros2_unitree_legged_msgs/share/ros2_unitree_legged_msgs/environment/pythonpath.dsv
[0.535s] -- Up-to-date: /home/yeryn/final/install/ros2_unitree_legged_msgs/local/lib/python3.10/dist-packages/ros2_unitree_legged_msgs-0.4.0-py3.10.egg-info
[0.535s] -- Installing: /home/yeryn/final/install/ros2_unitree_legged_msgs/local/lib/python3.10/dist-packages/ros2_unitree_legged_msgs-0.4.0-py3.10.egg-info/top_level.txt
[0.535s] -- Installing: /home/yeryn/final/install/ros2_unitree_legged_msgs/local/lib/python3.10/dist-packages/ros2_unitree_legged_msgs-0.4.0-py3.10.egg-info/SOURCES.txt
[0.535s] -- Installing: /home/yeryn/final/install/ros2_unitree_legged_msgs/local/lib/python3.10/dist-packages/ros2_unitree_legged_msgs-0.4.0-py3.10.egg-info/dependency_links.txt
[0.535s] -- Installing: /home/yeryn/final/install/ros2_unitree_legged_msgs/local/lib/python3.10/dist-packages/ros2_unitree_legged_msgs-0.4.0-py3.10.egg-info/PKG-INFO
[0.535s] -- Up-to-date: /home/yeryn/final/install/ros2_unitree_legged_msgs/local/lib/python3.10/dist-packages/ros2_unitree_legged_msgs
[0.535s] -- Up-to-date: /home/yeryn/final/install/ros2_unitree_legged_msgs/local/lib/python3.10/dist-packages/ros2_unitree_legged_msgs/_ros2_unitree_legged_msgs_s.ep.rosidl_typesupport_c.c
[0.535s] -- Up-to-date: /home/yeryn/final/install/ros2_unitree_legged_msgs/local/lib/python3.10/dist-packages/ros2_unitree_legged_msgs/_ros2_unitree_legged_msgs_s.ep.rosidl_typesupport_introspection_c.c
[0.535s] -- Up-to-date: /home/yeryn/final/install/ros2_unitree_legged_msgs/local/lib/python3.10/dist-packages/ros2_unitree_legged_msgs/ros2_unitree_legged_msgs_s__rosidl_typesupport_fastrtps_c.cpython-310-aarch64-linux-gnu.so
[0.535s] -- Up-to-date: /home/yeryn/final/install/ros2_unitree_legged_msgs/local/lib/python3.10/dist-packages/ros2_unitree_legged_msgs/__init__.py
[0.535s] -- Up-to-date: /home/yeryn/final/install/ros2_unitree_legged_msgs/local/lib/python3.10/dist-packages/ros2_unitree_legged_msgs/ros2_unitree_legged_msgs_s__rosidl_typesupport_c.cpython-310-aarch64-linux-gnu.so
[0.535s] -- Up-to-date: /home/yeryn/final/install/ros2_unitree_legged_msgs/local/lib/python3.10/dist-packages/ros2_unitree_legged_msgs/_ros2_unitree_legged_msgs_s.ep.rosidl_typesupport_fastrtps_c.c
[0.535s] -- Up-to-date: /home/yeryn/final/install/ros2_unitree_legged_msgs/local/lib/python3.10/dist-packages/ros2_unitree_legged_msgs/msg
[0.535s] -- Up-to-date: /home/yeryn/final/install/ros2_unitree_legged_msgs/local/lib/python3.10/dist-packages/ros2_unitree_legged_msgs/msg/_high_state.py
[0.535s] -- Up-to-date: /home/yeryn/final/install/ros2_unitree_legged_msgs/local/lib/python3.10/dist-packages/ros2_unitree_legged_msgs/msg/_low_cmd_s.c
[0.535s] -- Up-to-date: /home/yeryn/final/install/ros2_unitree_legged_msgs/local/lib/python3.10/dist-packages/ros2_unitree_legged_msgs/msg/_bms_cmd_s.c
[0.535s] -- Up-to-date: /home/yeryn/final/install/ros2_unitree_legged_msgs/local/lib/python3.10/dist-packages/ros2_unitree_legged_msgs/msg/_low_state.py
[0.535s] -- Up-to-date: /home/yeryn/final/install/ros2_unitree_legged_msgs/local/lib/python3.10/dist-packages/ros2_unitree_legged_msgs/msg/_motor_state.py
[0.535s] -- Up-to-date: /home/yeryn/final/install/ros2_unitree_legged_msgs/local/lib/python3.10/dist-packages/ros2_unitree_legged_msgs/msg/_high_cmd.py
[0.535s] -- Up-to-date: /home/yeryn/final/install/ros2_unitree_legged_msgs/local/lib/python3.10/dist-packages/ros2_unitree_legged_msgs/msg/_bms_state.py
[0.535s] -- Up-to-date: /home/yeryn/final/install/ros2_unitree_legged_msgs/local/lib/python3.10/dist-packages/ros2_unitree_legged_msgs/msg/_low_cmd.py
[0.535s] -- Up-to-date: /home/yeryn/final/install/ros2_unitree_legged_msgs/local/lib/python3.10/dist-packages/ros2_unitree_legged_msgs/msg/_low_state_s.c
[0.535s] -- Up-to-date: /home/yeryn/final/install/ros2_unitree_legged_msgs/local/lib/python3.10/dist-packages/ros2_unitree_legged_msgs/msg/_imu.py
[0.535s] -- Up-to-date: /home/yeryn/final/install/ros2_unitree_legged_msgs/local/lib/python3.10/dist-packages/ros2_unitree_legged_msgs/msg/_led_s.c
[0.535s] -- Up-to-date: /home/yeryn/final/install/ros2_unitree_legged_msgs/local/lib/python3.10/dist-packages/ros2_unitree_legged_msgs/msg/_motor_cmd.py
[0.535s] -- Up-to-date: /home/yeryn/final/install/ros2_unitree_legged_msgs/local/lib/python3.10/dist-packages/ros2_unitree_legged_msgs/msg/_led.py
[0.535s] -- Up-to-date: /home/yeryn/final/install/ros2_unitree_legged_msgs/local/lib/python3.10/dist-packages/ros2_unitree_legged_msgs/msg/_bms_cmd.py
[0.535s] -- Up-to-date: /home/yeryn/final/install/ros2_unitree_legged_msgs/local/lib/python3.10/dist-packages/ros2_unitree_legged_msgs/msg/_high_cmd_s.c
[0.535s] -- Up-to-date: /home/yeryn/final/install/ros2_unitree_legged_msgs/local/lib/python3.10/dist-packages/ros2_unitree_legged_msgs/msg/__init__.py
[0.535s] -- Up-to-date: /home/yeryn/final/install/ros2_unitree_legged_msgs/local/lib/python3.10/dist-packages/ros2_unitree_legged_msgs/msg/_cartesian_s.c
[0.535s] -- Up-to-date: /home/yeryn/final/install/ros2_unitree_legged_msgs/local/lib/python3.10/dist-packages/ros2_unitree_legged_msgs/msg/_motor_state_s.c
[0.535s] -- Up-to-date: /home/yeryn/final/install/ros2_unitree_legged_msgs/local/lib/python3.10/dist-packages/ros2_unitree_legged_msgs/msg/_high_state_s.c
[0.535s] -- Up-to-date: /home/yeryn/final/install/ros2_unitree_legged_msgs/local/lib/python3.10/dist-packages/ros2_unitree_legged_msgs/msg/_imu_s.c
[0.536s] -- Up-to-date: /home/yeryn/final/install/ros2_unitree_legged_msgs/local/lib/python3.10/dist-packages/ros2_unitree_legged_msgs/msg/_motor_cmd_s.c
[0.536s] -- Up-to-date: /home/yeryn/final/install/ros2_unitree_legged_msgs/local/lib/python3.10/dist-packages/ros2_unitree_legged_msgs/msg/_bms_state_s.c
[0.536s] -- Up-to-date: /home/yeryn/final/install/ros2_unitree_legged_msgs/local/lib/python3.10/dist-packages/ros2_unitree_legged_msgs/msg/_cartesian.py
[0.536s] -- Up-to-date: /home/yeryn/final/install/ros2_unitree_legged_msgs/local/lib/python3.10/dist-packages/ros2_unitree_legged_msgs/libros2_unitree_legged_msgs__rosidl_generator_py.so
[0.536s] -- Up-to-date: /home/yeryn/final/install/ros2_unitree_legged_msgs/local/lib/python3.10/dist-packages/ros2_unitree_legged_msgs/ros2_unitree_legged_msgs_s__rosidl_typesupport_introspection_c.cpython-310-aarch64-linux-gnu.so
[0.553s] Listing '/home/yeryn/final/install/ros2_unitree_legged_msgs/local/lib/python3.10/dist-packages/ros2_unitree_legged_msgs'...
[0.553s] Listing '/home/yeryn/final/install/ros2_unitree_legged_msgs/local/lib/python3.10/dist-packages/ros2_unitree_legged_msgs/msg'...
[0.556s] -- Up-to-date: /home/yeryn/final/install/ros2_unitree_legged_msgs/local/lib/python3.10/dist-packages/ros2_unitree_legged_msgs/ros2_unitree_legged_msgs_s__rosidl_typesupport_fastrtps_c.cpython-310-aarch64-linux-gnu.so
[0.557s] -- Up-to-date: /home/yeryn/final/install/ros2_unitree_legged_msgs/local/lib/python3.10/dist-packages/ros2_unitree_legged_msgs/ros2_unitree_legged_msgs_s__rosidl_typesupport_introspection_c.cpython-310-aarch64-linux-gnu.so
[0.557s] -- Up-to-date: /home/yeryn/final/install/ros2_unitree_legged_msgs/local/lib/python3.10/dist-packages/ros2_unitree_legged_msgs/ros2_unitree_legged_msgs_s__rosidl_typesupport_c.cpython-310-aarch64-linux-gnu.so
[0.558s] -- Up-to-date: /home/yeryn/final/install/ros2_unitree_legged_msgs/lib/libros2_unitree_legged_msgs__rosidl_generator_py.so
[0.558s] -- Up-to-date: /home/yeryn/final/install/ros2_unitree_legged_msgs/share/ros2_unitree_legged_msgs/msg/MotorCmd.idl
[0.558s] -- Up-to-date: /home/yeryn/final/install/ros2_unitree_legged_msgs/share/ros2_unitree_legged_msgs/msg/MotorState.idl
[0.558s] -- Up-to-date: /home/yeryn/final/install/ros2_unitree_legged_msgs/share/ros2_unitree_legged_msgs/msg/BmsCmd.idl
[0.558s] -- Up-to-date: /home/yeryn/final/install/ros2_unitree_legged_msgs/share/ros2_unitree_legged_msgs/msg/BmsState.idl
[0.558s] -- Up-to-date: /home/yeryn/final/install/ros2_unitree_legged_msgs/share/ros2_unitree_legged_msgs/msg/Cartesian.idl
[0.558s] -- Up-to-date: /home/yeryn/final/install/ros2_unitree_legged_msgs/share/ros2_unitree_legged_msgs/msg/IMU.idl
[0.558s] -- Up-to-date: /home/yeryn/final/install/ros2_unitree_legged_msgs/share/ros2_unitree_legged_msgs/msg/LED.idl
[0.558s] -- Up-to-date: /home/yeryn/final/install/ros2_unitree_legged_msgs/share/ros2_unitree_legged_msgs/msg/LowCmd.idl
[0.558s] -- Up-to-date: /home/yeryn/final/install/ros2_unitree_legged_msgs/share/ros2_unitree_legged_msgs/msg/LowState.idl
[0.558s] -- Up-to-date: /home/yeryn/final/install/ros2_unitree_legged_msgs/share/ros2_unitree_legged_msgs/msg/HighCmd.idl
[0.558s] -- Up-to-date: /home/yeryn/final/install/ros2_unitree_legged_msgs/share/ros2_unitree_legged_msgs/msg/HighState.idl
[0.558s] -- Up-to-date: /home/yeryn/final/install/ros2_unitree_legged_msgs/share/ros2_unitree_legged_msgs/msg/MotorCmd.msg
[0.558s] -- Up-to-date: /home/yeryn/final/install/ros2_unitree_legged_msgs/share/ros2_unitree_legged_msgs/msg/MotorState.msg
[0.558s] -- Up-to-date: /home/yeryn/final/install/ros2_unitree_legged_msgs/share/ros2_unitree_legged_msgs/msg/BmsCmd.msg
[0.558s] -- Up-to-date: /home/yeryn/final/install/ros2_unitree_legged_msgs/share/ros2_unitree_legged_msgs/msg/BmsState.msg
[0.558s] -- Up-to-date: /home/yeryn/final/install/ros2_unitree_legged_msgs/share/ros2_unitree_legged_msgs/msg/Cartesian.msg
[0.558s] -- Up-to-date: /home/yeryn/final/install/ros2_unitree_legged_msgs/share/ros2_unitree_legged_msgs/msg/IMU.msg
[0.558s] -- Up-to-date: /home/yeryn/final/install/ros2_unitree_legged_msgs/share/ros2_unitree_legged_msgs/msg/LED.msg
[0.558s] -- Up-to-date: /home/yeryn/final/install/ros2_unitree_legged_msgs/share/ros2_unitree_legged_msgs/msg/LowCmd.msg
[0.559s] -- Up-to-date: /home/yeryn/final/install/ros2_unitree_legged_msgs/share/ros2_unitree_legged_msgs/msg/LowState.msg
[0.559s] -- Up-to-date: /home/yeryn/final/install/ros2_unitree_legged_msgs/share/ros2_unitree_legged_msgs/msg/HighCmd.msg
[0.559s] -- Up-to-date: /home/yeryn/final/install/ros2_unitree_legged_msgs/share/ros2_unitree_legged_msgs/msg/HighState.msg
[0.559s] -- Up-to-date: /home/yeryn/final/install/ros2_unitree_legged_msgs/share/ament_index/resource_index/package_run_dependencies/ros2_unitree_legged_msgs
[0.559s] -- Up-to-date: /home/yeryn/final/install/ros2_unitree_legged_msgs/share/ament_index/resource_index/parent_prefix_path/ros2_unitree_legged_msgs
[0.559s] -- Up-to-date: /home/yeryn/final/install/ros2_unitree_legged_msgs/share/ros2_unitree_legged_msgs/environment/ament_prefix_path.sh
[0.559s] -- Up-to-date: /home/yeryn/final/install/ros2_unitree_legged_msgs/share/ros2_unitree_legged_msgs/environment/ament_prefix_path.dsv
[0.559s] -- Up-to-date: /home/yeryn/final/install/ros2_unitree_legged_msgs/share/ros2_unitree_legged_msgs/environment/path.sh
[0.559s] -- Up-to-date: /home/yeryn/final/install/ros2_unitree_legged_msgs/share/ros2_unitree_legged_msgs/environment/path.dsv
[0.559s] -- Up-to-date: /home/yeryn/final/install/ros2_unitree_legged_msgs/share/ros2_unitree_legged_msgs/local_setup.bash
[0.559s] -- Up-to-date: /home/yeryn/final/install/ros2_unitree_legged_msgs/share/ros2_unitree_legged_msgs/local_setup.sh
[0.559s] -- Up-to-date: /home/yeryn/final/install/ros2_unitree_legged_msgs/share/ros2_unitree_legged_msgs/local_setup.zsh
[0.559s] -- Up-to-date: /home/yeryn/final/install/ros2_unitree_legged_msgs/share/ros2_unitree_legged_msgs/local_setup.dsv
[0.559s] -- Installing: /home/yeryn/final/install/ros2_unitree_legged_msgs/share/ros2_unitree_legged_msgs/package.dsv
[0.559s] -- Up-to-date: /home/yeryn/final/install/ros2_unitree_legged_msgs/share/ament_index/resource_index/packages/ros2_unitree_legged_msgs
[0.560s] -- Up-to-date: /home/yeryn/final/install/ros2_unitree_legged_msgs/share/ros2_unitree_legged_msgs/cmake/export_ros2_unitree_legged_msgs__rosidl_generator_cExport.cmake
[0.560s] -- Up-to-date: /home/yeryn/final/install/ros2_unitree_legged_msgs/share/ros2_unitree_legged_msgs/cmake/export_ros2_unitree_legged_msgs__rosidl_generator_cExport-noconfig.cmake
[0.560s] -- Up-to-date: /home/yeryn/final/install/ros2_unitree_legged_msgs/share/ros2_unitree_legged_msgs/cmake/export_ros2_unitree_legged_msgs__rosidl_typesupport_fastrtps_cExport.cmake
[0.560s] -- Up-to-date: /home/yeryn/final/install/ros2_unitree_legged_msgs/share/ros2_unitree_legged_msgs/cmake/export_ros2_unitree_legged_msgs__rosidl_typesupport_fastrtps_cExport-noconfig.cmake
[0.561s] -- Up-to-date: /home/yeryn/final/install/ros2_unitree_legged_msgs/share/ros2_unitree_legged_msgs/cmake/ros2_unitree_legged_msgs__rosidl_typesupport_introspection_cExport.cmake
[0.561s] -- Up-to-date: /home/yeryn/final/install/ros2_unitree_legged_msgs/share/ros2_unitree_legged_msgs/cmake/ros2_unitree_legged_msgs__rosidl_typesupport_introspection_cExport-noconfig.cmake
[0.562s] -- Up-to-date: /home/yeryn/final/install/ros2_unitree_legged_msgs/share/ros2_unitree_legged_msgs/cmake/ros2_unitree_legged_msgs__rosidl_typesupport_cExport.cmake
[0.562s] -- Up-to-date: /home/yeryn/final/install/ros2_unitree_legged_msgs/share/ros2_unitree_legged_msgs/cmake/ros2_unitree_legged_msgs__rosidl_typesupport_cExport-noconfig.cmake
[0.562s] -- Up-to-date: /home/yeryn/final/install/ros2_unitree_legged_msgs/share/ros2_unitree_legged_msgs/cmake/export_ros2_unitree_legged_msgs__rosidl_generator_cppExport.cmake
[0.562s] -- Up-to-date: /home/yeryn/final/install/ros2_unitree_legged_msgs/share/ros2_unitree_legged_msgs/cmake/export_ros2_unitree_legged_msgs__rosidl_typesupport_fastrtps_cppExport.cmake
[0.562s] -- Up-to-date: /home/yeryn/final/install/ros2_unitree_legged_msgs/share/ros2_unitree_legged_msgs/cmake/export_ros2_unitree_legged_msgs__rosidl_typesupport_fastrtps_cppExport-noconfig.cmake
[0.563s] -- Up-to-date: /home/yeryn/final/install/ros2_unitree_legged_msgs/share/ros2_unitree_legged_msgs/cmake/ros2_unitree_legged_msgs__rosidl_typesupport_introspection_cppExport.cmake
[0.563s] -- Up-to-date: /home/yeryn/final/install/ros2_unitree_legged_msgs/share/ros2_unitree_legged_msgs/cmake/ros2_unitree_legged_msgs__rosidl_typesupport_introspection_cppExport-noconfig.cmake
[0.563s] -- Up-to-date: /home/yeryn/final/install/ros2_unitree_legged_msgs/share/ros2_unitree_legged_msgs/cmake/ros2_unitree_legged_msgs__rosidl_typesupport_cppExport.cmake
[0.563s] -- Up-to-date: /home/yeryn/final/install/ros2_unitree_legged_msgs/share/ros2_unitree_legged_msgs/cmake/ros2_unitree_legged_msgs__rosidl_typesupport_cppExport-noconfig.cmake
[0.564s] -- Up-to-date: /home/yeryn/final/install/ros2_unitree_legged_msgs/share/ros2_unitree_legged_msgs/cmake/export_ros2_unitree_legged_msgs__rosidl_generator_pyExport.cmake
[0.564s] -- Up-to-date: /home/yeryn/final/install/ros2_unitree_legged_msgs/share/ros2_unitree_legged_msgs/cmake/export_ros2_unitree_legged_msgs__rosidl_generator_pyExport-noconfig.cmake
[0.564s] -- Up-to-date: /home/yeryn/final/install/ros2_unitree_legged_msgs/share/ros2_unitree_legged_msgs/cmake/rosidl_cmake-extras.cmake
[0.564s] -- Up-to-date: /home/yeryn/final/install/ros2_unitree_legged_msgs/share/ros2_unitree_legged_msgs/cmake/ament_cmake_export_include_directories-extras.cmake
[0.565s] -- Up-to-date: /home/yeryn/final/install/ros2_unitree_legged_msgs/share/ros2_unitree_legged_msgs/cmake/ament_cmake_export_libraries-extras.cmake
[0.565s] -- Up-to-date: /home/yeryn/final/install/ros2_unitree_legged_msgs/share/ros2_unitree_legged_msgs/cmake/ament_cmake_export_targets-extras.cmake
[0.565s] -- Up-to-date: /home/yeryn/final/install/ros2_unitree_legged_msgs/share/ros2_unitree_legged_msgs/cmake/rosidl_cmake_export_typesupport_targets-extras.cmake
[0.565s] -- Up-to-date: /home/yeryn/final/install/ros2_unitree_legged_msgs/share/ros2_unitree_legged_msgs/cmake/ament_cmake_export_dependencies-extras.cmake
[0.565s] -- Up-to-date: /home/yeryn/final/install/ros2_unitree_legged_msgs/share/ros2_unitree_legged_msgs/cmake/rosidl_cmake_export_typesupport_libraries-extras.cmake
[0.565s] -- Up-to-date: /home/yeryn/final/install/ros2_unitree_legged_msgs/share/ros2_unitree_legged_msgs/cmake/ros2_unitree_legged_msgsConfig.cmake
[0.565s] -- Up-to-date: /home/yeryn/final/install/ros2_unitree_legged_msgs/share/ros2_unitree_legged_msgs/cmake/ros2_unitree_legged_msgsConfig-version.cmake
[0.565s] -- Up-to-date: /home/yeryn/final/install/ros2_unitree_legged_msgs/share/ros2_unitree_legged_msgs/package.xml
[0.568s] Invoked command in '/home/yeryn/final/build/ros2_unitree_legged_msgs' returned '0': CMAKE_PREFIX_PATH=/opt/ros/humble /usr/bin/cmake --install /home/yeryn/final/build/ros2_unitree_legged_msgs
