[0.127s] Invoking command in '/home/rs/final_auto/build/unitree_nav_interfaces': CMAKE_PREFIX_PATH=${CMAKE_PREFIX_PATH}:/home/rs/final_auto/install/unitree_nav_launch_module:/opt/ros/humble /usr/bin/cmake --build /home/rs/final_auto/build/unitree_nav_interfaces -- -j13 -l13
[0.569s] [  2%] Built target unitree_nav_interfaces_srv__cpp
[0.648s] [ 12%] Built target unitree_nav_interfaces_srv__rosidl_generator_c
[0.677s] [ 12%] Built target ament_cmake_python_copy_unitree_nav_interfaces
[0.827s] [ 23%] Built target unitree_nav_interfaces_srv__rosidl_typesupport_fastrtps_cpp
[0.831s] [ 34%] Built target unitree_nav_interfaces_srv__rosidl_typesupport_cpp
[0.839s] [ 44%] Built target unitree_nav_interfaces_srv__rosidl_typesupport_introspection_cpp
[0.878s] [ 55%] Built target unitree_nav_interfaces_srv__rosidl_typesupport_c
[0.946s] [ 65%] Built target unitree_nav_interfaces_srv__rosidl_typesupport_introspection_c
[0.951s] [ 76%] Built target unitree_nav_interfaces_srv__rosidl_typesupport_fastrtps_c
[1.077s] [ 76%] Built target unitree_nav_interfaces_srv
[1.169s] [ 78%] Built target unitree_nav_interfaces_srv__py
[1.338s] [ 87%] Built target unitree_nav_interfaces_srv__rosidl_generator_py
[1.500s] [ 91%] Built target unitree_nav_interfaces__rosidl_typesupport_introspection_c__pyext
[1.505s] [ 95%] Built target unitree_nav_interfaces__rosidl_typesupport_fastrtps_c__pyext
[1.539s] [100%] Built target unitree_nav_interfaces__rosidl_typesupport_c__pyext
[1.851s] running egg_info
[1.852s] writing unitree_nav_interfaces.egg-info/PKG-INFO
[1.854s] writing dependency_links to unitree_nav_interfaces.egg-info/dependency_links.txt
[1.855s] writing top-level names to unitree_nav_interfaces.egg-info/top_level.txt
[1.865s] reading manifest file 'unitree_nav_interfaces.egg-info/SOURCES.txt'
[1.872s] writing manifest file 'unitree_nav_interfaces.egg-info/SOURCES.txt'
[1.954s] [100%] Built target ament_cmake_python_build_unitree_nav_interfaces_egg
[2.012s] Invoked command in '/home/rs/final_auto/build/unitree_nav_interfaces' returned '0': CMAKE_PREFIX_PATH=${CMAKE_PREFIX_PATH}:/home/rs/final_auto/install/unitree_nav_launch_module:/opt/ros/humble /usr/bin/cmake --build /home/rs/final_auto/build/unitree_nav_interfaces -- -j13 -l13
[2.707s] Invoking command in '/home/rs/final_auto/build/unitree_nav_interfaces': CMAKE_PREFIX_PATH=${CMAKE_PREFIX_PATH}:/home/rs/final_auto/install/unitree_nav_launch_module:/opt/ros/humble /usr/bin/cmake --install /home/rs/final_auto/build/unitree_nav_interfaces
[2.761s] -- Install configuration: ""
[2.762s] -- Up-to-date: /home/rs/final_auto/install/unitree_nav_interfaces/share/ament_index/resource_index/rosidl_interfaces/unitree_nav_interfaces
[2.763s] -- Up-to-date: /home/rs/final_auto/install/unitree_nav_interfaces/include/unitree_nav_interfaces/unitree_nav_interfaces
[2.764s] -- Up-to-date: /home/rs/final_auto/install/unitree_nav_interfaces/include/unitree_nav_interfaces/unitree_nav_interfaces/srv
[2.764s] -- Up-to-date: /home/rs/final_auto/install/unitree_nav_interfaces/include/unitree_nav_interfaces/unitree_nav_interfaces/srv/detail
[2.765s] -- Up-to-date: /home/rs/final_auto/install/unitree_nav_interfaces/include/unitree_nav_interfaces/unitree_nav_interfaces/srv/detail/nav_to_pose__functions.h
[2.765s] -- Up-to-date: /home/rs/final_auto/install/unitree_nav_interfaces/include/unitree_nav_interfaces/unitree_nav_interfaces/srv/detail/set_body_rpy__struct.h
[2.765s] -- Up-to-date: /home/rs/final_auto/install/unitree_nav_interfaces/include/unitree_nav_interfaces/unitree_nav_interfaces/srv/detail/set_body_rpy__type_support.h
[2.765s] -- Up-to-date: /home/rs/final_auto/install/unitree_nav_interfaces/include/unitree_nav_interfaces/unitree_nav_interfaces/srv/detail/nav_to_pose__type_support.h
[2.765s] -- Up-to-date: /home/rs/final_auto/install/unitree_nav_interfaces/include/unitree_nav_interfaces/unitree_nav_interfaces/srv/detail/set_body_rpy__functions.h
[2.766s] -- Up-to-date: /home/rs/final_auto/install/unitree_nav_interfaces/include/unitree_nav_interfaces/unitree_nav_interfaces/srv/detail/set_gait__struct.h
[2.766s] -- Up-to-date: /home/rs/final_auto/install/unitree_nav_interfaces/include/unitree_nav_interfaces/unitree_nav_interfaces/srv/detail/nav_to_pose__functions.c
[2.766s] -- Up-to-date: /home/rs/final_auto/install/unitree_nav_interfaces/include/unitree_nav_interfaces/unitree_nav_interfaces/srv/detail/set_gait__functions.h
[2.766s] -- Up-to-date: /home/rs/final_auto/install/unitree_nav_interfaces/include/unitree_nav_interfaces/unitree_nav_interfaces/srv/detail/nav_to_pose__struct.h
[2.770s] -- Up-to-date: /home/rs/final_auto/install/unitree_nav_interfaces/include/unitree_nav_interfaces/unitree_nav_interfaces/srv/detail/set_gait__functions.c
[2.771s] -- Up-to-date: /home/rs/final_auto/install/unitree_nav_interfaces/include/unitree_nav_interfaces/unitree_nav_interfaces/srv/detail/set_gait__type_support.h
[2.772s] -- Up-to-date: /home/rs/final_auto/install/unitree_nav_interfaces/include/unitree_nav_interfaces/unitree_nav_interfaces/srv/detail/set_body_rpy__functions.c
[2.772s] -- Up-to-date: /home/rs/final_auto/install/unitree_nav_interfaces/include/unitree_nav_interfaces/unitree_nav_interfaces/srv/nav_to_pose.h
[2.774s] -- Up-to-date: /home/rs/final_auto/install/unitree_nav_interfaces/include/unitree_nav_interfaces/unitree_nav_interfaces/srv/set_gait.h
[2.775s] -- Up-to-date: /home/rs/final_auto/install/unitree_nav_interfaces/include/unitree_nav_interfaces/unitree_nav_interfaces/srv/set_body_rpy.h
[2.775s] -- Up-to-date: /home/rs/final_auto/install/unitree_nav_interfaces/include/unitree_nav_interfaces/unitree_nav_interfaces/msg
[2.776s] -- Up-to-date: /home/rs/final_auto/install/unitree_nav_interfaces/include/unitree_nav_interfaces/unitree_nav_interfaces/msg/rosidl_generator_c__visibility_control.h
[2.781s] -- Up-to-date: /home/rs/final_auto/install/unitree_nav_interfaces/share/unitree_nav_interfaces/environment/library_path.sh
[2.782s] -- Up-to-date: /home/rs/final_auto/install/unitree_nav_interfaces/share/unitree_nav_interfaces/environment/library_path.dsv
[2.783s] -- Up-to-date: /home/rs/final_auto/install/unitree_nav_interfaces/lib/libunitree_nav_interfaces__rosidl_generator_c.so
[2.784s] -- Up-to-date: /home/rs/final_auto/install/unitree_nav_interfaces/include/unitree_nav_interfaces/unitree_nav_interfaces
[2.784s] -- Up-to-date: /home/rs/final_auto/install/unitree_nav_interfaces/include/unitree_nav_interfaces/unitree_nav_interfaces/srv
[2.786s] -- Up-to-date: /home/rs/final_auto/install/unitree_nav_interfaces/include/unitree_nav_interfaces/unitree_nav_interfaces/srv/detail
[2.787s] -- Up-to-date: /home/rs/final_auto/install/unitree_nav_interfaces/include/unitree_nav_interfaces/unitree_nav_interfaces/srv/detail/nav_to_pose__rosidl_typesupport_fastrtps_c.h
[2.788s] -- Up-to-date: /home/rs/final_auto/install/unitree_nav_interfaces/include/unitree_nav_interfaces/unitree_nav_interfaces/srv/detail/set_body_rpy__rosidl_typesupport_fastrtps_c.h
[2.789s] -- Up-to-date: /home/rs/final_auto/install/unitree_nav_interfaces/include/unitree_nav_interfaces/unitree_nav_interfaces/srv/detail/set_gait__rosidl_typesupport_fastrtps_c.h
[2.790s] -- Up-to-date: /home/rs/final_auto/install/unitree_nav_interfaces/include/unitree_nav_interfaces/unitree_nav_interfaces/msg
[2.791s] -- Up-to-date: /home/rs/final_auto/install/unitree_nav_interfaces/include/unitree_nav_interfaces/unitree_nav_interfaces/msg/rosidl_typesupport_fastrtps_c__visibility_control.h
[2.791s] -- Up-to-date: /home/rs/final_auto/install/unitree_nav_interfaces/lib/libunitree_nav_interfaces__rosidl_typesupport_fastrtps_c.so
[2.792s] -- Up-to-date: /home/rs/final_auto/install/unitree_nav_interfaces/include/unitree_nav_interfaces/unitree_nav_interfaces
[2.792s] -- Up-to-date: /home/rs/final_auto/install/unitree_nav_interfaces/include/unitree_nav_interfaces/unitree_nav_interfaces/srv
[2.793s] -- Up-to-date: /home/rs/final_auto/install/unitree_nav_interfaces/include/unitree_nav_interfaces/unitree_nav_interfaces/srv/set_gait.hpp
[2.794s] -- Up-to-date: /home/rs/final_auto/install/unitree_nav_interfaces/include/unitree_nav_interfaces/unitree_nav_interfaces/srv/detail
[2.794s] -- Up-to-date: /home/rs/final_auto/install/unitree_nav_interfaces/include/unitree_nav_interfaces/unitree_nav_interfaces/srv/detail/set_gait__struct.hpp
[2.795s] -- Up-to-date: /home/rs/final_auto/install/unitree_nav_interfaces/include/unitree_nav_interfaces/unitree_nav_interfaces/srv/detail/set_gait__builder.hpp
[2.797s] -- Up-to-date: /home/rs/final_auto/install/unitree_nav_interfaces/include/unitree_nav_interfaces/unitree_nav_interfaces/srv/detail/nav_to_pose__builder.hpp
[2.798s] -- Up-to-date: /home/rs/final_auto/install/unitree_nav_interfaces/include/unitree_nav_interfaces/unitree_nav_interfaces/srv/detail/nav_to_pose__struct.hpp
[2.799s] -- Up-to-date: /home/rs/final_auto/install/unitree_nav_interfaces/include/unitree_nav_interfaces/unitree_nav_interfaces/srv/detail/set_gait__traits.hpp
[2.799s] -- Up-to-date: /home/rs/final_auto/install/unitree_nav_interfaces/include/unitree_nav_interfaces/unitree_nav_interfaces/srv/detail/set_body_rpy__traits.hpp
[2.801s] -- Up-to-date: /home/rs/final_auto/install/unitree_nav_interfaces/include/unitree_nav_interfaces/unitree_nav_interfaces/srv/detail/nav_to_pose__traits.hpp
[2.802s] -- Up-to-date: /home/rs/final_auto/install/unitree_nav_interfaces/include/unitree_nav_interfaces/unitree_nav_interfaces/srv/detail/set_body_rpy__struct.hpp
[2.807s] -- Up-to-date: /home/rs/final_auto/install/unitree_nav_interfaces/include/unitree_nav_interfaces/unitree_nav_interfaces/srv/detail/set_body_rpy__builder.hpp
[2.812s] -- Up-to-date: /home/rs/final_auto/install/unitree_nav_interfaces/include/unitree_nav_interfaces/unitree_nav_interfaces/srv/nav_to_pose.hpp
[2.813s] -- Up-to-date: /home/rs/final_auto/install/unitree_nav_interfaces/include/unitree_nav_interfaces/unitree_nav_interfaces/srv/set_body_rpy.hpp
[2.814s] -- Up-to-date: /home/rs/final_auto/install/unitree_nav_interfaces/include/unitree_nav_interfaces/unitree_nav_interfaces
[2.815s] -- Up-to-date: /home/rs/final_auto/install/unitree_nav_interfaces/include/unitree_nav_interfaces/unitree_nav_interfaces/srv
[2.816s] -- Up-to-date: /home/rs/final_auto/install/unitree_nav_interfaces/include/unitree_nav_interfaces/unitree_nav_interfaces/srv/detail
[2.816s] -- Up-to-date: /home/rs/final_auto/install/unitree_nav_interfaces/include/unitree_nav_interfaces/unitree_nav_interfaces/srv/detail/set_gait__rosidl_typesupport_fastrtps_cpp.hpp
[2.817s] -- Up-to-date: /home/rs/final_auto/install/unitree_nav_interfaces/include/unitree_nav_interfaces/unitree_nav_interfaces/srv/detail/dds_fastrtps
[2.818s] -- Up-to-date: /home/rs/final_auto/install/unitree_nav_interfaces/include/unitree_nav_interfaces/unitree_nav_interfaces/srv/detail/set_body_rpy__rosidl_typesupport_fastrtps_cpp.hpp
[2.821s] -- Up-to-date: /home/rs/final_auto/install/unitree_nav_interfaces/include/unitree_nav_interfaces/unitree_nav_interfaces/srv/detail/nav_to_pose__rosidl_typesupport_fastrtps_cpp.hpp
[2.822s] -- Up-to-date: /home/rs/final_auto/install/unitree_nav_interfaces/include/unitree_nav_interfaces/unitree_nav_interfaces/msg
[2.823s] -- Up-to-date: /home/rs/final_auto/install/unitree_nav_interfaces/include/unitree_nav_interfaces/unitree_nav_interfaces/msg/rosidl_typesupport_fastrtps_cpp__visibility_control.h
[2.829s] -- Up-to-date: /home/rs/final_auto/install/unitree_nav_interfaces/lib/libunitree_nav_interfaces__rosidl_typesupport_fastrtps_cpp.so
[2.831s] -- Up-to-date: /home/rs/final_auto/install/unitree_nav_interfaces/include/unitree_nav_interfaces/unitree_nav_interfaces
[2.832s] -- Up-to-date: /home/rs/final_auto/install/unitree_nav_interfaces/include/unitree_nav_interfaces/unitree_nav_interfaces/srv
[2.833s] -- Up-to-date: /home/rs/final_auto/install/unitree_nav_interfaces/include/unitree_nav_interfaces/unitree_nav_interfaces/srv/detail
[2.833s] -- Up-to-date: /home/rs/final_auto/install/unitree_nav_interfaces/include/unitree_nav_interfaces/unitree_nav_interfaces/srv/detail/set_body_rpy__type_support.c
[2.833s] -- Up-to-date: /home/rs/final_auto/install/unitree_nav_interfaces/include/unitree_nav_interfaces/unitree_nav_interfaces/srv/detail/nav_to_pose__type_support.c
[2.833s] -- Up-to-date: /home/rs/final_auto/install/unitree_nav_interfaces/include/unitree_nav_interfaces/unitree_nav_interfaces/srv/detail/set_gait__rosidl_typesupport_introspection_c.h
[2.833s] -- Up-to-date: /home/rs/final_auto/install/unitree_nav_interfaces/include/unitree_nav_interfaces/unitree_nav_interfaces/srv/detail/set_body_rpy__rosidl_typesupport_introspection_c.h
[2.833s] -- Up-to-date: /home/rs/final_auto/install/unitree_nav_interfaces/include/unitree_nav_interfaces/unitree_nav_interfaces/srv/detail/set_gait__type_support.c
[2.833s] -- Up-to-date: /home/rs/final_auto/install/unitree_nav_interfaces/include/unitree_nav_interfaces/unitree_nav_interfaces/srv/detail/nav_to_pose__rosidl_typesupport_introspection_c.h
[2.834s] -- Up-to-date: /home/rs/final_auto/install/unitree_nav_interfaces/include/unitree_nav_interfaces/unitree_nav_interfaces/msg
[2.835s] -- Up-to-date: /home/rs/final_auto/install/unitree_nav_interfaces/include/unitree_nav_interfaces/unitree_nav_interfaces/msg/rosidl_typesupport_introspection_c__visibility_control.h
[2.836s] -- Up-to-date: /home/rs/final_auto/install/unitree_nav_interfaces/lib/libunitree_nav_interfaces__rosidl_typesupport_introspection_c.so
[2.837s] -- Up-to-date: /home/rs/final_auto/install/unitree_nav_interfaces/lib/libunitree_nav_interfaces__rosidl_typesupport_c.so
[2.850s] -- Up-to-date: /home/rs/final_auto/install/unitree_nav_interfaces/include/unitree_nav_interfaces/unitree_nav_interfaces
[2.855s] -- Up-to-date: /home/rs/final_auto/install/unitree_nav_interfaces/include/unitree_nav_interfaces/unitree_nav_interfaces/srv
[2.856s] -- Up-to-date: /home/rs/final_auto/install/unitree_nav_interfaces/include/unitree_nav_interfaces/unitree_nav_interfaces/srv/detail
[2.857s] -- Up-to-date: /home/rs/final_auto/install/unitree_nav_interfaces/include/unitree_nav_interfaces/unitree_nav_interfaces/srv/detail/nav_to_pose__type_support.cpp
[2.858s] -- Up-to-date: /home/rs/final_auto/install/unitree_nav_interfaces/include/unitree_nav_interfaces/unitree_nav_interfaces/srv/detail/nav_to_pose__rosidl_typesupport_introspection_cpp.hpp
[2.859s] -- Up-to-date: /home/rs/final_auto/install/unitree_nav_interfaces/include/unitree_nav_interfaces/unitree_nav_interfaces/srv/detail/set_body_rpy__type_support.cpp
[2.863s] -- Up-to-date: /home/rs/final_auto/install/unitree_nav_interfaces/include/unitree_nav_interfaces/unitree_nav_interfaces/srv/detail/set_gait__type_support.cpp
[2.865s] -- Up-to-date: /home/rs/final_auto/install/unitree_nav_interfaces/include/unitree_nav_interfaces/unitree_nav_interfaces/srv/detail/set_body_rpy__rosidl_typesupport_introspection_cpp.hpp
[2.865s] -- Up-to-date: /home/rs/final_auto/install/unitree_nav_interfaces/include/unitree_nav_interfaces/unitree_nav_interfaces/srv/detail/set_gait__rosidl_typesupport_introspection_cpp.hpp
[2.879s] -- Up-to-date: /home/rs/final_auto/install/unitree_nav_interfaces/lib/libunitree_nav_interfaces__rosidl_typesupport_introspection_cpp.so
[2.895s] -- Up-to-date: /home/rs/final_auto/install/unitree_nav_interfaces/lib/libunitree_nav_interfaces__rosidl_typesupport_cpp.so
[2.895s] -- Up-to-date: /home/rs/final_auto/install/unitree_nav_interfaces/share/unitree_nav_interfaces/environment/pythonpath.sh
[2.896s] -- Up-to-date: /home/rs/final_auto/install/unitree_nav_interfaces/share/unitree_nav_interfaces/environment/pythonpath.dsv
[2.896s] -- Up-to-date: /home/rs/final_auto/install/unitree_nav_interfaces/local/lib/python3.10/dist-packages/unitree_nav_interfaces-0.0.0-py3.10.egg-info
[2.898s] -- Installing: /home/rs/final_auto/install/unitree_nav_interfaces/local/lib/python3.10/dist-packages/unitree_nav_interfaces-0.0.0-py3.10.egg-info/top_level.txt
[2.898s] -- Installing: /home/rs/final_auto/install/unitree_nav_interfaces/local/lib/python3.10/dist-packages/unitree_nav_interfaces-0.0.0-py3.10.egg-info/PKG-INFO
[2.899s] -- Installing: /home/rs/final_auto/install/unitree_nav_interfaces/local/lib/python3.10/dist-packages/unitree_nav_interfaces-0.0.0-py3.10.egg-info/dependency_links.txt
[2.899s] -- Installing: /home/rs/final_auto/install/unitree_nav_interfaces/local/lib/python3.10/dist-packages/unitree_nav_interfaces-0.0.0-py3.10.egg-info/SOURCES.txt
[2.899s] -- Up-to-date: /home/rs/final_auto/install/unitree_nav_interfaces/local/lib/python3.10/dist-packages/unitree_nav_interfaces
[2.900s] -- Up-to-date: /home/rs/final_auto/install/unitree_nav_interfaces/local/lib/python3.10/dist-packages/unitree_nav_interfaces/libunitree_nav_interfaces_srv__rosidl_generator_py.so
[2.900s] -- Up-to-date: /home/rs/final_auto/install/unitree_nav_interfaces/local/lib/python3.10/dist-packages/unitree_nav_interfaces/_unitree_nav_interfaces_s.ep.rosidl_typesupport_introspection_c.c
[2.901s] -- Up-to-date: /home/rs/final_auto/install/unitree_nav_interfaces/local/lib/python3.10/dist-packages/unitree_nav_interfaces/unitree_nav_interfaces_s__rosidl_typesupport_introspection_c.cpython-310-x86_64-linux-gnu.so
[2.901s] -- Up-to-date: /home/rs/final_auto/install/unitree_nav_interfaces/local/lib/python3.10/dist-packages/unitree_nav_interfaces/__init__.py
[2.903s] -- Up-to-date: /home/rs/final_auto/install/unitree_nav_interfaces/local/lib/python3.10/dist-packages/unitree_nav_interfaces/srv
[2.904s] -- Up-to-date: /home/rs/final_auto/install/unitree_nav_interfaces/local/lib/python3.10/dist-packages/unitree_nav_interfaces/srv/_set_body_rpy.py
[2.905s] -- Up-to-date: /home/rs/final_auto/install/unitree_nav_interfaces/local/lib/python3.10/dist-packages/unitree_nav_interfaces/srv/__init__.py
[2.906s] -- Up-to-date: /home/rs/final_auto/install/unitree_nav_interfaces/local/lib/python3.10/dist-packages/unitree_nav_interfaces/srv/_set_body_rpy_s.c
[2.906s] -- Up-to-date: /home/rs/final_auto/install/unitree_nav_interfaces/local/lib/python3.10/dist-packages/unitree_nav_interfaces/srv/_set_gait_s.c
[2.906s] -- Up-to-date: /home/rs/final_auto/install/unitree_nav_interfaces/local/lib/python3.10/dist-packages/unitree_nav_interfaces/srv/_nav_to_pose_s.c
[2.906s] -- Up-to-date: /home/rs/final_auto/install/unitree_nav_interfaces/local/lib/python3.10/dist-packages/unitree_nav_interfaces/srv/_set_gait.py
[2.906s] -- Up-to-date: /home/rs/final_auto/install/unitree_nav_interfaces/local/lib/python3.10/dist-packages/unitree_nav_interfaces/srv/_nav_to_pose.py
[2.906s] -- Up-to-date: /home/rs/final_auto/install/unitree_nav_interfaces/local/lib/python3.10/dist-packages/unitree_nav_interfaces/_unitree_nav_interfaces_s.ep.rosidl_typesupport_fastrtps_c.c
[2.907s] -- Up-to-date: /home/rs/final_auto/install/unitree_nav_interfaces/local/lib/python3.10/dist-packages/unitree_nav_interfaces/unitree_nav_interfaces_s__rosidl_typesupport_c.cpython-310-x86_64-linux-gnu.so
[2.907s] -- Up-to-date: /home/rs/final_auto/install/unitree_nav_interfaces/local/lib/python3.10/dist-packages/unitree_nav_interfaces/unitree_nav_interfaces_s__rosidl_typesupport_fastrtps_c.cpython-310-x86_64-linux-gnu.so
[2.907s] -- Up-to-date: /home/rs/final_auto/install/unitree_nav_interfaces/local/lib/python3.10/dist-packages/unitree_nav_interfaces/_unitree_nav_interfaces_s.ep.rosidl_typesupport_c.c
[2.986s] Listing '/home/rs/final_auto/install/unitree_nav_interfaces/local/lib/python3.10/dist-packages/unitree_nav_interfaces'...
[2.987s] Listing '/home/rs/final_auto/install/unitree_nav_interfaces/local/lib/python3.10/dist-packages/unitree_nav_interfaces/srv'...
[3.006s] -- Up-to-date: /home/rs/final_auto/install/unitree_nav_interfaces/local/lib/python3.10/dist-packages/unitree_nav_interfaces/unitree_nav_interfaces_s__rosidl_typesupport_fastrtps_c.cpython-310-x86_64-linux-gnu.so
[3.011s] -- Up-to-date: /home/rs/final_auto/install/unitree_nav_interfaces/local/lib/python3.10/dist-packages/unitree_nav_interfaces/unitree_nav_interfaces_s__rosidl_typesupport_introspection_c.cpython-310-x86_64-linux-gnu.so
[3.015s] -- Up-to-date: /home/rs/final_auto/install/unitree_nav_interfaces/local/lib/python3.10/dist-packages/unitree_nav_interfaces/unitree_nav_interfaces_s__rosidl_typesupport_c.cpython-310-x86_64-linux-gnu.so
[3.018s] -- Up-to-date: /home/rs/final_auto/install/unitree_nav_interfaces/lib/libunitree_nav_interfaces_srv__rosidl_generator_py.so
[3.020s] -- Up-to-date: /home/rs/final_auto/install/unitree_nav_interfaces/share/unitree_nav_interfaces/srv/SetBodyRPY.idl
[3.023s] -- Up-to-date: /home/rs/final_auto/install/unitree_nav_interfaces/share/unitree_nav_interfaces/srv/NavToPose.idl
[3.024s] -- Up-to-date: /home/rs/final_auto/install/unitree_nav_interfaces/share/unitree_nav_interfaces/srv/SetGait.idl
[3.024s] -- Up-to-date: /home/rs/final_auto/install/unitree_nav_interfaces/share/unitree_nav_interfaces/srv/SetBodyRPY.srv
[3.025s] -- Up-to-date: /home/rs/final_auto/install/unitree_nav_interfaces/share/unitree_nav_interfaces/srv/SetBodyRPY_Request.msg
[3.025s] -- Up-to-date: /home/rs/final_auto/install/unitree_nav_interfaces/share/unitree_nav_interfaces/srv/SetBodyRPY_Response.msg
[3.026s] -- Up-to-date: /home/rs/final_auto/install/unitree_nav_interfaces/share/unitree_nav_interfaces/srv/NavToPose.srv
[3.026s] -- Up-to-date: /home/rs/final_auto/install/unitree_nav_interfaces/share/unitree_nav_interfaces/srv/NavToPose_Request.msg
[3.028s] -- Up-to-date: /home/rs/final_auto/install/unitree_nav_interfaces/share/unitree_nav_interfaces/srv/NavToPose_Response.msg
[3.032s] -- Up-to-date: /home/rs/final_auto/install/unitree_nav_interfaces/share/unitree_nav_interfaces/srv/SetGait.srv
[3.032s] -- Up-to-date: /home/rs/final_auto/install/unitree_nav_interfaces/share/unitree_nav_interfaces/srv/SetGait_Request.msg
[3.033s] -- Up-to-date: /home/rs/final_auto/install/unitree_nav_interfaces/share/unitree_nav_interfaces/srv/SetGait_Response.msg
[3.033s] -- Up-to-date: /home/rs/final_auto/install/unitree_nav_interfaces/share/ament_index/resource_index/package_run_dependencies/unitree_nav_interfaces
[3.035s] -- Up-to-date: /home/rs/final_auto/install/unitree_nav_interfaces/share/ament_index/resource_index/parent_prefix_path/unitree_nav_interfaces
[3.035s] -- Up-to-date: /home/rs/final_auto/install/unitree_nav_interfaces/share/unitree_nav_interfaces/environment/ament_prefix_path.sh
[3.035s] -- Up-to-date: /home/rs/final_auto/install/unitree_nav_interfaces/share/unitree_nav_interfaces/environment/ament_prefix_path.dsv
[3.035s] -- Up-to-date: /home/rs/final_auto/install/unitree_nav_interfaces/share/unitree_nav_interfaces/environment/path.sh
[3.036s] -- Up-to-date: /home/rs/final_auto/install/unitree_nav_interfaces/share/unitree_nav_interfaces/environment/path.dsv
[3.036s] -- Up-to-date: /home/rs/final_auto/install/unitree_nav_interfaces/share/unitree_nav_interfaces/local_setup.bash
[3.036s] -- Up-to-date: /home/rs/final_auto/install/unitree_nav_interfaces/share/unitree_nav_interfaces/local_setup.sh
[3.044s] -- Up-to-date: /home/rs/final_auto/install/unitree_nav_interfaces/share/unitree_nav_interfaces/local_setup.zsh
[3.046s] -- Up-to-date: /home/rs/final_auto/install/unitree_nav_interfaces/share/unitree_nav_interfaces/local_setup.dsv
[3.048s] -- Installing: /home/rs/final_auto/install/unitree_nav_interfaces/share/unitree_nav_interfaces/package.dsv
[3.050s] -- Up-to-date: /home/rs/final_auto/install/unitree_nav_interfaces/share/ament_index/resource_index/packages/unitree_nav_interfaces
[3.052s] -- Up-to-date: /home/rs/final_auto/install/unitree_nav_interfaces/share/unitree_nav_interfaces/cmake/export_unitree_nav_interfaces_srv__rosidl_generator_cExport.cmake
[3.053s] -- Up-to-date: /home/rs/final_auto/install/unitree_nav_interfaces/share/unitree_nav_interfaces/cmake/export_unitree_nav_interfaces_srv__rosidl_generator_cExport-noconfig.cmake
[3.054s] -- Up-to-date: /home/rs/final_auto/install/unitree_nav_interfaces/share/unitree_nav_interfaces/cmake/export_unitree_nav_interfaces_srv__rosidl_typesupport_fastrtps_cExport.cmake
[3.054s] -- Up-to-date: /home/rs/final_auto/install/unitree_nav_interfaces/share/unitree_nav_interfaces/cmake/export_unitree_nav_interfaces_srv__rosidl_typesupport_fastrtps_cExport-noconfig.cmake
[3.055s] -- Up-to-date: /home/rs/final_auto/install/unitree_nav_interfaces/share/unitree_nav_interfaces/cmake/export_unitree_nav_interfaces_srv__rosidl_generator_cppExport.cmake
[3.056s] -- Up-to-date: /home/rs/final_auto/install/unitree_nav_interfaces/share/unitree_nav_interfaces/cmake/export_unitree_nav_interfaces_srv__rosidl_typesupport_fastrtps_cppExport.cmake
[3.058s] -- Up-to-date: /home/rs/final_auto/install/unitree_nav_interfaces/share/unitree_nav_interfaces/cmake/export_unitree_nav_interfaces_srv__rosidl_typesupport_fastrtps_cppExport-noconfig.cmake
[3.060s] -- Up-to-date: /home/rs/final_auto/install/unitree_nav_interfaces/share/unitree_nav_interfaces/cmake/unitree_nav_interfaces_srv__rosidl_typesupport_introspection_cExport.cmake
[3.061s] -- Up-to-date: /home/rs/final_auto/install/unitree_nav_interfaces/share/unitree_nav_interfaces/cmake/unitree_nav_interfaces_srv__rosidl_typesupport_introspection_cExport-noconfig.cmake
[3.064s] -- Up-to-date: /home/rs/final_auto/install/unitree_nav_interfaces/share/unitree_nav_interfaces/cmake/unitree_nav_interfaces_srv__rosidl_typesupport_cExport.cmake
[3.064s] -- Up-to-date: /home/rs/final_auto/install/unitree_nav_interfaces/share/unitree_nav_interfaces/cmake/unitree_nav_interfaces_srv__rosidl_typesupport_cExport-noconfig.cmake
[3.065s] -- Up-to-date: /home/rs/final_auto/install/unitree_nav_interfaces/share/unitree_nav_interfaces/cmake/unitree_nav_interfaces_srv__rosidl_typesupport_introspection_cppExport.cmake
[3.065s] -- Up-to-date: /home/rs/final_auto/install/unitree_nav_interfaces/share/unitree_nav_interfaces/cmake/unitree_nav_interfaces_srv__rosidl_typesupport_introspection_cppExport-noconfig.cmake
[3.066s] -- Up-to-date: /home/rs/final_auto/install/unitree_nav_interfaces/share/unitree_nav_interfaces/cmake/unitree_nav_interfaces_srv__rosidl_typesupport_cppExport.cmake
[3.068s] -- Up-to-date: /home/rs/final_auto/install/unitree_nav_interfaces/share/unitree_nav_interfaces/cmake/unitree_nav_interfaces_srv__rosidl_typesupport_cppExport-noconfig.cmake
[3.069s] -- Up-to-date: /home/rs/final_auto/install/unitree_nav_interfaces/share/unitree_nav_interfaces/cmake/export_unitree_nav_interfaces_srv__rosidl_generator_pyExport.cmake
[3.069s] -- Up-to-date: /home/rs/final_auto/install/unitree_nav_interfaces/share/unitree_nav_interfaces/cmake/export_unitree_nav_interfaces_srv__rosidl_generator_pyExport-noconfig.cmake
[3.070s] -- Up-to-date: /home/rs/final_auto/install/unitree_nav_interfaces/share/unitree_nav_interfaces/cmake/ament_cmake_export_dependencies-extras.cmake
[3.071s] -- Up-to-date: /home/rs/final_auto/install/unitree_nav_interfaces/share/unitree_nav_interfaces/cmake/rosidl_cmake-extras.cmake
[3.072s] -- Up-to-date: /home/rs/final_auto/install/unitree_nav_interfaces/share/unitree_nav_interfaces/cmake/ament_cmake_export_include_directories-extras.cmake
[3.074s] -- Up-to-date: /home/rs/final_auto/install/unitree_nav_interfaces/share/unitree_nav_interfaces/cmake/ament_cmake_export_libraries-extras.cmake
[3.077s] -- Up-to-date: /home/rs/final_auto/install/unitree_nav_interfaces/share/unitree_nav_interfaces/cmake/ament_cmake_export_targets-extras.cmake
[3.078s] -- Up-to-date: /home/rs/final_auto/install/unitree_nav_interfaces/share/unitree_nav_interfaces/cmake/rosidl_cmake_export_typesupport_targets-extras.cmake
[3.079s] -- Up-to-date: /home/rs/final_auto/install/unitree_nav_interfaces/share/unitree_nav_interfaces/cmake/rosidl_cmake_export_typesupport_libraries-extras.cmake
[3.079s] -- Up-to-date: /home/rs/final_auto/install/unitree_nav_interfaces/share/unitree_nav_interfaces/cmake/unitree_nav_interfacesConfig.cmake
[3.081s] -- Up-to-date: /home/rs/final_auto/install/unitree_nav_interfaces/share/unitree_nav_interfaces/cmake/unitree_nav_interfacesConfig-version.cmake
[3.083s] -- Up-to-date: /home/rs/final_auto/install/unitree_nav_interfaces/share/unitree_nav_interfaces/package.xml
[3.084s] Invoked command in '/home/rs/final_auto/build/unitree_nav_interfaces' returned '0': CMAKE_PREFIX_PATH=${CMAKE_PREFIX_PATH}:/home/rs/final_auto/install/unitree_nav_launch_module:/opt/ros/humble /usr/bin/cmake --install /home/rs/final_auto/build/unitree_nav_interfaces
