[0.101s] Invoking command in '/home/rs/go1_robot/build/unitree_inspection_interfaces': CMAKE_PREFIX_PATH=${CMAKE_PREFIX_PATH}:/home/rs/go1_robot/install/unitree_nav_launch_module:/opt/ros/humble /usr/bin/cmake --build /home/rs/go1_robot/build/unitree_inspection_interfaces -- -j13 -l13
[0.280s] [35m[1mConsolidate compiler generated dependencies of target unitree_inspection_interfaces_msg__rosidl_generator_c[0m
[0.353s] [  9%] Built target unitree_inspection_interfaces_msg__rosidl_generator_c
[0.407s] [ 12%] Built target unitree_inspection_interfaces_msg__cpp
[0.454s] [ 12%] Built target ament_cmake_python_symlink_unitree_inspection_interfaces
[0.482s] [35m[1mConsolidate compiler generated dependencies of target unitree_inspection_interfaces_msg__rosidl_typesupport_fastrtps_c[0m
[0.488s] [35m[1mConsolidate compiler generated dependencies of target unitree_inspection_interfaces_msg__rosidl_typesupport_introspection_c[0m
[0.496s] [35m[1mConsolidate compiler generated dependencies of target unitree_inspection_interfaces_msg__rosidl_typesupport_c[0m
[0.508s] [35m[1mConsolidate compiler generated dependencies of target unitree_inspection_interfaces_msg__rosidl_typesupport_cpp[0m
[0.521s] [35m[1mConsolidate compiler generated dependencies of target unitree_inspection_interfaces_msg__rosidl_typesupport_fastrtps_cpp[0m
[0.538s] [35m[1mConsolidate compiler generated dependencies of target unitree_inspection_interfaces_msg__rosidl_typesupport_introspection_cpp[0m
[0.646s] [ 22%] Built target unitree_inspection_interfaces_msg__rosidl_typesupport_fastrtps_c
[0.685s] [ 32%] Built target unitree_inspection_interfaces_msg__rosidl_typesupport_introspection_c
[0.687s] [ 41%] Built target unitree_inspection_interfaces_msg__rosidl_typesupport_introspection_cpp
[0.695s] [ 58%] Built target unitree_inspection_interfaces_msg__rosidl_typesupport_cpp
[0.696s] [ 61%] Built target unitree_inspection_interfaces_msg__rosidl_typesupport_fastrtps_cpp
[0.714s] [ 70%] Built target unitree_inspection_interfaces_msg__rosidl_typesupport_c
[0.786s] [ 70%] Built target unitree_inspection_interfaces_msg
[0.858s] [ 74%] Built target unitree_inspection_interfaces_msg__py
[0.890s] [35m[1mConsolidate compiler generated dependencies of target unitree_inspection_interfaces_msg__rosidl_generator_py[0m
[0.944s] [ 80%] Built target unitree_inspection_interfaces_msg__rosidl_generator_py
[0.984s] [35m[1mConsolidate compiler generated dependencies of target unitree_inspection_interfaces__rosidl_typesupport_fastrtps_c__pyext[0m
[1.012s] [35m[1mConsolidate compiler generated dependencies of target unitree_inspection_interfaces__rosidl_typesupport_c__pyext[0m
[1.013s] [35m[1mConsolidate compiler generated dependencies of target unitree_inspection_interfaces__rosidl_typesupport_introspection_c__pyext[0m
[1.078s] [ 87%] Built target unitree_inspection_interfaces__rosidl_typesupport_fastrtps_c__pyext
[1.104s] [ 93%] Built target unitree_inspection_interfaces__rosidl_typesupport_c__pyext
[1.104s] [100%] Built target unitree_inspection_interfaces__rosidl_typesupport_introspection_c__pyext
[1.410s] running egg_info
[1.415s] writing unitree_inspection_interfaces.egg-info/PKG-INFO
[1.415s] writing dependency_links to unitree_inspection_interfaces.egg-info/dependency_links.txt
[1.416s] writing top-level names to unitree_inspection_interfaces.egg-info/top_level.txt
[1.420s] reading manifest file 'unitree_inspection_interfaces.egg-info/SOURCES.txt'
[1.421s] writing manifest file 'unitree_inspection_interfaces.egg-info/SOURCES.txt'
[1.507s] [100%] Built target ament_cmake_python_build_unitree_inspection_interfaces_egg
[1.551s] Invoked command in '/home/rs/go1_robot/build/unitree_inspection_interfaces' returned '0': CMAKE_PREFIX_PATH=${CMAKE_PREFIX_PATH}:/home/rs/go1_robot/install/unitree_nav_launch_module:/opt/ros/humble /usr/bin/cmake --build /home/rs/go1_robot/build/unitree_inspection_interfaces -- -j13 -l13
[1.951s] Invoking command in '/home/rs/go1_robot/build/unitree_inspection_interfaces': CMAKE_PREFIX_PATH=${CMAKE_PREFIX_PATH}:/home/rs/go1_robot/install/unitree_nav_launch_module:/opt/ros/humble /usr/bin/cmake --install /home/rs/go1_robot/build/unitree_inspection_interfaces
[1.981s] -- Install configuration: ""
[1.984s] -- Execute custom install script
[1.985s] -- Up-to-date symlink: /home/rs/go1_robot/install/unitree_inspection_interfaces/share/ament_index/resource_index/rosidl_interfaces/unitree_inspection_interfaces
[1.988s] -- Up-to-date symlink: /home/rs/go1_robot/install/unitree_inspection_interfaces/include/unitree_inspection_interfaces/unitree_inspection_interfaces/msg/rosidl_generator_c__visibility_control.h
[1.990s] -- Up-to-date symlink: /home/rs/go1_robot/install/unitree_inspection_interfaces/include/unitree_inspection_interfaces/unitree_inspection_interfaces/srv/detail/go_to_inspection_point__functions.h
[1.992s] -- Up-to-date symlink: /home/rs/go1_robot/install/unitree_inspection_interfaces/include/unitree_inspection_interfaces/unitree_inspection_interfaces/srv/detail/go_to_inspection_point__struct.h
[1.993s] -- Up-to-date symlink: /home/rs/go1_robot/install/unitree_inspection_interfaces/include/unitree_inspection_interfaces/unitree_inspection_interfaces/srv/detail/go_to_inspection_point__type_support.h
[1.995s] -- Up-to-date symlink: /home/rs/go1_robot/install/unitree_inspection_interfaces/include/unitree_inspection_interfaces/unitree_inspection_interfaces/srv/go_to_inspection_point.h
[1.995s] -- Up-to-date symlink: /home/rs/go1_robot/install/unitree_inspection_interfaces/share/unitree_inspection_interfaces/environment/library_path.sh
[1.996s] -- Up-to-date symlink: /home/rs/go1_robot/install/unitree_inspection_interfaces/share/unitree_inspection_interfaces/environment/library_path.dsv
[2.000s] -- Up-to-date symlink: /home/rs/go1_robot/install/unitree_inspection_interfaces/include/unitree_inspection_interfaces/unitree_inspection_interfaces/msg/rosidl_typesupport_fastrtps_c__visibility_control.h
[2.001s] -- Up-to-date symlink: /home/rs/go1_robot/install/unitree_inspection_interfaces/include/unitree_inspection_interfaces/unitree_inspection_interfaces/srv/detail/go_to_inspection_point__rosidl_typesupport_fastrtps_c.h
[2.002s] -- Up-to-date symlink: /home/rs/go1_robot/install/unitree_inspection_interfaces/include/unitree_inspection_interfaces/unitree_inspection_interfaces/msg/rosidl_typesupport_introspection_c__visibility_control.h
[2.003s] -- Up-to-date symlink: /home/rs/go1_robot/install/unitree_inspection_interfaces/include/unitree_inspection_interfaces/unitree_inspection_interfaces/srv/detail/go_to_inspection_point__rosidl_typesupport_introspection_c.h
[2.007s] -- Up-to-date symlink: /home/rs/go1_robot/install/unitree_inspection_interfaces/include/unitree_inspection_interfaces/unitree_inspection_interfaces/srv/detail/go_to_inspection_point__builder.hpp
[2.007s] -- Up-to-date symlink: /home/rs/go1_robot/install/unitree_inspection_interfaces/include/unitree_inspection_interfaces/unitree_inspection_interfaces/srv/detail/go_to_inspection_point__struct.hpp
[2.008s] -- Up-to-date symlink: /home/rs/go1_robot/install/unitree_inspection_interfaces/include/unitree_inspection_interfaces/unitree_inspection_interfaces/srv/detail/go_to_inspection_point__traits.hpp
[2.011s] -- Up-to-date symlink: /home/rs/go1_robot/install/unitree_inspection_interfaces/include/unitree_inspection_interfaces/unitree_inspection_interfaces/srv/go_to_inspection_point.hpp
[2.012s] -- Up-to-date symlink: /home/rs/go1_robot/install/unitree_inspection_interfaces/include/unitree_inspection_interfaces/unitree_inspection_interfaces/msg/rosidl_typesupport_fastrtps_cpp__visibility_control.h
[2.012s] -- Up-to-date symlink: /home/rs/go1_robot/install/unitree_inspection_interfaces/include/unitree_inspection_interfaces/unitree_inspection_interfaces/srv/detail/go_to_inspection_point__rosidl_typesupport_fastrtps_cpp.hpp
[2.013s] -- Up-to-date symlink: /home/rs/go1_robot/install/unitree_inspection_interfaces/include/unitree_inspection_interfaces/unitree_inspection_interfaces/srv/detail/go_to_inspection_point__rosidl_typesupport_introspection_cpp.hpp
[2.016s] -- Up-to-date symlink: /home/rs/go1_robot/install/unitree_inspection_interfaces/share/unitree_inspection_interfaces/environment/pythonpath.sh
[2.017s] -- Up-to-date symlink: /home/rs/go1_robot/install/unitree_inspection_interfaces/share/unitree_inspection_interfaces/environment/pythonpath.dsv
[2.018s] -- Up-to-date symlink: /home/rs/go1_robot/install/unitree_inspection_interfaces/local/lib/python3.10/dist-packages/unitree_inspection_interfaces-0.0.0-py3.10.egg-info/PKG-INFO
[2.019s] -- Up-to-date symlink: /home/rs/go1_robot/install/unitree_inspection_interfaces/local/lib/python3.10/dist-packages/unitree_inspection_interfaces-0.0.0-py3.10.egg-info/SOURCES.txt
[2.020s] -- Up-to-date symlink: /home/rs/go1_robot/install/unitree_inspection_interfaces/local/lib/python3.10/dist-packages/unitree_inspection_interfaces-0.0.0-py3.10.egg-info/dependency_links.txt
[2.023s] -- Up-to-date symlink: /home/rs/go1_robot/install/unitree_inspection_interfaces/local/lib/python3.10/dist-packages/unitree_inspection_interfaces-0.0.0-py3.10.egg-info/top_level.txt
[2.024s] -- Up-to-date symlink: /home/rs/go1_robot/install/unitree_inspection_interfaces/local/lib/python3.10/dist-packages/unitree_inspection_interfaces/__init__.py
[2.025s] -- Up-to-date symlink: /home/rs/go1_robot/install/unitree_inspection_interfaces/local/lib/python3.10/dist-packages/unitree_inspection_interfaces/_unitree_inspection_interfaces_s.ep.rosidl_typesupport_c.c
[2.025s] -- Up-to-date symlink: /home/rs/go1_robot/install/unitree_inspection_interfaces/local/lib/python3.10/dist-packages/unitree_inspection_interfaces/_unitree_inspection_interfaces_s.ep.rosidl_typesupport_fastrtps_c.c
[2.026s] -- Up-to-date symlink: /home/rs/go1_robot/install/unitree_inspection_interfaces/local/lib/python3.10/dist-packages/unitree_inspection_interfaces/_unitree_inspection_interfaces_s.ep.rosidl_typesupport_introspection_c.c
[2.026s] -- Up-to-date symlink: /home/rs/go1_robot/install/unitree_inspection_interfaces/local/lib/python3.10/dist-packages/unitree_inspection_interfaces/libunitree_inspection_interfaces_msg__rosidl_generator_py.so
[2.027s] -- Up-to-date symlink: /home/rs/go1_robot/install/unitree_inspection_interfaces/local/lib/python3.10/dist-packages/unitree_inspection_interfaces/srv/__init__.py
[2.027s] -- Up-to-date symlink: /home/rs/go1_robot/install/unitree_inspection_interfaces/local/lib/python3.10/dist-packages/unitree_inspection_interfaces/srv/_go_to_inspection_point.py
[2.028s] -- Up-to-date symlink: /home/rs/go1_robot/install/unitree_inspection_interfaces/local/lib/python3.10/dist-packages/unitree_inspection_interfaces/srv/_go_to_inspection_point_s.c
[2.033s] -- Up-to-date symlink: /home/rs/go1_robot/install/unitree_inspection_interfaces/local/lib/python3.10/dist-packages/unitree_inspection_interfaces/unitree_inspection_interfaces_s__rosidl_typesupport_c.cpython-310-x86_64-linux-gnu.so
[2.035s] -- Up-to-date symlink: /home/rs/go1_robot/install/unitree_inspection_interfaces/local/lib/python3.10/dist-packages/unitree_inspection_interfaces/unitree_inspection_interfaces_s__rosidl_typesupport_fastrtps_c.cpython-310-x86_64-linux-gnu.so
[2.036s] -- Up-to-date symlink: /home/rs/go1_robot/install/unitree_inspection_interfaces/local/lib/python3.10/dist-packages/unitree_inspection_interfaces/unitree_inspection_interfaces_s__rosidl_typesupport_introspection_c.cpython-310-x86_64-linux-gnu.so
[2.036s] -- Up-to-date symlink: /home/rs/go1_robot/install/unitree_inspection_interfaces/local/lib/python3.10/dist-packages/unitree_inspection_interfaces/unitree_inspection_interfaces_s__rosidl_typesupport_fastrtps_c.cpython-310-x86_64-linux-gnu.so
[2.037s] -- Up-to-date symlink: /home/rs/go1_robot/install/unitree_inspection_interfaces/local/lib/python3.10/dist-packages/unitree_inspection_interfaces/unitree_inspection_interfaces_s__rosidl_typesupport_introspection_c.cpython-310-x86_64-linux-gnu.so
[2.044s] -- Up-to-date symlink: /home/rs/go1_robot/install/unitree_inspection_interfaces/local/lib/python3.10/dist-packages/unitree_inspection_interfaces/unitree_inspection_interfaces_s__rosidl_typesupport_c.cpython-310-x86_64-linux-gnu.so
[2.046s] -- Up-to-date symlink: /home/rs/go1_robot/install/unitree_inspection_interfaces/share/unitree_inspection_interfaces/srv/GoToInspectionPoint.idl
[2.047s] -- Up-to-date symlink: /home/rs/go1_robot/install/unitree_inspection_interfaces/share/unitree_inspection_interfaces/srv/GoToInspectionPoint.srv
[2.050s] -- Up-to-date symlink: /home/rs/go1_robot/install/unitree_inspection_interfaces/share/unitree_inspection_interfaces/srv/GoToInspectionPoint_Request.msg
[2.059s] -- Up-to-date symlink: /home/rs/go1_robot/install/unitree_inspection_interfaces/share/unitree_inspection_interfaces/srv/GoToInspectionPoint_Response.msg
[2.065s] -- Up-to-date symlink: /home/rs/go1_robot/install/unitree_inspection_interfaces/share/ament_index/resource_index/package_run_dependencies/unitree_inspection_interfaces
[2.065s] -- Up-to-date symlink: /home/rs/go1_robot/install/unitree_inspection_interfaces/share/ament_index/resource_index/parent_prefix_path/unitree_inspection_interfaces
[2.066s] -- Up-to-date symlink: /home/rs/go1_robot/install/unitree_inspection_interfaces/share/unitree_inspection_interfaces/environment/ament_prefix_path.sh
[2.067s] -- Up-to-date symlink: /home/rs/go1_robot/install/unitree_inspection_interfaces/share/unitree_inspection_interfaces/environment/ament_prefix_path.dsv
[2.067s] -- Up-to-date symlink: /home/rs/go1_robot/install/unitree_inspection_interfaces/share/unitree_inspection_interfaces/environment/path.sh
[2.067s] -- Up-to-date symlink: /home/rs/go1_robot/install/unitree_inspection_interfaces/share/unitree_inspection_interfaces/environment/path.dsv
[2.071s] -- Up-to-date symlink: /home/rs/go1_robot/install/unitree_inspection_interfaces/share/unitree_inspection_interfaces/local_setup.bash
[2.071s] -- Up-to-date symlink: /home/rs/go1_robot/install/unitree_inspection_interfaces/share/unitree_inspection_interfaces/local_setup.sh
[2.072s] -- Up-to-date symlink: /home/rs/go1_robot/install/unitree_inspection_interfaces/share/unitree_inspection_interfaces/local_setup.zsh
[2.074s] -- Up-to-date symlink: /home/rs/go1_robot/install/unitree_inspection_interfaces/share/unitree_inspection_interfaces/local_setup.dsv
[2.074s] -- Symlinking: /home/rs/go1_robot/install/unitree_inspection_interfaces/share/unitree_inspection_interfaces/package.dsv
[2.081s] -- Up-to-date symlink: /home/rs/go1_robot/install/unitree_inspection_interfaces/share/ament_index/resource_index/packages/unitree_inspection_interfaces
[2.084s] -- Up-to-date symlink: /home/rs/go1_robot/install/unitree_inspection_interfaces/share/unitree_inspection_interfaces/cmake/ament_cmake_export_dependencies-extras.cmake
[2.087s] -- Up-to-date symlink: /home/rs/go1_robot/install/unitree_inspection_interfaces/share/unitree_inspection_interfaces/cmake/rosidl_cmake-extras.cmake
[2.088s] -- Up-to-date symlink: /home/rs/go1_robot/install/unitree_inspection_interfaces/share/unitree_inspection_interfaces/cmake/ament_cmake_export_include_directories-extras.cmake
[2.089s] -- Up-to-date symlink: /home/rs/go1_robot/install/unitree_inspection_interfaces/share/unitree_inspection_interfaces/cmake/ament_cmake_export_libraries-extras.cmake
[2.090s] -- Up-to-date symlink: /home/rs/go1_robot/install/unitree_inspection_interfaces/share/unitree_inspection_interfaces/cmake/ament_cmake_export_targets-extras.cmake
[2.094s] -- Up-to-date symlink: /home/rs/go1_robot/install/unitree_inspection_interfaces/share/unitree_inspection_interfaces/cmake/rosidl_cmake_export_typesupport_targets-extras.cmake
[2.094s] -- Up-to-date symlink: /home/rs/go1_robot/install/unitree_inspection_interfaces/share/unitree_inspection_interfaces/cmake/rosidl_cmake_export_typesupport_libraries-extras.cmake
[2.095s] -- Up-to-date symlink: /home/rs/go1_robot/install/unitree_inspection_interfaces/share/unitree_inspection_interfaces/cmake/unitree_inspection_interfacesConfig.cmake
[2.096s] -- Up-to-date symlink: /home/rs/go1_robot/install/unitree_inspection_interfaces/share/unitree_inspection_interfaces/cmake/unitree_inspection_interfacesConfig-version.cmake
[2.099s] -- Up-to-date symlink: /home/rs/go1_robot/install/unitree_inspection_interfaces/share/unitree_inspection_interfaces/package.xml
[2.100s] -- Up-to-date: /home/rs/go1_robot/install/unitree_inspection_interfaces/lib/libunitree_inspection_interfaces__rosidl_generator_c.so
[2.109s] -- Up-to-date: /home/rs/go1_robot/install/unitree_inspection_interfaces/lib/libunitree_inspection_interfaces__rosidl_typesupport_fastrtps_c.so
[2.110s] -- Up-to-date: /home/rs/go1_robot/install/unitree_inspection_interfaces/lib/libunitree_inspection_interfaces__rosidl_typesupport_introspection_c.so
[2.111s] -- Up-to-date: /home/rs/go1_robot/install/unitree_inspection_interfaces/lib/libunitree_inspection_interfaces__rosidl_typesupport_c.so
[2.112s] -- Up-to-date: /home/rs/go1_robot/install/unitree_inspection_interfaces/lib/libunitree_inspection_interfaces__rosidl_typesupport_fastrtps_cpp.so
[2.113s] -- Up-to-date: /home/rs/go1_robot/install/unitree_inspection_interfaces/lib/libunitree_inspection_interfaces__rosidl_typesupport_introspection_cpp.so
[2.113s] -- Up-to-date: /home/rs/go1_robot/install/unitree_inspection_interfaces/lib/libunitree_inspection_interfaces__rosidl_typesupport_cpp.so
[2.242s] Listing '/home/rs/go1_robot/install/unitree_inspection_interfaces/local/lib/python3.10/dist-packages/unitree_inspection_interfaces'...
[2.243s] Listing '/home/rs/go1_robot/install/unitree_inspection_interfaces/local/lib/python3.10/dist-packages/unitree_inspection_interfaces/srv'...
[2.250s] -- Up-to-date: /home/rs/go1_robot/install/unitree_inspection_interfaces/lib/libunitree_inspection_interfaces_msg__rosidl_generator_py.so
[2.252s] -- Up-to-date: /home/rs/go1_robot/install/unitree_inspection_interfaces/share/unitree_inspection_interfaces/cmake/export_unitree_inspection_interfaces_msg__rosidl_generator_cExport.cmake
[2.252s] -- Up-to-date: /home/rs/go1_robot/install/unitree_inspection_interfaces/share/unitree_inspection_interfaces/cmake/export_unitree_inspection_interfaces_msg__rosidl_generator_cExport-noconfig.cmake
[2.254s] -- Up-to-date: /home/rs/go1_robot/install/unitree_inspection_interfaces/share/unitree_inspection_interfaces/cmake/export_unitree_inspection_interfaces_msg__rosidl_typesupport_fastrtps_cExport.cmake
[2.255s] -- Up-to-date: /home/rs/go1_robot/install/unitree_inspection_interfaces/share/unitree_inspection_interfaces/cmake/export_unitree_inspection_interfaces_msg__rosidl_typesupport_fastrtps_cExport-noconfig.cmake
[2.259s] -- Up-to-date: /home/rs/go1_robot/install/unitree_inspection_interfaces/share/unitree_inspection_interfaces/cmake/unitree_inspection_interfaces_msg__rosidl_typesupport_introspection_cExport.cmake
[2.259s] -- Up-to-date: /home/rs/go1_robot/install/unitree_inspection_interfaces/share/unitree_inspection_interfaces/cmake/unitree_inspection_interfaces_msg__rosidl_typesupport_introspection_cExport-noconfig.cmake
[2.262s] -- Up-to-date: /home/rs/go1_robot/install/unitree_inspection_interfaces/share/unitree_inspection_interfaces/cmake/unitree_inspection_interfaces_msg__rosidl_typesupport_cExport.cmake
[2.266s] -- Up-to-date: /home/rs/go1_robot/install/unitree_inspection_interfaces/share/unitree_inspection_interfaces/cmake/unitree_inspection_interfaces_msg__rosidl_typesupport_cExport-noconfig.cmake
[2.266s] -- Up-to-date: /home/rs/go1_robot/install/unitree_inspection_interfaces/share/unitree_inspection_interfaces/cmake/export_unitree_inspection_interfaces_msg__rosidl_generator_cppExport.cmake
[2.267s] -- Up-to-date: /home/rs/go1_robot/install/unitree_inspection_interfaces/share/unitree_inspection_interfaces/cmake/export_unitree_inspection_interfaces_msg__rosidl_typesupport_fastrtps_cppExport.cmake
[2.267s] -- Up-to-date: /home/rs/go1_robot/install/unitree_inspection_interfaces/share/unitree_inspection_interfaces/cmake/export_unitree_inspection_interfaces_msg__rosidl_typesupport_fastrtps_cppExport-noconfig.cmake
[2.267s] -- Up-to-date: /home/rs/go1_robot/install/unitree_inspection_interfaces/share/unitree_inspection_interfaces/cmake/unitree_inspection_interfaces_msg__rosidl_typesupport_introspection_cppExport.cmake
[2.267s] -- Up-to-date: /home/rs/go1_robot/install/unitree_inspection_interfaces/share/unitree_inspection_interfaces/cmake/unitree_inspection_interfaces_msg__rosidl_typesupport_introspection_cppExport-noconfig.cmake
[2.268s] -- Up-to-date: /home/rs/go1_robot/install/unitree_inspection_interfaces/share/unitree_inspection_interfaces/cmake/unitree_inspection_interfaces_msg__rosidl_typesupport_cppExport.cmake
[2.268s] -- Up-to-date: /home/rs/go1_robot/install/unitree_inspection_interfaces/share/unitree_inspection_interfaces/cmake/unitree_inspection_interfaces_msg__rosidl_typesupport_cppExport-noconfig.cmake
[2.268s] -- Up-to-date: /home/rs/go1_robot/install/unitree_inspection_interfaces/share/unitree_inspection_interfaces/cmake/export_unitree_inspection_interfaces_msg__rosidl_generator_pyExport.cmake
[2.268s] -- Up-to-date: /home/rs/go1_robot/install/unitree_inspection_interfaces/share/unitree_inspection_interfaces/cmake/export_unitree_inspection_interfaces_msg__rosidl_generator_pyExport-noconfig.cmake
[2.281s] Invoked command in '/home/rs/go1_robot/build/unitree_inspection_interfaces' returned '0': CMAKE_PREFIX_PATH=${CMAKE_PREFIX_PATH}:/home/rs/go1_robot/install/unitree_nav_launch_module:/opt/ros/humble /usr/bin/cmake --install /home/rs/go1_robot/build/unitree_inspection_interfaces
