[0.066s] Invoking command in '/home/rs/final_auto/build/unitree_ocr': CMAKE_PREFIX_PATH=/home/rs/final_auto/install/unitree_ocr_interfaces:/home/rs/final_auto/install/unitree_inspection:/home/rs/final_auto/install/unitree_ocr:/home/rs/final_auto/install/unitree_nav:/home/rs/final_auto/install/unitree_nav_interfaces:/home/rs/final_auto/install/unitree_legged_real:/home/rs/final_auto/install/unitree_inspection_interfaces:/home/rs/final_auto/install/ros2_unitree_legged_msgs:/home/rs/final_auto/install/go1_description:/home/rs/final_auto/install/unitree_nav_launch_module:/opt/ros/humble /usr/bin/cmake --build /home/rs/final_auto/build/unitree_ocr -- -j13 -l13
[0.288s] [ 40%] Built target unitree_ocr
[0.295s] [ 60%] [34m[1mGenerate API documentation for doxygen[0m
[0.591s] [100%] Built target text_detection_subscriber
[0.592s] Doxygen version used: 1.9.1
[0.592s] Searching for include files...
[0.593s] Searching for example files...
[0.593s] Searching for images...
[0.594s] Searching for dot files...
[0.594s] Searching for msc files...
[0.595s] Searching for dia files...
[0.595s] Searching for files to exclude
[0.596s] Searching INPUT for files to process...
[0.598s] Reading and parsing tag files
[0.598s] Parsing files
[0.598s] Preprocessing /home/rs/final_auto/src/unitree_inspection/unitree_ocr/include/unitree_ocr/ocr.hpp...
[0.599s] Parsing file /home/rs/final_auto/src/unitree_inspection/unitree_ocr/include/unitree_ocr/ocr.hpp...
[0.599s] Preprocessing /home/rs/final_auto/src/unitree_inspection/unitree_ocr/src/ocr.cpp...
[0.600s] Parsing file /home/rs/final_auto/src/unitree_inspection/unitree_ocr/src/ocr.cpp...
[0.602s] Building macro definition list...
[0.603s] Building group list...
[0.606s] Building directory list...
[0.607s] Building namespace list...
[0.613s] Building file list...
[0.613s] Building class list...
[0.614s] Computing nesting relations for classes...
[0.614s] Associating documentation with classes...
[0.614s] Building example list...
[0.615s] Searching for enumerations...
[0.616s] Searching for documented typedefs...
[0.617s] Searching for members imported via using declarations...
[0.617s] Searching for included using directives...
[0.618s] Searching for documented variables...
[0.618s] Building interface member list...
[0.619s] Building member list...
[0.619s] Searching for friends...
[0.619s] Searching for documented defines...
[0.620s] Computing class inheritance relations...
[0.620s] Computing class usage relations...
[0.621s] Flushing cached template relations that have become invalid...
[0.621s] Computing class relations...
[0.621s] Add enum values to enums...
[0.623s] Searching for member function documentation...
[0.624s] Creating members for template instances...
[0.624s] Building page list...
[0.625s] Search for main page...
[0.626s] Computing page relations...
[0.626s] Determining the scope of groups...
[0.627s] Sorting lists...
[0.627s] Determining which enums are documented
[0.627s] Computing member relations...
[0.628s] Building full member lists recursively...
[0.628s] Adding members to member groups.
[0.629s] Computing member references...
[0.629s] Inheriting documentation...
[0.630s] Generating disk names...
[0.630s] Adding source references...
[0.631s] Adding xrefitems...
[0.631s] Sorting member lists...
[0.631s] Setting anonymous enum type...
[0.632s] Computing dependencies between directories...
[0.632s] Generating citations page...
[0.633s] Counting members...
[0.633s] Counting data structures...
[0.634s] Resolving user defined references...
[0.634s] Finding anchors and sections in the documentation...
[0.635s] Transferring function references...
[0.635s] Combining using relations...
[0.636s] Adding members to index pages...
[0.636s] Correcting members for VHDL...
[0.636s] Computing tooltip texts...
[0.637s] Generating style sheet...
[0.639s] Generating search indices...
[0.646s] Generating example documentation...
[0.646s] Generating file sources...
[0.647s] Generating code for file include/unitree_ocr/ocr.hpp...
[0.648s] Generating file documentation...
[0.648s] Generating page documentation...
[0.650s] Generating group documentation...
[0.659s] Generating class documentation...
[0.661s] Generating namespace index...
[0.664s] Generating docs for compound unitree_ocr::TextDetector...
[0.664s] Generating graph info page...
[0.665s] Generating directory documentation...
[0.665s] Generating index page...
[0.666s] Generating page index...
[0.666s] Generating module index...
[0.666s] Generating namespace index...
[0.667s] Generating namespace member index...
[0.667s] Generating annotated compound index...
[0.668s] Generating alphabetical compound index...
[0.668s] Generating hierarchical class index...
[0.668s] Generating graphical class hierarchy...
[0.669s] Generating member index...
[0.670s] Generating file index...
[0.671s] Generating file member index...
[0.671s] Generating example index...
[0.671s] finalizing index lists...
[0.672s] writing tag file...
[0.672s] Running plantuml with JAVA...
[0.673s] Running dot...
[0.703s] lookup cache used 16/65536 hits=27 misses=16
[0.703s] finished...
[0.722s] [100%] Built target doxygen
[0.782s] Invoked command in '/home/rs/final_auto/build/unitree_ocr' returned '0': CMAKE_PREFIX_PATH=/home/rs/final_auto/install/unitree_ocr_interfaces:/home/rs/final_auto/install/unitree_inspection:/home/rs/final_auto/install/unitree_ocr:/home/rs/final_auto/install/unitree_nav:/home/rs/final_auto/install/unitree_nav_interfaces:/home/rs/final_auto/install/unitree_legged_real:/home/rs/final_auto/install/unitree_inspection_interfaces:/home/rs/final_auto/install/ros2_unitree_legged_msgs:/home/rs/final_auto/install/go1_description:/home/rs/final_auto/install/unitree_nav_launch_module:/opt/ros/humble /usr/bin/cmake --build /home/rs/final_auto/build/unitree_ocr -- -j13 -l13
[0.926s] Invoking command in '/home/rs/final_auto/build/unitree_ocr': CMAKE_PREFIX_PATH=/home/rs/final_auto/install/unitree_ocr_interfaces:/home/rs/final_auto/install/unitree_inspection:/home/rs/final_auto/install/unitree_ocr:/home/rs/final_auto/install/unitree_nav:/home/rs/final_auto/install/unitree_nav_interfaces:/home/rs/final_auto/install/unitree_legged_real:/home/rs/final_auto/install/unitree_inspection_interfaces:/home/rs/final_auto/install/ros2_unitree_legged_msgs:/home/rs/final_auto/install/go1_description:/home/rs/final_auto/install/unitree_nav_launch_module:/opt/ros/humble /usr/bin/cmake --install /home/rs/final_auto/build/unitree_ocr
[0.950s] -- Install configuration: ""
[0.954s] -- Up-to-date: /home/rs/final_auto/install/unitree_ocr/lib/unitree_ocr/text_detection_subscriber
[0.955s] -- Up-to-date: /home/rs/final_auto/install/unitree_ocr/include
[0.956s] -- Up-to-date: /home/rs/final_auto/install/unitree_ocr/include/unitree_ocr
[0.956s] -- Up-to-date: /home/rs/final_auto/install/unitree_ocr/include/unitree_ocr/ocr.hpp
[0.957s] -- Up-to-date: /home/rs/final_auto/install/unitree_ocr/lib/libunitree_ocr.a
[0.963s] -- Up-to-date: /home/rs/final_auto/install/unitree_ocr/lib/cmake/unitree_ocr/unitree_ocr-config.cmake
[0.964s] -- Up-to-date: /home/rs/final_auto/install/unitree_ocr/lib/cmake/unitree_ocr/unitree_ocr-config-noconfig.cmake
[0.966s] -- Up-to-date: /home/rs/final_auto/install/unitree_ocr/share/unitree_ocr/launch
[0.966s] -- Up-to-date: /home/rs/final_auto/install/unitree_ocr/share/unitree_ocr/launch/text_detection_subscriber.launch.py
[0.967s] -- Up-to-date: /home/rs/final_auto/install/unitree_ocr/share/unitree_ocr/models
[0.967s] -- Up-to-date: /home/rs/final_auto/install/unitree_ocr/share/unitree_ocr/models/README.md
[0.967s] -- Up-to-date: /home/rs/final_auto/install/unitree_ocr/share/ament_index/resource_index/package_run_dependencies/unitree_ocr
[0.967s] -- Up-to-date: /home/rs/final_auto/install/unitree_ocr/share/ament_index/resource_index/parent_prefix_path/unitree_ocr
[0.967s] -- Up-to-date: /home/rs/final_auto/install/unitree_ocr/share/unitree_ocr/environment/ament_prefix_path.sh
[0.967s] -- Up-to-date: /home/rs/final_auto/install/unitree_ocr/share/unitree_ocr/environment/ament_prefix_path.dsv
[0.968s] -- Up-to-date: /home/rs/final_auto/install/unitree_ocr/share/unitree_ocr/environment/path.sh
[0.968s] -- Up-to-date: /home/rs/final_auto/install/unitree_ocr/share/unitree_ocr/environment/path.dsv
[0.968s] -- Up-to-date: /home/rs/final_auto/install/unitree_ocr/share/unitree_ocr/local_setup.bash
[0.968s] -- Up-to-date: /home/rs/final_auto/install/unitree_ocr/share/unitree_ocr/local_setup.sh
[0.968s] -- Up-to-date: /home/rs/final_auto/install/unitree_ocr/share/unitree_ocr/local_setup.zsh
[0.968s] -- Up-to-date: /home/rs/final_auto/install/unitree_ocr/share/unitree_ocr/local_setup.dsv
[0.968s] -- Installing: /home/rs/final_auto/install/unitree_ocr/share/unitree_ocr/package.dsv
[0.968s] -- Up-to-date: /home/rs/final_auto/install/unitree_ocr/share/ament_index/resource_index/packages/unitree_ocr
[0.969s] -- Up-to-date: /home/rs/final_auto/install/unitree_ocr/share/unitree_ocr/cmake/unitree_ocrConfig.cmake
[0.969s] -- Up-to-date: /home/rs/final_auto/install/unitree_ocr/share/unitree_ocr/cmake/unitree_ocrConfig-version.cmake
[0.969s] -- Up-to-date: /home/rs/final_auto/install/unitree_ocr/share/unitree_ocr/package.xml
[0.976s] Invoked command in '/home/rs/final_auto/build/unitree_ocr' returned '0': CMAKE_PREFIX_PATH=/home/rs/final_auto/install/unitree_ocr_interfaces:/home/rs/final_auto/install/unitree_inspection:/home/rs/final_auto/install/unitree_ocr:/home/rs/final_auto/install/unitree_nav:/home/rs/final_auto/install/unitree_nav_interfaces:/home/rs/final_auto/install/unitree_legged_real:/home/rs/final_auto/install/unitree_inspection_interfaces:/home/rs/final_auto/install/ros2_unitree_legged_msgs:/home/rs/final_auto/install/go1_description:/home/rs/final_auto/install/unitree_nav_launch_module:/opt/ros/humble /usr/bin/cmake --install /home/rs/final_auto/build/unitree_ocr
