[0.060s] Invoking command in '/home/rs/final_auto/build/unitree_ocr': CMAKE_PREFIX_PATH=/home/rs/final_auto/install/unitree_ocr_interfaces:/home/rs/final_auto/install/unitree_inspection:/home/rs/final_auto/install/unitree_ocr:/home/rs/final_auto/install/unitree_nav:/home/rs/final_auto/install/unitree_nav_interfaces:/home/rs/final_auto/install/unitree_legged_real:/home/rs/final_auto/install/unitree_inspection_interfaces:/home/rs/final_auto/install/ros2_unitree_legged_msgs:/home/rs/final_auto/install/go1_description:/home/rs/final_auto/install/unitree_nav_launch_module:/opt/ros/humble /usr/bin/cmake --build /home/rs/final_auto/build/unitree_ocr -- -j13 -l13
[0.297s] [ 20%] [34m[1mGenerate API documentation for doxygen[0m
[0.297s] [ 60%] Built target unitree_ocr
[0.353s] Doxygen version used: 1.9.1
[0.355s] Searching for include files...
[0.355s] Searching for example files...
[0.355s] Searching for images...
[0.355s] Searching for dot files...
[0.356s] Searching for msc files...
[0.356s] Searching for dia files...
[0.357s] Searching for files to exclude
[0.357s] Searching INPUT for files to process...
[0.357s] Reading and parsing tag files
[0.357s] Parsing files
[0.358s] Preprocessing /home/rs/final_auto/src/unitree_inspection/unitree_ocr/include/unitree_ocr/ocr.hpp...
[0.358s] Parsing file /home/rs/final_auto/src/unitree_inspection/unitree_ocr/include/unitree_ocr/ocr.hpp...
[0.359s] Preprocessing /home/rs/final_auto/src/unitree_inspection/unitree_ocr/src/ocr.cpp...
[0.359s] Parsing file /home/rs/final_auto/src/unitree_inspection/unitree_ocr/src/ocr.cpp...
[0.360s] Building macro definition list...
[0.361s] Building group list...
[0.361s] Building directory list...
[0.362s] Building namespace list...
[0.362s] Building file list...
[0.363s] Building class list...
[0.363s] Computing nesting relations for classes...
[0.365s] Associating documentation with classes...
[0.365s] Building example list...
[0.366s] Searching for enumerations...
[0.367s] Searching for documented typedefs...
[0.367s] Searching for members imported via using declarations...
[0.368s] Searching for included using directives...
[0.369s] Searching for documented variables...
[0.370s] Building interface member list...
[0.371s] Building member list...
[0.372s] Searching for friends...
[0.374s] Searching for documented defines...
[0.375s] Computing class inheritance relations...
[0.375s] Computing class usage relations...
[0.376s] Flushing cached template relations that have become invalid...
[0.378s] Computing class relations...
[0.378s] Add enum values to enums...
[0.378s] Searching for member function documentation...
[0.379s] Creating members for template instances...
[0.379s] Building page list...
[0.380s] Search for main page...
[0.381s] Computing page relations...
[0.382s] Determining the scope of groups...
[0.382s] Sorting lists...
[0.382s] Determining which enums are documented
[0.382s] Computing member relations...
[0.383s] Building full member lists recursively...
[0.383s] Adding members to member groups.
[0.384s] Computing member references...
[0.384s] Inheriting documentation...
[0.384s] Generating disk names...
[0.384s] Adding source references...
[0.384s] Adding xrefitems...
[0.385s] Sorting member lists...
[0.385s] Setting anonymous enum type...
[0.386s] Computing dependencies between directories...
[0.386s] Generating citations page...
[0.386s] Counting members...
[0.386s] Counting data structures...
[0.387s] Resolving user defined references...
[0.388s] Finding anchors and sections in the documentation...
[0.388s] Transferring function references...
[0.390s] Combining using relations...
[0.390s] Adding members to index pages...
[0.391s] Correcting members for VHDL...
[0.392s] Computing tooltip texts...
[0.426s] [100%] Built target text_detection_subscriber
[0.448s] Generating style sheet...
[0.448s] Generating search indices...
[0.448s] Generating example documentation...
[0.449s] Generating file sources...
[0.449s] Generating code for file include/unitree_ocr/ocr.hpp...
[0.450s] Generating file documentation...
[0.451s] Generating page documentation...
[0.451s] Generating group documentation...
[0.452s] Generating class documentation...
[0.452s] Generating namespace index...
[0.453s] Generating docs for compound unitree_ocr::TextDetector...
[0.455s] Generating graph info page...
[0.455s] Generating directory documentation...
[0.456s] Generating index page...
[0.456s] Generating page index...
[0.457s] Generating module index...
[0.458s] Generating namespace index...
[0.459s] Generating namespace member index...
[0.459s] Generating annotated compound index...
[0.460s] Generating alphabetical compound index...
[0.460s] Generating hierarchical class index...
[0.461s] Generating graphical class hierarchy...
[0.461s] Generating member index...
[0.462s] Generating file index...
[0.462s] Generating file member index...
[0.463s] Generating example index...
[0.463s] finalizing index lists...
[0.464s] writing tag file...
[0.464s] Running plantuml with JAVA...
[0.465s] Running dot...
[0.465s] lookup cache used 16/65536 hits=27 misses=16
[0.466s] finished...
[0.480s] [100%] Built target doxygen
[0.515s] Invoked command in '/home/rs/final_auto/build/unitree_ocr' returned '0': CMAKE_PREFIX_PATH=/home/rs/final_auto/install/unitree_ocr_interfaces:/home/rs/final_auto/install/unitree_inspection:/home/rs/final_auto/install/unitree_ocr:/home/rs/final_auto/install/unitree_nav:/home/rs/final_auto/install/unitree_nav_interfaces:/home/rs/final_auto/install/unitree_legged_real:/home/rs/final_auto/install/unitree_inspection_interfaces:/home/rs/final_auto/install/ros2_unitree_legged_msgs:/home/rs/final_auto/install/go1_description:/home/rs/final_auto/install/unitree_nav_launch_module:/opt/ros/humble /usr/bin/cmake --build /home/rs/final_auto/build/unitree_ocr -- -j13 -l13
[0.651s] Invoking command in '/home/rs/final_auto/build/unitree_ocr': CMAKE_PREFIX_PATH=/home/rs/final_auto/install/unitree_ocr_interfaces:/home/rs/final_auto/install/unitree_inspection:/home/rs/final_auto/install/unitree_ocr:/home/rs/final_auto/install/unitree_nav:/home/rs/final_auto/install/unitree_nav_interfaces:/home/rs/final_auto/install/unitree_legged_real:/home/rs/final_auto/install/unitree_inspection_interfaces:/home/rs/final_auto/install/ros2_unitree_legged_msgs:/home/rs/final_auto/install/go1_description:/home/rs/final_auto/install/unitree_nav_launch_module:/opt/ros/humble /usr/bin/cmake --install /home/rs/final_auto/build/unitree_ocr
[0.672s] -- Install configuration: ""
[0.673s] -- Up-to-date: /home/rs/final_auto/install/unitree_ocr/lib/unitree_ocr/text_detection_subscriber
[0.676s] -- Up-to-date: /home/rs/final_auto/install/unitree_ocr/include
[0.676s] -- Up-to-date: /home/rs/final_auto/install/unitree_ocr/include/unitree_ocr
[0.677s] -- Up-to-date: /home/rs/final_auto/install/unitree_ocr/include/unitree_ocr/ocr.hpp
[0.678s] -- Up-to-date: /home/rs/final_auto/install/unitree_ocr/lib/libunitree_ocr.a
[0.678s] -- Up-to-date: /home/rs/final_auto/install/unitree_ocr/lib/cmake/unitree_ocr/unitree_ocr-config.cmake
[0.678s] -- Up-to-date: /home/rs/final_auto/install/unitree_ocr/lib/cmake/unitree_ocr/unitree_ocr-config-noconfig.cmake
[0.678s] -- Up-to-date: /home/rs/final_auto/install/unitree_ocr/share/unitree_ocr/launch
[0.678s] -- Up-to-date: /home/rs/final_auto/install/unitree_ocr/share/unitree_ocr/launch/text_detection_subscriber.launch.py
[0.679s] -- Up-to-date: /home/rs/final_auto/install/unitree_ocr/share/unitree_ocr/models
[0.679s] -- Up-to-date: /home/rs/final_auto/install/unitree_ocr/share/unitree_ocr/models/README.md
[0.679s] -- Up-to-date: /home/rs/final_auto/install/unitree_ocr/share/ament_index/resource_index/package_run_dependencies/unitree_ocr
[0.679s] -- Up-to-date: /home/rs/final_auto/install/unitree_ocr/share/ament_index/resource_index/parent_prefix_path/unitree_ocr
[0.679s] -- Up-to-date: /home/rs/final_auto/install/unitree_ocr/share/unitree_ocr/environment/ament_prefix_path.sh
[0.680s] -- Up-to-date: /home/rs/final_auto/install/unitree_ocr/share/unitree_ocr/environment/ament_prefix_path.dsv
[0.680s] -- Up-to-date: /home/rs/final_auto/install/unitree_ocr/share/unitree_ocr/environment/path.sh
[0.680s] -- Up-to-date: /home/rs/final_auto/install/unitree_ocr/share/unitree_ocr/environment/path.dsv
[0.680s] -- Up-to-date: /home/rs/final_auto/install/unitree_ocr/share/unitree_ocr/local_setup.bash
[0.680s] -- Up-to-date: /home/rs/final_auto/install/unitree_ocr/share/unitree_ocr/local_setup.sh
[0.693s] -- Up-to-date: /home/rs/final_auto/install/unitree_ocr/share/unitree_ocr/local_setup.zsh
[0.695s] -- Up-to-date: /home/rs/final_auto/install/unitree_ocr/share/unitree_ocr/local_setup.dsv
[0.696s] -- Installing: /home/rs/final_auto/install/unitree_ocr/share/unitree_ocr/package.dsv
[0.697s] -- Up-to-date: /home/rs/final_auto/install/unitree_ocr/share/ament_index/resource_index/packages/unitree_ocr
[0.698s] -- Up-to-date: /home/rs/final_auto/install/unitree_ocr/share/unitree_ocr/cmake/unitree_ocrConfig.cmake
[0.698s] -- Up-to-date: /home/rs/final_auto/install/unitree_ocr/share/unitree_ocr/cmake/unitree_ocrConfig-version.cmake
[0.699s] -- Up-to-date: /home/rs/final_auto/install/unitree_ocr/share/unitree_ocr/package.xml
[0.699s] Invoked command in '/home/rs/final_auto/build/unitree_ocr' returned '0': CMAKE_PREFIX_PATH=/home/rs/final_auto/install/unitree_ocr_interfaces:/home/rs/final_auto/install/unitree_inspection:/home/rs/final_auto/install/unitree_ocr:/home/rs/final_auto/install/unitree_nav:/home/rs/final_auto/install/unitree_nav_interfaces:/home/rs/final_auto/install/unitree_legged_real:/home/rs/final_auto/install/unitree_inspection_interfaces:/home/rs/final_auto/install/ros2_unitree_legged_msgs:/home/rs/final_auto/install/go1_description:/home/rs/final_auto/install/unitree_nav_launch_module:/opt/ros/humble /usr/bin/cmake --install /home/rs/final_auto/build/unitree_ocr
