[0.068s] Invoking command in '/home/rs/go1_robot/build/unitree_nav': CMAKE_PREFIX_PATH=/home/rs/go1_robot/install/unitree_nav_interfaces:/home/rs/go1_robot/install/ros2_unitree_legged_msgs:/home/rs/go1_robot/install/unitree_inspection:/home/rs/go1_robot/install/unitree_ocr:/home/rs/go1_robot/install/unitree_ocr_interfaces:/home/rs/go1_robot/install/unitree_nav:/home/rs/go1_robot/install/unitree_legged_real:/home/rs/go1_robot/install/unitree_inspection_interfaces:/home/rs/go1_robot/install/go1_description:/opt/ros/humble:/home/rs/go1_robot/install/unitree_nav_launch_module LD_LIBRARY_PATH=/home/rs/go1_robot/install/unitree_nav_interfaces/lib:/home/rs/go1_robot/install/ros2_unitree_legged_msgs/lib:/opt/ros/humble/opt/rviz_ogre_vendor/lib:/opt/ros/humble/lib/x86_64-linux-gnu:/opt/ros/humble/lib:/home/rs/go1_robot/install/unitree_ocr_interfaces/lib:/home/rs/go1_robot/install/unitree_legged_real/lib:/home/rs/go1_robot/install/unitree_inspection_interfaces/lib /usr/bin/cmake --build /home/rs/go1_robot/build/unitree_nav -- -j13 -l13
[0.276s] [ 50%] Built target cmd_processor
[0.283s] [100%] Built target nav_to_pose
[0.336s] Invoked command in '/home/rs/go1_robot/build/unitree_nav' returned '0': CMAKE_PREFIX_PATH=/home/rs/go1_robot/install/unitree_nav_interfaces:/home/rs/go1_robot/install/ros2_unitree_legged_msgs:/home/rs/go1_robot/install/unitree_inspection:/home/rs/go1_robot/install/unitree_ocr:/home/rs/go1_robot/install/unitree_ocr_interfaces:/home/rs/go1_robot/install/unitree_nav:/home/rs/go1_robot/install/unitree_legged_real:/home/rs/go1_robot/install/unitree_inspection_interfaces:/home/rs/go1_robot/install/go1_description:/opt/ros/humble:/home/rs/go1_robot/install/unitree_nav_launch_module LD_LIBRARY_PATH=/home/rs/go1_robot/install/unitree_nav_interfaces/lib:/home/rs/go1_robot/install/ros2_unitree_legged_msgs/lib:/opt/ros/humble/opt/rviz_ogre_vendor/lib:/opt/ros/humble/lib/x86_64-linux-gnu:/opt/ros/humble/lib:/home/rs/go1_robot/install/unitree_ocr_interfaces/lib:/home/rs/go1_robot/install/unitree_legged_real/lib:/home/rs/go1_robot/install/unitree_inspection_interfaces/lib /usr/bin/cmake --build /home/rs/go1_robot/build/unitree_nav -- -j13 -l13
[0.468s] Invoking command in '/home/rs/go1_robot/build/unitree_nav': CMAKE_PREFIX_PATH=/home/rs/go1_robot/install/unitree_nav_interfaces:/home/rs/go1_robot/install/ros2_unitree_legged_msgs:/home/rs/go1_robot/install/unitree_inspection:/home/rs/go1_robot/install/unitree_ocr:/home/rs/go1_robot/install/unitree_ocr_interfaces:/home/rs/go1_robot/install/unitree_nav:/home/rs/go1_robot/install/unitree_legged_real:/home/rs/go1_robot/install/unitree_inspection_interfaces:/home/rs/go1_robot/install/go1_description:/opt/ros/humble:/home/rs/go1_robot/install/unitree_nav_launch_module LD_LIBRARY_PATH=/home/rs/go1_robot/install/unitree_nav_interfaces/lib:/home/rs/go1_robot/install/ros2_unitree_legged_msgs/lib:/opt/ros/humble/opt/rviz_ogre_vendor/lib:/opt/ros/humble/lib/x86_64-linux-gnu:/opt/ros/humble/lib:/home/rs/go1_robot/install/unitree_ocr_interfaces/lib:/home/rs/go1_robot/install/unitree_legged_real/lib:/home/rs/go1_robot/install/unitree_inspection_interfaces/lib /usr/bin/cmake --install /home/rs/go1_robot/build/unitree_nav
[0.488s] -- Install configuration: ""
[0.489s] -- Up-to-date: /home/rs/go1_robot/install/unitree_nav/lib/unitree_nav/cmd_processor
[0.489s] -- Up-to-date: /home/rs/go1_robot/install/unitree_nav/lib/unitree_nav/nav_to_pose
[0.490s] -- Up-to-date: /home/rs/go1_robot/install/unitree_nav/share/unitree_nav/launch
[0.491s] -- Up-to-date: /home/rs/go1_robot/install/unitree_nav/share/unitree_nav/launch/rslidar_robosense.launch.py
[0.492s] -- Up-to-date: /home/rs/go1_robot/install/unitree_nav/share/unitree_nav/launch/unitree_nav.launch.py
[0.492s] -- Up-to-date: /home/rs/go1_robot/install/unitree_nav/share/unitree_nav/launch/mapping.launch.py
[0.492s] -- Up-to-date: /home/rs/go1_robot/install/unitree_nav/share/unitree_nav/launch/control.launch.py
[0.493s] -- Up-to-date: /home/rs/go1_robot/install/unitree_nav/share/unitree_nav/config
[0.494s] -- Up-to-date: /home/rs/go1_robot/install/unitree_nav/share/unitree_nav/config/nav.rviz
[0.494s] -- Up-to-date: /home/rs/go1_robot/install/unitree_nav/share/unitree_nav/config/nav2_params.yaml
[0.494s] -- Up-to-date: /home/rs/go1_robot/install/unitree_nav/share/ament_index/resource_index/package_run_dependencies/unitree_nav
[0.495s] -- Up-to-date: /home/rs/go1_robot/install/unitree_nav/share/ament_index/resource_index/parent_prefix_path/unitree_nav
[0.495s] -- Up-to-date: /home/rs/go1_robot/install/unitree_nav/share/unitree_nav/environment/ament_prefix_path.sh
[0.495s] -- Up-to-date: /home/rs/go1_robot/install/unitree_nav/share/unitree_nav/environment/ament_prefix_path.dsv
[0.496s] -- Up-to-date: /home/rs/go1_robot/install/unitree_nav/share/unitree_nav/environment/path.sh
[0.496s] -- Up-to-date: /home/rs/go1_robot/install/unitree_nav/share/unitree_nav/environment/path.dsv
[0.496s] -- Up-to-date: /home/rs/go1_robot/install/unitree_nav/share/unitree_nav/local_setup.bash
[0.496s] -- Up-to-date: /home/rs/go1_robot/install/unitree_nav/share/unitree_nav/local_setup.sh
[0.497s] -- Up-to-date: /home/rs/go1_robot/install/unitree_nav/share/unitree_nav/local_setup.zsh
[0.497s] -- Up-to-date: /home/rs/go1_robot/install/unitree_nav/share/unitree_nav/local_setup.dsv
[0.497s] -- Installing: /home/rs/go1_robot/install/unitree_nav/share/unitree_nav/package.dsv
[0.498s] -- Up-to-date: /home/rs/go1_robot/install/unitree_nav/share/ament_index/resource_index/packages/unitree_nav
[0.498s] -- Up-to-date: /home/rs/go1_robot/install/unitree_nav/share/unitree_nav/cmake/unitree_navConfig.cmake
[0.498s] -- Up-to-date: /home/rs/go1_robot/install/unitree_nav/share/unitree_nav/cmake/unitree_navConfig-version.cmake
[0.498s] -- Up-to-date: /home/rs/go1_robot/install/unitree_nav/share/unitree_nav/package.xml
[0.504s] Invoked command in '/home/rs/go1_robot/build/unitree_nav' returned '0': CMAKE_PREFIX_PATH=/home/rs/go1_robot/install/unitree_nav_interfaces:/home/rs/go1_robot/install/ros2_unitree_legged_msgs:/home/rs/go1_robot/install/unitree_inspection:/home/rs/go1_robot/install/unitree_ocr:/home/rs/go1_robot/install/unitree_ocr_interfaces:/home/rs/go1_robot/install/unitree_nav:/home/rs/go1_robot/install/unitree_legged_real:/home/rs/go1_robot/install/unitree_inspection_interfaces:/home/rs/go1_robot/install/go1_description:/opt/ros/humble:/home/rs/go1_robot/install/unitree_nav_launch_module LD_LIBRARY_PATH=/home/rs/go1_robot/install/unitree_nav_interfaces/lib:/home/rs/go1_robot/install/ros2_unitree_legged_msgs/lib:/opt/ros/humble/opt/rviz_ogre_vendor/lib:/opt/ros/humble/lib/x86_64-linux-gnu:/opt/ros/humble/lib:/home/rs/go1_robot/install/unitree_ocr_interfaces/lib:/home/rs/go1_robot/install/unitree_legged_real/lib:/home/rs/go1_robot/install/unitree_inspection_interfaces/lib /usr/bin/cmake --install /home/rs/go1_robot/build/unitree_nav
