[0.060s] Invoking command in '/home/rs/go1_robot/build/unitree_ocr': CMAKE_PREFIX_PATH=/home/rs/go1_robot/install/unitree_ocr_interfaces:/home/rs/go1_robot/install/unitree_inspection:/home/rs/go1_robot/install/unitree_ocr:/home/rs/go1_robot/install/unitree_nav:/home/rs/go1_robot/install/unitree_nav_interfaces:/home/rs/go1_robot/install/unitree_legged_real:/home/rs/go1_robot/install/unitree_inspection_interfaces:/home/rs/go1_robot/install/ros2_unitree_legged_msgs:/home/rs/go1_robot/install/go1_description:/opt/ros/humble:/home/rs/go1_robot/install/unitree_nav_launch_module LD_LIBRARY_PATH=/home/rs/go1_robot/install/unitree_ocr_interfaces/lib:/opt/ros/humble/opt/rviz_ogre_vendor/lib:/opt/ros/humble/lib/x86_64-linux-gnu:/opt/ros/humble/lib:/home/rs/go1_robot/install/unitree_nav_interfaces/lib:/home/rs/go1_robot/install/unitree_legged_real/lib:/home/rs/go1_robot/install/unitree_inspection_interfaces/lib:/home/rs/go1_robot/install/ros2_unitree_legged_msgs/lib /usr/bin/cmake --build /home/rs/go1_robot/build/unitree_ocr -- -j13 -l13
[0.285s] [ 60%] Built target unitree_ocr
[0.286s] [ 60%] [34m[1mGenerate API documentation for doxygen[0m
[0.415s] [100%] Built target text_detection_subscriber
[0.444s] Doxygen version used: 1.9.1
[0.445s] Searching for include files...
[0.445s] Searching for example files...
[0.446s] Searching for images...
[0.446s] Searching for dot files...
[0.446s] Searching for msc files...
[0.446s] Searching for dia files...
[0.447s] Searching for files to exclude
[0.448s] Searching INPUT for files to process...
[0.449s] Reading and parsing tag files
[0.449s] Parsing files
[0.450s] Preprocessing /home/rs/go1_robot/src/unitree_inspection/unitree_ocr/include/unitree_ocr/ocr.hpp...
[0.450s] Parsing file /home/rs/go1_robot/src/unitree_inspection/unitree_ocr/include/unitree_ocr/ocr.hpp...
[0.451s] Preprocessing /home/rs/go1_robot/src/unitree_inspection/unitree_ocr/src/ocr.cpp...
[0.451s] Parsing file /home/rs/go1_robot/src/unitree_inspection/unitree_ocr/src/ocr.cpp...
[0.454s] Building macro definition list...
[0.454s] Building group list...
[0.455s] Building directory list...
[0.455s] Building namespace list...
[0.455s] Building file list...
[0.455s] Building class list...
[0.456s] Computing nesting relations for classes...
[0.456s] Associating documentation with classes...
[0.456s] Building example list...
[0.456s] Searching for enumerations...
[0.456s] Searching for documented typedefs...
[0.457s] Searching for members imported via using declarations...
[0.457s] Searching for included using directives...
[0.460s] Searching for documented variables...
[0.461s] Building interface member list...
[0.461s] Building member list...
[0.461s] Searching for friends...
[0.461s] Searching for documented defines...
[0.461s] Computing class inheritance relations...
[0.462s] Computing class usage relations...
[0.462s] Flushing cached template relations that have become invalid...
[0.462s] Computing class relations...
[0.462s] Add enum values to enums...
[0.462s] Searching for member function documentation...
[0.462s] Creating members for template instances...
[0.462s] Building page list...
[0.463s] Search for main page...
[0.463s] Computing page relations...
[0.463s] Determining the scope of groups...
[0.463s] Sorting lists...
[0.463s] Determining which enums are documented
[0.464s] Computing member relations...
[0.464s] Building full member lists recursively...
[0.464s] Adding members to member groups.
[0.464s] Computing member references...
[0.464s] Inheriting documentation...
[0.464s] Generating disk names...
[0.465s] Adding source references...
[0.465s] Adding xrefitems...
[0.465s] Sorting member lists...
[0.467s] Setting anonymous enum type...
[0.467s] Computing dependencies between directories...
[0.467s] Generating citations page...
[0.467s] Counting members...
[0.467s] Counting data structures...
[0.468s] Resolving user defined references...
[0.468s] Finding anchors and sections in the documentation...
[0.468s] Transferring function references...
[0.468s] Combining using relations...
[0.468s] Adding members to index pages...
[0.468s] Correcting members for VHDL...
[0.469s] Computing tooltip texts...
[0.472s] Generating style sheet...
[0.474s] Generating search indices...
[0.503s] Generating example documentation...
[0.504s] Generating file sources...
[0.505s] Generating code for file include/unitree_ocr/ocr.hpp...
[0.517s] Generating file documentation...
[0.517s] Generating page documentation...
[0.518s] Generating group documentation...
[0.519s] Generating class documentation...
[0.519s] Generating namespace index...
[0.520s] Generating docs for compound unitree_ocr::TextDetector...
[0.531s] Generating graph info page...
[0.539s] Generating directory documentation...
[0.542s] Generating index page...
[0.543s] Generating page index...
[0.544s] Generating module index...
[0.544s] Generating namespace index...
[0.545s] Generating namespace member index...
[0.546s] Generating annotated compound index...
[0.546s] Generating alphabetical compound index...
[0.547s] Generating hierarchical class index...
[0.547s] Generating graphical class hierarchy...
[0.548s] Generating member index...
[0.548s] Generating file index...
[0.549s] Generating file member index...
[0.549s] Generating example index...
[0.552s] finalizing index lists...
[0.552s] writing tag file...
[0.552s] Running plantuml with JAVA...
[0.553s] Running dot...
[0.554s] lookup cache used 16/65536 hits=27 misses=16
[0.555s] finished...
[0.582s] [100%] Built target doxygen
[0.625s] Invoked command in '/home/rs/go1_robot/build/unitree_ocr' returned '0': CMAKE_PREFIX_PATH=/home/rs/go1_robot/install/unitree_ocr_interfaces:/home/rs/go1_robot/install/unitree_inspection:/home/rs/go1_robot/install/unitree_ocr:/home/rs/go1_robot/install/unitree_nav:/home/rs/go1_robot/install/unitree_nav_interfaces:/home/rs/go1_robot/install/unitree_legged_real:/home/rs/go1_robot/install/unitree_inspection_interfaces:/home/rs/go1_robot/install/ros2_unitree_legged_msgs:/home/rs/go1_robot/install/go1_description:/opt/ros/humble:/home/rs/go1_robot/install/unitree_nav_launch_module LD_LIBRARY_PATH=/home/rs/go1_robot/install/unitree_ocr_interfaces/lib:/opt/ros/humble/opt/rviz_ogre_vendor/lib:/opt/ros/humble/lib/x86_64-linux-gnu:/opt/ros/humble/lib:/home/rs/go1_robot/install/unitree_nav_interfaces/lib:/home/rs/go1_robot/install/unitree_legged_real/lib:/home/rs/go1_robot/install/unitree_inspection_interfaces/lib:/home/rs/go1_robot/install/ros2_unitree_legged_msgs/lib /usr/bin/cmake --build /home/rs/go1_robot/build/unitree_ocr -- -j13 -l13
[0.722s] Invoking command in '/home/rs/go1_robot/build/unitree_ocr': CMAKE_PREFIX_PATH=/home/rs/go1_robot/install/unitree_ocr_interfaces:/home/rs/go1_robot/install/unitree_inspection:/home/rs/go1_robot/install/unitree_ocr:/home/rs/go1_robot/install/unitree_nav:/home/rs/go1_robot/install/unitree_nav_interfaces:/home/rs/go1_robot/install/unitree_legged_real:/home/rs/go1_robot/install/unitree_inspection_interfaces:/home/rs/go1_robot/install/ros2_unitree_legged_msgs:/home/rs/go1_robot/install/go1_description:/opt/ros/humble:/home/rs/go1_robot/install/unitree_nav_launch_module LD_LIBRARY_PATH=/home/rs/go1_robot/install/unitree_ocr_interfaces/lib:/opt/ros/humble/opt/rviz_ogre_vendor/lib:/opt/ros/humble/lib/x86_64-linux-gnu:/opt/ros/humble/lib:/home/rs/go1_robot/install/unitree_nav_interfaces/lib:/home/rs/go1_robot/install/unitree_legged_real/lib:/home/rs/go1_robot/install/unitree_inspection_interfaces/lib:/home/rs/go1_robot/install/ros2_unitree_legged_msgs/lib /usr/bin/cmake --install /home/rs/go1_robot/build/unitree_ocr
[0.771s] -- Install configuration: ""
[0.771s] -- Up-to-date: /home/rs/go1_robot/install/unitree_ocr/lib/unitree_ocr/text_detection_subscriber
[0.772s] -- Up-to-date: /home/rs/go1_robot/install/unitree_ocr/include
[0.772s] -- Up-to-date: /home/rs/go1_robot/install/unitree_ocr/include/unitree_ocr
[0.772s] -- Up-to-date: /home/rs/go1_robot/install/unitree_ocr/include/unitree_ocr/ocr.hpp
[0.773s] -- Up-to-date: /home/rs/go1_robot/install/unitree_ocr/lib/libunitree_ocr.a
[0.774s] -- Up-to-date: /home/rs/go1_robot/install/unitree_ocr/lib/cmake/unitree_ocr/unitree_ocr-config.cmake
[0.774s] -- Up-to-date: /home/rs/go1_robot/install/unitree_ocr/lib/cmake/unitree_ocr/unitree_ocr-config-noconfig.cmake
[0.775s] -- Up-to-date: /home/rs/go1_robot/install/unitree_ocr/share/unitree_ocr/launch
[0.775s] -- Up-to-date: /home/rs/go1_robot/install/unitree_ocr/share/unitree_ocr/launch/text_detection_subscriber.launch.py
[0.775s] -- Up-to-date: /home/rs/go1_robot/install/unitree_ocr/share/unitree_ocr/models
[0.776s] -- Up-to-date: /home/rs/go1_robot/install/unitree_ocr/share/unitree_ocr/models/README.md
[0.777s] -- Up-to-date: /home/rs/go1_robot/install/unitree_ocr/share/ament_index/resource_index/package_run_dependencies/unitree_ocr
[0.778s] -- Up-to-date: /home/rs/go1_robot/install/unitree_ocr/share/ament_index/resource_index/parent_prefix_path/unitree_ocr
[0.779s] -- Up-to-date: /home/rs/go1_robot/install/unitree_ocr/share/unitree_ocr/environment/ament_prefix_path.sh
[0.779s] -- Up-to-date: /home/rs/go1_robot/install/unitree_ocr/share/unitree_ocr/environment/ament_prefix_path.dsv
[0.780s] -- Up-to-date: /home/rs/go1_robot/install/unitree_ocr/share/unitree_ocr/environment/path.sh
[0.780s] -- Up-to-date: /home/rs/go1_robot/install/unitree_ocr/share/unitree_ocr/environment/path.dsv
[0.782s] -- Up-to-date: /home/rs/go1_robot/install/unitree_ocr/share/unitree_ocr/local_setup.bash
[0.783s] -- Up-to-date: /home/rs/go1_robot/install/unitree_ocr/share/unitree_ocr/local_setup.sh
[0.784s] -- Up-to-date: /home/rs/go1_robot/install/unitree_ocr/share/unitree_ocr/local_setup.zsh
[0.784s] -- Up-to-date: /home/rs/go1_robot/install/unitree_ocr/share/unitree_ocr/local_setup.dsv
[0.786s] -- Installing: /home/rs/go1_robot/install/unitree_ocr/share/unitree_ocr/package.dsv
[0.786s] -- Up-to-date: /home/rs/go1_robot/install/unitree_ocr/share/ament_index/resource_index/packages/unitree_ocr
[0.787s] -- Up-to-date: /home/rs/go1_robot/install/unitree_ocr/share/unitree_ocr/cmake/unitree_ocrConfig.cmake
[0.788s] -- Up-to-date: /home/rs/go1_robot/install/unitree_ocr/share/unitree_ocr/cmake/unitree_ocrConfig-version.cmake
[0.788s] -- Up-to-date: /home/rs/go1_robot/install/unitree_ocr/share/unitree_ocr/package.xml
[0.796s] Invoked command in '/home/rs/go1_robot/build/unitree_ocr' returned '0': CMAKE_PREFIX_PATH=/home/rs/go1_robot/install/unitree_ocr_interfaces:/home/rs/go1_robot/install/unitree_inspection:/home/rs/go1_robot/install/unitree_ocr:/home/rs/go1_robot/install/unitree_nav:/home/rs/go1_robot/install/unitree_nav_interfaces:/home/rs/go1_robot/install/unitree_legged_real:/home/rs/go1_robot/install/unitree_inspection_interfaces:/home/rs/go1_robot/install/ros2_unitree_legged_msgs:/home/rs/go1_robot/install/go1_description:/opt/ros/humble:/home/rs/go1_robot/install/unitree_nav_launch_module LD_LIBRARY_PATH=/home/rs/go1_robot/install/unitree_ocr_interfaces/lib:/opt/ros/humble/opt/rviz_ogre_vendor/lib:/opt/ros/humble/lib/x86_64-linux-gnu:/opt/ros/humble/lib:/home/rs/go1_robot/install/unitree_nav_interfaces/lib:/home/rs/go1_robot/install/unitree_legged_real/lib:/home/rs/go1_robot/install/unitree_inspection_interfaces/lib:/home/rs/go1_robot/install/ros2_unitree_legged_msgs/lib /usr/bin/cmake --install /home/rs/go1_robot/build/unitree_ocr
