[35m[1mConsolidate compiler generated dependencies of target ros2_udp[0m
[35m[1mConsolidate compiler generated dependencies of target udp_high[0m
[ 12%] Built target ros2_udp
[35m[1mConsolidate compiler generated dependencies of target jsp_high[0m
[35m[1mConsolidate compiler generated dependencies of target jsp_low[0m
[ 25%] Built target udp_high
[ 37%] Built target jsp_high
[35m[1mConsolidate compiler generated dependencies of target udp_low[0m
[35m[1mConsolidate compiler generated dependencies of target ros2_walk_example[0m
[ 50%] Built target jsp_low
[35m[1mConsolidate compiler generated dependencies of target ros2_position_example[0m
[ 62%] Built target udp_low
[ 75%] Built target ros2_walk_example
[35m[1mConsolidate compiler generated dependencies of target custom_gait[0m
[ 87%] Built target ros2_position_example
[100%] Built target custom_gait
-- Install configuration: ""
-- Installing: /home/yeryn/final/install/unitree_legged_real/lib
-- Installing: /home/yeryn/final/install/unitree_legged_real/lib/libunitree_legged_sdk_amd64.so
-- Installing: /home/yeryn/final/install/unitree_legged_real/lib/libunitree_legged_sdk_arm64.so
-- Installing: /home/yeryn/final/install/unitree_legged_real/lib/unitree_legged_real/ros2_udp
-- Set runtime path of "/home/yeryn/final/install/unitree_legged_real/lib/unitree_legged_real/ros2_udp" to ""
-- Installing: /home/yeryn/final/install/unitree_legged_real/lib/unitree_legged_real/udp_high
-- Set runtime path of "/home/yeryn/final/install/unitree_legged_real/lib/unitree_legged_real/udp_high" to ""
-- Installing: /home/yeryn/final/install/unitree_legged_real/lib/unitree_legged_real/jsp_high
-- Set runtime path of "/home/yeryn/final/install/unitree_legged_real/lib/unitree_legged_real/jsp_high" to ""
-- Installing: /home/yeryn/final/install/unitree_legged_real/lib/unitree_legged_real/ros2_walk_example
-- Set runtime path of "/home/yeryn/final/install/unitree_legged_real/lib/unitree_legged_real/ros2_walk_example" to ""
-- Installing: /home/yeryn/final/install/unitree_legged_real/lib/unitree_legged_real/ros2_position_example
-- Set runtime path of "/home/yeryn/final/install/unitree_legged_real/lib/unitree_legged_real/ros2_position_example" to ""
-- Installing: /home/yeryn/final/install/unitree_legged_real/lib/unitree_legged_real/custom_gait
-- Set runtime path of "/home/yeryn/final/install/unitree_legged_real/lib/unitree_legged_real/custom_gait" to ""
-- Installing: /home/yeryn/final/install/unitree_legged_real/lib/unitree_legged_real/udp_low
-- Set runtime path of "/home/yeryn/final/install/unitree_legged_real/lib/unitree_legged_real/udp_low" to ""
-- Installing: /home/yeryn/final/install/unitree_legged_real/lib/unitree_legged_real/jsp_low
-- Set runtime path of "/home/yeryn/final/install/unitree_legged_real/lib/unitree_legged_real/jsp_low" to ""
-- Installing: /home/yeryn/final/install/unitree_legged_real/share/unitree_legged_real//launch
-- Installing: /home/yeryn/final/install/unitree_legged_real/share/unitree_legged_real//launch/low.launch.py
-- Installing: /home/yeryn/final/install/unitree_legged_real/share/unitree_legged_real//launch/high.launch.py
-- Installing: /home/yeryn/final/install/unitree_legged_real/share/unitree_legged_real//config
-- Installing: /home/yeryn/final/install/unitree_legged_real/share/unitree_legged_real//config/state_and_cmd.rviz
-- Installing: /home/yeryn/final/install/unitree_legged_real/share/unitree_legged_real//config/cmd_only.rviz
-- Installing: /home/yeryn/final/install/unitree_legged_real/share/unitree_legged_real//config/state_only.rviz
-- Installing: /home/yeryn/final/install/unitree_legged_real/share/ament_index/resource_index/package_run_dependencies/unitree_legged_real
-- Installing: /home/yeryn/final/install/unitree_legged_real/share/ament_index/resource_index/parent_prefix_path/unitree_legged_real
-- Installing: /home/yeryn/final/install/unitree_legged_real/share/unitree_legged_real/environment/ament_prefix_path.sh
-- Installing: /home/yeryn/final/install/unitree_legged_real/share/unitree_legged_real/environment/ament_prefix_path.dsv
-- Installing: /home/yeryn/final/install/unitree_legged_real/share/unitree_legged_real/environment/path.sh
-- Installing: /home/yeryn/final/install/unitree_legged_real/share/unitree_legged_real/environment/path.dsv
-- Installing: /home/yeryn/final/install/unitree_legged_real/share/unitree_legged_real/local_setup.bash
-- Installing: /home/yeryn/final/install/unitree_legged_real/share/unitree_legged_real/local_setup.sh
-- Installing: /home/yeryn/final/install/unitree_legged_real/share/unitree_legged_real/local_setup.zsh
-- Installing: /home/yeryn/final/install/unitree_legged_real/share/unitree_legged_real/local_setup.dsv
-- Installing: /home/yeryn/final/install/unitree_legged_real/share/unitree_legged_real/package.dsv
-- Installing: /home/yeryn/final/install/unitree_legged_real/share/ament_index/resource_index/packages/unitree_legged_real
-- Installing: /home/yeryn/final/install/unitree_legged_real/share/unitree_legged_real/cmake/unitree_legged_realConfig.cmake
-- Installing: /home/yeryn/final/install/unitree_legged_real/share/unitree_legged_real/cmake/unitree_legged_realConfig-version.cmake
-- Installing: /home/yeryn/final/install/unitree_legged_real/share/unitree_legged_real/package.xml
