[0.006s] Invoking command in '/home/yeryn/final/build/unitree_legged_real': AMENT_PREFIX_PATH=/home/yeryn/final/install/ros2_unitree_legged_msgs:${AMENT_PREFIX_PATH} CMAKE_PREFIX_PATH=/home/yeryn/final/install/ros2_unitree_legged_msgs:/opt/ros/humble LD_LIBRARY_PATH=/home/yeryn/final/install/ros2_unitree_legged_msgs/lib:${LD_LIBRARY_PATH} PYTHONPATH=/home/yeryn/final/install/ros2_unitree_legged_msgs/local/lib/python3.10/dist-packages:${PYTHONPATH} /usr/bin/cmake --build /home/yeryn/final/build/unitree_legged_real -- -j4 -l4
[0.050s] [35m[1mConsolidate compiler generated dependencies of target ros2_udp[0m
[0.054s] [35m[1mConsolidate compiler generated dependencies of target udp_high[0m
[0.062s] [ 12%] Built target ros2_udp
[0.062s] [35m[1mConsolidate compiler generated dependencies of target jsp_high[0m
[0.064s] [35m[1mConsolidate compiler generated dependencies of target jsp_low[0m
[0.070s] [ 25%] Built target udp_high
[0.075s] [ 37%] Built target jsp_high
[0.076s] [35m[1mConsolidate compiler generated dependencies of target udp_low[0m
[0.080s] [35m[1mConsolidate compiler generated dependencies of target ros2_walk_example[0m
[0.084s] [ 50%] Built target jsp_low
[0.098s] [35m[1mConsolidate compiler generated dependencies of target ros2_position_example[0m
[0.105s] [ 62%] Built target udp_low
[0.113s] [ 75%] Built target ros2_walk_example
[0.123s] [35m[1mConsolidate compiler generated dependencies of target custom_gait[0m
[0.126s] [ 87%] Built target ros2_position_example
[0.134s] [100%] Built target custom_gait
[0.140s] Invoked command in '/home/yeryn/final/build/unitree_legged_real' returned '0': AMENT_PREFIX_PATH=/home/yeryn/final/install/ros2_unitree_legged_msgs:${AMENT_PREFIX_PATH} CMAKE_PREFIX_PATH=/home/yeryn/final/install/ros2_unitree_legged_msgs:/opt/ros/humble LD_LIBRARY_PATH=/home/yeryn/final/install/ros2_unitree_legged_msgs/lib:${LD_LIBRARY_PATH} PYTHONPATH=/home/yeryn/final/install/ros2_unitree_legged_msgs/local/lib/python3.10/dist-packages:${PYTHONPATH} /usr/bin/cmake --build /home/yeryn/final/build/unitree_legged_real -- -j4 -l4
[0.163s] Invoking command in '/home/yeryn/final/build/unitree_legged_real': AMENT_PREFIX_PATH=/home/yeryn/final/install/ros2_unitree_legged_msgs:${AMENT_PREFIX_PATH} CMAKE_PREFIX_PATH=/home/yeryn/final/install/ros2_unitree_legged_msgs:/opt/ros/humble LD_LIBRARY_PATH=/home/yeryn/final/install/ros2_unitree_legged_msgs/lib:${LD_LIBRARY_PATH} PYTHONPATH=/home/yeryn/final/install/ros2_unitree_legged_msgs/local/lib/python3.10/dist-packages:${PYTHONPATH} /usr/bin/cmake --install /home/yeryn/final/build/unitree_legged_real
[0.167s] -- Install configuration: ""
[0.167s] -- Installing: /home/yeryn/final/install/unitree_legged_real/lib
[0.167s] -- Installing: /home/yeryn/final/install/unitree_legged_real/lib/libunitree_legged_sdk_amd64.so
[0.170s] -- Installing: /home/yeryn/final/install/unitree_legged_real/lib/libunitree_legged_sdk_arm64.so
[0.172s] -- Installing: /home/yeryn/final/install/unitree_legged_real/lib/unitree_legged_real/ros2_udp
[0.173s] -- Set runtime path of "/home/yeryn/final/install/unitree_legged_real/lib/unitree_legged_real/ros2_udp" to ""
[0.173s] -- Installing: /home/yeryn/final/install/unitree_legged_real/lib/unitree_legged_real/udp_high
[0.174s] -- Set runtime path of "/home/yeryn/final/install/unitree_legged_real/lib/unitree_legged_real/udp_high" to ""
[0.174s] -- Installing: /home/yeryn/final/install/unitree_legged_real/lib/unitree_legged_real/jsp_high
[0.175s] -- Set runtime path of "/home/yeryn/final/install/unitree_legged_real/lib/unitree_legged_real/jsp_high" to ""
[0.175s] -- Installing: /home/yeryn/final/install/unitree_legged_real/lib/unitree_legged_real/ros2_walk_example
[0.175s] -- Set runtime path of "/home/yeryn/final/install/unitree_legged_real/lib/unitree_legged_real/ros2_walk_example" to ""
[0.175s] -- Installing: /home/yeryn/final/install/unitree_legged_real/lib/unitree_legged_real/ros2_position_example
[0.176s] -- Set runtime path of "/home/yeryn/final/install/unitree_legged_real/lib/unitree_legged_real/ros2_position_example" to ""
[0.176s] -- Installing: /home/yeryn/final/install/unitree_legged_real/lib/unitree_legged_real/custom_gait
[0.177s] -- Set runtime path of "/home/yeryn/final/install/unitree_legged_real/lib/unitree_legged_real/custom_gait" to ""
[0.177s] -- Installing: /home/yeryn/final/install/unitree_legged_real/lib/unitree_legged_real/udp_low
[0.178s] -- Set runtime path of "/home/yeryn/final/install/unitree_legged_real/lib/unitree_legged_real/udp_low" to ""
[0.178s] -- Installing: /home/yeryn/final/install/unitree_legged_real/lib/unitree_legged_real/jsp_low
[0.179s] -- Set runtime path of "/home/yeryn/final/install/unitree_legged_real/lib/unitree_legged_real/jsp_low" to ""
[0.179s] -- Installing: /home/yeryn/final/install/unitree_legged_real/share/unitree_legged_real//launch
[0.180s] -- Installing: /home/yeryn/final/install/unitree_legged_real/share/unitree_legged_real//launch/low.launch.py
[0.180s] -- Installing: /home/yeryn/final/install/unitree_legged_real/share/unitree_legged_real//launch/high.launch.py
[0.181s] -- Installing: /home/yeryn/final/install/unitree_legged_real/share/unitree_legged_real//config
[0.182s] -- Installing: /home/yeryn/final/install/unitree_legged_real/share/unitree_legged_real//config/state_and_cmd.rviz
[0.182s] -- Installing: /home/yeryn/final/install/unitree_legged_real/share/unitree_legged_real//config/cmd_only.rviz
[0.183s] -- Installing: /home/yeryn/final/install/unitree_legged_real/share/unitree_legged_real//config/state_only.rviz
[0.183s] -- Installing: /home/yeryn/final/install/unitree_legged_real/share/ament_index/resource_index/package_run_dependencies/unitree_legged_real
[0.183s] -- Installing: /home/yeryn/final/install/unitree_legged_real/share/ament_index/resource_index/parent_prefix_path/unitree_legged_real
[0.184s] -- Installing: /home/yeryn/final/install/unitree_legged_real/share/unitree_legged_real/environment/ament_prefix_path.sh
[0.184s] -- Installing: /home/yeryn/final/install/unitree_legged_real/share/unitree_legged_real/environment/ament_prefix_path.dsv
[0.184s] -- Installing: /home/yeryn/final/install/unitree_legged_real/share/unitree_legged_real/environment/path.sh
[0.184s] -- Installing: /home/yeryn/final/install/unitree_legged_real/share/unitree_legged_real/environment/path.dsv
[0.185s] -- Installing: /home/yeryn/final/install/unitree_legged_real/share/unitree_legged_real/local_setup.bash
[0.185s] -- Installing: /home/yeryn/final/install/unitree_legged_real/share/unitree_legged_real/local_setup.sh
[0.185s] -- Installing: /home/yeryn/final/install/unitree_legged_real/share/unitree_legged_real/local_setup.zsh
[0.185s] -- Installing: /home/yeryn/final/install/unitree_legged_real/share/unitree_legged_real/local_setup.dsv
[0.185s] -- Installing: /home/yeryn/final/install/unitree_legged_real/share/unitree_legged_real/package.dsv
[0.186s] -- Installing: /home/yeryn/final/install/unitree_legged_real/share/ament_index/resource_index/packages/unitree_legged_real
[0.186s] -- Installing: /home/yeryn/final/install/unitree_legged_real/share/unitree_legged_real/cmake/unitree_legged_realConfig.cmake
[0.186s] -- Installing: /home/yeryn/final/install/unitree_legged_real/share/unitree_legged_real/cmake/unitree_legged_realConfig-version.cmake
[0.186s] -- Installing: /home/yeryn/final/install/unitree_legged_real/share/unitree_legged_real/package.xml
[0.188s] Invoked command in '/home/yeryn/final/build/unitree_legged_real' returned '0': AMENT_PREFIX_PATH=/home/yeryn/final/install/ros2_unitree_legged_msgs:${AMENT_PREFIX_PATH} CMAKE_PREFIX_PATH=/home/yeryn/final/install/ros2_unitree_legged_msgs:/opt/ros/humble LD_LIBRARY_PATH=/home/yeryn/final/install/ros2_unitree_legged_msgs/lib:${LD_LIBRARY_PATH} PYTHONPATH=/home/yeryn/final/install/ros2_unitree_legged_msgs/local/lib/python3.10/dist-packages:${PYTHONPATH} /usr/bin/cmake --install /home/yeryn/final/build/unitree_legged_real
