[0.118s] Invoking command in '/home/rs/final_auto/build/unitree_nav_interfaces': CMAKE_PREFIX_PATH=${CMAKE_PREFIX_PATH}:/home/rs/final_auto/install/unitree_nav_launch_module:/opt/ros/humble /usr/bin/cmake --build /home/rs/final_auto/build/unitree_nav_interfaces -- -j13 -l13
[0.356s] [  2%] Built target unitree_nav_interfaces_srv__cpp
[0.367s] [ 12%] Built target unitree_nav_interfaces_srv__rosidl_generator_c
[0.401s] [ 12%] Built target ament_cmake_python_copy_unitree_nav_interfaces
[0.604s] [ 23%] Built target unitree_nav_interfaces_srv__rosidl_typesupport_fastrtps_c
[0.606s] [ 34%] Built target unitree_nav_interfaces_srv__rosidl_typesupport_cpp
[0.608s] [ 44%] Built target unitree_nav_interfaces_srv__rosidl_typesupport_introspection_c
[0.627s] [ 55%] Built target unitree_nav_interfaces_srv__rosidl_typesupport_introspection_cpp
[0.630s] [ 65%] Built target unitree_nav_interfaces_srv__rosidl_typesupport_fastrtps_cpp
[0.663s] [ 76%] Built target unitree_nav_interfaces_srv__rosidl_typesupport_c
[0.757s] [ 76%] Built target unitree_nav_interfaces_srv
[0.851s] [ 78%] Built target unitree_nav_interfaces_srv__py
[0.956s] [ 87%] Built target unitree_nav_interfaces_srv__rosidl_generator_py
[1.071s] [ 91%] Built target unitree_nav_interfaces__rosidl_typesupport_fastrtps_c__pyext
[1.116s] [ 95%] Built target unitree_nav_interfaces__rosidl_typesupport_introspection_c__pyext
[1.126s] [100%] Built target unitree_nav_interfaces__rosidl_typesupport_c__pyext
[1.369s] running egg_info
[1.369s] writing unitree_nav_interfaces.egg-info/PKG-INFO
[1.370s] writing dependency_links to unitree_nav_interfaces.egg-info/dependency_links.txt
[1.371s] writing top-level names to unitree_nav_interfaces.egg-info/top_level.txt
[1.378s] reading manifest file 'unitree_nav_interfaces.egg-info/SOURCES.txt'
[1.380s] writing manifest file 'unitree_nav_interfaces.egg-info/SOURCES.txt'
[1.451s] [100%] Built target ament_cmake_python_build_unitree_nav_interfaces_egg
[1.566s] Invoked command in '/home/rs/final_auto/build/unitree_nav_interfaces' returned '0': CMAKE_PREFIX_PATH=${CMAKE_PREFIX_PATH}:/home/rs/final_auto/install/unitree_nav_launch_module:/opt/ros/humble /usr/bin/cmake --build /home/rs/final_auto/build/unitree_nav_interfaces -- -j13 -l13
[2.377s] Invoking command in '/home/rs/final_auto/build/unitree_nav_interfaces': CMAKE_PREFIX_PATH=${CMAKE_PREFIX_PATH}:/home/rs/final_auto/install/unitree_nav_launch_module:/opt/ros/humble /usr/bin/cmake --install /home/rs/final_auto/build/unitree_nav_interfaces
[2.445s] -- Install configuration: ""
[2.448s] -- Up-to-date: /home/rs/final_auto/install/unitree_nav_interfaces/share/ament_index/resource_index/rosidl_interfaces/unitree_nav_interfaces
[2.449s] -- Up-to-date: /home/rs/final_auto/install/unitree_nav_interfaces/include/unitree_nav_interfaces/unitree_nav_interfaces
[2.451s] -- Up-to-date: /home/rs/final_auto/install/unitree_nav_interfaces/include/unitree_nav_interfaces/unitree_nav_interfaces/srv
[2.452s] -- Up-to-date: /home/rs/final_auto/install/unitree_nav_interfaces/include/unitree_nav_interfaces/unitree_nav_interfaces/srv/detail
[2.453s] -- Up-to-date: /home/rs/final_auto/install/unitree_nav_interfaces/include/unitree_nav_interfaces/unitree_nav_interfaces/srv/detail/nav_to_pose__functions.h
[2.453s] -- Up-to-date: /home/rs/final_auto/install/unitree_nav_interfaces/include/unitree_nav_interfaces/unitree_nav_interfaces/srv/detail/set_body_rpy__struct.h
[2.454s] -- Up-to-date: /home/rs/final_auto/install/unitree_nav_interfaces/include/unitree_nav_interfaces/unitree_nav_interfaces/srv/detail/set_body_rpy__type_support.h
[2.455s] -- Up-to-date: /home/rs/final_auto/install/unitree_nav_interfaces/include/unitree_nav_interfaces/unitree_nav_interfaces/srv/detail/nav_to_pose__type_support.h
[2.456s] -- Up-to-date: /home/rs/final_auto/install/unitree_nav_interfaces/include/unitree_nav_interfaces/unitree_nav_interfaces/srv/detail/set_body_rpy__functions.h
[2.457s] -- Up-to-date: /home/rs/final_auto/install/unitree_nav_interfaces/include/unitree_nav_interfaces/unitree_nav_interfaces/srv/detail/set_gait__struct.h
[2.457s] -- Up-to-date: /home/rs/final_auto/install/unitree_nav_interfaces/include/unitree_nav_interfaces/unitree_nav_interfaces/srv/detail/nav_to_pose__functions.c
[2.458s] -- Up-to-date: /home/rs/final_auto/install/unitree_nav_interfaces/include/unitree_nav_interfaces/unitree_nav_interfaces/srv/detail/set_gait__functions.h
[2.458s] -- Up-to-date: /home/rs/final_auto/install/unitree_nav_interfaces/include/unitree_nav_interfaces/unitree_nav_interfaces/srv/detail/nav_to_pose__struct.h
[2.462s] -- Up-to-date: /home/rs/final_auto/install/unitree_nav_interfaces/include/unitree_nav_interfaces/unitree_nav_interfaces/srv/detail/set_gait__functions.c
[2.469s] -- Up-to-date: /home/rs/final_auto/install/unitree_nav_interfaces/include/unitree_nav_interfaces/unitree_nav_interfaces/srv/detail/set_gait__type_support.h
[2.470s] -- Up-to-date: /home/rs/final_auto/install/unitree_nav_interfaces/include/unitree_nav_interfaces/unitree_nav_interfaces/srv/detail/set_body_rpy__functions.c
[2.470s] -- Up-to-date: /home/rs/final_auto/install/unitree_nav_interfaces/include/unitree_nav_interfaces/unitree_nav_interfaces/srv/nav_to_pose.h
[2.471s] -- Up-to-date: /home/rs/final_auto/install/unitree_nav_interfaces/include/unitree_nav_interfaces/unitree_nav_interfaces/srv/set_gait.h
[2.472s] -- Up-to-date: /home/rs/final_auto/install/unitree_nav_interfaces/include/unitree_nav_interfaces/unitree_nav_interfaces/srv/set_body_rpy.h
[2.472s] -- Up-to-date: /home/rs/final_auto/install/unitree_nav_interfaces/include/unitree_nav_interfaces/unitree_nav_interfaces/msg
[2.473s] -- Up-to-date: /home/rs/final_auto/install/unitree_nav_interfaces/include/unitree_nav_interfaces/unitree_nav_interfaces/msg/rosidl_generator_c__visibility_control.h
[2.474s] -- Up-to-date: /home/rs/final_auto/install/unitree_nav_interfaces/share/unitree_nav_interfaces/environment/library_path.sh
[2.474s] -- Up-to-date: /home/rs/final_auto/install/unitree_nav_interfaces/share/unitree_nav_interfaces/environment/library_path.dsv
[2.475s] -- Up-to-date: /home/rs/final_auto/install/unitree_nav_interfaces/lib/libunitree_nav_interfaces__rosidl_generator_c.so
[2.476s] -- Up-to-date: /home/rs/final_auto/install/unitree_nav_interfaces/include/unitree_nav_interfaces/unitree_nav_interfaces
[2.476s] -- Up-to-date: /home/rs/final_auto/install/unitree_nav_interfaces/include/unitree_nav_interfaces/unitree_nav_interfaces/srv
[2.477s] -- Up-to-date: /home/rs/final_auto/install/unitree_nav_interfaces/include/unitree_nav_interfaces/unitree_nav_interfaces/srv/detail
[2.478s] -- Up-to-date: /home/rs/final_auto/install/unitree_nav_interfaces/include/unitree_nav_interfaces/unitree_nav_interfaces/srv/detail/nav_to_pose__rosidl_typesupport_fastrtps_c.h
[2.479s] -- Up-to-date: /home/rs/final_auto/install/unitree_nav_interfaces/include/unitree_nav_interfaces/unitree_nav_interfaces/srv/detail/set_body_rpy__rosidl_typesupport_fastrtps_c.h
[2.486s] -- Up-to-date: /home/rs/final_auto/install/unitree_nav_interfaces/include/unitree_nav_interfaces/unitree_nav_interfaces/srv/detail/set_gait__rosidl_typesupport_fastrtps_c.h
[2.486s] -- Up-to-date: /home/rs/final_auto/install/unitree_nav_interfaces/include/unitree_nav_interfaces/unitree_nav_interfaces/msg
[2.487s] -- Up-to-date: /home/rs/final_auto/install/unitree_nav_interfaces/include/unitree_nav_interfaces/unitree_nav_interfaces/msg/rosidl_typesupport_fastrtps_c__visibility_control.h
[2.488s] -- Up-to-date: /home/rs/final_auto/install/unitree_nav_interfaces/lib/libunitree_nav_interfaces__rosidl_typesupport_fastrtps_c.so
[2.488s] -- Up-to-date: /home/rs/final_auto/install/unitree_nav_interfaces/include/unitree_nav_interfaces/unitree_nav_interfaces
[2.488s] -- Up-to-date: /home/rs/final_auto/install/unitree_nav_interfaces/include/unitree_nav_interfaces/unitree_nav_interfaces/srv
[2.489s] -- Up-to-date: /home/rs/final_auto/install/unitree_nav_interfaces/include/unitree_nav_interfaces/unitree_nav_interfaces/srv/set_gait.hpp
[2.489s] -- Up-to-date: /home/rs/final_auto/install/unitree_nav_interfaces/include/unitree_nav_interfaces/unitree_nav_interfaces/srv/detail
[2.490s] -- Up-to-date: /home/rs/final_auto/install/unitree_nav_interfaces/include/unitree_nav_interfaces/unitree_nav_interfaces/srv/detail/set_gait__struct.hpp
[2.490s] -- Up-to-date: /home/rs/final_auto/install/unitree_nav_interfaces/include/unitree_nav_interfaces/unitree_nav_interfaces/srv/detail/set_gait__builder.hpp
[2.491s] -- Up-to-date: /home/rs/final_auto/install/unitree_nav_interfaces/include/unitree_nav_interfaces/unitree_nav_interfaces/srv/detail/nav_to_pose__builder.hpp
[2.491s] -- Up-to-date: /home/rs/final_auto/install/unitree_nav_interfaces/include/unitree_nav_interfaces/unitree_nav_interfaces/srv/detail/nav_to_pose__struct.hpp
[2.492s] -- Up-to-date: /home/rs/final_auto/install/unitree_nav_interfaces/include/unitree_nav_interfaces/unitree_nav_interfaces/srv/detail/set_gait__traits.hpp
[2.493s] -- Up-to-date: /home/rs/final_auto/install/unitree_nav_interfaces/include/unitree_nav_interfaces/unitree_nav_interfaces/srv/detail/set_body_rpy__traits.hpp
[2.493s] -- Up-to-date: /home/rs/final_auto/install/unitree_nav_interfaces/include/unitree_nav_interfaces/unitree_nav_interfaces/srv/detail/nav_to_pose__traits.hpp
[2.493s] -- Up-to-date: /home/rs/final_auto/install/unitree_nav_interfaces/include/unitree_nav_interfaces/unitree_nav_interfaces/srv/detail/set_body_rpy__struct.hpp
[2.494s] -- Up-to-date: /home/rs/final_auto/install/unitree_nav_interfaces/include/unitree_nav_interfaces/unitree_nav_interfaces/srv/detail/set_body_rpy__builder.hpp
[2.494s] -- Up-to-date: /home/rs/final_auto/install/unitree_nav_interfaces/include/unitree_nav_interfaces/unitree_nav_interfaces/srv/nav_to_pose.hpp
[2.494s] -- Up-to-date: /home/rs/final_auto/install/unitree_nav_interfaces/include/unitree_nav_interfaces/unitree_nav_interfaces/srv/set_body_rpy.hpp
[2.494s] -- Up-to-date: /home/rs/final_auto/install/unitree_nav_interfaces/include/unitree_nav_interfaces/unitree_nav_interfaces
[2.494s] -- Up-to-date: /home/rs/final_auto/install/unitree_nav_interfaces/include/unitree_nav_interfaces/unitree_nav_interfaces/srv
[2.495s] -- Up-to-date: /home/rs/final_auto/install/unitree_nav_interfaces/include/unitree_nav_interfaces/unitree_nav_interfaces/srv/detail
[2.495s] -- Up-to-date: /home/rs/final_auto/install/unitree_nav_interfaces/include/unitree_nav_interfaces/unitree_nav_interfaces/srv/detail/set_gait__rosidl_typesupport_fastrtps_cpp.hpp
[2.495s] -- Up-to-date: /home/rs/final_auto/install/unitree_nav_interfaces/include/unitree_nav_interfaces/unitree_nav_interfaces/srv/detail/dds_fastrtps
[2.495s] -- Up-to-date: /home/rs/final_auto/install/unitree_nav_interfaces/include/unitree_nav_interfaces/unitree_nav_interfaces/srv/detail/set_body_rpy__rosidl_typesupport_fastrtps_cpp.hpp
[2.495s] -- Up-to-date: /home/rs/final_auto/install/unitree_nav_interfaces/include/unitree_nav_interfaces/unitree_nav_interfaces/srv/detail/nav_to_pose__rosidl_typesupport_fastrtps_cpp.hpp
[2.495s] -- Up-to-date: /home/rs/final_auto/install/unitree_nav_interfaces/include/unitree_nav_interfaces/unitree_nav_interfaces/msg
[2.496s] -- Up-to-date: /home/rs/final_auto/install/unitree_nav_interfaces/include/unitree_nav_interfaces/unitree_nav_interfaces/msg/rosidl_typesupport_fastrtps_cpp__visibility_control.h
[2.498s] -- Up-to-date: /home/rs/final_auto/install/unitree_nav_interfaces/lib/libunitree_nav_interfaces__rosidl_typesupport_fastrtps_cpp.so
[2.499s] -- Up-to-date: /home/rs/final_auto/install/unitree_nav_interfaces/include/unitree_nav_interfaces/unitree_nav_interfaces
[2.500s] -- Up-to-date: /home/rs/final_auto/install/unitree_nav_interfaces/include/unitree_nav_interfaces/unitree_nav_interfaces/srv
[2.501s] -- Up-to-date: /home/rs/final_auto/install/unitree_nav_interfaces/include/unitree_nav_interfaces/unitree_nav_interfaces/srv/detail
[2.503s] -- Up-to-date: /home/rs/final_auto/install/unitree_nav_interfaces/include/unitree_nav_interfaces/unitree_nav_interfaces/srv/detail/set_body_rpy__type_support.c
[2.504s] -- Up-to-date: /home/rs/final_auto/install/unitree_nav_interfaces/include/unitree_nav_interfaces/unitree_nav_interfaces/srv/detail/nav_to_pose__type_support.c
[2.505s] -- Up-to-date: /home/rs/final_auto/install/unitree_nav_interfaces/include/unitree_nav_interfaces/unitree_nav_interfaces/srv/detail/set_gait__rosidl_typesupport_introspection_c.h
[2.506s] -- Up-to-date: /home/rs/final_auto/install/unitree_nav_interfaces/include/unitree_nav_interfaces/unitree_nav_interfaces/srv/detail/set_body_rpy__rosidl_typesupport_introspection_c.h
[2.506s] -- Up-to-date: /home/rs/final_auto/install/unitree_nav_interfaces/include/unitree_nav_interfaces/unitree_nav_interfaces/srv/detail/set_gait__type_support.c
[2.507s] -- Up-to-date: /home/rs/final_auto/install/unitree_nav_interfaces/include/unitree_nav_interfaces/unitree_nav_interfaces/srv/detail/nav_to_pose__rosidl_typesupport_introspection_c.h
[2.507s] -- Up-to-date: /home/rs/final_auto/install/unitree_nav_interfaces/include/unitree_nav_interfaces/unitree_nav_interfaces/msg
[2.508s] -- Up-to-date: /home/rs/final_auto/install/unitree_nav_interfaces/include/unitree_nav_interfaces/unitree_nav_interfaces/msg/rosidl_typesupport_introspection_c__visibility_control.h
[2.509s] -- Up-to-date: /home/rs/final_auto/install/unitree_nav_interfaces/lib/libunitree_nav_interfaces__rosidl_typesupport_introspection_c.so
[2.509s] -- Up-to-date: /home/rs/final_auto/install/unitree_nav_interfaces/lib/libunitree_nav_interfaces__rosidl_typesupport_c.so
[2.510s] -- Up-to-date: /home/rs/final_auto/install/unitree_nav_interfaces/include/unitree_nav_interfaces/unitree_nav_interfaces
[2.511s] -- Up-to-date: /home/rs/final_auto/install/unitree_nav_interfaces/include/unitree_nav_interfaces/unitree_nav_interfaces/srv
[2.512s] -- Up-to-date: /home/rs/final_auto/install/unitree_nav_interfaces/include/unitree_nav_interfaces/unitree_nav_interfaces/srv/detail
[2.512s] -- Up-to-date: /home/rs/final_auto/install/unitree_nav_interfaces/include/unitree_nav_interfaces/unitree_nav_interfaces/srv/detail/nav_to_pose__type_support.cpp
[2.513s] -- Up-to-date: /home/rs/final_auto/install/unitree_nav_interfaces/include/unitree_nav_interfaces/unitree_nav_interfaces/srv/detail/nav_to_pose__rosidl_typesupport_introspection_cpp.hpp
[2.514s] -- Up-to-date: /home/rs/final_auto/install/unitree_nav_interfaces/include/unitree_nav_interfaces/unitree_nav_interfaces/srv/detail/set_body_rpy__type_support.cpp
[2.516s] -- Up-to-date: /home/rs/final_auto/install/unitree_nav_interfaces/include/unitree_nav_interfaces/unitree_nav_interfaces/srv/detail/set_gait__type_support.cpp
[2.516s] -- Up-to-date: /home/rs/final_auto/install/unitree_nav_interfaces/include/unitree_nav_interfaces/unitree_nav_interfaces/srv/detail/set_body_rpy__rosidl_typesupport_introspection_cpp.hpp
[2.517s] -- Up-to-date: /home/rs/final_auto/install/unitree_nav_interfaces/include/unitree_nav_interfaces/unitree_nav_interfaces/srv/detail/set_gait__rosidl_typesupport_introspection_cpp.hpp
[2.518s] -- Up-to-date: /home/rs/final_auto/install/unitree_nav_interfaces/lib/libunitree_nav_interfaces__rosidl_typesupport_introspection_cpp.so
[2.519s] -- Up-to-date: /home/rs/final_auto/install/unitree_nav_interfaces/lib/libunitree_nav_interfaces__rosidl_typesupport_cpp.so
[2.520s] -- Up-to-date: /home/rs/final_auto/install/unitree_nav_interfaces/share/unitree_nav_interfaces/environment/pythonpath.sh
[2.521s] -- Up-to-date: /home/rs/final_auto/install/unitree_nav_interfaces/share/unitree_nav_interfaces/environment/pythonpath.dsv
[2.522s] -- Up-to-date: /home/rs/final_auto/install/unitree_nav_interfaces/local/lib/python3.10/dist-packages/unitree_nav_interfaces-0.0.0-py3.10.egg-info
[2.522s] -- Installing: /home/rs/final_auto/install/unitree_nav_interfaces/local/lib/python3.10/dist-packages/unitree_nav_interfaces-0.0.0-py3.10.egg-info/top_level.txt
[2.523s] -- Installing: /home/rs/final_auto/install/unitree_nav_interfaces/local/lib/python3.10/dist-packages/unitree_nav_interfaces-0.0.0-py3.10.egg-info/PKG-INFO
[2.524s] -- Installing: /home/rs/final_auto/install/unitree_nav_interfaces/local/lib/python3.10/dist-packages/unitree_nav_interfaces-0.0.0-py3.10.egg-info/dependency_links.txt
[2.524s] -- Installing: /home/rs/final_auto/install/unitree_nav_interfaces/local/lib/python3.10/dist-packages/unitree_nav_interfaces-0.0.0-py3.10.egg-info/SOURCES.txt
[2.525s] -- Up-to-date: /home/rs/final_auto/install/unitree_nav_interfaces/local/lib/python3.10/dist-packages/unitree_nav_interfaces
[2.526s] -- Up-to-date: /home/rs/final_auto/install/unitree_nav_interfaces/local/lib/python3.10/dist-packages/unitree_nav_interfaces/libunitree_nav_interfaces_srv__rosidl_generator_py.so
[2.526s] -- Up-to-date: /home/rs/final_auto/install/unitree_nav_interfaces/local/lib/python3.10/dist-packages/unitree_nav_interfaces/_unitree_nav_interfaces_s.ep.rosidl_typesupport_introspection_c.c
[2.526s] -- Up-to-date: /home/rs/final_auto/install/unitree_nav_interfaces/local/lib/python3.10/dist-packages/unitree_nav_interfaces/unitree_nav_interfaces_s__rosidl_typesupport_introspection_c.cpython-310-x86_64-linux-gnu.so
[2.529s] -- Up-to-date: /home/rs/final_auto/install/unitree_nav_interfaces/local/lib/python3.10/dist-packages/unitree_nav_interfaces/__init__.py
[2.529s] -- Up-to-date: /home/rs/final_auto/install/unitree_nav_interfaces/local/lib/python3.10/dist-packages/unitree_nav_interfaces/srv
[2.530s] -- Up-to-date: /home/rs/final_auto/install/unitree_nav_interfaces/local/lib/python3.10/dist-packages/unitree_nav_interfaces/srv/_set_body_rpy.py
[2.530s] -- Up-to-date: /home/rs/final_auto/install/unitree_nav_interfaces/local/lib/python3.10/dist-packages/unitree_nav_interfaces/srv/__init__.py
[2.531s] -- Up-to-date: /home/rs/final_auto/install/unitree_nav_interfaces/local/lib/python3.10/dist-packages/unitree_nav_interfaces/srv/_set_body_rpy_s.c
[2.532s] -- Up-to-date: /home/rs/final_auto/install/unitree_nav_interfaces/local/lib/python3.10/dist-packages/unitree_nav_interfaces/srv/_set_gait_s.c
[2.536s] -- Up-to-date: /home/rs/final_auto/install/unitree_nav_interfaces/local/lib/python3.10/dist-packages/unitree_nav_interfaces/srv/_nav_to_pose_s.c
[2.541s] -- Up-to-date: /home/rs/final_auto/install/unitree_nav_interfaces/local/lib/python3.10/dist-packages/unitree_nav_interfaces/srv/_set_gait.py
[2.541s] -- Up-to-date: /home/rs/final_auto/install/unitree_nav_interfaces/local/lib/python3.10/dist-packages/unitree_nav_interfaces/srv/_nav_to_pose.py
[2.542s] -- Up-to-date: /home/rs/final_auto/install/unitree_nav_interfaces/local/lib/python3.10/dist-packages/unitree_nav_interfaces/_unitree_nav_interfaces_s.ep.rosidl_typesupport_fastrtps_c.c
[2.543s] -- Up-to-date: /home/rs/final_auto/install/unitree_nav_interfaces/local/lib/python3.10/dist-packages/unitree_nav_interfaces/unitree_nav_interfaces_s__rosidl_typesupport_c.cpython-310-x86_64-linux-gnu.so
[2.544s] -- Up-to-date: /home/rs/final_auto/install/unitree_nav_interfaces/local/lib/python3.10/dist-packages/unitree_nav_interfaces/unitree_nav_interfaces_s__rosidl_typesupport_fastrtps_c.cpython-310-x86_64-linux-gnu.so
[2.544s] -- Up-to-date: /home/rs/final_auto/install/unitree_nav_interfaces/local/lib/python3.10/dist-packages/unitree_nav_interfaces/_unitree_nav_interfaces_s.ep.rosidl_typesupport_c.c
[2.573s] Listing '/home/rs/final_auto/install/unitree_nav_interfaces/local/lib/python3.10/dist-packages/unitree_nav_interfaces'...
[2.573s] Listing '/home/rs/final_auto/install/unitree_nav_interfaces/local/lib/python3.10/dist-packages/unitree_nav_interfaces/srv'...
[2.589s] -- Up-to-date: /home/rs/final_auto/install/unitree_nav_interfaces/local/lib/python3.10/dist-packages/unitree_nav_interfaces/unitree_nav_interfaces_s__rosidl_typesupport_fastrtps_c.cpython-310-x86_64-linux-gnu.so
[2.590s] -- Up-to-date: /home/rs/final_auto/install/unitree_nav_interfaces/local/lib/python3.10/dist-packages/unitree_nav_interfaces/unitree_nav_interfaces_s__rosidl_typesupport_introspection_c.cpython-310-x86_64-linux-gnu.so
[2.590s] -- Up-to-date: /home/rs/final_auto/install/unitree_nav_interfaces/local/lib/python3.10/dist-packages/unitree_nav_interfaces/unitree_nav_interfaces_s__rosidl_typesupport_c.cpython-310-x86_64-linux-gnu.so
[2.593s] -- Up-to-date: /home/rs/final_auto/install/unitree_nav_interfaces/lib/libunitree_nav_interfaces_srv__rosidl_generator_py.so
[2.593s] -- Up-to-date: /home/rs/final_auto/install/unitree_nav_interfaces/share/unitree_nav_interfaces/srv/SetBodyRPY.idl
[2.594s] -- Up-to-date: /home/rs/final_auto/install/unitree_nav_interfaces/share/unitree_nav_interfaces/srv/NavToPose.idl
[2.595s] -- Up-to-date: /home/rs/final_auto/install/unitree_nav_interfaces/share/unitree_nav_interfaces/srv/SetGait.idl
[2.597s] -- Up-to-date: /home/rs/final_auto/install/unitree_nav_interfaces/share/unitree_nav_interfaces/srv/SetBodyRPY.srv
[2.598s] -- Up-to-date: /home/rs/final_auto/install/unitree_nav_interfaces/share/unitree_nav_interfaces/srv/SetBodyRPY_Request.msg
[2.598s] -- Up-to-date: /home/rs/final_auto/install/unitree_nav_interfaces/share/unitree_nav_interfaces/srv/SetBodyRPY_Response.msg
[2.598s] -- Up-to-date: /home/rs/final_auto/install/unitree_nav_interfaces/share/unitree_nav_interfaces/srv/NavToPose.srv
[2.598s] -- Up-to-date: /home/rs/final_auto/install/unitree_nav_interfaces/share/unitree_nav_interfaces/srv/NavToPose_Request.msg
[2.598s] -- Up-to-date: /home/rs/final_auto/install/unitree_nav_interfaces/share/unitree_nav_interfaces/srv/NavToPose_Response.msg
[2.599s] -- Up-to-date: /home/rs/final_auto/install/unitree_nav_interfaces/share/unitree_nav_interfaces/srv/SetGait.srv
[2.602s] -- Up-to-date: /home/rs/final_auto/install/unitree_nav_interfaces/share/unitree_nav_interfaces/srv/SetGait_Request.msg
[2.604s] -- Up-to-date: /home/rs/final_auto/install/unitree_nav_interfaces/share/unitree_nav_interfaces/srv/SetGait_Response.msg
[2.604s] -- Up-to-date: /home/rs/final_auto/install/unitree_nav_interfaces/share/ament_index/resource_index/package_run_dependencies/unitree_nav_interfaces
[2.605s] -- Up-to-date: /home/rs/final_auto/install/unitree_nav_interfaces/share/ament_index/resource_index/parent_prefix_path/unitree_nav_interfaces
[2.605s] -- Up-to-date: /home/rs/final_auto/install/unitree_nav_interfaces/share/unitree_nav_interfaces/environment/ament_prefix_path.sh
[2.605s] -- Up-to-date: /home/rs/final_auto/install/unitree_nav_interfaces/share/unitree_nav_interfaces/environment/ament_prefix_path.dsv
[2.605s] -- Up-to-date: /home/rs/final_auto/install/unitree_nav_interfaces/share/unitree_nav_interfaces/environment/path.sh
[2.605s] -- Up-to-date: /home/rs/final_auto/install/unitree_nav_interfaces/share/unitree_nav_interfaces/environment/path.dsv
[2.606s] -- Up-to-date: /home/rs/final_auto/install/unitree_nav_interfaces/share/unitree_nav_interfaces/local_setup.bash
[2.606s] -- Up-to-date: /home/rs/final_auto/install/unitree_nav_interfaces/share/unitree_nav_interfaces/local_setup.sh
[2.607s] -- Up-to-date: /home/rs/final_auto/install/unitree_nav_interfaces/share/unitree_nav_interfaces/local_setup.zsh
[2.608s] -- Up-to-date: /home/rs/final_auto/install/unitree_nav_interfaces/share/unitree_nav_interfaces/local_setup.dsv
[2.608s] -- Installing: /home/rs/final_auto/install/unitree_nav_interfaces/share/unitree_nav_interfaces/package.dsv
[2.612s] -- Up-to-date: /home/rs/final_auto/install/unitree_nav_interfaces/share/ament_index/resource_index/packages/unitree_nav_interfaces
[2.614s] -- Up-to-date: /home/rs/final_auto/install/unitree_nav_interfaces/share/unitree_nav_interfaces/cmake/export_unitree_nav_interfaces_srv__rosidl_generator_cExport.cmake
[2.617s] -- Up-to-date: /home/rs/final_auto/install/unitree_nav_interfaces/share/unitree_nav_interfaces/cmake/export_unitree_nav_interfaces_srv__rosidl_generator_cExport-noconfig.cmake
[2.617s] -- Up-to-date: /home/rs/final_auto/install/unitree_nav_interfaces/share/unitree_nav_interfaces/cmake/export_unitree_nav_interfaces_srv__rosidl_typesupport_fastrtps_cExport.cmake
[2.618s] -- Up-to-date: /home/rs/final_auto/install/unitree_nav_interfaces/share/unitree_nav_interfaces/cmake/export_unitree_nav_interfaces_srv__rosidl_typesupport_fastrtps_cExport-noconfig.cmake
[2.618s] -- Up-to-date: /home/rs/final_auto/install/unitree_nav_interfaces/share/unitree_nav_interfaces/cmake/export_unitree_nav_interfaces_srv__rosidl_generator_cppExport.cmake
[2.619s] -- Up-to-date: /home/rs/final_auto/install/unitree_nav_interfaces/share/unitree_nav_interfaces/cmake/export_unitree_nav_interfaces_srv__rosidl_typesupport_fastrtps_cppExport.cmake
[2.622s] -- Up-to-date: /home/rs/final_auto/install/unitree_nav_interfaces/share/unitree_nav_interfaces/cmake/export_unitree_nav_interfaces_srv__rosidl_typesupport_fastrtps_cppExport-noconfig.cmake
[2.623s] -- Up-to-date: /home/rs/final_auto/install/unitree_nav_interfaces/share/unitree_nav_interfaces/cmake/unitree_nav_interfaces_srv__rosidl_typesupport_introspection_cExport.cmake
[2.624s] -- Up-to-date: /home/rs/final_auto/install/unitree_nav_interfaces/share/unitree_nav_interfaces/cmake/unitree_nav_interfaces_srv__rosidl_typesupport_introspection_cExport-noconfig.cmake
[2.626s] -- Up-to-date: /home/rs/final_auto/install/unitree_nav_interfaces/share/unitree_nav_interfaces/cmake/unitree_nav_interfaces_srv__rosidl_typesupport_cExport.cmake
[2.627s] -- Up-to-date: /home/rs/final_auto/install/unitree_nav_interfaces/share/unitree_nav_interfaces/cmake/unitree_nav_interfaces_srv__rosidl_typesupport_cExport-noconfig.cmake
[2.628s] -- Up-to-date: /home/rs/final_auto/install/unitree_nav_interfaces/share/unitree_nav_interfaces/cmake/unitree_nav_interfaces_srv__rosidl_typesupport_introspection_cppExport.cmake
[2.630s] -- Up-to-date: /home/rs/final_auto/install/unitree_nav_interfaces/share/unitree_nav_interfaces/cmake/unitree_nav_interfaces_srv__rosidl_typesupport_introspection_cppExport-noconfig.cmake
[2.631s] -- Up-to-date: /home/rs/final_auto/install/unitree_nav_interfaces/share/unitree_nav_interfaces/cmake/unitree_nav_interfaces_srv__rosidl_typesupport_cppExport.cmake
[2.632s] -- Up-to-date: /home/rs/final_auto/install/unitree_nav_interfaces/share/unitree_nav_interfaces/cmake/unitree_nav_interfaces_srv__rosidl_typesupport_cppExport-noconfig.cmake
[2.632s] -- Up-to-date: /home/rs/final_auto/install/unitree_nav_interfaces/share/unitree_nav_interfaces/cmake/export_unitree_nav_interfaces_srv__rosidl_generator_pyExport.cmake
[2.633s] -- Up-to-date: /home/rs/final_auto/install/unitree_nav_interfaces/share/unitree_nav_interfaces/cmake/export_unitree_nav_interfaces_srv__rosidl_generator_pyExport-noconfig.cmake
[2.634s] -- Up-to-date: /home/rs/final_auto/install/unitree_nav_interfaces/share/unitree_nav_interfaces/cmake/ament_cmake_export_dependencies-extras.cmake
[2.635s] -- Up-to-date: /home/rs/final_auto/install/unitree_nav_interfaces/share/unitree_nav_interfaces/cmake/rosidl_cmake-extras.cmake
[2.636s] -- Up-to-date: /home/rs/final_auto/install/unitree_nav_interfaces/share/unitree_nav_interfaces/cmake/ament_cmake_export_include_directories-extras.cmake
[2.638s] -- Up-to-date: /home/rs/final_auto/install/unitree_nav_interfaces/share/unitree_nav_interfaces/cmake/ament_cmake_export_libraries-extras.cmake
[2.641s] -- Up-to-date: /home/rs/final_auto/install/unitree_nav_interfaces/share/unitree_nav_interfaces/cmake/ament_cmake_export_targets-extras.cmake
[2.648s] -- Up-to-date: /home/rs/final_auto/install/unitree_nav_interfaces/share/unitree_nav_interfaces/cmake/rosidl_cmake_export_typesupport_targets-extras.cmake
[2.649s] -- Up-to-date: /home/rs/final_auto/install/unitree_nav_interfaces/share/unitree_nav_interfaces/cmake/rosidl_cmake_export_typesupport_libraries-extras.cmake
[2.649s] -- Up-to-date: /home/rs/final_auto/install/unitree_nav_interfaces/share/unitree_nav_interfaces/cmake/unitree_nav_interfacesConfig.cmake
[2.650s] -- Up-to-date: /home/rs/final_auto/install/unitree_nav_interfaces/share/unitree_nav_interfaces/cmake/unitree_nav_interfacesConfig-version.cmake
[2.651s] -- Up-to-date: /home/rs/final_auto/install/unitree_nav_interfaces/share/unitree_nav_interfaces/package.xml
[2.652s] Invoked command in '/home/rs/final_auto/build/unitree_nav_interfaces' returned '0': CMAKE_PREFIX_PATH=${CMAKE_PREFIX_PATH}:/home/rs/final_auto/install/unitree_nav_launch_module:/opt/ros/humble /usr/bin/cmake --install /home/rs/final_auto/build/unitree_nav_interfaces
