[0.089s] Invoking command in '/home/rs/final_auto/build/unitree_inspection_interfaces': /usr/bin/cmake /home/rs/final_auto/src/unitree_inspection/unitree_inspection_interfaces -DCMAKE_INSTALL_PREFIX=/home/rs/final_auto/install/unitree_inspection_interfaces
[0.252s] -- The C compiler identification is GNU 11.4.0
[0.449s] -- The CXX compiler identification is GNU 11.4.0
[0.464s] -- Detecting C compiler ABI info
[0.720s] -- Detecting C compiler ABI info - done
[0.728s] -- Check for working C compiler: /usr/bin/cc - skipped
[0.729s] -- Detecting C compile features
[0.730s] -- Detecting C compile features - done
[0.739s] -- Detecting CXX compiler ABI info
[1.037s] -- Detecting CXX compiler ABI info - done
[1.063s] -- Check for working CXX compiler: /usr/bin/c++ - skipped
[1.064s] -- Detecting CXX compile features
[1.065s] -- Detecting CXX compile features - done
[1.068s] -- Found ament_cmake: 1.3.9 (/opt/ros/humble/share/ament_cmake/cmake)
[1.463s] -- Found Python3: /usr/bin/python3 (found version "3.10.12") found components: Interpreter 
[1.667s] -- Found rosidl_default_generators: 1.2.0 (/opt/ros/humble/share/rosidl_default_generators/cmake)
[1.679s] -- Using all available rosidl_typesupport_c: rosidl_typesupport_fastrtps_c;rosidl_typesupport_introspection_c
[1.690s] -- Found rosidl_adapter: 3.1.5 (/opt/ros/humble/share/rosidl_adapter/cmake)
[1.762s] -- Using all available rosidl_typesupport_cpp: rosidl_typesupport_fastrtps_cpp;rosidl_typesupport_introspection_cpp
[2.468s] -- Found ament_cmake_ros: 0.10.0 (/opt/ros/humble/share/ament_cmake_ros/cmake)
[3.008s] -- Using all available rosidl_typesupport_c: rosidl_typesupport_fastrtps_c;rosidl_typesupport_introspection_c
[3.547s] -- Using all available rosidl_typesupport_cpp: rosidl_typesupport_fastrtps_cpp;rosidl_typesupport_introspection_cpp
[3.596s] -- Found PythonInterp: /usr/bin/python3 (found suitable version "3.10.12", minimum required is "3.6") 
[3.597s] -- Found python_cmake_module: 0.10.0 (/opt/ros/humble/share/python_cmake_module/cmake)
[3.649s] -- Found PythonLibs: /usr/lib/x86_64-linux-gnu/libpython3.10.so (found suitable version "3.10.12", minimum required is "3.5") 
[3.649s] -- Using PYTHON_EXECUTABLE: /usr/bin/python3
[3.649s] -- Using PYTHON_INCLUDE_DIRS: /usr/include/python3.10
[3.649s] -- Using PYTHON_LIBRARIES: /usr/lib/x86_64-linux-gnu/libpython3.10.so
[3.695s] -- Found PythonExtra: .so  
[3.757s] -- Found ament_lint_auto: 0.12.11 (/opt/ros/humble/share/ament_lint_auto/cmake)
[3.811s] -- Added test 'lint_cmake' to check CMake code style
[3.812s] -- Added test 'xmllint' to check XML markup files
[3.817s] -- Configuring done
[3.888s] -- Generating done
[3.900s] -- Build files have been written to: /home/rs/final_auto/build/unitree_inspection_interfaces
[3.912s] Invoked command in '/home/rs/final_auto/build/unitree_inspection_interfaces' returned '0': /usr/bin/cmake /home/rs/final_auto/src/unitree_inspection/unitree_inspection_interfaces -DCMAKE_INSTALL_PREFIX=/home/rs/final_auto/install/unitree_inspection_interfaces
[3.919s] Invoking command in '/home/rs/final_auto/build/unitree_inspection_interfaces': /usr/bin/cmake --build /home/rs/final_auto/build/unitree_inspection_interfaces -- -j13 -l13
[4.049s] [  3%] [34m[1mGenerating C code for ROS interfaces[0m
[4.081s] [  6%] [34m[1mGenerating C++ code for ROS interfaces[0m
[4.113s] [  6%] Built target ament_cmake_python_copy_unitree_inspection_interfaces
[4.898s] running egg_info
[4.900s] creating unitree_inspection_interfaces.egg-info
[4.901s] writing unitree_inspection_interfaces.egg-info/PKG-INFO
[4.901s] writing dependency_links to unitree_inspection_interfaces.egg-info/dependency_links.txt
[4.902s] writing top-level names to unitree_inspection_interfaces.egg-info/top_level.txt
[4.903s] writing manifest file 'unitree_inspection_interfaces.egg-info/SOURCES.txt'
[4.909s] reading manifest file 'unitree_inspection_interfaces.egg-info/SOURCES.txt'
[4.910s] writing manifest file 'unitree_inspection_interfaces.egg-info/SOURCES.txt'
[4.964s] [  6%] Built target unitree_inspection_interfaces_msg__cpp
[4.970s] [  9%] [32mBuilding C object CMakeFiles/unitree_inspection_interfaces_msg__rosidl_generator_c.dir/rosidl_generator_c/unitree_inspection_interfaces/srv/detail/go_to_inspection_point__functions.c.o[0m
[4.993s] [  9%] Built target ament_cmake_python_build_unitree_inspection_interfaces_egg
[4.997s] [ 12%] [34m[1mGenerating C++ type support for eProsima Fast-RTPS[0m
[4.999s] [ 16%] [34m[1mGenerating C++ type support dispatch for ROS interfaces[0m
[5.005s] [ 19%] [34m[1mGenerating C++ introspection for ROS interfaces[0m
[5.156s] [ 22%] [32m[1mLinking C shared library libunitree_inspection_interfaces__rosidl_generator_c.so[0m
[5.338s] [ 22%] Built target unitree_inspection_interfaces_msg__rosidl_generator_c
[5.376s] [ 25%] [34m[1mGenerating C type support dispatch for ROS interfaces[0m
[5.378s] [ 29%] [34m[1mGenerating C introspection for ROS interfaces[0m
[5.380s] [ 32%] [34m[1mGenerating C type support for eProsima Fast-RTPS[0m
[6.057s] [ 35%] [32mBuilding CXX object CMakeFiles/unitree_inspection_interfaces_msg__rosidl_typesupport_cpp.dir/rosidl_typesupport_cpp/unitree_inspection_interfaces/srv/go_to_inspection_point__type_support.cpp.o[0m
[6.299s] [ 38%] [32mBuilding CXX object CMakeFiles/unitree_inspection_interfaces_msg__rosidl_typesupport_fastrtps_cpp.dir/rosidl_typesupport_fastrtps_cpp/unitree_inspection_interfaces/srv/detail/dds_fastrtps/go_to_inspection_point__type_support.cpp.o[0m
[6.362s] [ 41%] [32mBuilding CXX object CMakeFiles/unitree_inspection_interfaces_msg__rosidl_typesupport_c.dir/rosidl_typesupport_c/unitree_inspection_interfaces/srv/go_to_inspection_point__type_support.cpp.o[0m
[6.419s] [ 45%] [32mBuilding C object CMakeFiles/unitree_inspection_interfaces_msg__rosidl_typesupport_introspection_c.dir/rosidl_typesupport_introspection_c/unitree_inspection_interfaces/srv/detail/go_to_inspection_point__type_support.c.o[0m
[6.499s] [ 48%] [32mBuilding CXX object CMakeFiles/unitree_inspection_interfaces_msg__rosidl_typesupport_introspection_cpp.dir/rosidl_typesupport_introspection_cpp/unitree_inspection_interfaces/srv/detail/go_to_inspection_point__type_support.cpp.o[0m
[6.557s] [ 51%] [32m[1mLinking CXX shared library libunitree_inspection_interfaces__rosidl_typesupport_c.so[0m
[6.657s] [ 54%] [32m[1mLinking C shared library libunitree_inspection_interfaces__rosidl_typesupport_introspection_c.so[0m
[6.665s] [ 58%] [32mBuilding CXX object CMakeFiles/unitree_inspection_interfaces_msg__rosidl_typesupport_fastrtps_c.dir/rosidl_typesupport_fastrtps_c/unitree_inspection_interfaces/srv/detail/go_to_inspection_point__type_support_c.cpp.o[0m
[6.752s] [ 58%] Built target unitree_inspection_interfaces_msg__rosidl_typesupport_c
[6.991s] [ 58%] Built target unitree_inspection_interfaces_msg__rosidl_typesupport_introspection_c
[7.403s] [ 61%] [32m[1mLinking CXX shared library libunitree_inspection_interfaces__rosidl_typesupport_cpp.so[0m
[7.765s] [ 61%] Built target unitree_inspection_interfaces_msg__rosidl_typesupport_cpp
[8.228s] [ 64%] [32m[1mLinking CXX shared library libunitree_inspection_interfaces__rosidl_typesupport_fastrtps_cpp.so[0m
[8.246s] [ 67%] [32m[1mLinking CXX shared library libunitree_inspection_interfaces__rosidl_typesupport_introspection_cpp.so[0m
[8.403s] [ 70%] [32m[1mLinking CXX shared library libunitree_inspection_interfaces__rosidl_typesupport_fastrtps_c.so[0m
[8.613s] [ 70%] Built target unitree_inspection_interfaces_msg__rosidl_typesupport_introspection_cpp
[8.821s] [ 70%] Built target unitree_inspection_interfaces_msg__rosidl_typesupport_fastrtps_cpp
[8.909s] [ 70%] Built target unitree_inspection_interfaces_msg__rosidl_typesupport_fastrtps_c
[8.984s] [ 70%] Built target unitree_inspection_interfaces_msg
[9.067s] [ 74%] [34m[1mGenerating Python code for ROS interfaces[0m
[10.643s] [ 74%] Built target unitree_inspection_interfaces_msg__py
[10.807s] [ 77%] [32mBuilding C object CMakeFiles/unitree_inspection_interfaces_msg__rosidl_generator_py.dir/rosidl_generator_py/unitree_inspection_interfaces/srv/_go_to_inspection_point_s.c.o[0m
[11.278s] [ 80%] [32m[1mLinking C shared library rosidl_generator_py/unitree_inspection_interfaces/libunitree_inspection_interfaces_msg__rosidl_generator_py.so[0m
[11.576s] [ 80%] Built target unitree_inspection_interfaces_msg__rosidl_generator_py
[11.739s] [ 83%] [32mBuilding C object CMakeFiles/unitree_inspection_interfaces__rosidl_typesupport_fastrtps_c__pyext.dir/rosidl_generator_py/unitree_inspection_interfaces/_unitree_inspection_interfaces_s.ep.rosidl_typesupport_fastrtps_c.c.o[0m
[11.782s] [ 87%] [32mBuilding C object CMakeFiles/unitree_inspection_interfaces__rosidl_typesupport_c__pyext.dir/rosidl_generator_py/unitree_inspection_interfaces/_unitree_inspection_interfaces_s.ep.rosidl_typesupport_c.c.o[0m
[11.807s] [ 90%] [32mBuilding C object CMakeFiles/unitree_inspection_interfaces__rosidl_typesupport_introspection_c__pyext.dir/rosidl_generator_py/unitree_inspection_interfaces/_unitree_inspection_interfaces_s.ep.rosidl_typesupport_introspection_c.c.o[0m
[12.217s] [ 93%] [32m[1mLinking C shared library rosidl_generator_py/unitree_inspection_interfaces/unitree_inspection_interfaces_s__rosidl_typesupport_c.cpython-310-x86_64-linux-gnu.so[0m
[12.361s] [ 96%] [32m[1mLinking C shared library rosidl_generator_py/unitree_inspection_interfaces/unitree_inspection_interfaces_s__rosidl_typesupport_introspection_c.cpython-310-x86_64-linux-gnu.so[0m
[12.416s] [100%] [32m[1mLinking C shared library rosidl_generator_py/unitree_inspection_interfaces/unitree_inspection_interfaces_s__rosidl_typesupport_fastrtps_c.cpython-310-x86_64-linux-gnu.so[0m
[12.477s] [100%] Built target unitree_inspection_interfaces__rosidl_typesupport_c__pyext
[12.614s] [100%] Built target unitree_inspection_interfaces__rosidl_typesupport_fastrtps_c__pyext
[12.627s] [100%] Built target unitree_inspection_interfaces__rosidl_typesupport_introspection_c__pyext
[12.699s] Invoked command in '/home/rs/final_auto/build/unitree_inspection_interfaces' returned '0': /usr/bin/cmake --build /home/rs/final_auto/build/unitree_inspection_interfaces -- -j13 -l13
[13.353s] Invoking command in '/home/rs/final_auto/build/unitree_inspection_interfaces': /usr/bin/cmake --install /home/rs/final_auto/build/unitree_inspection_interfaces
[13.388s] -- Install configuration: ""
[13.388s] -- Installing: /home/rs/final_auto/install/unitree_inspection_interfaces/share/ament_index/resource_index/rosidl_interfaces/unitree_inspection_interfaces
[13.389s] -- Installing: /home/rs/final_auto/install/unitree_inspection_interfaces/include/unitree_inspection_interfaces/unitree_inspection_interfaces
[13.391s] -- Installing: /home/rs/final_auto/install/unitree_inspection_interfaces/include/unitree_inspection_interfaces/unitree_inspection_interfaces/srv
[13.391s] -- Installing: /home/rs/final_auto/install/unitree_inspection_interfaces/include/unitree_inspection_interfaces/unitree_inspection_interfaces/srv/detail
[13.391s] -- Installing: /home/rs/final_auto/install/unitree_inspection_interfaces/include/unitree_inspection_interfaces/unitree_inspection_interfaces/srv/detail/go_to_inspection_point__struct.h
[13.391s] -- Installing: /home/rs/final_auto/install/unitree_inspection_interfaces/include/unitree_inspection_interfaces/unitree_inspection_interfaces/srv/detail/go_to_inspection_point__functions.h
[13.392s] -- Installing: /home/rs/final_auto/install/unitree_inspection_interfaces/include/unitree_inspection_interfaces/unitree_inspection_interfaces/srv/detail/go_to_inspection_point__functions.c
[13.392s] -- Installing: /home/rs/final_auto/install/unitree_inspection_interfaces/include/unitree_inspection_interfaces/unitree_inspection_interfaces/srv/detail/go_to_inspection_point__type_support.h
[13.392s] -- Installing: /home/rs/final_auto/install/unitree_inspection_interfaces/include/unitree_inspection_interfaces/unitree_inspection_interfaces/srv/go_to_inspection_point.h
[13.392s] -- Installing: /home/rs/final_auto/install/unitree_inspection_interfaces/include/unitree_inspection_interfaces/unitree_inspection_interfaces/msg
[13.392s] -- Installing: /home/rs/final_auto/install/unitree_inspection_interfaces/include/unitree_inspection_interfaces/unitree_inspection_interfaces/msg/rosidl_generator_c__visibility_control.h
[13.392s] -- Installing: /home/rs/final_auto/install/unitree_inspection_interfaces/share/unitree_inspection_interfaces/environment/library_path.sh
[13.396s] -- Installing: /home/rs/final_auto/install/unitree_inspection_interfaces/share/unitree_inspection_interfaces/environment/library_path.dsv
[13.397s] -- Installing: /home/rs/final_auto/install/unitree_inspection_interfaces/lib/libunitree_inspection_interfaces__rosidl_generator_c.so
[13.399s] -- Set runtime path of "/home/rs/final_auto/install/unitree_inspection_interfaces/lib/libunitree_inspection_interfaces__rosidl_generator_c.so" to ""
[13.400s] -- Up-to-date: /home/rs/final_auto/install/unitree_inspection_interfaces/include/unitree_inspection_interfaces/unitree_inspection_interfaces
[13.401s] -- Up-to-date: /home/rs/final_auto/install/unitree_inspection_interfaces/include/unitree_inspection_interfaces/unitree_inspection_interfaces/srv
[13.401s] -- Up-to-date: /home/rs/final_auto/install/unitree_inspection_interfaces/include/unitree_inspection_interfaces/unitree_inspection_interfaces/srv/detail
[13.402s] -- Installing: /home/rs/final_auto/install/unitree_inspection_interfaces/include/unitree_inspection_interfaces/unitree_inspection_interfaces/srv/detail/go_to_inspection_point__rosidl_typesupport_fastrtps_c.h
[13.403s] -- Up-to-date: /home/rs/final_auto/install/unitree_inspection_interfaces/include/unitree_inspection_interfaces/unitree_inspection_interfaces/msg
[13.404s] -- Installing: /home/rs/final_auto/install/unitree_inspection_interfaces/include/unitree_inspection_interfaces/unitree_inspection_interfaces/msg/rosidl_typesupport_fastrtps_c__visibility_control.h
[13.406s] -- Installing: /home/rs/final_auto/install/unitree_inspection_interfaces/lib/libunitree_inspection_interfaces__rosidl_typesupport_fastrtps_c.so
[13.406s] -- Set runtime path of "/home/rs/final_auto/install/unitree_inspection_interfaces/lib/libunitree_inspection_interfaces__rosidl_typesupport_fastrtps_c.so" to ""
[13.418s] -- Up-to-date: /home/rs/final_auto/install/unitree_inspection_interfaces/include/unitree_inspection_interfaces/unitree_inspection_interfaces
[13.420s] -- Up-to-date: /home/rs/final_auto/install/unitree_inspection_interfaces/include/unitree_inspection_interfaces/unitree_inspection_interfaces/srv
[13.421s] -- Up-to-date: /home/rs/final_auto/install/unitree_inspection_interfaces/include/unitree_inspection_interfaces/unitree_inspection_interfaces/srv/detail
[13.422s] -- Installing: /home/rs/final_auto/install/unitree_inspection_interfaces/include/unitree_inspection_interfaces/unitree_inspection_interfaces/srv/detail/go_to_inspection_point__type_support.c
[13.423s] -- Installing: /home/rs/final_auto/install/unitree_inspection_interfaces/include/unitree_inspection_interfaces/unitree_inspection_interfaces/srv/detail/go_to_inspection_point__rosidl_typesupport_introspection_c.h
[13.424s] -- Up-to-date: /home/rs/final_auto/install/unitree_inspection_interfaces/include/unitree_inspection_interfaces/unitree_inspection_interfaces/msg
[13.425s] -- Installing: /home/rs/final_auto/install/unitree_inspection_interfaces/include/unitree_inspection_interfaces/unitree_inspection_interfaces/msg/rosidl_typesupport_introspection_c__visibility_control.h
[13.425s] -- Installing: /home/rs/final_auto/install/unitree_inspection_interfaces/lib/libunitree_inspection_interfaces__rosidl_typesupport_introspection_c.so
[13.426s] -- Set runtime path of "/home/rs/final_auto/install/unitree_inspection_interfaces/lib/libunitree_inspection_interfaces__rosidl_typesupport_introspection_c.so" to ""
[13.427s] -- Installing: /home/rs/final_auto/install/unitree_inspection_interfaces/lib/libunitree_inspection_interfaces__rosidl_typesupport_c.so
[13.427s] -- Set runtime path of "/home/rs/final_auto/install/unitree_inspection_interfaces/lib/libunitree_inspection_interfaces__rosidl_typesupport_c.so" to ""
[13.427s] -- Up-to-date: /home/rs/final_auto/install/unitree_inspection_interfaces/include/unitree_inspection_interfaces/unitree_inspection_interfaces
[13.428s] -- Up-to-date: /home/rs/final_auto/install/unitree_inspection_interfaces/include/unitree_inspection_interfaces/unitree_inspection_interfaces/srv
[13.429s] -- Up-to-date: /home/rs/final_auto/install/unitree_inspection_interfaces/include/unitree_inspection_interfaces/unitree_inspection_interfaces/srv/detail
[13.429s] -- Installing: /home/rs/final_auto/install/unitree_inspection_interfaces/include/unitree_inspection_interfaces/unitree_inspection_interfaces/srv/detail/go_to_inspection_point__builder.hpp
[13.430s] -- Installing: /home/rs/final_auto/install/unitree_inspection_interfaces/include/unitree_inspection_interfaces/unitree_inspection_interfaces/srv/detail/go_to_inspection_point__traits.hpp
[13.430s] -- Installing: /home/rs/final_auto/install/unitree_inspection_interfaces/include/unitree_inspection_interfaces/unitree_inspection_interfaces/srv/detail/go_to_inspection_point__struct.hpp
[13.432s] -- Installing: /home/rs/final_auto/install/unitree_inspection_interfaces/include/unitree_inspection_interfaces/unitree_inspection_interfaces/srv/go_to_inspection_point.hpp
[13.432s] -- Up-to-date: /home/rs/final_auto/install/unitree_inspection_interfaces/include/unitree_inspection_interfaces/unitree_inspection_interfaces
[13.433s] -- Up-to-date: /home/rs/final_auto/install/unitree_inspection_interfaces/include/unitree_inspection_interfaces/unitree_inspection_interfaces/srv
[13.434s] -- Up-to-date: /home/rs/final_auto/install/unitree_inspection_interfaces/include/unitree_inspection_interfaces/unitree_inspection_interfaces/srv/detail
[13.434s] -- Installing: /home/rs/final_auto/install/unitree_inspection_interfaces/include/unitree_inspection_interfaces/unitree_inspection_interfaces/srv/detail/dds_fastrtps
[13.435s] -- Installing: /home/rs/final_auto/install/unitree_inspection_interfaces/include/unitree_inspection_interfaces/unitree_inspection_interfaces/srv/detail/go_to_inspection_point__rosidl_typesupport_fastrtps_cpp.hpp
[13.436s] -- Up-to-date: /home/rs/final_auto/install/unitree_inspection_interfaces/include/unitree_inspection_interfaces/unitree_inspection_interfaces/msg
[13.436s] -- Installing: /home/rs/final_auto/install/unitree_inspection_interfaces/include/unitree_inspection_interfaces/unitree_inspection_interfaces/msg/rosidl_typesupport_fastrtps_cpp__visibility_control.h
[13.437s] -- Installing: /home/rs/final_auto/install/unitree_inspection_interfaces/lib/libunitree_inspection_interfaces__rosidl_typesupport_fastrtps_cpp.so
[13.437s] -- Set runtime path of "/home/rs/final_auto/install/unitree_inspection_interfaces/lib/libunitree_inspection_interfaces__rosidl_typesupport_fastrtps_cpp.so" to ""
[13.438s] -- Up-to-date: /home/rs/final_auto/install/unitree_inspection_interfaces/include/unitree_inspection_interfaces/unitree_inspection_interfaces
[13.438s] -- Up-to-date: /home/rs/final_auto/install/unitree_inspection_interfaces/include/unitree_inspection_interfaces/unitree_inspection_interfaces/srv
[13.439s] -- Up-to-date: /home/rs/final_auto/install/unitree_inspection_interfaces/include/unitree_inspection_interfaces/unitree_inspection_interfaces/srv/detail
[13.439s] -- Installing: /home/rs/final_auto/install/unitree_inspection_interfaces/include/unitree_inspection_interfaces/unitree_inspection_interfaces/srv/detail/go_to_inspection_point__type_support.cpp
[13.440s] -- Installing: /home/rs/final_auto/install/unitree_inspection_interfaces/include/unitree_inspection_interfaces/unitree_inspection_interfaces/srv/detail/go_to_inspection_point__rosidl_typesupport_introspection_cpp.hpp
[13.440s] -- Installing: /home/rs/final_auto/install/unitree_inspection_interfaces/lib/libunitree_inspection_interfaces__rosidl_typesupport_introspection_cpp.so
[13.441s] -- Set runtime path of "/home/rs/final_auto/install/unitree_inspection_interfaces/lib/libunitree_inspection_interfaces__rosidl_typesupport_introspection_cpp.so" to ""
[13.441s] -- Installing: /home/rs/final_auto/install/unitree_inspection_interfaces/lib/libunitree_inspection_interfaces__rosidl_typesupport_cpp.so
[13.443s] -- Set runtime path of "/home/rs/final_auto/install/unitree_inspection_interfaces/lib/libunitree_inspection_interfaces__rosidl_typesupport_cpp.so" to ""
[13.443s] -- Installing: /home/rs/final_auto/install/unitree_inspection_interfaces/share/unitree_inspection_interfaces/environment/pythonpath.sh
[13.444s] -- Installing: /home/rs/final_auto/install/unitree_inspection_interfaces/share/unitree_inspection_interfaces/environment/pythonpath.dsv
[13.444s] -- Installing: /home/rs/final_auto/install/unitree_inspection_interfaces/local/lib/python3.10/dist-packages/unitree_inspection_interfaces-0.0.0-py3.10.egg-info
[13.445s] -- Installing: /home/rs/final_auto/install/unitree_inspection_interfaces/local/lib/python3.10/dist-packages/unitree_inspection_interfaces-0.0.0-py3.10.egg-info/top_level.txt
[13.446s] -- Installing: /home/rs/final_auto/install/unitree_inspection_interfaces/local/lib/python3.10/dist-packages/unitree_inspection_interfaces-0.0.0-py3.10.egg-info/PKG-INFO
[13.446s] -- Installing: /home/rs/final_auto/install/unitree_inspection_interfaces/local/lib/python3.10/dist-packages/unitree_inspection_interfaces-0.0.0-py3.10.egg-info/dependency_links.txt
[13.448s] -- Installing: /home/rs/final_auto/install/unitree_inspection_interfaces/local/lib/python3.10/dist-packages/unitree_inspection_interfaces-0.0.0-py3.10.egg-info/SOURCES.txt
[13.448s] -- Installing: /home/rs/final_auto/install/unitree_inspection_interfaces/local/lib/python3.10/dist-packages/unitree_inspection_interfaces
[13.448s] -- Installing: /home/rs/final_auto/install/unitree_inspection_interfaces/local/lib/python3.10/dist-packages/unitree_inspection_interfaces/unitree_inspection_interfaces_s__rosidl_typesupport_introspection_c.cpython-310-x86_64-linux-gnu.so
[13.449s] -- Installing: /home/rs/final_auto/install/unitree_inspection_interfaces/local/lib/python3.10/dist-packages/unitree_inspection_interfaces/unitree_inspection_interfaces_s__rosidl_typesupport_c.cpython-310-x86_64-linux-gnu.so
[13.449s] -- Installing: /home/rs/final_auto/install/unitree_inspection_interfaces/local/lib/python3.10/dist-packages/unitree_inspection_interfaces/unitree_inspection_interfaces_s__rosidl_typesupport_fastrtps_c.cpython-310-x86_64-linux-gnu.so
[13.450s] -- Installing: /home/rs/final_auto/install/unitree_inspection_interfaces/local/lib/python3.10/dist-packages/unitree_inspection_interfaces/__init__.py
[13.450s] -- Installing: /home/rs/final_auto/install/unitree_inspection_interfaces/local/lib/python3.10/dist-packages/unitree_inspection_interfaces/srv
[13.450s] -- Installing: /home/rs/final_auto/install/unitree_inspection_interfaces/local/lib/python3.10/dist-packages/unitree_inspection_interfaces/srv/_go_to_inspection_point.py
[13.450s] -- Installing: /home/rs/final_auto/install/unitree_inspection_interfaces/local/lib/python3.10/dist-packages/unitree_inspection_interfaces/srv/__init__.py
[13.451s] -- Installing: /home/rs/final_auto/install/unitree_inspection_interfaces/local/lib/python3.10/dist-packages/unitree_inspection_interfaces/srv/_go_to_inspection_point_s.c
[13.451s] -- Installing: /home/rs/final_auto/install/unitree_inspection_interfaces/local/lib/python3.10/dist-packages/unitree_inspection_interfaces/_unitree_inspection_interfaces_s.ep.rosidl_typesupport_introspection_c.c
[13.451s] -- Installing: /home/rs/final_auto/install/unitree_inspection_interfaces/local/lib/python3.10/dist-packages/unitree_inspection_interfaces/libunitree_inspection_interfaces_msg__rosidl_generator_py.so
[13.451s] -- Installing: /home/rs/final_auto/install/unitree_inspection_interfaces/local/lib/python3.10/dist-packages/unitree_inspection_interfaces/_unitree_inspection_interfaces_s.ep.rosidl_typesupport_fastrtps_c.c
[13.451s] -- Installing: /home/rs/final_auto/install/unitree_inspection_interfaces/local/lib/python3.10/dist-packages/unitree_inspection_interfaces/_unitree_inspection_interfaces_s.ep.rosidl_typesupport_c.c
[13.556s] Listing '/home/rs/final_auto/install/unitree_inspection_interfaces/local/lib/python3.10/dist-packages/unitree_inspection_interfaces'...
[13.557s] Compiling '/home/rs/final_auto/install/unitree_inspection_interfaces/local/lib/python3.10/dist-packages/unitree_inspection_interfaces/__init__.py'...
[13.557s] Listing '/home/rs/final_auto/install/unitree_inspection_interfaces/local/lib/python3.10/dist-packages/unitree_inspection_interfaces/srv'...
[13.557s] Compiling '/home/rs/final_auto/install/unitree_inspection_interfaces/local/lib/python3.10/dist-packages/unitree_inspection_interfaces/srv/__init__.py'...
[13.557s] Compiling '/home/rs/final_auto/install/unitree_inspection_interfaces/local/lib/python3.10/dist-packages/unitree_inspection_interfaces/srv/_go_to_inspection_point.py'...
[13.582s] -- Installing: /home/rs/final_auto/install/unitree_inspection_interfaces/local/lib/python3.10/dist-packages/unitree_inspection_interfaces/unitree_inspection_interfaces_s__rosidl_typesupport_fastrtps_c.cpython-310-x86_64-linux-gnu.so
[13.583s] -- Set runtime path of "/home/rs/final_auto/install/unitree_inspection_interfaces/local/lib/python3.10/dist-packages/unitree_inspection_interfaces/unitree_inspection_interfaces_s__rosidl_typesupport_fastrtps_c.cpython-310-x86_64-linux-gnu.so" to ""
[13.583s] -- Installing: /home/rs/final_auto/install/unitree_inspection_interfaces/local/lib/python3.10/dist-packages/unitree_inspection_interfaces/unitree_inspection_interfaces_s__rosidl_typesupport_introspection_c.cpython-310-x86_64-linux-gnu.so
[13.584s] -- Set runtime path of "/home/rs/final_auto/install/unitree_inspection_interfaces/local/lib/python3.10/dist-packages/unitree_inspection_interfaces/unitree_inspection_interfaces_s__rosidl_typesupport_introspection_c.cpython-310-x86_64-linux-gnu.so" to ""
[13.585s] -- Installing: /home/rs/final_auto/install/unitree_inspection_interfaces/local/lib/python3.10/dist-packages/unitree_inspection_interfaces/unitree_inspection_interfaces_s__rosidl_typesupport_c.cpython-310-x86_64-linux-gnu.so
[13.585s] -- Set runtime path of "/home/rs/final_auto/install/unitree_inspection_interfaces/local/lib/python3.10/dist-packages/unitree_inspection_interfaces/unitree_inspection_interfaces_s__rosidl_typesupport_c.cpython-310-x86_64-linux-gnu.so" to ""
[13.587s] -- Installing: /home/rs/final_auto/install/unitree_inspection_interfaces/lib/libunitree_inspection_interfaces_msg__rosidl_generator_py.so
[13.588s] -- Set runtime path of "/home/rs/final_auto/install/unitree_inspection_interfaces/lib/libunitree_inspection_interfaces_msg__rosidl_generator_py.so" to ""
[13.589s] -- Installing: /home/rs/final_auto/install/unitree_inspection_interfaces/share/unitree_inspection_interfaces/srv/GoToInspectionPoint.idl
[13.589s] -- Installing: /home/rs/final_auto/install/unitree_inspection_interfaces/share/unitree_inspection_interfaces/srv/GoToInspectionPoint.srv
[13.590s] -- Installing: /home/rs/final_auto/install/unitree_inspection_interfaces/share/unitree_inspection_interfaces/srv/GoToInspectionPoint_Request.msg
[13.590s] -- Installing: /home/rs/final_auto/install/unitree_inspection_interfaces/share/unitree_inspection_interfaces/srv/GoToInspectionPoint_Response.msg
[13.595s] -- Installing: /home/rs/final_auto/install/unitree_inspection_interfaces/share/ament_index/resource_index/package_run_dependencies/unitree_inspection_interfaces
[13.595s] -- Installing: /home/rs/final_auto/install/unitree_inspection_interfaces/share/ament_index/resource_index/parent_prefix_path/unitree_inspection_interfaces
[13.596s] -- Installing: /home/rs/final_auto/install/unitree_inspection_interfaces/share/unitree_inspection_interfaces/environment/ament_prefix_path.sh
[13.596s] -- Installing: /home/rs/final_auto/install/unitree_inspection_interfaces/share/unitree_inspection_interfaces/environment/ament_prefix_path.dsv
[13.597s] -- Installing: /home/rs/final_auto/install/unitree_inspection_interfaces/share/unitree_inspection_interfaces/environment/path.sh
[13.597s] -- Installing: /home/rs/final_auto/install/unitree_inspection_interfaces/share/unitree_inspection_interfaces/environment/path.dsv
[13.599s] -- Installing: /home/rs/final_auto/install/unitree_inspection_interfaces/share/unitree_inspection_interfaces/local_setup.bash
[13.599s] -- Installing: /home/rs/final_auto/install/unitree_inspection_interfaces/share/unitree_inspection_interfaces/local_setup.sh
[13.600s] -- Installing: /home/rs/final_auto/install/unitree_inspection_interfaces/share/unitree_inspection_interfaces/local_setup.zsh
[13.600s] -- Installing: /home/rs/final_auto/install/unitree_inspection_interfaces/share/unitree_inspection_interfaces/local_setup.dsv
[13.600s] -- Installing: /home/rs/final_auto/install/unitree_inspection_interfaces/share/unitree_inspection_interfaces/package.dsv
[13.600s] -- Installing: /home/rs/final_auto/install/unitree_inspection_interfaces/share/ament_index/resource_index/packages/unitree_inspection_interfaces
[13.600s] -- Installing: /home/rs/final_auto/install/unitree_inspection_interfaces/share/unitree_inspection_interfaces/cmake/export_unitree_inspection_interfaces_msg__rosidl_generator_cExport.cmake
[13.600s] -- Installing: /home/rs/final_auto/install/unitree_inspection_interfaces/share/unitree_inspection_interfaces/cmake/export_unitree_inspection_interfaces_msg__rosidl_generator_cExport-noconfig.cmake
[13.601s] -- Installing: /home/rs/final_auto/install/unitree_inspection_interfaces/share/unitree_inspection_interfaces/cmake/export_unitree_inspection_interfaces_msg__rosidl_typesupport_fastrtps_cExport.cmake
[13.601s] -- Installing: /home/rs/final_auto/install/unitree_inspection_interfaces/share/unitree_inspection_interfaces/cmake/export_unitree_inspection_interfaces_msg__rosidl_typesupport_fastrtps_cExport-noconfig.cmake
[13.601s] -- Installing: /home/rs/final_auto/install/unitree_inspection_interfaces/share/unitree_inspection_interfaces/cmake/unitree_inspection_interfaces_msg__rosidl_typesupport_introspection_cExport.cmake
[13.602s] -- Installing: /home/rs/final_auto/install/unitree_inspection_interfaces/share/unitree_inspection_interfaces/cmake/unitree_inspection_interfaces_msg__rosidl_typesupport_introspection_cExport-noconfig.cmake
[13.602s] -- Installing: /home/rs/final_auto/install/unitree_inspection_interfaces/share/unitree_inspection_interfaces/cmake/unitree_inspection_interfaces_msg__rosidl_typesupport_cExport.cmake
[13.603s] -- Installing: /home/rs/final_auto/install/unitree_inspection_interfaces/share/unitree_inspection_interfaces/cmake/unitree_inspection_interfaces_msg__rosidl_typesupport_cExport-noconfig.cmake
[13.603s] -- Installing: /home/rs/final_auto/install/unitree_inspection_interfaces/share/unitree_inspection_interfaces/cmake/export_unitree_inspection_interfaces_msg__rosidl_generator_cppExport.cmake
[13.608s] -- Installing: /home/rs/final_auto/install/unitree_inspection_interfaces/share/unitree_inspection_interfaces/cmake/export_unitree_inspection_interfaces_msg__rosidl_typesupport_fastrtps_cppExport.cmake
[13.609s] -- Installing: /home/rs/final_auto/install/unitree_inspection_interfaces/share/unitree_inspection_interfaces/cmake/export_unitree_inspection_interfaces_msg__rosidl_typesupport_fastrtps_cppExport-noconfig.cmake
[13.610s] -- Installing: /home/rs/final_auto/install/unitree_inspection_interfaces/share/unitree_inspection_interfaces/cmake/unitree_inspection_interfaces_msg__rosidl_typesupport_introspection_cppExport.cmake
[13.610s] -- Installing: /home/rs/final_auto/install/unitree_inspection_interfaces/share/unitree_inspection_interfaces/cmake/unitree_inspection_interfaces_msg__rosidl_typesupport_introspection_cppExport-noconfig.cmake
[13.612s] -- Installing: /home/rs/final_auto/install/unitree_inspection_interfaces/share/unitree_inspection_interfaces/cmake/unitree_inspection_interfaces_msg__rosidl_typesupport_cppExport.cmake
[13.612s] -- Installing: /home/rs/final_auto/install/unitree_inspection_interfaces/share/unitree_inspection_interfaces/cmake/unitree_inspection_interfaces_msg__rosidl_typesupport_cppExport-noconfig.cmake
[13.613s] -- Installing: /home/rs/final_auto/install/unitree_inspection_interfaces/share/unitree_inspection_interfaces/cmake/export_unitree_inspection_interfaces_msg__rosidl_generator_pyExport.cmake
[13.614s] -- Installing: /home/rs/final_auto/install/unitree_inspection_interfaces/share/unitree_inspection_interfaces/cmake/export_unitree_inspection_interfaces_msg__rosidl_generator_pyExport-noconfig.cmake
[13.615s] -- Installing: /home/rs/final_auto/install/unitree_inspection_interfaces/share/unitree_inspection_interfaces/cmake/ament_cmake_export_dependencies-extras.cmake
[13.618s] -- Installing: /home/rs/final_auto/install/unitree_inspection_interfaces/share/unitree_inspection_interfaces/cmake/rosidl_cmake-extras.cmake
[13.618s] -- Installing: /home/rs/final_auto/install/unitree_inspection_interfaces/share/unitree_inspection_interfaces/cmake/ament_cmake_export_include_directories-extras.cmake
[13.618s] -- Installing: /home/rs/final_auto/install/unitree_inspection_interfaces/share/unitree_inspection_interfaces/cmake/ament_cmake_export_libraries-extras.cmake
[13.618s] -- Installing: /home/rs/final_auto/install/unitree_inspection_interfaces/share/unitree_inspection_interfaces/cmake/ament_cmake_export_targets-extras.cmake
[13.619s] -- Installing: /home/rs/final_auto/install/unitree_inspection_interfaces/share/unitree_inspection_interfaces/cmake/rosidl_cmake_export_typesupport_targets-extras.cmake
[13.619s] -- Installing: /home/rs/final_auto/install/unitree_inspection_interfaces/share/unitree_inspection_interfaces/cmake/rosidl_cmake_export_typesupport_libraries-extras.cmake
[13.619s] -- Installing: /home/rs/final_auto/install/unitree_inspection_interfaces/share/unitree_inspection_interfaces/cmake/unitree_inspection_interfacesConfig.cmake
[13.619s] -- Installing: /home/rs/final_auto/install/unitree_inspection_interfaces/share/unitree_inspection_interfaces/cmake/unitree_inspection_interfacesConfig-version.cmake
[13.619s] -- Installing: /home/rs/final_auto/install/unitree_inspection_interfaces/share/unitree_inspection_interfaces/package.xml
[13.629s] Invoked command in '/home/rs/final_auto/build/unitree_inspection_interfaces' returned '0': /usr/bin/cmake --install /home/rs/final_auto/build/unitree_inspection_interfaces
