[0.042s] Invoking command in '/home/rs/go1_robot/build/unitree_ocr': AMENT_PREFIX_PATH=/home/rs/go1_robot/install/unitree_ocr_interfaces:${AMENT_PREFIX_PATH} CMAKE_PREFIX_PATH=/home/rs/go1_robot/install/unitree_ocr_interfaces:/opt/ros/humble LD_LIBRARY_PATH=/home/rs/go1_robot/install/unitree_ocr_interfaces/lib:${LD_LIBRARY_PATH} PYTHONPATH=/home/rs/go1_robot/install/unitree_ocr_interfaces/local/lib/python3.10/dist-packages:${PYTHONPATH} /usr/bin/cmake --build /home/rs/go1_robot/build/unitree_ocr -- -j13 -l13
[0.307s] [ 40%] Built target unitree_ocr
[0.365s] [ 60%] [34m[1mGenerate API documentation for doxygen[0m
[0.421s] [100%] Built target text_detection_subscriber
[0.428s] Doxygen version used: 1.9.1
[0.429s] Searching for include files...
[0.429s] Searching for example files...
[0.429s] Searching for images...
[0.429s] Searching for dot files...
[0.430s] Searching for msc files...
[0.430s] Searching for dia files...
[0.431s] Searching for files to exclude
[0.431s] Searching INPUT for files to process...
[0.431s] Reading and parsing tag files
[0.431s] Parsing files
[0.432s] Preprocessing /home/rs/go1_robot/src/unitree_inspection/unitree_ocr/include/unitree_ocr/ocr.hpp...
[0.432s] Parsing file /home/rs/go1_robot/src/unitree_inspection/unitree_ocr/include/unitree_ocr/ocr.hpp...
[0.433s] Preprocessing /home/rs/go1_robot/src/unitree_inspection/unitree_ocr/src/ocr.cpp...
[0.441s] Parsing file /home/rs/go1_robot/src/unitree_inspection/unitree_ocr/src/ocr.cpp...
[0.441s] Building macro definition list...
[0.443s] Building group list...
[0.443s] Building directory list...
[0.444s] Building namespace list...
[0.444s] Building file list...
[0.444s] Building class list...
[0.446s] Computing nesting relations for classes...
[0.446s] Associating documentation with classes...
[0.447s] Building example list...
[0.447s] Searching for enumerations...
[0.447s] Searching for documented typedefs...
[0.448s] Searching for members imported via using declarations...
[0.448s] Searching for included using directives...
[0.448s] Searching for documented variables...
[0.448s] Building interface member list...
[0.448s] Building member list...
[0.449s] Searching for friends...
[0.449s] Searching for documented defines...
[0.449s] Computing class inheritance relations...
[0.450s] Computing class usage relations...
[0.450s] Flushing cached template relations that have become invalid...
[0.450s] Computing class relations...
[0.450s] Add enum values to enums...
[0.451s] Searching for member function documentation...
[0.451s] Creating members for template instances...
[0.451s] Building page list...
[0.451s] Search for main page...
[0.452s] Computing page relations...
[0.452s] Determining the scope of groups...
[0.452s] Sorting lists...
[0.452s] Determining which enums are documented
[0.453s] Computing member relations...
[0.453s] Building full member lists recursively...
[0.453s] Adding members to member groups.
[0.454s] Computing member references...
[0.454s] Inheriting documentation...
[0.454s] Generating disk names...
[0.454s] Adding source references...
[0.454s] Adding xrefitems...
[0.454s] Sorting member lists...
[0.455s] Setting anonymous enum type...
[0.455s] Computing dependencies between directories...
[0.455s] Generating citations page...
[0.455s] Counting members...
[0.456s] Counting data structures...
[0.456s] Resolving user defined references...
[0.457s] Finding anchors and sections in the documentation...
[0.457s] Transferring function references...
[0.459s] Combining using relations...
[0.459s] Adding members to index pages...
[0.459s] Correcting members for VHDL...
[0.460s] Computing tooltip texts...
[0.473s] Generating style sheet...
[0.478s] Generating search indices...
[0.513s] Generating example documentation...
[0.513s] Generating file sources...
[0.530s] Generating code for file include/unitree_ocr/ocr.hpp...
[0.534s] Generating file documentation...
[0.539s] Generating page documentation...
[0.541s] Generating group documentation...
[0.543s] Generating class documentation...
[0.544s] Generating namespace index...
[0.545s] Generating docs for compound unitree_ocr::TextDetector...
[0.559s] Generating graph info page...
[0.560s] Generating directory documentation...
[0.561s] Generating index page...
[0.562s] Generating page index...
[0.562s] Generating module index...
[0.562s] Generating namespace index...
[0.563s] Generating namespace member index...
[0.564s] Generating annotated compound index...
[0.565s] Generating alphabetical compound index...
[0.565s] Generating hierarchical class index...
[0.565s] Generating graphical class hierarchy...
[0.566s] Generating member index...
[0.566s] Generating file index...
[0.566s] Generating file member index...
[0.567s] Generating example index...
[0.568s] finalizing index lists...
[0.569s] writing tag file...
[0.569s] Running plantuml with JAVA...
[0.569s] Running dot...
[0.571s] lookup cache used 16/65536 hits=27 misses=16
[0.571s] finished...
[0.608s] [100%] Built target doxygen
[0.635s] Invoked command in '/home/rs/go1_robot/build/unitree_ocr' returned '0': AMENT_PREFIX_PATH=/home/rs/go1_robot/install/unitree_ocr_interfaces:${AMENT_PREFIX_PATH} CMAKE_PREFIX_PATH=/home/rs/go1_robot/install/unitree_ocr_interfaces:/opt/ros/humble LD_LIBRARY_PATH=/home/rs/go1_robot/install/unitree_ocr_interfaces/lib:${LD_LIBRARY_PATH} PYTHONPATH=/home/rs/go1_robot/install/unitree_ocr_interfaces/local/lib/python3.10/dist-packages:${PYTHONPATH} /usr/bin/cmake --build /home/rs/go1_robot/build/unitree_ocr -- -j13 -l13
[0.830s] Invoking command in '/home/rs/go1_robot/build/unitree_ocr': AMENT_PREFIX_PATH=/home/rs/go1_robot/install/unitree_ocr_interfaces:${AMENT_PREFIX_PATH} CMAKE_PREFIX_PATH=/home/rs/go1_robot/install/unitree_ocr_interfaces:/opt/ros/humble LD_LIBRARY_PATH=/home/rs/go1_robot/install/unitree_ocr_interfaces/lib:${LD_LIBRARY_PATH} PYTHONPATH=/home/rs/go1_robot/install/unitree_ocr_interfaces/local/lib/python3.10/dist-packages:${PYTHONPATH} /usr/bin/cmake --install /home/rs/go1_robot/build/unitree_ocr
[0.872s] -- Install configuration: ""
[0.874s] -- Up-to-date: /home/rs/go1_robot/install/unitree_ocr/lib/unitree_ocr/text_detection_subscriber
[0.874s] -- Up-to-date: /home/rs/go1_robot/install/unitree_ocr/include
[0.874s] -- Up-to-date: /home/rs/go1_robot/install/unitree_ocr/include/unitree_ocr
[0.875s] -- Up-to-date: /home/rs/go1_robot/install/unitree_ocr/include/unitree_ocr/ocr.hpp
[0.875s] -- Up-to-date: /home/rs/go1_robot/install/unitree_ocr/lib/libunitree_ocr.a
[0.875s] -- Up-to-date: /home/rs/go1_robot/install/unitree_ocr/lib/cmake/unitree_ocr/unitree_ocr-config.cmake
[0.875s] -- Up-to-date: /home/rs/go1_robot/install/unitree_ocr/lib/cmake/unitree_ocr/unitree_ocr-config-noconfig.cmake
[0.875s] -- Up-to-date: /home/rs/go1_robot/install/unitree_ocr/share/unitree_ocr/launch
[0.875s] -- Up-to-date: /home/rs/go1_robot/install/unitree_ocr/share/unitree_ocr/launch/text_detection_subscriber.launch.py
[0.876s] -- Up-to-date: /home/rs/go1_robot/install/unitree_ocr/share/unitree_ocr/models
[0.876s] -- Up-to-date: /home/rs/go1_robot/install/unitree_ocr/share/unitree_ocr/models/README.md
[0.879s] -- Up-to-date: /home/rs/go1_robot/install/unitree_ocr/share/ament_index/resource_index/package_run_dependencies/unitree_ocr
[0.882s] -- Up-to-date: /home/rs/go1_robot/install/unitree_ocr/share/ament_index/resource_index/parent_prefix_path/unitree_ocr
[0.882s] -- Up-to-date: /home/rs/go1_robot/install/unitree_ocr/share/unitree_ocr/environment/ament_prefix_path.sh
[0.888s] -- Up-to-date: /home/rs/go1_robot/install/unitree_ocr/share/unitree_ocr/environment/ament_prefix_path.dsv
[0.889s] -- Up-to-date: /home/rs/go1_robot/install/unitree_ocr/share/unitree_ocr/environment/path.sh
[0.890s] -- Up-to-date: /home/rs/go1_robot/install/unitree_ocr/share/unitree_ocr/environment/path.dsv
[0.892s] -- Up-to-date: /home/rs/go1_robot/install/unitree_ocr/share/unitree_ocr/local_setup.bash
[0.893s] -- Up-to-date: /home/rs/go1_robot/install/unitree_ocr/share/unitree_ocr/local_setup.sh
[0.893s] -- Up-to-date: /home/rs/go1_robot/install/unitree_ocr/share/unitree_ocr/local_setup.zsh
[0.893s] -- Up-to-date: /home/rs/go1_robot/install/unitree_ocr/share/unitree_ocr/local_setup.dsv
[0.894s] -- Installing: /home/rs/go1_robot/install/unitree_ocr/share/unitree_ocr/package.dsv
[0.895s] -- Up-to-date: /home/rs/go1_robot/install/unitree_ocr/share/ament_index/resource_index/packages/unitree_ocr
[0.896s] -- Up-to-date: /home/rs/go1_robot/install/unitree_ocr/share/unitree_ocr/cmake/unitree_ocrConfig.cmake
[0.896s] -- Up-to-date: /home/rs/go1_robot/install/unitree_ocr/share/unitree_ocr/cmake/unitree_ocrConfig-version.cmake
[0.897s] -- Up-to-date: /home/rs/go1_robot/install/unitree_ocr/share/unitree_ocr/package.xml
[0.897s] Invoked command in '/home/rs/go1_robot/build/unitree_ocr' returned '0': AMENT_PREFIX_PATH=/home/rs/go1_robot/install/unitree_ocr_interfaces:${AMENT_PREFIX_PATH} CMAKE_PREFIX_PATH=/home/rs/go1_robot/install/unitree_ocr_interfaces:/opt/ros/humble LD_LIBRARY_PATH=/home/rs/go1_robot/install/unitree_ocr_interfaces/lib:${LD_LIBRARY_PATH} PYTHONPATH=/home/rs/go1_robot/install/unitree_ocr_interfaces/local/lib/python3.10/dist-packages:${PYTHONPATH} /usr/bin/cmake --install /home/rs/go1_robot/build/unitree_ocr
