[0.063s] Invoking command in '/home/rs/go1_robot/build/unitree_ocr': CMAKE_PREFIX_PATH=/home/rs/go1_robot/install/unitree_ocr_interfaces:/home/rs/go1_robot/install/unitree_inspection:/home/rs/go1_robot/install/unitree_ocr:/home/rs/go1_robot/install/unitree_nav:/home/rs/go1_robot/install/unitree_nav_interfaces:/home/rs/go1_robot/install/unitree_legged_real:/home/rs/go1_robot/install/unitree_inspection_interfaces:/home/rs/go1_robot/install/ros2_unitree_legged_msgs:/home/rs/go1_robot/install/go1_description:/home/rs/go1_robot/install/unitree_nav_launch_module:/opt/ros/humble /usr/bin/cmake --build /home/rs/go1_robot/build/unitree_ocr -- -j13 -l13
[0.427s] [ 20%] [34m[1mGenerate API documentation for doxygen[0m
[0.428s] [ 60%] Built target unitree_ocr
[0.491s] Doxygen version used: 1.9.1
[0.491s] Searching for include files...
[0.492s] Searching for example files...
[0.494s] Searching for images...
[0.494s] Searching for dot files...
[0.496s] Searching for msc files...
[0.497s] Searching for dia files...
[0.498s] Searching for files to exclude
[0.498s] Searching INPUT for files to process...
[0.498s] Reading and parsing tag files
[0.499s] Parsing files
[0.499s] Preprocessing /home/rs/go1_robot/src/unitree_inspection/unitree_ocr/include/unitree_ocr/ocr.hpp...
[0.499s] Parsing file /home/rs/go1_robot/src/unitree_inspection/unitree_ocr/include/unitree_ocr/ocr.hpp...
[0.499s] Preprocessing /home/rs/go1_robot/src/unitree_inspection/unitree_ocr/src/ocr.cpp...
[0.499s] Parsing file /home/rs/go1_robot/src/unitree_inspection/unitree_ocr/src/ocr.cpp...
[0.500s] Building macro definition list...
[0.500s] Building group list...
[0.500s] Building directory list...
[0.500s] Building namespace list...
[0.500s] Building file list...
[0.501s] Building class list...
[0.501s] Computing nesting relations for classes...
[0.501s] Associating documentation with classes...
[0.501s] Building example list...
[0.501s] Searching for enumerations...
[0.502s] Searching for documented typedefs...
[0.504s] Searching for members imported via using declarations...
[0.507s] Searching for included using directives...
[0.509s] Searching for documented variables...
[0.510s] Building interface member list...
[0.513s] Building member list...
[0.516s] Searching for friends...
[0.518s] Searching for documented defines...
[0.519s] Computing class inheritance relations...
[0.521s] Computing class usage relations...
[0.522s] Flushing cached template relations that have become invalid...
[0.523s] Computing class relations...
[0.523s] Add enum values to enums...
[0.524s] Searching for member function documentation...
[0.533s] Creating members for template instances...
[0.534s] Building page list...
[0.535s] Search for main page...
[0.536s] Computing page relations...
[0.536s] Determining the scope of groups...
[0.538s] Sorting lists...
[0.539s] Determining which enums are documented
[0.541s] Computing member relations...
[0.541s] Building full member lists recursively...
[0.542s] Adding members to member groups.
[0.546s] Computing member references...
[0.547s] Inheriting documentation...
[0.547s] Generating disk names...
[0.547s] Adding source references...
[0.549s] Adding xrefitems...
[0.549s] Sorting member lists...
[0.550s] Setting anonymous enum type...
[0.551s] Computing dependencies between directories...
[0.552s] Generating citations page...
[0.553s] Counting members...
[0.554s] Counting data structures...
[0.554s] Resolving user defined references...
[0.555s] Finding anchors and sections in the documentation...
[0.556s] Transferring function references...
[0.557s] Combining using relations...
[0.558s] Adding members to index pages...
[0.558s] Correcting members for VHDL...
[0.559s] Computing tooltip texts...
[0.560s] [100%] Built target text_detection_subscriber
[0.560s] Generating style sheet...
[0.561s] Generating search indices...
[0.562s] Generating example documentation...
[0.562s] Generating file sources...
[0.562s] Generating code for file include/unitree_ocr/ocr.hpp...
[0.562s] Generating file documentation...
[0.562s] Generating page documentation...
[0.563s] Generating group documentation...
[0.563s] Generating class documentation...
[0.563s] Generating namespace index...
[0.563s] Generating docs for compound unitree_ocr::TextDetector...
[0.564s] Generating graph info page...
[0.565s] Generating directory documentation...
[0.565s] Generating index page...
[0.565s] Generating page index...
[0.565s] Generating module index...
[0.565s] Generating namespace index...
[0.565s] Generating namespace member index...
[0.565s] Generating annotated compound index...
[0.574s] Generating alphabetical compound index...
[0.575s] Generating hierarchical class index...
[0.576s] Generating graphical class hierarchy...
[0.578s] Generating member index...
[0.625s] Generating file index...
[0.625s] Generating file member index...
[0.625s] Generating example index...
[0.625s] finalizing index lists...
[0.625s] writing tag file...
[0.625s] Running plantuml with JAVA...
[0.626s] Running dot...
[0.638s] lookup cache used 16/65536 hits=27 misses=16
[0.639s] finished...
[0.643s] [100%] Built target doxygen
[0.731s] Invoked command in '/home/rs/go1_robot/build/unitree_ocr' returned '0': CMAKE_PREFIX_PATH=/home/rs/go1_robot/install/unitree_ocr_interfaces:/home/rs/go1_robot/install/unitree_inspection:/home/rs/go1_robot/install/unitree_ocr:/home/rs/go1_robot/install/unitree_nav:/home/rs/go1_robot/install/unitree_nav_interfaces:/home/rs/go1_robot/install/unitree_legged_real:/home/rs/go1_robot/install/unitree_inspection_interfaces:/home/rs/go1_robot/install/ros2_unitree_legged_msgs:/home/rs/go1_robot/install/go1_description:/home/rs/go1_robot/install/unitree_nav_launch_module:/opt/ros/humble /usr/bin/cmake --build /home/rs/go1_robot/build/unitree_ocr -- -j13 -l13
[0.926s] Invoking command in '/home/rs/go1_robot/build/unitree_ocr': CMAKE_PREFIX_PATH=/home/rs/go1_robot/install/unitree_ocr_interfaces:/home/rs/go1_robot/install/unitree_inspection:/home/rs/go1_robot/install/unitree_ocr:/home/rs/go1_robot/install/unitree_nav:/home/rs/go1_robot/install/unitree_nav_interfaces:/home/rs/go1_robot/install/unitree_legged_real:/home/rs/go1_robot/install/unitree_inspection_interfaces:/home/rs/go1_robot/install/ros2_unitree_legged_msgs:/home/rs/go1_robot/install/go1_description:/home/rs/go1_robot/install/unitree_nav_launch_module:/opt/ros/humble /usr/bin/cmake --install /home/rs/go1_robot/build/unitree_ocr
[0.960s] -- Install configuration: ""
[0.960s] -- Up-to-date: /home/rs/go1_robot/install/unitree_ocr/lib/unitree_ocr/text_detection_subscriber
[0.962s] -- Up-to-date: /home/rs/go1_robot/install/unitree_ocr/include
[0.963s] -- Up-to-date: /home/rs/go1_robot/install/unitree_ocr/include/unitree_ocr
[0.963s] -- Up-to-date: /home/rs/go1_robot/install/unitree_ocr/include/unitree_ocr/ocr.hpp
[0.963s] -- Up-to-date: /home/rs/go1_robot/install/unitree_ocr/lib/libunitree_ocr.a
[0.964s] -- Up-to-date: /home/rs/go1_robot/install/unitree_ocr/lib/cmake/unitree_ocr/unitree_ocr-config.cmake
[0.964s] -- Up-to-date: /home/rs/go1_robot/install/unitree_ocr/lib/cmake/unitree_ocr/unitree_ocr-config-noconfig.cmake
[0.964s] -- Up-to-date: /home/rs/go1_robot/install/unitree_ocr/share/unitree_ocr/launch
[0.964s] -- Up-to-date: /home/rs/go1_robot/install/unitree_ocr/share/unitree_ocr/launch/text_detection_subscriber.launch.py
[0.966s] -- Up-to-date: /home/rs/go1_robot/install/unitree_ocr/share/unitree_ocr/models
[0.967s] -- Up-to-date: /home/rs/go1_robot/install/unitree_ocr/share/unitree_ocr/models/README.md
[0.967s] -- Up-to-date: /home/rs/go1_robot/install/unitree_ocr/share/ament_index/resource_index/package_run_dependencies/unitree_ocr
[0.967s] -- Up-to-date: /home/rs/go1_robot/install/unitree_ocr/share/ament_index/resource_index/parent_prefix_path/unitree_ocr
[0.967s] -- Up-to-date: /home/rs/go1_robot/install/unitree_ocr/share/unitree_ocr/environment/ament_prefix_path.sh
[0.967s] -- Up-to-date: /home/rs/go1_robot/install/unitree_ocr/share/unitree_ocr/environment/ament_prefix_path.dsv
[0.967s] -- Up-to-date: /home/rs/go1_robot/install/unitree_ocr/share/unitree_ocr/environment/path.sh
[0.967s] -- Up-to-date: /home/rs/go1_robot/install/unitree_ocr/share/unitree_ocr/environment/path.dsv
[0.967s] -- Up-to-date: /home/rs/go1_robot/install/unitree_ocr/share/unitree_ocr/local_setup.bash
[0.967s] -- Up-to-date: /home/rs/go1_robot/install/unitree_ocr/share/unitree_ocr/local_setup.sh
[0.970s] -- Up-to-date: /home/rs/go1_robot/install/unitree_ocr/share/unitree_ocr/local_setup.zsh
[0.970s] -- Up-to-date: /home/rs/go1_robot/install/unitree_ocr/share/unitree_ocr/local_setup.dsv
[0.972s] -- Installing: /home/rs/go1_robot/install/unitree_ocr/share/unitree_ocr/package.dsv
[0.975s] -- Up-to-date: /home/rs/go1_robot/install/unitree_ocr/share/ament_index/resource_index/packages/unitree_ocr
[0.975s] -- Up-to-date: /home/rs/go1_robot/install/unitree_ocr/share/unitree_ocr/cmake/unitree_ocrConfig.cmake
[0.976s] -- Up-to-date: /home/rs/go1_robot/install/unitree_ocr/share/unitree_ocr/cmake/unitree_ocrConfig-version.cmake
[0.976s] -- Up-to-date: /home/rs/go1_robot/install/unitree_ocr/share/unitree_ocr/package.xml
[0.981s] Invoked command in '/home/rs/go1_robot/build/unitree_ocr' returned '0': CMAKE_PREFIX_PATH=/home/rs/go1_robot/install/unitree_ocr_interfaces:/home/rs/go1_robot/install/unitree_inspection:/home/rs/go1_robot/install/unitree_ocr:/home/rs/go1_robot/install/unitree_nav:/home/rs/go1_robot/install/unitree_nav_interfaces:/home/rs/go1_robot/install/unitree_legged_real:/home/rs/go1_robot/install/unitree_inspection_interfaces:/home/rs/go1_robot/install/ros2_unitree_legged_msgs:/home/rs/go1_robot/install/go1_description:/home/rs/go1_robot/install/unitree_nav_launch_module:/opt/ros/humble /usr/bin/cmake --install /home/rs/go1_robot/build/unitree_ocr
