[0.059s] Invoking command in '/home/rs/final_auto/build/unitree_ocr': CMAKE_PREFIX_PATH=/home/rs/final_auto/install/unitree_ocr_interfaces:/home/rs/final_auto/install/unitree_inspection:/home/rs/final_auto/install/unitree_ocr:/home/rs/final_auto/install/unitree_nav:/home/rs/final_auto/install/unitree_nav_interfaces:/home/rs/final_auto/install/unitree_legged_real:/home/rs/final_auto/install/unitree_inspection_interfaces:/home/rs/final_auto/install/ros2_unitree_legged_msgs:/home/rs/final_auto/install/go1_description:/home/rs/final_auto/install/unitree_nav_launch_module:/opt/ros/humble /usr/bin/cmake --build /home/rs/final_auto/build/unitree_ocr -- -j13 -l13
[0.227s] [35m[1mConsolidate compiler generated dependencies of target unitree_ocr[0m
[0.311s] [ 20%] [34m[1mGenerate API documentation for doxygen[0m
[0.318s] [ 60%] Built target unitree_ocr
[0.328s] [35m[1mConsolidate compiler generated dependencies of target text_detection_subscriber[0m
[0.414s] [100%] Built target text_detection_subscriber
[0.735s] Doxygen version used: 1.9.1
[0.744s] Searching for include files...
[0.744s] Searching for example files...
[0.745s] Searching for images...
[0.745s] Searching for dot files...
[0.746s] Searching for msc files...
[0.746s] Searching for dia files...
[0.746s] Searching for files to exclude
[0.748s] Searching INPUT for files to process...
[0.748s] Reading and parsing tag files
[0.748s] Parsing files
[0.750s] Preprocessing /home/rs/final_auto/src/unitree_inspection/unitree_ocr/include/unitree_ocr/ocr.hpp...
[0.764s] Parsing file /home/rs/final_auto/src/unitree_inspection/unitree_ocr/include/unitree_ocr/ocr.hpp...
[0.769s] Preprocessing /home/rs/final_auto/src/unitree_inspection/unitree_ocr/src/ocr.cpp...
[0.770s] Parsing file /home/rs/final_auto/src/unitree_inspection/unitree_ocr/src/ocr.cpp...
[0.770s] Building macro definition list...
[0.771s] Building group list...
[0.771s] Building directory list...
[0.772s] Building namespace list...
[0.773s] Building file list...
[0.774s] Building class list...
[0.774s] Computing nesting relations for classes...
[0.774s] Associating documentation with classes...
[0.774s] Building example list...
[0.774s] Searching for enumerations...
[0.775s] Searching for documented typedefs...
[0.776s] Searching for members imported via using declarations...
[0.776s] Searching for included using directives...
[0.777s] Searching for documented variables...
[0.778s] Building interface member list...
[0.778s] Building member list...
[0.779s] Searching for friends...
[0.780s] Searching for documented defines...
[0.780s] Computing class inheritance relations...
[0.781s] Computing class usage relations...
[0.781s] Flushing cached template relations that have become invalid...
[0.781s] Computing class relations...
[0.781s] Add enum values to enums...
[0.781s] Searching for member function documentation...
[0.782s] Creating members for template instances...
[0.782s] Building page list...
[0.782s] Search for main page...
[0.782s] Computing page relations...
[0.783s] Determining the scope of groups...
[0.784s] Sorting lists...
[0.784s] Determining which enums are documented
[0.785s] Computing member relations...
[0.785s] Building full member lists recursively...
[0.786s] Adding members to member groups.
[0.786s] Computing member references...
[0.787s] Inheriting documentation...
[0.792s] Generating disk names...
[0.792s] Adding source references...
[0.793s] Adding xrefitems...
[0.793s] Sorting member lists...
[0.793s] Setting anonymous enum type...
[0.793s] Computing dependencies between directories...
[0.794s] Generating citations page...
[0.794s] Counting members...
[0.795s] Counting data structures...
[0.797s] Resolving user defined references...
[0.797s] Finding anchors and sections in the documentation...
[0.797s] Transferring function references...
[0.798s] Combining using relations...
[0.799s] Adding members to index pages...
[0.799s] Correcting members for VHDL...
[0.800s] Computing tooltip texts...
[0.815s] Generating style sheet...
[0.816s] Generating search indices...
[0.833s] Generating example documentation...
[0.833s] Generating file sources...
[0.834s] Generating code for file include/unitree_ocr/ocr.hpp...
[0.839s] Generating file documentation...
[0.840s] Generating page documentation...
[0.840s] Generating group documentation...
[0.840s] Generating class documentation...
[0.840s] Generating namespace index...
[0.840s] Generating docs for compound unitree_ocr::TextDetector...
[0.848s] Generating graph info page...
[0.852s] Generating directory documentation...
[0.856s] Generating index page...
[0.857s] Generating page index...
[0.857s] Generating module index...
[0.857s] Generating namespace index...
[0.857s] Generating namespace member index...
[0.858s] Generating annotated compound index...
[0.859s] Generating alphabetical compound index...
[0.860s] Generating hierarchical class index...
[0.860s] Generating graphical class hierarchy...
[0.861s] Generating member index...
[0.868s] Generating file index...
[0.870s] Generating file member index...
[0.870s] Generating example index...
[0.871s] finalizing index lists...
[0.871s] writing tag file...
[0.871s] Running plantuml with JAVA...
[0.872s] Running dot...
[0.891s] lookup cache used 16/65536 hits=27 misses=16
[0.891s] finished...
[0.931s] [100%] Built target doxygen
[0.960s] Invoked command in '/home/rs/final_auto/build/unitree_ocr' returned '0': CMAKE_PREFIX_PATH=/home/rs/final_auto/install/unitree_ocr_interfaces:/home/rs/final_auto/install/unitree_inspection:/home/rs/final_auto/install/unitree_ocr:/home/rs/final_auto/install/unitree_nav:/home/rs/final_auto/install/unitree_nav_interfaces:/home/rs/final_auto/install/unitree_legged_real:/home/rs/final_auto/install/unitree_inspection_interfaces:/home/rs/final_auto/install/ros2_unitree_legged_msgs:/home/rs/final_auto/install/go1_description:/home/rs/final_auto/install/unitree_nav_launch_module:/opt/ros/humble /usr/bin/cmake --build /home/rs/final_auto/build/unitree_ocr -- -j13 -l13
[1.079s] Invoking command in '/home/rs/final_auto/build/unitree_ocr': CMAKE_PREFIX_PATH=/home/rs/final_auto/install/unitree_ocr_interfaces:/home/rs/final_auto/install/unitree_inspection:/home/rs/final_auto/install/unitree_ocr:/home/rs/final_auto/install/unitree_nav:/home/rs/final_auto/install/unitree_nav_interfaces:/home/rs/final_auto/install/unitree_legged_real:/home/rs/final_auto/install/unitree_inspection_interfaces:/home/rs/final_auto/install/ros2_unitree_legged_msgs:/home/rs/final_auto/install/go1_description:/home/rs/final_auto/install/unitree_nav_launch_module:/opt/ros/humble /usr/bin/cmake --install /home/rs/final_auto/build/unitree_ocr
[1.101s] -- Install configuration: ""
[1.102s] -- Up-to-date: /home/rs/final_auto/install/unitree_ocr/lib/unitree_ocr/text_detection_subscriber
[1.104s] -- Up-to-date: /home/rs/final_auto/install/unitree_ocr/include
[1.105s] -- Up-to-date: /home/rs/final_auto/install/unitree_ocr/include/unitree_ocr
[1.105s] -- Up-to-date: /home/rs/final_auto/install/unitree_ocr/include/unitree_ocr/ocr.hpp
[1.105s] -- Up-to-date: /home/rs/final_auto/install/unitree_ocr/lib/libunitree_ocr.a
[1.106s] -- Up-to-date: /home/rs/final_auto/install/unitree_ocr/lib/cmake/unitree_ocr/unitree_ocr-config.cmake
[1.106s] -- Up-to-date: /home/rs/final_auto/install/unitree_ocr/lib/cmake/unitree_ocr/unitree_ocr-config-noconfig.cmake
[1.107s] -- Up-to-date: /home/rs/final_auto/install/unitree_ocr/share/unitree_ocr/launch
[1.114s] -- Up-to-date: /home/rs/final_auto/install/unitree_ocr/share/unitree_ocr/launch/text_detection_subscriber.launch.py
[1.114s] -- Up-to-date: /home/rs/final_auto/install/unitree_ocr/share/unitree_ocr/models
[1.114s] -- Up-to-date: /home/rs/final_auto/install/unitree_ocr/share/unitree_ocr/models/README.md
[1.115s] -- Up-to-date: /home/rs/final_auto/install/unitree_ocr/share/ament_index/resource_index/package_run_dependencies/unitree_ocr
[1.117s] -- Up-to-date: /home/rs/final_auto/install/unitree_ocr/share/ament_index/resource_index/parent_prefix_path/unitree_ocr
[1.117s] -- Up-to-date: /home/rs/final_auto/install/unitree_ocr/share/unitree_ocr/environment/ament_prefix_path.sh
[1.118s] -- Up-to-date: /home/rs/final_auto/install/unitree_ocr/share/unitree_ocr/environment/ament_prefix_path.dsv
[1.118s] -- Up-to-date: /home/rs/final_auto/install/unitree_ocr/share/unitree_ocr/environment/path.sh
[1.136s] -- Up-to-date: /home/rs/final_auto/install/unitree_ocr/share/unitree_ocr/environment/path.dsv
[1.136s] -- Up-to-date: /home/rs/final_auto/install/unitree_ocr/share/unitree_ocr/local_setup.bash
[1.136s] -- Up-to-date: /home/rs/final_auto/install/unitree_ocr/share/unitree_ocr/local_setup.sh
[1.136s] -- Up-to-date: /home/rs/final_auto/install/unitree_ocr/share/unitree_ocr/local_setup.zsh
[1.136s] -- Up-to-date: /home/rs/final_auto/install/unitree_ocr/share/unitree_ocr/local_setup.dsv
[1.136s] -- Installing: /home/rs/final_auto/install/unitree_ocr/share/unitree_ocr/package.dsv
[1.136s] -- Up-to-date: /home/rs/final_auto/install/unitree_ocr/share/ament_index/resource_index/packages/unitree_ocr
[1.137s] -- Up-to-date: /home/rs/final_auto/install/unitree_ocr/share/unitree_ocr/cmake/unitree_ocrConfig.cmake
[1.137s] -- Up-to-date: /home/rs/final_auto/install/unitree_ocr/share/unitree_ocr/cmake/unitree_ocrConfig-version.cmake
[1.137s] -- Up-to-date: /home/rs/final_auto/install/unitree_ocr/share/unitree_ocr/package.xml
[1.137s] Invoked command in '/home/rs/final_auto/build/unitree_ocr' returned '0': CMAKE_PREFIX_PATH=/home/rs/final_auto/install/unitree_ocr_interfaces:/home/rs/final_auto/install/unitree_inspection:/home/rs/final_auto/install/unitree_ocr:/home/rs/final_auto/install/unitree_nav:/home/rs/final_auto/install/unitree_nav_interfaces:/home/rs/final_auto/install/unitree_legged_real:/home/rs/final_auto/install/unitree_inspection_interfaces:/home/rs/final_auto/install/ros2_unitree_legged_msgs:/home/rs/final_auto/install/go1_description:/home/rs/final_auto/install/unitree_nav_launch_module:/opt/ros/humble /usr/bin/cmake --install /home/rs/final_auto/build/unitree_ocr
