[0.095s] Invoking command in '/home/rs/go1_robot/build/unitree_ocr_interfaces': /usr/bin/cmake --build /home/rs/go1_robot/build/unitree_ocr_interfaces -- -j13 -l13
[0.183s] [0mCMake Error: The current CMakeCache.txt directory /home/rs/go1_robot/build/unitree_ocr_interfaces/CMakeCache.txt is different than the directory /home/rs/final_auto/build/unitree_ocr_interfaces where CMakeCache.txt was created. This may result in binaries being created in the wrong place. If you are not sure, reedit the CMakeCache.txt[0m
[0.401s] -- Found ament_cmake: 1.3.9 (/opt/ros/humble/share/ament_cmake/cmake)
[0.740s] Traceback (most recent call last):
[0.740s]   File "/opt/ros/humble/share/ament_cmake_core/cmake/package_templates/templates_2_cmake.py", line 21, in <module>
[0.741s]     from ament_package.templates import get_environment_hook_template_path
[0.741s] ModuleNotFoundError: No module named 'ament_package'
[0.805s] -- Configuring incomplete, errors occurred!
[0.812s] See also "/home/rs/final_auto/build/unitree_ocr_interfaces/CMakeFiles/CMakeOutput.log".
[0.813s] [31mCMake Error at /opt/ros/humble/share/ament_cmake_core/cmake/ament_cmake_package_templates-extras.cmake:41 (message):
[0.813s]   execute_process(/usr/bin/python3
[0.814s]   /opt/ros/humble/share/ament_cmake_core/cmake/package_templates/templates_2_cmake.py
[0.814s]   /home/rs/final_auto/build/unitree_ocr_interfaces/ament_cmake_package_templates/templates.cmake)
[0.814s]   returned error code 1
[0.815s] Call Stack (most recent call first):
[0.816s]   /opt/ros/humble/share/ament_cmake_core/cmake/ament_cmake_coreConfig.cmake:41 (include)
[0.816s]   /opt/ros/humble/share/ament_cmake/cmake/ament_cmake_export_dependencies-extras.cmake:15 (find_package)
[0.823s]   /opt/ros/humble/share/ament_cmake/cmake/ament_cmakeConfig.cmake:41 (include)
[0.823s]   CMakeLists.txt:9 (find_package)
[0.827s] 
[0.827s] [0m
[0.827s] gmake: *** [Makefile:963: cmake_check_build_system] Error 1
[0.874s] Invoked command in '/home/rs/go1_robot/build/unitree_ocr_interfaces' returned '2': /usr/bin/cmake --build /home/rs/go1_robot/build/unitree_ocr_interfaces -- -j13 -l13
