[0.097s] Invoking command in '/home/rs/go1_robot/build/unitree_ocr_interfaces': CMAKE_PREFIX_PATH=${CMAKE_PREFIX_PATH}:/home/rs/go1_robot/install/unitree_nav_launch_module:/opt/ros/humble /usr/bin/cmake --build /home/rs/go1_robot/build/unitree_ocr_interfaces -- -j13 -l13
[0.289s] [  2%] Built target unitree_ocr_interfaces_msg__cpp
[0.309s] [ 12%] Built target unitree_ocr_interfaces_msg__rosidl_generator_c
[0.407s] [ 12%] Built target ament_cmake_python_copy_unitree_ocr_interfaces
[0.493s] [ 23%] Built target unitree_ocr_interfaces_msg__rosidl_typesupport_introspection_cpp
[0.496s] [ 33%] Built target unitree_ocr_interfaces_msg__rosidl_typesupport_fastrtps_cpp
[0.510s] [ 43%] Built target unitree_ocr_interfaces_msg__rosidl_typesupport_fastrtps_c
[0.519s] [ 53%] Built target unitree_ocr_interfaces_msg__rosidl_typesupport_cpp
[0.536s] [ 64%] Built target unitree_ocr_interfaces_msg__rosidl_typesupport_introspection_c
[0.547s] [ 74%] Built target unitree_ocr_interfaces_msg__rosidl_typesupport_c
[0.638s] [ 74%] Built target unitree_ocr_interfaces_msg
[0.718s] [ 76%] Built target unitree_ocr_interfaces_msg__py
[0.810s] [ 84%] Built target unitree_ocr_interfaces_msg__rosidl_generator_py
[0.923s] [ 89%] Built target unitree_ocr_interfaces__rosidl_typesupport_c__pyext
[0.932s] [ 94%] Built target unitree_ocr_interfaces__rosidl_typesupport_introspection_c__pyext
[0.934s] [100%] Built target unitree_ocr_interfaces__rosidl_typesupport_fastrtps_c__pyext
[1.304s] running egg_info
[1.306s] writing unitree_ocr_interfaces.egg-info/PKG-INFO
[1.307s] writing dependency_links to unitree_ocr_interfaces.egg-info/dependency_links.txt
[1.308s] writing top-level names to unitree_ocr_interfaces.egg-info/top_level.txt
[1.313s] reading manifest file 'unitree_ocr_interfaces.egg-info/SOURCES.txt'
[1.314s] writing manifest file 'unitree_ocr_interfaces.egg-info/SOURCES.txt'
[1.373s] [100%] Built target ament_cmake_python_build_unitree_ocr_interfaces_egg
[1.405s] Invoked command in '/home/rs/go1_robot/build/unitree_ocr_interfaces' returned '0': CMAKE_PREFIX_PATH=${CMAKE_PREFIX_PATH}:/home/rs/go1_robot/install/unitree_nav_launch_module:/opt/ros/humble /usr/bin/cmake --build /home/rs/go1_robot/build/unitree_ocr_interfaces -- -j13 -l13
[2.001s] Invoking command in '/home/rs/go1_robot/build/unitree_ocr_interfaces': CMAKE_PREFIX_PATH=${CMAKE_PREFIX_PATH}:/home/rs/go1_robot/install/unitree_nav_launch_module:/opt/ros/humble /usr/bin/cmake --install /home/rs/go1_robot/build/unitree_ocr_interfaces
[2.111s] -- Install configuration: ""
[2.112s] -- Up-to-date: /home/rs/go1_robot/install/unitree_ocr_interfaces/share/ament_index/resource_index/rosidl_interfaces/unitree_ocr_interfaces
[2.112s] -- Up-to-date: /home/rs/go1_robot/install/unitree_ocr_interfaces/include/unitree_ocr_interfaces/unitree_ocr_interfaces
[2.113s] -- Up-to-date: /home/rs/go1_robot/install/unitree_ocr_interfaces/include/unitree_ocr_interfaces/unitree_ocr_interfaces/msg
[2.117s] -- Up-to-date: /home/rs/go1_robot/install/unitree_ocr_interfaces/include/unitree_ocr_interfaces/unitree_ocr_interfaces/msg/detections.h
[2.118s] -- Up-to-date: /home/rs/go1_robot/install/unitree_ocr_interfaces/include/unitree_ocr_interfaces/unitree_ocr_interfaces/msg/detail
[2.119s] -- Up-to-date: /home/rs/go1_robot/install/unitree_ocr_interfaces/include/unitree_ocr_interfaces/unitree_ocr_interfaces/msg/detail/detection__functions.h
[2.119s] -- Up-to-date: /home/rs/go1_robot/install/unitree_ocr_interfaces/include/unitree_ocr_interfaces/unitree_ocr_interfaces/msg/detail/detections__functions.h
[2.119s] -- Up-to-date: /home/rs/go1_robot/install/unitree_ocr_interfaces/include/unitree_ocr_interfaces/unitree_ocr_interfaces/msg/detail/detections__struct.h
[2.120s] -- Up-to-date: /home/rs/go1_robot/install/unitree_ocr_interfaces/include/unitree_ocr_interfaces/unitree_ocr_interfaces/msg/detail/detection__type_support.h
[2.121s] -- Up-to-date: /home/rs/go1_robot/install/unitree_ocr_interfaces/include/unitree_ocr_interfaces/unitree_ocr_interfaces/msg/detail/detection__functions.c
[2.121s] -- Up-to-date: /home/rs/go1_robot/install/unitree_ocr_interfaces/include/unitree_ocr_interfaces/unitree_ocr_interfaces/msg/detail/detection__struct.h
[2.122s] -- Up-to-date: /home/rs/go1_robot/install/unitree_ocr_interfaces/include/unitree_ocr_interfaces/unitree_ocr_interfaces/msg/detail/detections__functions.c
[2.122s] -- Up-to-date: /home/rs/go1_robot/install/unitree_ocr_interfaces/include/unitree_ocr_interfaces/unitree_ocr_interfaces/msg/detail/detections__type_support.h
[2.122s] -- Up-to-date: /home/rs/go1_robot/install/unitree_ocr_interfaces/include/unitree_ocr_interfaces/unitree_ocr_interfaces/msg/rosidl_generator_c__visibility_control.h
[2.123s] -- Up-to-date: /home/rs/go1_robot/install/unitree_ocr_interfaces/include/unitree_ocr_interfaces/unitree_ocr_interfaces/msg/detection.h
[2.124s] -- Up-to-date: /home/rs/go1_robot/install/unitree_ocr_interfaces/share/unitree_ocr_interfaces/environment/library_path.sh
[2.125s] -- Up-to-date: /home/rs/go1_robot/install/unitree_ocr_interfaces/share/unitree_ocr_interfaces/environment/library_path.dsv
[2.125s] -- Up-to-date: /home/rs/go1_robot/install/unitree_ocr_interfaces/lib/libunitree_ocr_interfaces__rosidl_generator_c.so
[2.129s] -- Up-to-date: /home/rs/go1_robot/install/unitree_ocr_interfaces/include/unitree_ocr_interfaces/unitree_ocr_interfaces
[2.129s] -- Up-to-date: /home/rs/go1_robot/install/unitree_ocr_interfaces/include/unitree_ocr_interfaces/unitree_ocr_interfaces/msg
[2.129s] -- Up-to-date: /home/rs/go1_robot/install/unitree_ocr_interfaces/include/unitree_ocr_interfaces/unitree_ocr_interfaces/msg/detail
[2.130s] -- Up-to-date: /home/rs/go1_robot/install/unitree_ocr_interfaces/include/unitree_ocr_interfaces/unitree_ocr_interfaces/msg/detail/detection__rosidl_typesupport_fastrtps_c.h
[2.130s] -- Up-to-date: /home/rs/go1_robot/install/unitree_ocr_interfaces/include/unitree_ocr_interfaces/unitree_ocr_interfaces/msg/detail/detections__rosidl_typesupport_fastrtps_c.h
[2.130s] -- Up-to-date: /home/rs/go1_robot/install/unitree_ocr_interfaces/include/unitree_ocr_interfaces/unitree_ocr_interfaces/msg/rosidl_typesupport_fastrtps_c__visibility_control.h
[2.130s] -- Up-to-date: /home/rs/go1_robot/install/unitree_ocr_interfaces/lib/libunitree_ocr_interfaces__rosidl_typesupport_fastrtps_c.so
[2.131s] -- Up-to-date: /home/rs/go1_robot/install/unitree_ocr_interfaces/include/unitree_ocr_interfaces/unitree_ocr_interfaces
[2.131s] -- Up-to-date: /home/rs/go1_robot/install/unitree_ocr_interfaces/include/unitree_ocr_interfaces/unitree_ocr_interfaces/msg
[2.132s] -- Up-to-date: /home/rs/go1_robot/install/unitree_ocr_interfaces/include/unitree_ocr_interfaces/unitree_ocr_interfaces/msg/rosidl_typesupport_introspection_c__visibility_control.h
[2.132s] -- Up-to-date: /home/rs/go1_robot/install/unitree_ocr_interfaces/include/unitree_ocr_interfaces/unitree_ocr_interfaces/msg/detail
[2.132s] -- Up-to-date: /home/rs/go1_robot/install/unitree_ocr_interfaces/include/unitree_ocr_interfaces/unitree_ocr_interfaces/msg/detail/detection__rosidl_typesupport_introspection_c.h
[2.133s] -- Up-to-date: /home/rs/go1_robot/install/unitree_ocr_interfaces/include/unitree_ocr_interfaces/unitree_ocr_interfaces/msg/detail/detections__rosidl_typesupport_introspection_c.h
[2.133s] -- Up-to-date: /home/rs/go1_robot/install/unitree_ocr_interfaces/include/unitree_ocr_interfaces/unitree_ocr_interfaces/msg/detail/detection__type_support.c
[2.133s] -- Up-to-date: /home/rs/go1_robot/install/unitree_ocr_interfaces/include/unitree_ocr_interfaces/unitree_ocr_interfaces/msg/detail/detections__type_support.c
[2.134s] -- Up-to-date: /home/rs/go1_robot/install/unitree_ocr_interfaces/lib/libunitree_ocr_interfaces__rosidl_typesupport_introspection_c.so
[2.134s] -- Up-to-date: /home/rs/go1_robot/install/unitree_ocr_interfaces/lib/libunitree_ocr_interfaces__rosidl_typesupport_c.so
[2.134s] -- Up-to-date: /home/rs/go1_robot/install/unitree_ocr_interfaces/include/unitree_ocr_interfaces/unitree_ocr_interfaces
[2.135s] -- Up-to-date: /home/rs/go1_robot/install/unitree_ocr_interfaces/include/unitree_ocr_interfaces/unitree_ocr_interfaces/msg
[2.150s] -- Up-to-date: /home/rs/go1_robot/install/unitree_ocr_interfaces/include/unitree_ocr_interfaces/unitree_ocr_interfaces/msg/detection.hpp
[2.151s] -- Up-to-date: /home/rs/go1_robot/install/unitree_ocr_interfaces/include/unitree_ocr_interfaces/unitree_ocr_interfaces/msg/detections.hpp
[2.151s] -- Up-to-date: /home/rs/go1_robot/install/unitree_ocr_interfaces/include/unitree_ocr_interfaces/unitree_ocr_interfaces/msg/detail
[2.152s] -- Up-to-date: /home/rs/go1_robot/install/unitree_ocr_interfaces/include/unitree_ocr_interfaces/unitree_ocr_interfaces/msg/detail/detection__traits.hpp
[2.152s] -- Up-to-date: /home/rs/go1_robot/install/unitree_ocr_interfaces/include/unitree_ocr_interfaces/unitree_ocr_interfaces/msg/detail/detections__builder.hpp
[2.152s] -- Up-to-date: /home/rs/go1_robot/install/unitree_ocr_interfaces/include/unitree_ocr_interfaces/unitree_ocr_interfaces/msg/detail/detections__traits.hpp
[2.152s] -- Up-to-date: /home/rs/go1_robot/install/unitree_ocr_interfaces/include/unitree_ocr_interfaces/unitree_ocr_interfaces/msg/detail/detection__builder.hpp
[2.152s] -- Up-to-date: /home/rs/go1_robot/install/unitree_ocr_interfaces/include/unitree_ocr_interfaces/unitree_ocr_interfaces/msg/detail/detection__struct.hpp
[2.152s] -- Up-to-date: /home/rs/go1_robot/install/unitree_ocr_interfaces/include/unitree_ocr_interfaces/unitree_ocr_interfaces/msg/detail/detections__struct.hpp
[2.153s] -- Up-to-date: /home/rs/go1_robot/install/unitree_ocr_interfaces/include/unitree_ocr_interfaces/unitree_ocr_interfaces
[2.153s] -- Up-to-date: /home/rs/go1_robot/install/unitree_ocr_interfaces/include/unitree_ocr_interfaces/unitree_ocr_interfaces/msg
[2.153s] -- Up-to-date: /home/rs/go1_robot/install/unitree_ocr_interfaces/include/unitree_ocr_interfaces/unitree_ocr_interfaces/msg/detail
[2.154s] -- Up-to-date: /home/rs/go1_robot/install/unitree_ocr_interfaces/include/unitree_ocr_interfaces/unitree_ocr_interfaces/msg/detail/dds_fastrtps
[2.154s] -- Up-to-date: /home/rs/go1_robot/install/unitree_ocr_interfaces/include/unitree_ocr_interfaces/unitree_ocr_interfaces/msg/detail/detections__rosidl_typesupport_fastrtps_cpp.hpp
[2.155s] -- Up-to-date: /home/rs/go1_robot/install/unitree_ocr_interfaces/include/unitree_ocr_interfaces/unitree_ocr_interfaces/msg/detail/detection__rosidl_typesupport_fastrtps_cpp.hpp
[2.155s] -- Up-to-date: /home/rs/go1_robot/install/unitree_ocr_interfaces/include/unitree_ocr_interfaces/unitree_ocr_interfaces/msg/rosidl_typesupport_fastrtps_cpp__visibility_control.h
[2.156s] -- Up-to-date: /home/rs/go1_robot/install/unitree_ocr_interfaces/lib/libunitree_ocr_interfaces__rosidl_typesupport_fastrtps_cpp.so
[2.157s] -- Up-to-date: /home/rs/go1_robot/install/unitree_ocr_interfaces/include/unitree_ocr_interfaces/unitree_ocr_interfaces
[2.157s] -- Up-to-date: /home/rs/go1_robot/install/unitree_ocr_interfaces/include/unitree_ocr_interfaces/unitree_ocr_interfaces/msg
[2.158s] -- Up-to-date: /home/rs/go1_robot/install/unitree_ocr_interfaces/include/unitree_ocr_interfaces/unitree_ocr_interfaces/msg/detail
[2.158s] -- Up-to-date: /home/rs/go1_robot/install/unitree_ocr_interfaces/include/unitree_ocr_interfaces/unitree_ocr_interfaces/msg/detail/detections__rosidl_typesupport_introspection_cpp.hpp
[2.159s] -- Up-to-date: /home/rs/go1_robot/install/unitree_ocr_interfaces/include/unitree_ocr_interfaces/unitree_ocr_interfaces/msg/detail/detection__type_support.cpp
[2.159s] -- Up-to-date: /home/rs/go1_robot/install/unitree_ocr_interfaces/include/unitree_ocr_interfaces/unitree_ocr_interfaces/msg/detail/detections__type_support.cpp
[2.160s] -- Up-to-date: /home/rs/go1_robot/install/unitree_ocr_interfaces/include/unitree_ocr_interfaces/unitree_ocr_interfaces/msg/detail/detection__rosidl_typesupport_introspection_cpp.hpp
[2.161s] -- Up-to-date: /home/rs/go1_robot/install/unitree_ocr_interfaces/lib/libunitree_ocr_interfaces__rosidl_typesupport_introspection_cpp.so
[2.161s] -- Up-to-date: /home/rs/go1_robot/install/unitree_ocr_interfaces/lib/libunitree_ocr_interfaces__rosidl_typesupport_cpp.so
[2.161s] -- Up-to-date: /home/rs/go1_robot/install/unitree_ocr_interfaces/share/unitree_ocr_interfaces/environment/pythonpath.sh
[2.162s] -- Up-to-date: /home/rs/go1_robot/install/unitree_ocr_interfaces/share/unitree_ocr_interfaces/environment/pythonpath.dsv
[2.162s] -- Up-to-date: /home/rs/go1_robot/install/unitree_ocr_interfaces/local/lib/python3.10/dist-packages/unitree_ocr_interfaces-0.0.0-py3.10.egg-info
[2.162s] -- Installing: /home/rs/go1_robot/install/unitree_ocr_interfaces/local/lib/python3.10/dist-packages/unitree_ocr_interfaces-0.0.0-py3.10.egg-info/top_level.txt
[2.175s] -- Installing: /home/rs/go1_robot/install/unitree_ocr_interfaces/local/lib/python3.10/dist-packages/unitree_ocr_interfaces-0.0.0-py3.10.egg-info/PKG-INFO
[2.176s] -- Installing: /home/rs/go1_robot/install/unitree_ocr_interfaces/local/lib/python3.10/dist-packages/unitree_ocr_interfaces-0.0.0-py3.10.egg-info/dependency_links.txt
[2.186s] -- Installing: /home/rs/go1_robot/install/unitree_ocr_interfaces/local/lib/python3.10/dist-packages/unitree_ocr_interfaces-0.0.0-py3.10.egg-info/SOURCES.txt
[2.187s] -- Up-to-date: /home/rs/go1_robot/install/unitree_ocr_interfaces/local/lib/python3.10/dist-packages/unitree_ocr_interfaces
[2.187s] -- Up-to-date: /home/rs/go1_robot/install/unitree_ocr_interfaces/local/lib/python3.10/dist-packages/unitree_ocr_interfaces/_unitree_ocr_interfaces_s.ep.rosidl_typesupport_fastrtps_c.c
[2.188s] -- Up-to-date: /home/rs/go1_robot/install/unitree_ocr_interfaces/local/lib/python3.10/dist-packages/unitree_ocr_interfaces/_unitree_ocr_interfaces_s.ep.rosidl_typesupport_introspection_c.c
[2.188s] -- Up-to-date: /home/rs/go1_robot/install/unitree_ocr_interfaces/local/lib/python3.10/dist-packages/unitree_ocr_interfaces/unitree_ocr_interfaces_s__rosidl_typesupport_introspection_c.cpython-310-x86_64-linux-gnu.so
[2.188s] -- Up-to-date: /home/rs/go1_robot/install/unitree_ocr_interfaces/local/lib/python3.10/dist-packages/unitree_ocr_interfaces/__init__.py
[2.189s] -- Up-to-date: /home/rs/go1_robot/install/unitree_ocr_interfaces/local/lib/python3.10/dist-packages/unitree_ocr_interfaces/unitree_ocr_interfaces_s__rosidl_typesupport_c.cpython-310-x86_64-linux-gnu.so
[2.189s] -- Up-to-date: /home/rs/go1_robot/install/unitree_ocr_interfaces/local/lib/python3.10/dist-packages/unitree_ocr_interfaces/_unitree_ocr_interfaces_s.ep.rosidl_typesupport_c.c
[2.189s] -- Up-to-date: /home/rs/go1_robot/install/unitree_ocr_interfaces/local/lib/python3.10/dist-packages/unitree_ocr_interfaces/msg
[2.189s] -- Up-to-date: /home/rs/go1_robot/install/unitree_ocr_interfaces/local/lib/python3.10/dist-packages/unitree_ocr_interfaces/msg/_detection.py
[2.189s] -- Up-to-date: /home/rs/go1_robot/install/unitree_ocr_interfaces/local/lib/python3.10/dist-packages/unitree_ocr_interfaces/msg/_detection_s.c
[2.189s] -- Up-to-date: /home/rs/go1_robot/install/unitree_ocr_interfaces/local/lib/python3.10/dist-packages/unitree_ocr_interfaces/msg/_detections_s.c
[2.190s] -- Up-to-date: /home/rs/go1_robot/install/unitree_ocr_interfaces/local/lib/python3.10/dist-packages/unitree_ocr_interfaces/msg/__init__.py
[2.190s] -- Up-to-date: /home/rs/go1_robot/install/unitree_ocr_interfaces/local/lib/python3.10/dist-packages/unitree_ocr_interfaces/msg/_detections.py
[2.191s] -- Up-to-date: /home/rs/go1_robot/install/unitree_ocr_interfaces/local/lib/python3.10/dist-packages/unitree_ocr_interfaces/libunitree_ocr_interfaces_msg__rosidl_generator_py.so
[2.191s] -- Up-to-date: /home/rs/go1_robot/install/unitree_ocr_interfaces/local/lib/python3.10/dist-packages/unitree_ocr_interfaces/unitree_ocr_interfaces_s__rosidl_typesupport_fastrtps_c.cpython-310-x86_64-linux-gnu.so
[2.314s] Listing '/home/rs/go1_robot/install/unitree_ocr_interfaces/local/lib/python3.10/dist-packages/unitree_ocr_interfaces'...
[2.315s] Listing '/home/rs/go1_robot/install/unitree_ocr_interfaces/local/lib/python3.10/dist-packages/unitree_ocr_interfaces/msg'...
[2.321s] -- Up-to-date: /home/rs/go1_robot/install/unitree_ocr_interfaces/local/lib/python3.10/dist-packages/unitree_ocr_interfaces/unitree_ocr_interfaces_s__rosidl_typesupport_fastrtps_c.cpython-310-x86_64-linux-gnu.so
[2.322s] -- Up-to-date: /home/rs/go1_robot/install/unitree_ocr_interfaces/local/lib/python3.10/dist-packages/unitree_ocr_interfaces/unitree_ocr_interfaces_s__rosidl_typesupport_introspection_c.cpython-310-x86_64-linux-gnu.so
[2.324s] -- Up-to-date: /home/rs/go1_robot/install/unitree_ocr_interfaces/local/lib/python3.10/dist-packages/unitree_ocr_interfaces/unitree_ocr_interfaces_s__rosidl_typesupport_c.cpython-310-x86_64-linux-gnu.so
[2.326s] -- Up-to-date: /home/rs/go1_robot/install/unitree_ocr_interfaces/lib/libunitree_ocr_interfaces_msg__rosidl_generator_py.so
[2.327s] -- Up-to-date: /home/rs/go1_robot/install/unitree_ocr_interfaces/share/unitree_ocr_interfaces/msg/Detection.idl
[2.327s] -- Up-to-date: /home/rs/go1_robot/install/unitree_ocr_interfaces/share/unitree_ocr_interfaces/msg/Detections.idl
[2.335s] -- Up-to-date: /home/rs/go1_robot/install/unitree_ocr_interfaces/share/unitree_ocr_interfaces/msg/Detection.msg
[2.336s] -- Up-to-date: /home/rs/go1_robot/install/unitree_ocr_interfaces/share/unitree_ocr_interfaces/msg/Detections.msg
[2.338s] -- Up-to-date: /home/rs/go1_robot/install/unitree_ocr_interfaces/share/ament_index/resource_index/package_run_dependencies/unitree_ocr_interfaces
[2.339s] -- Up-to-date: /home/rs/go1_robot/install/unitree_ocr_interfaces/share/ament_index/resource_index/parent_prefix_path/unitree_ocr_interfaces
[2.340s] -- Up-to-date: /home/rs/go1_robot/install/unitree_ocr_interfaces/share/unitree_ocr_interfaces/environment/ament_prefix_path.sh
[2.341s] -- Up-to-date: /home/rs/go1_robot/install/unitree_ocr_interfaces/share/unitree_ocr_interfaces/environment/ament_prefix_path.dsv
[2.353s] -- Up-to-date: /home/rs/go1_robot/install/unitree_ocr_interfaces/share/unitree_ocr_interfaces/environment/path.sh
[2.354s] -- Up-to-date: /home/rs/go1_robot/install/unitree_ocr_interfaces/share/unitree_ocr_interfaces/environment/path.dsv
[2.354s] -- Up-to-date: /home/rs/go1_robot/install/unitree_ocr_interfaces/share/unitree_ocr_interfaces/local_setup.bash
[2.354s] -- Up-to-date: /home/rs/go1_robot/install/unitree_ocr_interfaces/share/unitree_ocr_interfaces/local_setup.sh
[2.354s] -- Up-to-date: /home/rs/go1_robot/install/unitree_ocr_interfaces/share/unitree_ocr_interfaces/local_setup.zsh
[2.355s] -- Up-to-date: /home/rs/go1_robot/install/unitree_ocr_interfaces/share/unitree_ocr_interfaces/local_setup.dsv
[2.355s] -- Installing: /home/rs/go1_robot/install/unitree_ocr_interfaces/share/unitree_ocr_interfaces/package.dsv
[2.355s] -- Up-to-date: /home/rs/go1_robot/install/unitree_ocr_interfaces/share/ament_index/resource_index/packages/unitree_ocr_interfaces
[2.356s] -- Up-to-date: /home/rs/go1_robot/install/unitree_ocr_interfaces/share/unitree_ocr_interfaces/cmake/export_unitree_ocr_interfaces_msg__rosidl_generator_cExport.cmake
[2.356s] -- Up-to-date: /home/rs/go1_robot/install/unitree_ocr_interfaces/share/unitree_ocr_interfaces/cmake/export_unitree_ocr_interfaces_msg__rosidl_generator_cExport-noconfig.cmake
[2.357s] -- Up-to-date: /home/rs/go1_robot/install/unitree_ocr_interfaces/share/unitree_ocr_interfaces/cmake/export_unitree_ocr_interfaces_msg__rosidl_typesupport_fastrtps_cExport.cmake
[2.357s] -- Up-to-date: /home/rs/go1_robot/install/unitree_ocr_interfaces/share/unitree_ocr_interfaces/cmake/export_unitree_ocr_interfaces_msg__rosidl_typesupport_fastrtps_cExport-noconfig.cmake
[2.358s] -- Up-to-date: /home/rs/go1_robot/install/unitree_ocr_interfaces/share/unitree_ocr_interfaces/cmake/unitree_ocr_interfaces_msg__rosidl_typesupport_introspection_cExport.cmake
[2.358s] -- Up-to-date: /home/rs/go1_robot/install/unitree_ocr_interfaces/share/unitree_ocr_interfaces/cmake/unitree_ocr_interfaces_msg__rosidl_typesupport_introspection_cExport-noconfig.cmake
[2.358s] -- Up-to-date: /home/rs/go1_robot/install/unitree_ocr_interfaces/share/unitree_ocr_interfaces/cmake/unitree_ocr_interfaces_msg__rosidl_typesupport_cExport.cmake
[2.358s] -- Up-to-date: /home/rs/go1_robot/install/unitree_ocr_interfaces/share/unitree_ocr_interfaces/cmake/unitree_ocr_interfaces_msg__rosidl_typesupport_cExport-noconfig.cmake
[2.358s] -- Up-to-date: /home/rs/go1_robot/install/unitree_ocr_interfaces/share/unitree_ocr_interfaces/cmake/export_unitree_ocr_interfaces_msg__rosidl_generator_cppExport.cmake
[2.358s] -- Up-to-date: /home/rs/go1_robot/install/unitree_ocr_interfaces/share/unitree_ocr_interfaces/cmake/export_unitree_ocr_interfaces_msg__rosidl_typesupport_fastrtps_cppExport.cmake
[2.359s] -- Up-to-date: /home/rs/go1_robot/install/unitree_ocr_interfaces/share/unitree_ocr_interfaces/cmake/export_unitree_ocr_interfaces_msg__rosidl_typesupport_fastrtps_cppExport-noconfig.cmake
[2.359s] -- Up-to-date: /home/rs/go1_robot/install/unitree_ocr_interfaces/share/unitree_ocr_interfaces/cmake/unitree_ocr_interfaces_msg__rosidl_typesupport_introspection_cppExport.cmake
[2.365s] -- Up-to-date: /home/rs/go1_robot/install/unitree_ocr_interfaces/share/unitree_ocr_interfaces/cmake/unitree_ocr_interfaces_msg__rosidl_typesupport_introspection_cppExport-noconfig.cmake
[2.365s] -- Up-to-date: /home/rs/go1_robot/install/unitree_ocr_interfaces/share/unitree_ocr_interfaces/cmake/unitree_ocr_interfaces_msg__rosidl_typesupport_cppExport.cmake
[2.365s] -- Up-to-date: /home/rs/go1_robot/install/unitree_ocr_interfaces/share/unitree_ocr_interfaces/cmake/unitree_ocr_interfaces_msg__rosidl_typesupport_cppExport-noconfig.cmake
[2.366s] -- Up-to-date: /home/rs/go1_robot/install/unitree_ocr_interfaces/share/unitree_ocr_interfaces/cmake/export_unitree_ocr_interfaces_msg__rosidl_generator_pyExport.cmake
[2.366s] -- Up-to-date: /home/rs/go1_robot/install/unitree_ocr_interfaces/share/unitree_ocr_interfaces/cmake/export_unitree_ocr_interfaces_msg__rosidl_generator_pyExport-noconfig.cmake
[2.366s] -- Up-to-date: /home/rs/go1_robot/install/unitree_ocr_interfaces/share/unitree_ocr_interfaces/cmake/ament_cmake_export_dependencies-extras.cmake
[2.366s] -- Up-to-date: /home/rs/go1_robot/install/unitree_ocr_interfaces/share/unitree_ocr_interfaces/cmake/rosidl_cmake-extras.cmake
[2.367s] -- Up-to-date: /home/rs/go1_robot/install/unitree_ocr_interfaces/share/unitree_ocr_interfaces/cmake/ament_cmake_export_include_directories-extras.cmake
[2.368s] -- Up-to-date: /home/rs/go1_robot/install/unitree_ocr_interfaces/share/unitree_ocr_interfaces/cmake/ament_cmake_export_libraries-extras.cmake
[2.368s] -- Up-to-date: /home/rs/go1_robot/install/unitree_ocr_interfaces/share/unitree_ocr_interfaces/cmake/ament_cmake_export_targets-extras.cmake
[2.369s] -- Up-to-date: /home/rs/go1_robot/install/unitree_ocr_interfaces/share/unitree_ocr_interfaces/cmake/rosidl_cmake_export_typesupport_targets-extras.cmake
[2.369s] -- Up-to-date: /home/rs/go1_robot/install/unitree_ocr_interfaces/share/unitree_ocr_interfaces/cmake/rosidl_cmake_export_typesupport_libraries-extras.cmake
[2.384s] -- Up-to-date: /home/rs/go1_robot/install/unitree_ocr_interfaces/share/unitree_ocr_interfaces/cmake/unitree_ocr_interfacesConfig.cmake
[2.384s] -- Up-to-date: /home/rs/go1_robot/install/unitree_ocr_interfaces/share/unitree_ocr_interfaces/cmake/unitree_ocr_interfacesConfig-version.cmake
[2.385s] -- Up-to-date: /home/rs/go1_robot/install/unitree_ocr_interfaces/share/unitree_ocr_interfaces/package.xml
[2.420s] Invoked command in '/home/rs/go1_robot/build/unitree_ocr_interfaces' returned '0': CMAKE_PREFIX_PATH=${CMAKE_PREFIX_PATH}:/home/rs/go1_robot/install/unitree_nav_launch_module:/opt/ros/humble /usr/bin/cmake --install /home/rs/go1_robot/build/unitree_ocr_interfaces
