[0.103s] Invoking command in '/home/rs/go1_robot/build/unitree_inspection_interfaces': CMAKE_PREFIX_PATH=/opt/ros/humble /usr/bin/cmake /home/rs/go1_robot/src/unitree_inspection/unitree_inspection_interfaces -DAMENT_CMAKE_SYMLINK_INSTALL=1 -DCMAKE_INSTALL_PREFIX=/home/rs/go1_robot/install/unitree_inspection_interfaces
[0.643s] -- The C compiler identification is GNU 11.4.0
[1.152s] -- The CXX compiler identification is GNU 11.4.0
[1.201s] -- Detecting C compiler ABI info
[1.496s] -- Detecting C compiler ABI info - done
[1.517s] -- Check for working C compiler: /usr/bin/cc - skipped
[1.518s] -- Detecting C compile features
[1.518s] -- Detecting C compile features - done
[1.525s] -- Detecting CXX compiler ABI info
[1.855s] -- Detecting CXX compiler ABI info - done
[1.880s] -- Check for working CXX compiler: /usr/bin/c++ - skipped
[1.880s] -- Detecting CXX compile features
[1.883s] -- Detecting CXX compile features - done
[1.889s] -- Found ament_cmake: 1.3.9 (/opt/ros/humble/share/ament_cmake/cmake)
[2.436s] -- Found Python3: /usr/bin/python3 (found version "3.10.12") found components: Interpreter 
[2.809s] -- Override CMake install command with custom implementation using symlinks instead of copying resources
[2.932s] -- Found rosidl_default_generators: 1.2.0 (/opt/ros/humble/share/rosidl_default_generators/cmake)
[2.973s] -- Using all available rosidl_typesupport_c: rosidl_typesupport_fastrtps_c;rosidl_typesupport_introspection_c
[3.049s] -- Found rosidl_adapter: 3.1.5 (/opt/ros/humble/share/rosidl_adapter/cmake)
[3.401s] -- Using all available rosidl_typesupport_cpp: rosidl_typesupport_fastrtps_cpp;rosidl_typesupport_introspection_cpp
[4.457s] -- Found ament_cmake_ros: 0.10.0 (/opt/ros/humble/share/ament_cmake_ros/cmake)
[5.215s] -- Using all available rosidl_typesupport_c: rosidl_typesupport_fastrtps_c;rosidl_typesupport_introspection_c
[5.916s] -- Using all available rosidl_typesupport_cpp: rosidl_typesupport_fastrtps_cpp;rosidl_typesupport_introspection_cpp
[5.988s] -- Found PythonInterp: /usr/bin/python3 (found suitable version "3.10.12", minimum required is "3.6") 
[5.992s] -- Found python_cmake_module: 0.10.0 (/opt/ros/humble/share/python_cmake_module/cmake)
[6.077s] -- Found PythonLibs: /usr/lib/x86_64-linux-gnu/libpython3.10.so (found suitable version "3.10.12", minimum required is "3.5") 
[6.078s] -- Using PYTHON_EXECUTABLE: /usr/bin/python3
[6.080s] -- Using PYTHON_INCLUDE_DIRS: /usr/include/python3.10
[6.082s] -- Using PYTHON_LIBRARIES: /usr/lib/x86_64-linux-gnu/libpython3.10.so
[6.142s] -- Found PythonExtra: .so  
[6.272s] -- Found ament_lint_auto: 0.12.11 (/opt/ros/humble/share/ament_lint_auto/cmake)
[6.335s] -- Added test 'lint_cmake' to check CMake code style
[6.338s] -- Added test 'xmllint' to check XML markup files
[6.356s] -- Configuring done
[6.446s] -- Generating done
[6.456s] -- Build files have been written to: /home/rs/go1_robot/build/unitree_inspection_interfaces
[6.475s] Invoked command in '/home/rs/go1_robot/build/unitree_inspection_interfaces' returned '0': CMAKE_PREFIX_PATH=/opt/ros/humble /usr/bin/cmake /home/rs/go1_robot/src/unitree_inspection/unitree_inspection_interfaces -DAMENT_CMAKE_SYMLINK_INSTALL=1 -DCMAKE_INSTALL_PREFIX=/home/rs/go1_robot/install/unitree_inspection_interfaces
[6.489s] Invoking command in '/home/rs/go1_robot/build/unitree_inspection_interfaces': CMAKE_PREFIX_PATH=/opt/ros/humble /usr/bin/cmake --build /home/rs/go1_robot/build/unitree_inspection_interfaces -- -j13 -l13
[6.675s] [  3%] [34m[1mGenerating C code for ROS interfaces[0m
[6.727s] [  6%] [34m[1mGenerating C++ code for ROS interfaces[0m
[6.772s] [  6%] Built target ament_cmake_python_symlink_unitree_inspection_interfaces
[8.244s] [  6%] Built target unitree_inspection_interfaces_msg__cpp
[8.251s] running egg_info
[8.252s] creating unitree_inspection_interfaces.egg-info
[8.252s] writing unitree_inspection_interfaces.egg-info/PKG-INFO
[8.253s] writing dependency_links to unitree_inspection_interfaces.egg-info/dependency_links.txt
[8.253s] writing top-level names to unitree_inspection_interfaces.egg-info/top_level.txt
[8.254s] writing manifest file 'unitree_inspection_interfaces.egg-info/SOURCES.txt'
[8.258s] reading manifest file 'unitree_inspection_interfaces.egg-info/SOURCES.txt'
[8.260s] writing manifest file 'unitree_inspection_interfaces.egg-info/SOURCES.txt'
[8.340s] [  9%] [34m[1mGenerating C++ type support for eProsima Fast-RTPS[0m
[8.376s] [ 12%] [34m[1mGenerating C++ type support dispatch for ROS interfaces[0m
[8.391s] [ 16%] [34m[1mGenerating C++ introspection for ROS interfaces[0m
[8.409s] [ 16%] Built target ament_cmake_python_build_unitree_inspection_interfaces_egg
[8.531s] [ 19%] [32mBuilding C object CMakeFiles/unitree_inspection_interfaces_msg__rosidl_generator_c.dir/rosidl_generator_c/unitree_inspection_interfaces/srv/detail/go_to_inspection_point__functions.c.o[0m
[9.233s] [ 22%] [32m[1mLinking C shared library libunitree_inspection_interfaces__rosidl_generator_c.so[0m
[9.427s] [ 22%] Built target unitree_inspection_interfaces_msg__rosidl_generator_c
[9.524s] [ 25%] [34m[1mGenerating C type support for eProsima Fast-RTPS[0m
[9.564s] [ 29%] [32mBuilding CXX object CMakeFiles/unitree_inspection_interfaces_msg__rosidl_typesupport_cpp.dir/rosidl_typesupport_cpp/unitree_inspection_interfaces/srv/go_to_inspection_point__type_support.cpp.o[0m
[9.586s] [ 32%] [34m[1mGenerating C introspection for ROS interfaces[0m
[9.601s] [ 35%] [32mBuilding CXX object CMakeFiles/unitree_inspection_interfaces_msg__rosidl_typesupport_fastrtps_cpp.dir/rosidl_typesupport_fastrtps_cpp/unitree_inspection_interfaces/srv/detail/dds_fastrtps/go_to_inspection_point__type_support.cpp.o[0m
[9.621s] [ 38%] [34m[1mGenerating C type support dispatch for ROS interfaces[0m
[10.554s] [ 41%] [32mBuilding CXX object CMakeFiles/unitree_inspection_interfaces_msg__rosidl_typesupport_introspection_cpp.dir/rosidl_typesupport_introspection_cpp/unitree_inspection_interfaces/srv/detail/go_to_inspection_point__type_support.cpp.o[0m
[10.894s] [ 45%] [32mBuilding CXX object CMakeFiles/unitree_inspection_interfaces_msg__rosidl_typesupport_fastrtps_c.dir/rosidl_typesupport_fastrtps_c/unitree_inspection_interfaces/srv/detail/go_to_inspection_point__type_support_c.cpp.o[0m
[11.234s] [ 48%] [32mBuilding C object CMakeFiles/unitree_inspection_interfaces_msg__rosidl_typesupport_introspection_c.dir/rosidl_typesupport_introspection_c/unitree_inspection_interfaces/srv/detail/go_to_inspection_point__type_support.c.o[0m
[11.611s] [ 51%] [32m[1mLinking C shared library libunitree_inspection_interfaces__rosidl_typesupport_introspection_c.so[0m
[11.942s] [ 54%] [32mBuilding CXX object CMakeFiles/unitree_inspection_interfaces_msg__rosidl_typesupport_c.dir/rosidl_typesupport_c/unitree_inspection_interfaces/srv/go_to_inspection_point__type_support.cpp.o[0m
[12.036s] [ 54%] Built target unitree_inspection_interfaces_msg__rosidl_typesupport_introspection_c
[12.347s] [ 58%] [32m[1mLinking CXX shared library libunitree_inspection_interfaces__rosidl_typesupport_c.so[0m
[12.553s] [ 61%] [32m[1mLinking CXX shared library libunitree_inspection_interfaces__rosidl_typesupport_cpp.so[0m
[12.613s] [ 61%] Built target unitree_inspection_interfaces_msg__rosidl_typesupport_c
[12.851s] [ 61%] Built target unitree_inspection_interfaces_msg__rosidl_typesupport_cpp
[13.187s] [ 64%] [32m[1mLinking CXX shared library libunitree_inspection_interfaces__rosidl_typesupport_introspection_cpp.so[0m
[13.188s] [ 67%] [32m[1mLinking CXX shared library libunitree_inspection_interfaces__rosidl_typesupport_fastrtps_cpp.so[0m
[13.512s] [ 70%] [32m[1mLinking CXX shared library libunitree_inspection_interfaces__rosidl_typesupport_fastrtps_c.so[0m
[13.601s] [ 70%] Built target unitree_inspection_interfaces_msg__rosidl_typesupport_introspection_cpp
[13.858s] [ 70%] Built target unitree_inspection_interfaces_msg__rosidl_typesupport_fastrtps_cpp
[14.045s] [ 70%] Built target unitree_inspection_interfaces_msg__rosidl_typesupport_fastrtps_c
[14.148s] [ 70%] Built target unitree_inspection_interfaces_msg
[14.302s] [ 74%] [34m[1mGenerating Python code for ROS interfaces[0m
[17.378s] [ 74%] Built target unitree_inspection_interfaces_msg__py
[17.582s] [ 77%] [32mBuilding C object CMakeFiles/unitree_inspection_interfaces_msg__rosidl_generator_py.dir/rosidl_generator_py/unitree_inspection_interfaces/srv/_go_to_inspection_point_s.c.o[0m
[18.736s] [ 80%] [32m[1mLinking C shared library rosidl_generator_py/unitree_inspection_interfaces/libunitree_inspection_interfaces_msg__rosidl_generator_py.so[0m
[18.973s] [ 80%] Built target unitree_inspection_interfaces_msg__rosidl_generator_py
[19.164s] [ 83%] [32mBuilding C object CMakeFiles/unitree_inspection_interfaces__rosidl_typesupport_c__pyext.dir/rosidl_generator_py/unitree_inspection_interfaces/_unitree_inspection_interfaces_s.ep.rosidl_typesupport_c.c.o[0m
[19.222s] [ 87%] [32mBuilding C object CMakeFiles/unitree_inspection_interfaces__rosidl_typesupport_fastrtps_c__pyext.dir/rosidl_generator_py/unitree_inspection_interfaces/_unitree_inspection_interfaces_s.ep.rosidl_typesupport_fastrtps_c.c.o[0m
[19.222s] [ 90%] [32mBuilding C object CMakeFiles/unitree_inspection_interfaces__rosidl_typesupport_introspection_c__pyext.dir/rosidl_generator_py/unitree_inspection_interfaces/_unitree_inspection_interfaces_s.ep.rosidl_typesupport_introspection_c.c.o[0m
[19.644s] [ 93%] [32m[1mLinking C shared library rosidl_generator_py/unitree_inspection_interfaces/unitree_inspection_interfaces_s__rosidl_typesupport_introspection_c.cpython-310-x86_64-linux-gnu.so[0m
[19.704s] [ 96%] [32m[1mLinking C shared library rosidl_generator_py/unitree_inspection_interfaces/unitree_inspection_interfaces_s__rosidl_typesupport_c.cpython-310-x86_64-linux-gnu.so[0m
[19.809s] [100%] [32m[1mLinking C shared library rosidl_generator_py/unitree_inspection_interfaces/unitree_inspection_interfaces_s__rosidl_typesupport_fastrtps_c.cpython-310-x86_64-linux-gnu.so[0m
[19.844s] [100%] Built target unitree_inspection_interfaces__rosidl_typesupport_introspection_c__pyext
[19.861s] [100%] Built target unitree_inspection_interfaces__rosidl_typesupport_c__pyext
[19.957s] [100%] Built target unitree_inspection_interfaces__rosidl_typesupport_fastrtps_c__pyext
[20.033s] Invoked command in '/home/rs/go1_robot/build/unitree_inspection_interfaces' returned '0': CMAKE_PREFIX_PATH=/opt/ros/humble /usr/bin/cmake --build /home/rs/go1_robot/build/unitree_inspection_interfaces -- -j13 -l13
[20.416s] Invoking command in '/home/rs/go1_robot/build/unitree_inspection_interfaces': CMAKE_PREFIX_PATH=/opt/ros/humble /usr/bin/cmake --install /home/rs/go1_robot/build/unitree_inspection_interfaces
[20.448s] -- Install configuration: ""
[20.449s] -- Execute custom install script
[20.450s] -- Symlinking: /home/rs/go1_robot/install/unitree_inspection_interfaces/share/ament_index/resource_index/rosidl_interfaces/unitree_inspection_interfaces
[20.477s] -- Symlinking: /home/rs/go1_robot/install/unitree_inspection_interfaces/include/unitree_inspection_interfaces/unitree_inspection_interfaces/msg/rosidl_generator_c__visibility_control.h
[20.510s] -- Symlinking: /home/rs/go1_robot/install/unitree_inspection_interfaces/include/unitree_inspection_interfaces/unitree_inspection_interfaces/srv/detail/go_to_inspection_point__functions.h
[20.548s] -- Symlinking: /home/rs/go1_robot/install/unitree_inspection_interfaces/include/unitree_inspection_interfaces/unitree_inspection_interfaces/srv/detail/go_to_inspection_point__struct.h
[20.579s] -- Symlinking: /home/rs/go1_robot/install/unitree_inspection_interfaces/include/unitree_inspection_interfaces/unitree_inspection_interfaces/srv/detail/go_to_inspection_point__type_support.h
[20.609s] -- Symlinking: /home/rs/go1_robot/install/unitree_inspection_interfaces/include/unitree_inspection_interfaces/unitree_inspection_interfaces/srv/go_to_inspection_point.h
[20.651s] -- Symlinking: /home/rs/go1_robot/install/unitree_inspection_interfaces/share/unitree_inspection_interfaces/environment/library_path.sh
[20.686s] -- Symlinking: /home/rs/go1_robot/install/unitree_inspection_interfaces/share/unitree_inspection_interfaces/environment/library_path.dsv
[20.713s] -- Symlinking: /home/rs/go1_robot/install/unitree_inspection_interfaces/include/unitree_inspection_interfaces/unitree_inspection_interfaces/msg/rosidl_typesupport_fastrtps_c__visibility_control.h
[20.750s] -- Symlinking: /home/rs/go1_robot/install/unitree_inspection_interfaces/include/unitree_inspection_interfaces/unitree_inspection_interfaces/srv/detail/go_to_inspection_point__rosidl_typesupport_fastrtps_c.h
[20.786s] -- Symlinking: /home/rs/go1_robot/install/unitree_inspection_interfaces/include/unitree_inspection_interfaces/unitree_inspection_interfaces/msg/rosidl_typesupport_introspection_c__visibility_control.h
[20.815s] -- Symlinking: /home/rs/go1_robot/install/unitree_inspection_interfaces/include/unitree_inspection_interfaces/unitree_inspection_interfaces/srv/detail/go_to_inspection_point__rosidl_typesupport_introspection_c.h
[20.847s] -- Symlinking: /home/rs/go1_robot/install/unitree_inspection_interfaces/include/unitree_inspection_interfaces/unitree_inspection_interfaces/srv/detail/go_to_inspection_point__builder.hpp
[20.876s] -- Symlinking: /home/rs/go1_robot/install/unitree_inspection_interfaces/include/unitree_inspection_interfaces/unitree_inspection_interfaces/srv/detail/go_to_inspection_point__struct.hpp
[20.903s] -- Symlinking: /home/rs/go1_robot/install/unitree_inspection_interfaces/include/unitree_inspection_interfaces/unitree_inspection_interfaces/srv/detail/go_to_inspection_point__traits.hpp
[20.935s] -- Symlinking: /home/rs/go1_robot/install/unitree_inspection_interfaces/include/unitree_inspection_interfaces/unitree_inspection_interfaces/srv/go_to_inspection_point.hpp
[20.963s] -- Symlinking: /home/rs/go1_robot/install/unitree_inspection_interfaces/include/unitree_inspection_interfaces/unitree_inspection_interfaces/msg/rosidl_typesupport_fastrtps_cpp__visibility_control.h
[21.010s] -- Symlinking: /home/rs/go1_robot/install/unitree_inspection_interfaces/include/unitree_inspection_interfaces/unitree_inspection_interfaces/srv/detail/go_to_inspection_point__rosidl_typesupport_fastrtps_cpp.hpp
[21.049s] -- Symlinking: /home/rs/go1_robot/install/unitree_inspection_interfaces/include/unitree_inspection_interfaces/unitree_inspection_interfaces/srv/detail/go_to_inspection_point__rosidl_typesupport_introspection_cpp.hpp
[21.079s] -- Symlinking: /home/rs/go1_robot/install/unitree_inspection_interfaces/share/unitree_inspection_interfaces/environment/pythonpath.sh
[21.108s] -- Symlinking: /home/rs/go1_robot/install/unitree_inspection_interfaces/share/unitree_inspection_interfaces/environment/pythonpath.dsv
[21.144s] -- Symlinking: /home/rs/go1_robot/install/unitree_inspection_interfaces/local/lib/python3.10/dist-packages/unitree_inspection_interfaces-0.0.0-py3.10.egg-info/PKG-INFO
[21.217s] -- Symlinking: /home/rs/go1_robot/install/unitree_inspection_interfaces/local/lib/python3.10/dist-packages/unitree_inspection_interfaces-0.0.0-py3.10.egg-info/SOURCES.txt
[21.277s] -- Symlinking: /home/rs/go1_robot/install/unitree_inspection_interfaces/local/lib/python3.10/dist-packages/unitree_inspection_interfaces-0.0.0-py3.10.egg-info/dependency_links.txt
[21.323s] -- Symlinking: /home/rs/go1_robot/install/unitree_inspection_interfaces/local/lib/python3.10/dist-packages/unitree_inspection_interfaces-0.0.0-py3.10.egg-info/top_level.txt
[21.360s] -- Symlinking: /home/rs/go1_robot/install/unitree_inspection_interfaces/local/lib/python3.10/dist-packages/unitree_inspection_interfaces/__init__.py
[21.385s] -- Symlinking: /home/rs/go1_robot/install/unitree_inspection_interfaces/local/lib/python3.10/dist-packages/unitree_inspection_interfaces/_unitree_inspection_interfaces_s.ep.rosidl_typesupport_c.c
[21.435s] -- Symlinking: /home/rs/go1_robot/install/unitree_inspection_interfaces/local/lib/python3.10/dist-packages/unitree_inspection_interfaces/_unitree_inspection_interfaces_s.ep.rosidl_typesupport_fastrtps_c.c
[21.565s] -- Symlinking: /home/rs/go1_robot/install/unitree_inspection_interfaces/local/lib/python3.10/dist-packages/unitree_inspection_interfaces/_unitree_inspection_interfaces_s.ep.rosidl_typesupport_introspection_c.c
[21.599s] -- Symlinking: /home/rs/go1_robot/install/unitree_inspection_interfaces/local/lib/python3.10/dist-packages/unitree_inspection_interfaces/libunitree_inspection_interfaces_msg__rosidl_generator_py.so
[21.677s] -- Symlinking: /home/rs/go1_robot/install/unitree_inspection_interfaces/local/lib/python3.10/dist-packages/unitree_inspection_interfaces/srv/__init__.py
[21.760s] -- Symlinking: /home/rs/go1_robot/install/unitree_inspection_interfaces/local/lib/python3.10/dist-packages/unitree_inspection_interfaces/srv/_go_to_inspection_point.py
[21.819s] -- Symlinking: /home/rs/go1_robot/install/unitree_inspection_interfaces/local/lib/python3.10/dist-packages/unitree_inspection_interfaces/srv/_go_to_inspection_point_s.c
[21.928s] -- Symlinking: /home/rs/go1_robot/install/unitree_inspection_interfaces/local/lib/python3.10/dist-packages/unitree_inspection_interfaces/unitree_inspection_interfaces_s__rosidl_typesupport_c.cpython-310-x86_64-linux-gnu.so
[22.026s] -- Symlinking: /home/rs/go1_robot/install/unitree_inspection_interfaces/local/lib/python3.10/dist-packages/unitree_inspection_interfaces/unitree_inspection_interfaces_s__rosidl_typesupport_fastrtps_c.cpython-310-x86_64-linux-gnu.so
[22.117s] -- Symlinking: /home/rs/go1_robot/install/unitree_inspection_interfaces/local/lib/python3.10/dist-packages/unitree_inspection_interfaces/unitree_inspection_interfaces_s__rosidl_typesupport_introspection_c.cpython-310-x86_64-linux-gnu.so
[22.215s] -- Up-to-date symlink: /home/rs/go1_robot/install/unitree_inspection_interfaces/local/lib/python3.10/dist-packages/unitree_inspection_interfaces/unitree_inspection_interfaces_s__rosidl_typesupport_fastrtps_c.cpython-310-x86_64-linux-gnu.so
[22.217s] -- Up-to-date symlink: /home/rs/go1_robot/install/unitree_inspection_interfaces/local/lib/python3.10/dist-packages/unitree_inspection_interfaces/unitree_inspection_interfaces_s__rosidl_typesupport_introspection_c.cpython-310-x86_64-linux-gnu.so
[22.217s] -- Up-to-date symlink: /home/rs/go1_robot/install/unitree_inspection_interfaces/local/lib/python3.10/dist-packages/unitree_inspection_interfaces/unitree_inspection_interfaces_s__rosidl_typesupport_c.cpython-310-x86_64-linux-gnu.so
[22.221s] -- Symlinking: /home/rs/go1_robot/install/unitree_inspection_interfaces/share/unitree_inspection_interfaces/srv/GoToInspectionPoint.idl
[22.307s] -- Symlinking: /home/rs/go1_robot/install/unitree_inspection_interfaces/share/unitree_inspection_interfaces/srv/GoToInspectionPoint.srv
[22.367s] -- Symlinking: /home/rs/go1_robot/install/unitree_inspection_interfaces/share/unitree_inspection_interfaces/srv/GoToInspectionPoint_Request.msg
[22.431s] -- Symlinking: /home/rs/go1_robot/install/unitree_inspection_interfaces/share/unitree_inspection_interfaces/srv/GoToInspectionPoint_Response.msg
[22.517s] -- Symlinking: /home/rs/go1_robot/install/unitree_inspection_interfaces/share/ament_index/resource_index/package_run_dependencies/unitree_inspection_interfaces
[22.574s] -- Symlinking: /home/rs/go1_robot/install/unitree_inspection_interfaces/share/ament_index/resource_index/parent_prefix_path/unitree_inspection_interfaces
[22.617s] -- Symlinking: /home/rs/go1_robot/install/unitree_inspection_interfaces/share/unitree_inspection_interfaces/environment/ament_prefix_path.sh
[22.677s] -- Symlinking: /home/rs/go1_robot/install/unitree_inspection_interfaces/share/unitree_inspection_interfaces/environment/ament_prefix_path.dsv
[22.762s] -- Symlinking: /home/rs/go1_robot/install/unitree_inspection_interfaces/share/unitree_inspection_interfaces/environment/path.sh
[22.803s] -- Symlinking: /home/rs/go1_robot/install/unitree_inspection_interfaces/share/unitree_inspection_interfaces/environment/path.dsv
[22.856s] -- Symlinking: /home/rs/go1_robot/install/unitree_inspection_interfaces/share/unitree_inspection_interfaces/local_setup.bash
[22.896s] -- Symlinking: /home/rs/go1_robot/install/unitree_inspection_interfaces/share/unitree_inspection_interfaces/local_setup.sh
[22.957s] -- Symlinking: /home/rs/go1_robot/install/unitree_inspection_interfaces/share/unitree_inspection_interfaces/local_setup.zsh
[23.056s] -- Symlinking: /home/rs/go1_robot/install/unitree_inspection_interfaces/share/unitree_inspection_interfaces/local_setup.dsv
[23.129s] -- Symlinking: /home/rs/go1_robot/install/unitree_inspection_interfaces/share/unitree_inspection_interfaces/package.dsv
[23.187s] -- Symlinking: /home/rs/go1_robot/install/unitree_inspection_interfaces/share/ament_index/resource_index/packages/unitree_inspection_interfaces
[23.246s] -- Symlinking: /home/rs/go1_robot/install/unitree_inspection_interfaces/share/unitree_inspection_interfaces/cmake/ament_cmake_export_dependencies-extras.cmake
[23.300s] -- Symlinking: /home/rs/go1_robot/install/unitree_inspection_interfaces/share/unitree_inspection_interfaces/cmake/rosidl_cmake-extras.cmake
[23.342s] -- Symlinking: /home/rs/go1_robot/install/unitree_inspection_interfaces/share/unitree_inspection_interfaces/cmake/ament_cmake_export_include_directories-extras.cmake
[23.385s] -- Symlinking: /home/rs/go1_robot/install/unitree_inspection_interfaces/share/unitree_inspection_interfaces/cmake/ament_cmake_export_libraries-extras.cmake
[23.417s] -- Symlinking: /home/rs/go1_robot/install/unitree_inspection_interfaces/share/unitree_inspection_interfaces/cmake/ament_cmake_export_targets-extras.cmake
[23.459s] -- Symlinking: /home/rs/go1_robot/install/unitree_inspection_interfaces/share/unitree_inspection_interfaces/cmake/rosidl_cmake_export_typesupport_targets-extras.cmake
[23.536s] -- Symlinking: /home/rs/go1_robot/install/unitree_inspection_interfaces/share/unitree_inspection_interfaces/cmake/rosidl_cmake_export_typesupport_libraries-extras.cmake
[23.566s] -- Symlinking: /home/rs/go1_robot/install/unitree_inspection_interfaces/share/unitree_inspection_interfaces/cmake/unitree_inspection_interfacesConfig.cmake
[23.609s] -- Symlinking: /home/rs/go1_robot/install/unitree_inspection_interfaces/share/unitree_inspection_interfaces/cmake/unitree_inspection_interfacesConfig-version.cmake
[23.639s] -- Symlinking: /home/rs/go1_robot/install/unitree_inspection_interfaces/share/unitree_inspection_interfaces/package.xml
[23.673s] -- Installing: /home/rs/go1_robot/install/unitree_inspection_interfaces/lib/libunitree_inspection_interfaces__rosidl_generator_c.so
[23.674s] -- Set runtime path of "/home/rs/go1_robot/install/unitree_inspection_interfaces/lib/libunitree_inspection_interfaces__rosidl_generator_c.so" to ""
[23.674s] -- Installing: /home/rs/go1_robot/install/unitree_inspection_interfaces/lib/libunitree_inspection_interfaces__rosidl_typesupport_fastrtps_c.so
[23.674s] -- Set runtime path of "/home/rs/go1_robot/install/unitree_inspection_interfaces/lib/libunitree_inspection_interfaces__rosidl_typesupport_fastrtps_c.so" to ""
[23.675s] -- Installing: /home/rs/go1_robot/install/unitree_inspection_interfaces/lib/libunitree_inspection_interfaces__rosidl_typesupport_introspection_c.so
[23.675s] -- Set runtime path of "/home/rs/go1_robot/install/unitree_inspection_interfaces/lib/libunitree_inspection_interfaces__rosidl_typesupport_introspection_c.so" to ""
[23.676s] -- Installing: /home/rs/go1_robot/install/unitree_inspection_interfaces/lib/libunitree_inspection_interfaces__rosidl_typesupport_c.so
[23.676s] -- Set runtime path of "/home/rs/go1_robot/install/unitree_inspection_interfaces/lib/libunitree_inspection_interfaces__rosidl_typesupport_c.so" to ""
[23.677s] -- Installing: /home/rs/go1_robot/install/unitree_inspection_interfaces/lib/libunitree_inspection_interfaces__rosidl_typesupport_fastrtps_cpp.so
[23.682s] -- Set runtime path of "/home/rs/go1_robot/install/unitree_inspection_interfaces/lib/libunitree_inspection_interfaces__rosidl_typesupport_fastrtps_cpp.so" to ""
[23.683s] -- Installing: /home/rs/go1_robot/install/unitree_inspection_interfaces/lib/libunitree_inspection_interfaces__rosidl_typesupport_introspection_cpp.so
[23.684s] -- Set runtime path of "/home/rs/go1_robot/install/unitree_inspection_interfaces/lib/libunitree_inspection_interfaces__rosidl_typesupport_introspection_cpp.so" to ""
[23.685s] -- Installing: /home/rs/go1_robot/install/unitree_inspection_interfaces/lib/libunitree_inspection_interfaces__rosidl_typesupport_cpp.so
[23.685s] -- Set runtime path of "/home/rs/go1_robot/install/unitree_inspection_interfaces/lib/libunitree_inspection_interfaces__rosidl_typesupport_cpp.so" to ""
[23.818s] Listing '/home/rs/go1_robot/install/unitree_inspection_interfaces/local/lib/python3.10/dist-packages/unitree_inspection_interfaces'...
[23.818s] Compiling '/home/rs/go1_robot/install/unitree_inspection_interfaces/local/lib/python3.10/dist-packages/unitree_inspection_interfaces/__init__.py'...
[23.818s] Listing '/home/rs/go1_robot/install/unitree_inspection_interfaces/local/lib/python3.10/dist-packages/unitree_inspection_interfaces/srv'...
[23.819s] Compiling '/home/rs/go1_robot/install/unitree_inspection_interfaces/local/lib/python3.10/dist-packages/unitree_inspection_interfaces/srv/__init__.py'...
[23.819s] Compiling '/home/rs/go1_robot/install/unitree_inspection_interfaces/local/lib/python3.10/dist-packages/unitree_inspection_interfaces/srv/_go_to_inspection_point.py'...
[23.827s] -- Installing: /home/rs/go1_robot/install/unitree_inspection_interfaces/lib/libunitree_inspection_interfaces_msg__rosidl_generator_py.so
[23.828s] -- Set runtime path of "/home/rs/go1_robot/install/unitree_inspection_interfaces/lib/libunitree_inspection_interfaces_msg__rosidl_generator_py.so" to ""
[23.829s] -- Installing: /home/rs/go1_robot/install/unitree_inspection_interfaces/share/unitree_inspection_interfaces/cmake/export_unitree_inspection_interfaces_msg__rosidl_generator_cExport.cmake
[23.829s] -- Installing: /home/rs/go1_robot/install/unitree_inspection_interfaces/share/unitree_inspection_interfaces/cmake/export_unitree_inspection_interfaces_msg__rosidl_generator_cExport-noconfig.cmake
[23.833s] -- Installing: /home/rs/go1_robot/install/unitree_inspection_interfaces/share/unitree_inspection_interfaces/cmake/export_unitree_inspection_interfaces_msg__rosidl_typesupport_fastrtps_cExport.cmake
[23.836s] -- Installing: /home/rs/go1_robot/install/unitree_inspection_interfaces/share/unitree_inspection_interfaces/cmake/export_unitree_inspection_interfaces_msg__rosidl_typesupport_fastrtps_cExport-noconfig.cmake
[23.838s] -- Installing: /home/rs/go1_robot/install/unitree_inspection_interfaces/share/unitree_inspection_interfaces/cmake/unitree_inspection_interfaces_msg__rosidl_typesupport_introspection_cExport.cmake
[23.838s] -- Installing: /home/rs/go1_robot/install/unitree_inspection_interfaces/share/unitree_inspection_interfaces/cmake/unitree_inspection_interfaces_msg__rosidl_typesupport_introspection_cExport-noconfig.cmake
[23.840s] -- Installing: /home/rs/go1_robot/install/unitree_inspection_interfaces/share/unitree_inspection_interfaces/cmake/unitree_inspection_interfaces_msg__rosidl_typesupport_cExport.cmake
[23.841s] -- Installing: /home/rs/go1_robot/install/unitree_inspection_interfaces/share/unitree_inspection_interfaces/cmake/unitree_inspection_interfaces_msg__rosidl_typesupport_cExport-noconfig.cmake
[23.842s] -- Installing: /home/rs/go1_robot/install/unitree_inspection_interfaces/share/unitree_inspection_interfaces/cmake/export_unitree_inspection_interfaces_msg__rosidl_generator_cppExport.cmake
[23.843s] -- Installing: /home/rs/go1_robot/install/unitree_inspection_interfaces/share/unitree_inspection_interfaces/cmake/export_unitree_inspection_interfaces_msg__rosidl_typesupport_fastrtps_cppExport.cmake
[23.853s] -- Installing: /home/rs/go1_robot/install/unitree_inspection_interfaces/share/unitree_inspection_interfaces/cmake/export_unitree_inspection_interfaces_msg__rosidl_typesupport_fastrtps_cppExport-noconfig.cmake
[23.861s] -- Installing: /home/rs/go1_robot/install/unitree_inspection_interfaces/share/unitree_inspection_interfaces/cmake/unitree_inspection_interfaces_msg__rosidl_typesupport_introspection_cppExport.cmake
[23.861s] -- Installing: /home/rs/go1_robot/install/unitree_inspection_interfaces/share/unitree_inspection_interfaces/cmake/unitree_inspection_interfaces_msg__rosidl_typesupport_introspection_cppExport-noconfig.cmake
[23.868s] -- Installing: /home/rs/go1_robot/install/unitree_inspection_interfaces/share/unitree_inspection_interfaces/cmake/unitree_inspection_interfaces_msg__rosidl_typesupport_cppExport.cmake
[23.869s] -- Installing: /home/rs/go1_robot/install/unitree_inspection_interfaces/share/unitree_inspection_interfaces/cmake/unitree_inspection_interfaces_msg__rosidl_typesupport_cppExport-noconfig.cmake
[23.869s] -- Installing: /home/rs/go1_robot/install/unitree_inspection_interfaces/share/unitree_inspection_interfaces/cmake/export_unitree_inspection_interfaces_msg__rosidl_generator_pyExport.cmake
[23.869s] -- Installing: /home/rs/go1_robot/install/unitree_inspection_interfaces/share/unitree_inspection_interfaces/cmake/export_unitree_inspection_interfaces_msg__rosidl_generator_pyExport-noconfig.cmake
[23.888s] Invoked command in '/home/rs/go1_robot/build/unitree_inspection_interfaces' returned '0': CMAKE_PREFIX_PATH=/opt/ros/humble /usr/bin/cmake --install /home/rs/go1_robot/build/unitree_inspection_interfaces
