[0.121s] Invoking command in '/home/rs/go1_robot/build/go1_description': CMAKE_PREFIX_PATH=${CMAKE_PREFIX_PATH}:/home/rs/go1_robot/install/unitree_nav_launch_module:/opt/ros/humble /usr/bin/cmake --build /home/rs/go1_robot/build/go1_description -- -j13 -l13
[0.203s] -- Found ament_cmake: 1.3.9 (/opt/ros/humble/share/ament_cmake/cmake)
[0.927s] -- Found xacro: 2.0.8 (/opt/ros/humble/share/xacro/cmake)
[0.930s] -- Found gazebo_ros: 3.7.0 (/opt/ros/humble/share/gazebo_ros/cmake)
[1.160s] -- Found rosidl_generator_c: 3.1.5 (/opt/ros/humble/share/rosidl_generator_c/cmake)
[1.165s] -- Found rosidl_adapter: 3.1.5 (/opt/ros/humble/share/rosidl_adapter/cmake)
[1.219s] -- Found rosidl_generator_cpp: 3.1.5 (/opt/ros/humble/share/rosidl_generator_cpp/cmake)
[1.266s] -- Using all available rosidl_typesupport_c: rosidl_typesupport_fastrtps_c;rosidl_typesupport_introspection_c
[1.301s] -- Using all available rosidl_typesupport_cpp: rosidl_typesupport_fastrtps_cpp;rosidl_typesupport_introspection_cpp
[1.431s] -- Found rmw_implementation_cmake: 6.1.2 (/opt/ros/humble/share/rmw_implementation_cmake/cmake)
[1.457s] -- Found rmw_fastrtps_cpp: 6.2.6 (/opt/ros/humble/share/rmw_fastrtps_cpp/cmake)
[1.835s] -- Using RMW implementation 'rmw_fastrtps_cpp' as default
[2.774s] -- Found DART: /usr/include (Required is at least version "6.6") found components: dart 
[2.848s] -- Found Protobuf: /usr/lib/x86_64-linux-gnu/libprotobuf.so (found version "3.12.4") 
[2.857s] -- Looking for ignition-math6 -- found version 6.15.1
[2.871s] -- Searching for dependencies of ignition-math6
[2.893s] -- Looking for OGRE...
[2.909s] -- Found Ogre Ghadamon (1.9.0)
[2.910s] -- Found OGRE: optimized;/usr/lib/x86_64-linux-gnu/libOgreMain.so;debug;/usr/lib/x86_64-linux-gnu/libOgreMain.so
[2.955s] -- Looking for OGRE_Paging...
[2.967s] -- Found OGRE_Paging: optimized;/usr/lib/x86_64-linux-gnu/libOgrePaging.so;debug;/usr/lib/x86_64-linux-gnu/libOgrePaging.so
[2.968s] -- Looking for OGRE_Terrain...
[2.968s] -- Found OGRE_Terrain: optimized;/usr/lib/x86_64-linux-gnu/libOgreTerrain.so;debug;/usr/lib/x86_64-linux-gnu/libOgreTerrain.so
[2.972s] -- Looking for OGRE_Property...
[2.973s] -- Found OGRE_Property: optimized;/usr/lib/x86_64-linux-gnu/libOgreProperty.so;debug;/usr/lib/x86_64-linux-gnu/libOgreProperty.so
[2.973s] -- Looking for OGRE_RTShaderSystem...
[2.974s] -- Found OGRE_RTShaderSystem: optimized;/usr/lib/x86_64-linux-gnu/libOgreRTShaderSystem.so;debug;/usr/lib/x86_64-linux-gnu/libOgreRTShaderSystem.so
[2.975s] -- Looking for OGRE_Volume...
[2.975s] -- Found OGRE_Volume: optimized;/usr/lib/x86_64-linux-gnu/libOgreVolume.so;debug;/usr/lib/x86_64-linux-gnu/libOgreVolume.so
[2.975s] -- Looking for OGRE_Overlay...
[2.976s] -- Found OGRE_Overlay: optimized;/usr/lib/x86_64-linux-gnu/libOgreOverlay.so;debug;/usr/lib/x86_64-linux-gnu/libOgreOverlay.so
[3.533s] -- Looking for ignition-math6 -- found version 6.15.1
[3.563s] -- Looking for ignition-transport8 -- found version 8.2.1
[3.585s] -- Searching for dependencies of ignition-transport8
[3.696s] -- Found Protobuf: /usr/lib/x86_64-linux-gnu/libprotobuf.so (found suitable version "3.12.4", minimum required is "3") 
[3.697s] -- Config-file not installed for ZeroMQ -- checking for pkg-config
[3.698s] -- Checking for module 'libzmq >= 4'
[3.773s] --   Found libzmq , version 4.3.4
[3.916s] -- Checking for module 'uuid'
[3.976s] --   Found uuid, version 2.37.2
[4.151s] -- Looking for ignition-msgs5 -- found version 5.8.1
[4.158s] -- Searching for dependencies of ignition-msgs5
[4.216s] -- Looking for ignition-math6 -- found version 6.15.1
[4.246s] -- Checking for module 'tinyxml2'
[4.308s] --   Found tinyxml2, version 9.0.0
[4.473s] -- Looking for ignition-msgs5 -- found version 5.8.1
[4.475s] -- Looking for ignition-common3 -- found version 3.14.0
[4.476s] -- Searching for dependencies of ignition-common3
[4.477s] -- Looking for dlfcn.h - found
[4.477s] -- Looking for libdl - found
[4.519s] -- Searching for <ignition-common3> component [graphics]
[4.521s] -- Looking for ignition-common3-graphics -- found version 3.14.0
[4.523s] -- Searching for dependencies of ignition-common3-graphics
[4.524s] -- Looking for ignition-math6 -- found version 6.15.1
[4.527s] -- Looking for ignition-fuel_tools4 -- found version 4.4.0
[4.533s] -- Searching for dependencies of ignition-fuel_tools4
[4.691s] -- Checking for module 'jsoncpp'
[4.747s] --   Found jsoncpp, version 1.9.5
[4.929s] -- Checking for module 'libzip'
[4.992s] --   Found libzip, version 1.7.3
[5.162s] -- Looking for ignition-common3 -- found version 3.14.0
[5.163s] -- Looking for ignition-math6 -- found version 6.15.1
[5.164s] -- Looking for ignition-msgs5 -- found version 5.8.1
[5.172s] -- Gazebo version: 11.10
[5.199s] -- Found urdf: 2.6.0 (/opt/ros/humble/share/urdf/cmake)
[5.279s] -- Found rviz2: 11.2.12 (/opt/ros/humble/share/rviz2/cmake)
[5.280s] -- Found robot_state_publisher: 3.0.3 (/opt/ros/humble/share/robot_state_publisher/cmake)
[5.448s] -- Found eigen3_cmake_module: 0.1.1 (/opt/ros/humble/share/eigen3_cmake_module/cmake)
[5.460s] -- Ensuring Eigen3 include directory is part of orocos-kdl CMake target
[6.804s] -- Found ament_lint_auto: 0.12.11 (/opt/ros/humble/share/ament_lint_auto/cmake)
[6.970s] -- Added test 'flake8' to check Python code syntax and style conventions
[6.971s] -- Added test 'lint_cmake' to check CMake code style
[6.973s] -- Added test 'pep257' to check Python code against some of the docstring style conventions in PEP 257
[6.977s] -- Added test 'xmllint' to check XML markup files
[6.979s] -- Configuring done
[7.015s] -- Generating done
[7.025s] -- Build files have been written to: /home/rs/go1_robot/build/go1_description
[7.096s] Invoked command in '/home/rs/go1_robot/build/go1_description' returned '0': CMAKE_PREFIX_PATH=${CMAKE_PREFIX_PATH}:/home/rs/go1_robot/install/unitree_nav_launch_module:/opt/ros/humble /usr/bin/cmake --build /home/rs/go1_robot/build/go1_description -- -j13 -l13
[7.170s] Invoking command in '/home/rs/go1_robot/build/go1_description': CMAKE_PREFIX_PATH=${CMAKE_PREFIX_PATH}:/home/rs/go1_robot/install/unitree_nav_launch_module:/opt/ros/humble /usr/bin/cmake --install /home/rs/go1_robot/build/go1_description
[7.192s] -- Install configuration: ""
[7.192s] -- Up-to-date: /home/rs/go1_robot/install/go1_description/share/go1_description//launch
[7.192s] -- Up-to-date: /home/rs/go1_robot/install/go1_description/share/go1_description//launch/gazebo_with_gui.launch.py
[7.192s] -- Up-to-date: /home/rs/go1_robot/install/go1_description/share/go1_description//launch/load_go1.launch.py
[7.192s] -- Up-to-date: /home/rs/go1_robot/install/go1_description/share/go1_description//launch/spawn_go1.launch.py
[7.193s] -- Up-to-date: /home/rs/go1_robot/install/go1_description/share/go1_description//config
[7.193s] -- Up-to-date: /home/rs/go1_robot/install/go1_description/share/go1_description//config/go1.rviz
[7.193s] -- Up-to-date: /home/rs/go1_robot/install/go1_description/share/go1_description//meshes
[7.195s] -- Up-to-date: /home/rs/go1_robot/install/go1_description/share/go1_description//meshes/thigh.dae
[7.196s] -- Up-to-date: /home/rs/go1_robot/install/go1_description/share/go1_description//meshes/depthCamera.dae
[7.196s] -- Up-to-date: /home/rs/go1_robot/install/go1_description/share/go1_description//meshes/thigh_mirror.dae
[7.196s] -- Up-to-date: /home/rs/go1_robot/install/go1_description/share/go1_description//meshes/ultraSound.dae
[7.196s] -- Up-to-date: /home/rs/go1_robot/install/go1_description/share/go1_description//meshes/calf.dae
[7.196s] -- Up-to-date: /home/rs/go1_robot/install/go1_description/share/go1_description//meshes/trunk.dae
[7.196s] -- Up-to-date: /home/rs/go1_robot/install/go1_description/share/go1_description//meshes/hip.dae
[7.196s] -- Up-to-date: /home/rs/go1_robot/install/go1_description/share/go1_description//xacro
[7.196s] -- Up-to-date: /home/rs/go1_robot/install/go1_description/share/go1_description//xacro/robot.urdf
[7.196s] -- Up-to-date: /home/rs/go1_robot/install/go1_description/share/go1_description//xacro/depthCamera.xacro
[7.197s] -- Up-to-date: /home/rs/go1_robot/install/go1_description/share/go1_description//xacro/gazebo.xacro
[7.197s] -- Up-to-date: /home/rs/go1_robot/install/go1_description/share/go1_description//xacro/const.xacro
[7.197s] -- Up-to-date: /home/rs/go1_robot/install/go1_description/share/go1_description//xacro/transmission.xacro
[7.198s] -- Up-to-date: /home/rs/go1_robot/install/go1_description/share/go1_description//xacro/leg.xacro
[7.199s] -- Up-to-date: /home/rs/go1_robot/install/go1_description/share/go1_description//xacro/robot.xacro
[7.199s] -- Up-to-date: /home/rs/go1_robot/install/go1_description/share/go1_description//xacro/ultraSound.xacro
[7.200s] -- Up-to-date: /home/rs/go1_robot/install/go1_description/share/go1_description//xacro/materials.xacro
[7.200s] -- Installing: /home/rs/go1_robot/install/go1_description/share/ament_index/resource_index/package_run_dependencies/go1_description
[7.200s] -- Installing: /home/rs/go1_robot/install/go1_description/share/ament_index/resource_index/parent_prefix_path/go1_description
[7.201s] -- Up-to-date: /home/rs/go1_robot/install/go1_description/share/go1_description/environment/ament_prefix_path.sh
[7.201s] -- Installing: /home/rs/go1_robot/install/go1_description/share/go1_description/environment/ament_prefix_path.dsv
[7.202s] -- Up-to-date: /home/rs/go1_robot/install/go1_description/share/go1_description/environment/path.sh
[7.203s] -- Installing: /home/rs/go1_robot/install/go1_description/share/go1_description/environment/path.dsv
[7.203s] -- Up-to-date: /home/rs/go1_robot/install/go1_description/share/go1_description/local_setup.bash
[7.204s] -- Up-to-date: /home/rs/go1_robot/install/go1_description/share/go1_description/local_setup.sh
[7.204s] -- Up-to-date: /home/rs/go1_robot/install/go1_description/share/go1_description/local_setup.zsh
[7.204s] -- Installing: /home/rs/go1_robot/install/go1_description/share/go1_description/local_setup.dsv
[7.204s] -- Installing: /home/rs/go1_robot/install/go1_description/share/go1_description/package.dsv
[7.204s] -- Up-to-date: /home/rs/go1_robot/install/go1_description/share/ament_index/resource_index/packages/go1_description
[7.204s] -- Up-to-date: /home/rs/go1_robot/install/go1_description/share/go1_description/cmake/go1_descriptionConfig.cmake
[7.204s] -- Up-to-date: /home/rs/go1_robot/install/go1_description/share/go1_description/cmake/go1_descriptionConfig-version.cmake
[7.205s] -- Installing: /home/rs/go1_robot/install/go1_description/share/go1_description/package.xml
[7.210s] Invoked command in '/home/rs/go1_robot/build/go1_description' returned '0': CMAKE_PREFIX_PATH=${CMAKE_PREFIX_PATH}:/home/rs/go1_robot/install/unitree_nav_launch_module:/opt/ros/humble /usr/bin/cmake --install /home/rs/go1_robot/build/go1_description
