[0.133s] Invoking command in '/home/rs/final_auto/build/go1_description': CMAKE_PREFIX_PATH=${CMAKE_PREFIX_PATH}:/home/rs/final_auto/install/unitree_nav_launch_module:/opt/ros/humble /usr/bin/cmake --build /home/rs/final_auto/build/go1_description -- -j13 -l13
[1.284s] Invoked command in '/home/rs/final_auto/build/go1_description' returned '0': CMAKE_PREFIX_PATH=${CMAKE_PREFIX_PATH}:/home/rs/final_auto/install/unitree_nav_launch_module:/opt/ros/humble /usr/bin/cmake --build /home/rs/final_auto/build/go1_description -- -j13 -l13
[1.387s] Invoking command in '/home/rs/final_auto/build/go1_description': CMAKE_PREFIX_PATH=${CMAKE_PREFIX_PATH}:/home/rs/final_auto/install/unitree_nav_launch_module:/opt/ros/humble /usr/bin/cmake --install /home/rs/final_auto/build/go1_description
[1.413s] -- Install configuration: ""
[1.414s] -- Up-to-date: /home/rs/final_auto/install/go1_description/share/go1_description//launch
[1.414s] -- Up-to-date: /home/rs/final_auto/install/go1_description/share/go1_description//launch/gazebo_with_gui.launch.py
[1.415s] -- Installing: /home/rs/final_auto/install/go1_description/share/go1_description//launch/load_go1.launch.py
[1.415s] -- Up-to-date: /home/rs/final_auto/install/go1_description/share/go1_description//launch/spawn_go1.launch.py
[1.416s] -- Up-to-date: /home/rs/final_auto/install/go1_description/share/go1_description//config
[1.416s] -- Up-to-date: /home/rs/final_auto/install/go1_description/share/go1_description//config/go1.rviz
[1.418s] -- Up-to-date: /home/rs/final_auto/install/go1_description/share/go1_description//meshes
[1.419s] -- Up-to-date: /home/rs/final_auto/install/go1_description/share/go1_description//meshes/thigh.dae
[1.419s] -- Up-to-date: /home/rs/final_auto/install/go1_description/share/go1_description//meshes/depthCamera.dae
[1.420s] -- Up-to-date: /home/rs/final_auto/install/go1_description/share/go1_description//meshes/thigh_mirror.dae
[1.421s] -- Up-to-date: /home/rs/final_auto/install/go1_description/share/go1_description//meshes/ultraSound.dae
[1.424s] -- Up-to-date: /home/rs/final_auto/install/go1_description/share/go1_description//meshes/calf.dae
[1.427s] -- Up-to-date: /home/rs/final_auto/install/go1_description/share/go1_description//meshes/trunk.dae
[1.441s] -- Up-to-date: /home/rs/final_auto/install/go1_description/share/go1_description//meshes/hip.dae
[1.442s] -- Up-to-date: /home/rs/final_auto/install/go1_description/share/go1_description//xacro
[1.442s] -- Up-to-date: /home/rs/final_auto/install/go1_description/share/go1_description//xacro/robot.urdf
[1.443s] -- Up-to-date: /home/rs/final_auto/install/go1_description/share/go1_description//xacro/depthCamera.xacro
[1.444s] -- Up-to-date: /home/rs/final_auto/install/go1_description/share/go1_description//xacro/gazebo.xacro
[1.444s] -- Up-to-date: /home/rs/final_auto/install/go1_description/share/go1_description//xacro/const.xacro
[1.444s] -- Up-to-date: /home/rs/final_auto/install/go1_description/share/go1_description//xacro/transmission.xacro
[1.445s] -- Up-to-date: /home/rs/final_auto/install/go1_description/share/go1_description//xacro/leg.xacro
[1.445s] -- Up-to-date: /home/rs/final_auto/install/go1_description/share/go1_description//xacro/robot.xacro
[1.445s] -- Up-to-date: /home/rs/final_auto/install/go1_description/share/go1_description//xacro/ultraSound.xacro
[1.446s] -- Up-to-date: /home/rs/final_auto/install/go1_description/share/go1_description//xacro/materials.xacro
[1.446s] -- Up-to-date: /home/rs/final_auto/install/go1_description/share/ament_index/resource_index/package_run_dependencies/go1_description
[1.446s] -- Up-to-date: /home/rs/final_auto/install/go1_description/share/ament_index/resource_index/parent_prefix_path/go1_description
[1.446s] -- Up-to-date: /home/rs/final_auto/install/go1_description/share/go1_description/environment/ament_prefix_path.sh
[1.447s] -- Up-to-date: /home/rs/final_auto/install/go1_description/share/go1_description/environment/ament_prefix_path.dsv
[1.447s] -- Up-to-date: /home/rs/final_auto/install/go1_description/share/go1_description/environment/path.sh
[1.448s] -- Up-to-date: /home/rs/final_auto/install/go1_description/share/go1_description/environment/path.dsv
[1.448s] -- Up-to-date: /home/rs/final_auto/install/go1_description/share/go1_description/local_setup.bash
[1.448s] -- Up-to-date: /home/rs/final_auto/install/go1_description/share/go1_description/local_setup.sh
[1.448s] -- Up-to-date: /home/rs/final_auto/install/go1_description/share/go1_description/local_setup.zsh
[1.448s] -- Up-to-date: /home/rs/final_auto/install/go1_description/share/go1_description/local_setup.dsv
[1.448s] -- Installing: /home/rs/final_auto/install/go1_description/share/go1_description/package.dsv
[1.448s] -- Up-to-date: /home/rs/final_auto/install/go1_description/share/ament_index/resource_index/packages/go1_description
[1.448s] -- Up-to-date: /home/rs/final_auto/install/go1_description/share/go1_description/cmake/go1_descriptionConfig.cmake
[1.448s] -- Up-to-date: /home/rs/final_auto/install/go1_description/share/go1_description/cmake/go1_descriptionConfig-version.cmake
[1.449s] -- Up-to-date: /home/rs/final_auto/install/go1_description/share/go1_description/package.xml
[1.449s] Invoked command in '/home/rs/final_auto/build/go1_description' returned '0': CMAKE_PREFIX_PATH=${CMAKE_PREFIX_PATH}:/home/rs/final_auto/install/unitree_nav_launch_module:/opt/ros/humble /usr/bin/cmake --install /home/rs/final_auto/build/go1_description
