[  3%] Built target unitree_inspection_interfaces_msg__cpp
[  3%] Built target ament_cmake_python_copy_unitree_inspection_interfaces
[ 12%] Built target unitree_inspection_interfaces_msg__rosidl_generator_c
[ 32%] Built target unitree_inspection_interfaces_msg__rosidl_typesupport_introspection_cpp
[ 32%] Built target unitree_inspection_interfaces_msg__rosidl_typesupport_fastrtps_cpp
[ 41%] Built target unitree_inspection_interfaces_msg__rosidl_typesupport_cpp
[ 51%] Built target unitree_inspection_interfaces_msg__rosidl_typesupport_introspection_c
[ 61%] Built target unitree_inspection_interfaces_msg__rosidl_typesupport_c
[ 70%] Built target unitree_inspection_interfaces_msg__rosidl_typesupport_fastrtps_c
[ 70%] Built target unitree_inspection_interfaces_msg
[ 74%] Built target unitree_inspection_interfaces_msg__py
[ 80%] Built target unitree_inspection_interfaces_msg__rosidl_generator_py
[ 87%] Built target unitree_inspection_interfaces__rosidl_typesupport_introspection_c__pyext
[ 93%] Built target unitree_inspection_interfaces__rosidl_typesupport_fastrtps_c__pyext
[100%] Built target unitree_inspection_interfaces__rosidl_typesupport_c__pyext
running egg_info
writing unitree_inspection_interfaces.egg-info/PKG-INFO
writing dependency_links to unitree_inspection_interfaces.egg-info/dependency_links.txt
writing top-level names to unitree_inspection_interfaces.egg-info/top_level.txt
reading manifest file 'unitree_inspection_interfaces.egg-info/SOURCES.txt'
writing manifest file 'unitree_inspection_interfaces.egg-info/SOURCES.txt'
[100%] Built target ament_cmake_python_build_unitree_inspection_interfaces_egg
