[0.131s] Invoking command in '/home/rs/go1_robot/build/go1_description': CMAKE_PREFIX_PATH=${CMAKE_PREFIX_PATH}:/home/rs/go1_robot/install/unitree_nav_launch_module:/opt/ros/humble /usr/bin/cmake --build /home/rs/go1_robot/build/go1_description -- -j13 -l13
[1.285s] Invoked command in '/home/rs/go1_robot/build/go1_description' returned '0': CMAKE_PREFIX_PATH=${CMAKE_PREFIX_PATH}:/home/rs/go1_robot/install/unitree_nav_launch_module:/opt/ros/humble /usr/bin/cmake --build /home/rs/go1_robot/build/go1_description -- -j13 -l13
[1.408s] Invoking command in '/home/rs/go1_robot/build/go1_description': CMAKE_PREFIX_PATH=${CMAKE_PREFIX_PATH}:/home/rs/go1_robot/install/unitree_nav_launch_module:/opt/ros/humble /usr/bin/cmake --install /home/rs/go1_robot/build/go1_description
[1.439s] -- Install configuration: ""
[1.441s] -- Up-to-date: /home/rs/go1_robot/install/go1_description/share/go1_description//launch
[1.442s] -- Up-to-date: /home/rs/go1_robot/install/go1_description/share/go1_description//launch/gazebo_with_gui.launch.py
[1.443s] -- Installing: /home/rs/go1_robot/install/go1_description/share/go1_description//launch/load_go1.launch.py
[1.444s] -- Up-to-date: /home/rs/go1_robot/install/go1_description/share/go1_description//launch/spawn_go1.launch.py
[1.445s] -- Up-to-date: /home/rs/go1_robot/install/go1_description/share/go1_description//config
[1.445s] -- Up-to-date: /home/rs/go1_robot/install/go1_description/share/go1_description//config/go1.rviz
[1.446s] -- Up-to-date: /home/rs/go1_robot/install/go1_description/share/go1_description//meshes
[1.446s] -- Up-to-date: /home/rs/go1_robot/install/go1_description/share/go1_description//meshes/thigh.dae
[1.449s] -- Up-to-date: /home/rs/go1_robot/install/go1_description/share/go1_description//meshes/depthCamera.dae
[1.449s] -- Up-to-date: /home/rs/go1_robot/install/go1_description/share/go1_description//meshes/thigh_mirror.dae
[1.450s] -- Up-to-date: /home/rs/go1_robot/install/go1_description/share/go1_description//meshes/ultraSound.dae
[1.453s] -- Up-to-date: /home/rs/go1_robot/install/go1_description/share/go1_description//meshes/calf.dae
[1.453s] -- Up-to-date: /home/rs/go1_robot/install/go1_description/share/go1_description//meshes/trunk.dae
[1.454s] -- Up-to-date: /home/rs/go1_robot/install/go1_description/share/go1_description//meshes/hip.dae
[1.454s] -- Up-to-date: /home/rs/go1_robot/install/go1_description/share/go1_description//xacro
[1.455s] -- Up-to-date: /home/rs/go1_robot/install/go1_description/share/go1_description//xacro/depthCamera.xacro
[1.455s] -- Up-to-date: /home/rs/go1_robot/install/go1_description/share/go1_description//xacro/gazebo.xacro
[1.456s] -- Up-to-date: /home/rs/go1_robot/install/go1_description/share/go1_description//xacro/const.xacro
[1.457s] -- Up-to-date: /home/rs/go1_robot/install/go1_description/share/go1_description//xacro/transmission.xacro
[1.458s] -- Up-to-date: /home/rs/go1_robot/install/go1_description/share/go1_description//xacro/leg.xacro
[1.459s] -- Up-to-date: /home/rs/go1_robot/install/go1_description/share/go1_description//xacro/robot.xacro
[1.459s] -- Up-to-date: /home/rs/go1_robot/install/go1_description/share/go1_description//xacro/ultraSound.xacro
[1.461s] -- Up-to-date: /home/rs/go1_robot/install/go1_description/share/go1_description//xacro/materials.xacro
[1.461s] -- Up-to-date: /home/rs/go1_robot/install/go1_description/share/go1_description//urdf
[1.470s] -- Up-to-date: /home/rs/go1_robot/install/go1_description/share/go1_description//urdf/robot.urdf
[1.471s] -- Up-to-date: /home/rs/go1_robot/install/go1_description/share/ament_index/resource_index/package_run_dependencies/go1_description
[1.473s] -- Up-to-date: /home/rs/go1_robot/install/go1_description/share/ament_index/resource_index/parent_prefix_path/go1_description
[1.474s] -- Up-to-date: /home/rs/go1_robot/install/go1_description/share/go1_description/environment/ament_prefix_path.sh
[1.474s] -- Up-to-date: /home/rs/go1_robot/install/go1_description/share/go1_description/environment/ament_prefix_path.dsv
[1.475s] -- Up-to-date: /home/rs/go1_robot/install/go1_description/share/go1_description/environment/path.sh
[1.475s] -- Up-to-date: /home/rs/go1_robot/install/go1_description/share/go1_description/environment/path.dsv
[1.476s] -- Up-to-date: /home/rs/go1_robot/install/go1_description/share/go1_description/local_setup.bash
[1.477s] -- Up-to-date: /home/rs/go1_robot/install/go1_description/share/go1_description/local_setup.sh
[1.478s] -- Up-to-date: /home/rs/go1_robot/install/go1_description/share/go1_description/local_setup.zsh
[1.479s] -- Up-to-date: /home/rs/go1_robot/install/go1_description/share/go1_description/local_setup.dsv
[1.482s] -- Installing: /home/rs/go1_robot/install/go1_description/share/go1_description/package.dsv
[1.482s] -- Up-to-date: /home/rs/go1_robot/install/go1_description/share/ament_index/resource_index/packages/go1_description
[1.483s] -- Up-to-date: /home/rs/go1_robot/install/go1_description/share/go1_description/cmake/go1_descriptionConfig.cmake
[1.484s] -- Up-to-date: /home/rs/go1_robot/install/go1_description/share/go1_description/cmake/go1_descriptionConfig-version.cmake
[1.486s] -- Up-to-date: /home/rs/go1_robot/install/go1_description/share/go1_description/package.xml
[1.487s] Invoked command in '/home/rs/go1_robot/build/go1_description' returned '0': CMAKE_PREFIX_PATH=${CMAKE_PREFIX_PATH}:/home/rs/go1_robot/install/unitree_nav_launch_module:/opt/ros/humble /usr/bin/cmake --install /home/rs/go1_robot/build/go1_description
