[0.118s] Invoking command in '/home/rs/go1_robot/build/go1_description': /usr/bin/cmake --build /home/rs/go1_robot/build/go1_description -- -j13 -l13
[0.213s] -- Found ament_cmake: 1.3.9 (/opt/ros/humble/share/ament_cmake/cmake)
[1.063s] -- Found xacro: 2.0.8 (/opt/ros/humble/share/xacro/cmake)
[1.076s] -- Found gazebo_ros: 3.7.0 (/opt/ros/humble/share/gazebo_ros/cmake)
[1.334s] -- Found rosidl_generator_c: 3.1.5 (/opt/ros/humble/share/rosidl_generator_c/cmake)
[1.348s] -- Found rosidl_adapter: 3.1.5 (/opt/ros/humble/share/rosidl_adapter/cmake)
[1.375s] -- Found rosidl_generator_cpp: 3.1.5 (/opt/ros/humble/share/rosidl_generator_cpp/cmake)
[1.413s] -- Using all available rosidl_typesupport_c: rosidl_typesupport_fastrtps_c;rosidl_typesupport_introspection_c
[1.449s] -- Using all available rosidl_typesupport_cpp: rosidl_typesupport_fastrtps_cpp;rosidl_typesupport_introspection_cpp
[1.701s] -- Found rmw_implementation_cmake: 6.1.2 (/opt/ros/humble/share/rmw_implementation_cmake/cmake)
[1.713s] -- Found rmw_fastrtps_cpp: 6.2.6 (/opt/ros/humble/share/rmw_fastrtps_cpp/cmake)
[2.269s] -- Found OpenSSL: /usr/lib/x86_64-linux-gnu/libcrypto.so (found version "3.0.2")  
[2.343s] -- Found FastRTPS: /opt/ros/humble/include  
[2.465s] -- Using RMW implementation 'rmw_fastrtps_cpp' as default
[2.594s] -- Looking for pthread.h
[3.027s] -- Looking for pthread.h - found
[3.029s] -- Performing Test CMAKE_HAVE_LIBC_PTHREAD
[3.318s] -- Performing Test CMAKE_HAVE_LIBC_PTHREAD - Success
[3.320s] -- Found Threads: TRUE  
[3.959s] -- Found PkgConfig: /usr/bin/pkg-config (found version "0.29.2") 
[3.965s] -- Checking for module 'bullet>=2.82'
[4.031s] --   Found bullet, version 3.05
[4.517s] -- Found fcl: /usr/include (found suitable version "0.7.0", minimum required is "0.5.0") 
[4.694s] -- Found assimp: /usr/include (found version "5.2.0") 
[4.845s] -- Found DART: /usr/include (Required is at least version "6.6") found components: dart 
[4.969s] -- Found Boost: /usr/lib/x86_64-linux-gnu/cmake/Boost-1.74.0/BoostConfig.cmake (found suitable version "1.74.0", minimum required is "1.40.0") found components: thread system filesystem program_options regex iostreams date_time 
[5.082s] -- Found Protobuf: /usr/lib/x86_64-linux-gnu/libprotobuf.so (found version "3.12.4") 
[5.119s] -- Looking for ignition-math6 -- found version 6.15.1
[5.153s] -- Searching for dependencies of ignition-math6
[5.161s] -- Looking for OGRE...
[5.162s] -- OGRE_PREFIX_WATCH changed.
[5.177s] -- Checking for module 'OGRE'
[5.221s] --   Found OGRE, version 1.9.0
[5.391s] -- Found Ogre Ghadamon (1.9.0)
[5.406s] -- Found OGRE: optimized;/usr/lib/x86_64-linux-gnu/libOgreMain.so;debug;/usr/lib/x86_64-linux-gnu/libOgreMain.so
[5.434s] -- Looking for OGRE_Paging...
[5.449s] -- Found OGRE_Paging: optimized;/usr/lib/x86_64-linux-gnu/libOgrePaging.so;debug;/usr/lib/x86_64-linux-gnu/libOgrePaging.so
[5.450s] -- Looking for OGRE_Terrain...
[5.457s] -- Found OGRE_Terrain: optimized;/usr/lib/x86_64-linux-gnu/libOgreTerrain.so;debug;/usr/lib/x86_64-linux-gnu/libOgreTerrain.so
[5.457s] -- Looking for OGRE_Property...
[5.468s] -- Found OGRE_Property: optimized;/usr/lib/x86_64-linux-gnu/libOgreProperty.so;debug;/usr/lib/x86_64-linux-gnu/libOgreProperty.so
[5.468s] -- Looking for OGRE_RTShaderSystem...
[5.481s] -- Found OGRE_RTShaderSystem: optimized;/usr/lib/x86_64-linux-gnu/libOgreRTShaderSystem.so;debug;/usr/lib/x86_64-linux-gnu/libOgreRTShaderSystem.so
[5.482s] -- Looking for OGRE_Volume...
[5.508s] -- Found OGRE_Volume: optimized;/usr/lib/x86_64-linux-gnu/libOgreVolume.so;debug;/usr/lib/x86_64-linux-gnu/libOgreVolume.so
[5.508s] -- Looking for OGRE_Overlay...
[5.532s] -- Found OGRE_Overlay: optimized;/usr/lib/x86_64-linux-gnu/libOgreOverlay.so;debug;/usr/lib/x86_64-linux-gnu/libOgreOverlay.so
[5.890s] -- Looking for ignition-math6 -- found version 6.15.1
[5.904s] -- Looking for ignition-transport8 -- found version 8.2.1
[5.905s] -- Searching for dependencies of ignition-transport8
[5.950s] -- Found Protobuf: /usr/lib/x86_64-linux-gnu/libprotobuf.so (found suitable version "3.12.4", minimum required is "3") 
[5.977s] -- Config-file not installed for ZeroMQ -- checking for pkg-config
[5.992s] -- Checking for module 'libzmq >= 4'
[6.049s] --   Found libzmq , version 4.3.4
[6.154s] -- Found ZeroMQ: TRUE (Required is at least version "4") 
[6.171s] -- Checking for module 'uuid'
[6.210s] --   Found uuid, version 2.37.2
[6.297s] -- Found UUID: TRUE  
[6.306s] -- Looking for ignition-msgs5 -- found version 5.8.1
[6.306s] -- Searching for dependencies of ignition-msgs5
[6.347s] -- Looking for ignition-math6 -- found version 6.15.1
[6.364s] -- Checking for module 'tinyxml2'
[6.393s] --   Found tinyxml2, version 9.0.0
[6.489s] -- Looking for ignition-msgs5 -- found version 5.8.1
[6.500s] -- Looking for ignition-common3 -- found version 3.14.0
[6.501s] -- Searching for dependencies of ignition-common3
[6.502s] -- Looking for dlfcn.h - found
[6.503s] -- Looking for libdl - found
[6.506s] -- Found DL: TRUE  
[6.530s] -- Found tinyobjloader: /usr/lib/x86_64-linux-gnu/cmake/tinyobjloader/tinyobjloader-config.cmake (found version "2.0.0") 
[6.532s] -- Searching for <ignition-common3> component [graphics]
[6.542s] -- Looking for ignition-common3-graphics -- found version 3.14.0
[6.543s] -- Searching for dependencies of ignition-common3-graphics
[6.544s] -- Looking for ignition-math6 -- found version 6.15.1
[6.557s] -- Looking for ignition-fuel_tools4 -- found version 4.4.0
[6.558s] -- Searching for dependencies of ignition-fuel_tools4
[6.735s] -- Found CURL: /usr/lib/x86_64-linux-gnu/libcurl.so (found version "7.81.0")  
[6.762s] -- Checking for module 'jsoncpp'
[6.798s] --   Found jsoncpp, version 1.9.5
[6.876s] -- Found JSONCPP: TRUE  
[6.888s] -- Checking for module 'libzip'
[6.918s] --   Found libzip, version 1.7.3
[6.997s] -- Found ZIP: TRUE  
[6.998s] -- Looking for ignition-common3 -- found version 3.14.0
[6.998s] -- Looking for ignition-math6 -- found version 6.15.1
[7.000s] -- Looking for ignition-msgs5 -- found version 5.8.1
[7.013s] -- Gazebo version: 11.10
[7.014s] -- Checking for module 'tbb'
[7.045s] --   Found tbb, version 2021.5.0
[7.149s] -- Found urdf: 2.6.0 (/opt/ros/humble/share/urdf/cmake)
[7.248s] -- Found rviz2: 11.2.12 (/opt/ros/humble/share/rviz2/cmake)
[7.266s] [31mCMake Error at CMakeLists.txt:14 (find_package):
[7.267s]   By not providing "Findjoint_state_publisher.cmake" in CMAKE_MODULE_PATH
[7.267s]   this project has asked CMake to find a package configuration file provided
[7.268s]   by "joint_state_publisher", but CMake did not find one.
[7.268s] 
[7.268s]   Could not find a package configuration file provided by
[7.268s]   "joint_state_publisher" with any of the following names:
[7.268s] 
[7.268s]     joint_state_publisherConfig.cmake
[7.269s]     joint_state_publisher-config.cmake
[7.269s] 
[7.269s]   Add the installation prefix of "joint_state_publisher" to CMAKE_PREFIX_PATH
[7.269s]   or set "joint_state_publisher_DIR" to a directory containing one of the
[7.269s]   above files.  If "joint_state_publisher" provides a separate development
[7.269s]   package or SDK, be sure it has been installed.
[7.269s] 
[7.270s] [0m
[7.270s] -- Configuring incomplete, errors occurred!
[7.270s] See also "/home/rs/go1_robot/build/go1_description/CMakeFiles/CMakeOutput.log".
[7.285s] gmake: *** [Makefile:226: cmake_check_build_system] Error 1
[7.289s] Invoked command in '/home/rs/go1_robot/build/go1_description' returned '2': /usr/bin/cmake --build /home/rs/go1_robot/build/go1_description -- -j13 -l13
