[0.123s] Invoking command in '/home/rs/final_auto/build/unitree_nav_interfaces': CMAKE_PREFIX_PATH=${CMAKE_PREFIX_PATH}:/home/rs/final_auto/install/unitree_nav_launch_module:/opt/ros/humble /usr/bin/cmake --build /home/rs/final_auto/build/unitree_nav_interfaces -- -j13 -l13
[0.356s] [ 10%] Built target unitree_nav_interfaces_srv__rosidl_generator_c
[0.372s] [ 12%] Built target unitree_nav_interfaces_srv__cpp
[0.455s] [ 12%] Built target ament_cmake_python_copy_unitree_nav_interfaces
[0.550s] [ 23%] Built target unitree_nav_interfaces_srv__rosidl_typesupport_fastrtps_c
[0.583s] [ 34%] Built target unitree_nav_interfaces_srv__rosidl_typesupport_c
[0.584s] [ 44%] Built target unitree_nav_interfaces_srv__rosidl_typesupport_introspection_c
[0.617s] [ 55%] Built target unitree_nav_interfaces_srv__rosidl_typesupport_introspection_cpp
[0.676s] [ 65%] Built target unitree_nav_interfaces_srv__rosidl_typesupport_cpp
[0.725s] [ 76%] Built target unitree_nav_interfaces_srv__rosidl_typesupport_fastrtps_cpp
[0.806s] [ 76%] Built target unitree_nav_interfaces_srv
[0.881s] [ 78%] Built target unitree_nav_interfaces_srv__py
[0.965s] [ 87%] Built target unitree_nav_interfaces_srv__rosidl_generator_py
[1.147s] [ 91%] Built target unitree_nav_interfaces__rosidl_typesupport_introspection_c__pyext
[1.158s] [ 95%] Built target unitree_nav_interfaces__rosidl_typesupport_c__pyext
[1.170s] [100%] Built target unitree_nav_interfaces__rosidl_typesupport_fastrtps_c__pyext
[1.446s] running egg_info
[1.449s] writing unitree_nav_interfaces.egg-info/PKG-INFO
[1.452s] writing dependency_links to unitree_nav_interfaces.egg-info/dependency_links.txt
[1.453s] writing top-level names to unitree_nav_interfaces.egg-info/top_level.txt
[1.487s] reading manifest file 'unitree_nav_interfaces.egg-info/SOURCES.txt'
[1.492s] writing manifest file 'unitree_nav_interfaces.egg-info/SOURCES.txt'
[1.548s] [100%] Built target ament_cmake_python_build_unitree_nav_interfaces_egg
[1.589s] Invoked command in '/home/rs/final_auto/build/unitree_nav_interfaces' returned '0': CMAKE_PREFIX_PATH=${CMAKE_PREFIX_PATH}:/home/rs/final_auto/install/unitree_nav_launch_module:/opt/ros/humble /usr/bin/cmake --build /home/rs/final_auto/build/unitree_nav_interfaces -- -j13 -l13
[2.407s] Invoking command in '/home/rs/final_auto/build/unitree_nav_interfaces': CMAKE_PREFIX_PATH=${CMAKE_PREFIX_PATH}:/home/rs/final_auto/install/unitree_nav_launch_module:/opt/ros/humble /usr/bin/cmake --install /home/rs/final_auto/build/unitree_nav_interfaces
[2.442s] -- Install configuration: ""
[2.443s] -- Up-to-date: /home/rs/final_auto/install/unitree_nav_interfaces/share/ament_index/resource_index/rosidl_interfaces/unitree_nav_interfaces
[2.453s] -- Up-to-date: /home/rs/final_auto/install/unitree_nav_interfaces/include/unitree_nav_interfaces/unitree_nav_interfaces
[2.454s] -- Up-to-date: /home/rs/final_auto/install/unitree_nav_interfaces/include/unitree_nav_interfaces/unitree_nav_interfaces/srv
[2.455s] -- Up-to-date: /home/rs/final_auto/install/unitree_nav_interfaces/include/unitree_nav_interfaces/unitree_nav_interfaces/srv/detail
[2.457s] -- Up-to-date: /home/rs/final_auto/install/unitree_nav_interfaces/include/unitree_nav_interfaces/unitree_nav_interfaces/srv/detail/nav_to_pose__functions.h
[2.484s] -- Up-to-date: /home/rs/final_auto/install/unitree_nav_interfaces/include/unitree_nav_interfaces/unitree_nav_interfaces/srv/detail/set_body_rpy__struct.h
[2.489s] -- Up-to-date: /home/rs/final_auto/install/unitree_nav_interfaces/include/unitree_nav_interfaces/unitree_nav_interfaces/srv/detail/set_body_rpy__type_support.h
[2.490s] -- Up-to-date: /home/rs/final_auto/install/unitree_nav_interfaces/include/unitree_nav_interfaces/unitree_nav_interfaces/srv/detail/nav_to_pose__type_support.h
[2.491s] -- Up-to-date: /home/rs/final_auto/install/unitree_nav_interfaces/include/unitree_nav_interfaces/unitree_nav_interfaces/srv/detail/set_body_rpy__functions.h
[2.492s] -- Up-to-date: /home/rs/final_auto/install/unitree_nav_interfaces/include/unitree_nav_interfaces/unitree_nav_interfaces/srv/detail/set_gait__struct.h
[2.493s] -- Up-to-date: /home/rs/final_auto/install/unitree_nav_interfaces/include/unitree_nav_interfaces/unitree_nav_interfaces/srv/detail/nav_to_pose__functions.c
[2.493s] -- Up-to-date: /home/rs/final_auto/install/unitree_nav_interfaces/include/unitree_nav_interfaces/unitree_nav_interfaces/srv/detail/set_gait__functions.h
[2.493s] -- Up-to-date: /home/rs/final_auto/install/unitree_nav_interfaces/include/unitree_nav_interfaces/unitree_nav_interfaces/srv/detail/nav_to_pose__struct.h
[2.494s] -- Up-to-date: /home/rs/final_auto/install/unitree_nav_interfaces/include/unitree_nav_interfaces/unitree_nav_interfaces/srv/detail/set_gait__functions.c
[2.494s] -- Up-to-date: /home/rs/final_auto/install/unitree_nav_interfaces/include/unitree_nav_interfaces/unitree_nav_interfaces/srv/detail/set_gait__type_support.h
[2.494s] -- Up-to-date: /home/rs/final_auto/install/unitree_nav_interfaces/include/unitree_nav_interfaces/unitree_nav_interfaces/srv/detail/set_body_rpy__functions.c
[2.494s] -- Up-to-date: /home/rs/final_auto/install/unitree_nav_interfaces/include/unitree_nav_interfaces/unitree_nav_interfaces/srv/nav_to_pose.h
[2.494s] -- Up-to-date: /home/rs/final_auto/install/unitree_nav_interfaces/include/unitree_nav_interfaces/unitree_nav_interfaces/srv/set_gait.h
[2.495s] -- Up-to-date: /home/rs/final_auto/install/unitree_nav_interfaces/include/unitree_nav_interfaces/unitree_nav_interfaces/srv/set_body_rpy.h
[2.495s] -- Up-to-date: /home/rs/final_auto/install/unitree_nav_interfaces/include/unitree_nav_interfaces/unitree_nav_interfaces/msg
[2.495s] -- Up-to-date: /home/rs/final_auto/install/unitree_nav_interfaces/include/unitree_nav_interfaces/unitree_nav_interfaces/msg/rosidl_generator_c__visibility_control.h
[2.495s] -- Up-to-date: /home/rs/final_auto/install/unitree_nav_interfaces/share/unitree_nav_interfaces/environment/library_path.sh
[2.495s] -- Up-to-date: /home/rs/final_auto/install/unitree_nav_interfaces/share/unitree_nav_interfaces/environment/library_path.dsv
[2.496s] -- Up-to-date: /home/rs/final_auto/install/unitree_nav_interfaces/lib/libunitree_nav_interfaces__rosidl_generator_c.so
[2.498s] -- Up-to-date: /home/rs/final_auto/install/unitree_nav_interfaces/include/unitree_nav_interfaces/unitree_nav_interfaces
[2.499s] -- Up-to-date: /home/rs/final_auto/install/unitree_nav_interfaces/include/unitree_nav_interfaces/unitree_nav_interfaces/srv
[2.500s] -- Up-to-date: /home/rs/final_auto/install/unitree_nav_interfaces/include/unitree_nav_interfaces/unitree_nav_interfaces/srv/detail
[2.500s] -- Up-to-date: /home/rs/final_auto/install/unitree_nav_interfaces/include/unitree_nav_interfaces/unitree_nav_interfaces/srv/detail/nav_to_pose__rosidl_typesupport_fastrtps_c.h
[2.503s] -- Up-to-date: /home/rs/final_auto/install/unitree_nav_interfaces/include/unitree_nav_interfaces/unitree_nav_interfaces/srv/detail/set_body_rpy__rosidl_typesupport_fastrtps_c.h
[2.504s] -- Up-to-date: /home/rs/final_auto/install/unitree_nav_interfaces/include/unitree_nav_interfaces/unitree_nav_interfaces/srv/detail/set_gait__rosidl_typesupport_fastrtps_c.h
[2.507s] -- Up-to-date: /home/rs/final_auto/install/unitree_nav_interfaces/include/unitree_nav_interfaces/unitree_nav_interfaces/msg
[2.508s] -- Up-to-date: /home/rs/final_auto/install/unitree_nav_interfaces/include/unitree_nav_interfaces/unitree_nav_interfaces/msg/rosidl_typesupport_fastrtps_c__visibility_control.h
[2.525s] -- Up-to-date: /home/rs/final_auto/install/unitree_nav_interfaces/lib/libunitree_nav_interfaces__rosidl_typesupport_fastrtps_c.so
[2.528s] -- Up-to-date: /home/rs/final_auto/install/unitree_nav_interfaces/include/unitree_nav_interfaces/unitree_nav_interfaces
[2.529s] -- Up-to-date: /home/rs/final_auto/install/unitree_nav_interfaces/include/unitree_nav_interfaces/unitree_nav_interfaces/srv
[2.529s] -- Up-to-date: /home/rs/final_auto/install/unitree_nav_interfaces/include/unitree_nav_interfaces/unitree_nav_interfaces/srv/set_gait.hpp
[2.530s] -- Up-to-date: /home/rs/final_auto/install/unitree_nav_interfaces/include/unitree_nav_interfaces/unitree_nav_interfaces/srv/detail
[2.531s] -- Up-to-date: /home/rs/final_auto/install/unitree_nav_interfaces/include/unitree_nav_interfaces/unitree_nav_interfaces/srv/detail/set_gait__struct.hpp
[2.534s] -- Up-to-date: /home/rs/final_auto/install/unitree_nav_interfaces/include/unitree_nav_interfaces/unitree_nav_interfaces/srv/detail/set_gait__builder.hpp
[2.539s] -- Up-to-date: /home/rs/final_auto/install/unitree_nav_interfaces/include/unitree_nav_interfaces/unitree_nav_interfaces/srv/detail/nav_to_pose__builder.hpp
[2.543s] -- Up-to-date: /home/rs/final_auto/install/unitree_nav_interfaces/include/unitree_nav_interfaces/unitree_nav_interfaces/srv/detail/nav_to_pose__struct.hpp
[2.544s] -- Up-to-date: /home/rs/final_auto/install/unitree_nav_interfaces/include/unitree_nav_interfaces/unitree_nav_interfaces/srv/detail/set_gait__traits.hpp
[2.545s] -- Up-to-date: /home/rs/final_auto/install/unitree_nav_interfaces/include/unitree_nav_interfaces/unitree_nav_interfaces/srv/detail/set_body_rpy__traits.hpp
[2.549s] -- Up-to-date: /home/rs/final_auto/install/unitree_nav_interfaces/include/unitree_nav_interfaces/unitree_nav_interfaces/srv/detail/nav_to_pose__traits.hpp
[2.553s] -- Up-to-date: /home/rs/final_auto/install/unitree_nav_interfaces/include/unitree_nav_interfaces/unitree_nav_interfaces/srv/detail/set_body_rpy__struct.hpp
[2.554s] -- Up-to-date: /home/rs/final_auto/install/unitree_nav_interfaces/include/unitree_nav_interfaces/unitree_nav_interfaces/srv/detail/set_body_rpy__builder.hpp
[2.554s] -- Up-to-date: /home/rs/final_auto/install/unitree_nav_interfaces/include/unitree_nav_interfaces/unitree_nav_interfaces/srv/nav_to_pose.hpp
[2.555s] -- Up-to-date: /home/rs/final_auto/install/unitree_nav_interfaces/include/unitree_nav_interfaces/unitree_nav_interfaces/srv/set_body_rpy.hpp
[2.556s] -- Up-to-date: /home/rs/final_auto/install/unitree_nav_interfaces/include/unitree_nav_interfaces/unitree_nav_interfaces
[2.557s] -- Up-to-date: /home/rs/final_auto/install/unitree_nav_interfaces/include/unitree_nav_interfaces/unitree_nav_interfaces/srv
[2.559s] -- Up-to-date: /home/rs/final_auto/install/unitree_nav_interfaces/include/unitree_nav_interfaces/unitree_nav_interfaces/srv/detail
[2.559s] -- Up-to-date: /home/rs/final_auto/install/unitree_nav_interfaces/include/unitree_nav_interfaces/unitree_nav_interfaces/srv/detail/set_gait__rosidl_typesupport_fastrtps_cpp.hpp
[2.562s] -- Up-to-date: /home/rs/final_auto/install/unitree_nav_interfaces/include/unitree_nav_interfaces/unitree_nav_interfaces/srv/detail/dds_fastrtps
[2.564s] -- Up-to-date: /home/rs/final_auto/install/unitree_nav_interfaces/include/unitree_nav_interfaces/unitree_nav_interfaces/srv/detail/set_body_rpy__rosidl_typesupport_fastrtps_cpp.hpp
[2.565s] -- Up-to-date: /home/rs/final_auto/install/unitree_nav_interfaces/include/unitree_nav_interfaces/unitree_nav_interfaces/srv/detail/nav_to_pose__rosidl_typesupport_fastrtps_cpp.hpp
[2.566s] -- Up-to-date: /home/rs/final_auto/install/unitree_nav_interfaces/include/unitree_nav_interfaces/unitree_nav_interfaces/msg
[2.567s] -- Up-to-date: /home/rs/final_auto/install/unitree_nav_interfaces/include/unitree_nav_interfaces/unitree_nav_interfaces/msg/rosidl_typesupport_fastrtps_cpp__visibility_control.h
[2.568s] -- Up-to-date: /home/rs/final_auto/install/unitree_nav_interfaces/lib/libunitree_nav_interfaces__rosidl_typesupport_fastrtps_cpp.so
[2.569s] -- Up-to-date: /home/rs/final_auto/install/unitree_nav_interfaces/include/unitree_nav_interfaces/unitree_nav_interfaces
[2.569s] -- Up-to-date: /home/rs/final_auto/install/unitree_nav_interfaces/include/unitree_nav_interfaces/unitree_nav_interfaces/srv
[2.570s] -- Up-to-date: /home/rs/final_auto/install/unitree_nav_interfaces/include/unitree_nav_interfaces/unitree_nav_interfaces/srv/detail
[2.571s] -- Up-to-date: /home/rs/final_auto/install/unitree_nav_interfaces/include/unitree_nav_interfaces/unitree_nav_interfaces/srv/detail/set_body_rpy__type_support.c
[2.573s] -- Up-to-date: /home/rs/final_auto/install/unitree_nav_interfaces/include/unitree_nav_interfaces/unitree_nav_interfaces/srv/detail/nav_to_pose__type_support.c
[2.574s] -- Up-to-date: /home/rs/final_auto/install/unitree_nav_interfaces/include/unitree_nav_interfaces/unitree_nav_interfaces/srv/detail/set_gait__rosidl_typesupport_introspection_c.h
[2.575s] -- Up-to-date: /home/rs/final_auto/install/unitree_nav_interfaces/include/unitree_nav_interfaces/unitree_nav_interfaces/srv/detail/set_body_rpy__rosidl_typesupport_introspection_c.h
[2.575s] -- Up-to-date: /home/rs/final_auto/install/unitree_nav_interfaces/include/unitree_nav_interfaces/unitree_nav_interfaces/srv/detail/set_gait__type_support.c
[2.576s] -- Up-to-date: /home/rs/final_auto/install/unitree_nav_interfaces/include/unitree_nav_interfaces/unitree_nav_interfaces/srv/detail/nav_to_pose__rosidl_typesupport_introspection_c.h
[2.576s] -- Up-to-date: /home/rs/final_auto/install/unitree_nav_interfaces/include/unitree_nav_interfaces/unitree_nav_interfaces/msg
[2.595s] -- Up-to-date: /home/rs/final_auto/install/unitree_nav_interfaces/include/unitree_nav_interfaces/unitree_nav_interfaces/msg/rosidl_typesupport_introspection_c__visibility_control.h
[2.596s] -- Up-to-date: /home/rs/final_auto/install/unitree_nav_interfaces/lib/libunitree_nav_interfaces__rosidl_typesupport_introspection_c.so
[2.597s] -- Up-to-date: /home/rs/final_auto/install/unitree_nav_interfaces/lib/libunitree_nav_interfaces__rosidl_typesupport_c.so
[2.598s] -- Up-to-date: /home/rs/final_auto/install/unitree_nav_interfaces/include/unitree_nav_interfaces/unitree_nav_interfaces
[2.599s] -- Up-to-date: /home/rs/final_auto/install/unitree_nav_interfaces/include/unitree_nav_interfaces/unitree_nav_interfaces/srv
[2.599s] -- Up-to-date: /home/rs/final_auto/install/unitree_nav_interfaces/include/unitree_nav_interfaces/unitree_nav_interfaces/srv/detail
[2.599s] -- Up-to-date: /home/rs/final_auto/install/unitree_nav_interfaces/include/unitree_nav_interfaces/unitree_nav_interfaces/srv/detail/nav_to_pose__type_support.cpp
[2.599s] -- Up-to-date: /home/rs/final_auto/install/unitree_nav_interfaces/include/unitree_nav_interfaces/unitree_nav_interfaces/srv/detail/nav_to_pose__rosidl_typesupport_introspection_cpp.hpp
[2.599s] -- Up-to-date: /home/rs/final_auto/install/unitree_nav_interfaces/include/unitree_nav_interfaces/unitree_nav_interfaces/srv/detail/set_body_rpy__type_support.cpp
[2.600s] -- Up-to-date: /home/rs/final_auto/install/unitree_nav_interfaces/include/unitree_nav_interfaces/unitree_nav_interfaces/srv/detail/set_gait__type_support.cpp
[2.600s] -- Up-to-date: /home/rs/final_auto/install/unitree_nav_interfaces/include/unitree_nav_interfaces/unitree_nav_interfaces/srv/detail/set_body_rpy__rosidl_typesupport_introspection_cpp.hpp
[2.600s] -- Up-to-date: /home/rs/final_auto/install/unitree_nav_interfaces/include/unitree_nav_interfaces/unitree_nav_interfaces/srv/detail/set_gait__rosidl_typesupport_introspection_cpp.hpp
[2.600s] -- Up-to-date: /home/rs/final_auto/install/unitree_nav_interfaces/lib/libunitree_nav_interfaces__rosidl_typesupport_introspection_cpp.so
[2.600s] -- Up-to-date: /home/rs/final_auto/install/unitree_nav_interfaces/lib/libunitree_nav_interfaces__rosidl_typesupport_cpp.so
[2.600s] -- Up-to-date: /home/rs/final_auto/install/unitree_nav_interfaces/share/unitree_nav_interfaces/environment/pythonpath.sh
[2.601s] -- Up-to-date: /home/rs/final_auto/install/unitree_nav_interfaces/share/unitree_nav_interfaces/environment/pythonpath.dsv
[2.601s] -- Up-to-date: /home/rs/final_auto/install/unitree_nav_interfaces/local/lib/python3.10/dist-packages/unitree_nav_interfaces-0.0.0-py3.10.egg-info
[2.601s] -- Installing: /home/rs/final_auto/install/unitree_nav_interfaces/local/lib/python3.10/dist-packages/unitree_nav_interfaces-0.0.0-py3.10.egg-info/top_level.txt
[2.601s] -- Installing: /home/rs/final_auto/install/unitree_nav_interfaces/local/lib/python3.10/dist-packages/unitree_nav_interfaces-0.0.0-py3.10.egg-info/PKG-INFO
[2.601s] -- Installing: /home/rs/final_auto/install/unitree_nav_interfaces/local/lib/python3.10/dist-packages/unitree_nav_interfaces-0.0.0-py3.10.egg-info/dependency_links.txt
[2.601s] -- Installing: /home/rs/final_auto/install/unitree_nav_interfaces/local/lib/python3.10/dist-packages/unitree_nav_interfaces-0.0.0-py3.10.egg-info/SOURCES.txt
[2.601s] -- Up-to-date: /home/rs/final_auto/install/unitree_nav_interfaces/local/lib/python3.10/dist-packages/unitree_nav_interfaces
[2.602s] -- Up-to-date: /home/rs/final_auto/install/unitree_nav_interfaces/local/lib/python3.10/dist-packages/unitree_nav_interfaces/libunitree_nav_interfaces_srv__rosidl_generator_py.so
[2.602s] -- Up-to-date: /home/rs/final_auto/install/unitree_nav_interfaces/local/lib/python3.10/dist-packages/unitree_nav_interfaces/_unitree_nav_interfaces_s.ep.rosidl_typesupport_introspection_c.c
[2.602s] -- Up-to-date: /home/rs/final_auto/install/unitree_nav_interfaces/local/lib/python3.10/dist-packages/unitree_nav_interfaces/unitree_nav_interfaces_s__rosidl_typesupport_introspection_c.cpython-310-x86_64-linux-gnu.so
[2.602s] -- Up-to-date: /home/rs/final_auto/install/unitree_nav_interfaces/local/lib/python3.10/dist-packages/unitree_nav_interfaces/__init__.py
[2.603s] -- Up-to-date: /home/rs/final_auto/install/unitree_nav_interfaces/local/lib/python3.10/dist-packages/unitree_nav_interfaces/srv
[2.605s] -- Up-to-date: /home/rs/final_auto/install/unitree_nav_interfaces/local/lib/python3.10/dist-packages/unitree_nav_interfaces/srv/_set_body_rpy.py
[2.606s] -- Up-to-date: /home/rs/final_auto/install/unitree_nav_interfaces/local/lib/python3.10/dist-packages/unitree_nav_interfaces/srv/__init__.py
[2.608s] -- Up-to-date: /home/rs/final_auto/install/unitree_nav_interfaces/local/lib/python3.10/dist-packages/unitree_nav_interfaces/srv/_set_body_rpy_s.c
[2.611s] -- Up-to-date: /home/rs/final_auto/install/unitree_nav_interfaces/local/lib/python3.10/dist-packages/unitree_nav_interfaces/srv/_set_gait_s.c
[2.617s] -- Up-to-date: /home/rs/final_auto/install/unitree_nav_interfaces/local/lib/python3.10/dist-packages/unitree_nav_interfaces/srv/_nav_to_pose_s.c
[2.619s] -- Up-to-date: /home/rs/final_auto/install/unitree_nav_interfaces/local/lib/python3.10/dist-packages/unitree_nav_interfaces/srv/_set_gait.py
[2.619s] -- Up-to-date: /home/rs/final_auto/install/unitree_nav_interfaces/local/lib/python3.10/dist-packages/unitree_nav_interfaces/srv/_nav_to_pose.py
[2.621s] -- Up-to-date: /home/rs/final_auto/install/unitree_nav_interfaces/local/lib/python3.10/dist-packages/unitree_nav_interfaces/_unitree_nav_interfaces_s.ep.rosidl_typesupport_fastrtps_c.c
[2.621s] -- Up-to-date: /home/rs/final_auto/install/unitree_nav_interfaces/local/lib/python3.10/dist-packages/unitree_nav_interfaces/unitree_nav_interfaces_s__rosidl_typesupport_c.cpython-310-x86_64-linux-gnu.so
[2.622s] -- Up-to-date: /home/rs/final_auto/install/unitree_nav_interfaces/local/lib/python3.10/dist-packages/unitree_nav_interfaces/unitree_nav_interfaces_s__rosidl_typesupport_fastrtps_c.cpython-310-x86_64-linux-gnu.so
[2.625s] -- Up-to-date: /home/rs/final_auto/install/unitree_nav_interfaces/local/lib/python3.10/dist-packages/unitree_nav_interfaces/_unitree_nav_interfaces_s.ep.rosidl_typesupport_c.c
[2.631s] Listing '/home/rs/final_auto/install/unitree_nav_interfaces/local/lib/python3.10/dist-packages/unitree_nav_interfaces'...
[2.631s] Listing '/home/rs/final_auto/install/unitree_nav_interfaces/local/lib/python3.10/dist-packages/unitree_nav_interfaces/srv'...
[2.636s] -- Up-to-date: /home/rs/final_auto/install/unitree_nav_interfaces/local/lib/python3.10/dist-packages/unitree_nav_interfaces/unitree_nav_interfaces_s__rosidl_typesupport_fastrtps_c.cpython-310-x86_64-linux-gnu.so
[2.637s] -- Up-to-date: /home/rs/final_auto/install/unitree_nav_interfaces/local/lib/python3.10/dist-packages/unitree_nav_interfaces/unitree_nav_interfaces_s__rosidl_typesupport_introspection_c.cpython-310-x86_64-linux-gnu.so
[2.637s] -- Up-to-date: /home/rs/final_auto/install/unitree_nav_interfaces/local/lib/python3.10/dist-packages/unitree_nav_interfaces/unitree_nav_interfaces_s__rosidl_typesupport_c.cpython-310-x86_64-linux-gnu.so
[2.644s] -- Up-to-date: /home/rs/final_auto/install/unitree_nav_interfaces/lib/libunitree_nav_interfaces_srv__rosidl_generator_py.so
[2.654s] -- Up-to-date: /home/rs/final_auto/install/unitree_nav_interfaces/share/unitree_nav_interfaces/srv/SetBodyRPY.idl
[2.662s] -- Up-to-date: /home/rs/final_auto/install/unitree_nav_interfaces/share/unitree_nav_interfaces/srv/NavToPose.idl
[2.662s] -- Up-to-date: /home/rs/final_auto/install/unitree_nav_interfaces/share/unitree_nav_interfaces/srv/SetGait.idl
[2.663s] -- Up-to-date: /home/rs/final_auto/install/unitree_nav_interfaces/share/unitree_nav_interfaces/srv/SetBodyRPY.srv
[2.663s] -- Up-to-date: /home/rs/final_auto/install/unitree_nav_interfaces/share/unitree_nav_interfaces/srv/SetBodyRPY_Request.msg
[2.664s] -- Up-to-date: /home/rs/final_auto/install/unitree_nav_interfaces/share/unitree_nav_interfaces/srv/SetBodyRPY_Response.msg
[2.665s] -- Up-to-date: /home/rs/final_auto/install/unitree_nav_interfaces/share/unitree_nav_interfaces/srv/NavToPose.srv
[2.666s] -- Up-to-date: /home/rs/final_auto/install/unitree_nav_interfaces/share/unitree_nav_interfaces/srv/NavToPose_Request.msg
[2.668s] -- Up-to-date: /home/rs/final_auto/install/unitree_nav_interfaces/share/unitree_nav_interfaces/srv/NavToPose_Response.msg
[2.669s] -- Up-to-date: /home/rs/final_auto/install/unitree_nav_interfaces/share/unitree_nav_interfaces/srv/SetGait.srv
[2.669s] -- Up-to-date: /home/rs/final_auto/install/unitree_nav_interfaces/share/unitree_nav_interfaces/srv/SetGait_Request.msg
[2.670s] -- Up-to-date: /home/rs/final_auto/install/unitree_nav_interfaces/share/unitree_nav_interfaces/srv/SetGait_Response.msg
[2.671s] -- Up-to-date: /home/rs/final_auto/install/unitree_nav_interfaces/share/ament_index/resource_index/package_run_dependencies/unitree_nav_interfaces
[2.672s] -- Up-to-date: /home/rs/final_auto/install/unitree_nav_interfaces/share/ament_index/resource_index/parent_prefix_path/unitree_nav_interfaces
[2.673s] -- Up-to-date: /home/rs/final_auto/install/unitree_nav_interfaces/share/unitree_nav_interfaces/environment/ament_prefix_path.sh
[2.673s] -- Up-to-date: /home/rs/final_auto/install/unitree_nav_interfaces/share/unitree_nav_interfaces/environment/ament_prefix_path.dsv
[2.673s] -- Up-to-date: /home/rs/final_auto/install/unitree_nav_interfaces/share/unitree_nav_interfaces/environment/path.sh
[2.673s] -- Up-to-date: /home/rs/final_auto/install/unitree_nav_interfaces/share/unitree_nav_interfaces/environment/path.dsv
[2.674s] -- Up-to-date: /home/rs/final_auto/install/unitree_nav_interfaces/share/unitree_nav_interfaces/local_setup.bash
[2.674s] -- Up-to-date: /home/rs/final_auto/install/unitree_nav_interfaces/share/unitree_nav_interfaces/local_setup.sh
[2.674s] -- Up-to-date: /home/rs/final_auto/install/unitree_nav_interfaces/share/unitree_nav_interfaces/local_setup.zsh
[2.674s] -- Up-to-date: /home/rs/final_auto/install/unitree_nav_interfaces/share/unitree_nav_interfaces/local_setup.dsv
[2.674s] -- Installing: /home/rs/final_auto/install/unitree_nav_interfaces/share/unitree_nav_interfaces/package.dsv
[2.674s] -- Up-to-date: /home/rs/final_auto/install/unitree_nav_interfaces/share/ament_index/resource_index/packages/unitree_nav_interfaces
[2.674s] -- Up-to-date: /home/rs/final_auto/install/unitree_nav_interfaces/share/unitree_nav_interfaces/cmake/export_unitree_nav_interfaces_srv__rosidl_generator_cExport.cmake
[2.675s] -- Up-to-date: /home/rs/final_auto/install/unitree_nav_interfaces/share/unitree_nav_interfaces/cmake/export_unitree_nav_interfaces_srv__rosidl_generator_cExport-noconfig.cmake
[2.675s] -- Up-to-date: /home/rs/final_auto/install/unitree_nav_interfaces/share/unitree_nav_interfaces/cmake/export_unitree_nav_interfaces_srv__rosidl_typesupport_fastrtps_cExport.cmake
[2.675s] -- Up-to-date: /home/rs/final_auto/install/unitree_nav_interfaces/share/unitree_nav_interfaces/cmake/export_unitree_nav_interfaces_srv__rosidl_typesupport_fastrtps_cExport-noconfig.cmake
[2.675s] -- Up-to-date: /home/rs/final_auto/install/unitree_nav_interfaces/share/unitree_nav_interfaces/cmake/export_unitree_nav_interfaces_srv__rosidl_generator_cppExport.cmake
[2.675s] -- Up-to-date: /home/rs/final_auto/install/unitree_nav_interfaces/share/unitree_nav_interfaces/cmake/export_unitree_nav_interfaces_srv__rosidl_typesupport_fastrtps_cppExport.cmake
[2.675s] -- Up-to-date: /home/rs/final_auto/install/unitree_nav_interfaces/share/unitree_nav_interfaces/cmake/export_unitree_nav_interfaces_srv__rosidl_typesupport_fastrtps_cppExport-noconfig.cmake
[2.675s] -- Up-to-date: /home/rs/final_auto/install/unitree_nav_interfaces/share/unitree_nav_interfaces/cmake/unitree_nav_interfaces_srv__rosidl_typesupport_introspection_cExport.cmake
[2.676s] -- Up-to-date: /home/rs/final_auto/install/unitree_nav_interfaces/share/unitree_nav_interfaces/cmake/unitree_nav_interfaces_srv__rosidl_typesupport_introspection_cExport-noconfig.cmake
[2.676s] -- Up-to-date: /home/rs/final_auto/install/unitree_nav_interfaces/share/unitree_nav_interfaces/cmake/unitree_nav_interfaces_srv__rosidl_typesupport_cExport.cmake
[2.676s] -- Up-to-date: /home/rs/final_auto/install/unitree_nav_interfaces/share/unitree_nav_interfaces/cmake/unitree_nav_interfaces_srv__rosidl_typesupport_cExport-noconfig.cmake
[2.676s] -- Up-to-date: /home/rs/final_auto/install/unitree_nav_interfaces/share/unitree_nav_interfaces/cmake/unitree_nav_interfaces_srv__rosidl_typesupport_introspection_cppExport.cmake
[2.676s] -- Up-to-date: /home/rs/final_auto/install/unitree_nav_interfaces/share/unitree_nav_interfaces/cmake/unitree_nav_interfaces_srv__rosidl_typesupport_introspection_cppExport-noconfig.cmake
[2.676s] -- Up-to-date: /home/rs/final_auto/install/unitree_nav_interfaces/share/unitree_nav_interfaces/cmake/unitree_nav_interfaces_srv__rosidl_typesupport_cppExport.cmake
[2.677s] -- Up-to-date: /home/rs/final_auto/install/unitree_nav_interfaces/share/unitree_nav_interfaces/cmake/unitree_nav_interfaces_srv__rosidl_typesupport_cppExport-noconfig.cmake
[2.677s] -- Up-to-date: /home/rs/final_auto/install/unitree_nav_interfaces/share/unitree_nav_interfaces/cmake/export_unitree_nav_interfaces_srv__rosidl_generator_pyExport.cmake
[2.678s] -- Up-to-date: /home/rs/final_auto/install/unitree_nav_interfaces/share/unitree_nav_interfaces/cmake/export_unitree_nav_interfaces_srv__rosidl_generator_pyExport-noconfig.cmake
[2.679s] -- Up-to-date: /home/rs/final_auto/install/unitree_nav_interfaces/share/unitree_nav_interfaces/cmake/ament_cmake_export_dependencies-extras.cmake
[2.681s] -- Up-to-date: /home/rs/final_auto/install/unitree_nav_interfaces/share/unitree_nav_interfaces/cmake/rosidl_cmake-extras.cmake
[2.682s] -- Up-to-date: /home/rs/final_auto/install/unitree_nav_interfaces/share/unitree_nav_interfaces/cmake/ament_cmake_export_include_directories-extras.cmake
[2.682s] -- Up-to-date: /home/rs/final_auto/install/unitree_nav_interfaces/share/unitree_nav_interfaces/cmake/ament_cmake_export_libraries-extras.cmake
[2.683s] -- Up-to-date: /home/rs/final_auto/install/unitree_nav_interfaces/share/unitree_nav_interfaces/cmake/ament_cmake_export_targets-extras.cmake
[2.690s] -- Up-to-date: /home/rs/final_auto/install/unitree_nav_interfaces/share/unitree_nav_interfaces/cmake/rosidl_cmake_export_typesupport_targets-extras.cmake
[2.694s] -- Up-to-date: /home/rs/final_auto/install/unitree_nav_interfaces/share/unitree_nav_interfaces/cmake/rosidl_cmake_export_typesupport_libraries-extras.cmake
[2.697s] -- Up-to-date: /home/rs/final_auto/install/unitree_nav_interfaces/share/unitree_nav_interfaces/cmake/unitree_nav_interfacesConfig.cmake
[2.698s] -- Up-to-date: /home/rs/final_auto/install/unitree_nav_interfaces/share/unitree_nav_interfaces/cmake/unitree_nav_interfacesConfig-version.cmake
[2.698s] -- Up-to-date: /home/rs/final_auto/install/unitree_nav_interfaces/share/unitree_nav_interfaces/package.xml
[2.726s] Invoked command in '/home/rs/final_auto/build/unitree_nav_interfaces' returned '0': CMAKE_PREFIX_PATH=${CMAKE_PREFIX_PATH}:/home/rs/final_auto/install/unitree_nav_launch_module:/opt/ros/humble /usr/bin/cmake --install /home/rs/final_auto/build/unitree_nav_interfaces
