[0.006s] Invoking command in '/home/yeryn/final/build/unitree_inspection_interfaces': CMAKE_PREFIX_PATH=/opt/ros/humble /usr/bin/cmake /home/yeryn/final/unitree_inspection/unitree_inspection_interfaces -DCMAKE_INSTALL_PREFIX=/home/yeryn/final/install/unitree_inspection_interfaces
[0.088s] -- The C compiler identification is GNU 11.4.0
[0.136s] -- The CXX compiler identification is GNU 11.4.0
[0.143s] -- Detecting C compiler ABI info
[0.179s] -- Detecting C compiler ABI info - done
[0.183s] -- Check for working C compiler: /usr/bin/cc - skipped
[0.183s] -- Detecting C compile features
[0.184s] -- Detecting C compile features - done
[0.185s] -- Detecting CXX compiler ABI info
[0.232s] -- Detecting CXX compiler ABI info - done
[0.236s] -- Check for working CXX compiler: /usr/bin/c++ - skipped
[0.236s] -- Detecting CXX compile features
[0.237s] -- Detecting CXX compile features - done
[0.238s] -- Found ament_cmake: 1.3.9 (/opt/ros/humble/share/ament_cmake/cmake)
[0.309s] -- Found Python3: /usr/bin/python3 (found version "3.10.12") found components: Interpreter 
[0.361s] -- Found rosidl_default_generators: 1.2.0 (/opt/ros/humble/share/rosidl_default_generators/cmake)
[0.362s] -- Using all available rosidl_typesupport_c: rosidl_typesupport_fastrtps_c;rosidl_typesupport_introspection_c
[0.366s] -- Found rosidl_adapter: 3.1.5 (/opt/ros/humble/share/rosidl_adapter/cmake)
[0.387s] -- Using all available rosidl_typesupport_cpp: rosidl_typesupport_fastrtps_cpp;rosidl_typesupport_introspection_cpp
[0.553s] -- Found ament_cmake_ros: 0.10.0 (/opt/ros/humble/share/ament_cmake_ros/cmake)
[0.650s] -- Using all available rosidl_typesupport_c: rosidl_typesupport_fastrtps_c;rosidl_typesupport_introspection_c
[0.767s] -- Using all available rosidl_typesupport_cpp: rosidl_typesupport_fastrtps_cpp;rosidl_typesupport_introspection_cpp
[0.778s] -- Found PythonInterp: /usr/bin/python3 (found suitable version "3.10.12", minimum required is "3.6") 
[0.779s] -- Found python_cmake_module: 0.10.0 (/opt/ros/humble/share/python_cmake_module/cmake)
[0.794s] -- Found PythonLibs: /usr/lib/aarch64-linux-gnu/libpython3.10.so (found suitable version "3.10.12", minimum required is "3.5") 
[0.794s] -- Using PYTHON_EXECUTABLE: /usr/bin/python3
[0.794s] -- Using PYTHON_INCLUDE_DIRS: /usr/include/python3.10
[0.794s] -- Using PYTHON_LIBRARIES: /usr/lib/aarch64-linux-gnu/libpython3.10.so
[0.804s] -- Found PythonExtra: .so  
[0.820s] -- Found ament_lint_auto: 0.12.11 (/opt/ros/humble/share/ament_lint_auto/cmake)
[0.832s] -- Added test 'lint_cmake' to check CMake code style
[0.833s] -- Added test 'xmllint' to check XML markup files
[0.834s] -- Configuring done
[0.847s] -- Generating done
[0.849s] -- Build files have been written to: /home/yeryn/final/build/unitree_inspection_interfaces
[0.852s] Invoked command in '/home/yeryn/final/build/unitree_inspection_interfaces' returned '0': CMAKE_PREFIX_PATH=/opt/ros/humble /usr/bin/cmake /home/yeryn/final/unitree_inspection/unitree_inspection_interfaces -DCMAKE_INSTALL_PREFIX=/home/yeryn/final/install/unitree_inspection_interfaces
[0.853s] Invoking command in '/home/yeryn/final/build/unitree_inspection_interfaces': CMAKE_PREFIX_PATH=/opt/ros/humble /usr/bin/cmake --build /home/yeryn/final/build/unitree_inspection_interfaces -- -j4 -l4
[0.874s] [  3%] [34m[1mGenerating C code for ROS interfaces[0m
[0.878s] [  6%] [34m[1mGenerating C++ code for ROS interfaces[0m
[0.888s] [  6%] Built target ament_cmake_python_copy_unitree_inspection_interfaces
[1.136s] running egg_info
[1.136s] creating unitree_inspection_interfaces.egg-info
[1.137s] writing unitree_inspection_interfaces.egg-info/PKG-INFO
[1.137s] writing dependency_links to unitree_inspection_interfaces.egg-info/dependency_links.txt
[1.137s] writing top-level names to unitree_inspection_interfaces.egg-info/top_level.txt
[1.137s] writing manifest file 'unitree_inspection_interfaces.egg-info/SOURCES.txt'
[1.142s] reading manifest file 'unitree_inspection_interfaces.egg-info/SOURCES.txt'
[1.142s] writing manifest file 'unitree_inspection_interfaces.egg-info/SOURCES.txt'
[1.170s] [  6%] Built target ament_cmake_python_build_unitree_inspection_interfaces_egg
[1.174s] [  6%] Built target unitree_inspection_interfaces_msg__cpp
[1.178s] [  9%] [32mBuilding C object CMakeFiles/unitree_inspection_interfaces_msg__rosidl_generator_c.dir/rosidl_generator_c/unitree_inspection_interfaces/srv/detail/go_to_inspection_point__functions.c.o[0m
[1.182s] [ 12%] [34m[1mGenerating C++ type support dispatch for ROS interfaces[0m
[1.207s] [ 16%] [34m[1mGenerating C++ type support for eProsima Fast-RTPS[0m
[1.229s] [ 19%] [34m[1mGenerating C++ introspection for ROS interfaces[0m
[1.282s] [ 22%] [32m[1mLinking C shared library libunitree_inspection_interfaces__rosidl_generator_c.so[0m
[1.380s] [ 22%] Built target unitree_inspection_interfaces_msg__rosidl_generator_c
[1.423s] [ 25%] [34m[1mGenerating C type support for eProsima Fast-RTPS[0m
[1.430s] [ 29%] [32mBuilding CXX object CMakeFiles/unitree_inspection_interfaces_msg__rosidl_typesupport_cpp.dir/rosidl_typesupport_cpp/unitree_inspection_interfaces/srv/go_to_inspection_point__type_support.cpp.o[0m
[1.606s] [ 32%] [32mBuilding CXX object CMakeFiles/unitree_inspection_interfaces_msg__rosidl_typesupport_introspection_cpp.dir/rosidl_typesupport_introspection_cpp/unitree_inspection_interfaces/srv/detail/go_to_inspection_point__type_support.cpp.o[0m
[1.619s] [ 35%] [32mBuilding CXX object CMakeFiles/unitree_inspection_interfaces_msg__rosidl_typesupport_fastrtps_cpp.dir/rosidl_typesupport_fastrtps_cpp/unitree_inspection_interfaces/srv/detail/dds_fastrtps/go_to_inspection_point__type_support.cpp.o[0m
[1.713s] [ 38%] [32m[1mLinking CXX shared library libunitree_inspection_interfaces__rosidl_typesupport_cpp.so[0m
[1.763s] [ 41%] [32mBuilding CXX object CMakeFiles/unitree_inspection_interfaces_msg__rosidl_typesupport_fastrtps_c.dir/rosidl_typesupport_fastrtps_c/unitree_inspection_interfaces/srv/detail/go_to_inspection_point__type_support_c.cpp.o[0m
[1.815s] [ 41%] Built target unitree_inspection_interfaces_msg__rosidl_typesupport_cpp
[1.871s] [ 45%] [34m[1mGenerating C introspection for ROS interfaces[0m
[2.118s] [ 48%] [32m[1mLinking CXX shared library libunitree_inspection_interfaces__rosidl_typesupport_fastrtps_cpp.so[0m
[2.175s] [ 51%] [32m[1mLinking CXX shared library libunitree_inspection_interfaces__rosidl_typesupport_introspection_cpp.so[0m
[2.304s] [ 51%] Built target unitree_inspection_interfaces_msg__rosidl_typesupport_fastrtps_cpp
[2.308s] [ 51%] Built target unitree_inspection_interfaces_msg__rosidl_typesupport_introspection_cpp
[2.312s] [ 54%] [32mBuilding C object CMakeFiles/unitree_inspection_interfaces_msg__rosidl_typesupport_introspection_c.dir/rosidl_typesupport_introspection_c/unitree_inspection_interfaces/srv/detail/go_to_inspection_point__type_support.c.o[0m
[2.320s] [ 58%] [34m[1mGenerating C type support dispatch for ROS interfaces[0m
[2.366s] [ 61%] [32m[1mLinking CXX shared library libunitree_inspection_interfaces__rosidl_typesupport_fastrtps_c.so[0m
[2.387s] [ 64%] [32m[1mLinking C shared library libunitree_inspection_interfaces__rosidl_typesupport_introspection_c.so[0m
[2.433s] [ 64%] Built target unitree_inspection_interfaces_msg__rosidl_typesupport_introspection_c
[2.472s] [ 64%] Built target unitree_inspection_interfaces_msg__rosidl_typesupport_fastrtps_c
[2.636s] [ 67%] [32mBuilding CXX object CMakeFiles/unitree_inspection_interfaces_msg__rosidl_typesupport_c.dir/rosidl_typesupport_c/unitree_inspection_interfaces/srv/go_to_inspection_point__type_support.cpp.o[0m
[2.695s] [ 70%] [32m[1mLinking CXX shared library libunitree_inspection_interfaces__rosidl_typesupport_c.so[0m
[2.811s] [ 70%] Built target unitree_inspection_interfaces_msg__rosidl_typesupport_c
[2.866s] [ 70%] Built target unitree_inspection_interfaces_msg
[2.907s] [ 74%] [34m[1mGenerating Python code for ROS interfaces[0m
[3.200s] [ 74%] Built target unitree_inspection_interfaces_msg__py
[3.209s] [ 77%] [32mBuilding C object CMakeFiles/unitree_inspection_interfaces_msg__rosidl_generator_py.dir/rosidl_generator_py/unitree_inspection_interfaces/srv/_go_to_inspection_point_s.c.o[0m
[3.308s] [ 80%] [32m[1mLinking C shared library rosidl_generator_py/unitree_inspection_interfaces/libunitree_inspection_interfaces_msg__rosidl_generator_py.so[0m
[3.341s] [ 80%] Built target unitree_inspection_interfaces_msg__rosidl_generator_py
[3.365s] [ 83%] [32mBuilding C object CMakeFiles/unitree_inspection_interfaces__rosidl_typesupport_introspection_c__pyext.dir/rosidl_generator_py/unitree_inspection_interfaces/_unitree_inspection_interfaces_s.ep.rosidl_typesupport_introspection_c.c.o[0m
[3.374s] [ 87%] [32mBuilding C object CMakeFiles/unitree_inspection_interfaces__rosidl_typesupport_fastrtps_c__pyext.dir/rosidl_generator_py/unitree_inspection_interfaces/_unitree_inspection_interfaces_s.ep.rosidl_typesupport_fastrtps_c.c.o[0m
[3.374s] [ 90%] [32mBuilding C object CMakeFiles/unitree_inspection_interfaces__rosidl_typesupport_c__pyext.dir/rosidl_generator_py/unitree_inspection_interfaces/_unitree_inspection_interfaces_s.ep.rosidl_typesupport_c.c.o[0m
[3.440s] [ 93%] [32m[1mLinking C shared library rosidl_generator_py/unitree_inspection_interfaces/unitree_inspection_interfaces_s__rosidl_typesupport_introspection_c.cpython-310-aarch64-linux-gnu.so[0m
[3.445s] [ 96%] [32m[1mLinking C shared library rosidl_generator_py/unitree_inspection_interfaces/unitree_inspection_interfaces_s__rosidl_typesupport_fastrtps_c.cpython-310-aarch64-linux-gnu.so[0m
[3.485s] [ 96%] Built target unitree_inspection_interfaces__rosidl_typesupport_fastrtps_c__pyext
[3.500s] [ 96%] Built target unitree_inspection_interfaces__rosidl_typesupport_introspection_c__pyext
[3.502s] [100%] [32m[1mLinking C shared library rosidl_generator_py/unitree_inspection_interfaces/unitree_inspection_interfaces_s__rosidl_typesupport_c.cpython-310-aarch64-linux-gnu.so[0m
[3.554s] [100%] Built target unitree_inspection_interfaces__rosidl_typesupport_c__pyext
[3.579s] Invoked command in '/home/yeryn/final/build/unitree_inspection_interfaces' returned '0': CMAKE_PREFIX_PATH=/opt/ros/humble /usr/bin/cmake --build /home/yeryn/final/build/unitree_inspection_interfaces -- -j4 -l4
[4.079s] Invoking command in '/home/yeryn/final/build/unitree_inspection_interfaces': CMAKE_PREFIX_PATH=/opt/ros/humble /usr/bin/cmake --install /home/yeryn/final/build/unitree_inspection_interfaces
[4.097s] -- Install configuration: ""
[4.097s] -- Installing: /home/yeryn/final/install/unitree_inspection_interfaces/share/ament_index/resource_index/rosidl_interfaces/unitree_inspection_interfaces
[4.097s] -- Installing: /home/yeryn/final/install/unitree_inspection_interfaces/include/unitree_inspection_interfaces/unitree_inspection_interfaces
[4.097s] -- Installing: /home/yeryn/final/install/unitree_inspection_interfaces/include/unitree_inspection_interfaces/unitree_inspection_interfaces/srv
[4.097s] -- Installing: /home/yeryn/final/install/unitree_inspection_interfaces/include/unitree_inspection_interfaces/unitree_inspection_interfaces/srv/go_to_inspection_point.h
[4.097s] -- Installing: /home/yeryn/final/install/unitree_inspection_interfaces/include/unitree_inspection_interfaces/unitree_inspection_interfaces/srv/detail
[4.097s] -- Installing: /home/yeryn/final/install/unitree_inspection_interfaces/include/unitree_inspection_interfaces/unitree_inspection_interfaces/srv/detail/go_to_inspection_point__functions.c
[4.097s] -- Installing: /home/yeryn/final/install/unitree_inspection_interfaces/include/unitree_inspection_interfaces/unitree_inspection_interfaces/srv/detail/go_to_inspection_point__struct.h
[4.097s] -- Installing: /home/yeryn/final/install/unitree_inspection_interfaces/include/unitree_inspection_interfaces/unitree_inspection_interfaces/srv/detail/go_to_inspection_point__functions.h
[4.097s] -- Installing: /home/yeryn/final/install/unitree_inspection_interfaces/include/unitree_inspection_interfaces/unitree_inspection_interfaces/srv/detail/go_to_inspection_point__type_support.h
[4.097s] -- Installing: /home/yeryn/final/install/unitree_inspection_interfaces/include/unitree_inspection_interfaces/unitree_inspection_interfaces/msg
[4.098s] -- Installing: /home/yeryn/final/install/unitree_inspection_interfaces/include/unitree_inspection_interfaces/unitree_inspection_interfaces/msg/rosidl_generator_c__visibility_control.h
[4.098s] -- Installing: /home/yeryn/final/install/unitree_inspection_interfaces/share/unitree_inspection_interfaces/environment/library_path.sh
[4.098s] -- Installing: /home/yeryn/final/install/unitree_inspection_interfaces/share/unitree_inspection_interfaces/environment/library_path.dsv
[4.098s] -- Installing: /home/yeryn/final/install/unitree_inspection_interfaces/lib/libunitree_inspection_interfaces__rosidl_generator_c.so
[4.098s] -- Set runtime path of "/home/yeryn/final/install/unitree_inspection_interfaces/lib/libunitree_inspection_interfaces__rosidl_generator_c.so" to ""
[4.098s] -- Up-to-date: /home/yeryn/final/install/unitree_inspection_interfaces/include/unitree_inspection_interfaces/unitree_inspection_interfaces
[4.098s] -- Up-to-date: /home/yeryn/final/install/unitree_inspection_interfaces/include/unitree_inspection_interfaces/unitree_inspection_interfaces/srv
[4.098s] -- Up-to-date: /home/yeryn/final/install/unitree_inspection_interfaces/include/unitree_inspection_interfaces/unitree_inspection_interfaces/srv/detail
[4.098s] -- Installing: /home/yeryn/final/install/unitree_inspection_interfaces/include/unitree_inspection_interfaces/unitree_inspection_interfaces/srv/detail/go_to_inspection_point__rosidl_typesupport_fastrtps_c.h
[4.098s] -- Up-to-date: /home/yeryn/final/install/unitree_inspection_interfaces/include/unitree_inspection_interfaces/unitree_inspection_interfaces/msg
[4.098s] -- Installing: /home/yeryn/final/install/unitree_inspection_interfaces/include/unitree_inspection_interfaces/unitree_inspection_interfaces/msg/rosidl_typesupport_fastrtps_c__visibility_control.h
[4.098s] -- Installing: /home/yeryn/final/install/unitree_inspection_interfaces/lib/libunitree_inspection_interfaces__rosidl_typesupport_fastrtps_c.so
[4.098s] -- Set runtime path of "/home/yeryn/final/install/unitree_inspection_interfaces/lib/libunitree_inspection_interfaces__rosidl_typesupport_fastrtps_c.so" to ""
[4.098s] -- Up-to-date: /home/yeryn/final/install/unitree_inspection_interfaces/include/unitree_inspection_interfaces/unitree_inspection_interfaces
[4.098s] -- Up-to-date: /home/yeryn/final/install/unitree_inspection_interfaces/include/unitree_inspection_interfaces/unitree_inspection_interfaces/srv
[4.098s] -- Up-to-date: /home/yeryn/final/install/unitree_inspection_interfaces/include/unitree_inspection_interfaces/unitree_inspection_interfaces/srv/detail
[4.098s] -- Installing: /home/yeryn/final/install/unitree_inspection_interfaces/include/unitree_inspection_interfaces/unitree_inspection_interfaces/srv/detail/go_to_inspection_point__type_support.c
[4.098s] -- Installing: /home/yeryn/final/install/unitree_inspection_interfaces/include/unitree_inspection_interfaces/unitree_inspection_interfaces/srv/detail/go_to_inspection_point__rosidl_typesupport_introspection_c.h
[4.098s] -- Up-to-date: /home/yeryn/final/install/unitree_inspection_interfaces/include/unitree_inspection_interfaces/unitree_inspection_interfaces/msg
[4.098s] -- Installing: /home/yeryn/final/install/unitree_inspection_interfaces/include/unitree_inspection_interfaces/unitree_inspection_interfaces/msg/rosidl_typesupport_introspection_c__visibility_control.h
[4.098s] -- Installing: /home/yeryn/final/install/unitree_inspection_interfaces/lib/libunitree_inspection_interfaces__rosidl_typesupport_introspection_c.so
[4.098s] -- Set runtime path of "/home/yeryn/final/install/unitree_inspection_interfaces/lib/libunitree_inspection_interfaces__rosidl_typesupport_introspection_c.so" to ""
[4.098s] -- Installing: /home/yeryn/final/install/unitree_inspection_interfaces/lib/libunitree_inspection_interfaces__rosidl_typesupport_c.so
[4.098s] -- Set runtime path of "/home/yeryn/final/install/unitree_inspection_interfaces/lib/libunitree_inspection_interfaces__rosidl_typesupport_c.so" to ""
[4.098s] -- Up-to-date: /home/yeryn/final/install/unitree_inspection_interfaces/include/unitree_inspection_interfaces/unitree_inspection_interfaces
[4.098s] -- Up-to-date: /home/yeryn/final/install/unitree_inspection_interfaces/include/unitree_inspection_interfaces/unitree_inspection_interfaces/srv
[4.098s] -- Installing: /home/yeryn/final/install/unitree_inspection_interfaces/include/unitree_inspection_interfaces/unitree_inspection_interfaces/srv/go_to_inspection_point.hpp
[4.098s] -- Up-to-date: /home/yeryn/final/install/unitree_inspection_interfaces/include/unitree_inspection_interfaces/unitree_inspection_interfaces/srv/detail
[4.098s] -- Installing: /home/yeryn/final/install/unitree_inspection_interfaces/include/unitree_inspection_interfaces/unitree_inspection_interfaces/srv/detail/go_to_inspection_point__builder.hpp
[4.098s] -- Installing: /home/yeryn/final/install/unitree_inspection_interfaces/include/unitree_inspection_interfaces/unitree_inspection_interfaces/srv/detail/go_to_inspection_point__traits.hpp
[4.098s] -- Installing: /home/yeryn/final/install/unitree_inspection_interfaces/include/unitree_inspection_interfaces/unitree_inspection_interfaces/srv/detail/go_to_inspection_point__struct.hpp
[4.098s] -- Up-to-date: /home/yeryn/final/install/unitree_inspection_interfaces/include/unitree_inspection_interfaces/unitree_inspection_interfaces
[4.098s] -- Up-to-date: /home/yeryn/final/install/unitree_inspection_interfaces/include/unitree_inspection_interfaces/unitree_inspection_interfaces/srv
[4.098s] -- Up-to-date: /home/yeryn/final/install/unitree_inspection_interfaces/include/unitree_inspection_interfaces/unitree_inspection_interfaces/srv/detail
[4.098s] -- Installing: /home/yeryn/final/install/unitree_inspection_interfaces/include/unitree_inspection_interfaces/unitree_inspection_interfaces/srv/detail/go_to_inspection_point__rosidl_typesupport_fastrtps_cpp.hpp
[4.098s] -- Installing: /home/yeryn/final/install/unitree_inspection_interfaces/include/unitree_inspection_interfaces/unitree_inspection_interfaces/srv/detail/dds_fastrtps
[4.098s] -- Up-to-date: /home/yeryn/final/install/unitree_inspection_interfaces/include/unitree_inspection_interfaces/unitree_inspection_interfaces/msg
[4.098s] -- Installing: /home/yeryn/final/install/unitree_inspection_interfaces/include/unitree_inspection_interfaces/unitree_inspection_interfaces/msg/rosidl_typesupport_fastrtps_cpp__visibility_control.h
[4.098s] -- Installing: /home/yeryn/final/install/unitree_inspection_interfaces/lib/libunitree_inspection_interfaces__rosidl_typesupport_fastrtps_cpp.so
[4.098s] -- Set runtime path of "/home/yeryn/final/install/unitree_inspection_interfaces/lib/libunitree_inspection_interfaces__rosidl_typesupport_fastrtps_cpp.so" to ""
[4.098s] -- Up-to-date: /home/yeryn/final/install/unitree_inspection_interfaces/include/unitree_inspection_interfaces/unitree_inspection_interfaces
[4.098s] -- Up-to-date: /home/yeryn/final/install/unitree_inspection_interfaces/include/unitree_inspection_interfaces/unitree_inspection_interfaces/srv
[4.098s] -- Up-to-date: /home/yeryn/final/install/unitree_inspection_interfaces/include/unitree_inspection_interfaces/unitree_inspection_interfaces/srv/detail
[4.099s] -- Installing: /home/yeryn/final/install/unitree_inspection_interfaces/include/unitree_inspection_interfaces/unitree_inspection_interfaces/srv/detail/go_to_inspection_point__rosidl_typesupport_introspection_cpp.hpp
[4.099s] -- Installing: /home/yeryn/final/install/unitree_inspection_interfaces/include/unitree_inspection_interfaces/unitree_inspection_interfaces/srv/detail/go_to_inspection_point__type_support.cpp
[4.099s] -- Installing: /home/yeryn/final/install/unitree_inspection_interfaces/lib/libunitree_inspection_interfaces__rosidl_typesupport_introspection_cpp.so
[4.099s] -- Set runtime path of "/home/yeryn/final/install/unitree_inspection_interfaces/lib/libunitree_inspection_interfaces__rosidl_typesupport_introspection_cpp.so" to ""
[4.099s] -- Installing: /home/yeryn/final/install/unitree_inspection_interfaces/lib/libunitree_inspection_interfaces__rosidl_typesupport_cpp.so
[4.099s] -- Set runtime path of "/home/yeryn/final/install/unitree_inspection_interfaces/lib/libunitree_inspection_interfaces__rosidl_typesupport_cpp.so" to ""
[4.099s] -- Installing: /home/yeryn/final/install/unitree_inspection_interfaces/share/unitree_inspection_interfaces/environment/pythonpath.sh
[4.099s] -- Installing: /home/yeryn/final/install/unitree_inspection_interfaces/share/unitree_inspection_interfaces/environment/pythonpath.dsv
[4.099s] -- Installing: /home/yeryn/final/install/unitree_inspection_interfaces/local/lib/python3.10/dist-packages/unitree_inspection_interfaces-0.0.0-py3.10.egg-info
[4.099s] -- Installing: /home/yeryn/final/install/unitree_inspection_interfaces/local/lib/python3.10/dist-packages/unitree_inspection_interfaces-0.0.0-py3.10.egg-info/top_level.txt
[4.099s] -- Installing: /home/yeryn/final/install/unitree_inspection_interfaces/local/lib/python3.10/dist-packages/unitree_inspection_interfaces-0.0.0-py3.10.egg-info/SOURCES.txt
[4.099s] -- Installing: /home/yeryn/final/install/unitree_inspection_interfaces/local/lib/python3.10/dist-packages/unitree_inspection_interfaces-0.0.0-py3.10.egg-info/dependency_links.txt
[4.099s] -- Installing: /home/yeryn/final/install/unitree_inspection_interfaces/local/lib/python3.10/dist-packages/unitree_inspection_interfaces-0.0.0-py3.10.egg-info/PKG-INFO
[4.099s] -- Installing: /home/yeryn/final/install/unitree_inspection_interfaces/local/lib/python3.10/dist-packages/unitree_inspection_interfaces
[4.099s] -- Installing: /home/yeryn/final/install/unitree_inspection_interfaces/local/lib/python3.10/dist-packages/unitree_inspection_interfaces/_unitree_inspection_interfaces_s.ep.rosidl_typesupport_fastrtps_c.c
[4.099s] -- Installing: /home/yeryn/final/install/unitree_inspection_interfaces/local/lib/python3.10/dist-packages/unitree_inspection_interfaces/_unitree_inspection_interfaces_s.ep.rosidl_typesupport_introspection_c.c
[4.099s] -- Installing: /home/yeryn/final/install/unitree_inspection_interfaces/local/lib/python3.10/dist-packages/unitree_inspection_interfaces/srv
[4.099s] -- Installing: /home/yeryn/final/install/unitree_inspection_interfaces/local/lib/python3.10/dist-packages/unitree_inspection_interfaces/srv/_go_to_inspection_point.py
[4.099s] -- Installing: /home/yeryn/final/install/unitree_inspection_interfaces/local/lib/python3.10/dist-packages/unitree_inspection_interfaces/srv/_go_to_inspection_point_s.c
[4.099s] -- Installing: /home/yeryn/final/install/unitree_inspection_interfaces/local/lib/python3.10/dist-packages/unitree_inspection_interfaces/srv/__init__.py
[4.099s] -- Installing: /home/yeryn/final/install/unitree_inspection_interfaces/local/lib/python3.10/dist-packages/unitree_inspection_interfaces/__init__.py
[4.099s] -- Installing: /home/yeryn/final/install/unitree_inspection_interfaces/local/lib/python3.10/dist-packages/unitree_inspection_interfaces/unitree_inspection_interfaces_s__rosidl_typesupport_c.cpython-310-aarch64-linux-gnu.so
[4.099s] -- Installing: /home/yeryn/final/install/unitree_inspection_interfaces/local/lib/python3.10/dist-packages/unitree_inspection_interfaces/_unitree_inspection_interfaces_s.ep.rosidl_typesupport_c.c
[4.099s] -- Installing: /home/yeryn/final/install/unitree_inspection_interfaces/local/lib/python3.10/dist-packages/unitree_inspection_interfaces/unitree_inspection_interfaces_s__rosidl_typesupport_fastrtps_c.cpython-310-aarch64-linux-gnu.so
[4.099s] -- Installing: /home/yeryn/final/install/unitree_inspection_interfaces/local/lib/python3.10/dist-packages/unitree_inspection_interfaces/unitree_inspection_interfaces_s__rosidl_typesupport_introspection_c.cpython-310-aarch64-linux-gnu.so
[4.099s] -- Installing: /home/yeryn/final/install/unitree_inspection_interfaces/local/lib/python3.10/dist-packages/unitree_inspection_interfaces/libunitree_inspection_interfaces_msg__rosidl_generator_py.so
[4.117s] Listing '/home/yeryn/final/install/unitree_inspection_interfaces/local/lib/python3.10/dist-packages/unitree_inspection_interfaces'...
[4.117s] Compiling '/home/yeryn/final/install/unitree_inspection_interfaces/local/lib/python3.10/dist-packages/unitree_inspection_interfaces/__init__.py'...
[4.117s] Listing '/home/yeryn/final/install/unitree_inspection_interfaces/local/lib/python3.10/dist-packages/unitree_inspection_interfaces/srv'...
[4.117s] Compiling '/home/yeryn/final/install/unitree_inspection_interfaces/local/lib/python3.10/dist-packages/unitree_inspection_interfaces/srv/__init__.py'...
[4.117s] Compiling '/home/yeryn/final/install/unitree_inspection_interfaces/local/lib/python3.10/dist-packages/unitree_inspection_interfaces/srv/_go_to_inspection_point.py'...
[4.120s] -- Installing: /home/yeryn/final/install/unitree_inspection_interfaces/local/lib/python3.10/dist-packages/unitree_inspection_interfaces/unitree_inspection_interfaces_s__rosidl_typesupport_fastrtps_c.cpython-310-aarch64-linux-gnu.so
[4.120s] -- Set runtime path of "/home/yeryn/final/install/unitree_inspection_interfaces/local/lib/python3.10/dist-packages/unitree_inspection_interfaces/unitree_inspection_interfaces_s__rosidl_typesupport_fastrtps_c.cpython-310-aarch64-linux-gnu.so" to ""
[4.120s] -- Installing: /home/yeryn/final/install/unitree_inspection_interfaces/local/lib/python3.10/dist-packages/unitree_inspection_interfaces/unitree_inspection_interfaces_s__rosidl_typesupport_introspection_c.cpython-310-aarch64-linux-gnu.so
[4.120s] -- Set runtime path of "/home/yeryn/final/install/unitree_inspection_interfaces/local/lib/python3.10/dist-packages/unitree_inspection_interfaces/unitree_inspection_interfaces_s__rosidl_typesupport_introspection_c.cpython-310-aarch64-linux-gnu.so" to ""
[4.120s] -- Installing: /home/yeryn/final/install/unitree_inspection_interfaces/local/lib/python3.10/dist-packages/unitree_inspection_interfaces/unitree_inspection_interfaces_s__rosidl_typesupport_c.cpython-310-aarch64-linux-gnu.so
[4.120s] -- Set runtime path of "/home/yeryn/final/install/unitree_inspection_interfaces/local/lib/python3.10/dist-packages/unitree_inspection_interfaces/unitree_inspection_interfaces_s__rosidl_typesupport_c.cpython-310-aarch64-linux-gnu.so" to ""
[4.120s] -- Installing: /home/yeryn/final/install/unitree_inspection_interfaces/lib/libunitree_inspection_interfaces_msg__rosidl_generator_py.so
[4.121s] -- Set runtime path of "/home/yeryn/final/install/unitree_inspection_interfaces/lib/libunitree_inspection_interfaces_msg__rosidl_generator_py.so" to ""
[4.121s] -- Installing: /home/yeryn/final/install/unitree_inspection_interfaces/share/unitree_inspection_interfaces/srv/GoToInspectionPoint.idl
[4.121s] -- Installing: /home/yeryn/final/install/unitree_inspection_interfaces/share/unitree_inspection_interfaces/srv/GoToInspectionPoint.srv
[4.121s] -- Installing: /home/yeryn/final/install/unitree_inspection_interfaces/share/unitree_inspection_interfaces/srv/GoToInspectionPoint_Request.msg
[4.121s] -- Installing: /home/yeryn/final/install/unitree_inspection_interfaces/share/unitree_inspection_interfaces/srv/GoToInspectionPoint_Response.msg
[4.121s] -- Installing: /home/yeryn/final/install/unitree_inspection_interfaces/share/ament_index/resource_index/package_run_dependencies/unitree_inspection_interfaces
[4.121s] -- Installing: /home/yeryn/final/install/unitree_inspection_interfaces/share/ament_index/resource_index/parent_prefix_path/unitree_inspection_interfaces
[4.121s] -- Installing: /home/yeryn/final/install/unitree_inspection_interfaces/share/unitree_inspection_interfaces/environment/ament_prefix_path.sh
[4.121s] -- Installing: /home/yeryn/final/install/unitree_inspection_interfaces/share/unitree_inspection_interfaces/environment/ament_prefix_path.dsv
[4.121s] -- Installing: /home/yeryn/final/install/unitree_inspection_interfaces/share/unitree_inspection_interfaces/environment/path.sh
[4.121s] -- Installing: /home/yeryn/final/install/unitree_inspection_interfaces/share/unitree_inspection_interfaces/environment/path.dsv
[4.121s] -- Installing: /home/yeryn/final/install/unitree_inspection_interfaces/share/unitree_inspection_interfaces/local_setup.bash
[4.121s] -- Installing: /home/yeryn/final/install/unitree_inspection_interfaces/share/unitree_inspection_interfaces/local_setup.sh
[4.121s] -- Installing: /home/yeryn/final/install/unitree_inspection_interfaces/share/unitree_inspection_interfaces/local_setup.zsh
[4.121s] -- Installing: /home/yeryn/final/install/unitree_inspection_interfaces/share/unitree_inspection_interfaces/local_setup.dsv
[4.122s] -- Installing: /home/yeryn/final/install/unitree_inspection_interfaces/share/unitree_inspection_interfaces/package.dsv
[4.122s] -- Installing: /home/yeryn/final/install/unitree_inspection_interfaces/share/ament_index/resource_index/packages/unitree_inspection_interfaces
[4.122s] -- Installing: /home/yeryn/final/install/unitree_inspection_interfaces/share/unitree_inspection_interfaces/cmake/export_unitree_inspection_interfaces_msg__rosidl_generator_cExport.cmake
[4.122s] -- Installing: /home/yeryn/final/install/unitree_inspection_interfaces/share/unitree_inspection_interfaces/cmake/export_unitree_inspection_interfaces_msg__rosidl_generator_cExport-noconfig.cmake
[4.122s] -- Installing: /home/yeryn/final/install/unitree_inspection_interfaces/share/unitree_inspection_interfaces/cmake/export_unitree_inspection_interfaces_msg__rosidl_typesupport_fastrtps_cExport.cmake
[4.122s] -- Installing: /home/yeryn/final/install/unitree_inspection_interfaces/share/unitree_inspection_interfaces/cmake/export_unitree_inspection_interfaces_msg__rosidl_typesupport_fastrtps_cExport-noconfig.cmake
[4.122s] -- Installing: /home/yeryn/final/install/unitree_inspection_interfaces/share/unitree_inspection_interfaces/cmake/unitree_inspection_interfaces_msg__rosidl_typesupport_introspection_cExport.cmake
[4.122s] -- Installing: /home/yeryn/final/install/unitree_inspection_interfaces/share/unitree_inspection_interfaces/cmake/unitree_inspection_interfaces_msg__rosidl_typesupport_introspection_cExport-noconfig.cmake
[4.122s] -- Installing: /home/yeryn/final/install/unitree_inspection_interfaces/share/unitree_inspection_interfaces/cmake/unitree_inspection_interfaces_msg__rosidl_typesupport_cExport.cmake
[4.122s] -- Installing: /home/yeryn/final/install/unitree_inspection_interfaces/share/unitree_inspection_interfaces/cmake/unitree_inspection_interfaces_msg__rosidl_typesupport_cExport-noconfig.cmake
[4.122s] -- Installing: /home/yeryn/final/install/unitree_inspection_interfaces/share/unitree_inspection_interfaces/cmake/export_unitree_inspection_interfaces_msg__rosidl_generator_cppExport.cmake
[4.122s] -- Installing: /home/yeryn/final/install/unitree_inspection_interfaces/share/unitree_inspection_interfaces/cmake/export_unitree_inspection_interfaces_msg__rosidl_typesupport_fastrtps_cppExport.cmake
[4.122s] -- Installing: /home/yeryn/final/install/unitree_inspection_interfaces/share/unitree_inspection_interfaces/cmake/export_unitree_inspection_interfaces_msg__rosidl_typesupport_fastrtps_cppExport-noconfig.cmake
[4.122s] -- Installing: /home/yeryn/final/install/unitree_inspection_interfaces/share/unitree_inspection_interfaces/cmake/unitree_inspection_interfaces_msg__rosidl_typesupport_introspection_cppExport.cmake
[4.122s] -- Installing: /home/yeryn/final/install/unitree_inspection_interfaces/share/unitree_inspection_interfaces/cmake/unitree_inspection_interfaces_msg__rosidl_typesupport_introspection_cppExport-noconfig.cmake
[4.123s] -- Installing: /home/yeryn/final/install/unitree_inspection_interfaces/share/unitree_inspection_interfaces/cmake/unitree_inspection_interfaces_msg__rosidl_typesupport_cppExport.cmake
[4.123s] -- Installing: /home/yeryn/final/install/unitree_inspection_interfaces/share/unitree_inspection_interfaces/cmake/unitree_inspection_interfaces_msg__rosidl_typesupport_cppExport-noconfig.cmake
[4.123s] -- Installing: /home/yeryn/final/install/unitree_inspection_interfaces/share/unitree_inspection_interfaces/cmake/export_unitree_inspection_interfaces_msg__rosidl_generator_pyExport.cmake
[4.123s] -- Installing: /home/yeryn/final/install/unitree_inspection_interfaces/share/unitree_inspection_interfaces/cmake/export_unitree_inspection_interfaces_msg__rosidl_generator_pyExport-noconfig.cmake
[4.123s] -- Installing: /home/yeryn/final/install/unitree_inspection_interfaces/share/unitree_inspection_interfaces/cmake/ament_cmake_export_dependencies-extras.cmake
[4.123s] -- Installing: /home/yeryn/final/install/unitree_inspection_interfaces/share/unitree_inspection_interfaces/cmake/rosidl_cmake-extras.cmake
[4.123s] -- Installing: /home/yeryn/final/install/unitree_inspection_interfaces/share/unitree_inspection_interfaces/cmake/ament_cmake_export_include_directories-extras.cmake
[4.123s] -- Installing: /home/yeryn/final/install/unitree_inspection_interfaces/share/unitree_inspection_interfaces/cmake/ament_cmake_export_libraries-extras.cmake
[4.123s] -- Installing: /home/yeryn/final/install/unitree_inspection_interfaces/share/unitree_inspection_interfaces/cmake/ament_cmake_export_targets-extras.cmake
[4.123s] -- Installing: /home/yeryn/final/install/unitree_inspection_interfaces/share/unitree_inspection_interfaces/cmake/rosidl_cmake_export_typesupport_targets-extras.cmake
[4.123s] -- Installing: /home/yeryn/final/install/unitree_inspection_interfaces/share/unitree_inspection_interfaces/cmake/rosidl_cmake_export_typesupport_libraries-extras.cmake
[4.123s] -- Installing: /home/yeryn/final/install/unitree_inspection_interfaces/share/unitree_inspection_interfaces/cmake/unitree_inspection_interfacesConfig.cmake
[4.123s] -- Installing: /home/yeryn/final/install/unitree_inspection_interfaces/share/unitree_inspection_interfaces/cmake/unitree_inspection_interfacesConfig-version.cmake
[4.123s] -- Installing: /home/yeryn/final/install/unitree_inspection_interfaces/share/unitree_inspection_interfaces/package.xml
[4.128s] Invoked command in '/home/yeryn/final/build/unitree_inspection_interfaces' returned '0': CMAKE_PREFIX_PATH=/opt/ros/humble /usr/bin/cmake --install /home/yeryn/final/build/unitree_inspection_interfaces
