[2.737s] Invoking command in '/home/rs/go1_robot/src/unitree_nav/unitree_nav_launch_module': PYTHONPATH=/home/rs/go1_robot/build/unitree_nav_launch_module/prefix_override:/home/rs/go1_robot/install/unitree_nav_launch_module/lib/python3.10/site-packages:${PYTHONPATH} /usr/bin/python3 -W ignore:setup.py install is deprecated setup.py egg_info --egg-base ../../../build/unitree_nav_launch_module build --build-base /home/rs/go1_robot/build/unitree_nav_launch_module/build install --record /home/rs/go1_robot/build/unitree_nav_launch_module/install.log --single-version-externally-managed install_data
[3.712s] running egg_info
[3.714s] writing ../../../build/unitree_nav_launch_module/unitree_nav_launch_module.egg-info/PKG-INFO
[3.716s] writing dependency_links to ../../../build/unitree_nav_launch_module/unitree_nav_launch_module.egg-info/dependency_links.txt
[3.716s] writing entry points to ../../../build/unitree_nav_launch_module/unitree_nav_launch_module.egg-info/entry_points.txt
[3.717s] writing requirements to ../../../build/unitree_nav_launch_module/unitree_nav_launch_module.egg-info/requires.txt
[3.717s] writing top-level names to ../../../build/unitree_nav_launch_module/unitree_nav_launch_module.egg-info/top_level.txt
[3.722s] reading manifest file '../../../build/unitree_nav_launch_module/unitree_nav_launch_module.egg-info/SOURCES.txt'
[3.724s] writing manifest file '../../../build/unitree_nav_launch_module/unitree_nav_launch_module.egg-info/SOURCES.txt'
[3.726s] running build
[3.726s] running build_py
[3.726s] running install
[3.727s] running install_lib
[3.729s] running install_data
[3.730s] running install_egg_info
[3.734s] removing '/home/rs/go1_robot/install/unitree_nav_launch_module/lib/python3.10/site-packages/unitree_nav_launch_module-0.0.0-py3.10.egg-info' (and everything under it)
[3.735s] Copying ../../../build/unitree_nav_launch_module/unitree_nav_launch_module.egg-info to /home/rs/go1_robot/install/unitree_nav_launch_module/lib/python3.10/site-packages/unitree_nav_launch_module-0.0.0-py3.10.egg-info
[3.737s] running install_scripts
[3.778s] writing list of installed files to '/home/rs/go1_robot/build/unitree_nav_launch_module/install.log'
[3.857s] Invoked command in '/home/rs/go1_robot/src/unitree_nav/unitree_nav_launch_module' returned '0': PYTHONPATH=/home/rs/go1_robot/build/unitree_nav_launch_module/prefix_override:/home/rs/go1_robot/install/unitree_nav_launch_module/lib/python3.10/site-packages:${PYTHONPATH} /usr/bin/python3 -W ignore:setup.py install is deprecated setup.py egg_info --egg-base ../../../build/unitree_nav_launch_module build --build-base /home/rs/go1_robot/build/unitree_nav_launch_module/build install --record /home/rs/go1_robot/build/unitree_nav_launch_module/install.log --single-version-externally-managed install_data
