[0.173s] Invoking command in '/home/rs/go1_robot/build/ros2_unitree_legged_msgs': CMAKE_PREFIX_PATH=${CMAKE_PREFIX_PATH}:/opt/ros/humble:/home/rs/go1_robot/install/unitree_nav_launch_module /usr/bin/cmake --build /home/rs/go1_robot/build/ros2_unitree_legged_msgs -- -j13 -l13
[0.611s] [ 12%] Built target ros2_unitree_legged_msgs__rosidl_generator_c
[0.656s] [ 12%] Built target ament_cmake_python_copy_ros2_unitree_legged_msgs
[0.666s] [ 12%] Built target ros2_unitree_legged_msgs__cpp
[0.870s] [ 24%] Built target ros2_unitree_legged_msgs__rosidl_typesupport_c
[0.878s] [ 36%] Built target ros2_unitree_legged_msgs__rosidl_typesupport_introspection_c
[0.930s] [ 48%] Built target ros2_unitree_legged_msgs__rosidl_typesupport_fastrtps_c
[0.968s] [ 59%] Built target ros2_unitree_legged_msgs__rosidl_typesupport_fastrtps_cpp
[0.982s] [ 71%] Built target ros2_unitree_legged_msgs__rosidl_typesupport_introspection_cpp
[1.016s] [ 83%] Built target ros2_unitree_legged_msgs__rosidl_typesupport_cpp
[1.143s] [ 83%] Built target ros2_unitree_legged_msgs
[1.275s] [ 84%] Built target ros2_unitree_legged_msgs__py
[1.498s] [ 95%] Built target ros2_unitree_legged_msgs__rosidl_generator_py
[1.626s] [ 96%] Built target ros2_unitree_legged_msgs__rosidl_typesupport_c__pyext
[1.634s] [ 99%] Built target ros2_unitree_legged_msgs__rosidl_typesupport_fastrtps_c__pyext
[1.635s] [100%] Built target ros2_unitree_legged_msgs__rosidl_typesupport_introspection_c__pyext
[2.006s] running egg_info
[2.008s] writing ros2_unitree_legged_msgs.egg-info/PKG-INFO
[2.009s] writing dependency_links to ros2_unitree_legged_msgs.egg-info/dependency_links.txt
[2.010s] writing top-level names to ros2_unitree_legged_msgs.egg-info/top_level.txt
[2.019s] reading manifest file 'ros2_unitree_legged_msgs.egg-info/SOURCES.txt'
[2.028s] writing manifest file 'ros2_unitree_legged_msgs.egg-info/SOURCES.txt'
[2.151s] [100%] Built target ament_cmake_python_build_ros2_unitree_legged_msgs_egg
[2.211s] Invoked command in '/home/rs/go1_robot/build/ros2_unitree_legged_msgs' returned '0': CMAKE_PREFIX_PATH=${CMAKE_PREFIX_PATH}:/opt/ros/humble:/home/rs/go1_robot/install/unitree_nav_launch_module /usr/bin/cmake --build /home/rs/go1_robot/build/ros2_unitree_legged_msgs -- -j13 -l13
