[0.061s] Invoking command in '/home/rs/final_auto/build/unitree_ocr': CMAKE_PREFIX_PATH=/home/rs/final_auto/install/unitree_ocr_interfaces:/home/rs/final_auto/install/unitree_inspection:/home/rs/final_auto/install/unitree_ocr:/home/rs/final_auto/install/unitree_nav:/home/rs/final_auto/install/unitree_nav_interfaces:/home/rs/final_auto/install/unitree_legged_real:/home/rs/final_auto/install/unitree_inspection_interfaces:/home/rs/final_auto/install/ros2_unitree_legged_msgs:/home/rs/final_auto/install/go1_description:/home/rs/final_auto/install/unitree_nav_launch_module:/opt/ros/humble /usr/bin/cmake --build /home/rs/final_auto/build/unitree_ocr -- -j13 -l13
[0.316s] [ 20%] [34m[1mGenerate API documentation for doxygen[0m
[0.336s] [ 60%] Built target unitree_ocr
[0.373s] Doxygen version used: 1.9.1
[0.374s] Searching for include files...
[0.374s] Searching for example files...
[0.374s] Searching for images...
[0.374s] Searching for dot files...
[0.375s] Searching for msc files...
[0.375s] Searching for dia files...
[0.375s] Searching for files to exclude
[0.375s] Searching INPUT for files to process...
[0.381s] Reading and parsing tag files
[0.381s] Parsing files
[0.382s] Preprocessing /home/rs/final_auto/src/unitree_inspection/unitree_ocr/include/unitree_ocr/ocr.hpp...
[0.382s] Parsing file /home/rs/final_auto/src/unitree_inspection/unitree_ocr/include/unitree_ocr/ocr.hpp...
[0.383s] Preprocessing /home/rs/final_auto/src/unitree_inspection/unitree_ocr/src/ocr.cpp...
[0.384s] [100%] Built target text_detection_subscriber
[0.384s] Parsing file /home/rs/final_auto/src/unitree_inspection/unitree_ocr/src/ocr.cpp...
[0.384s] Building macro definition list...
[0.384s] Building group list...
[0.384s] Building directory list...
[0.385s] Building namespace list...
[0.385s] Building file list...
[0.385s] Building class list...
[0.385s] Computing nesting relations for classes...
[0.385s] Associating documentation with classes...
[0.386s] Building example list...
[0.386s] Searching for enumerations...
[0.387s] Searching for documented typedefs...
[0.387s] Searching for members imported via using declarations...
[0.387s] Searching for included using directives...
[0.387s] Searching for documented variables...
[0.387s] Building interface member list...
[0.388s] Building member list...
[0.388s] Searching for friends...
[0.388s] Searching for documented defines...
[0.388s] Computing class inheritance relations...
[0.389s] Computing class usage relations...
[0.389s] Flushing cached template relations that have become invalid...
[0.389s] Computing class relations...
[0.390s] Add enum values to enums...
[0.390s] Searching for member function documentation...
[0.390s] Creating members for template instances...
[0.390s] Building page list...
[0.390s] Search for main page...
[0.390s] Computing page relations...
[0.391s] Determining the scope of groups...
[0.391s] Sorting lists...
[0.391s] Determining which enums are documented
[0.391s] Computing member relations...
[0.392s] Building full member lists recursively...
[0.392s] Adding members to member groups.
[0.392s] Computing member references...
[0.393s] Inheriting documentation...
[0.393s] Generating disk names...
[0.393s] Adding source references...
[0.393s] Adding xrefitems...
[0.393s] Sorting member lists...
[0.394s] Setting anonymous enum type...
[0.394s] Computing dependencies between directories...
[0.395s] Generating citations page...
[0.395s] Counting members...
[0.395s] Counting data structures...
[0.395s] Resolving user defined references...
[0.396s] Finding anchors and sections in the documentation...
[0.396s] Transferring function references...
[0.396s] Combining using relations...
[0.396s] Adding members to index pages...
[0.396s] Correcting members for VHDL...
[0.396s] Computing tooltip texts...
[0.401s] Generating style sheet...
[0.404s] Generating search indices...
[0.426s] Generating example documentation...
[0.427s] Generating file sources...
[0.431s] Generating code for file include/unitree_ocr/ocr.hpp...
[0.441s] Generating file documentation...
[0.441s] Generating page documentation...
[0.441s] Generating group documentation...
[0.442s] Generating class documentation...
[0.442s] Generating namespace index...
[0.442s] Generating docs for compound unitree_ocr::TextDetector...
[0.453s] Generating graph info page...
[0.454s] Generating directory documentation...
[0.455s] Generating index page...
[0.455s] Generating page index...
[0.455s] Generating module index...
[0.456s] Generating namespace index...
[0.457s] Generating namespace member index...
[0.457s] Generating annotated compound index...
[0.458s] Generating alphabetical compound index...
[0.459s] Generating hierarchical class index...
[0.459s] Generating graphical class hierarchy...
[0.460s] Generating member index...
[0.460s] Generating file index...
[0.461s] Generating file member index...
[0.461s] Generating example index...
[0.462s] finalizing index lists...
[0.463s] writing tag file...
[0.463s] Running plantuml with JAVA...
[0.463s] Running dot...
[0.464s] lookup cache used 16/65536 hits=27 misses=16
[0.465s] finished...
[0.486s] [100%] Built target doxygen
[0.518s] Invoked command in '/home/rs/final_auto/build/unitree_ocr' returned '0': CMAKE_PREFIX_PATH=/home/rs/final_auto/install/unitree_ocr_interfaces:/home/rs/final_auto/install/unitree_inspection:/home/rs/final_auto/install/unitree_ocr:/home/rs/final_auto/install/unitree_nav:/home/rs/final_auto/install/unitree_nav_interfaces:/home/rs/final_auto/install/unitree_legged_real:/home/rs/final_auto/install/unitree_inspection_interfaces:/home/rs/final_auto/install/ros2_unitree_legged_msgs:/home/rs/final_auto/install/go1_description:/home/rs/final_auto/install/unitree_nav_launch_module:/opt/ros/humble /usr/bin/cmake --build /home/rs/final_auto/build/unitree_ocr -- -j13 -l13
[0.662s] Invoking command in '/home/rs/final_auto/build/unitree_ocr': CMAKE_PREFIX_PATH=/home/rs/final_auto/install/unitree_ocr_interfaces:/home/rs/final_auto/install/unitree_inspection:/home/rs/final_auto/install/unitree_ocr:/home/rs/final_auto/install/unitree_nav:/home/rs/final_auto/install/unitree_nav_interfaces:/home/rs/final_auto/install/unitree_legged_real:/home/rs/final_auto/install/unitree_inspection_interfaces:/home/rs/final_auto/install/ros2_unitree_legged_msgs:/home/rs/final_auto/install/go1_description:/home/rs/final_auto/install/unitree_nav_launch_module:/opt/ros/humble /usr/bin/cmake --install /home/rs/final_auto/build/unitree_ocr
[0.684s] -- Install configuration: ""
[0.686s] -- Up-to-date: /home/rs/final_auto/install/unitree_ocr/lib/unitree_ocr/text_detection_subscriber
[0.687s] -- Up-to-date: /home/rs/final_auto/install/unitree_ocr/include
[0.687s] -- Up-to-date: /home/rs/final_auto/install/unitree_ocr/include/unitree_ocr
[0.688s] -- Up-to-date: /home/rs/final_auto/install/unitree_ocr/include/unitree_ocr/ocr.hpp
[0.692s] -- Up-to-date: /home/rs/final_auto/install/unitree_ocr/lib/libunitree_ocr.a
[0.692s] -- Up-to-date: /home/rs/final_auto/install/unitree_ocr/lib/cmake/unitree_ocr/unitree_ocr-config.cmake
[0.692s] -- Up-to-date: /home/rs/final_auto/install/unitree_ocr/lib/cmake/unitree_ocr/unitree_ocr-config-noconfig.cmake
[0.692s] -- Up-to-date: /home/rs/final_auto/install/unitree_ocr/share/unitree_ocr/launch
[0.692s] -- Up-to-date: /home/rs/final_auto/install/unitree_ocr/share/unitree_ocr/launch/text_detection_subscriber.launch.py
[0.692s] -- Up-to-date: /home/rs/final_auto/install/unitree_ocr/share/unitree_ocr/models
[0.693s] -- Up-to-date: /home/rs/final_auto/install/unitree_ocr/share/unitree_ocr/models/README.md
[0.693s] -- Up-to-date: /home/rs/final_auto/install/unitree_ocr/share/ament_index/resource_index/package_run_dependencies/unitree_ocr
[0.699s] -- Up-to-date: /home/rs/final_auto/install/unitree_ocr/share/ament_index/resource_index/parent_prefix_path/unitree_ocr
[0.702s] -- Up-to-date: /home/rs/final_auto/install/unitree_ocr/share/unitree_ocr/environment/ament_prefix_path.sh
[0.702s] -- Up-to-date: /home/rs/final_auto/install/unitree_ocr/share/unitree_ocr/environment/ament_prefix_path.dsv
[0.705s] -- Up-to-date: /home/rs/final_auto/install/unitree_ocr/share/unitree_ocr/environment/path.sh
[0.707s] -- Up-to-date: /home/rs/final_auto/install/unitree_ocr/share/unitree_ocr/environment/path.dsv
[0.708s] -- Up-to-date: /home/rs/final_auto/install/unitree_ocr/share/unitree_ocr/local_setup.bash
[0.708s] -- Up-to-date: /home/rs/final_auto/install/unitree_ocr/share/unitree_ocr/local_setup.sh
[0.709s] -- Up-to-date: /home/rs/final_auto/install/unitree_ocr/share/unitree_ocr/local_setup.zsh
[0.709s] -- Up-to-date: /home/rs/final_auto/install/unitree_ocr/share/unitree_ocr/local_setup.dsv
[0.710s] -- Installing: /home/rs/final_auto/install/unitree_ocr/share/unitree_ocr/package.dsv
[0.711s] -- Up-to-date: /home/rs/final_auto/install/unitree_ocr/share/ament_index/resource_index/packages/unitree_ocr
[0.711s] -- Up-to-date: /home/rs/final_auto/install/unitree_ocr/share/unitree_ocr/cmake/unitree_ocrConfig.cmake
[0.711s] -- Up-to-date: /home/rs/final_auto/install/unitree_ocr/share/unitree_ocr/cmake/unitree_ocrConfig-version.cmake
[0.714s] -- Up-to-date: /home/rs/final_auto/install/unitree_ocr/share/unitree_ocr/package.xml
[0.715s] Invoked command in '/home/rs/final_auto/build/unitree_ocr' returned '0': CMAKE_PREFIX_PATH=/home/rs/final_auto/install/unitree_ocr_interfaces:/home/rs/final_auto/install/unitree_inspection:/home/rs/final_auto/install/unitree_ocr:/home/rs/final_auto/install/unitree_nav:/home/rs/final_auto/install/unitree_nav_interfaces:/home/rs/final_auto/install/unitree_legged_real:/home/rs/final_auto/install/unitree_inspection_interfaces:/home/rs/final_auto/install/ros2_unitree_legged_msgs:/home/rs/final_auto/install/go1_description:/home/rs/final_auto/install/unitree_nav_launch_module:/opt/ros/humble /usr/bin/cmake --install /home/rs/final_auto/build/unitree_ocr
