[0.053s] Invoking command in '/home/rs/final_auto/build/unitree_legged_real': CMAKE_PREFIX_PATH=/home/rs/final_auto/install/ros2_unitree_legged_msgs:/home/rs/final_auto/install/unitree_inspection:/home/rs/final_auto/install/unitree_ocr:/home/rs/final_auto/install/unitree_ocr_interfaces:/home/rs/final_auto/install/unitree_nav:/home/rs/final_auto/install/unitree_nav_interfaces:/home/rs/final_auto/install/unitree_legged_real:/home/rs/final_auto/install/unitree_inspection_interfaces:/home/rs/final_auto/install/go1_description:/home/rs/final_auto/install/unitree_nav_launch_module:/opt/ros/humble LD_LIBRARY_PATH=/home/rs/final_auto/install/ros2_unitree_legged_msgs/lib:/home/rs/final_auto/install/unitree_ocr_interfaces/lib:/home/rs/final_auto/install/unitree_nav_interfaces/lib:/home/rs/final_auto/install/unitree_legged_real/lib:/home/rs/final_auto/install/unitree_inspection_interfaces/lib:/opt/ros/humble/opt/rviz_ogre_vendor/lib:/opt/ros/humble/lib/x86_64-linux-gnu:/opt/ros/humble/lib /usr/bin/cmake --build /home/rs/final_auto/build/unitree_legged_real -- -j13 -l13
[0.253s] [ 12%] Built target jsp_high
[0.254s] [ 25%] Built target ros2_udp
[0.255s] [ 37%] Built target custom_gait
[0.255s] [ 50%] Built target udp_high
[0.257s] [ 62%] Built target jsp_low
[0.260s] [ 75%] Built target ros2_position_example
[0.261s] [100%] Built target udp_low
[0.262s] [ 93%] Built target ros2_walk_example
[0.301s] Invoked command in '/home/rs/final_auto/build/unitree_legged_real' returned '0': CMAKE_PREFIX_PATH=/home/rs/final_auto/install/ros2_unitree_legged_msgs:/home/rs/final_auto/install/unitree_inspection:/home/rs/final_auto/install/unitree_ocr:/home/rs/final_auto/install/unitree_ocr_interfaces:/home/rs/final_auto/install/unitree_nav:/home/rs/final_auto/install/unitree_nav_interfaces:/home/rs/final_auto/install/unitree_legged_real:/home/rs/final_auto/install/unitree_inspection_interfaces:/home/rs/final_auto/install/go1_description:/home/rs/final_auto/install/unitree_nav_launch_module:/opt/ros/humble LD_LIBRARY_PATH=/home/rs/final_auto/install/ros2_unitree_legged_msgs/lib:/home/rs/final_auto/install/unitree_ocr_interfaces/lib:/home/rs/final_auto/install/unitree_nav_interfaces/lib:/home/rs/final_auto/install/unitree_legged_real/lib:/home/rs/final_auto/install/unitree_inspection_interfaces/lib:/opt/ros/humble/opt/rviz_ogre_vendor/lib:/opt/ros/humble/lib/x86_64-linux-gnu:/opt/ros/humble/lib /usr/bin/cmake --build /home/rs/final_auto/build/unitree_legged_real -- -j13 -l13
[0.500s] Invoking command in '/home/rs/final_auto/build/unitree_legged_real': CMAKE_PREFIX_PATH=/home/rs/final_auto/install/ros2_unitree_legged_msgs:/home/rs/final_auto/install/unitree_inspection:/home/rs/final_auto/install/unitree_ocr:/home/rs/final_auto/install/unitree_ocr_interfaces:/home/rs/final_auto/install/unitree_nav:/home/rs/final_auto/install/unitree_nav_interfaces:/home/rs/final_auto/install/unitree_legged_real:/home/rs/final_auto/install/unitree_inspection_interfaces:/home/rs/final_auto/install/go1_description:/home/rs/final_auto/install/unitree_nav_launch_module:/opt/ros/humble LD_LIBRARY_PATH=/home/rs/final_auto/install/ros2_unitree_legged_msgs/lib:/home/rs/final_auto/install/unitree_ocr_interfaces/lib:/home/rs/final_auto/install/unitree_nav_interfaces/lib:/home/rs/final_auto/install/unitree_legged_real/lib:/home/rs/final_auto/install/unitree_inspection_interfaces/lib:/opt/ros/humble/opt/rviz_ogre_vendor/lib:/opt/ros/humble/lib/x86_64-linux-gnu:/opt/ros/humble/lib /usr/bin/cmake --install /home/rs/final_auto/build/unitree_legged_real
[0.524s] -- Install configuration: ""
[0.524s] -- Up-to-date: /home/rs/final_auto/install/unitree_legged_real/lib
[0.524s] -- Up-to-date: /home/rs/final_auto/install/unitree_legged_real/lib/libunitree_legged_sdk_arm64.so
[0.525s] -- Up-to-date: /home/rs/final_auto/install/unitree_legged_real/lib/libunitree_legged_sdk_amd64.so
[0.530s] -- Up-to-date: /home/rs/final_auto/install/unitree_legged_real/lib/unitree_legged_real/ros2_udp
[0.530s] -- Up-to-date: /home/rs/final_auto/install/unitree_legged_real/lib/unitree_legged_real/udp_high
[0.530s] -- Up-to-date: /home/rs/final_auto/install/unitree_legged_real/lib/unitree_legged_real/jsp_high
[0.531s] -- Up-to-date: /home/rs/final_auto/install/unitree_legged_real/lib/unitree_legged_real/ros2_walk_example
[0.531s] -- Up-to-date: /home/rs/final_auto/install/unitree_legged_real/lib/unitree_legged_real/ros2_position_example
[0.531s] -- Up-to-date: /home/rs/final_auto/install/unitree_legged_real/lib/unitree_legged_real/custom_gait
[0.533s] -- Up-to-date: /home/rs/final_auto/install/unitree_legged_real/lib/unitree_legged_real/udp_low
[0.535s] -- Up-to-date: /home/rs/final_auto/install/unitree_legged_real/lib/unitree_legged_real/jsp_low
[0.536s] -- Up-to-date: /home/rs/final_auto/install/unitree_legged_real/share/unitree_legged_real//launch
[0.538s] -- Up-to-date: /home/rs/final_auto/install/unitree_legged_real/share/unitree_legged_real//launch/high.launch.py
[0.538s] -- Up-to-date: /home/rs/final_auto/install/unitree_legged_real/share/unitree_legged_real//launch/low.launch.py
[0.540s] -- Up-to-date: /home/rs/final_auto/install/unitree_legged_real/share/unitree_legged_real//config
[0.540s] -- Up-to-date: /home/rs/final_auto/install/unitree_legged_real/share/unitree_legged_real//config/state_only.rviz
[0.541s] -- Up-to-date: /home/rs/final_auto/install/unitree_legged_real/share/unitree_legged_real//config/state_and_cmd.rviz
[0.542s] -- Up-to-date: /home/rs/final_auto/install/unitree_legged_real/share/unitree_legged_real//config/cmd_only.rviz
[0.542s] -- Up-to-date: /home/rs/final_auto/install/unitree_legged_real/share/ament_index/resource_index/package_run_dependencies/unitree_legged_real
[0.543s] -- Up-to-date: /home/rs/final_auto/install/unitree_legged_real/share/ament_index/resource_index/parent_prefix_path/unitree_legged_real
[0.544s] -- Up-to-date: /home/rs/final_auto/install/unitree_legged_real/share/unitree_legged_real/environment/ament_prefix_path.sh
[0.544s] -- Up-to-date: /home/rs/final_auto/install/unitree_legged_real/share/unitree_legged_real/environment/ament_prefix_path.dsv
[0.545s] -- Up-to-date: /home/rs/final_auto/install/unitree_legged_real/share/unitree_legged_real/environment/path.sh
[0.546s] -- Up-to-date: /home/rs/final_auto/install/unitree_legged_real/share/unitree_legged_real/environment/path.dsv
[0.546s] -- Up-to-date: /home/rs/final_auto/install/unitree_legged_real/share/unitree_legged_real/local_setup.bash
[0.547s] -- Up-to-date: /home/rs/final_auto/install/unitree_legged_real/share/unitree_legged_real/local_setup.sh
[0.548s] -- Up-to-date: /home/rs/final_auto/install/unitree_legged_real/share/unitree_legged_real/local_setup.zsh
[0.548s] -- Up-to-date: /home/rs/final_auto/install/unitree_legged_real/share/unitree_legged_real/local_setup.dsv
[0.548s] -- Installing: /home/rs/final_auto/install/unitree_legged_real/share/unitree_legged_real/package.dsv
[0.549s] -- Up-to-date: /home/rs/final_auto/install/unitree_legged_real/share/ament_index/resource_index/packages/unitree_legged_real
[0.550s] -- Up-to-date: /home/rs/final_auto/install/unitree_legged_real/share/unitree_legged_real/cmake/unitree_legged_realConfig.cmake
[0.550s] -- Up-to-date: /home/rs/final_auto/install/unitree_legged_real/share/unitree_legged_real/cmake/unitree_legged_realConfig-version.cmake
[0.552s] -- Up-to-date: /home/rs/final_auto/install/unitree_legged_real/share/unitree_legged_real/package.xml
[0.554s] Invoked command in '/home/rs/final_auto/build/unitree_legged_real' returned '0': CMAKE_PREFIX_PATH=/home/rs/final_auto/install/ros2_unitree_legged_msgs:/home/rs/final_auto/install/unitree_inspection:/home/rs/final_auto/install/unitree_ocr:/home/rs/final_auto/install/unitree_ocr_interfaces:/home/rs/final_auto/install/unitree_nav:/home/rs/final_auto/install/unitree_nav_interfaces:/home/rs/final_auto/install/unitree_legged_real:/home/rs/final_auto/install/unitree_inspection_interfaces:/home/rs/final_auto/install/go1_description:/home/rs/final_auto/install/unitree_nav_launch_module:/opt/ros/humble LD_LIBRARY_PATH=/home/rs/final_auto/install/ros2_unitree_legged_msgs/lib:/home/rs/final_auto/install/unitree_ocr_interfaces/lib:/home/rs/final_auto/install/unitree_nav_interfaces/lib:/home/rs/final_auto/install/unitree_legged_real/lib:/home/rs/final_auto/install/unitree_inspection_interfaces/lib:/opt/ros/humble/opt/rviz_ogre_vendor/lib:/opt/ros/humble/lib/x86_64-linux-gnu:/opt/ros/humble/lib /usr/bin/cmake --install /home/rs/final_auto/build/unitree_legged_real
