[0.060s] Invoking command in '/home/rs/final_auto/build/unitree_ocr': CMAKE_PREFIX_PATH=/home/rs/final_auto/install/unitree_ocr_interfaces:/home/rs/final_auto/install/unitree_inspection:/home/rs/final_auto/install/unitree_ocr:/home/rs/final_auto/install/unitree_nav:/home/rs/final_auto/install/unitree_nav_interfaces:/home/rs/final_auto/install/unitree_legged_real:/home/rs/final_auto/install/unitree_inspection_interfaces:/home/rs/final_auto/install/ros2_unitree_legged_msgs:/home/rs/final_auto/install/go1_description:/home/rs/final_auto/install/unitree_nav_launch_module:/opt/ros/humble /usr/bin/cmake --build /home/rs/final_auto/build/unitree_ocr -- -j13 -l13
[0.336s] [ 60%] Built target unitree_ocr
[0.336s] [ 60%] [34m[1mGenerate API documentation for doxygen[0m
[0.347s] Doxygen version used: 1.9.1
[0.347s] Searching for include files...
[0.347s] Searching for example files...
[0.347s] Searching for images...
[0.348s] Searching for dot files...
[0.348s] Searching for msc files...
[0.348s] Searching for dia files...
[0.348s] Searching for files to exclude
[0.349s] Searching INPUT for files to process...
[0.349s] Reading and parsing tag files
[0.349s] Parsing files
[0.350s] Preprocessing /home/rs/final_auto/src/unitree_inspection/unitree_ocr/include/unitree_ocr/ocr.hpp...
[0.350s] Parsing file /home/rs/final_auto/src/unitree_inspection/unitree_ocr/include/unitree_ocr/ocr.hpp...
[0.353s] Preprocessing /home/rs/final_auto/src/unitree_inspection/unitree_ocr/src/ocr.cpp...
[0.357s] [100%] Built target text_detection_subscriber
[0.357s] Parsing file /home/rs/final_auto/src/unitree_inspection/unitree_ocr/src/ocr.cpp...
[0.357s] Building macro definition list...
[0.358s] Building group list...
[0.360s] Building directory list...
[0.360s] Building namespace list...
[0.361s] Building file list...
[0.361s] Building class list...
[0.361s] Computing nesting relations for classes...
[0.361s] Associating documentation with classes...
[0.361s] Building example list...
[0.362s] Searching for enumerations...
[0.362s] Searching for documented typedefs...
[0.362s] Searching for members imported via using declarations...
[0.362s] Searching for included using directives...
[0.363s] Searching for documented variables...
[0.363s] Building interface member list...
[0.363s] Building member list...
[0.363s] Searching for friends...
[0.364s] Searching for documented defines...
[0.364s] Computing class inheritance relations...
[0.365s] Computing class usage relations...
[0.365s] Flushing cached template relations that have become invalid...
[0.365s] Computing class relations...
[0.365s] Add enum values to enums...
[0.365s] Searching for member function documentation...
[0.365s] Creating members for template instances...
[0.365s] Building page list...
[0.365s] Search for main page...
[0.366s] Computing page relations...
[0.366s] Determining the scope of groups...
[0.366s] Sorting lists...
[0.366s] Determining which enums are documented
[0.366s] Computing member relations...
[0.366s] Building full member lists recursively...
[0.366s] Adding members to member groups.
[0.367s] Computing member references...
[0.367s] Inheriting documentation...
[0.367s] Generating disk names...
[0.369s] Adding source references...
[0.370s] Adding xrefitems...
[0.370s] Sorting member lists...
[0.371s] Setting anonymous enum type...
[0.372s] Computing dependencies between directories...
[0.373s] Generating citations page...
[0.373s] Counting members...
[0.373s] Counting data structures...
[0.373s] Resolving user defined references...
[0.374s] Finding anchors and sections in the documentation...
[0.374s] Transferring function references...
[0.374s] Combining using relations...
[0.374s] Adding members to index pages...
[0.375s] Correcting members for VHDL...
[0.375s] Computing tooltip texts...
[0.376s] Generating style sheet...
[0.376s] Generating search indices...
[0.397s] Generating example documentation...
[0.398s] Generating file sources...
[0.398s] Generating code for file include/unitree_ocr/ocr.hpp...
[0.404s] Generating file documentation...
[0.404s] Generating page documentation...
[0.405s] Generating group documentation...
[0.405s] Generating class documentation...
[0.405s] Generating namespace index...
[0.405s] Generating docs for compound unitree_ocr::TextDetector...
[0.425s] Generating graph info page...
[0.429s] Generating directory documentation...
[0.433s] Generating index page...
[0.435s] Generating page index...
[0.436s] Generating module index...
[0.436s] Generating namespace index...
[0.436s] Generating namespace member index...
[0.437s] Generating annotated compound index...
[0.438s] Generating alphabetical compound index...
[0.438s] Generating hierarchical class index...
[0.438s] Generating graphical class hierarchy...
[0.439s] Generating member index...
[0.439s] Generating file index...
[0.440s] Generating file member index...
[0.440s] Generating example index...
[0.441s] finalizing index lists...
[0.441s] writing tag file...
[0.441s] Running plantuml with JAVA...
[0.442s] Running dot...
[0.443s] lookup cache used 16/65536 hits=27 misses=16
[0.444s] finished...
[0.474s] [100%] Built target doxygen
[0.521s] Invoked command in '/home/rs/final_auto/build/unitree_ocr' returned '0': CMAKE_PREFIX_PATH=/home/rs/final_auto/install/unitree_ocr_interfaces:/home/rs/final_auto/install/unitree_inspection:/home/rs/final_auto/install/unitree_ocr:/home/rs/final_auto/install/unitree_nav:/home/rs/final_auto/install/unitree_nav_interfaces:/home/rs/final_auto/install/unitree_legged_real:/home/rs/final_auto/install/unitree_inspection_interfaces:/home/rs/final_auto/install/ros2_unitree_legged_msgs:/home/rs/final_auto/install/go1_description:/home/rs/final_auto/install/unitree_nav_launch_module:/opt/ros/humble /usr/bin/cmake --build /home/rs/final_auto/build/unitree_ocr -- -j13 -l13
[0.658s] Invoking command in '/home/rs/final_auto/build/unitree_ocr': CMAKE_PREFIX_PATH=/home/rs/final_auto/install/unitree_ocr_interfaces:/home/rs/final_auto/install/unitree_inspection:/home/rs/final_auto/install/unitree_ocr:/home/rs/final_auto/install/unitree_nav:/home/rs/final_auto/install/unitree_nav_interfaces:/home/rs/final_auto/install/unitree_legged_real:/home/rs/final_auto/install/unitree_inspection_interfaces:/home/rs/final_auto/install/ros2_unitree_legged_msgs:/home/rs/final_auto/install/go1_description:/home/rs/final_auto/install/unitree_nav_launch_module:/opt/ros/humble /usr/bin/cmake --install /home/rs/final_auto/build/unitree_ocr
[0.690s] -- Install configuration: ""
[0.695s] -- Up-to-date: /home/rs/final_auto/install/unitree_ocr/lib/unitree_ocr/text_detection_subscriber
[0.697s] -- Up-to-date: /home/rs/final_auto/install/unitree_ocr/include
[0.698s] -- Up-to-date: /home/rs/final_auto/install/unitree_ocr/include/unitree_ocr
[0.703s] -- Up-to-date: /home/rs/final_auto/install/unitree_ocr/include/unitree_ocr/ocr.hpp
[0.703s] -- Up-to-date: /home/rs/final_auto/install/unitree_ocr/lib/libunitree_ocr.a
[0.706s] -- Up-to-date: /home/rs/final_auto/install/unitree_ocr/lib/cmake/unitree_ocr/unitree_ocr-config.cmake
[0.706s] -- Up-to-date: /home/rs/final_auto/install/unitree_ocr/lib/cmake/unitree_ocr/unitree_ocr-config-noconfig.cmake
[0.706s] -- Up-to-date: /home/rs/final_auto/install/unitree_ocr/share/unitree_ocr/launch
[0.707s] -- Up-to-date: /home/rs/final_auto/install/unitree_ocr/share/unitree_ocr/launch/text_detection_subscriber.launch.py
[0.708s] -- Up-to-date: /home/rs/final_auto/install/unitree_ocr/share/unitree_ocr/models
[0.709s] -- Up-to-date: /home/rs/final_auto/install/unitree_ocr/share/unitree_ocr/models/README.md
[0.709s] -- Up-to-date: /home/rs/final_auto/install/unitree_ocr/share/ament_index/resource_index/package_run_dependencies/unitree_ocr
[0.710s] -- Up-to-date: /home/rs/final_auto/install/unitree_ocr/share/ament_index/resource_index/parent_prefix_path/unitree_ocr
[0.710s] -- Up-to-date: /home/rs/final_auto/install/unitree_ocr/share/unitree_ocr/environment/ament_prefix_path.sh
[0.711s] -- Up-to-date: /home/rs/final_auto/install/unitree_ocr/share/unitree_ocr/environment/ament_prefix_path.dsv
[0.711s] -- Up-to-date: /home/rs/final_auto/install/unitree_ocr/share/unitree_ocr/environment/path.sh
[0.712s] -- Up-to-date: /home/rs/final_auto/install/unitree_ocr/share/unitree_ocr/environment/path.dsv
[0.713s] -- Up-to-date: /home/rs/final_auto/install/unitree_ocr/share/unitree_ocr/local_setup.bash
[0.713s] -- Up-to-date: /home/rs/final_auto/install/unitree_ocr/share/unitree_ocr/local_setup.sh
[0.714s] -- Up-to-date: /home/rs/final_auto/install/unitree_ocr/share/unitree_ocr/local_setup.zsh
[0.714s] -- Up-to-date: /home/rs/final_auto/install/unitree_ocr/share/unitree_ocr/local_setup.dsv
[0.715s] -- Installing: /home/rs/final_auto/install/unitree_ocr/share/unitree_ocr/package.dsv
[0.715s] -- Up-to-date: /home/rs/final_auto/install/unitree_ocr/share/ament_index/resource_index/packages/unitree_ocr
[0.716s] -- Up-to-date: /home/rs/final_auto/install/unitree_ocr/share/unitree_ocr/cmake/unitree_ocrConfig.cmake
[0.717s] -- Up-to-date: /home/rs/final_auto/install/unitree_ocr/share/unitree_ocr/cmake/unitree_ocrConfig-version.cmake
[0.717s] -- Up-to-date: /home/rs/final_auto/install/unitree_ocr/share/unitree_ocr/package.xml
[0.735s] Invoked command in '/home/rs/final_auto/build/unitree_ocr' returned '0': CMAKE_PREFIX_PATH=/home/rs/final_auto/install/unitree_ocr_interfaces:/home/rs/final_auto/install/unitree_inspection:/home/rs/final_auto/install/unitree_ocr:/home/rs/final_auto/install/unitree_nav:/home/rs/final_auto/install/unitree_nav_interfaces:/home/rs/final_auto/install/unitree_legged_real:/home/rs/final_auto/install/unitree_inspection_interfaces:/home/rs/final_auto/install/ros2_unitree_legged_msgs:/home/rs/final_auto/install/go1_description:/home/rs/final_auto/install/unitree_nav_launch_module:/opt/ros/humble /usr/bin/cmake --install /home/rs/final_auto/build/unitree_ocr
