[0.063s] Invoking command in '/home/rs/final_auto/build/unitree_ocr': CMAKE_PREFIX_PATH=/home/rs/final_auto/install/unitree_ocr_interfaces:/home/rs/final_auto/install/unitree_inspection:/home/rs/final_auto/install/unitree_ocr:/home/rs/final_auto/install/unitree_nav:/home/rs/final_auto/install/unitree_nav_interfaces:/home/rs/final_auto/install/unitree_legged_real:/home/rs/final_auto/install/unitree_inspection_interfaces:/home/rs/final_auto/install/ros2_unitree_legged_msgs:/home/rs/final_auto/install/go1_description:/home/rs/final_auto/install/unitree_nav_launch_module:/opt/ros/humble /usr/bin/cmake --build /home/rs/final_auto/build/unitree_ocr -- -j13 -l13
[0.316s] [ 40%] Built target unitree_ocr
[0.333s] [ 60%] [34m[1mGenerate API documentation for doxygen[0m
[0.376s] [100%] Built target text_detection_subscriber
[0.383s] Doxygen version used: 1.9.1
[0.384s] Searching for include files...
[0.384s] Searching for example files...
[0.385s] Searching for images...
[0.385s] Searching for dot files...
[0.385s] Searching for msc files...
[0.385s] Searching for dia files...
[0.385s] Searching for files to exclude
[0.385s] Searching INPUT for files to process...
[0.386s] Reading and parsing tag files
[0.386s] Parsing files
[0.386s] Preprocessing /home/rs/final_auto/src/unitree_inspection/unitree_ocr/include/unitree_ocr/ocr.hpp...
[0.386s] Parsing file /home/rs/final_auto/src/unitree_inspection/unitree_ocr/include/unitree_ocr/ocr.hpp...
[0.388s] Preprocessing /home/rs/final_auto/src/unitree_inspection/unitree_ocr/src/ocr.cpp...
[0.388s] Parsing file /home/rs/final_auto/src/unitree_inspection/unitree_ocr/src/ocr.cpp...
[0.389s] Building macro definition list...
[0.392s] Building group list...
[0.392s] Building directory list...
[0.392s] Building namespace list...
[0.393s] Building file list...
[0.393s] Building class list...
[0.393s] Computing nesting relations for classes...
[0.393s] Associating documentation with classes...
[0.394s] Building example list...
[0.394s] Searching for enumerations...
[0.395s] Searching for documented typedefs...
[0.396s] Searching for members imported via using declarations...
[0.398s] Searching for included using directives...
[0.399s] Searching for documented variables...
[0.399s] Building interface member list...
[0.400s] Building member list...
[0.400s] Searching for friends...
[0.401s] Searching for documented defines...
[0.401s] Computing class inheritance relations...
[0.402s] Computing class usage relations...
[0.403s] Flushing cached template relations that have become invalid...
[0.403s] Computing class relations...
[0.404s] Add enum values to enums...
[0.404s] Searching for member function documentation...
[0.407s] Creating members for template instances...
[0.407s] Building page list...
[0.408s] Search for main page...
[0.408s] Computing page relations...
[0.409s] Determining the scope of groups...
[0.410s] Sorting lists...
[0.411s] Determining which enums are documented
[0.411s] Computing member relations...
[0.412s] Building full member lists recursively...
[0.412s] Adding members to member groups.
[0.412s] Computing member references...
[0.413s] Inheriting documentation...
[0.413s] Generating disk names...
[0.413s] Adding source references...
[0.414s] Adding xrefitems...
[0.414s] Sorting member lists...
[0.415s] Setting anonymous enum type...
[0.415s] Computing dependencies between directories...
[0.415s] Generating citations page...
[0.416s] Counting members...
[0.416s] Counting data structures...
[0.417s] Resolving user defined references...
[0.418s] Finding anchors and sections in the documentation...
[0.418s] Transferring function references...
[0.419s] Combining using relations...
[0.419s] Adding members to index pages...
[0.420s] Correcting members for VHDL...
[0.420s] Computing tooltip texts...
[0.459s] Generating style sheet...
[0.459s] Generating search indices...
[0.460s] Generating example documentation...
[0.460s] Generating file sources...
[0.461s] Generating code for file include/unitree_ocr/ocr.hpp...
[0.462s] Generating file documentation...
[0.462s] Generating page documentation...
[0.462s] Generating group documentation...
[0.462s] Generating class documentation...
[0.463s] Generating namespace index...
[0.464s] Generating docs for compound unitree_ocr::TextDetector...
[0.472s] Generating graph info page...
[0.473s] Generating directory documentation...
[0.473s] Generating index page...
[0.474s] Generating page index...
[0.475s] Generating module index...
[0.476s] Generating namespace index...
[0.476s] Generating namespace member index...
[0.477s] Generating annotated compound index...
[0.477s] Generating alphabetical compound index...
[0.477s] Generating hierarchical class index...
[0.478s] Generating graphical class hierarchy...
[0.479s] Generating member index...
[0.480s] Generating file index...
[0.481s] Generating file member index...
[0.481s] Generating example index...
[0.482s] finalizing index lists...
[0.482s] writing tag file...
[0.483s] Running plantuml with JAVA...
[0.483s] Running dot...
[0.484s] lookup cache used 16/65536 hits=27 misses=16
[0.485s] finished...
[0.525s] [100%] Built target doxygen
[0.556s] Invoked command in '/home/rs/final_auto/build/unitree_ocr' returned '0': CMAKE_PREFIX_PATH=/home/rs/final_auto/install/unitree_ocr_interfaces:/home/rs/final_auto/install/unitree_inspection:/home/rs/final_auto/install/unitree_ocr:/home/rs/final_auto/install/unitree_nav:/home/rs/final_auto/install/unitree_nav_interfaces:/home/rs/final_auto/install/unitree_legged_real:/home/rs/final_auto/install/unitree_inspection_interfaces:/home/rs/final_auto/install/ros2_unitree_legged_msgs:/home/rs/final_auto/install/go1_description:/home/rs/final_auto/install/unitree_nav_launch_module:/opt/ros/humble /usr/bin/cmake --build /home/rs/final_auto/build/unitree_ocr -- -j13 -l13
[0.734s] Invoking command in '/home/rs/final_auto/build/unitree_ocr': CMAKE_PREFIX_PATH=/home/rs/final_auto/install/unitree_ocr_interfaces:/home/rs/final_auto/install/unitree_inspection:/home/rs/final_auto/install/unitree_ocr:/home/rs/final_auto/install/unitree_nav:/home/rs/final_auto/install/unitree_nav_interfaces:/home/rs/final_auto/install/unitree_legged_real:/home/rs/final_auto/install/unitree_inspection_interfaces:/home/rs/final_auto/install/ros2_unitree_legged_msgs:/home/rs/final_auto/install/go1_description:/home/rs/final_auto/install/unitree_nav_launch_module:/opt/ros/humble /usr/bin/cmake --install /home/rs/final_auto/build/unitree_ocr
[0.763s] -- Install configuration: ""
[0.764s] -- Up-to-date: /home/rs/final_auto/install/unitree_ocr/lib/unitree_ocr/text_detection_subscriber
[0.770s] -- Up-to-date: /home/rs/final_auto/install/unitree_ocr/include
[0.770s] -- Up-to-date: /home/rs/final_auto/install/unitree_ocr/include/unitree_ocr
[0.773s] -- Up-to-date: /home/rs/final_auto/install/unitree_ocr/include/unitree_ocr/ocr.hpp
[0.774s] -- Up-to-date: /home/rs/final_auto/install/unitree_ocr/lib/libunitree_ocr.a
[0.775s] -- Up-to-date: /home/rs/final_auto/install/unitree_ocr/lib/cmake/unitree_ocr/unitree_ocr-config.cmake
[0.777s] -- Up-to-date: /home/rs/final_auto/install/unitree_ocr/lib/cmake/unitree_ocr/unitree_ocr-config-noconfig.cmake
[0.779s] -- Up-to-date: /home/rs/final_auto/install/unitree_ocr/share/unitree_ocr/launch
[0.779s] -- Up-to-date: /home/rs/final_auto/install/unitree_ocr/share/unitree_ocr/launch/text_detection_subscriber.launch.py
[0.780s] -- Up-to-date: /home/rs/final_auto/install/unitree_ocr/share/unitree_ocr/models
[0.780s] -- Up-to-date: /home/rs/final_auto/install/unitree_ocr/share/unitree_ocr/models/README.md
[0.781s] -- Up-to-date: /home/rs/final_auto/install/unitree_ocr/share/ament_index/resource_index/package_run_dependencies/unitree_ocr
[0.781s] -- Up-to-date: /home/rs/final_auto/install/unitree_ocr/share/ament_index/resource_index/parent_prefix_path/unitree_ocr
[0.781s] -- Up-to-date: /home/rs/final_auto/install/unitree_ocr/share/unitree_ocr/environment/ament_prefix_path.sh
[0.782s] -- Up-to-date: /home/rs/final_auto/install/unitree_ocr/share/unitree_ocr/environment/ament_prefix_path.dsv
[0.782s] -- Up-to-date: /home/rs/final_auto/install/unitree_ocr/share/unitree_ocr/environment/path.sh
[0.783s] -- Up-to-date: /home/rs/final_auto/install/unitree_ocr/share/unitree_ocr/environment/path.dsv
[0.784s] -- Up-to-date: /home/rs/final_auto/install/unitree_ocr/share/unitree_ocr/local_setup.bash
[0.784s] -- Up-to-date: /home/rs/final_auto/install/unitree_ocr/share/unitree_ocr/local_setup.sh
[0.784s] -- Up-to-date: /home/rs/final_auto/install/unitree_ocr/share/unitree_ocr/local_setup.zsh
[0.785s] -- Up-to-date: /home/rs/final_auto/install/unitree_ocr/share/unitree_ocr/local_setup.dsv
[0.785s] -- Installing: /home/rs/final_auto/install/unitree_ocr/share/unitree_ocr/package.dsv
[0.786s] -- Up-to-date: /home/rs/final_auto/install/unitree_ocr/share/ament_index/resource_index/packages/unitree_ocr
[0.787s] -- Up-to-date: /home/rs/final_auto/install/unitree_ocr/share/unitree_ocr/cmake/unitree_ocrConfig.cmake
[0.787s] -- Up-to-date: /home/rs/final_auto/install/unitree_ocr/share/unitree_ocr/cmake/unitree_ocrConfig-version.cmake
[0.788s] -- Up-to-date: /home/rs/final_auto/install/unitree_ocr/share/unitree_ocr/package.xml
[0.789s] Invoked command in '/home/rs/final_auto/build/unitree_ocr' returned '0': CMAKE_PREFIX_PATH=/home/rs/final_auto/install/unitree_ocr_interfaces:/home/rs/final_auto/install/unitree_inspection:/home/rs/final_auto/install/unitree_ocr:/home/rs/final_auto/install/unitree_nav:/home/rs/final_auto/install/unitree_nav_interfaces:/home/rs/final_auto/install/unitree_legged_real:/home/rs/final_auto/install/unitree_inspection_interfaces:/home/rs/final_auto/install/ros2_unitree_legged_msgs:/home/rs/final_auto/install/go1_description:/home/rs/final_auto/install/unitree_nav_launch_module:/opt/ros/humble /usr/bin/cmake --install /home/rs/final_auto/build/unitree_ocr
