[0.009s] Invoking command in '/home/yeryn/final/build/unitree_ocr': AMENT_PREFIX_PATH=/home/yeryn/final/install/unitree_ocr_interfaces:${AMENT_PREFIX_PATH} CMAKE_PREFIX_PATH=/home/yeryn/final/install/unitree_ocr_interfaces:/opt/ros/humble LD_LIBRARY_PATH=/home/yeryn/final/install/unitree_ocr_interfaces/lib:${LD_LIBRARY_PATH} PYTHONPATH=/home/yeryn/final/install/unitree_ocr_interfaces/local/lib/python3.10/dist-packages:${PYTHONPATH} /usr/bin/cmake --build /home/yeryn/final/build/unitree_ocr -- -j4 -l4
[0.060s] [35m[1mConsolidate compiler generated dependencies of target unitree_ocr[0m
[0.067s] [ 20%] [34m[1mGenerate API documentation for doxygen[0m
[0.074s] [ 60%] Built target unitree_ocr
[0.084s] [35m[1mConsolidate compiler generated dependencies of target text_detection_subscriber[0m
[0.121s] [100%] Built target text_detection_subscriber
[0.381s] Doxygen version used: 1.9.1
[0.383s] Searching for include files...
[0.383s] Searching for example files...
[0.383s] Searching for images...
[0.383s] Searching for dot files...
[0.383s] Searching for msc files...
[0.383s] Searching for dia files...
[0.383s] Searching for files to exclude
[0.383s] Searching INPUT for files to process...
[0.384s] Reading and parsing tag files
[0.384s] Parsing files
[0.385s] Preprocessing /home/yeryn/final/unitree_inspection/unitree_ocr/include/unitree_ocr/ocr.hpp...
[0.386s] Parsing file /home/yeryn/final/unitree_inspection/unitree_ocr/include/unitree_ocr/ocr.hpp...
[0.389s] Preprocessing /home/yeryn/final/unitree_inspection/unitree_ocr/src/ocr.cpp...
[0.390s] Parsing file /home/yeryn/final/unitree_inspection/unitree_ocr/src/ocr.cpp...
[0.390s] Building macro definition list...
[0.390s] Building group list...
[0.390s] Building directory list...
[0.391s] Building namespace list...
[0.391s] Building file list...
[0.391s] Building class list...
[0.391s] Computing nesting relations for classes...
[0.392s] Associating documentation with classes...
[0.392s] Building example list...
[0.392s] Searching for enumerations...
[0.392s] Searching for documented typedefs...
[0.392s] Searching for members imported via using declarations...
[0.392s] Searching for included using directives...
[0.392s] Searching for documented variables...
[0.392s] Building interface member list...
[0.392s] Building member list...
[0.392s] Searching for friends...
[0.392s] Searching for documented defines...
[0.392s] Computing class inheritance relations...
[0.392s] Computing class usage relations...
[0.392s] Flushing cached template relations that have become invalid...
[0.392s] Computing class relations...
[0.392s] Add enum values to enums...
[0.392s] Searching for member function documentation...
[0.392s] Creating members for template instances...
[0.392s] Building page list...
[0.392s] Search for main page...
[0.392s] Computing page relations...
[0.392s] Determining the scope of groups...
[0.392s] Sorting lists...
[0.392s] Determining which enums are documented
[0.392s] Computing member relations...
[0.392s] Building full member lists recursively...
[0.392s] Adding members to member groups.
[0.393s] Computing member references...
[0.393s] Inheriting documentation...
[0.393s] Generating disk names...
[0.393s] Adding source references...
[0.393s] Adding xrefitems...
[0.393s] Sorting member lists...
[0.393s] Setting anonymous enum type...
[0.393s] Computing dependencies between directories...
[0.393s] Generating citations page...
[0.393s] Counting members...
[0.393s] Counting data structures...
[0.393s] Resolving user defined references...
[0.393s] Finding anchors and sections in the documentation...
[0.395s] Transferring function references...
[0.395s] Combining using relations...
[0.395s] Adding members to index pages...
[0.395s] Correcting members for VHDL...
[0.395s] Computing tooltip texts...
[0.401s] Generating style sheet...
[0.401s] Generating search indices...
[0.402s] Generating example documentation...
[0.402s] Generating file sources...
[0.402s] Generating code for file include/unitree_ocr/ocr.hpp...
[0.403s] Generating file documentation...
[0.403s] Generating page documentation...
[0.403s] Generating group documentation...
[0.403s] Generating class documentation...
[0.403s] Generating namespace index...
[0.403s] Generating docs for compound unitree_ocr::TextDetector...
[0.404s] Generating graph info page...
[0.405s] Generating directory documentation...
[0.406s] Generating index page...
[0.406s] Generating page index...
[0.406s] Generating module index...
[0.407s] Generating namespace index...
[0.407s] Generating namespace member index...
[0.407s] Generating annotated compound index...
[0.407s] Generating alphabetical compound index...
[0.407s] Generating hierarchical class index...
[0.407s] Generating graphical class hierarchy...
[0.407s] Generating member index...
[0.412s] Generating file index...
[0.412s] Generating file member index...
[0.412s] Generating example index...
[0.412s] finalizing index lists...
[0.412s] writing tag file...
[0.412s] Running plantuml with JAVA...
[0.412s] Running dot...
[0.421s] lookup cache used 16/65536 hits=27 misses=16
[0.421s] finished...
[0.435s] [100%] Built target doxygen
[0.443s] Invoked command in '/home/yeryn/final/build/unitree_ocr' returned '0': AMENT_PREFIX_PATH=/home/yeryn/final/install/unitree_ocr_interfaces:${AMENT_PREFIX_PATH} CMAKE_PREFIX_PATH=/home/yeryn/final/install/unitree_ocr_interfaces:/opt/ros/humble LD_LIBRARY_PATH=/home/yeryn/final/install/unitree_ocr_interfaces/lib:${LD_LIBRARY_PATH} PYTHONPATH=/home/yeryn/final/install/unitree_ocr_interfaces/local/lib/python3.10/dist-packages:${PYTHONPATH} /usr/bin/cmake --build /home/yeryn/final/build/unitree_ocr -- -j4 -l4
[0.458s] Invoking command in '/home/yeryn/final/build/unitree_ocr': AMENT_PREFIX_PATH=/home/yeryn/final/install/unitree_ocr_interfaces:${AMENT_PREFIX_PATH} CMAKE_PREFIX_PATH=/home/yeryn/final/install/unitree_ocr_interfaces:/opt/ros/humble LD_LIBRARY_PATH=/home/yeryn/final/install/unitree_ocr_interfaces/lib:${LD_LIBRARY_PATH} PYTHONPATH=/home/yeryn/final/install/unitree_ocr_interfaces/local/lib/python3.10/dist-packages:${PYTHONPATH} /usr/bin/cmake --install /home/yeryn/final/build/unitree_ocr
[0.462s] -- Install configuration: ""
[0.462s] -- Up-to-date: /home/yeryn/final/install/unitree_ocr/lib/unitree_ocr/text_detection_subscriber
[0.462s] -- Up-to-date: /home/yeryn/final/install/unitree_ocr/include
[0.462s] -- Up-to-date: /home/yeryn/final/install/unitree_ocr/include/unitree_ocr
[0.462s] -- Up-to-date: /home/yeryn/final/install/unitree_ocr/include/unitree_ocr/ocr.hpp
[0.462s] -- Up-to-date: /home/yeryn/final/install/unitree_ocr/lib/libunitree_ocr.a
[0.463s] -- Up-to-date: /home/yeryn/final/install/unitree_ocr/lib/cmake/unitree_ocr/unitree_ocr-config.cmake
[0.463s] -- Up-to-date: /home/yeryn/final/install/unitree_ocr/lib/cmake/unitree_ocr/unitree_ocr-config-noconfig.cmake
[0.463s] -- Up-to-date: /home/yeryn/final/install/unitree_ocr/share/unitree_ocr/launch
[0.463s] -- Up-to-date: /home/yeryn/final/install/unitree_ocr/share/unitree_ocr/launch/text_detection_subscriber.launch.py
[0.463s] -- Up-to-date: /home/yeryn/final/install/unitree_ocr/share/unitree_ocr/models
[0.463s] -- Up-to-date: /home/yeryn/final/install/unitree_ocr/share/unitree_ocr/models/README.md
[0.463s] -- Up-to-date: /home/yeryn/final/install/unitree_ocr/share/ament_index/resource_index/package_run_dependencies/unitree_ocr
[0.463s] -- Up-to-date: /home/yeryn/final/install/unitree_ocr/share/ament_index/resource_index/parent_prefix_path/unitree_ocr
[0.463s] -- Up-to-date: /home/yeryn/final/install/unitree_ocr/share/unitree_ocr/environment/ament_prefix_path.sh
[0.463s] -- Up-to-date: /home/yeryn/final/install/unitree_ocr/share/unitree_ocr/environment/ament_prefix_path.dsv
[0.463s] -- Up-to-date: /home/yeryn/final/install/unitree_ocr/share/unitree_ocr/environment/path.sh
[0.463s] -- Up-to-date: /home/yeryn/final/install/unitree_ocr/share/unitree_ocr/environment/path.dsv
[0.463s] -- Up-to-date: /home/yeryn/final/install/unitree_ocr/share/unitree_ocr/local_setup.bash
[0.463s] -- Up-to-date: /home/yeryn/final/install/unitree_ocr/share/unitree_ocr/local_setup.sh
[0.463s] -- Up-to-date: /home/yeryn/final/install/unitree_ocr/share/unitree_ocr/local_setup.zsh
[0.464s] -- Up-to-date: /home/yeryn/final/install/unitree_ocr/share/unitree_ocr/local_setup.dsv
[0.464s] -- Installing: /home/yeryn/final/install/unitree_ocr/share/unitree_ocr/package.dsv
[0.464s] -- Up-to-date: /home/yeryn/final/install/unitree_ocr/share/ament_index/resource_index/packages/unitree_ocr
[0.464s] -- Up-to-date: /home/yeryn/final/install/unitree_ocr/share/unitree_ocr/cmake/unitree_ocrConfig.cmake
[0.464s] -- Up-to-date: /home/yeryn/final/install/unitree_ocr/share/unitree_ocr/cmake/unitree_ocrConfig-version.cmake
[0.464s] -- Up-to-date: /home/yeryn/final/install/unitree_ocr/share/unitree_ocr/package.xml
[0.466s] Invoked command in '/home/yeryn/final/build/unitree_ocr' returned '0': AMENT_PREFIX_PATH=/home/yeryn/final/install/unitree_ocr_interfaces:${AMENT_PREFIX_PATH} CMAKE_PREFIX_PATH=/home/yeryn/final/install/unitree_ocr_interfaces:/opt/ros/humble LD_LIBRARY_PATH=/home/yeryn/final/install/unitree_ocr_interfaces/lib:${LD_LIBRARY_PATH} PYTHONPATH=/home/yeryn/final/install/unitree_ocr_interfaces/local/lib/python3.10/dist-packages:${PYTHONPATH} /usr/bin/cmake --install /home/yeryn/final/build/unitree_ocr
