[0.056s] Invoking command in '/home/rs/go1_robot/build/unitree_ocr': CMAKE_PREFIX_PATH=/home/rs/go1_robot/install/unitree_ocr_interfaces:/home/rs/go1_robot/install/unitree_inspection:/home/rs/go1_robot/install/unitree_ocr:/home/rs/go1_robot/install/unitree_nav:/home/rs/go1_robot/install/unitree_nav_interfaces:/home/rs/go1_robot/install/unitree_legged_real:/home/rs/go1_robot/install/unitree_inspection_interfaces:/home/rs/go1_robot/install/ros2_unitree_legged_msgs:/home/rs/go1_robot/install/go1_description:/home/rs/go1_robot/install/unitree_nav_launch_module:/opt/ros/humble /usr/bin/cmake --build /home/rs/go1_robot/build/unitree_ocr -- -j13 -l13
[0.282s] [ 20%] [34m[1mGenerate API documentation for doxygen[0m
[0.286s] [ 60%] Built target unitree_ocr
[0.363s] Doxygen version used: 1.9.1
[0.364s] Searching for include files...
[0.365s] Searching for example files...
[0.365s] Searching for images...
[0.366s] Searching for dot files...
[0.366s] Searching for msc files...
[0.366s] Searching for dia files...
[0.370s] Searching for files to exclude
[0.370s] Searching INPUT for files to process...
[0.371s] Reading and parsing tag files
[0.372s] Parsing files
[0.372s] Preprocessing /home/rs/go1_robot/src/unitree_inspection/unitree_ocr/include/unitree_ocr/ocr.hpp...
[0.373s] Parsing file /home/rs/go1_robot/src/unitree_inspection/unitree_ocr/include/unitree_ocr/ocr.hpp...
[0.375s] Preprocessing /home/rs/go1_robot/src/unitree_inspection/unitree_ocr/src/ocr.cpp...
[0.375s] Parsing file /home/rs/go1_robot/src/unitree_inspection/unitree_ocr/src/ocr.cpp...
[0.376s] Building macro definition list...
[0.376s] Building group list...
[0.377s] Building directory list...
[0.377s] Building namespace list...
[0.378s] Building file list...
[0.378s] Building class list...
[0.378s] Computing nesting relations for classes...
[0.379s] Associating documentation with classes...
[0.380s] Building example list...
[0.380s] Searching for enumerations...
[0.381s] Searching for documented typedefs...
[0.385s] Searching for members imported via using declarations...
[0.388s] Searching for included using directives...
[0.388s] Searching for documented variables...
[0.389s] Building interface member list...
[0.389s] Building member list...
[0.389s] Searching for friends...
[0.389s] Searching for documented defines...
[0.390s] Computing class inheritance relations...
[0.390s] Computing class usage relations...
[0.390s] Flushing cached template relations that have become invalid...
[0.391s] Computing class relations...
[0.392s] Add enum values to enums...
[0.392s] Searching for member function documentation...
[0.392s] Creating members for template instances...
[0.393s] Building page list...
[0.393s] Search for main page...
[0.394s] Computing page relations...
[0.394s] Determining the scope of groups...
[0.395s] Sorting lists...
[0.395s] Determining which enums are documented
[0.402s] Computing member relations...
[0.402s] Building full member lists recursively...
[0.403s] Adding members to member groups.
[0.404s] Computing member references...
[0.407s] Inheriting documentation...
[0.408s] Generating disk names...
[0.410s] Adding source references...
[0.411s] Adding xrefitems...
[0.412s] Sorting member lists...
[0.412s] Setting anonymous enum type...
[0.412s] Computing dependencies between directories...
[0.413s] Generating citations page...
[0.413s] Counting members...
[0.413s] Counting data structures...
[0.413s] Resolving user defined references...
[0.413s] Finding anchors and sections in the documentation...
[0.413s] Transferring function references...
[0.414s] Combining using relations...
[0.414s] Adding members to index pages...
[0.414s] Correcting members for VHDL...
[0.414s] Computing tooltip texts...
[0.415s] [100%] Built target text_detection_subscriber
[0.415s] Generating style sheet...
[0.419s] Generating search indices...
[0.426s] Generating example documentation...
[0.426s] Generating file sources...
[0.426s] Generating code for file include/unitree_ocr/ocr.hpp...
[0.428s] Generating file documentation...
[0.428s] Generating page documentation...
[0.429s] Generating group documentation...
[0.429s] Generating class documentation...
[0.430s] Generating namespace index...
[0.431s] Generating docs for compound unitree_ocr::TextDetector...
[0.433s] Generating graph info page...
[0.435s] Generating directory documentation...
[0.437s] Generating index page...
[0.441s] Generating page index...
[0.441s] Generating module index...
[0.442s] Generating namespace index...
[0.443s] Generating namespace member index...
[0.443s] Generating annotated compound index...
[0.444s] Generating alphabetical compound index...
[0.444s] Generating hierarchical class index...
[0.445s] Generating graphical class hierarchy...
[0.445s] Generating member index...
[0.490s] Generating file index...
[0.491s] Generating file member index...
[0.491s] Generating example index...
[0.492s] finalizing index lists...
[0.492s] writing tag file...
[0.493s] Running plantuml with JAVA...
[0.493s] Running dot...
[0.495s] lookup cache used 16/65536 hits=27 misses=16
[0.496s] finished...
[0.516s] [100%] Built target doxygen
[0.546s] Invoked command in '/home/rs/go1_robot/build/unitree_ocr' returned '0': CMAKE_PREFIX_PATH=/home/rs/go1_robot/install/unitree_ocr_interfaces:/home/rs/go1_robot/install/unitree_inspection:/home/rs/go1_robot/install/unitree_ocr:/home/rs/go1_robot/install/unitree_nav:/home/rs/go1_robot/install/unitree_nav_interfaces:/home/rs/go1_robot/install/unitree_legged_real:/home/rs/go1_robot/install/unitree_inspection_interfaces:/home/rs/go1_robot/install/ros2_unitree_legged_msgs:/home/rs/go1_robot/install/go1_description:/home/rs/go1_robot/install/unitree_nav_launch_module:/opt/ros/humble /usr/bin/cmake --build /home/rs/go1_robot/build/unitree_ocr -- -j13 -l13
[0.647s] Invoking command in '/home/rs/go1_robot/build/unitree_ocr': CMAKE_PREFIX_PATH=/home/rs/go1_robot/install/unitree_ocr_interfaces:/home/rs/go1_robot/install/unitree_inspection:/home/rs/go1_robot/install/unitree_ocr:/home/rs/go1_robot/install/unitree_nav:/home/rs/go1_robot/install/unitree_nav_interfaces:/home/rs/go1_robot/install/unitree_legged_real:/home/rs/go1_robot/install/unitree_inspection_interfaces:/home/rs/go1_robot/install/ros2_unitree_legged_msgs:/home/rs/go1_robot/install/go1_description:/home/rs/go1_robot/install/unitree_nav_launch_module:/opt/ros/humble /usr/bin/cmake --install /home/rs/go1_robot/build/unitree_ocr
[0.668s] -- Install configuration: ""
[0.669s] -- Up-to-date: /home/rs/go1_robot/install/unitree_ocr/lib/unitree_ocr/text_detection_subscriber
[0.670s] -- Up-to-date: /home/rs/go1_robot/install/unitree_ocr/include
[0.670s] -- Up-to-date: /home/rs/go1_robot/install/unitree_ocr/include/unitree_ocr
[0.671s] -- Up-to-date: /home/rs/go1_robot/install/unitree_ocr/include/unitree_ocr/ocr.hpp
[0.671s] -- Up-to-date: /home/rs/go1_robot/install/unitree_ocr/lib/libunitree_ocr.a
[0.672s] -- Up-to-date: /home/rs/go1_robot/install/unitree_ocr/lib/cmake/unitree_ocr/unitree_ocr-config.cmake
[0.673s] -- Up-to-date: /home/rs/go1_robot/install/unitree_ocr/lib/cmake/unitree_ocr/unitree_ocr-config-noconfig.cmake
[0.674s] -- Up-to-date: /home/rs/go1_robot/install/unitree_ocr/share/unitree_ocr/launch
[0.674s] -- Up-to-date: /home/rs/go1_robot/install/unitree_ocr/share/unitree_ocr/launch/text_detection_subscriber.launch.py
[0.675s] -- Up-to-date: /home/rs/go1_robot/install/unitree_ocr/share/unitree_ocr/models
[0.676s] -- Up-to-date: /home/rs/go1_robot/install/unitree_ocr/share/unitree_ocr/models/README.md
[0.677s] -- Up-to-date: /home/rs/go1_robot/install/unitree_ocr/share/ament_index/resource_index/package_run_dependencies/unitree_ocr
[0.677s] -- Up-to-date: /home/rs/go1_robot/install/unitree_ocr/share/ament_index/resource_index/parent_prefix_path/unitree_ocr
[0.678s] -- Up-to-date: /home/rs/go1_robot/install/unitree_ocr/share/unitree_ocr/environment/ament_prefix_path.sh
[0.688s] -- Up-to-date: /home/rs/go1_robot/install/unitree_ocr/share/unitree_ocr/environment/ament_prefix_path.dsv
[0.692s] -- Up-to-date: /home/rs/go1_robot/install/unitree_ocr/share/unitree_ocr/environment/path.sh
[0.692s] -- Up-to-date: /home/rs/go1_robot/install/unitree_ocr/share/unitree_ocr/environment/path.dsv
[0.693s] -- Up-to-date: /home/rs/go1_robot/install/unitree_ocr/share/unitree_ocr/local_setup.bash
[0.695s] -- Up-to-date: /home/rs/go1_robot/install/unitree_ocr/share/unitree_ocr/local_setup.sh
[0.695s] -- Up-to-date: /home/rs/go1_robot/install/unitree_ocr/share/unitree_ocr/local_setup.zsh
[0.696s] -- Up-to-date: /home/rs/go1_robot/install/unitree_ocr/share/unitree_ocr/local_setup.dsv
[0.697s] -- Installing: /home/rs/go1_robot/install/unitree_ocr/share/unitree_ocr/package.dsv
[0.698s] -- Up-to-date: /home/rs/go1_robot/install/unitree_ocr/share/ament_index/resource_index/packages/unitree_ocr
[0.698s] -- Up-to-date: /home/rs/go1_robot/install/unitree_ocr/share/unitree_ocr/cmake/unitree_ocrConfig.cmake
[0.700s] -- Up-to-date: /home/rs/go1_robot/install/unitree_ocr/share/unitree_ocr/cmake/unitree_ocrConfig-version.cmake
[0.701s] -- Up-to-date: /home/rs/go1_robot/install/unitree_ocr/share/unitree_ocr/package.xml
[0.704s] Invoked command in '/home/rs/go1_robot/build/unitree_ocr' returned '0': CMAKE_PREFIX_PATH=/home/rs/go1_robot/install/unitree_ocr_interfaces:/home/rs/go1_robot/install/unitree_inspection:/home/rs/go1_robot/install/unitree_ocr:/home/rs/go1_robot/install/unitree_nav:/home/rs/go1_robot/install/unitree_nav_interfaces:/home/rs/go1_robot/install/unitree_legged_real:/home/rs/go1_robot/install/unitree_inspection_interfaces:/home/rs/go1_robot/install/ros2_unitree_legged_msgs:/home/rs/go1_robot/install/go1_description:/home/rs/go1_robot/install/unitree_nav_launch_module:/opt/ros/humble /usr/bin/cmake --install /home/rs/go1_robot/build/unitree_ocr
