[0.011s] Invoking command in '/home/yeryn/final/build/unitree_nav_interfaces': CMAKE_PREFIX_PATH=/opt/ros/humble /usr/bin/cmake /home/yeryn/final/unitree_nav/unitree_nav_interfaces -DCMAKE_INSTALL_PREFIX=/home/yeryn/final/install/unitree_nav_interfaces
[0.207s] -- The C compiler identification is GNU 11.4.0
[0.280s] -- The CXX compiler identification is GNU 11.4.0
[0.296s] -- Detecting C compiler ABI info
[0.365s] -- Detecting C compiler ABI info - done
[0.371s] -- Check for working C compiler: /usr/bin/cc - skipped
[0.371s] -- Detecting C compile features
[0.372s] -- Detecting C compile features - done
[0.373s] -- Detecting CXX compiler ABI info
[0.427s] -- Detecting CXX compiler ABI info - done
[0.430s] -- Check for working CXX compiler: /usr/bin/c++ - skipped
[0.430s] -- Detecting CXX compile features
[0.431s] -- Detecting CXX compile features - done
[0.435s] -- Found ament_cmake: 1.3.9 (/opt/ros/humble/share/ament_cmake/cmake)
[0.522s] -- Found Python3: /usr/bin/python3 (found version "3.10.12") found components: Interpreter 
[0.596s] -- Found geometry_msgs: 4.2.3 (/opt/ros/humble/share/geometry_msgs/cmake)
[0.645s] -- Found rosidl_generator_c: 3.1.5 (/opt/ros/humble/share/rosidl_generator_c/cmake)
[0.648s] -- Found rosidl_adapter: 3.1.5 (/opt/ros/humble/share/rosidl_adapter/cmake)
[0.654s] -- Found rosidl_generator_cpp: 3.1.5 (/opt/ros/humble/share/rosidl_generator_cpp/cmake)
[0.663s] -- Using all available rosidl_typesupport_c: rosidl_typesupport_fastrtps_c;rosidl_typesupport_introspection_c
[0.675s] -- Using all available rosidl_typesupport_cpp: rosidl_typesupport_fastrtps_cpp;rosidl_typesupport_introspection_cpp
[0.777s] -- Found rosidl_default_generators: 1.2.0 (/opt/ros/humble/share/rosidl_default_generators/cmake)
[0.983s] -- Found ament_cmake_ros: 0.10.0 (/opt/ros/humble/share/ament_cmake_ros/cmake)
[1.194s] -- Using all available rosidl_typesupport_c: rosidl_typesupport_fastrtps_c;rosidl_typesupport_introspection_c
[1.270s] -- Using all available rosidl_typesupport_cpp: rosidl_typesupport_fastrtps_cpp;rosidl_typesupport_introspection_cpp
[1.281s] -- Found PythonInterp: /usr/bin/python3 (found suitable version "3.10.12", minimum required is "3.6") 
[1.282s] -- Found python_cmake_module: 0.10.0 (/opt/ros/humble/share/python_cmake_module/cmake)
[1.294s] -- Found PythonLibs: /usr/lib/aarch64-linux-gnu/libpython3.10.so (found suitable version "3.10.12", minimum required is "3.5") 
[1.294s] -- Using PYTHON_EXECUTABLE: /usr/bin/python3
[1.294s] -- Using PYTHON_INCLUDE_DIRS: /usr/include/python3.10
[1.294s] -- Using PYTHON_LIBRARIES: /usr/lib/aarch64-linux-gnu/libpython3.10.so
[1.304s] -- Found PythonExtra: .so  
[1.332s] -- Found ament_lint_auto: 0.12.11 (/opt/ros/humble/share/ament_lint_auto/cmake)
[1.344s] -- Added test 'lint_cmake' to check CMake code style
[1.345s] -- Added test 'xmllint' to check XML markup files
[1.346s] -- Configuring done
[1.363s] -- Generating done
[1.364s] -- Build files have been written to: /home/yeryn/final/build/unitree_nav_interfaces
[1.368s] Invoked command in '/home/yeryn/final/build/unitree_nav_interfaces' returned '0': CMAKE_PREFIX_PATH=/opt/ros/humble /usr/bin/cmake /home/yeryn/final/unitree_nav/unitree_nav_interfaces -DCMAKE_INSTALL_PREFIX=/home/yeryn/final/install/unitree_nav_interfaces
[1.369s] Invoking command in '/home/yeryn/final/build/unitree_nav_interfaces': CMAKE_PREFIX_PATH=/opt/ros/humble /usr/bin/cmake --build /home/yeryn/final/build/unitree_nav_interfaces -- -j4 -l4
[1.386s] [  2%] [34m[1mGenerating C code for ROS interfaces[0m
[1.390s] [  4%] [34m[1mGenerating C++ code for ROS interfaces[0m
[1.393s] [  4%] Built target ament_cmake_python_copy_unitree_nav_interfaces
[1.498s] running egg_info
[1.499s] creating unitree_nav_interfaces.egg-info
[1.499s] writing unitree_nav_interfaces.egg-info/PKG-INFO
[1.499s] writing dependency_links to unitree_nav_interfaces.egg-info/dependency_links.txt
[1.499s] writing top-level names to unitree_nav_interfaces.egg-info/top_level.txt
[1.499s] writing manifest file 'unitree_nav_interfaces.egg-info/SOURCES.txt'
[1.500s] reading manifest file 'unitree_nav_interfaces.egg-info/SOURCES.txt'
[1.500s] writing manifest file 'unitree_nav_interfaces.egg-info/SOURCES.txt'
[1.513s] [  4%] Built target ament_cmake_python_build_unitree_nav_interfaces_egg
[1.633s] [  4%] Built target unitree_nav_interfaces_srv__cpp
[1.637s] [  6%] [34m[1mGenerating C++ type support dispatch for ROS interfaces[0m
[1.644s] [  8%] [34m[1mGenerating C++ type support for eProsima Fast-RTPS[0m
[1.658s] [ 10%] [34m[1mGenerating C++ introspection for ROS interfaces[0m
[1.661s] [ 12%] [32mBuilding C object CMakeFiles/unitree_nav_interfaces_srv__rosidl_generator_c.dir/rosidl_generator_c/unitree_nav_interfaces/srv/detail/set_body_rpy__functions.c.o[0m
[1.697s] [ 14%] [32mBuilding C object CMakeFiles/unitree_nav_interfaces_srv__rosidl_generator_c.dir/rosidl_generator_c/unitree_nav_interfaces/srv/detail/nav_to_pose__functions.c.o[0m
[1.726s] [ 17%] [32mBuilding C object CMakeFiles/unitree_nav_interfaces_srv__rosidl_generator_c.dir/rosidl_generator_c/unitree_nav_interfaces/srv/detail/set_gait__functions.c.o[0m
[1.757s] [ 19%] [32m[1mLinking C shared library libunitree_nav_interfaces__rosidl_generator_c.so[0m
[1.774s] [ 19%] Built target unitree_nav_interfaces_srv__rosidl_generator_c
[1.779s] [ 21%] [34m[1mGenerating C type support for eProsima Fast-RTPS[0m
[1.829s] [ 23%] [32mBuilding CXX object CMakeFiles/unitree_nav_interfaces_srv__rosidl_typesupport_cpp.dir/rosidl_typesupport_cpp/unitree_nav_interfaces/srv/set_body_rpy__type_support.cpp.o[0m
[1.889s] [ 25%] [32mBuilding CXX object CMakeFiles/unitree_nav_interfaces_srv__rosidl_typesupport_fastrtps_cpp.dir/rosidl_typesupport_fastrtps_cpp/unitree_nav_interfaces/srv/detail/dds_fastrtps/set_body_rpy__type_support.cpp.o[0m
[1.893s] [ 27%] [32mBuilding CXX object CMakeFiles/unitree_nav_interfaces_srv__rosidl_typesupport_introspection_cpp.dir/rosidl_typesupport_introspection_cpp/unitree_nav_interfaces/srv/detail/set_body_rpy__type_support.cpp.o[0m
[1.970s] [ 29%] [32mBuilding CXX object CMakeFiles/unitree_nav_interfaces_srv__rosidl_typesupport_cpp.dir/rosidl_typesupport_cpp/unitree_nav_interfaces/srv/nav_to_pose__type_support.cpp.o[0m
[2.025s] [ 31%] [32mBuilding CXX object CMakeFiles/unitree_nav_interfaces_srv__rosidl_typesupport_fastrtps_c.dir/rosidl_typesupport_fastrtps_c/unitree_nav_interfaces/srv/detail/set_body_rpy__type_support_c.cpp.o[0m
[2.104s] [ 34%] [32mBuilding CXX object CMakeFiles/unitree_nav_interfaces_srv__rosidl_typesupport_introspection_cpp.dir/rosidl_typesupport_introspection_cpp/unitree_nav_interfaces/srv/detail/nav_to_pose__type_support.cpp.o[0m
[2.114s] [ 36%] [32mBuilding CXX object CMakeFiles/unitree_nav_interfaces_srv__rosidl_typesupport_cpp.dir/rosidl_typesupport_cpp/unitree_nav_interfaces/srv/set_gait__type_support.cpp.o[0m
[2.133s] [ 38%] [32mBuilding CXX object CMakeFiles/unitree_nav_interfaces_srv__rosidl_typesupport_fastrtps_cpp.dir/rosidl_typesupport_fastrtps_cpp/unitree_nav_interfaces/srv/detail/dds_fastrtps/nav_to_pose__type_support.cpp.o[0m
[2.202s] [ 40%] [32mBuilding CXX object CMakeFiles/unitree_nav_interfaces_srv__rosidl_typesupport_fastrtps_c.dir/rosidl_typesupport_fastrtps_c/unitree_nav_interfaces/srv/detail/nav_to_pose__type_support_c.cpp.o[0m
[2.234s] [ 42%] [32m[1mLinking CXX shared library libunitree_nav_interfaces__rosidl_typesupport_cpp.so[0m
[2.255s] [ 42%] Built target unitree_nav_interfaces_srv__rosidl_typesupport_cpp
[2.260s] [ 44%] [34m[1mGenerating C introspection for ROS interfaces[0m
[2.288s] [ 46%] [32mBuilding CXX object CMakeFiles/unitree_nav_interfaces_srv__rosidl_typesupport_introspection_cpp.dir/rosidl_typesupport_introspection_cpp/unitree_nav_interfaces/srv/detail/set_gait__type_support.cpp.o[0m
[2.333s] [ 48%] [32mBuilding CXX object CMakeFiles/unitree_nav_interfaces_srv__rosidl_typesupport_fastrtps_cpp.dir/rosidl_typesupport_fastrtps_cpp/unitree_nav_interfaces/srv/detail/dds_fastrtps/set_gait__type_support.cpp.o[0m
[2.359s] [ 51%] [32mBuilding CXX object CMakeFiles/unitree_nav_interfaces_srv__rosidl_typesupport_fastrtps_c.dir/rosidl_typesupport_fastrtps_c/unitree_nav_interfaces/srv/detail/set_gait__type_support_c.cpp.o[0m
[2.457s] [ 53%] [32m[1mLinking CXX shared library libunitree_nav_interfaces__rosidl_typesupport_introspection_cpp.so[0m
[2.478s] [ 53%] Built target unitree_nav_interfaces_srv__rosidl_typesupport_introspection_cpp
[2.482s] [ 55%] [34m[1mGenerating C type support dispatch for ROS interfaces[0m
[2.494s] [ 57%] [32mBuilding C object CMakeFiles/unitree_nav_interfaces_srv__rosidl_typesupport_introspection_c.dir/rosidl_typesupport_introspection_c/unitree_nav_interfaces/srv/detail/set_body_rpy__type_support.c.o[0m
[2.513s] [ 59%] [32m[1mLinking CXX shared library libunitree_nav_interfaces__rosidl_typesupport_fastrtps_c.so[0m
[2.514s] [ 61%] [32mBuilding C object CMakeFiles/unitree_nav_interfaces_srv__rosidl_typesupport_introspection_c.dir/rosidl_typesupport_introspection_c/unitree_nav_interfaces/srv/detail/nav_to_pose__type_support.c.o[0m
[2.536s] [ 65%] [32mBuilding C object CMakeFiles/unitree_nav_interfaces_srv__rosidl_typesupport_introspection_c.dir/rosidl_typesupport_introspection_c/unitree_nav_interfaces/srv/detail/set_gait__type_support.c.o[0m
[2.536s] [ 65%] [32m[1mLinking CXX shared library libunitree_nav_interfaces__rosidl_typesupport_fastrtps_cpp.so[0m
[2.552s] [ 65%] Built target unitree_nav_interfaces_srv__rosidl_typesupport_fastrtps_c
[2.556s] [ 68%] [32m[1mLinking C shared library libunitree_nav_interfaces__rosidl_typesupport_introspection_c.so[0m
[2.572s] [ 68%] Built target unitree_nav_interfaces_srv__rosidl_typesupport_introspection_c
[2.572s] [ 68%] Built target unitree_nav_interfaces_srv__rosidl_typesupport_fastrtps_cpp
[2.665s] [ 70%] [32mBuilding CXX object CMakeFiles/unitree_nav_interfaces_srv__rosidl_typesupport_c.dir/rosidl_typesupport_c/unitree_nav_interfaces/srv/set_body_rpy__type_support.cpp.o[0m
[2.665s] [ 72%] [32mBuilding CXX object CMakeFiles/unitree_nav_interfaces_srv__rosidl_typesupport_c.dir/rosidl_typesupport_c/unitree_nav_interfaces/srv/nav_to_pose__type_support.cpp.o[0m
[2.665s] [ 74%] [32mBuilding CXX object CMakeFiles/unitree_nav_interfaces_srv__rosidl_typesupport_c.dir/rosidl_typesupport_c/unitree_nav_interfaces/srv/set_gait__type_support.cpp.o[0m
[2.682s] [ 76%] [32m[1mLinking CXX shared library libunitree_nav_interfaces__rosidl_typesupport_c.so[0m
[2.699s] [ 76%] Built target unitree_nav_interfaces_srv__rosidl_typesupport_c
[2.706s] [ 76%] Built target unitree_nav_interfaces_srv
[2.714s] [ 78%] [34m[1mGenerating Python code for ROS interfaces[0m
[3.081s] [ 78%] Built target unitree_nav_interfaces_srv__py
[3.088s] [ 80%] [32mBuilding C object CMakeFiles/unitree_nav_interfaces_srv__rosidl_generator_py.dir/rosidl_generator_py/unitree_nav_interfaces/srv/_set_body_rpy_s.c.o[0m
[3.088s] [ 82%] [32mBuilding C object CMakeFiles/unitree_nav_interfaces_srv__rosidl_generator_py.dir/rosidl_generator_py/unitree_nav_interfaces/srv/_nav_to_pose_s.c.o[0m
[3.088s] [ 85%] [32mBuilding C object CMakeFiles/unitree_nav_interfaces_srv__rosidl_generator_py.dir/rosidl_generator_py/unitree_nav_interfaces/srv/_set_gait_s.c.o[0m
[3.152s] [ 87%] [32m[1mLinking C shared library rosidl_generator_py/unitree_nav_interfaces/libunitree_nav_interfaces_srv__rosidl_generator_py.so[0m
[3.171s] [ 87%] Built target unitree_nav_interfaces_srv__rosidl_generator_py
[3.180s] [ 89%] [32mBuilding C object CMakeFiles/unitree_nav_interfaces__rosidl_typesupport_fastrtps_c__pyext.dir/rosidl_generator_py/unitree_nav_interfaces/_unitree_nav_interfaces_s.ep.rosidl_typesupport_fastrtps_c.c.o[0m
[3.180s] [ 91%] [32mBuilding C object CMakeFiles/unitree_nav_interfaces__rosidl_typesupport_introspection_c__pyext.dir/rosidl_generator_py/unitree_nav_interfaces/_unitree_nav_interfaces_s.ep.rosidl_typesupport_introspection_c.c.o[0m
[3.180s] [ 93%] [32mBuilding C object CMakeFiles/unitree_nav_interfaces__rosidl_typesupport_c__pyext.dir/rosidl_generator_py/unitree_nav_interfaces/_unitree_nav_interfaces_s.ep.rosidl_typesupport_c.c.o[0m
[3.237s] [ 95%] [32m[1mLinking C shared library rosidl_generator_py/unitree_nav_interfaces/unitree_nav_interfaces_s__rosidl_typesupport_c.cpython-310-aarch64-linux-gnu.so[0m
[3.237s] [ 97%] [32m[1mLinking C shared library rosidl_generator_py/unitree_nav_interfaces/unitree_nav_interfaces_s__rosidl_typesupport_introspection_c.cpython-310-aarch64-linux-gnu.so[0m
[3.239s] [100%] [32m[1mLinking C shared library rosidl_generator_py/unitree_nav_interfaces/unitree_nav_interfaces_s__rosidl_typesupport_fastrtps_c.cpython-310-aarch64-linux-gnu.so[0m
[3.257s] [100%] Built target unitree_nav_interfaces__rosidl_typesupport_c__pyext
[3.257s] [100%] Built target unitree_nav_interfaces__rosidl_typesupport_introspection_c__pyext
[3.259s] [100%] Built target unitree_nav_interfaces__rosidl_typesupport_fastrtps_c__pyext
[3.264s] Invoked command in '/home/yeryn/final/build/unitree_nav_interfaces' returned '0': CMAKE_PREFIX_PATH=/opt/ros/humble /usr/bin/cmake --build /home/yeryn/final/build/unitree_nav_interfaces -- -j4 -l4
[3.299s] Invoking command in '/home/yeryn/final/build/unitree_nav_interfaces': CMAKE_PREFIX_PATH=/opt/ros/humble /usr/bin/cmake --install /home/yeryn/final/build/unitree_nav_interfaces
[3.302s] -- Install configuration: ""
[3.302s] -- Installing: /home/yeryn/final/install/unitree_nav_interfaces/share/ament_index/resource_index/rosidl_interfaces/unitree_nav_interfaces
[3.302s] -- Installing: /home/yeryn/final/install/unitree_nav_interfaces/include/unitree_nav_interfaces/unitree_nav_interfaces
[3.302s] -- Installing: /home/yeryn/final/install/unitree_nav_interfaces/include/unitree_nav_interfaces/unitree_nav_interfaces/srv
[3.302s] -- Installing: /home/yeryn/final/install/unitree_nav_interfaces/include/unitree_nav_interfaces/unitree_nav_interfaces/srv/set_gait.h
[3.302s] -- Installing: /home/yeryn/final/install/unitree_nav_interfaces/include/unitree_nav_interfaces/unitree_nav_interfaces/srv/nav_to_pose.h
[3.302s] -- Installing: /home/yeryn/final/install/unitree_nav_interfaces/include/unitree_nav_interfaces/unitree_nav_interfaces/srv/set_body_rpy.h
[3.303s] -- Installing: /home/yeryn/final/install/unitree_nav_interfaces/include/unitree_nav_interfaces/unitree_nav_interfaces/srv/detail
[3.303s] -- Installing: /home/yeryn/final/install/unitree_nav_interfaces/include/unitree_nav_interfaces/unitree_nav_interfaces/srv/detail/set_gait__functions.h
[3.303s] -- Installing: /home/yeryn/final/install/unitree_nav_interfaces/include/unitree_nav_interfaces/unitree_nav_interfaces/srv/detail/set_body_rpy__type_support.h
[3.303s] -- Installing: /home/yeryn/final/install/unitree_nav_interfaces/include/unitree_nav_interfaces/unitree_nav_interfaces/srv/detail/set_gait__functions.c
[3.303s] -- Installing: /home/yeryn/final/install/unitree_nav_interfaces/include/unitree_nav_interfaces/unitree_nav_interfaces/srv/detail/set_body_rpy__struct.h
[3.303s] -- Installing: /home/yeryn/final/install/unitree_nav_interfaces/include/unitree_nav_interfaces/unitree_nav_interfaces/srv/detail/set_gait__struct.h
[3.303s] -- Installing: /home/yeryn/final/install/unitree_nav_interfaces/include/unitree_nav_interfaces/unitree_nav_interfaces/srv/detail/nav_to_pose__type_support.h
[3.303s] -- Installing: /home/yeryn/final/install/unitree_nav_interfaces/include/unitree_nav_interfaces/unitree_nav_interfaces/srv/detail/nav_to_pose__functions.h
[3.303s] -- Installing: /home/yeryn/final/install/unitree_nav_interfaces/include/unitree_nav_interfaces/unitree_nav_interfaces/srv/detail/set_gait__type_support.h
[3.303s] -- Installing: /home/yeryn/final/install/unitree_nav_interfaces/include/unitree_nav_interfaces/unitree_nav_interfaces/srv/detail/set_body_rpy__functions.c
[3.303s] -- Installing: /home/yeryn/final/install/unitree_nav_interfaces/include/unitree_nav_interfaces/unitree_nav_interfaces/srv/detail/nav_to_pose__functions.c
[3.303s] -- Installing: /home/yeryn/final/install/unitree_nav_interfaces/include/unitree_nav_interfaces/unitree_nav_interfaces/srv/detail/set_body_rpy__functions.h
[3.303s] -- Installing: /home/yeryn/final/install/unitree_nav_interfaces/include/unitree_nav_interfaces/unitree_nav_interfaces/srv/detail/nav_to_pose__struct.h
[3.303s] -- Installing: /home/yeryn/final/install/unitree_nav_interfaces/include/unitree_nav_interfaces/unitree_nav_interfaces/msg
[3.303s] -- Installing: /home/yeryn/final/install/unitree_nav_interfaces/include/unitree_nav_interfaces/unitree_nav_interfaces/msg/rosidl_generator_c__visibility_control.h
[3.303s] -- Installing: /home/yeryn/final/install/unitree_nav_interfaces/share/unitree_nav_interfaces/environment/library_path.sh
[3.303s] -- Installing: /home/yeryn/final/install/unitree_nav_interfaces/share/unitree_nav_interfaces/environment/library_path.dsv
[3.303s] -- Installing: /home/yeryn/final/install/unitree_nav_interfaces/lib/libunitree_nav_interfaces__rosidl_generator_c.so
[3.304s] -- Set runtime path of "/home/yeryn/final/install/unitree_nav_interfaces/lib/libunitree_nav_interfaces__rosidl_generator_c.so" to ""
[3.304s] -- Up-to-date: /home/yeryn/final/install/unitree_nav_interfaces/include/unitree_nav_interfaces/unitree_nav_interfaces
[3.304s] -- Up-to-date: /home/yeryn/final/install/unitree_nav_interfaces/include/unitree_nav_interfaces/unitree_nav_interfaces/srv
[3.304s] -- Up-to-date: /home/yeryn/final/install/unitree_nav_interfaces/include/unitree_nav_interfaces/unitree_nav_interfaces/srv/detail
[3.304s] -- Installing: /home/yeryn/final/install/unitree_nav_interfaces/include/unitree_nav_interfaces/unitree_nav_interfaces/srv/detail/set_gait__rosidl_typesupport_fastrtps_c.h
[3.304s] -- Installing: /home/yeryn/final/install/unitree_nav_interfaces/include/unitree_nav_interfaces/unitree_nav_interfaces/srv/detail/set_body_rpy__rosidl_typesupport_fastrtps_c.h
[3.304s] -- Installing: /home/yeryn/final/install/unitree_nav_interfaces/include/unitree_nav_interfaces/unitree_nav_interfaces/srv/detail/nav_to_pose__rosidl_typesupport_fastrtps_c.h
[3.304s] -- Up-to-date: /home/yeryn/final/install/unitree_nav_interfaces/include/unitree_nav_interfaces/unitree_nav_interfaces/msg
[3.304s] -- Installing: /home/yeryn/final/install/unitree_nav_interfaces/include/unitree_nav_interfaces/unitree_nav_interfaces/msg/rosidl_typesupport_fastrtps_c__visibility_control.h
[3.304s] -- Installing: /home/yeryn/final/install/unitree_nav_interfaces/lib/libunitree_nav_interfaces__rosidl_typesupport_fastrtps_c.so
[3.304s] -- Set runtime path of "/home/yeryn/final/install/unitree_nav_interfaces/lib/libunitree_nav_interfaces__rosidl_typesupport_fastrtps_c.so" to ""
[3.304s] -- Up-to-date: /home/yeryn/final/install/unitree_nav_interfaces/include/unitree_nav_interfaces/unitree_nav_interfaces
[3.304s] -- Up-to-date: /home/yeryn/final/install/unitree_nav_interfaces/include/unitree_nav_interfaces/unitree_nav_interfaces/srv
[3.304s] -- Installing: /home/yeryn/final/install/unitree_nav_interfaces/include/unitree_nav_interfaces/unitree_nav_interfaces/srv/nav_to_pose.hpp
[3.305s] -- Installing: /home/yeryn/final/install/unitree_nav_interfaces/include/unitree_nav_interfaces/unitree_nav_interfaces/srv/set_gait.hpp
[3.305s] -- Installing: /home/yeryn/final/install/unitree_nav_interfaces/include/unitree_nav_interfaces/unitree_nav_interfaces/srv/set_body_rpy.hpp
[3.305s] -- Up-to-date: /home/yeryn/final/install/unitree_nav_interfaces/include/unitree_nav_interfaces/unitree_nav_interfaces/srv/detail
[3.305s] -- Installing: /home/yeryn/final/install/unitree_nav_interfaces/include/unitree_nav_interfaces/unitree_nav_interfaces/srv/detail/set_gait__traits.hpp
[3.305s] -- Installing: /home/yeryn/final/install/unitree_nav_interfaces/include/unitree_nav_interfaces/unitree_nav_interfaces/srv/detail/set_body_rpy__builder.hpp
[3.305s] -- Installing: /home/yeryn/final/install/unitree_nav_interfaces/include/unitree_nav_interfaces/unitree_nav_interfaces/srv/detail/set_body_rpy__traits.hpp
[3.305s] -- Installing: /home/yeryn/final/install/unitree_nav_interfaces/include/unitree_nav_interfaces/unitree_nav_interfaces/srv/detail/nav_to_pose__builder.hpp
[3.305s] -- Installing: /home/yeryn/final/install/unitree_nav_interfaces/include/unitree_nav_interfaces/unitree_nav_interfaces/srv/detail/set_gait__builder.hpp
[3.305s] -- Installing: /home/yeryn/final/install/unitree_nav_interfaces/include/unitree_nav_interfaces/unitree_nav_interfaces/srv/detail/set_gait__struct.hpp
[3.305s] -- Installing: /home/yeryn/final/install/unitree_nav_interfaces/include/unitree_nav_interfaces/unitree_nav_interfaces/srv/detail/set_body_rpy__struct.hpp
[3.305s] -- Installing: /home/yeryn/final/install/unitree_nav_interfaces/include/unitree_nav_interfaces/unitree_nav_interfaces/srv/detail/nav_to_pose__struct.hpp
[3.305s] -- Installing: /home/yeryn/final/install/unitree_nav_interfaces/include/unitree_nav_interfaces/unitree_nav_interfaces/srv/detail/nav_to_pose__traits.hpp
[3.305s] -- Up-to-date: /home/yeryn/final/install/unitree_nav_interfaces/include/unitree_nav_interfaces/unitree_nav_interfaces
[3.305s] -- Up-to-date: /home/yeryn/final/install/unitree_nav_interfaces/include/unitree_nav_interfaces/unitree_nav_interfaces/srv
[3.305s] -- Up-to-date: /home/yeryn/final/install/unitree_nav_interfaces/include/unitree_nav_interfaces/unitree_nav_interfaces/srv/detail
[3.305s] -- Installing: /home/yeryn/final/install/unitree_nav_interfaces/include/unitree_nav_interfaces/unitree_nav_interfaces/srv/detail/nav_to_pose__rosidl_typesupport_fastrtps_cpp.hpp
[3.305s] -- Installing: /home/yeryn/final/install/unitree_nav_interfaces/include/unitree_nav_interfaces/unitree_nav_interfaces/srv/detail/set_body_rpy__rosidl_typesupport_fastrtps_cpp.hpp
[3.305s] -- Installing: /home/yeryn/final/install/unitree_nav_interfaces/include/unitree_nav_interfaces/unitree_nav_interfaces/srv/detail/dds_fastrtps
[3.305s] -- Installing: /home/yeryn/final/install/unitree_nav_interfaces/include/unitree_nav_interfaces/unitree_nav_interfaces/srv/detail/set_gait__rosidl_typesupport_fastrtps_cpp.hpp
[3.305s] -- Up-to-date: /home/yeryn/final/install/unitree_nav_interfaces/include/unitree_nav_interfaces/unitree_nav_interfaces/msg
[3.306s] -- Installing: /home/yeryn/final/install/unitree_nav_interfaces/include/unitree_nav_interfaces/unitree_nav_interfaces/msg/rosidl_typesupport_fastrtps_cpp__visibility_control.h
[3.306s] -- Installing: /home/yeryn/final/install/unitree_nav_interfaces/lib/libunitree_nav_interfaces__rosidl_typesupport_fastrtps_cpp.so
[3.306s] -- Set runtime path of "/home/yeryn/final/install/unitree_nav_interfaces/lib/libunitree_nav_interfaces__rosidl_typesupport_fastrtps_cpp.so" to ""
[3.306s] -- Up-to-date: /home/yeryn/final/install/unitree_nav_interfaces/include/unitree_nav_interfaces/unitree_nav_interfaces
[3.306s] -- Up-to-date: /home/yeryn/final/install/unitree_nav_interfaces/include/unitree_nav_interfaces/unitree_nav_interfaces/srv
[3.306s] -- Up-to-date: /home/yeryn/final/install/unitree_nav_interfaces/include/unitree_nav_interfaces/unitree_nav_interfaces/srv/detail
[3.306s] -- Installing: /home/yeryn/final/install/unitree_nav_interfaces/include/unitree_nav_interfaces/unitree_nav_interfaces/srv/detail/nav_to_pose__type_support.c
[3.306s] -- Installing: /home/yeryn/final/install/unitree_nav_interfaces/include/unitree_nav_interfaces/unitree_nav_interfaces/srv/detail/nav_to_pose__rosidl_typesupport_introspection_c.h
[3.306s] -- Installing: /home/yeryn/final/install/unitree_nav_interfaces/include/unitree_nav_interfaces/unitree_nav_interfaces/srv/detail/set_body_rpy__rosidl_typesupport_introspection_c.h
[3.306s] -- Installing: /home/yeryn/final/install/unitree_nav_interfaces/include/unitree_nav_interfaces/unitree_nav_interfaces/srv/detail/set_gait__rosidl_typesupport_introspection_c.h
[3.306s] -- Installing: /home/yeryn/final/install/unitree_nav_interfaces/include/unitree_nav_interfaces/unitree_nav_interfaces/srv/detail/set_gait__type_support.c
[3.306s] -- Installing: /home/yeryn/final/install/unitree_nav_interfaces/include/unitree_nav_interfaces/unitree_nav_interfaces/srv/detail/set_body_rpy__type_support.c
[3.306s] -- Up-to-date: /home/yeryn/final/install/unitree_nav_interfaces/include/unitree_nav_interfaces/unitree_nav_interfaces/msg
[3.306s] -- Installing: /home/yeryn/final/install/unitree_nav_interfaces/include/unitree_nav_interfaces/unitree_nav_interfaces/msg/rosidl_typesupport_introspection_c__visibility_control.h
[3.306s] -- Installing: /home/yeryn/final/install/unitree_nav_interfaces/lib/libunitree_nav_interfaces__rosidl_typesupport_introspection_c.so
[3.306s] -- Set runtime path of "/home/yeryn/final/install/unitree_nav_interfaces/lib/libunitree_nav_interfaces__rosidl_typesupport_introspection_c.so" to ""
[3.306s] -- Installing: /home/yeryn/final/install/unitree_nav_interfaces/lib/libunitree_nav_interfaces__rosidl_typesupport_c.so
[3.306s] -- Set runtime path of "/home/yeryn/final/install/unitree_nav_interfaces/lib/libunitree_nav_interfaces__rosidl_typesupport_c.so" to ""
[3.306s] -- Up-to-date: /home/yeryn/final/install/unitree_nav_interfaces/include/unitree_nav_interfaces/unitree_nav_interfaces
[3.306s] -- Up-to-date: /home/yeryn/final/install/unitree_nav_interfaces/include/unitree_nav_interfaces/unitree_nav_interfaces/srv
[3.307s] -- Up-to-date: /home/yeryn/final/install/unitree_nav_interfaces/include/unitree_nav_interfaces/unitree_nav_interfaces/srv/detail
[3.307s] -- Installing: /home/yeryn/final/install/unitree_nav_interfaces/include/unitree_nav_interfaces/unitree_nav_interfaces/srv/detail/set_gait__type_support.cpp
[3.307s] -- Installing: /home/yeryn/final/install/unitree_nav_interfaces/include/unitree_nav_interfaces/unitree_nav_interfaces/srv/detail/set_body_rpy__type_support.cpp
[3.307s] -- Installing: /home/yeryn/final/install/unitree_nav_interfaces/include/unitree_nav_interfaces/unitree_nav_interfaces/srv/detail/set_gait__rosidl_typesupport_introspection_cpp.hpp
[3.307s] -- Installing: /home/yeryn/final/install/unitree_nav_interfaces/include/unitree_nav_interfaces/unitree_nav_interfaces/srv/detail/set_body_rpy__rosidl_typesupport_introspection_cpp.hpp
[3.307s] -- Installing: /home/yeryn/final/install/unitree_nav_interfaces/include/unitree_nav_interfaces/unitree_nav_interfaces/srv/detail/nav_to_pose__rosidl_typesupport_introspection_cpp.hpp
[3.307s] -- Installing: /home/yeryn/final/install/unitree_nav_interfaces/include/unitree_nav_interfaces/unitree_nav_interfaces/srv/detail/nav_to_pose__type_support.cpp
[3.307s] -- Installing: /home/yeryn/final/install/unitree_nav_interfaces/lib/libunitree_nav_interfaces__rosidl_typesupport_introspection_cpp.so
[3.307s] -- Set runtime path of "/home/yeryn/final/install/unitree_nav_interfaces/lib/libunitree_nav_interfaces__rosidl_typesupport_introspection_cpp.so" to ""
[3.307s] -- Installing: /home/yeryn/final/install/unitree_nav_interfaces/lib/libunitree_nav_interfaces__rosidl_typesupport_cpp.so
[3.307s] -- Set runtime path of "/home/yeryn/final/install/unitree_nav_interfaces/lib/libunitree_nav_interfaces__rosidl_typesupport_cpp.so" to ""
[3.307s] -- Installing: /home/yeryn/final/install/unitree_nav_interfaces/share/unitree_nav_interfaces/environment/pythonpath.sh
[3.307s] -- Installing: /home/yeryn/final/install/unitree_nav_interfaces/share/unitree_nav_interfaces/environment/pythonpath.dsv
[3.307s] -- Installing: /home/yeryn/final/install/unitree_nav_interfaces/local/lib/python3.10/dist-packages/unitree_nav_interfaces-0.0.0-py3.10.egg-info
[3.307s] -- Installing: /home/yeryn/final/install/unitree_nav_interfaces/local/lib/python3.10/dist-packages/unitree_nav_interfaces-0.0.0-py3.10.egg-info/top_level.txt
[3.307s] -- Installing: /home/yeryn/final/install/unitree_nav_interfaces/local/lib/python3.10/dist-packages/unitree_nav_interfaces-0.0.0-py3.10.egg-info/SOURCES.txt
[3.307s] -- Installing: /home/yeryn/final/install/unitree_nav_interfaces/local/lib/python3.10/dist-packages/unitree_nav_interfaces-0.0.0-py3.10.egg-info/dependency_links.txt
[3.308s] -- Installing: /home/yeryn/final/install/unitree_nav_interfaces/local/lib/python3.10/dist-packages/unitree_nav_interfaces-0.0.0-py3.10.egg-info/PKG-INFO
[3.308s] -- Installing: /home/yeryn/final/install/unitree_nav_interfaces/local/lib/python3.10/dist-packages/unitree_nav_interfaces
[3.308s] -- Installing: /home/yeryn/final/install/unitree_nav_interfaces/local/lib/python3.10/dist-packages/unitree_nav_interfaces/unitree_nav_interfaces_s__rosidl_typesupport_introspection_c.cpython-310-aarch64-linux-gnu.so
[3.308s] -- Installing: /home/yeryn/final/install/unitree_nav_interfaces/local/lib/python3.10/dist-packages/unitree_nav_interfaces/_unitree_nav_interfaces_s.ep.rosidl_typesupport_c.c
[3.308s] -- Installing: /home/yeryn/final/install/unitree_nav_interfaces/local/lib/python3.10/dist-packages/unitree_nav_interfaces/_unitree_nav_interfaces_s.ep.rosidl_typesupport_introspection_c.c
[3.308s] -- Installing: /home/yeryn/final/install/unitree_nav_interfaces/local/lib/python3.10/dist-packages/unitree_nav_interfaces/srv
[3.308s] -- Installing: /home/yeryn/final/install/unitree_nav_interfaces/local/lib/python3.10/dist-packages/unitree_nav_interfaces/srv/_set_body_rpy_s.c
[3.308s] -- Installing: /home/yeryn/final/install/unitree_nav_interfaces/local/lib/python3.10/dist-packages/unitree_nav_interfaces/srv/_set_gait.py
[3.308s] -- Installing: /home/yeryn/final/install/unitree_nav_interfaces/local/lib/python3.10/dist-packages/unitree_nav_interfaces/srv/_nav_to_pose.py
[3.308s] -- Installing: /home/yeryn/final/install/unitree_nav_interfaces/local/lib/python3.10/dist-packages/unitree_nav_interfaces/srv/_set_gait_s.c
[3.308s] -- Installing: /home/yeryn/final/install/unitree_nav_interfaces/local/lib/python3.10/dist-packages/unitree_nav_interfaces/srv/__init__.py
[3.308s] -- Installing: /home/yeryn/final/install/unitree_nav_interfaces/local/lib/python3.10/dist-packages/unitree_nav_interfaces/srv/_nav_to_pose_s.c
[3.308s] -- Installing: /home/yeryn/final/install/unitree_nav_interfaces/local/lib/python3.10/dist-packages/unitree_nav_interfaces/srv/_set_body_rpy.py
[3.308s] -- Installing: /home/yeryn/final/install/unitree_nav_interfaces/local/lib/python3.10/dist-packages/unitree_nav_interfaces/unitree_nav_interfaces_s__rosidl_typesupport_c.cpython-310-aarch64-linux-gnu.so
[3.308s] -- Installing: /home/yeryn/final/install/unitree_nav_interfaces/local/lib/python3.10/dist-packages/unitree_nav_interfaces/__init__.py
[3.308s] -- Installing: /home/yeryn/final/install/unitree_nav_interfaces/local/lib/python3.10/dist-packages/unitree_nav_interfaces/_unitree_nav_interfaces_s.ep.rosidl_typesupport_fastrtps_c.c
[3.308s] -- Installing: /home/yeryn/final/install/unitree_nav_interfaces/local/lib/python3.10/dist-packages/unitree_nav_interfaces/unitree_nav_interfaces_s__rosidl_typesupport_fastrtps_c.cpython-310-aarch64-linux-gnu.so
[3.308s] -- Installing: /home/yeryn/final/install/unitree_nav_interfaces/local/lib/python3.10/dist-packages/unitree_nav_interfaces/libunitree_nav_interfaces_srv__rosidl_generator_py.so
[3.324s] Listing '/home/yeryn/final/install/unitree_nav_interfaces/local/lib/python3.10/dist-packages/unitree_nav_interfaces'...
[3.324s] Compiling '/home/yeryn/final/install/unitree_nav_interfaces/local/lib/python3.10/dist-packages/unitree_nav_interfaces/__init__.py'...
[3.324s] Listing '/home/yeryn/final/install/unitree_nav_interfaces/local/lib/python3.10/dist-packages/unitree_nav_interfaces/srv'...
[3.324s] Compiling '/home/yeryn/final/install/unitree_nav_interfaces/local/lib/python3.10/dist-packages/unitree_nav_interfaces/srv/__init__.py'...
[3.324s] Compiling '/home/yeryn/final/install/unitree_nav_interfaces/local/lib/python3.10/dist-packages/unitree_nav_interfaces/srv/_nav_to_pose.py'...
[3.324s] Compiling '/home/yeryn/final/install/unitree_nav_interfaces/local/lib/python3.10/dist-packages/unitree_nav_interfaces/srv/_set_body_rpy.py'...
[3.324s] Compiling '/home/yeryn/final/install/unitree_nav_interfaces/local/lib/python3.10/dist-packages/unitree_nav_interfaces/srv/_set_gait.py'...
[3.327s] -- Installing: /home/yeryn/final/install/unitree_nav_interfaces/local/lib/python3.10/dist-packages/unitree_nav_interfaces/unitree_nav_interfaces_s__rosidl_typesupport_fastrtps_c.cpython-310-aarch64-linux-gnu.so
[3.327s] -- Set runtime path of "/home/yeryn/final/install/unitree_nav_interfaces/local/lib/python3.10/dist-packages/unitree_nav_interfaces/unitree_nav_interfaces_s__rosidl_typesupport_fastrtps_c.cpython-310-aarch64-linux-gnu.so" to ""
[3.327s] -- Installing: /home/yeryn/final/install/unitree_nav_interfaces/local/lib/python3.10/dist-packages/unitree_nav_interfaces/unitree_nav_interfaces_s__rosidl_typesupport_introspection_c.cpython-310-aarch64-linux-gnu.so
[3.327s] -- Set runtime path of "/home/yeryn/final/install/unitree_nav_interfaces/local/lib/python3.10/dist-packages/unitree_nav_interfaces/unitree_nav_interfaces_s__rosidl_typesupport_introspection_c.cpython-310-aarch64-linux-gnu.so" to ""
[3.327s] -- Installing: /home/yeryn/final/install/unitree_nav_interfaces/local/lib/python3.10/dist-packages/unitree_nav_interfaces/unitree_nav_interfaces_s__rosidl_typesupport_c.cpython-310-aarch64-linux-gnu.so
[3.329s] -- Set runtime path of "/home/yeryn/final/install/unitree_nav_interfaces/local/lib/python3.10/dist-packages/unitree_nav_interfaces/unitree_nav_interfaces_s__rosidl_typesupport_c.cpython-310-aarch64-linux-gnu.so" to ""
[3.329s] -- Installing: /home/yeryn/final/install/unitree_nav_interfaces/lib/libunitree_nav_interfaces_srv__rosidl_generator_py.so
[3.329s] -- Set runtime path of "/home/yeryn/final/install/unitree_nav_interfaces/lib/libunitree_nav_interfaces_srv__rosidl_generator_py.so" to ""
[3.329s] -- Installing: /home/yeryn/final/install/unitree_nav_interfaces/share/unitree_nav_interfaces/srv/SetBodyRPY.idl
[3.329s] -- Installing: /home/yeryn/final/install/unitree_nav_interfaces/share/unitree_nav_interfaces/srv/NavToPose.idl
[3.329s] -- Installing: /home/yeryn/final/install/unitree_nav_interfaces/share/unitree_nav_interfaces/srv/SetGait.idl
[3.329s] -- Installing: /home/yeryn/final/install/unitree_nav_interfaces/share/unitree_nav_interfaces/srv/SetBodyRPY.srv
[3.329s] -- Installing: /home/yeryn/final/install/unitree_nav_interfaces/share/unitree_nav_interfaces/srv/SetBodyRPY_Request.msg
[3.329s] -- Installing: /home/yeryn/final/install/unitree_nav_interfaces/share/unitree_nav_interfaces/srv/SetBodyRPY_Response.msg
[3.329s] -- Installing: /home/yeryn/final/install/unitree_nav_interfaces/share/unitree_nav_interfaces/srv/NavToPose.srv
[3.329s] -- Installing: /home/yeryn/final/install/unitree_nav_interfaces/share/unitree_nav_interfaces/srv/NavToPose_Request.msg
[3.329s] -- Installing: /home/yeryn/final/install/unitree_nav_interfaces/share/unitree_nav_interfaces/srv/NavToPose_Response.msg
[3.329s] -- Installing: /home/yeryn/final/install/unitree_nav_interfaces/share/unitree_nav_interfaces/srv/SetGait.srv
[3.329s] -- Installing: /home/yeryn/final/install/unitree_nav_interfaces/share/unitree_nav_interfaces/srv/SetGait_Request.msg
[3.329s] -- Installing: /home/yeryn/final/install/unitree_nav_interfaces/share/unitree_nav_interfaces/srv/SetGait_Response.msg
[3.329s] -- Installing: /home/yeryn/final/install/unitree_nav_interfaces/share/ament_index/resource_index/package_run_dependencies/unitree_nav_interfaces
[3.329s] -- Installing: /home/yeryn/final/install/unitree_nav_interfaces/share/ament_index/resource_index/parent_prefix_path/unitree_nav_interfaces
[3.329s] -- Installing: /home/yeryn/final/install/unitree_nav_interfaces/share/unitree_nav_interfaces/environment/ament_prefix_path.sh
[3.329s] -- Installing: /home/yeryn/final/install/unitree_nav_interfaces/share/unitree_nav_interfaces/environment/ament_prefix_path.dsv
[3.329s] -- Installing: /home/yeryn/final/install/unitree_nav_interfaces/share/unitree_nav_interfaces/environment/path.sh
[3.330s] -- Installing: /home/yeryn/final/install/unitree_nav_interfaces/share/unitree_nav_interfaces/environment/path.dsv
[3.330s] -- Installing: /home/yeryn/final/install/unitree_nav_interfaces/share/unitree_nav_interfaces/local_setup.bash
[3.330s] -- Installing: /home/yeryn/final/install/unitree_nav_interfaces/share/unitree_nav_interfaces/local_setup.sh
[3.330s] -- Installing: /home/yeryn/final/install/unitree_nav_interfaces/share/unitree_nav_interfaces/local_setup.zsh
[3.330s] -- Installing: /home/yeryn/final/install/unitree_nav_interfaces/share/unitree_nav_interfaces/local_setup.dsv
[3.330s] -- Installing: /home/yeryn/final/install/unitree_nav_interfaces/share/unitree_nav_interfaces/package.dsv
[3.330s] -- Installing: /home/yeryn/final/install/unitree_nav_interfaces/share/ament_index/resource_index/packages/unitree_nav_interfaces
[3.330s] -- Installing: /home/yeryn/final/install/unitree_nav_interfaces/share/unitree_nav_interfaces/cmake/export_unitree_nav_interfaces_srv__rosidl_generator_cExport.cmake
[3.330s] -- Installing: /home/yeryn/final/install/unitree_nav_interfaces/share/unitree_nav_interfaces/cmake/export_unitree_nav_interfaces_srv__rosidl_generator_cExport-noconfig.cmake
[3.330s] -- Installing: /home/yeryn/final/install/unitree_nav_interfaces/share/unitree_nav_interfaces/cmake/export_unitree_nav_interfaces_srv__rosidl_typesupport_fastrtps_cExport.cmake
[3.330s] -- Installing: /home/yeryn/final/install/unitree_nav_interfaces/share/unitree_nav_interfaces/cmake/export_unitree_nav_interfaces_srv__rosidl_typesupport_fastrtps_cExport-noconfig.cmake
[3.330s] -- Installing: /home/yeryn/final/install/unitree_nav_interfaces/share/unitree_nav_interfaces/cmake/export_unitree_nav_interfaces_srv__rosidl_generator_cppExport.cmake
[3.330s] -- Installing: /home/yeryn/final/install/unitree_nav_interfaces/share/unitree_nav_interfaces/cmake/export_unitree_nav_interfaces_srv__rosidl_typesupport_fastrtps_cppExport.cmake
[3.330s] -- Installing: /home/yeryn/final/install/unitree_nav_interfaces/share/unitree_nav_interfaces/cmake/export_unitree_nav_interfaces_srv__rosidl_typesupport_fastrtps_cppExport-noconfig.cmake
[3.330s] -- Installing: /home/yeryn/final/install/unitree_nav_interfaces/share/unitree_nav_interfaces/cmake/unitree_nav_interfaces_srv__rosidl_typesupport_introspection_cExport.cmake
[3.330s] -- Installing: /home/yeryn/final/install/unitree_nav_interfaces/share/unitree_nav_interfaces/cmake/unitree_nav_interfaces_srv__rosidl_typesupport_introspection_cExport-noconfig.cmake
[3.330s] -- Installing: /home/yeryn/final/install/unitree_nav_interfaces/share/unitree_nav_interfaces/cmake/unitree_nav_interfaces_srv__rosidl_typesupport_cExport.cmake
[3.330s] -- Installing: /home/yeryn/final/install/unitree_nav_interfaces/share/unitree_nav_interfaces/cmake/unitree_nav_interfaces_srv__rosidl_typesupport_cExport-noconfig.cmake
[3.330s] -- Installing: /home/yeryn/final/install/unitree_nav_interfaces/share/unitree_nav_interfaces/cmake/unitree_nav_interfaces_srv__rosidl_typesupport_introspection_cppExport.cmake
[3.330s] -- Installing: /home/yeryn/final/install/unitree_nav_interfaces/share/unitree_nav_interfaces/cmake/unitree_nav_interfaces_srv__rosidl_typesupport_introspection_cppExport-noconfig.cmake
[3.330s] -- Installing: /home/yeryn/final/install/unitree_nav_interfaces/share/unitree_nav_interfaces/cmake/unitree_nav_interfaces_srv__rosidl_typesupport_cppExport.cmake
[3.330s] -- Installing: /home/yeryn/final/install/unitree_nav_interfaces/share/unitree_nav_interfaces/cmake/unitree_nav_interfaces_srv__rosidl_typesupport_cppExport-noconfig.cmake
[3.330s] -- Installing: /home/yeryn/final/install/unitree_nav_interfaces/share/unitree_nav_interfaces/cmake/export_unitree_nav_interfaces_srv__rosidl_generator_pyExport.cmake
[3.330s] -- Installing: /home/yeryn/final/install/unitree_nav_interfaces/share/unitree_nav_interfaces/cmake/export_unitree_nav_interfaces_srv__rosidl_generator_pyExport-noconfig.cmake
[3.330s] -- Installing: /home/yeryn/final/install/unitree_nav_interfaces/share/unitree_nav_interfaces/cmake/ament_cmake_export_dependencies-extras.cmake
[3.330s] -- Installing: /home/yeryn/final/install/unitree_nav_interfaces/share/unitree_nav_interfaces/cmake/rosidl_cmake-extras.cmake
[3.330s] -- Installing: /home/yeryn/final/install/unitree_nav_interfaces/share/unitree_nav_interfaces/cmake/ament_cmake_export_include_directories-extras.cmake
[3.330s] -- Installing: /home/yeryn/final/install/unitree_nav_interfaces/share/unitree_nav_interfaces/cmake/ament_cmake_export_libraries-extras.cmake
[3.330s] -- Installing: /home/yeryn/final/install/unitree_nav_interfaces/share/unitree_nav_interfaces/cmake/ament_cmake_export_targets-extras.cmake
[3.330s] -- Installing: /home/yeryn/final/install/unitree_nav_interfaces/share/unitree_nav_interfaces/cmake/rosidl_cmake_export_typesupport_targets-extras.cmake
[3.331s] -- Installing: /home/yeryn/final/install/unitree_nav_interfaces/share/unitree_nav_interfaces/cmake/rosidl_cmake_export_typesupport_libraries-extras.cmake
[3.331s] -- Installing: /home/yeryn/final/install/unitree_nav_interfaces/share/unitree_nav_interfaces/cmake/unitree_nav_interfacesConfig.cmake
[3.331s] -- Installing: /home/yeryn/final/install/unitree_nav_interfaces/share/unitree_nav_interfaces/cmake/unitree_nav_interfacesConfig-version.cmake
[3.331s] -- Installing: /home/yeryn/final/install/unitree_nav_interfaces/share/unitree_nav_interfaces/package.xml
[3.333s] Invoked command in '/home/yeryn/final/build/unitree_nav_interfaces' returned '0': CMAKE_PREFIX_PATH=/opt/ros/humble /usr/bin/cmake --install /home/yeryn/final/build/unitree_nav_interfaces
