[0.084s] Invoking command in '/home/rs/final_auto/build/unitree_inspection': AMENT_PREFIX_PATH=/home/rs/final_auto/install/unitree_ocr:/home/rs/final_auto/install/unitree_nav:/home/rs/final_auto/install/unitree_ocr_interfaces:/home/rs/final_auto/install/unitree_nav_interfaces:/home/rs/final_auto/install/unitree_inspection_interfaces:/home/rs/final_auto/install/ros2_unitree_legged_msgs:${AMENT_PREFIX_PATH} CMAKE_PREFIX_PATH=/home/rs/final_auto/install/unitree_ocr:/home/rs/final_auto/install/unitree_nav:/home/rs/final_auto/install/unitree_ocr_interfaces:/home/rs/final_auto/install/unitree_nav_interfaces:/home/rs/final_auto/install/unitree_inspection_interfaces:/home/rs/final_auto/install/ros2_unitree_legged_msgs${CMAKE_PREFIX_PATH} LD_LIBRARY_PATH=/home/rs/final_auto/install/unitree_ocr_interfaces/lib:/home/rs/final_auto/install/unitree_nav_interfaces/lib:/home/rs/final_auto/install/unitree_inspection_interfaces/lib:/home/rs/final_auto/install/ros2_unitree_legged_msgs/lib:${LD_LIBRARY_PATH} PYTHONPATH=/home/rs/final_auto/install/unitree_ocr_interfaces/local/lib/python3.10/dist-packages:/home/rs/final_auto/install/unitree_nav_interfaces/local/lib/python3.10/dist-packages:/home/rs/final_auto/install/unitree_inspection_interfaces/local/lib/python3.10/dist-packages:/home/rs/final_auto/install/ros2_unitree_legged_msgs/local/lib/python3.10/dist-packages:${PYTHONPATH} /usr/bin/cmake /home/rs/final_auto/src/unitree_inspection/unitree_inspection -DCMAKE_INSTALL_PREFIX=/home/rs/final_auto/install/unitree_inspection
[0.235s] -- The C compiler identification is GNU 11.4.0
[0.365s] -- The CXX compiler identification is GNU 11.4.0
[0.383s] -- Detecting C compiler ABI info
[0.542s] -- Detecting C compiler ABI info - done
[0.554s] -- Check for working C compiler: /usr/bin/cc - skipped
[0.554s] -- Detecting C compile features
[0.555s] -- Detecting C compile features - done
[0.560s] -- Detecting CXX compiler ABI info
[0.736s] -- Detecting CXX compiler ABI info - done
[0.753s] -- Check for working CXX compiler: /usr/bin/c++ - skipped
[0.754s] -- Detecting CXX compile features
[0.754s] -- Detecting CXX compile features - done
[0.764s] -- Found ament_cmake: 1.3.9 (/opt/ros/humble/share/ament_cmake/cmake)
[1.075s] -- Found Python3: /usr/bin/python3 (found version "3.10.12") found components: Interpreter 
[1.263s] -- Found rclcpp: 16.0.9 (/opt/ros/humble/share/rclcpp/cmake)
[1.356s] -- Found rosidl_generator_c: 3.1.5 (/opt/ros/humble/share/rosidl_generator_c/cmake)
[1.366s] -- Found rosidl_adapter: 3.1.5 (/opt/ros/humble/share/rosidl_adapter/cmake)
[1.382s] -- Found rosidl_generator_cpp: 3.1.5 (/opt/ros/humble/share/rosidl_generator_cpp/cmake)
[1.415s] -- Using all available rosidl_typesupport_c: rosidl_typesupport_fastrtps_c;rosidl_typesupport_introspection_c
[1.455s] -- Using all available rosidl_typesupport_cpp: rosidl_typesupport_fastrtps_cpp;rosidl_typesupport_introspection_cpp
[1.601s] -- Found rmw_implementation_cmake: 6.1.2 (/opt/ros/humble/share/rmw_implementation_cmake/cmake)
[1.607s] -- Found rmw_fastrtps_cpp: 6.2.6 (/opt/ros/humble/share/rmw_fastrtps_cpp/cmake)
[1.838s] -- Found OpenSSL: /usr/lib/x86_64-linux-gnu/libcrypto.so (found version "3.0.2")  
[1.890s] -- Found FastRTPS: /opt/ros/humble/include  
[1.983s] -- Using RMW implementation 'rmw_fastrtps_cpp' as default
[2.009s] -- Looking for pthread.h
[2.175s] -- Looking for pthread.h - found
[2.176s] -- Performing Test CMAKE_HAVE_LIBC_PTHREAD
[2.342s] -- Performing Test CMAKE_HAVE_LIBC_PTHREAD - Success
[2.343s] -- Found Threads: TRUE  
[2.654s] -- Found rclcpp_action: 16.0.9 (/opt/ros/humble/share/rclcpp_action/cmake)
[2.847s] -- Found std_srvs: 4.2.4 (/opt/ros/humble/share/std_srvs/cmake)
[2.887s] -- Found geometry_msgs: 4.2.4 (/opt/ros/humble/share/geometry_msgs/cmake)
[2.982s] -- Found tf2: 0.25.7 (/opt/ros/humble/share/tf2/cmake)
[3.016s] -- Found tf2_geometry_msgs: 0.25.7 (/opt/ros/humble/share/tf2_geometry_msgs/cmake)
[3.045s] -- Found eigen3_cmake_module: 0.1.1 (/opt/ros/humble/share/eigen3_cmake_module/cmake)
[3.047s] -- Found Eigen3: TRUE (found version "3.4.0") 
[3.048s] -- Ensuring Eigen3 include directory is part of orocos-kdl CMake target
[3.541s] -- Found nav2_msgs: 1.1.15 (/opt/ros/humble/share/nav2_msgs/cmake)
[4.077s] -- Found unitree_nav_interfaces: 0.0.0 (/home/rs/final_auto/install/unitree_nav_interfaces/share/unitree_nav_interfaces/cmake)
[4.220s] -- Found unitree_ocr_interfaces: 0.0.0 (/home/rs/final_auto/install/unitree_ocr_interfaces/share/unitree_ocr_interfaces/cmake)
[4.264s] -- Found unitree_inspection_interfaces: 0.0.0 (/home/rs/final_auto/install/unitree_inspection_interfaces/share/unitree_inspection_interfaces/cmake)
[4.327s] -- Found ament_lint_auto: 0.12.11 (/opt/ros/humble/share/ament_lint_auto/cmake)
[4.493s] -- Added test 'cppcheck' to perform static code analysis on C / C++ code
[4.493s] -- Configured cppcheck include dirs: 
[4.493s] -- Configured cppcheck exclude dirs and/or files: 
[4.495s] -- Added test 'flake8' to check Python code syntax and style conventions
[4.497s] -- Added test 'lint_cmake' to check CMake code style
[4.498s] -- Added test 'pep257' to check Python code against some of the docstring style conventions in PEP 257
[4.500s] -- Added test 'uncrustify' to check C / C++ code style
[4.500s] -- Configured uncrustify additional arguments: 
[4.501s] -- Added test 'xmllint' to check XML markup files
[4.505s] -- Configuring done
[4.539s] -- Generating done
[4.544s] -- Build files have been written to: /home/rs/final_auto/build/unitree_inspection
[4.567s] Invoked command in '/home/rs/final_auto/build/unitree_inspection' returned '0': AMENT_PREFIX_PATH=/home/rs/final_auto/install/unitree_ocr:/home/rs/final_auto/install/unitree_nav:/home/rs/final_auto/install/unitree_ocr_interfaces:/home/rs/final_auto/install/unitree_nav_interfaces:/home/rs/final_auto/install/unitree_inspection_interfaces:/home/rs/final_auto/install/ros2_unitree_legged_msgs:${AMENT_PREFIX_PATH} CMAKE_PREFIX_PATH=/home/rs/final_auto/install/unitree_ocr:/home/rs/final_auto/install/unitree_nav:/home/rs/final_auto/install/unitree_ocr_interfaces:/home/rs/final_auto/install/unitree_nav_interfaces:/home/rs/final_auto/install/unitree_inspection_interfaces:/home/rs/final_auto/install/ros2_unitree_legged_msgs${CMAKE_PREFIX_PATH} LD_LIBRARY_PATH=/home/rs/final_auto/install/unitree_ocr_interfaces/lib:/home/rs/final_auto/install/unitree_nav_interfaces/lib:/home/rs/final_auto/install/unitree_inspection_interfaces/lib:/home/rs/final_auto/install/ros2_unitree_legged_msgs/lib:${LD_LIBRARY_PATH} PYTHONPATH=/home/rs/final_auto/install/unitree_ocr_interfaces/local/lib/python3.10/dist-packages:/home/rs/final_auto/install/unitree_nav_interfaces/local/lib/python3.10/dist-packages:/home/rs/final_auto/install/unitree_inspection_interfaces/local/lib/python3.10/dist-packages:/home/rs/final_auto/install/ros2_unitree_legged_msgs/local/lib/python3.10/dist-packages:${PYTHONPATH} /usr/bin/cmake /home/rs/final_auto/src/unitree_inspection/unitree_inspection -DCMAKE_INSTALL_PREFIX=/home/rs/final_auto/install/unitree_inspection
[4.572s] Invoking command in '/home/rs/final_auto/build/unitree_inspection': AMENT_PREFIX_PATH=/home/rs/final_auto/install/unitree_ocr:/home/rs/final_auto/install/unitree_nav:/home/rs/final_auto/install/unitree_ocr_interfaces:/home/rs/final_auto/install/unitree_nav_interfaces:/home/rs/final_auto/install/unitree_inspection_interfaces:/home/rs/final_auto/install/ros2_unitree_legged_msgs:${AMENT_PREFIX_PATH} CMAKE_PREFIX_PATH=/home/rs/final_auto/install/unitree_ocr:/home/rs/final_auto/install/unitree_nav:/home/rs/final_auto/install/unitree_ocr_interfaces:/home/rs/final_auto/install/unitree_nav_interfaces:/home/rs/final_auto/install/unitree_inspection_interfaces:/home/rs/final_auto/install/ros2_unitree_legged_msgs${CMAKE_PREFIX_PATH} LD_LIBRARY_PATH=/home/rs/final_auto/install/unitree_ocr_interfaces/lib:/home/rs/final_auto/install/unitree_nav_interfaces/lib:/home/rs/final_auto/install/unitree_inspection_interfaces/lib:/home/rs/final_auto/install/ros2_unitree_legged_msgs/lib:${LD_LIBRARY_PATH} PYTHONPATH=/home/rs/final_auto/install/unitree_ocr_interfaces/local/lib/python3.10/dist-packages:/home/rs/final_auto/install/unitree_nav_interfaces/local/lib/python3.10/dist-packages:/home/rs/final_auto/install/unitree_inspection_interfaces/local/lib/python3.10/dist-packages:/home/rs/final_auto/install/ros2_unitree_legged_msgs/local/lib/python3.10/dist-packages:${PYTHONPATH} /usr/bin/cmake --build /home/rs/final_auto/build/unitree_inspection -- -j13 -l13
[4.688s] [ 50%] [32mBuilding CXX object CMakeFiles/inspection.dir/src/inspection.cpp.o[0m
[28.300s] [100%] [32m[1mLinking CXX executable inspection[0m
[37.527s] [100%] Built target inspection
[37.590s] Invoked command in '/home/rs/final_auto/build/unitree_inspection' returned '0': AMENT_PREFIX_PATH=/home/rs/final_auto/install/unitree_ocr:/home/rs/final_auto/install/unitree_nav:/home/rs/final_auto/install/unitree_ocr_interfaces:/home/rs/final_auto/install/unitree_nav_interfaces:/home/rs/final_auto/install/unitree_inspection_interfaces:/home/rs/final_auto/install/ros2_unitree_legged_msgs:${AMENT_PREFIX_PATH} CMAKE_PREFIX_PATH=/home/rs/final_auto/install/unitree_ocr:/home/rs/final_auto/install/unitree_nav:/home/rs/final_auto/install/unitree_ocr_interfaces:/home/rs/final_auto/install/unitree_nav_interfaces:/home/rs/final_auto/install/unitree_inspection_interfaces:/home/rs/final_auto/install/ros2_unitree_legged_msgs${CMAKE_PREFIX_PATH} LD_LIBRARY_PATH=/home/rs/final_auto/install/unitree_ocr_interfaces/lib:/home/rs/final_auto/install/unitree_nav_interfaces/lib:/home/rs/final_auto/install/unitree_inspection_interfaces/lib:/home/rs/final_auto/install/ros2_unitree_legged_msgs/lib:${LD_LIBRARY_PATH} PYTHONPATH=/home/rs/final_auto/install/unitree_ocr_interfaces/local/lib/python3.10/dist-packages:/home/rs/final_auto/install/unitree_nav_interfaces/local/lib/python3.10/dist-packages:/home/rs/final_auto/install/unitree_inspection_interfaces/local/lib/python3.10/dist-packages:/home/rs/final_auto/install/ros2_unitree_legged_msgs/local/lib/python3.10/dist-packages:${PYTHONPATH} /usr/bin/cmake --build /home/rs/final_auto/build/unitree_inspection -- -j13 -l13
[37.745s] Invoking command in '/home/rs/final_auto/build/unitree_inspection': AMENT_PREFIX_PATH=/home/rs/final_auto/install/unitree_ocr:/home/rs/final_auto/install/unitree_nav:/home/rs/final_auto/install/unitree_ocr_interfaces:/home/rs/final_auto/install/unitree_nav_interfaces:/home/rs/final_auto/install/unitree_inspection_interfaces:/home/rs/final_auto/install/ros2_unitree_legged_msgs:${AMENT_PREFIX_PATH} CMAKE_PREFIX_PATH=/home/rs/final_auto/install/unitree_ocr:/home/rs/final_auto/install/unitree_nav:/home/rs/final_auto/install/unitree_ocr_interfaces:/home/rs/final_auto/install/unitree_nav_interfaces:/home/rs/final_auto/install/unitree_inspection_interfaces:/home/rs/final_auto/install/ros2_unitree_legged_msgs${CMAKE_PREFIX_PATH} LD_LIBRARY_PATH=/home/rs/final_auto/install/unitree_ocr_interfaces/lib:/home/rs/final_auto/install/unitree_nav_interfaces/lib:/home/rs/final_auto/install/unitree_inspection_interfaces/lib:/home/rs/final_auto/install/ros2_unitree_legged_msgs/lib:${LD_LIBRARY_PATH} PYTHONPATH=/home/rs/final_auto/install/unitree_ocr_interfaces/local/lib/python3.10/dist-packages:/home/rs/final_auto/install/unitree_nav_interfaces/local/lib/python3.10/dist-packages:/home/rs/final_auto/install/unitree_inspection_interfaces/local/lib/python3.10/dist-packages:/home/rs/final_auto/install/ros2_unitree_legged_msgs/local/lib/python3.10/dist-packages:${PYTHONPATH} /usr/bin/cmake --install /home/rs/final_auto/build/unitree_inspection
[37.780s] -- Install configuration: ""
[37.782s] -- Installing: /home/rs/final_auto/install/unitree_inspection/lib/unitree_inspection/inspection
[37.864s] -- Set runtime path of "/home/rs/final_auto/install/unitree_inspection/lib/unitree_inspection/inspection" to ""
[37.865s] -- Installing: /home/rs/final_auto/install/unitree_inspection/share/unitree_inspection/launch
[37.869s] -- Installing: /home/rs/final_auto/install/unitree_inspection/share/unitree_inspection/launch/inspection.launch.py
[37.898s] -- Installing: /home/rs/final_auto/install/unitree_inspection/share/unitree_inspection/launch/autonomous_inspection.launch.py
[37.909s] -- Installing: /home/rs/final_auto/install/unitree_inspection/share/unitree_inspection/config
[37.911s] -- Installing: /home/rs/final_auto/install/unitree_inspection/share/unitree_inspection/config/environment_params.yaml
[37.995s] -- Installing: /home/rs/final_auto/install/unitree_inspection/share/ament_index/resource_index/package_run_dependencies/unitree_inspection
[38.037s] -- Installing: /home/rs/final_auto/install/unitree_inspection/share/ament_index/resource_index/parent_prefix_path/unitree_inspection
[38.087s] -- Installing: /home/rs/final_auto/install/unitree_inspection/share/unitree_inspection/environment/ament_prefix_path.sh
[38.092s] -- Installing: /home/rs/final_auto/install/unitree_inspection/share/unitree_inspection/environment/ament_prefix_path.dsv
[38.099s] -- Installing: /home/rs/final_auto/install/unitree_inspection/share/unitree_inspection/environment/path.sh
[38.100s] -- Installing: /home/rs/final_auto/install/unitree_inspection/share/unitree_inspection/environment/path.dsv
[38.143s] -- Installing: /home/rs/final_auto/install/unitree_inspection/share/unitree_inspection/local_setup.bash
[38.145s] -- Installing: /home/rs/final_auto/install/unitree_inspection/share/unitree_inspection/local_setup.sh
[38.159s] -- Installing: /home/rs/final_auto/install/unitree_inspection/share/unitree_inspection/local_setup.zsh
[38.159s] -- Installing: /home/rs/final_auto/install/unitree_inspection/share/unitree_inspection/local_setup.dsv
[38.162s] -- Installing: /home/rs/final_auto/install/unitree_inspection/share/unitree_inspection/package.dsv
[38.198s] -- Installing: /home/rs/final_auto/install/unitree_inspection/share/ament_index/resource_index/packages/unitree_inspection
[38.275s] -- Installing: /home/rs/final_auto/install/unitree_inspection/share/unitree_inspection/cmake/unitree_inspectionConfig.cmake
[38.280s] -- Installing: /home/rs/final_auto/install/unitree_inspection/share/unitree_inspection/cmake/unitree_inspectionConfig-version.cmake
[38.282s] -- Installing: /home/rs/final_auto/install/unitree_inspection/share/unitree_inspection/package.xml
[38.512s] Invoked command in '/home/rs/final_auto/build/unitree_inspection' returned '0': AMENT_PREFIX_PATH=/home/rs/final_auto/install/unitree_ocr:/home/rs/final_auto/install/unitree_nav:/home/rs/final_auto/install/unitree_ocr_interfaces:/home/rs/final_auto/install/unitree_nav_interfaces:/home/rs/final_auto/install/unitree_inspection_interfaces:/home/rs/final_auto/install/ros2_unitree_legged_msgs:${AMENT_PREFIX_PATH} CMAKE_PREFIX_PATH=/home/rs/final_auto/install/unitree_ocr:/home/rs/final_auto/install/unitree_nav:/home/rs/final_auto/install/unitree_ocr_interfaces:/home/rs/final_auto/install/unitree_nav_interfaces:/home/rs/final_auto/install/unitree_inspection_interfaces:/home/rs/final_auto/install/ros2_unitree_legged_msgs${CMAKE_PREFIX_PATH} LD_LIBRARY_PATH=/home/rs/final_auto/install/unitree_ocr_interfaces/lib:/home/rs/final_auto/install/unitree_nav_interfaces/lib:/home/rs/final_auto/install/unitree_inspection_interfaces/lib:/home/rs/final_auto/install/ros2_unitree_legged_msgs/lib:${LD_LIBRARY_PATH} PYTHONPATH=/home/rs/final_auto/install/unitree_ocr_interfaces/local/lib/python3.10/dist-packages:/home/rs/final_auto/install/unitree_nav_interfaces/local/lib/python3.10/dist-packages:/home/rs/final_auto/install/unitree_inspection_interfaces/local/lib/python3.10/dist-packages:/home/rs/final_auto/install/ros2_unitree_legged_msgs/local/lib/python3.10/dist-packages:${PYTHONPATH} /usr/bin/cmake --install /home/rs/final_auto/build/unitree_inspection
