[0.044s] Invoking command in '/home/rs/go1_robot/build/unitree_legged_real': AMENT_PREFIX_PATH=/home/rs/go1_robot/install/ros2_unitree_legged_msgs:${AMENT_PREFIX_PATH} CMAKE_PREFIX_PATH=/home/rs/go1_robot/install/ros2_unitree_legged_msgs:/opt/ros/humble LD_LIBRARY_PATH=/home/rs/go1_robot/install/ros2_unitree_legged_msgs/lib:${LD_LIBRARY_PATH} PYTHONPATH=/home/rs/go1_robot/install/ros2_unitree_legged_msgs/local/lib/python3.10/dist-packages:${PYTHONPATH} /usr/bin/cmake /home/rs/go1_robot/src/unitree_ros2/unitree_legged_real -DCMAKE_INSTALL_PREFIX=/home/rs/go1_robot/install/unitree_legged_real
[0.175s] -- The C compiler identification is GNU 11.4.0
[0.309s] -- The CXX compiler identification is GNU 11.4.0
[0.323s] -- Detecting C compiler ABI info
[0.476s] -- Detecting C compiler ABI info - done
[0.497s] -- Check for working C compiler: /usr/bin/cc - skipped
[0.497s] -- Detecting C compile features
[0.498s] -- Detecting C compile features - done
[0.503s] -- Detecting CXX compiler ABI info
[0.685s] -- Detecting CXX compiler ABI info - done
[0.699s] -- Check for working CXX compiler: /usr/bin/c++ - skipped
[0.701s] -- Detecting CXX compile features
[0.702s] -- Detecting CXX compile features - done
[0.705s] -- Found ament_cmake: 1.3.9 (/opt/ros/humble/share/ament_cmake/cmake)
[0.992s] -- Found Python3: /usr/bin/python3 (found version "3.10.12") found components: Interpreter 
[1.149s] -- Found rclcpp: 16.0.9 (/opt/ros/humble/share/rclcpp/cmake)
[1.227s] -- Found rosidl_generator_c: 3.1.5 (/opt/ros/humble/share/rosidl_generator_c/cmake)
[1.235s] -- Found rosidl_adapter: 3.1.5 (/opt/ros/humble/share/rosidl_adapter/cmake)
[1.252s] -- Found rosidl_generator_cpp: 3.1.5 (/opt/ros/humble/share/rosidl_generator_cpp/cmake)
[1.277s] -- Using all available rosidl_typesupport_c: rosidl_typesupport_fastrtps_c;rosidl_typesupport_introspection_c
[1.317s] -- Using all available rosidl_typesupport_cpp: rosidl_typesupport_fastrtps_cpp;rosidl_typesupport_introspection_cpp
[1.453s] -- Found rmw_implementation_cmake: 6.1.2 (/opt/ros/humble/share/rmw_implementation_cmake/cmake)
[1.461s] -- Found rmw_fastrtps_cpp: 6.2.6 (/opt/ros/humble/share/rmw_fastrtps_cpp/cmake)
[1.682s] -- Found OpenSSL: /usr/lib/x86_64-linux-gnu/libcrypto.so (found version "3.0.2")  
[1.735s] -- Found FastRTPS: /opt/ros/humble/include  
[1.824s] -- Using RMW implementation 'rmw_fastrtps_cpp' as default
[1.843s] -- Looking for pthread.h
[2.007s] -- Looking for pthread.h - found
[2.008s] -- Performing Test CMAKE_HAVE_LIBC_PTHREAD
[2.180s] -- Performing Test CMAKE_HAVE_LIBC_PTHREAD - Success
[2.184s] -- Found Threads: TRUE  
[2.492s] -- Found ros2_unitree_legged_msgs: 0.4.0 (/home/rs/go1_robot/install/ros2_unitree_legged_msgs/share/ros2_unitree_legged_msgs/cmake)
[2.523s] -- Found sensor_msgs: 4.2.4 (/opt/ros/humble/share/sensor_msgs/cmake)
[2.788s] -- -- CMAKE_SYSTEM_PROCESSOR: x86_64
[2.912s] -- Configuring done
[2.978s] -- Generating done
[2.981s] -- Build files have been written to: /home/rs/go1_robot/build/unitree_legged_real
[3.000s] Invoked command in '/home/rs/go1_robot/build/unitree_legged_real' returned '0': AMENT_PREFIX_PATH=/home/rs/go1_robot/install/ros2_unitree_legged_msgs:${AMENT_PREFIX_PATH} CMAKE_PREFIX_PATH=/home/rs/go1_robot/install/ros2_unitree_legged_msgs:/opt/ros/humble LD_LIBRARY_PATH=/home/rs/go1_robot/install/ros2_unitree_legged_msgs/lib:${LD_LIBRARY_PATH} PYTHONPATH=/home/rs/go1_robot/install/ros2_unitree_legged_msgs/local/lib/python3.10/dist-packages:${PYTHONPATH} /usr/bin/cmake /home/rs/go1_robot/src/unitree_ros2/unitree_legged_real -DCMAKE_INSTALL_PREFIX=/home/rs/go1_robot/install/unitree_legged_real
[3.005s] Invoking command in '/home/rs/go1_robot/build/unitree_legged_real': AMENT_PREFIX_PATH=/home/rs/go1_robot/install/ros2_unitree_legged_msgs:${AMENT_PREFIX_PATH} CMAKE_PREFIX_PATH=/home/rs/go1_robot/install/ros2_unitree_legged_msgs:/opt/ros/humble LD_LIBRARY_PATH=/home/rs/go1_robot/install/ros2_unitree_legged_msgs/lib:${LD_LIBRARY_PATH} PYTHONPATH=/home/rs/go1_robot/install/ros2_unitree_legged_msgs/local/lib/python3.10/dist-packages:${PYTHONPATH} /usr/bin/cmake --build /home/rs/go1_robot/build/unitree_legged_real -- -j13 -l13
[3.155s] [  6%] [32mBuilding CXX object CMakeFiles/ros2_walk_example.dir/src/ros2_walk_example.cpp.o[0m
[3.155s] [ 12%] [32mBuilding CXX object CMakeFiles/jsp_low.dir/src/jsp_low.cpp.o[0m
[3.160s] [ 18%] [32mBuilding CXX object CMakeFiles/ros2_udp.dir/src/ros2_udp.cpp.o[0m
[3.161s] [ 25%] [32mBuilding CXX object CMakeFiles/jsp_high.dir/src/jsp_high.cpp.o[0m
[3.162s] [ 31%] [32mBuilding CXX object CMakeFiles/udp_low.dir/src/udp_low.cpp.o[0m
[3.165s] [ 37%] [32mBuilding CXX object CMakeFiles/ros2_position_example.dir/src/ros2_position_example.cpp.o[0m
[3.168s] [ 43%] [32mBuilding CXX object CMakeFiles/udp_high.dir/src/udp_high.cpp.o[0m
[3.169s] [ 50%] [32mBuilding CXX object CMakeFiles/custom_gait.dir/src/custom_gait.cpp.o[0m
[25.219s] [ 56%] [32m[1mLinking CXX executable ros2_walk_example[0m
[25.548s] [ 62%] [32m[1mLinking CXX executable ros2_position_example[0m
[25.650s] [ 62%] Built target ros2_walk_example
[25.890s] [ 62%] Built target ros2_position_example
[36.412s] [ 68%] [32m[1mLinking CXX executable jsp_high[0m
[36.791s] [ 68%] Built target jsp_high
[36.819s] [ 75%] [32m[1mLinking CXX executable custom_gait[0m
[37.154s] [ 75%] Built target custom_gait
[37.541s] [ 81%] [32m[1mLinking CXX executable udp_high[0m
[37.622s] [ 87%] [32m[1mLinking CXX executable udp_low[0m
[37.863s] [ 87%] Built target udp_high
[37.973s] [ 87%] Built target udp_low
[44.722s] [ 93%] [32m[1mLinking CXX executable jsp_low[0m
[45.171s] [ 93%] Built target jsp_low
[45.940s] [100%] [32m[1mLinking CXX executable ros2_udp[0m
[46.331s] [100%] Built target ros2_udp
[46.352s] Invoked command in '/home/rs/go1_robot/build/unitree_legged_real' returned '0': AMENT_PREFIX_PATH=/home/rs/go1_robot/install/ros2_unitree_legged_msgs:${AMENT_PREFIX_PATH} CMAKE_PREFIX_PATH=/home/rs/go1_robot/install/ros2_unitree_legged_msgs:/opt/ros/humble LD_LIBRARY_PATH=/home/rs/go1_robot/install/ros2_unitree_legged_msgs/lib:${LD_LIBRARY_PATH} PYTHONPATH=/home/rs/go1_robot/install/ros2_unitree_legged_msgs/local/lib/python3.10/dist-packages:${PYTHONPATH} /usr/bin/cmake --build /home/rs/go1_robot/build/unitree_legged_real -- -j13 -l13
[46.533s] Invoking command in '/home/rs/go1_robot/build/unitree_legged_real': AMENT_PREFIX_PATH=/home/rs/go1_robot/install/ros2_unitree_legged_msgs:${AMENT_PREFIX_PATH} CMAKE_PREFIX_PATH=/home/rs/go1_robot/install/ros2_unitree_legged_msgs:/opt/ros/humble LD_LIBRARY_PATH=/home/rs/go1_robot/install/ros2_unitree_legged_msgs/lib:${LD_LIBRARY_PATH} PYTHONPATH=/home/rs/go1_robot/install/ros2_unitree_legged_msgs/local/lib/python3.10/dist-packages:${PYTHONPATH} /usr/bin/cmake --install /home/rs/go1_robot/build/unitree_legged_real
[46.548s] -- Install configuration: ""
[46.549s] -- Installing: /home/rs/go1_robot/install/unitree_legged_real/lib
[46.550s] -- Installing: /home/rs/go1_robot/install/unitree_legged_real/lib/libunitree_legged_sdk_arm64.so
[46.565s] -- Installing: /home/rs/go1_robot/install/unitree_legged_real/lib/libunitree_legged_sdk_amd64.so
[46.568s] -- Installing: /home/rs/go1_robot/install/unitree_legged_real/lib/unitree_legged_real/ros2_udp
[46.575s] -- Set runtime path of "/home/rs/go1_robot/install/unitree_legged_real/lib/unitree_legged_real/ros2_udp" to ""
[46.575s] -- Installing: /home/rs/go1_robot/install/unitree_legged_real/lib/unitree_legged_real/udp_high
[46.584s] -- Set runtime path of "/home/rs/go1_robot/install/unitree_legged_real/lib/unitree_legged_real/udp_high" to ""
[46.585s] -- Installing: /home/rs/go1_robot/install/unitree_legged_real/lib/unitree_legged_real/jsp_high
[46.587s] -- Set runtime path of "/home/rs/go1_robot/install/unitree_legged_real/lib/unitree_legged_real/jsp_high" to ""
[46.587s] -- Installing: /home/rs/go1_robot/install/unitree_legged_real/lib/unitree_legged_real/ros2_walk_example
[46.588s] -- Set runtime path of "/home/rs/go1_robot/install/unitree_legged_real/lib/unitree_legged_real/ros2_walk_example" to ""
[46.588s] -- Installing: /home/rs/go1_robot/install/unitree_legged_real/lib/unitree_legged_real/ros2_position_example
[46.589s] -- Set runtime path of "/home/rs/go1_robot/install/unitree_legged_real/lib/unitree_legged_real/ros2_position_example" to ""
[46.590s] -- Installing: /home/rs/go1_robot/install/unitree_legged_real/lib/unitree_legged_real/custom_gait
[46.595s] -- Set runtime path of "/home/rs/go1_robot/install/unitree_legged_real/lib/unitree_legged_real/custom_gait" to ""
[46.596s] -- Installing: /home/rs/go1_robot/install/unitree_legged_real/lib/unitree_legged_real/udp_low
[46.596s] -- Set runtime path of "/home/rs/go1_robot/install/unitree_legged_real/lib/unitree_legged_real/udp_low" to ""
[46.596s] -- Installing: /home/rs/go1_robot/install/unitree_legged_real/lib/unitree_legged_real/jsp_low
[46.597s] -- Set runtime path of "/home/rs/go1_robot/install/unitree_legged_real/lib/unitree_legged_real/jsp_low" to ""
[46.598s] -- Installing: /home/rs/go1_robot/install/unitree_legged_real/share/unitree_legged_real//launch
[46.598s] -- Installing: /home/rs/go1_robot/install/unitree_legged_real/share/unitree_legged_real//launch/high.launch.py
[46.599s] -- Installing: /home/rs/go1_robot/install/unitree_legged_real/share/unitree_legged_real//launch/low.launch.py
[46.599s] -- Installing: /home/rs/go1_robot/install/unitree_legged_real/share/unitree_legged_real//config
[46.599s] -- Installing: /home/rs/go1_robot/install/unitree_legged_real/share/unitree_legged_real//config/state_only.rviz
[46.600s] -- Installing: /home/rs/go1_robot/install/unitree_legged_real/share/unitree_legged_real//config/state_and_cmd.rviz
[46.600s] -- Installing: /home/rs/go1_robot/install/unitree_legged_real/share/unitree_legged_real//config/cmd_only.rviz
[46.600s] -- Installing: /home/rs/go1_robot/install/unitree_legged_real/share/ament_index/resource_index/package_run_dependencies/unitree_legged_real
[46.600s] -- Installing: /home/rs/go1_robot/install/unitree_legged_real/share/ament_index/resource_index/parent_prefix_path/unitree_legged_real
[46.601s] -- Installing: /home/rs/go1_robot/install/unitree_legged_real/share/unitree_legged_real/environment/ament_prefix_path.sh
[46.602s] -- Installing: /home/rs/go1_robot/install/unitree_legged_real/share/unitree_legged_real/environment/ament_prefix_path.dsv
[46.602s] -- Installing: /home/rs/go1_robot/install/unitree_legged_real/share/unitree_legged_real/environment/path.sh
[46.603s] -- Installing: /home/rs/go1_robot/install/unitree_legged_real/share/unitree_legged_real/environment/path.dsv
[46.603s] -- Installing: /home/rs/go1_robot/install/unitree_legged_real/share/unitree_legged_real/local_setup.bash
[46.603s] -- Installing: /home/rs/go1_robot/install/unitree_legged_real/share/unitree_legged_real/local_setup.sh
[46.604s] -- Installing: /home/rs/go1_robot/install/unitree_legged_real/share/unitree_legged_real/local_setup.zsh
[46.604s] -- Installing: /home/rs/go1_robot/install/unitree_legged_real/share/unitree_legged_real/local_setup.dsv
[46.605s] -- Installing: /home/rs/go1_robot/install/unitree_legged_real/share/unitree_legged_real/package.dsv
[46.605s] -- Installing: /home/rs/go1_robot/install/unitree_legged_real/share/ament_index/resource_index/packages/unitree_legged_real
[46.605s] -- Installing: /home/rs/go1_robot/install/unitree_legged_real/share/unitree_legged_real/cmake/unitree_legged_realConfig.cmake
[46.606s] -- Installing: /home/rs/go1_robot/install/unitree_legged_real/share/unitree_legged_real/cmake/unitree_legged_realConfig-version.cmake
[46.606s] -- Installing: /home/rs/go1_robot/install/unitree_legged_real/share/unitree_legged_real/package.xml
[46.610s] Invoked command in '/home/rs/go1_robot/build/unitree_legged_real' returned '0': AMENT_PREFIX_PATH=/home/rs/go1_robot/install/ros2_unitree_legged_msgs:${AMENT_PREFIX_PATH} CMAKE_PREFIX_PATH=/home/rs/go1_robot/install/ros2_unitree_legged_msgs:/opt/ros/humble LD_LIBRARY_PATH=/home/rs/go1_robot/install/ros2_unitree_legged_msgs/lib:${LD_LIBRARY_PATH} PYTHONPATH=/home/rs/go1_robot/install/ros2_unitree_legged_msgs/local/lib/python3.10/dist-packages:${PYTHONPATH} /usr/bin/cmake --install /home/rs/go1_robot/build/unitree_legged_real
