[0.004s] Invoking command in '/home/yeryn/final/build/unitree_legged_real': AMENT_PREFIX_PATH=/home/yeryn/final/install/ros2_unitree_legged_msgs:${AMENT_PREFIX_PATH} CMAKE_PREFIX_PATH=/home/yeryn/final/install/ros2_unitree_legged_msgs:/opt/ros/humble LD_LIBRARY_PATH=/home/yeryn/final/install/ros2_unitree_legged_msgs/lib:${LD_LIBRARY_PATH} PYTHONPATH=/home/yeryn/final/install/ros2_unitree_legged_msgs/local/lib/python3.10/dist-packages:${PYTHONPATH} /usr/bin/cmake /home/yeryn/final/unitree_ros2/unitree_legged_real -DCMAKE_INSTALL_PREFIX=/home/yeryn/final/install/unitree_legged_real
[0.053s] -- The C compiler identification is GNU 11.4.0
[0.098s] -- The CXX compiler identification is GNU 11.4.0
[0.102s] -- Detecting C compiler ABI info
[0.136s] -- Detecting C compiler ABI info - done
[0.139s] -- Check for working C compiler: /usr/bin/cc - skipped
[0.139s] -- Detecting C compile features
[0.140s] -- Detecting C compile features - done
[0.141s] -- Detecting CXX compiler ABI info
[0.184s] -- Detecting CXX compiler ABI info - done
[0.188s] -- Check for working CXX compiler: /usr/bin/c++ - skipped
[0.188s] -- Detecting CXX compile features
[0.189s] -- Detecting CXX compile features - done
[0.190s] -- Found ament_cmake: 1.3.9 (/opt/ros/humble/share/ament_cmake/cmake)
[0.268s] -- Found Python3: /usr/bin/python3 (found version "3.10.12") found components: Interpreter 
[0.325s] -- Found rclcpp: 16.0.9 (/opt/ros/humble/share/rclcpp/cmake)
[0.348s] -- Found rosidl_generator_c: 3.1.5 (/opt/ros/humble/share/rosidl_generator_c/cmake)
[0.351s] -- Found rosidl_adapter: 3.1.5 (/opt/ros/humble/share/rosidl_adapter/cmake)
[0.358s] -- Found rosidl_generator_cpp: 3.1.5 (/opt/ros/humble/share/rosidl_generator_cpp/cmake)
[0.364s] -- Using all available rosidl_typesupport_c: rosidl_typesupport_fastrtps_c;rosidl_typesupport_introspection_c
[0.376s] -- Using all available rosidl_typesupport_cpp: rosidl_typesupport_fastrtps_cpp;rosidl_typesupport_introspection_cpp
[0.415s] -- Found rmw_implementation_cmake: 6.1.2 (/opt/ros/humble/share/rmw_implementation_cmake/cmake)
[0.416s] -- Found rmw_fastrtps_cpp: 6.2.6 (/opt/ros/humble/share/rmw_fastrtps_cpp/cmake)
[0.466s] -- Found OpenSSL: /usr/lib/aarch64-linux-gnu/libcrypto.so (found version "3.0.2")  
[0.482s] -- Found FastRTPS: /opt/ros/humble/include  
[0.510s] -- Using RMW implementation 'rmw_fastrtps_cpp' as default
[0.514s] -- Looking for pthread.h
[0.560s] -- Looking for pthread.h - found
[0.560s] -- Performing Test CMAKE_HAVE_LIBC_PTHREAD
[0.593s] -- Performing Test CMAKE_HAVE_LIBC_PTHREAD - Success
[0.593s] -- Found Threads: TRUE  
[0.687s] -- Found ros2_unitree_legged_msgs: 0.4.0 (/home/yeryn/final/install/ros2_unitree_legged_msgs/share/ros2_unitree_legged_msgs/cmake)
[0.695s] -- Found sensor_msgs: 4.2.3 (/opt/ros/humble/share/sensor_msgs/cmake)
[0.772s] -- -- CMAKE_SYSTEM_PROCESSOR: aarch64
[0.809s] -- Configuring done
[0.825s] -- Generating done
[0.825s] -- Build files have been written to: /home/yeryn/final/build/unitree_legged_real
[0.831s] Invoked command in '/home/yeryn/final/build/unitree_legged_real' returned '0': AMENT_PREFIX_PATH=/home/yeryn/final/install/ros2_unitree_legged_msgs:${AMENT_PREFIX_PATH} CMAKE_PREFIX_PATH=/home/yeryn/final/install/ros2_unitree_legged_msgs:/opt/ros/humble LD_LIBRARY_PATH=/home/yeryn/final/install/ros2_unitree_legged_msgs/lib:${LD_LIBRARY_PATH} PYTHONPATH=/home/yeryn/final/install/ros2_unitree_legged_msgs/local/lib/python3.10/dist-packages:${PYTHONPATH} /usr/bin/cmake /home/yeryn/final/unitree_ros2/unitree_legged_real -DCMAKE_INSTALL_PREFIX=/home/yeryn/final/install/unitree_legged_real
[0.832s] Invoking command in '/home/yeryn/final/build/unitree_legged_real': AMENT_PREFIX_PATH=/home/yeryn/final/install/ros2_unitree_legged_msgs:${AMENT_PREFIX_PATH} CMAKE_PREFIX_PATH=/home/yeryn/final/install/ros2_unitree_legged_msgs:/opt/ros/humble LD_LIBRARY_PATH=/home/yeryn/final/install/ros2_unitree_legged_msgs/lib:${LD_LIBRARY_PATH} PYTHONPATH=/home/yeryn/final/install/ros2_unitree_legged_msgs/local/lib/python3.10/dist-packages:${PYTHONPATH} /usr/bin/cmake --build /home/yeryn/final/build/unitree_legged_real -- -j4 -l4
[0.856s] [  6%] [32mBuilding CXX object CMakeFiles/ros2_udp.dir/src/ros2_udp.cpp.o[0m
[0.858s] [ 12%] [32mBuilding CXX object CMakeFiles/jsp_high.dir/src/jsp_high.cpp.o[0m
[0.859s] [ 18%] [32mBuilding CXX object CMakeFiles/jsp_low.dir/src/jsp_low.cpp.o[0m
[0.884s] [ 25%] [32mBuilding CXX object CMakeFiles/udp_high.dir/src/udp_high.cpp.o[0m
[19.908s] [ 31%] [32m[1mLinking CXX executable jsp_high[0m
[20.101s] [ 37%] [32m[1mLinking CXX executable udp_high[0m
[20.162s] [ 37%] Built target jsp_high
[20.186s] [ 43%] [32mBuilding CXX object CMakeFiles/udp_low.dir/src/udp_low.cpp.o[0m
[20.224s] [ 43%] Built target udp_high
[20.236s] [ 50%] [32mBuilding CXX object CMakeFiles/ros2_walk_example.dir/src/ros2_walk_example.cpp.o[0m
[24.459s] [ 56%] [32m[1mLinking CXX executable ros2_udp[0m
[24.621s] [ 56%] Built target ros2_udp
[24.636s] [ 62%] [32mBuilding CXX object CMakeFiles/ros2_position_example.dir/src/ros2_position_example.cpp.o[0m
[25.507s] [ 68%] [32m[1mLinking CXX executable jsp_low[0m
[25.663s] [ 75%] [32m[1mLinking CXX executable ros2_walk_example[0m
[25.732s] [ 75%] Built target jsp_low
[25.748s] [ 81%] [32mBuilding CXX object CMakeFiles/custom_gait.dir/src/custom_gait.cpp.o[0m
[25.781s] [ 81%] Built target ros2_walk_example
[30.115s] [ 87%] [32m[1mLinking CXX executable ros2_position_example[0m
[30.238s] [ 87%] Built target ros2_position_example
[31.121s] [ 93%] [32m[1mLinking CXX executable udp_low[0m
[31.223s] [ 93%] Built target udp_low
[34.051s] [100%] [32m[1mLinking CXX executable custom_gait[0m
[34.131s] [100%] Built target custom_gait
