[0.126s] Invoking command in '/home/rs/final_auto/build/unitree_inspection_interfaces': CMAKE_PREFIX_PATH=${CMAKE_PREFIX_PATH}:/home/rs/final_auto/install/unitree_nav_launch_module:/opt/ros/humble /usr/bin/cmake --build /home/rs/final_auto/build/unitree_inspection_interfaces -- -j13 -l13
[0.415s] [  3%] Built target unitree_inspection_interfaces_msg__cpp
[0.431s] [ 12%] Built target unitree_inspection_interfaces_msg__rosidl_generator_c
[0.579s] [ 12%] Built target ament_cmake_python_copy_unitree_inspection_interfaces
[0.591s] [ 22%] Built target unitree_inspection_interfaces_msg__rosidl_typesupport_cpp
[0.623s] [ 32%] Built target unitree_inspection_interfaces_msg__rosidl_typesupport_fastrtps_cpp
[0.666s] [ 41%] Built target unitree_inspection_interfaces_msg__rosidl_typesupport_introspection_cpp
[0.740s] [ 67%] Built target unitree_inspection_interfaces_msg__rosidl_typesupport_introspection_c
[0.740s] [ 61%] Built target unitree_inspection_interfaces_msg__rosidl_typesupport_fastrtps_c
[0.740s] [ 70%] Built target unitree_inspection_interfaces_msg__rosidl_typesupport_c
[0.815s] [ 70%] Built target unitree_inspection_interfaces_msg
[0.889s] [ 74%] Built target unitree_inspection_interfaces_msg__py
[0.993s] [ 80%] Built target unitree_inspection_interfaces_msg__rosidl_generator_py
[1.131s] [ 93%] Built target unitree_inspection_interfaces__rosidl_typesupport_fastrtps_c__pyext
[1.133s] [100%] Built target unitree_inspection_interfaces__rosidl_typesupport_c__pyext
[1.135s] [100%] Built target unitree_inspection_interfaces__rosidl_typesupport_introspection_c__pyext
[1.542s] running egg_info
[1.547s] writing unitree_inspection_interfaces.egg-info/PKG-INFO
[1.549s] writing dependency_links to unitree_inspection_interfaces.egg-info/dependency_links.txt
[1.550s] writing top-level names to unitree_inspection_interfaces.egg-info/top_level.txt
[1.556s] reading manifest file 'unitree_inspection_interfaces.egg-info/SOURCES.txt'
[1.559s] writing manifest file 'unitree_inspection_interfaces.egg-info/SOURCES.txt'
[1.661s] [100%] Built target ament_cmake_python_build_unitree_inspection_interfaces_egg
[1.705s] Invoked command in '/home/rs/final_auto/build/unitree_inspection_interfaces' returned '0': CMAKE_PREFIX_PATH=${CMAKE_PREFIX_PATH}:/home/rs/final_auto/install/unitree_nav_launch_module:/opt/ros/humble /usr/bin/cmake --build /home/rs/final_auto/build/unitree_inspection_interfaces -- -j13 -l13
[2.098s] Invoking command in '/home/rs/final_auto/build/unitree_inspection_interfaces': CMAKE_PREFIX_PATH=${CMAKE_PREFIX_PATH}:/home/rs/final_auto/install/unitree_nav_launch_module:/opt/ros/humble /usr/bin/cmake --install /home/rs/final_auto/build/unitree_inspection_interfaces
[2.198s] -- Install configuration: ""
[2.199s] -- Up-to-date: /home/rs/final_auto/install/unitree_inspection_interfaces/share/ament_index/resource_index/rosidl_interfaces/unitree_inspection_interfaces
[2.199s] -- Up-to-date: /home/rs/final_auto/install/unitree_inspection_interfaces/include/unitree_inspection_interfaces/unitree_inspection_interfaces
[2.200s] -- Up-to-date: /home/rs/final_auto/install/unitree_inspection_interfaces/include/unitree_inspection_interfaces/unitree_inspection_interfaces/srv
[2.200s] -- Up-to-date: /home/rs/final_auto/install/unitree_inspection_interfaces/include/unitree_inspection_interfaces/unitree_inspection_interfaces/srv/detail
[2.200s] -- Up-to-date: /home/rs/final_auto/install/unitree_inspection_interfaces/include/unitree_inspection_interfaces/unitree_inspection_interfaces/srv/detail/go_to_inspection_point__struct.h
[2.201s] -- Up-to-date: /home/rs/final_auto/install/unitree_inspection_interfaces/include/unitree_inspection_interfaces/unitree_inspection_interfaces/srv/detail/go_to_inspection_point__functions.h
[2.201s] -- Up-to-date: /home/rs/final_auto/install/unitree_inspection_interfaces/include/unitree_inspection_interfaces/unitree_inspection_interfaces/srv/detail/go_to_inspection_point__functions.c
[2.202s] -- Up-to-date: /home/rs/final_auto/install/unitree_inspection_interfaces/include/unitree_inspection_interfaces/unitree_inspection_interfaces/srv/detail/go_to_inspection_point__type_support.h
[2.202s] -- Up-to-date: /home/rs/final_auto/install/unitree_inspection_interfaces/include/unitree_inspection_interfaces/unitree_inspection_interfaces/srv/go_to_inspection_point.h
[2.202s] -- Up-to-date: /home/rs/final_auto/install/unitree_inspection_interfaces/include/unitree_inspection_interfaces/unitree_inspection_interfaces/msg
[2.203s] -- Up-to-date: /home/rs/final_auto/install/unitree_inspection_interfaces/include/unitree_inspection_interfaces/unitree_inspection_interfaces/msg/rosidl_generator_c__visibility_control.h
[2.205s] -- Up-to-date: /home/rs/final_auto/install/unitree_inspection_interfaces/share/unitree_inspection_interfaces/environment/library_path.sh
[2.206s] -- Up-to-date: /home/rs/final_auto/install/unitree_inspection_interfaces/share/unitree_inspection_interfaces/environment/library_path.dsv
[2.207s] -- Up-to-date: /home/rs/final_auto/install/unitree_inspection_interfaces/lib/libunitree_inspection_interfaces__rosidl_generator_c.so
[2.208s] -- Up-to-date: /home/rs/final_auto/install/unitree_inspection_interfaces/include/unitree_inspection_interfaces/unitree_inspection_interfaces
[2.209s] -- Up-to-date: /home/rs/final_auto/install/unitree_inspection_interfaces/include/unitree_inspection_interfaces/unitree_inspection_interfaces/srv
[2.209s] -- Up-to-date: /home/rs/final_auto/install/unitree_inspection_interfaces/include/unitree_inspection_interfaces/unitree_inspection_interfaces/srv/detail
[2.210s] -- Up-to-date: /home/rs/final_auto/install/unitree_inspection_interfaces/include/unitree_inspection_interfaces/unitree_inspection_interfaces/srv/detail/go_to_inspection_point__rosidl_typesupport_fastrtps_c.h
[2.211s] -- Up-to-date: /home/rs/final_auto/install/unitree_inspection_interfaces/include/unitree_inspection_interfaces/unitree_inspection_interfaces/msg
[2.211s] -- Up-to-date: /home/rs/final_auto/install/unitree_inspection_interfaces/include/unitree_inspection_interfaces/unitree_inspection_interfaces/msg/rosidl_typesupport_fastrtps_c__visibility_control.h
[2.215s] -- Up-to-date: /home/rs/final_auto/install/unitree_inspection_interfaces/lib/libunitree_inspection_interfaces__rosidl_typesupport_fastrtps_c.so
[2.215s] -- Up-to-date: /home/rs/final_auto/install/unitree_inspection_interfaces/include/unitree_inspection_interfaces/unitree_inspection_interfaces
[2.216s] -- Up-to-date: /home/rs/final_auto/install/unitree_inspection_interfaces/include/unitree_inspection_interfaces/unitree_inspection_interfaces/srv
[2.216s] -- Up-to-date: /home/rs/final_auto/install/unitree_inspection_interfaces/include/unitree_inspection_interfaces/unitree_inspection_interfaces/srv/detail
[2.217s] -- Up-to-date: /home/rs/final_auto/install/unitree_inspection_interfaces/include/unitree_inspection_interfaces/unitree_inspection_interfaces/srv/detail/go_to_inspection_point__type_support.c
[2.218s] -- Up-to-date: /home/rs/final_auto/install/unitree_inspection_interfaces/include/unitree_inspection_interfaces/unitree_inspection_interfaces/srv/detail/go_to_inspection_point__rosidl_typesupport_introspection_c.h
[2.219s] -- Up-to-date: /home/rs/final_auto/install/unitree_inspection_interfaces/include/unitree_inspection_interfaces/unitree_inspection_interfaces/msg
[2.220s] -- Up-to-date: /home/rs/final_auto/install/unitree_inspection_interfaces/include/unitree_inspection_interfaces/unitree_inspection_interfaces/msg/rosidl_typesupport_introspection_c__visibility_control.h
[2.221s] -- Up-to-date: /home/rs/final_auto/install/unitree_inspection_interfaces/lib/libunitree_inspection_interfaces__rosidl_typesupport_introspection_c.so
[2.222s] -- Up-to-date: /home/rs/final_auto/install/unitree_inspection_interfaces/lib/libunitree_inspection_interfaces__rosidl_typesupport_c.so
[2.223s] -- Up-to-date: /home/rs/final_auto/install/unitree_inspection_interfaces/include/unitree_inspection_interfaces/unitree_inspection_interfaces
[2.224s] -- Up-to-date: /home/rs/final_auto/install/unitree_inspection_interfaces/include/unitree_inspection_interfaces/unitree_inspection_interfaces/srv
[2.225s] -- Up-to-date: /home/rs/final_auto/install/unitree_inspection_interfaces/include/unitree_inspection_interfaces/unitree_inspection_interfaces/srv/detail
[2.226s] -- Up-to-date: /home/rs/final_auto/install/unitree_inspection_interfaces/include/unitree_inspection_interfaces/unitree_inspection_interfaces/srv/detail/go_to_inspection_point__builder.hpp
[2.227s] -- Up-to-date: /home/rs/final_auto/install/unitree_inspection_interfaces/include/unitree_inspection_interfaces/unitree_inspection_interfaces/srv/detail/go_to_inspection_point__traits.hpp
[2.228s] -- Up-to-date: /home/rs/final_auto/install/unitree_inspection_interfaces/include/unitree_inspection_interfaces/unitree_inspection_interfaces/srv/detail/go_to_inspection_point__struct.hpp
[2.228s] -- Up-to-date: /home/rs/final_auto/install/unitree_inspection_interfaces/include/unitree_inspection_interfaces/unitree_inspection_interfaces/srv/go_to_inspection_point.hpp
[2.228s] -- Up-to-date: /home/rs/final_auto/install/unitree_inspection_interfaces/include/unitree_inspection_interfaces/unitree_inspection_interfaces
[2.229s] -- Up-to-date: /home/rs/final_auto/install/unitree_inspection_interfaces/include/unitree_inspection_interfaces/unitree_inspection_interfaces/srv
[2.229s] -- Up-to-date: /home/rs/final_auto/install/unitree_inspection_interfaces/include/unitree_inspection_interfaces/unitree_inspection_interfaces/srv/detail
[2.229s] -- Up-to-date: /home/rs/final_auto/install/unitree_inspection_interfaces/include/unitree_inspection_interfaces/unitree_inspection_interfaces/srv/detail/dds_fastrtps
[2.229s] -- Up-to-date: /home/rs/final_auto/install/unitree_inspection_interfaces/include/unitree_inspection_interfaces/unitree_inspection_interfaces/srv/detail/go_to_inspection_point__rosidl_typesupport_fastrtps_cpp.hpp
[2.231s] -- Up-to-date: /home/rs/final_auto/install/unitree_inspection_interfaces/include/unitree_inspection_interfaces/unitree_inspection_interfaces/msg
[2.231s] -- Up-to-date: /home/rs/final_auto/install/unitree_inspection_interfaces/include/unitree_inspection_interfaces/unitree_inspection_interfaces/msg/rosidl_typesupport_fastrtps_cpp__visibility_control.h
[2.231s] -- Up-to-date: /home/rs/final_auto/install/unitree_inspection_interfaces/lib/libunitree_inspection_interfaces__rosidl_typesupport_fastrtps_cpp.so
[2.232s] -- Up-to-date: /home/rs/final_auto/install/unitree_inspection_interfaces/include/unitree_inspection_interfaces/unitree_inspection_interfaces
[2.232s] -- Up-to-date: /home/rs/final_auto/install/unitree_inspection_interfaces/include/unitree_inspection_interfaces/unitree_inspection_interfaces/srv
[2.232s] -- Up-to-date: /home/rs/final_auto/install/unitree_inspection_interfaces/include/unitree_inspection_interfaces/unitree_inspection_interfaces/srv/detail
[2.233s] -- Up-to-date: /home/rs/final_auto/install/unitree_inspection_interfaces/include/unitree_inspection_interfaces/unitree_inspection_interfaces/srv/detail/go_to_inspection_point__type_support.cpp
[2.233s] -- Up-to-date: /home/rs/final_auto/install/unitree_inspection_interfaces/include/unitree_inspection_interfaces/unitree_inspection_interfaces/srv/detail/go_to_inspection_point__rosidl_typesupport_introspection_cpp.hpp
[2.248s] -- Up-to-date: /home/rs/final_auto/install/unitree_inspection_interfaces/lib/libunitree_inspection_interfaces__rosidl_typesupport_introspection_cpp.so
[2.248s] -- Up-to-date: /home/rs/final_auto/install/unitree_inspection_interfaces/lib/libunitree_inspection_interfaces__rosidl_typesupport_cpp.so
[2.249s] -- Up-to-date: /home/rs/final_auto/install/unitree_inspection_interfaces/share/unitree_inspection_interfaces/environment/pythonpath.sh
[2.250s] -- Up-to-date: /home/rs/final_auto/install/unitree_inspection_interfaces/share/unitree_inspection_interfaces/environment/pythonpath.dsv
[2.250s] -- Up-to-date: /home/rs/final_auto/install/unitree_inspection_interfaces/local/lib/python3.10/dist-packages/unitree_inspection_interfaces-0.0.0-py3.10.egg-info
[2.251s] -- Installing: /home/rs/final_auto/install/unitree_inspection_interfaces/local/lib/python3.10/dist-packages/unitree_inspection_interfaces-0.0.0-py3.10.egg-info/top_level.txt
[2.251s] -- Installing: /home/rs/final_auto/install/unitree_inspection_interfaces/local/lib/python3.10/dist-packages/unitree_inspection_interfaces-0.0.0-py3.10.egg-info/PKG-INFO
[2.254s] -- Installing: /home/rs/final_auto/install/unitree_inspection_interfaces/local/lib/python3.10/dist-packages/unitree_inspection_interfaces-0.0.0-py3.10.egg-info/dependency_links.txt
[2.254s] -- Installing: /home/rs/final_auto/install/unitree_inspection_interfaces/local/lib/python3.10/dist-packages/unitree_inspection_interfaces-0.0.0-py3.10.egg-info/SOURCES.txt
[2.255s] -- Up-to-date: /home/rs/final_auto/install/unitree_inspection_interfaces/local/lib/python3.10/dist-packages/unitree_inspection_interfaces
[2.262s] -- Up-to-date: /home/rs/final_auto/install/unitree_inspection_interfaces/local/lib/python3.10/dist-packages/unitree_inspection_interfaces/unitree_inspection_interfaces_s__rosidl_typesupport_introspection_c.cpython-310-x86_64-linux-gnu.so
[2.263s] -- Up-to-date: /home/rs/final_auto/install/unitree_inspection_interfaces/local/lib/python3.10/dist-packages/unitree_inspection_interfaces/unitree_inspection_interfaces_s__rosidl_typesupport_c.cpython-310-x86_64-linux-gnu.so
[2.264s] -- Up-to-date: /home/rs/final_auto/install/unitree_inspection_interfaces/local/lib/python3.10/dist-packages/unitree_inspection_interfaces/unitree_inspection_interfaces_s__rosidl_typesupport_fastrtps_c.cpython-310-x86_64-linux-gnu.so
[2.266s] -- Up-to-date: /home/rs/final_auto/install/unitree_inspection_interfaces/local/lib/python3.10/dist-packages/unitree_inspection_interfaces/__init__.py
[2.270s] -- Up-to-date: /home/rs/final_auto/install/unitree_inspection_interfaces/local/lib/python3.10/dist-packages/unitree_inspection_interfaces/srv
[2.270s] -- Up-to-date: /home/rs/final_auto/install/unitree_inspection_interfaces/local/lib/python3.10/dist-packages/unitree_inspection_interfaces/srv/_go_to_inspection_point.py
[2.271s] -- Up-to-date: /home/rs/final_auto/install/unitree_inspection_interfaces/local/lib/python3.10/dist-packages/unitree_inspection_interfaces/srv/__init__.py
[2.272s] -- Up-to-date: /home/rs/final_auto/install/unitree_inspection_interfaces/local/lib/python3.10/dist-packages/unitree_inspection_interfaces/srv/_go_to_inspection_point_s.c
[2.272s] -- Up-to-date: /home/rs/final_auto/install/unitree_inspection_interfaces/local/lib/python3.10/dist-packages/unitree_inspection_interfaces/_unitree_inspection_interfaces_s.ep.rosidl_typesupport_introspection_c.c
[2.274s] -- Up-to-date: /home/rs/final_auto/install/unitree_inspection_interfaces/local/lib/python3.10/dist-packages/unitree_inspection_interfaces/libunitree_inspection_interfaces_msg__rosidl_generator_py.so
[2.274s] -- Up-to-date: /home/rs/final_auto/install/unitree_inspection_interfaces/local/lib/python3.10/dist-packages/unitree_inspection_interfaces/_unitree_inspection_interfaces_s.ep.rosidl_typesupport_fastrtps_c.c
[2.274s] -- Up-to-date: /home/rs/final_auto/install/unitree_inspection_interfaces/local/lib/python3.10/dist-packages/unitree_inspection_interfaces/_unitree_inspection_interfaces_s.ep.rosidl_typesupport_c.c
[2.348s] Listing '/home/rs/final_auto/install/unitree_inspection_interfaces/local/lib/python3.10/dist-packages/unitree_inspection_interfaces'...
[2.348s] Listing '/home/rs/final_auto/install/unitree_inspection_interfaces/local/lib/python3.10/dist-packages/unitree_inspection_interfaces/srv'...
[2.366s] -- Up-to-date: /home/rs/final_auto/install/unitree_inspection_interfaces/local/lib/python3.10/dist-packages/unitree_inspection_interfaces/unitree_inspection_interfaces_s__rosidl_typesupport_fastrtps_c.cpython-310-x86_64-linux-gnu.so
[2.366s] -- Up-to-date: /home/rs/final_auto/install/unitree_inspection_interfaces/local/lib/python3.10/dist-packages/unitree_inspection_interfaces/unitree_inspection_interfaces_s__rosidl_typesupport_introspection_c.cpython-310-x86_64-linux-gnu.so
[2.366s] -- Up-to-date: /home/rs/final_auto/install/unitree_inspection_interfaces/local/lib/python3.10/dist-packages/unitree_inspection_interfaces/unitree_inspection_interfaces_s__rosidl_typesupport_c.cpython-310-x86_64-linux-gnu.so
[2.368s] -- Up-to-date: /home/rs/final_auto/install/unitree_inspection_interfaces/lib/libunitree_inspection_interfaces_msg__rosidl_generator_py.so
[2.368s] -- Up-to-date: /home/rs/final_auto/install/unitree_inspection_interfaces/share/unitree_inspection_interfaces/srv/GoToInspectionPoint.idl
[2.369s] -- Up-to-date: /home/rs/final_auto/install/unitree_inspection_interfaces/share/unitree_inspection_interfaces/srv/GoToInspectionPoint.srv
[2.369s] -- Up-to-date: /home/rs/final_auto/install/unitree_inspection_interfaces/share/unitree_inspection_interfaces/srv/GoToInspectionPoint_Request.msg
[2.369s] -- Up-to-date: /home/rs/final_auto/install/unitree_inspection_interfaces/share/unitree_inspection_interfaces/srv/GoToInspectionPoint_Response.msg
[2.370s] -- Up-to-date: /home/rs/final_auto/install/unitree_inspection_interfaces/share/ament_index/resource_index/package_run_dependencies/unitree_inspection_interfaces
[2.370s] -- Up-to-date: /home/rs/final_auto/install/unitree_inspection_interfaces/share/ament_index/resource_index/parent_prefix_path/unitree_inspection_interfaces
[2.370s] -- Up-to-date: /home/rs/final_auto/install/unitree_inspection_interfaces/share/unitree_inspection_interfaces/environment/ament_prefix_path.sh
[2.370s] -- Up-to-date: /home/rs/final_auto/install/unitree_inspection_interfaces/share/unitree_inspection_interfaces/environment/ament_prefix_path.dsv
[2.370s] -- Up-to-date: /home/rs/final_auto/install/unitree_inspection_interfaces/share/unitree_inspection_interfaces/environment/path.sh
[2.371s] -- Up-to-date: /home/rs/final_auto/install/unitree_inspection_interfaces/share/unitree_inspection_interfaces/environment/path.dsv
[2.371s] -- Up-to-date: /home/rs/final_auto/install/unitree_inspection_interfaces/share/unitree_inspection_interfaces/local_setup.bash
[2.371s] -- Up-to-date: /home/rs/final_auto/install/unitree_inspection_interfaces/share/unitree_inspection_interfaces/local_setup.sh
[2.372s] -- Up-to-date: /home/rs/final_auto/install/unitree_inspection_interfaces/share/unitree_inspection_interfaces/local_setup.zsh
[2.372s] -- Up-to-date: /home/rs/final_auto/install/unitree_inspection_interfaces/share/unitree_inspection_interfaces/local_setup.dsv
[2.372s] -- Installing: /home/rs/final_auto/install/unitree_inspection_interfaces/share/unitree_inspection_interfaces/package.dsv
[2.373s] -- Up-to-date: /home/rs/final_auto/install/unitree_inspection_interfaces/share/ament_index/resource_index/packages/unitree_inspection_interfaces
[2.373s] -- Up-to-date: /home/rs/final_auto/install/unitree_inspection_interfaces/share/unitree_inspection_interfaces/cmake/export_unitree_inspection_interfaces_msg__rosidl_generator_cExport.cmake
[2.373s] -- Up-to-date: /home/rs/final_auto/install/unitree_inspection_interfaces/share/unitree_inspection_interfaces/cmake/export_unitree_inspection_interfaces_msg__rosidl_generator_cExport-noconfig.cmake
[2.373s] -- Up-to-date: /home/rs/final_auto/install/unitree_inspection_interfaces/share/unitree_inspection_interfaces/cmake/export_unitree_inspection_interfaces_msg__rosidl_typesupport_fastrtps_cExport.cmake
[2.375s] -- Up-to-date: /home/rs/final_auto/install/unitree_inspection_interfaces/share/unitree_inspection_interfaces/cmake/export_unitree_inspection_interfaces_msg__rosidl_typesupport_fastrtps_cExport-noconfig.cmake
[2.377s] -- Up-to-date: /home/rs/final_auto/install/unitree_inspection_interfaces/share/unitree_inspection_interfaces/cmake/unitree_inspection_interfaces_msg__rosidl_typesupport_introspection_cExport.cmake
[2.378s] -- Up-to-date: /home/rs/final_auto/install/unitree_inspection_interfaces/share/unitree_inspection_interfaces/cmake/unitree_inspection_interfaces_msg__rosidl_typesupport_introspection_cExport-noconfig.cmake
[2.379s] -- Up-to-date: /home/rs/final_auto/install/unitree_inspection_interfaces/share/unitree_inspection_interfaces/cmake/unitree_inspection_interfaces_msg__rosidl_typesupport_cExport.cmake
[2.379s] -- Up-to-date: /home/rs/final_auto/install/unitree_inspection_interfaces/share/unitree_inspection_interfaces/cmake/unitree_inspection_interfaces_msg__rosidl_typesupport_cExport-noconfig.cmake
[2.380s] -- Up-to-date: /home/rs/final_auto/install/unitree_inspection_interfaces/share/unitree_inspection_interfaces/cmake/export_unitree_inspection_interfaces_msg__rosidl_generator_cppExport.cmake
[2.381s] -- Up-to-date: /home/rs/final_auto/install/unitree_inspection_interfaces/share/unitree_inspection_interfaces/cmake/export_unitree_inspection_interfaces_msg__rosidl_typesupport_fastrtps_cppExport.cmake
[2.382s] -- Up-to-date: /home/rs/final_auto/install/unitree_inspection_interfaces/share/unitree_inspection_interfaces/cmake/export_unitree_inspection_interfaces_msg__rosidl_typesupport_fastrtps_cppExport-noconfig.cmake
[2.383s] -- Up-to-date: /home/rs/final_auto/install/unitree_inspection_interfaces/share/unitree_inspection_interfaces/cmake/unitree_inspection_interfaces_msg__rosidl_typesupport_introspection_cppExport.cmake
[2.384s] -- Up-to-date: /home/rs/final_auto/install/unitree_inspection_interfaces/share/unitree_inspection_interfaces/cmake/unitree_inspection_interfaces_msg__rosidl_typesupport_introspection_cppExport-noconfig.cmake
[2.385s] -- Up-to-date: /home/rs/final_auto/install/unitree_inspection_interfaces/share/unitree_inspection_interfaces/cmake/unitree_inspection_interfaces_msg__rosidl_typesupport_cppExport.cmake
[2.389s] -- Up-to-date: /home/rs/final_auto/install/unitree_inspection_interfaces/share/unitree_inspection_interfaces/cmake/unitree_inspection_interfaces_msg__rosidl_typesupport_cppExport-noconfig.cmake
[2.389s] -- Up-to-date: /home/rs/final_auto/install/unitree_inspection_interfaces/share/unitree_inspection_interfaces/cmake/export_unitree_inspection_interfaces_msg__rosidl_generator_pyExport.cmake
[2.390s] -- Up-to-date: /home/rs/final_auto/install/unitree_inspection_interfaces/share/unitree_inspection_interfaces/cmake/export_unitree_inspection_interfaces_msg__rosidl_generator_pyExport-noconfig.cmake
[2.394s] -- Up-to-date: /home/rs/final_auto/install/unitree_inspection_interfaces/share/unitree_inspection_interfaces/cmake/ament_cmake_export_dependencies-extras.cmake
[2.395s] -- Up-to-date: /home/rs/final_auto/install/unitree_inspection_interfaces/share/unitree_inspection_interfaces/cmake/rosidl_cmake-extras.cmake
[2.396s] -- Up-to-date: /home/rs/final_auto/install/unitree_inspection_interfaces/share/unitree_inspection_interfaces/cmake/ament_cmake_export_include_directories-extras.cmake
[2.402s] -- Up-to-date: /home/rs/final_auto/install/unitree_inspection_interfaces/share/unitree_inspection_interfaces/cmake/ament_cmake_export_libraries-extras.cmake
[2.403s] -- Up-to-date: /home/rs/final_auto/install/unitree_inspection_interfaces/share/unitree_inspection_interfaces/cmake/ament_cmake_export_targets-extras.cmake
[2.407s] -- Up-to-date: /home/rs/final_auto/install/unitree_inspection_interfaces/share/unitree_inspection_interfaces/cmake/rosidl_cmake_export_typesupport_targets-extras.cmake
[2.408s] -- Up-to-date: /home/rs/final_auto/install/unitree_inspection_interfaces/share/unitree_inspection_interfaces/cmake/rosidl_cmake_export_typesupport_libraries-extras.cmake
[2.409s] -- Up-to-date: /home/rs/final_auto/install/unitree_inspection_interfaces/share/unitree_inspection_interfaces/cmake/unitree_inspection_interfacesConfig.cmake
[2.409s] -- Up-to-date: /home/rs/final_auto/install/unitree_inspection_interfaces/share/unitree_inspection_interfaces/cmake/unitree_inspection_interfacesConfig-version.cmake
[2.410s] -- Up-to-date: /home/rs/final_auto/install/unitree_inspection_interfaces/share/unitree_inspection_interfaces/package.xml
[2.450s] Invoked command in '/home/rs/final_auto/build/unitree_inspection_interfaces' returned '0': CMAKE_PREFIX_PATH=${CMAKE_PREFIX_PATH}:/home/rs/final_auto/install/unitree_nav_launch_module:/opt/ros/humble /usr/bin/cmake --install /home/rs/final_auto/build/unitree_inspection_interfaces
