[0.056s] Invoking command in '/home/rs/go1_robot/build/unitree_ocr': CMAKE_PREFIX_PATH=/home/rs/go1_robot/install/unitree_ocr_interfaces:/home/rs/go1_robot/install/unitree_inspection:/home/rs/go1_robot/install/unitree_ocr:/home/rs/go1_robot/install/unitree_nav:/home/rs/go1_robot/install/unitree_nav_interfaces:/home/rs/go1_robot/install/unitree_legged_real:/home/rs/go1_robot/install/unitree_inspection_interfaces:/home/rs/go1_robot/install/ros2_unitree_legged_msgs:/home/rs/go1_robot/install/go1_description:/home/rs/go1_robot/install/unitree_nav_launch_module:/opt/ros/humble /usr/bin/cmake --build /home/rs/go1_robot/build/unitree_ocr -- -j13 -l13
[0.197s] [35m[1mConsolidate compiler generated dependencies of target unitree_ocr[0m
[0.233s] [ 20%] [34m[1mGenerate API documentation for doxygen[0m
[0.252s] [ 60%] Built target unitree_ocr
[0.323s] [35m[1mConsolidate compiler generated dependencies of target text_detection_subscriber[0m
[0.383s] [100%] Built target text_detection_subscriber
[0.641s] Doxygen version used: 1.9.1
[0.642s] Searching for include files...
[0.643s] Searching for example files...
[0.644s] Searching for images...
[0.645s] Searching for dot files...
[0.645s] Searching for msc files...
[0.645s] Searching for dia files...
[0.646s] Searching for files to exclude
[0.646s] Searching INPUT for files to process...
[0.647s] Reading and parsing tag files
[0.647s] Parsing files
[0.647s] Preprocessing /home/rs/go1_robot/src/unitree_inspection/unitree_ocr/include/unitree_ocr/ocr.hpp...
[0.647s] Parsing file /home/rs/go1_robot/src/unitree_inspection/unitree_ocr/include/unitree_ocr/ocr.hpp...
[0.648s] Preprocessing /home/rs/go1_robot/src/unitree_inspection/unitree_ocr/src/ocr.cpp...
[0.649s] Parsing file /home/rs/go1_robot/src/unitree_inspection/unitree_ocr/src/ocr.cpp...
[0.650s] Building macro definition list...
[0.650s] Building group list...
[0.653s] Building directory list...
[0.655s] Building namespace list...
[0.655s] Building file list...
[0.656s] Building class list...
[0.656s] Computing nesting relations for classes...
[0.657s] Associating documentation with classes...
[0.658s] Building example list...
[0.658s] Searching for enumerations...
[0.660s] Searching for documented typedefs...
[0.660s] Searching for members imported via using declarations...
[0.661s] Searching for included using directives...
[0.661s] Searching for documented variables...
[0.661s] Building interface member list...
[0.661s] Building member list...
[0.662s] Searching for friends...
[0.662s] Searching for documented defines...
[0.662s] Computing class inheritance relations...
[0.662s] Computing class usage relations...
[0.662s] Flushing cached template relations that have become invalid...
[0.662s] Computing class relations...
[0.662s] Add enum values to enums...
[0.663s] Searching for member function documentation...
[0.663s] Creating members for template instances...
[0.663s] Building page list...
[0.664s] Search for main page...
[0.664s] Computing page relations...
[0.664s] Determining the scope of groups...
[0.666s] Sorting lists...
[0.667s] Determining which enums are documented
[0.667s] Computing member relations...
[0.668s] Building full member lists recursively...
[0.671s] Adding members to member groups.
[0.672s] Computing member references...
[0.673s] Inheriting documentation...
[0.673s] Generating disk names...
[0.674s] Adding source references...
[0.674s] Adding xrefitems...
[0.674s] Sorting member lists...
[0.674s] Setting anonymous enum type...
[0.675s] Computing dependencies between directories...
[0.675s] Generating citations page...
[0.675s] Counting members...
[0.676s] Counting data structures...
[0.677s] Resolving user defined references...
[0.678s] Finding anchors and sections in the documentation...
[0.678s] Transferring function references...
[0.679s] Combining using relations...
[0.679s] Adding members to index pages...
[0.679s] Correcting members for VHDL...
[0.680s] Computing tooltip texts...
[0.692s] Generating style sheet...
[0.693s] Generating search indices...
[0.706s] Generating example documentation...
[0.706s] Generating file sources...
[0.706s] Generating code for file include/unitree_ocr/ocr.hpp...
[0.709s] Generating file documentation...
[0.709s] Generating page documentation...
[0.710s] Generating group documentation...
[0.710s] Generating class documentation...
[0.710s] Generating namespace index...
[0.710s] Generating docs for compound unitree_ocr::TextDetector...
[0.716s] Generating graph info page...
[0.718s] Generating directory documentation...
[0.721s] Generating index page...
[0.722s] Generating page index...
[0.722s] Generating module index...
[0.723s] Generating namespace index...
[0.724s] Generating namespace member index...
[0.725s] Generating annotated compound index...
[0.726s] Generating alphabetical compound index...
[0.726s] Generating hierarchical class index...
[0.726s] Generating graphical class hierarchy...
[0.726s] Generating member index...
[0.732s] Generating file index...
[0.733s] Generating file member index...
[0.734s] Generating example index...
[0.734s] finalizing index lists...
[0.734s] writing tag file...
[0.734s] Running plantuml with JAVA...
[0.735s] Running dot...
[0.746s] lookup cache used 16/65536 hits=27 misses=16
[0.746s] finished...
[0.776s] [100%] Built target doxygen
[0.805s] Invoked command in '/home/rs/go1_robot/build/unitree_ocr' returned '0': CMAKE_PREFIX_PATH=/home/rs/go1_robot/install/unitree_ocr_interfaces:/home/rs/go1_robot/install/unitree_inspection:/home/rs/go1_robot/install/unitree_ocr:/home/rs/go1_robot/install/unitree_nav:/home/rs/go1_robot/install/unitree_nav_interfaces:/home/rs/go1_robot/install/unitree_legged_real:/home/rs/go1_robot/install/unitree_inspection_interfaces:/home/rs/go1_robot/install/ros2_unitree_legged_msgs:/home/rs/go1_robot/install/go1_description:/home/rs/go1_robot/install/unitree_nav_launch_module:/opt/ros/humble /usr/bin/cmake --build /home/rs/go1_robot/build/unitree_ocr -- -j13 -l13
[0.922s] Invoking command in '/home/rs/go1_robot/build/unitree_ocr': CMAKE_PREFIX_PATH=/home/rs/go1_robot/install/unitree_ocr_interfaces:/home/rs/go1_robot/install/unitree_inspection:/home/rs/go1_robot/install/unitree_ocr:/home/rs/go1_robot/install/unitree_nav:/home/rs/go1_robot/install/unitree_nav_interfaces:/home/rs/go1_robot/install/unitree_legged_real:/home/rs/go1_robot/install/unitree_inspection_interfaces:/home/rs/go1_robot/install/ros2_unitree_legged_msgs:/home/rs/go1_robot/install/go1_description:/home/rs/go1_robot/install/unitree_nav_launch_module:/opt/ros/humble /usr/bin/cmake --install /home/rs/go1_robot/build/unitree_ocr
[0.941s] -- Install configuration: ""
[0.942s] -- Execute custom install script
[0.943s] -- Up-to-date symlink: /home/rs/go1_robot/install/unitree_ocr/lib/unitree_ocr/text_detection_subscriber
[0.943s] -- Up-to-date symlink: /home/rs/go1_robot/install/unitree_ocr/include/unitree_ocr/ocr.hpp
[0.944s] -- Up-to-date symlink: /home/rs/go1_robot/install/unitree_ocr/share/unitree_ocr/launch/text_detection_subscriber.launch.py
[0.945s] -- Up-to-date symlink: /home/rs/go1_robot/install/unitree_ocr/share/unitree_ocr/models/README.md
[0.945s] -- Up-to-date symlink: /home/rs/go1_robot/install/unitree_ocr/share/ament_index/resource_index/package_run_dependencies/unitree_ocr
[0.946s] -- Up-to-date symlink: /home/rs/go1_robot/install/unitree_ocr/share/ament_index/resource_index/parent_prefix_path/unitree_ocr
[0.946s] -- Up-to-date symlink: /home/rs/go1_robot/install/unitree_ocr/share/unitree_ocr/environment/ament_prefix_path.sh
[0.947s] -- Up-to-date symlink: /home/rs/go1_robot/install/unitree_ocr/share/unitree_ocr/environment/ament_prefix_path.dsv
[0.947s] -- Up-to-date symlink: /home/rs/go1_robot/install/unitree_ocr/share/unitree_ocr/environment/path.sh
[0.948s] -- Up-to-date symlink: /home/rs/go1_robot/install/unitree_ocr/share/unitree_ocr/environment/path.dsv
[0.949s] -- Up-to-date symlink: /home/rs/go1_robot/install/unitree_ocr/share/unitree_ocr/local_setup.bash
[0.950s] -- Up-to-date symlink: /home/rs/go1_robot/install/unitree_ocr/share/unitree_ocr/local_setup.sh
[0.951s] -- Up-to-date symlink: /home/rs/go1_robot/install/unitree_ocr/share/unitree_ocr/local_setup.zsh
[0.951s] -- Up-to-date symlink: /home/rs/go1_robot/install/unitree_ocr/share/unitree_ocr/local_setup.dsv
[0.951s] -- Symlinking: /home/rs/go1_robot/install/unitree_ocr/share/unitree_ocr/package.dsv
[0.978s] -- Up-to-date symlink: /home/rs/go1_robot/install/unitree_ocr/share/ament_index/resource_index/packages/unitree_ocr
[0.979s] -- Up-to-date symlink: /home/rs/go1_robot/install/unitree_ocr/share/unitree_ocr/cmake/unitree_ocrConfig.cmake
[0.979s] -- Up-to-date symlink: /home/rs/go1_robot/install/unitree_ocr/share/unitree_ocr/cmake/unitree_ocrConfig-version.cmake
[0.980s] -- Up-to-date symlink: /home/rs/go1_robot/install/unitree_ocr/share/unitree_ocr/package.xml
[0.980s] -- Up-to-date: /home/rs/go1_robot/install/unitree_ocr/lib/libunitree_ocr.a
[0.980s] -- Up-to-date: /home/rs/go1_robot/install/unitree_ocr/lib/cmake/unitree_ocr/unitree_ocr-config.cmake
[0.981s] -- Up-to-date: /home/rs/go1_robot/install/unitree_ocr/lib/cmake/unitree_ocr/unitree_ocr-config-noconfig.cmake
[0.986s] Invoked command in '/home/rs/go1_robot/build/unitree_ocr' returned '0': CMAKE_PREFIX_PATH=/home/rs/go1_robot/install/unitree_ocr_interfaces:/home/rs/go1_robot/install/unitree_inspection:/home/rs/go1_robot/install/unitree_ocr:/home/rs/go1_robot/install/unitree_nav:/home/rs/go1_robot/install/unitree_nav_interfaces:/home/rs/go1_robot/install/unitree_legged_real:/home/rs/go1_robot/install/unitree_inspection_interfaces:/home/rs/go1_robot/install/ros2_unitree_legged_msgs:/home/rs/go1_robot/install/go1_description:/home/rs/go1_robot/install/unitree_nav_launch_module:/opt/ros/humble /usr/bin/cmake --install /home/rs/go1_robot/build/unitree_ocr
