[0.112s] Invoking command in '/home/yeryn/final/build/unitree_inspection': AMENT_PREFIX_PATH=/home/yeryn/final/install/unitree_ocr:/home/yeryn/final/install/unitree_ocr_interfaces:/home/yeryn/final/install/unitree_inspection_interfaces:${AMENT_PREFIX_PATH} CMAKE_PREFIX_PATH=/home/yeryn/final/install/unitree_ocr:/home/yeryn/final/install/unitree_ocr_interfaces:/home/yeryn/final/install/unitree_inspection_interfaces:/opt/ros/humble LD_LIBRARY_PATH=/home/yeryn/final/install/unitree_ocr_interfaces/lib:/home/yeryn/final/install/unitree_inspection_interfaces/lib:${LD_LIBRARY_PATH} PYTHONPATH=/home/yeryn/final/install/unitree_ocr_interfaces/local/lib/python3.10/dist-packages:/home/yeryn/final/install/unitree_inspection_interfaces/local/lib/python3.10/dist-packages:${PYTHONPATH} /usr/bin/cmake /home/yeryn/final/unitree_inspection/unitree_inspection -DCMAKE_INSTALL_PREFIX=/home/yeryn/final/install/unitree_inspection
[0.283s] -- The C compiler identification is GNU 11.4.0
[0.357s] -- The CXX compiler identification is GNU 11.4.0
[0.370s] -- Detecting C compiler ABI info
[0.702s] -- Detecting C compiler ABI info - done
[0.722s] -- Check for working C compiler: /usr/bin/cc - skipped
[0.724s] -- Detecting C compile features
[0.727s] -- Detecting C compile features - done
[0.742s] -- Detecting CXX compiler ABI info
[1.179s] -- Detecting CXX compiler ABI info - done
[1.198s] -- Check for working CXX compiler: /usr/bin/c++ - skipped
[1.203s] -- Detecting CXX compile features
[1.203s] -- Detecting CXX compile features - done
[1.211s] -- Found ament_cmake: 1.3.9 (/opt/ros/humble/share/ament_cmake/cmake)
[1.392s] -- Found Python3: /usr/bin/python3 (found version "3.10.12") found components: Interpreter 
[1.488s] -- Found rclcpp: 16.0.9 (/opt/ros/humble/share/rclcpp/cmake)
[1.545s] -- Found rosidl_generator_c: 3.1.5 (/opt/ros/humble/share/rosidl_generator_c/cmake)
[1.552s] -- Found rosidl_adapter: 3.1.5 (/opt/ros/humble/share/rosidl_adapter/cmake)
[1.565s] -- Found rosidl_generator_cpp: 3.1.5 (/opt/ros/humble/share/rosidl_generator_cpp/cmake)
[1.579s] -- Using all available rosidl_typesupport_c: rosidl_typesupport_fastrtps_c;rosidl_typesupport_introspection_c
[1.607s] -- Using all available rosidl_typesupport_cpp: rosidl_typesupport_fastrtps_cpp;rosidl_typesupport_introspection_cpp
[1.697s] -- Found rmw_implementation_cmake: 6.1.2 (/opt/ros/humble/share/rmw_implementation_cmake/cmake)
[1.700s] -- Found rmw_fastrtps_cpp: 6.2.6 (/opt/ros/humble/share/rmw_fastrtps_cpp/cmake)
[2.109s] -- Found OpenSSL: /usr/lib/aarch64-linux-gnu/libcrypto.so (found version "3.0.2")  
[2.191s] -- Found FastRTPS: /opt/ros/humble/include  
[2.321s] -- Using RMW implementation 'rmw_fastrtps_cpp' as default
[2.357s] -- Looking for pthread.h
[2.828s] -- Looking for pthread.h - found
[2.831s] -- Performing Test CMAKE_HAVE_LIBC_PTHREAD
[3.317s] -- Performing Test CMAKE_HAVE_LIBC_PTHREAD - Success
[3.327s] -- Found Threads: TRUE  
[3.852s] -- Found rclcpp_action: 16.0.9 (/opt/ros/humble/share/rclcpp_action/cmake)
[4.142s] -- Found std_srvs: 4.2.3 (/opt/ros/humble/share/std_srvs/cmake)
[4.188s] -- Found geometry_msgs: 4.2.3 (/opt/ros/humble/share/geometry_msgs/cmake)
[4.334s] -- Found tf2: 0.25.6 (/opt/ros/humble/share/tf2/cmake)
[4.378s] -- Found tf2_geometry_msgs: 0.25.6 (/opt/ros/humble/share/tf2_geometry_msgs/cmake)
[4.423s] -- Found eigen3_cmake_module: 0.1.1 (/opt/ros/humble/share/eigen3_cmake_module/cmake)
[4.425s] -- Found Eigen3: TRUE (found version "3.4.0") 
[4.425s] -- Ensuring Eigen3 include directory is part of orocos-kdl CMake target
[5.227s] -- Found nav2_msgs: 1.1.14 (/opt/ros/humble/share/nav2_msgs/cmake)
[5.815s] [31mCMake Error at CMakeLists.txt:17 (find_package):
[5.815s]   By not providing "Findunitree_nav_interfaces.cmake" in CMAKE_MODULE_PATH
[5.815s]   this project has asked CMake to find a package configuration file provided
[5.815s]   by "unitree_nav_interfaces", but CMake did not find one.
[5.815s] 
[5.815s]   Could not find a package configuration file provided by
[5.815s]   "unitree_nav_interfaces" with any of the following names:
[5.816s] 
[5.816s]     unitree_nav_interfacesConfig.cmake
[5.816s]     unitree_nav_interfaces-config.cmake
[5.816s] 
[5.816s]   Add the installation prefix of "unitree_nav_interfaces" to
[5.816s]   CMAKE_PREFIX_PATH or set "unitree_nav_interfaces_DIR" to a directory
[5.816s]   containing one of the above files.  If "unitree_nav_interfaces" provides a
[5.816s]   separate development package or SDK, be sure it has been installed.
[5.816s] 
[5.816s] [0m
[5.816s] -- Configuring incomplete, errors occurred!
[5.816s] See also "/home/yeryn/final/build/unitree_inspection/CMakeFiles/CMakeOutput.log".
[5.892s] Invoked command in '/home/yeryn/final/build/unitree_inspection' returned '1': AMENT_PREFIX_PATH=/home/yeryn/final/install/unitree_ocr:/home/yeryn/final/install/unitree_ocr_interfaces:/home/yeryn/final/install/unitree_inspection_interfaces:${AMENT_PREFIX_PATH} CMAKE_PREFIX_PATH=/home/yeryn/final/install/unitree_ocr:/home/yeryn/final/install/unitree_ocr_interfaces:/home/yeryn/final/install/unitree_inspection_interfaces:/opt/ros/humble LD_LIBRARY_PATH=/home/yeryn/final/install/unitree_ocr_interfaces/lib:/home/yeryn/final/install/unitree_inspection_interfaces/lib:${LD_LIBRARY_PATH} PYTHONPATH=/home/yeryn/final/install/unitree_ocr_interfaces/local/lib/python3.10/dist-packages:/home/yeryn/final/install/unitree_inspection_interfaces/local/lib/python3.10/dist-packages:${PYTHONPATH} /usr/bin/cmake /home/yeryn/final/unitree_inspection/unitree_inspection -DCMAKE_INSTALL_PREFIX=/home/yeryn/final/install/unitree_inspection
