[0.078s] Invoking command in '/home/rs/go1_robot/build/unitree_nav_interfaces': /usr/bin/cmake --build /home/rs/go1_robot/build/unitree_nav_interfaces -- -j13 -l13
[0.284s] [ 10%] Built target unitree_nav_interfaces_srv__rosidl_generator_c
[0.292s] [ 12%] Built target unitree_nav_interfaces_srv__cpp
[0.308s] [ 12%] Built target ament_cmake_python_copy_unitree_nav_interfaces
[0.431s] [ 23%] Built target unitree_nav_interfaces_srv__rosidl_typesupport_introspection_c
[0.453s] [ 38%] Built target unitree_nav_interfaces_srv__rosidl_typesupport_introspection_cpp
[0.453s] [ 44%] Built target unitree_nav_interfaces_srv__rosidl_typesupport_c
[0.481s] [ 55%] Built target unitree_nav_interfaces_srv__rosidl_typesupport_fastrtps_c
[0.528s] [ 65%] Built target unitree_nav_interfaces_srv__rosidl_typesupport_cpp
[0.551s] [ 76%] Built target unitree_nav_interfaces_srv__rosidl_typesupport_fastrtps_cpp
[0.683s] [ 76%] Built target unitree_nav_interfaces_srv
[0.750s] [ 78%] Built target unitree_nav_interfaces_srv__py
[0.832s] [ 87%] Built target unitree_nav_interfaces_srv__rosidl_generator_py
[0.928s] [ 91%] Built target unitree_nav_interfaces__rosidl_typesupport_c__pyext
[0.933s] [ 95%] Built target unitree_nav_interfaces__rosidl_typesupport_introspection_c__pyext
[0.955s] [100%] Built target unitree_nav_interfaces__rosidl_typesupport_fastrtps_c__pyext
[1.155s] running egg_info
[1.157s] writing unitree_nav_interfaces.egg-info/PKG-INFO
[1.161s] writing dependency_links to unitree_nav_interfaces.egg-info/dependency_links.txt
[1.162s] writing top-level names to unitree_nav_interfaces.egg-info/top_level.txt
[1.172s] reading manifest file 'unitree_nav_interfaces.egg-info/SOURCES.txt'
[1.175s] writing manifest file 'unitree_nav_interfaces.egg-info/SOURCES.txt'
[1.265s] [100%] Built target ament_cmake_python_build_unitree_nav_interfaces_egg
[1.340s] Invoked command in '/home/rs/go1_robot/build/unitree_nav_interfaces' returned '0': /usr/bin/cmake --build /home/rs/go1_robot/build/unitree_nav_interfaces -- -j13 -l13
[2.037s] Invoking command in '/home/rs/go1_robot/build/unitree_nav_interfaces': /usr/bin/cmake --install /home/rs/go1_robot/build/unitree_nav_interfaces
[2.040s] -- Install configuration: ""
[2.041s] -- Up-to-date: /home/rs/go1_robot/install/unitree_nav_interfaces/share/ament_index/resource_index/rosidl_interfaces/unitree_nav_interfaces
[2.043s] -- Up-to-date: /home/rs/go1_robot/install/unitree_nav_interfaces/include/unitree_nav_interfaces/unitree_nav_interfaces
[2.044s] -- Up-to-date: /home/rs/go1_robot/install/unitree_nav_interfaces/include/unitree_nav_interfaces/unitree_nav_interfaces/srv
[2.044s] -- Up-to-date: /home/rs/go1_robot/install/unitree_nav_interfaces/include/unitree_nav_interfaces/unitree_nav_interfaces/srv/detail
[2.045s] -- Up-to-date: /home/rs/go1_robot/install/unitree_nav_interfaces/include/unitree_nav_interfaces/unitree_nav_interfaces/srv/detail/nav_to_pose__functions.h
[2.046s] -- Up-to-date: /home/rs/go1_robot/install/unitree_nav_interfaces/include/unitree_nav_interfaces/unitree_nav_interfaces/srv/detail/set_body_rpy__struct.h
[2.047s] -- Up-to-date: /home/rs/go1_robot/install/unitree_nav_interfaces/include/unitree_nav_interfaces/unitree_nav_interfaces/srv/detail/set_body_rpy__type_support.h
[2.048s] -- Up-to-date: /home/rs/go1_robot/install/unitree_nav_interfaces/include/unitree_nav_interfaces/unitree_nav_interfaces/srv/detail/nav_to_pose__type_support.h
[2.048s] -- Up-to-date: /home/rs/go1_robot/install/unitree_nav_interfaces/include/unitree_nav_interfaces/unitree_nav_interfaces/srv/detail/set_body_rpy__functions.h
[2.049s] -- Up-to-date: /home/rs/go1_robot/install/unitree_nav_interfaces/include/unitree_nav_interfaces/unitree_nav_interfaces/srv/detail/set_gait__struct.h
[2.049s] -- Up-to-date: /home/rs/go1_robot/install/unitree_nav_interfaces/include/unitree_nav_interfaces/unitree_nav_interfaces/srv/detail/nav_to_pose__functions.c
[2.050s] -- Up-to-date: /home/rs/go1_robot/install/unitree_nav_interfaces/include/unitree_nav_interfaces/unitree_nav_interfaces/srv/detail/set_gait__functions.h
[2.050s] -- Up-to-date: /home/rs/go1_robot/install/unitree_nav_interfaces/include/unitree_nav_interfaces/unitree_nav_interfaces/srv/detail/nav_to_pose__struct.h
[2.051s] -- Up-to-date: /home/rs/go1_robot/install/unitree_nav_interfaces/include/unitree_nav_interfaces/unitree_nav_interfaces/srv/detail/set_gait__functions.c
[2.052s] -- Up-to-date: /home/rs/go1_robot/install/unitree_nav_interfaces/include/unitree_nav_interfaces/unitree_nav_interfaces/srv/detail/set_gait__type_support.h
[2.053s] -- Up-to-date: /home/rs/go1_robot/install/unitree_nav_interfaces/include/unitree_nav_interfaces/unitree_nav_interfaces/srv/detail/set_body_rpy__functions.c
[2.053s] -- Up-to-date: /home/rs/go1_robot/install/unitree_nav_interfaces/include/unitree_nav_interfaces/unitree_nav_interfaces/srv/nav_to_pose.h
[2.054s] -- Up-to-date: /home/rs/go1_robot/install/unitree_nav_interfaces/include/unitree_nav_interfaces/unitree_nav_interfaces/srv/set_gait.h
[2.055s] -- Up-to-date: /home/rs/go1_robot/install/unitree_nav_interfaces/include/unitree_nav_interfaces/unitree_nav_interfaces/srv/set_body_rpy.h
[2.056s] -- Up-to-date: /home/rs/go1_robot/install/unitree_nav_interfaces/include/unitree_nav_interfaces/unitree_nav_interfaces/msg
[2.056s] -- Up-to-date: /home/rs/go1_robot/install/unitree_nav_interfaces/include/unitree_nav_interfaces/unitree_nav_interfaces/msg/rosidl_generator_c__visibility_control.h
[2.057s] -- Up-to-date: /home/rs/go1_robot/install/unitree_nav_interfaces/share/unitree_nav_interfaces/environment/library_path.sh
[2.057s] -- Up-to-date: /home/rs/go1_robot/install/unitree_nav_interfaces/share/unitree_nav_interfaces/environment/library_path.dsv
[2.058s] -- Up-to-date: /home/rs/go1_robot/install/unitree_nav_interfaces/lib/libunitree_nav_interfaces__rosidl_generator_c.so
[2.059s] -- Up-to-date: /home/rs/go1_robot/install/unitree_nav_interfaces/include/unitree_nav_interfaces/unitree_nav_interfaces
[2.059s] -- Up-to-date: /home/rs/go1_robot/install/unitree_nav_interfaces/include/unitree_nav_interfaces/unitree_nav_interfaces/srv
[2.060s] -- Up-to-date: /home/rs/go1_robot/install/unitree_nav_interfaces/include/unitree_nav_interfaces/unitree_nav_interfaces/srv/detail
[2.060s] -- Up-to-date: /home/rs/go1_robot/install/unitree_nav_interfaces/include/unitree_nav_interfaces/unitree_nav_interfaces/srv/detail/nav_to_pose__rosidl_typesupport_fastrtps_c.h
[2.061s] -- Up-to-date: /home/rs/go1_robot/install/unitree_nav_interfaces/include/unitree_nav_interfaces/unitree_nav_interfaces/srv/detail/set_body_rpy__rosidl_typesupport_fastrtps_c.h
[2.062s] -- Up-to-date: /home/rs/go1_robot/install/unitree_nav_interfaces/include/unitree_nav_interfaces/unitree_nav_interfaces/srv/detail/set_gait__rosidl_typesupport_fastrtps_c.h
[2.062s] -- Up-to-date: /home/rs/go1_robot/install/unitree_nav_interfaces/include/unitree_nav_interfaces/unitree_nav_interfaces/msg
[2.063s] -- Up-to-date: /home/rs/go1_robot/install/unitree_nav_interfaces/include/unitree_nav_interfaces/unitree_nav_interfaces/msg/rosidl_typesupport_fastrtps_c__visibility_control.h
[2.063s] -- Up-to-date: /home/rs/go1_robot/install/unitree_nav_interfaces/lib/libunitree_nav_interfaces__rosidl_typesupport_fastrtps_c.so
[2.065s] -- Up-to-date: /home/rs/go1_robot/install/unitree_nav_interfaces/include/unitree_nav_interfaces/unitree_nav_interfaces
[2.065s] -- Up-to-date: /home/rs/go1_robot/install/unitree_nav_interfaces/include/unitree_nav_interfaces/unitree_nav_interfaces/srv
[2.066s] -- Up-to-date: /home/rs/go1_robot/install/unitree_nav_interfaces/include/unitree_nav_interfaces/unitree_nav_interfaces/srv/set_gait.hpp
[2.066s] -- Up-to-date: /home/rs/go1_robot/install/unitree_nav_interfaces/include/unitree_nav_interfaces/unitree_nav_interfaces/srv/detail
[2.067s] -- Up-to-date: /home/rs/go1_robot/install/unitree_nav_interfaces/include/unitree_nav_interfaces/unitree_nav_interfaces/srv/detail/set_gait__struct.hpp
[2.068s] -- Up-to-date: /home/rs/go1_robot/install/unitree_nav_interfaces/include/unitree_nav_interfaces/unitree_nav_interfaces/srv/detail/set_gait__builder.hpp
[2.068s] -- Up-to-date: /home/rs/go1_robot/install/unitree_nav_interfaces/include/unitree_nav_interfaces/unitree_nav_interfaces/srv/detail/nav_to_pose__builder.hpp
[2.069s] -- Up-to-date: /home/rs/go1_robot/install/unitree_nav_interfaces/include/unitree_nav_interfaces/unitree_nav_interfaces/srv/detail/nav_to_pose__struct.hpp
[2.069s] -- Up-to-date: /home/rs/go1_robot/install/unitree_nav_interfaces/include/unitree_nav_interfaces/unitree_nav_interfaces/srv/detail/set_gait__traits.hpp
[2.070s] -- Up-to-date: /home/rs/go1_robot/install/unitree_nav_interfaces/include/unitree_nav_interfaces/unitree_nav_interfaces/srv/detail/set_body_rpy__traits.hpp
[2.071s] -- Up-to-date: /home/rs/go1_robot/install/unitree_nav_interfaces/include/unitree_nav_interfaces/unitree_nav_interfaces/srv/detail/nav_to_pose__traits.hpp
[2.071s] -- Up-to-date: /home/rs/go1_robot/install/unitree_nav_interfaces/include/unitree_nav_interfaces/unitree_nav_interfaces/srv/detail/set_body_rpy__struct.hpp
[2.072s] -- Up-to-date: /home/rs/go1_robot/install/unitree_nav_interfaces/include/unitree_nav_interfaces/unitree_nav_interfaces/srv/detail/set_body_rpy__builder.hpp
[2.073s] -- Up-to-date: /home/rs/go1_robot/install/unitree_nav_interfaces/include/unitree_nav_interfaces/unitree_nav_interfaces/srv/nav_to_pose.hpp
[2.073s] -- Up-to-date: /home/rs/go1_robot/install/unitree_nav_interfaces/include/unitree_nav_interfaces/unitree_nav_interfaces/srv/set_body_rpy.hpp
[2.075s] -- Up-to-date: /home/rs/go1_robot/install/unitree_nav_interfaces/include/unitree_nav_interfaces/unitree_nav_interfaces
[2.076s] -- Up-to-date: /home/rs/go1_robot/install/unitree_nav_interfaces/include/unitree_nav_interfaces/unitree_nav_interfaces/srv
[2.077s] -- Up-to-date: /home/rs/go1_robot/install/unitree_nav_interfaces/include/unitree_nav_interfaces/unitree_nav_interfaces/srv/detail
[2.082s] -- Up-to-date: /home/rs/go1_robot/install/unitree_nav_interfaces/include/unitree_nav_interfaces/unitree_nav_interfaces/srv/detail/set_gait__rosidl_typesupport_fastrtps_cpp.hpp
[2.082s] -- Up-to-date: /home/rs/go1_robot/install/unitree_nav_interfaces/include/unitree_nav_interfaces/unitree_nav_interfaces/srv/detail/dds_fastrtps
[2.083s] -- Up-to-date: /home/rs/go1_robot/install/unitree_nav_interfaces/include/unitree_nav_interfaces/unitree_nav_interfaces/srv/detail/set_body_rpy__rosidl_typesupport_fastrtps_cpp.hpp
[2.084s] -- Up-to-date: /home/rs/go1_robot/install/unitree_nav_interfaces/include/unitree_nav_interfaces/unitree_nav_interfaces/srv/detail/nav_to_pose__rosidl_typesupport_fastrtps_cpp.hpp
[2.085s] -- Up-to-date: /home/rs/go1_robot/install/unitree_nav_interfaces/include/unitree_nav_interfaces/unitree_nav_interfaces/msg
[2.086s] -- Up-to-date: /home/rs/go1_robot/install/unitree_nav_interfaces/include/unitree_nav_interfaces/unitree_nav_interfaces/msg/rosidl_typesupport_fastrtps_cpp__visibility_control.h
[2.087s] -- Up-to-date: /home/rs/go1_robot/install/unitree_nav_interfaces/lib/libunitree_nav_interfaces__rosidl_typesupport_fastrtps_cpp.so
[2.088s] -- Up-to-date: /home/rs/go1_robot/install/unitree_nav_interfaces/include/unitree_nav_interfaces/unitree_nav_interfaces
[2.088s] -- Up-to-date: /home/rs/go1_robot/install/unitree_nav_interfaces/include/unitree_nav_interfaces/unitree_nav_interfaces/srv
[2.088s] -- Up-to-date: /home/rs/go1_robot/install/unitree_nav_interfaces/include/unitree_nav_interfaces/unitree_nav_interfaces/srv/detail
[2.088s] -- Up-to-date: /home/rs/go1_robot/install/unitree_nav_interfaces/include/unitree_nav_interfaces/unitree_nav_interfaces/srv/detail/set_body_rpy__type_support.c
[2.089s] -- Up-to-date: /home/rs/go1_robot/install/unitree_nav_interfaces/include/unitree_nav_interfaces/unitree_nav_interfaces/srv/detail/nav_to_pose__type_support.c
[2.089s] -- Up-to-date: /home/rs/go1_robot/install/unitree_nav_interfaces/include/unitree_nav_interfaces/unitree_nav_interfaces/srv/detail/set_gait__rosidl_typesupport_introspection_c.h
[2.089s] -- Up-to-date: /home/rs/go1_robot/install/unitree_nav_interfaces/include/unitree_nav_interfaces/unitree_nav_interfaces/srv/detail/set_body_rpy__rosidl_typesupport_introspection_c.h
[2.089s] -- Up-to-date: /home/rs/go1_robot/install/unitree_nav_interfaces/include/unitree_nav_interfaces/unitree_nav_interfaces/srv/detail/set_gait__type_support.c
[2.089s] -- Up-to-date: /home/rs/go1_robot/install/unitree_nav_interfaces/include/unitree_nav_interfaces/unitree_nav_interfaces/srv/detail/nav_to_pose__rosidl_typesupport_introspection_c.h
[2.090s] -- Up-to-date: /home/rs/go1_robot/install/unitree_nav_interfaces/include/unitree_nav_interfaces/unitree_nav_interfaces/msg
[2.090s] -- Up-to-date: /home/rs/go1_robot/install/unitree_nav_interfaces/include/unitree_nav_interfaces/unitree_nav_interfaces/msg/rosidl_typesupport_introspection_c__visibility_control.h
[2.090s] -- Up-to-date: /home/rs/go1_robot/install/unitree_nav_interfaces/lib/libunitree_nav_interfaces__rosidl_typesupport_introspection_c.so
[2.090s] -- Up-to-date: /home/rs/go1_robot/install/unitree_nav_interfaces/lib/libunitree_nav_interfaces__rosidl_typesupport_c.so
[2.090s] -- Up-to-date: /home/rs/go1_robot/install/unitree_nav_interfaces/include/unitree_nav_interfaces/unitree_nav_interfaces
[2.090s] -- Up-to-date: /home/rs/go1_robot/install/unitree_nav_interfaces/include/unitree_nav_interfaces/unitree_nav_interfaces/srv
[2.090s] -- Up-to-date: /home/rs/go1_robot/install/unitree_nav_interfaces/include/unitree_nav_interfaces/unitree_nav_interfaces/srv/detail
[2.091s] -- Up-to-date: /home/rs/go1_robot/install/unitree_nav_interfaces/include/unitree_nav_interfaces/unitree_nav_interfaces/srv/detail/nav_to_pose__type_support.cpp
[2.091s] -- Up-to-date: /home/rs/go1_robot/install/unitree_nav_interfaces/include/unitree_nav_interfaces/unitree_nav_interfaces/srv/detail/nav_to_pose__rosidl_typesupport_introspection_cpp.hpp
[2.091s] -- Up-to-date: /home/rs/go1_robot/install/unitree_nav_interfaces/include/unitree_nav_interfaces/unitree_nav_interfaces/srv/detail/set_body_rpy__type_support.cpp
[2.091s] -- Up-to-date: /home/rs/go1_robot/install/unitree_nav_interfaces/include/unitree_nav_interfaces/unitree_nav_interfaces/srv/detail/set_gait__type_support.cpp
[2.091s] -- Up-to-date: /home/rs/go1_robot/install/unitree_nav_interfaces/include/unitree_nav_interfaces/unitree_nav_interfaces/srv/detail/set_body_rpy__rosidl_typesupport_introspection_cpp.hpp
[2.091s] -- Up-to-date: /home/rs/go1_robot/install/unitree_nav_interfaces/include/unitree_nav_interfaces/unitree_nav_interfaces/srv/detail/set_gait__rosidl_typesupport_introspection_cpp.hpp
[2.091s] -- Up-to-date: /home/rs/go1_robot/install/unitree_nav_interfaces/lib/libunitree_nav_interfaces__rosidl_typesupport_introspection_cpp.so
[2.092s] -- Up-to-date: /home/rs/go1_robot/install/unitree_nav_interfaces/lib/libunitree_nav_interfaces__rosidl_typesupport_cpp.so
[2.093s] -- Up-to-date: /home/rs/go1_robot/install/unitree_nav_interfaces/share/unitree_nav_interfaces/environment/pythonpath.sh
[2.095s] -- Up-to-date: /home/rs/go1_robot/install/unitree_nav_interfaces/share/unitree_nav_interfaces/environment/pythonpath.dsv
[2.095s] -- Up-to-date: /home/rs/go1_robot/install/unitree_nav_interfaces/local/lib/python3.10/dist-packages/unitree_nav_interfaces-0.0.0-py3.10.egg-info
[2.096s] -- Installing: /home/rs/go1_robot/install/unitree_nav_interfaces/local/lib/python3.10/dist-packages/unitree_nav_interfaces-0.0.0-py3.10.egg-info/top_level.txt
[2.096s] -- Installing: /home/rs/go1_robot/install/unitree_nav_interfaces/local/lib/python3.10/dist-packages/unitree_nav_interfaces-0.0.0-py3.10.egg-info/PKG-INFO
[2.097s] -- Installing: /home/rs/go1_robot/install/unitree_nav_interfaces/local/lib/python3.10/dist-packages/unitree_nav_interfaces-0.0.0-py3.10.egg-info/dependency_links.txt
[2.098s] -- Installing: /home/rs/go1_robot/install/unitree_nav_interfaces/local/lib/python3.10/dist-packages/unitree_nav_interfaces-0.0.0-py3.10.egg-info/SOURCES.txt
[2.099s] -- Up-to-date: /home/rs/go1_robot/install/unitree_nav_interfaces/local/lib/python3.10/dist-packages/unitree_nav_interfaces
[2.100s] -- Up-to-date: /home/rs/go1_robot/install/unitree_nav_interfaces/local/lib/python3.10/dist-packages/unitree_nav_interfaces/libunitree_nav_interfaces_srv__rosidl_generator_py.so
[2.101s] -- Up-to-date: /home/rs/go1_robot/install/unitree_nav_interfaces/local/lib/python3.10/dist-packages/unitree_nav_interfaces/_unitree_nav_interfaces_s.ep.rosidl_typesupport_introspection_c.c
[2.102s] -- Up-to-date: /home/rs/go1_robot/install/unitree_nav_interfaces/local/lib/python3.10/dist-packages/unitree_nav_interfaces/unitree_nav_interfaces_s__rosidl_typesupport_introspection_c.cpython-310-x86_64-linux-gnu.so
[2.103s] -- Up-to-date: /home/rs/go1_robot/install/unitree_nav_interfaces/local/lib/python3.10/dist-packages/unitree_nav_interfaces/__init__.py
[2.104s] -- Up-to-date: /home/rs/go1_robot/install/unitree_nav_interfaces/local/lib/python3.10/dist-packages/unitree_nav_interfaces/srv
[2.105s] -- Up-to-date: /home/rs/go1_robot/install/unitree_nav_interfaces/local/lib/python3.10/dist-packages/unitree_nav_interfaces/srv/_set_body_rpy.py
[2.107s] -- Up-to-date: /home/rs/go1_robot/install/unitree_nav_interfaces/local/lib/python3.10/dist-packages/unitree_nav_interfaces/srv/__init__.py
[2.107s] -- Up-to-date: /home/rs/go1_robot/install/unitree_nav_interfaces/local/lib/python3.10/dist-packages/unitree_nav_interfaces/srv/_set_body_rpy_s.c
[2.109s] -- Up-to-date: /home/rs/go1_robot/install/unitree_nav_interfaces/local/lib/python3.10/dist-packages/unitree_nav_interfaces/srv/_set_gait_s.c
[2.109s] -- Up-to-date: /home/rs/go1_robot/install/unitree_nav_interfaces/local/lib/python3.10/dist-packages/unitree_nav_interfaces/srv/_nav_to_pose_s.c
[2.110s] -- Up-to-date: /home/rs/go1_robot/install/unitree_nav_interfaces/local/lib/python3.10/dist-packages/unitree_nav_interfaces/srv/_set_gait.py
[2.113s] -- Up-to-date: /home/rs/go1_robot/install/unitree_nav_interfaces/local/lib/python3.10/dist-packages/unitree_nav_interfaces/srv/_nav_to_pose.py
[2.113s] -- Up-to-date: /home/rs/go1_robot/install/unitree_nav_interfaces/local/lib/python3.10/dist-packages/unitree_nav_interfaces/_unitree_nav_interfaces_s.ep.rosidl_typesupport_fastrtps_c.c
[2.115s] -- Up-to-date: /home/rs/go1_robot/install/unitree_nav_interfaces/local/lib/python3.10/dist-packages/unitree_nav_interfaces/unitree_nav_interfaces_s__rosidl_typesupport_c.cpython-310-x86_64-linux-gnu.so
[2.116s] -- Up-to-date: /home/rs/go1_robot/install/unitree_nav_interfaces/local/lib/python3.10/dist-packages/unitree_nav_interfaces/unitree_nav_interfaces_s__rosidl_typesupport_fastrtps_c.cpython-310-x86_64-linux-gnu.so
[2.116s] -- Up-to-date: /home/rs/go1_robot/install/unitree_nav_interfaces/local/lib/python3.10/dist-packages/unitree_nav_interfaces/_unitree_nav_interfaces_s.ep.rosidl_typesupport_c.c
[2.167s] Listing '/home/rs/go1_robot/install/unitree_nav_interfaces/local/lib/python3.10/dist-packages/unitree_nav_interfaces'...
[2.169s] Listing '/home/rs/go1_robot/install/unitree_nav_interfaces/local/lib/python3.10/dist-packages/unitree_nav_interfaces/srv'...
[2.169s] -- Up-to-date: /home/rs/go1_robot/install/unitree_nav_interfaces/local/lib/python3.10/dist-packages/unitree_nav_interfaces/unitree_nav_interfaces_s__rosidl_typesupport_fastrtps_c.cpython-310-x86_64-linux-gnu.so
[2.170s] -- Up-to-date: /home/rs/go1_robot/install/unitree_nav_interfaces/local/lib/python3.10/dist-packages/unitree_nav_interfaces/unitree_nav_interfaces_s__rosidl_typesupport_introspection_c.cpython-310-x86_64-linux-gnu.so
[2.170s] -- Up-to-date: /home/rs/go1_robot/install/unitree_nav_interfaces/local/lib/python3.10/dist-packages/unitree_nav_interfaces/unitree_nav_interfaces_s__rosidl_typesupport_c.cpython-310-x86_64-linux-gnu.so
[2.170s] -- Up-to-date: /home/rs/go1_robot/install/unitree_nav_interfaces/lib/libunitree_nav_interfaces_srv__rosidl_generator_py.so
[2.173s] -- Up-to-date: /home/rs/go1_robot/install/unitree_nav_interfaces/share/unitree_nav_interfaces/srv/SetBodyRPY.idl
[2.173s] -- Up-to-date: /home/rs/go1_robot/install/unitree_nav_interfaces/share/unitree_nav_interfaces/srv/NavToPose.idl
[2.173s] -- Up-to-date: /home/rs/go1_robot/install/unitree_nav_interfaces/share/unitree_nav_interfaces/srv/SetGait.idl
[2.174s] -- Up-to-date: /home/rs/go1_robot/install/unitree_nav_interfaces/share/unitree_nav_interfaces/srv/SetBodyRPY.srv
[2.174s] -- Up-to-date: /home/rs/go1_robot/install/unitree_nav_interfaces/share/unitree_nav_interfaces/srv/SetBodyRPY_Request.msg
[2.178s] -- Up-to-date: /home/rs/go1_robot/install/unitree_nav_interfaces/share/unitree_nav_interfaces/srv/SetBodyRPY_Response.msg
[2.184s] -- Up-to-date: /home/rs/go1_robot/install/unitree_nav_interfaces/share/unitree_nav_interfaces/srv/NavToPose.srv
[2.189s] -- Up-to-date: /home/rs/go1_robot/install/unitree_nav_interfaces/share/unitree_nav_interfaces/srv/NavToPose_Request.msg
[2.189s] -- Up-to-date: /home/rs/go1_robot/install/unitree_nav_interfaces/share/unitree_nav_interfaces/srv/NavToPose_Response.msg
[2.190s] -- Up-to-date: /home/rs/go1_robot/install/unitree_nav_interfaces/share/unitree_nav_interfaces/srv/SetGait.srv
[2.195s] -- Up-to-date: /home/rs/go1_robot/install/unitree_nav_interfaces/share/unitree_nav_interfaces/srv/SetGait_Request.msg
[2.196s] -- Up-to-date: /home/rs/go1_robot/install/unitree_nav_interfaces/share/unitree_nav_interfaces/srv/SetGait_Response.msg
[2.197s] -- Up-to-date: /home/rs/go1_robot/install/unitree_nav_interfaces/share/ament_index/resource_index/package_run_dependencies/unitree_nav_interfaces
[2.203s] -- Up-to-date: /home/rs/go1_robot/install/unitree_nav_interfaces/share/ament_index/resource_index/parent_prefix_path/unitree_nav_interfaces
[2.212s] -- Up-to-date: /home/rs/go1_robot/install/unitree_nav_interfaces/share/unitree_nav_interfaces/environment/ament_prefix_path.sh
[2.214s] -- Up-to-date: /home/rs/go1_robot/install/unitree_nav_interfaces/share/unitree_nav_interfaces/environment/ament_prefix_path.dsv
[2.215s] -- Up-to-date: /home/rs/go1_robot/install/unitree_nav_interfaces/share/unitree_nav_interfaces/environment/path.sh
[2.215s] -- Up-to-date: /home/rs/go1_robot/install/unitree_nav_interfaces/share/unitree_nav_interfaces/environment/path.dsv
[2.220s] -- Up-to-date: /home/rs/go1_robot/install/unitree_nav_interfaces/share/unitree_nav_interfaces/local_setup.bash
[2.224s] -- Up-to-date: /home/rs/go1_robot/install/unitree_nav_interfaces/share/unitree_nav_interfaces/local_setup.sh
[2.225s] -- Up-to-date: /home/rs/go1_robot/install/unitree_nav_interfaces/share/unitree_nav_interfaces/local_setup.zsh
[2.225s] -- Up-to-date: /home/rs/go1_robot/install/unitree_nav_interfaces/share/unitree_nav_interfaces/local_setup.dsv
[2.226s] -- Installing: /home/rs/go1_robot/install/unitree_nav_interfaces/share/unitree_nav_interfaces/package.dsv
[2.227s] -- Up-to-date: /home/rs/go1_robot/install/unitree_nav_interfaces/share/ament_index/resource_index/packages/unitree_nav_interfaces
[2.229s] -- Up-to-date: /home/rs/go1_robot/install/unitree_nav_interfaces/share/unitree_nav_interfaces/cmake/export_unitree_nav_interfaces_srv__rosidl_generator_cExport.cmake
[2.231s] -- Up-to-date: /home/rs/go1_robot/install/unitree_nav_interfaces/share/unitree_nav_interfaces/cmake/export_unitree_nav_interfaces_srv__rosidl_generator_cExport-noconfig.cmake
[2.232s] -- Up-to-date: /home/rs/go1_robot/install/unitree_nav_interfaces/share/unitree_nav_interfaces/cmake/export_unitree_nav_interfaces_srv__rosidl_typesupport_fastrtps_cExport.cmake
[2.232s] -- Up-to-date: /home/rs/go1_robot/install/unitree_nav_interfaces/share/unitree_nav_interfaces/cmake/export_unitree_nav_interfaces_srv__rosidl_typesupport_fastrtps_cExport-noconfig.cmake
[2.233s] -- Up-to-date: /home/rs/go1_robot/install/unitree_nav_interfaces/share/unitree_nav_interfaces/cmake/export_unitree_nav_interfaces_srv__rosidl_generator_cppExport.cmake
[2.233s] -- Up-to-date: /home/rs/go1_robot/install/unitree_nav_interfaces/share/unitree_nav_interfaces/cmake/export_unitree_nav_interfaces_srv__rosidl_typesupport_fastrtps_cppExport.cmake
[2.234s] -- Up-to-date: /home/rs/go1_robot/install/unitree_nav_interfaces/share/unitree_nav_interfaces/cmake/export_unitree_nav_interfaces_srv__rosidl_typesupport_fastrtps_cppExport-noconfig.cmake
[2.235s] -- Up-to-date: /home/rs/go1_robot/install/unitree_nav_interfaces/share/unitree_nav_interfaces/cmake/unitree_nav_interfaces_srv__rosidl_typesupport_introspection_cExport.cmake
[2.238s] -- Up-to-date: /home/rs/go1_robot/install/unitree_nav_interfaces/share/unitree_nav_interfaces/cmake/unitree_nav_interfaces_srv__rosidl_typesupport_introspection_cExport-noconfig.cmake
[2.239s] -- Up-to-date: /home/rs/go1_robot/install/unitree_nav_interfaces/share/unitree_nav_interfaces/cmake/unitree_nav_interfaces_srv__rosidl_typesupport_cExport.cmake
[2.239s] -- Up-to-date: /home/rs/go1_robot/install/unitree_nav_interfaces/share/unitree_nav_interfaces/cmake/unitree_nav_interfaces_srv__rosidl_typesupport_cExport-noconfig.cmake
[2.239s] -- Up-to-date: /home/rs/go1_robot/install/unitree_nav_interfaces/share/unitree_nav_interfaces/cmake/unitree_nav_interfaces_srv__rosidl_typesupport_introspection_cppExport.cmake
[2.240s] -- Up-to-date: /home/rs/go1_robot/install/unitree_nav_interfaces/share/unitree_nav_interfaces/cmake/unitree_nav_interfaces_srv__rosidl_typesupport_introspection_cppExport-noconfig.cmake
[2.240s] -- Up-to-date: /home/rs/go1_robot/install/unitree_nav_interfaces/share/unitree_nav_interfaces/cmake/unitree_nav_interfaces_srv__rosidl_typesupport_cppExport.cmake
[2.241s] -- Up-to-date: /home/rs/go1_robot/install/unitree_nav_interfaces/share/unitree_nav_interfaces/cmake/unitree_nav_interfaces_srv__rosidl_typesupport_cppExport-noconfig.cmake
[2.242s] -- Up-to-date: /home/rs/go1_robot/install/unitree_nav_interfaces/share/unitree_nav_interfaces/cmake/export_unitree_nav_interfaces_srv__rosidl_generator_pyExport.cmake
[2.243s] -- Up-to-date: /home/rs/go1_robot/install/unitree_nav_interfaces/share/unitree_nav_interfaces/cmake/export_unitree_nav_interfaces_srv__rosidl_generator_pyExport-noconfig.cmake
[2.244s] -- Up-to-date: /home/rs/go1_robot/install/unitree_nav_interfaces/share/unitree_nav_interfaces/cmake/ament_cmake_export_dependencies-extras.cmake
[2.245s] -- Up-to-date: /home/rs/go1_robot/install/unitree_nav_interfaces/share/unitree_nav_interfaces/cmake/rosidl_cmake-extras.cmake
[2.246s] -- Up-to-date: /home/rs/go1_robot/install/unitree_nav_interfaces/share/unitree_nav_interfaces/cmake/ament_cmake_export_include_directories-extras.cmake
[2.246s] -- Up-to-date: /home/rs/go1_robot/install/unitree_nav_interfaces/share/unitree_nav_interfaces/cmake/ament_cmake_export_libraries-extras.cmake
[2.247s] -- Up-to-date: /home/rs/go1_robot/install/unitree_nav_interfaces/share/unitree_nav_interfaces/cmake/ament_cmake_export_targets-extras.cmake
[2.248s] -- Up-to-date: /home/rs/go1_robot/install/unitree_nav_interfaces/share/unitree_nav_interfaces/cmake/rosidl_cmake_export_typesupport_targets-extras.cmake
[2.248s] -- Up-to-date: /home/rs/go1_robot/install/unitree_nav_interfaces/share/unitree_nav_interfaces/cmake/rosidl_cmake_export_typesupport_libraries-extras.cmake
[2.249s] -- Up-to-date: /home/rs/go1_robot/install/unitree_nav_interfaces/share/unitree_nav_interfaces/cmake/unitree_nav_interfacesConfig.cmake
[2.249s] -- Up-to-date: /home/rs/go1_robot/install/unitree_nav_interfaces/share/unitree_nav_interfaces/cmake/unitree_nav_interfacesConfig-version.cmake
[2.251s] -- Up-to-date: /home/rs/go1_robot/install/unitree_nav_interfaces/share/unitree_nav_interfaces/package.xml
[2.255s] Invoked command in '/home/rs/go1_robot/build/unitree_nav_interfaces' returned '0': /usr/bin/cmake --install /home/rs/go1_robot/build/unitree_nav_interfaces
