[0.068s] Invoking command in '/home/rs/go1_robot/build/unitree_ocr': CMAKE_PREFIX_PATH=/home/rs/go1_robot/install/unitree_ocr_interfaces:/home/rs/go1_robot/install/unitree_inspection:/home/rs/go1_robot/install/unitree_ocr:/home/rs/go1_robot/install/unitree_nav:/home/rs/go1_robot/install/unitree_nav_interfaces:/home/rs/go1_robot/install/unitree_legged_real:/home/rs/go1_robot/install/unitree_inspection_interfaces:/home/rs/go1_robot/install/ros2_unitree_legged_msgs:/home/rs/go1_robot/install/go1_description:/opt/ros/humble:/home/rs/go1_robot/install/unitree_nav_launch_module LD_LIBRARY_PATH=/home/rs/go1_robot/install/unitree_ocr_interfaces/lib:/opt/ros/humble/opt/rviz_ogre_vendor/lib:/opt/ros/humble/lib/x86_64-linux-gnu:/opt/ros/humble/lib:/home/rs/go1_robot/install/unitree_nav_interfaces/lib:/home/rs/go1_robot/install/unitree_legged_real/lib:/home/rs/go1_robot/install/unitree_inspection_interfaces/lib:/home/rs/go1_robot/install/ros2_unitree_legged_msgs/lib /usr/bin/cmake --build /home/rs/go1_robot/build/unitree_ocr -- -j13 -l13
[0.272s] [ 40%] Built target unitree_ocr
[0.273s] [ 60%] [34m[1mGenerate API documentation for doxygen[0m
[0.400s] [100%] Built target text_detection_subscriber
[0.455s] Doxygen version used: 1.9.1
[0.458s] Searching for include files...
[0.458s] Searching for example files...
[0.458s] Searching for images...
[0.458s] Searching for dot files...
[0.458s] Searching for msc files...
[0.459s] Searching for dia files...
[0.459s] Searching for files to exclude
[0.459s] Searching INPUT for files to process...
[0.463s] Reading and parsing tag files
[0.464s] Parsing files
[0.465s] Preprocessing /home/rs/go1_robot/src/unitree_inspection/unitree_ocr/include/unitree_ocr/ocr.hpp...
[0.466s] Parsing file /home/rs/go1_robot/src/unitree_inspection/unitree_ocr/include/unitree_ocr/ocr.hpp...
[0.468s] Preprocessing /home/rs/go1_robot/src/unitree_inspection/unitree_ocr/src/ocr.cpp...
[0.469s] Parsing file /home/rs/go1_robot/src/unitree_inspection/unitree_ocr/src/ocr.cpp...
[0.470s] Building macro definition list...
[0.471s] Building group list...
[0.471s] Building directory list...
[0.471s] Building namespace list...
[0.472s] Building file list...
[0.472s] Building class list...
[0.474s] Computing nesting relations for classes...
[0.474s] Associating documentation with classes...
[0.474s] Building example list...
[0.474s] Searching for enumerations...
[0.474s] Searching for documented typedefs...
[0.475s] Searching for members imported via using declarations...
[0.476s] Searching for included using directives...
[0.477s] Searching for documented variables...
[0.484s] Building interface member list...
[0.485s] Building member list...
[0.485s] Searching for friends...
[0.485s] Searching for documented defines...
[0.486s] Computing class inheritance relations...
[0.486s] Computing class usage relations...
[0.486s] Flushing cached template relations that have become invalid...
[0.487s] Computing class relations...
[0.487s] Add enum values to enums...
[0.487s] Searching for member function documentation...
[0.488s] Creating members for template instances...
[0.488s] Building page list...
[0.488s] Search for main page...
[0.489s] Computing page relations...
[0.489s] Determining the scope of groups...
[0.489s] Sorting lists...
[0.489s] Determining which enums are documented
[0.490s] Computing member relations...
[0.490s] Building full member lists recursively...
[0.491s] Adding members to member groups.
[0.492s] Computing member references...
[0.492s] Inheriting documentation...
[0.493s] Generating disk names...
[0.494s] Adding source references...
[0.494s] Adding xrefitems...
[0.494s] Sorting member lists...
[0.495s] Setting anonymous enum type...
[0.495s] Computing dependencies between directories...
[0.496s] Generating citations page...
[0.496s] Counting members...
[0.497s] Counting data structures...
[0.498s] Resolving user defined references...
[0.498s] Finding anchors and sections in the documentation...
[0.498s] Transferring function references...
[0.499s] Combining using relations...
[0.500s] Adding members to index pages...
[0.501s] Correcting members for VHDL...
[0.502s] Computing tooltip texts...
[0.503s] Generating style sheet...
[0.504s] Generating search indices...
[0.536s] Generating example documentation...
[0.537s] Generating file sources...
[0.538s] Generating code for file include/unitree_ocr/ocr.hpp...
[0.538s] Generating file documentation...
[0.541s] Generating page documentation...
[0.541s] Generating group documentation...
[0.542s] Generating class documentation...
[0.542s] Generating namespace index...
[0.543s] Generating docs for compound unitree_ocr::TextDetector...
[0.544s] Generating graph info page...
[0.544s] Generating directory documentation...
[0.544s] Generating index page...
[0.544s] Generating page index...
[0.545s] Generating module index...
[0.545s] Generating namespace index...
[0.546s] Generating namespace member index...
[0.546s] Generating annotated compound index...
[0.547s] Generating alphabetical compound index...
[0.548s] Generating hierarchical class index...
[0.548s] Generating graphical class hierarchy...
[0.549s] Generating member index...
[0.555s] Generating file index...
[0.558s] Generating file member index...
[0.559s] Generating example index...
[0.560s] finalizing index lists...
[0.560s] writing tag file...
[0.561s] Running plantuml with JAVA...
[0.561s] Running dot...
[0.584s] lookup cache used 16/65536 hits=27 misses=16
[0.585s] finished...
[0.631s] [100%] Built target doxygen
[0.675s] Invoked command in '/home/rs/go1_robot/build/unitree_ocr' returned '0': CMAKE_PREFIX_PATH=/home/rs/go1_robot/install/unitree_ocr_interfaces:/home/rs/go1_robot/install/unitree_inspection:/home/rs/go1_robot/install/unitree_ocr:/home/rs/go1_robot/install/unitree_nav:/home/rs/go1_robot/install/unitree_nav_interfaces:/home/rs/go1_robot/install/unitree_legged_real:/home/rs/go1_robot/install/unitree_inspection_interfaces:/home/rs/go1_robot/install/ros2_unitree_legged_msgs:/home/rs/go1_robot/install/go1_description:/opt/ros/humble:/home/rs/go1_robot/install/unitree_nav_launch_module LD_LIBRARY_PATH=/home/rs/go1_robot/install/unitree_ocr_interfaces/lib:/opt/ros/humble/opt/rviz_ogre_vendor/lib:/opt/ros/humble/lib/x86_64-linux-gnu:/opt/ros/humble/lib:/home/rs/go1_robot/install/unitree_nav_interfaces/lib:/home/rs/go1_robot/install/unitree_legged_real/lib:/home/rs/go1_robot/install/unitree_inspection_interfaces/lib:/home/rs/go1_robot/install/ros2_unitree_legged_msgs/lib /usr/bin/cmake --build /home/rs/go1_robot/build/unitree_ocr -- -j13 -l13
[0.839s] Invoking command in '/home/rs/go1_robot/build/unitree_ocr': CMAKE_PREFIX_PATH=/home/rs/go1_robot/install/unitree_ocr_interfaces:/home/rs/go1_robot/install/unitree_inspection:/home/rs/go1_robot/install/unitree_ocr:/home/rs/go1_robot/install/unitree_nav:/home/rs/go1_robot/install/unitree_nav_interfaces:/home/rs/go1_robot/install/unitree_legged_real:/home/rs/go1_robot/install/unitree_inspection_interfaces:/home/rs/go1_robot/install/ros2_unitree_legged_msgs:/home/rs/go1_robot/install/go1_description:/opt/ros/humble:/home/rs/go1_robot/install/unitree_nav_launch_module LD_LIBRARY_PATH=/home/rs/go1_robot/install/unitree_ocr_interfaces/lib:/opt/ros/humble/opt/rviz_ogre_vendor/lib:/opt/ros/humble/lib/x86_64-linux-gnu:/opt/ros/humble/lib:/home/rs/go1_robot/install/unitree_nav_interfaces/lib:/home/rs/go1_robot/install/unitree_legged_real/lib:/home/rs/go1_robot/install/unitree_inspection_interfaces/lib:/home/rs/go1_robot/install/ros2_unitree_legged_msgs/lib /usr/bin/cmake --install /home/rs/go1_robot/build/unitree_ocr
[0.865s] -- Install configuration: ""
[0.866s] -- Up-to-date: /home/rs/go1_robot/install/unitree_ocr/lib/unitree_ocr/text_detection_subscriber
[0.867s] -- Up-to-date: /home/rs/go1_robot/install/unitree_ocr/include
[0.867s] -- Up-to-date: /home/rs/go1_robot/install/unitree_ocr/include/unitree_ocr
[0.868s] -- Up-to-date: /home/rs/go1_robot/install/unitree_ocr/include/unitree_ocr/ocr.hpp
[0.868s] -- Up-to-date: /home/rs/go1_robot/install/unitree_ocr/lib/libunitree_ocr.a
[0.869s] -- Up-to-date: /home/rs/go1_robot/install/unitree_ocr/lib/cmake/unitree_ocr/unitree_ocr-config.cmake
[0.870s] -- Up-to-date: /home/rs/go1_robot/install/unitree_ocr/lib/cmake/unitree_ocr/unitree_ocr-config-noconfig.cmake
[0.871s] -- Up-to-date: /home/rs/go1_robot/install/unitree_ocr/share/unitree_ocr/launch
[0.871s] -- Up-to-date: /home/rs/go1_robot/install/unitree_ocr/share/unitree_ocr/launch/text_detection_subscriber.launch.py
[0.871s] -- Up-to-date: /home/rs/go1_robot/install/unitree_ocr/share/unitree_ocr/models
[0.871s] -- Up-to-date: /home/rs/go1_robot/install/unitree_ocr/share/unitree_ocr/models/README.md
[0.872s] -- Up-to-date: /home/rs/go1_robot/install/unitree_ocr/share/ament_index/resource_index/package_run_dependencies/unitree_ocr
[0.872s] -- Up-to-date: /home/rs/go1_robot/install/unitree_ocr/share/ament_index/resource_index/parent_prefix_path/unitree_ocr
[0.874s] -- Up-to-date: /home/rs/go1_robot/install/unitree_ocr/share/unitree_ocr/environment/ament_prefix_path.sh
[0.875s] -- Up-to-date: /home/rs/go1_robot/install/unitree_ocr/share/unitree_ocr/environment/ament_prefix_path.dsv
[0.875s] -- Up-to-date: /home/rs/go1_robot/install/unitree_ocr/share/unitree_ocr/environment/path.sh
[0.876s] -- Up-to-date: /home/rs/go1_robot/install/unitree_ocr/share/unitree_ocr/environment/path.dsv
[0.876s] -- Up-to-date: /home/rs/go1_robot/install/unitree_ocr/share/unitree_ocr/local_setup.bash
[0.877s] -- Up-to-date: /home/rs/go1_robot/install/unitree_ocr/share/unitree_ocr/local_setup.sh
[0.878s] -- Up-to-date: /home/rs/go1_robot/install/unitree_ocr/share/unitree_ocr/local_setup.zsh
[0.879s] -- Up-to-date: /home/rs/go1_robot/install/unitree_ocr/share/unitree_ocr/local_setup.dsv
[0.879s] -- Installing: /home/rs/go1_robot/install/unitree_ocr/share/unitree_ocr/package.dsv
[0.880s] -- Up-to-date: /home/rs/go1_robot/install/unitree_ocr/share/ament_index/resource_index/packages/unitree_ocr
[0.880s] -- Up-to-date: /home/rs/go1_robot/install/unitree_ocr/share/unitree_ocr/cmake/unitree_ocrConfig.cmake
[0.881s] -- Up-to-date: /home/rs/go1_robot/install/unitree_ocr/share/unitree_ocr/cmake/unitree_ocrConfig-version.cmake
[0.882s] -- Up-to-date: /home/rs/go1_robot/install/unitree_ocr/share/unitree_ocr/package.xml
[0.886s] Invoked command in '/home/rs/go1_robot/build/unitree_ocr' returned '0': CMAKE_PREFIX_PATH=/home/rs/go1_robot/install/unitree_ocr_interfaces:/home/rs/go1_robot/install/unitree_inspection:/home/rs/go1_robot/install/unitree_ocr:/home/rs/go1_robot/install/unitree_nav:/home/rs/go1_robot/install/unitree_nav_interfaces:/home/rs/go1_robot/install/unitree_legged_real:/home/rs/go1_robot/install/unitree_inspection_interfaces:/home/rs/go1_robot/install/ros2_unitree_legged_msgs:/home/rs/go1_robot/install/go1_description:/opt/ros/humble:/home/rs/go1_robot/install/unitree_nav_launch_module LD_LIBRARY_PATH=/home/rs/go1_robot/install/unitree_ocr_interfaces/lib:/opt/ros/humble/opt/rviz_ogre_vendor/lib:/opt/ros/humble/lib/x86_64-linux-gnu:/opt/ros/humble/lib:/home/rs/go1_robot/install/unitree_nav_interfaces/lib:/home/rs/go1_robot/install/unitree_legged_real/lib:/home/rs/go1_robot/install/unitree_inspection_interfaces/lib:/home/rs/go1_robot/install/ros2_unitree_legged_msgs/lib /usr/bin/cmake --install /home/rs/go1_robot/build/unitree_ocr
