[0.105s] Invoking command in '/home/rs/go1_robot/build/unitree_ocr_interfaces': CMAKE_PREFIX_PATH=${CMAKE_PREFIX_PATH}:/home/rs/go1_robot/install/unitree_nav_launch_module:/opt/ros/humble /usr/bin/cmake --build /home/rs/go1_robot/build/unitree_ocr_interfaces -- -j13 -l13
[0.304s] [  2%] Built target unitree_ocr_interfaces_msg__cpp
[0.311s] [ 12%] Built target unitree_ocr_interfaces_msg__rosidl_generator_c
[0.333s] [ 12%] Built target ament_cmake_python_copy_unitree_ocr_interfaces
[0.472s] [ 23%] Built target unitree_ocr_interfaces_msg__rosidl_typesupport_cpp
[0.565s] [ 33%] Built target unitree_ocr_interfaces_msg__rosidl_typesupport_fastrtps_c
[0.573s] [ 43%] Built target unitree_ocr_interfaces_msg__rosidl_typesupport_introspection_c
[0.579s] [ 53%] Built target unitree_ocr_interfaces_msg__rosidl_typesupport_introspection_cpp
[0.599s] [ 64%] Built target unitree_ocr_interfaces_msg__rosidl_typesupport_fastrtps_cpp
[0.601s] [ 74%] Built target unitree_ocr_interfaces_msg__rosidl_typesupport_c
[0.681s] [ 74%] Built target unitree_ocr_interfaces_msg
[0.754s] [ 76%] Built target unitree_ocr_interfaces_msg__py
[0.826s] [ 84%] Built target unitree_ocr_interfaces_msg__rosidl_generator_py
[0.919s] [ 89%] Built target unitree_ocr_interfaces__rosidl_typesupport_c__pyext
[0.969s] [ 94%] Built target unitree_ocr_interfaces__rosidl_typesupport_fastrtps_c__pyext
[0.989s] [100%] Built target unitree_ocr_interfaces__rosidl_typesupport_introspection_c__pyext
[1.260s] running egg_info
[1.266s] writing unitree_ocr_interfaces.egg-info/PKG-INFO
[1.267s] writing dependency_links to unitree_ocr_interfaces.egg-info/dependency_links.txt
[1.267s] writing top-level names to unitree_ocr_interfaces.egg-info/top_level.txt
[1.272s] reading manifest file 'unitree_ocr_interfaces.egg-info/SOURCES.txt'
[1.273s] writing manifest file 'unitree_ocr_interfaces.egg-info/SOURCES.txt'
[1.346s] [100%] Built target ament_cmake_python_build_unitree_ocr_interfaces_egg
[1.385s] Invoked command in '/home/rs/go1_robot/build/unitree_ocr_interfaces' returned '0': CMAKE_PREFIX_PATH=${CMAKE_PREFIX_PATH}:/home/rs/go1_robot/install/unitree_nav_launch_module:/opt/ros/humble /usr/bin/cmake --build /home/rs/go1_robot/build/unitree_ocr_interfaces -- -j13 -l13
[2.008s] Invoking command in '/home/rs/go1_robot/build/unitree_ocr_interfaces': CMAKE_PREFIX_PATH=${CMAKE_PREFIX_PATH}:/home/rs/go1_robot/install/unitree_nav_launch_module:/opt/ros/humble /usr/bin/cmake --install /home/rs/go1_robot/build/unitree_ocr_interfaces
[2.139s] -- Install configuration: ""
[2.139s] -- Up-to-date: /home/rs/go1_robot/install/unitree_ocr_interfaces/share/ament_index/resource_index/rosidl_interfaces/unitree_ocr_interfaces
[2.140s] -- Up-to-date: /home/rs/go1_robot/install/unitree_ocr_interfaces/include/unitree_ocr_interfaces/unitree_ocr_interfaces
[2.140s] -- Up-to-date: /home/rs/go1_robot/install/unitree_ocr_interfaces/include/unitree_ocr_interfaces/unitree_ocr_interfaces/msg
[2.140s] -- Up-to-date: /home/rs/go1_robot/install/unitree_ocr_interfaces/include/unitree_ocr_interfaces/unitree_ocr_interfaces/msg/detections.h
[2.140s] -- Up-to-date: /home/rs/go1_robot/install/unitree_ocr_interfaces/include/unitree_ocr_interfaces/unitree_ocr_interfaces/msg/detail
[2.140s] -- Up-to-date: /home/rs/go1_robot/install/unitree_ocr_interfaces/include/unitree_ocr_interfaces/unitree_ocr_interfaces/msg/detail/detection__functions.h
[2.140s] -- Up-to-date: /home/rs/go1_robot/install/unitree_ocr_interfaces/include/unitree_ocr_interfaces/unitree_ocr_interfaces/msg/detail/detections__functions.h
[2.141s] -- Up-to-date: /home/rs/go1_robot/install/unitree_ocr_interfaces/include/unitree_ocr_interfaces/unitree_ocr_interfaces/msg/detail/detections__struct.h
[2.141s] -- Up-to-date: /home/rs/go1_robot/install/unitree_ocr_interfaces/include/unitree_ocr_interfaces/unitree_ocr_interfaces/msg/detail/detection__type_support.h
[2.142s] -- Up-to-date: /home/rs/go1_robot/install/unitree_ocr_interfaces/include/unitree_ocr_interfaces/unitree_ocr_interfaces/msg/detail/detection__functions.c
[2.142s] -- Up-to-date: /home/rs/go1_robot/install/unitree_ocr_interfaces/include/unitree_ocr_interfaces/unitree_ocr_interfaces/msg/detail/detection__struct.h
[2.142s] -- Up-to-date: /home/rs/go1_robot/install/unitree_ocr_interfaces/include/unitree_ocr_interfaces/unitree_ocr_interfaces/msg/detail/detections__functions.c
[2.142s] -- Up-to-date: /home/rs/go1_robot/install/unitree_ocr_interfaces/include/unitree_ocr_interfaces/unitree_ocr_interfaces/msg/detail/detections__type_support.h
[2.143s] -- Up-to-date: /home/rs/go1_robot/install/unitree_ocr_interfaces/include/unitree_ocr_interfaces/unitree_ocr_interfaces/msg/rosidl_generator_c__visibility_control.h
[2.143s] -- Up-to-date: /home/rs/go1_robot/install/unitree_ocr_interfaces/include/unitree_ocr_interfaces/unitree_ocr_interfaces/msg/detection.h
[2.143s] -- Up-to-date: /home/rs/go1_robot/install/unitree_ocr_interfaces/share/unitree_ocr_interfaces/environment/library_path.sh
[2.143s] -- Up-to-date: /home/rs/go1_robot/install/unitree_ocr_interfaces/share/unitree_ocr_interfaces/environment/library_path.dsv
[2.144s] -- Up-to-date: /home/rs/go1_robot/install/unitree_ocr_interfaces/lib/libunitree_ocr_interfaces__rosidl_generator_c.so
[2.144s] -- Up-to-date: /home/rs/go1_robot/install/unitree_ocr_interfaces/include/unitree_ocr_interfaces/unitree_ocr_interfaces
[2.144s] -- Up-to-date: /home/rs/go1_robot/install/unitree_ocr_interfaces/include/unitree_ocr_interfaces/unitree_ocr_interfaces/msg
[2.144s] -- Up-to-date: /home/rs/go1_robot/install/unitree_ocr_interfaces/include/unitree_ocr_interfaces/unitree_ocr_interfaces/msg/detail
[2.145s] -- Up-to-date: /home/rs/go1_robot/install/unitree_ocr_interfaces/include/unitree_ocr_interfaces/unitree_ocr_interfaces/msg/detail/detection__rosidl_typesupport_fastrtps_c.h
[2.145s] -- Up-to-date: /home/rs/go1_robot/install/unitree_ocr_interfaces/include/unitree_ocr_interfaces/unitree_ocr_interfaces/msg/detail/detections__rosidl_typesupport_fastrtps_c.h
[2.145s] -- Up-to-date: /home/rs/go1_robot/install/unitree_ocr_interfaces/include/unitree_ocr_interfaces/unitree_ocr_interfaces/msg/rosidl_typesupport_fastrtps_c__visibility_control.h
[2.145s] -- Up-to-date: /home/rs/go1_robot/install/unitree_ocr_interfaces/lib/libunitree_ocr_interfaces__rosidl_typesupport_fastrtps_c.so
[2.146s] -- Up-to-date: /home/rs/go1_robot/install/unitree_ocr_interfaces/include/unitree_ocr_interfaces/unitree_ocr_interfaces
[2.146s] -- Up-to-date: /home/rs/go1_robot/install/unitree_ocr_interfaces/include/unitree_ocr_interfaces/unitree_ocr_interfaces/msg
[2.147s] -- Up-to-date: /home/rs/go1_robot/install/unitree_ocr_interfaces/include/unitree_ocr_interfaces/unitree_ocr_interfaces/msg/rosidl_typesupport_introspection_c__visibility_control.h
[2.147s] -- Up-to-date: /home/rs/go1_robot/install/unitree_ocr_interfaces/include/unitree_ocr_interfaces/unitree_ocr_interfaces/msg/detail
[2.147s] -- Up-to-date: /home/rs/go1_robot/install/unitree_ocr_interfaces/include/unitree_ocr_interfaces/unitree_ocr_interfaces/msg/detail/detection__rosidl_typesupport_introspection_c.h
[2.148s] -- Up-to-date: /home/rs/go1_robot/install/unitree_ocr_interfaces/include/unitree_ocr_interfaces/unitree_ocr_interfaces/msg/detail/detections__rosidl_typesupport_introspection_c.h
[2.149s] -- Up-to-date: /home/rs/go1_robot/install/unitree_ocr_interfaces/include/unitree_ocr_interfaces/unitree_ocr_interfaces/msg/detail/detection__type_support.c
[2.151s] -- Up-to-date: /home/rs/go1_robot/install/unitree_ocr_interfaces/include/unitree_ocr_interfaces/unitree_ocr_interfaces/msg/detail/detections__type_support.c
[2.152s] -- Up-to-date: /home/rs/go1_robot/install/unitree_ocr_interfaces/lib/libunitree_ocr_interfaces__rosidl_typesupport_introspection_c.so
[2.153s] -- Up-to-date: /home/rs/go1_robot/install/unitree_ocr_interfaces/lib/libunitree_ocr_interfaces__rosidl_typesupport_c.so
[2.154s] -- Up-to-date: /home/rs/go1_robot/install/unitree_ocr_interfaces/include/unitree_ocr_interfaces/unitree_ocr_interfaces
[2.155s] -- Up-to-date: /home/rs/go1_robot/install/unitree_ocr_interfaces/include/unitree_ocr_interfaces/unitree_ocr_interfaces/msg
[2.157s] -- Up-to-date: /home/rs/go1_robot/install/unitree_ocr_interfaces/include/unitree_ocr_interfaces/unitree_ocr_interfaces/msg/detection.hpp
[2.158s] -- Up-to-date: /home/rs/go1_robot/install/unitree_ocr_interfaces/include/unitree_ocr_interfaces/unitree_ocr_interfaces/msg/detections.hpp
[2.158s] -- Up-to-date: /home/rs/go1_robot/install/unitree_ocr_interfaces/include/unitree_ocr_interfaces/unitree_ocr_interfaces/msg/detail
[2.159s] -- Up-to-date: /home/rs/go1_robot/install/unitree_ocr_interfaces/include/unitree_ocr_interfaces/unitree_ocr_interfaces/msg/detail/detection__traits.hpp
[2.159s] -- Up-to-date: /home/rs/go1_robot/install/unitree_ocr_interfaces/include/unitree_ocr_interfaces/unitree_ocr_interfaces/msg/detail/detections__builder.hpp
[2.159s] -- Up-to-date: /home/rs/go1_robot/install/unitree_ocr_interfaces/include/unitree_ocr_interfaces/unitree_ocr_interfaces/msg/detail/detections__traits.hpp
[2.159s] -- Up-to-date: /home/rs/go1_robot/install/unitree_ocr_interfaces/include/unitree_ocr_interfaces/unitree_ocr_interfaces/msg/detail/detection__builder.hpp
[2.159s] -- Up-to-date: /home/rs/go1_robot/install/unitree_ocr_interfaces/include/unitree_ocr_interfaces/unitree_ocr_interfaces/msg/detail/detection__struct.hpp
[2.161s] -- Up-to-date: /home/rs/go1_robot/install/unitree_ocr_interfaces/include/unitree_ocr_interfaces/unitree_ocr_interfaces/msg/detail/detections__struct.hpp
[2.162s] -- Up-to-date: /home/rs/go1_robot/install/unitree_ocr_interfaces/include/unitree_ocr_interfaces/unitree_ocr_interfaces
[2.162s] -- Up-to-date: /home/rs/go1_robot/install/unitree_ocr_interfaces/include/unitree_ocr_interfaces/unitree_ocr_interfaces/msg
[2.163s] -- Up-to-date: /home/rs/go1_robot/install/unitree_ocr_interfaces/include/unitree_ocr_interfaces/unitree_ocr_interfaces/msg/detail
[2.163s] -- Up-to-date: /home/rs/go1_robot/install/unitree_ocr_interfaces/include/unitree_ocr_interfaces/unitree_ocr_interfaces/msg/detail/dds_fastrtps
[2.163s] -- Up-to-date: /home/rs/go1_robot/install/unitree_ocr_interfaces/include/unitree_ocr_interfaces/unitree_ocr_interfaces/msg/detail/detections__rosidl_typesupport_fastrtps_cpp.hpp
[2.163s] -- Up-to-date: /home/rs/go1_robot/install/unitree_ocr_interfaces/include/unitree_ocr_interfaces/unitree_ocr_interfaces/msg/detail/detection__rosidl_typesupport_fastrtps_cpp.hpp
[2.163s] -- Up-to-date: /home/rs/go1_robot/install/unitree_ocr_interfaces/include/unitree_ocr_interfaces/unitree_ocr_interfaces/msg/rosidl_typesupport_fastrtps_cpp__visibility_control.h
[2.163s] -- Up-to-date: /home/rs/go1_robot/install/unitree_ocr_interfaces/lib/libunitree_ocr_interfaces__rosidl_typesupport_fastrtps_cpp.so
[2.163s] -- Up-to-date: /home/rs/go1_robot/install/unitree_ocr_interfaces/include/unitree_ocr_interfaces/unitree_ocr_interfaces
[2.164s] -- Up-to-date: /home/rs/go1_robot/install/unitree_ocr_interfaces/include/unitree_ocr_interfaces/unitree_ocr_interfaces/msg
[2.165s] -- Up-to-date: /home/rs/go1_robot/install/unitree_ocr_interfaces/include/unitree_ocr_interfaces/unitree_ocr_interfaces/msg/detail
[2.166s] -- Up-to-date: /home/rs/go1_robot/install/unitree_ocr_interfaces/include/unitree_ocr_interfaces/unitree_ocr_interfaces/msg/detail/detections__rosidl_typesupport_introspection_cpp.hpp
[2.166s] -- Up-to-date: /home/rs/go1_robot/install/unitree_ocr_interfaces/include/unitree_ocr_interfaces/unitree_ocr_interfaces/msg/detail/detection__type_support.cpp
[2.167s] -- Up-to-date: /home/rs/go1_robot/install/unitree_ocr_interfaces/include/unitree_ocr_interfaces/unitree_ocr_interfaces/msg/detail/detections__type_support.cpp
[2.167s] -- Up-to-date: /home/rs/go1_robot/install/unitree_ocr_interfaces/include/unitree_ocr_interfaces/unitree_ocr_interfaces/msg/detail/detection__rosidl_typesupport_introspection_cpp.hpp
[2.167s] -- Up-to-date: /home/rs/go1_robot/install/unitree_ocr_interfaces/lib/libunitree_ocr_interfaces__rosidl_typesupport_introspection_cpp.so
[2.168s] -- Up-to-date: /home/rs/go1_robot/install/unitree_ocr_interfaces/lib/libunitree_ocr_interfaces__rosidl_typesupport_cpp.so
[2.168s] -- Up-to-date: /home/rs/go1_robot/install/unitree_ocr_interfaces/share/unitree_ocr_interfaces/environment/pythonpath.sh
[2.168s] -- Up-to-date: /home/rs/go1_robot/install/unitree_ocr_interfaces/share/unitree_ocr_interfaces/environment/pythonpath.dsv
[2.169s] -- Up-to-date: /home/rs/go1_robot/install/unitree_ocr_interfaces/local/lib/python3.10/dist-packages/unitree_ocr_interfaces-0.0.0-py3.10.egg-info
[2.170s] -- Installing: /home/rs/go1_robot/install/unitree_ocr_interfaces/local/lib/python3.10/dist-packages/unitree_ocr_interfaces-0.0.0-py3.10.egg-info/top_level.txt
[2.170s] -- Installing: /home/rs/go1_robot/install/unitree_ocr_interfaces/local/lib/python3.10/dist-packages/unitree_ocr_interfaces-0.0.0-py3.10.egg-info/PKG-INFO
[2.171s] -- Installing: /home/rs/go1_robot/install/unitree_ocr_interfaces/local/lib/python3.10/dist-packages/unitree_ocr_interfaces-0.0.0-py3.10.egg-info/dependency_links.txt
[2.171s] -- Installing: /home/rs/go1_robot/install/unitree_ocr_interfaces/local/lib/python3.10/dist-packages/unitree_ocr_interfaces-0.0.0-py3.10.egg-info/SOURCES.txt
[2.171s] -- Up-to-date: /home/rs/go1_robot/install/unitree_ocr_interfaces/local/lib/python3.10/dist-packages/unitree_ocr_interfaces
[2.172s] -- Up-to-date: /home/rs/go1_robot/install/unitree_ocr_interfaces/local/lib/python3.10/dist-packages/unitree_ocr_interfaces/_unitree_ocr_interfaces_s.ep.rosidl_typesupport_fastrtps_c.c
[2.172s] -- Up-to-date: /home/rs/go1_robot/install/unitree_ocr_interfaces/local/lib/python3.10/dist-packages/unitree_ocr_interfaces/_unitree_ocr_interfaces_s.ep.rosidl_typesupport_introspection_c.c
[2.172s] -- Up-to-date: /home/rs/go1_robot/install/unitree_ocr_interfaces/local/lib/python3.10/dist-packages/unitree_ocr_interfaces/unitree_ocr_interfaces_s__rosidl_typesupport_introspection_c.cpython-310-x86_64-linux-gnu.so
[2.173s] -- Up-to-date: /home/rs/go1_robot/install/unitree_ocr_interfaces/local/lib/python3.10/dist-packages/unitree_ocr_interfaces/__init__.py
[2.174s] -- Up-to-date: /home/rs/go1_robot/install/unitree_ocr_interfaces/local/lib/python3.10/dist-packages/unitree_ocr_interfaces/unitree_ocr_interfaces_s__rosidl_typesupport_c.cpython-310-x86_64-linux-gnu.so
[2.174s] -- Up-to-date: /home/rs/go1_robot/install/unitree_ocr_interfaces/local/lib/python3.10/dist-packages/unitree_ocr_interfaces/_unitree_ocr_interfaces_s.ep.rosidl_typesupport_c.c
[2.175s] -- Up-to-date: /home/rs/go1_robot/install/unitree_ocr_interfaces/local/lib/python3.10/dist-packages/unitree_ocr_interfaces/msg
[2.175s] -- Up-to-date: /home/rs/go1_robot/install/unitree_ocr_interfaces/local/lib/python3.10/dist-packages/unitree_ocr_interfaces/msg/_detection.py
[2.176s] -- Up-to-date: /home/rs/go1_robot/install/unitree_ocr_interfaces/local/lib/python3.10/dist-packages/unitree_ocr_interfaces/msg/_detection_s.c
[2.176s] -- Up-to-date: /home/rs/go1_robot/install/unitree_ocr_interfaces/local/lib/python3.10/dist-packages/unitree_ocr_interfaces/msg/_detections_s.c
[2.177s] -- Up-to-date: /home/rs/go1_robot/install/unitree_ocr_interfaces/local/lib/python3.10/dist-packages/unitree_ocr_interfaces/msg/__init__.py
[2.177s] -- Up-to-date: /home/rs/go1_robot/install/unitree_ocr_interfaces/local/lib/python3.10/dist-packages/unitree_ocr_interfaces/msg/_detections.py
[2.177s] -- Up-to-date: /home/rs/go1_robot/install/unitree_ocr_interfaces/local/lib/python3.10/dist-packages/unitree_ocr_interfaces/libunitree_ocr_interfaces_msg__rosidl_generator_py.so
[2.177s] -- Up-to-date: /home/rs/go1_robot/install/unitree_ocr_interfaces/local/lib/python3.10/dist-packages/unitree_ocr_interfaces/unitree_ocr_interfaces_s__rosidl_typesupport_fastrtps_c.cpython-310-x86_64-linux-gnu.so
[2.223s] Listing '/home/rs/go1_robot/install/unitree_ocr_interfaces/local/lib/python3.10/dist-packages/unitree_ocr_interfaces'...
[2.225s] Listing '/home/rs/go1_robot/install/unitree_ocr_interfaces/local/lib/python3.10/dist-packages/unitree_ocr_interfaces/msg'...
[2.244s] -- Up-to-date: /home/rs/go1_robot/install/unitree_ocr_interfaces/local/lib/python3.10/dist-packages/unitree_ocr_interfaces/unitree_ocr_interfaces_s__rosidl_typesupport_fastrtps_c.cpython-310-x86_64-linux-gnu.so
[2.244s] -- Up-to-date: /home/rs/go1_robot/install/unitree_ocr_interfaces/local/lib/python3.10/dist-packages/unitree_ocr_interfaces/unitree_ocr_interfaces_s__rosidl_typesupport_introspection_c.cpython-310-x86_64-linux-gnu.so
[2.244s] -- Up-to-date: /home/rs/go1_robot/install/unitree_ocr_interfaces/local/lib/python3.10/dist-packages/unitree_ocr_interfaces/unitree_ocr_interfaces_s__rosidl_typesupport_c.cpython-310-x86_64-linux-gnu.so
[2.251s] -- Up-to-date: /home/rs/go1_robot/install/unitree_ocr_interfaces/lib/libunitree_ocr_interfaces_msg__rosidl_generator_py.so
[2.251s] -- Up-to-date: /home/rs/go1_robot/install/unitree_ocr_interfaces/share/unitree_ocr_interfaces/msg/Detection.idl
[2.252s] -- Up-to-date: /home/rs/go1_robot/install/unitree_ocr_interfaces/share/unitree_ocr_interfaces/msg/Detections.idl
[2.252s] -- Up-to-date: /home/rs/go1_robot/install/unitree_ocr_interfaces/share/unitree_ocr_interfaces/msg/Detection.msg
[2.252s] -- Up-to-date: /home/rs/go1_robot/install/unitree_ocr_interfaces/share/unitree_ocr_interfaces/msg/Detections.msg
[2.252s] -- Up-to-date: /home/rs/go1_robot/install/unitree_ocr_interfaces/share/ament_index/resource_index/package_run_dependencies/unitree_ocr_interfaces
[2.253s] -- Up-to-date: /home/rs/go1_robot/install/unitree_ocr_interfaces/share/ament_index/resource_index/parent_prefix_path/unitree_ocr_interfaces
[2.253s] -- Up-to-date: /home/rs/go1_robot/install/unitree_ocr_interfaces/share/unitree_ocr_interfaces/environment/ament_prefix_path.sh
[2.253s] -- Up-to-date: /home/rs/go1_robot/install/unitree_ocr_interfaces/share/unitree_ocr_interfaces/environment/ament_prefix_path.dsv
[2.253s] -- Up-to-date: /home/rs/go1_robot/install/unitree_ocr_interfaces/share/unitree_ocr_interfaces/environment/path.sh
[2.254s] -- Up-to-date: /home/rs/go1_robot/install/unitree_ocr_interfaces/share/unitree_ocr_interfaces/environment/path.dsv
[2.273s] -- Up-to-date: /home/rs/go1_robot/install/unitree_ocr_interfaces/share/unitree_ocr_interfaces/local_setup.bash
[2.277s] -- Up-to-date: /home/rs/go1_robot/install/unitree_ocr_interfaces/share/unitree_ocr_interfaces/local_setup.sh
[2.278s] -- Up-to-date: /home/rs/go1_robot/install/unitree_ocr_interfaces/share/unitree_ocr_interfaces/local_setup.zsh
[2.280s] -- Up-to-date: /home/rs/go1_robot/install/unitree_ocr_interfaces/share/unitree_ocr_interfaces/local_setup.dsv
[2.282s] -- Installing: /home/rs/go1_robot/install/unitree_ocr_interfaces/share/unitree_ocr_interfaces/package.dsv
[2.285s] -- Up-to-date: /home/rs/go1_robot/install/unitree_ocr_interfaces/share/ament_index/resource_index/packages/unitree_ocr_interfaces
[2.285s] -- Up-to-date: /home/rs/go1_robot/install/unitree_ocr_interfaces/share/unitree_ocr_interfaces/cmake/export_unitree_ocr_interfaces_msg__rosidl_generator_cExport.cmake
[2.286s] -- Up-to-date: /home/rs/go1_robot/install/unitree_ocr_interfaces/share/unitree_ocr_interfaces/cmake/export_unitree_ocr_interfaces_msg__rosidl_generator_cExport-noconfig.cmake
[2.287s] -- Up-to-date: /home/rs/go1_robot/install/unitree_ocr_interfaces/share/unitree_ocr_interfaces/cmake/export_unitree_ocr_interfaces_msg__rosidl_typesupport_fastrtps_cExport.cmake
[2.288s] -- Up-to-date: /home/rs/go1_robot/install/unitree_ocr_interfaces/share/unitree_ocr_interfaces/cmake/export_unitree_ocr_interfaces_msg__rosidl_typesupport_fastrtps_cExport-noconfig.cmake
[2.289s] -- Up-to-date: /home/rs/go1_robot/install/unitree_ocr_interfaces/share/unitree_ocr_interfaces/cmake/unitree_ocr_interfaces_msg__rosidl_typesupport_introspection_cExport.cmake
[2.289s] -- Up-to-date: /home/rs/go1_robot/install/unitree_ocr_interfaces/share/unitree_ocr_interfaces/cmake/unitree_ocr_interfaces_msg__rosidl_typesupport_introspection_cExport-noconfig.cmake
[2.291s] -- Up-to-date: /home/rs/go1_robot/install/unitree_ocr_interfaces/share/unitree_ocr_interfaces/cmake/unitree_ocr_interfaces_msg__rosidl_typesupport_cExport.cmake
[2.291s] -- Up-to-date: /home/rs/go1_robot/install/unitree_ocr_interfaces/share/unitree_ocr_interfaces/cmake/unitree_ocr_interfaces_msg__rosidl_typesupport_cExport-noconfig.cmake
[2.294s] -- Up-to-date: /home/rs/go1_robot/install/unitree_ocr_interfaces/share/unitree_ocr_interfaces/cmake/export_unitree_ocr_interfaces_msg__rosidl_generator_cppExport.cmake
[2.297s] -- Up-to-date: /home/rs/go1_robot/install/unitree_ocr_interfaces/share/unitree_ocr_interfaces/cmake/export_unitree_ocr_interfaces_msg__rosidl_typesupport_fastrtps_cppExport.cmake
[2.299s] -- Up-to-date: /home/rs/go1_robot/install/unitree_ocr_interfaces/share/unitree_ocr_interfaces/cmake/export_unitree_ocr_interfaces_msg__rosidl_typesupport_fastrtps_cppExport-noconfig.cmake
[2.299s] -- Up-to-date: /home/rs/go1_robot/install/unitree_ocr_interfaces/share/unitree_ocr_interfaces/cmake/unitree_ocr_interfaces_msg__rosidl_typesupport_introspection_cppExport.cmake
[2.300s] -- Up-to-date: /home/rs/go1_robot/install/unitree_ocr_interfaces/share/unitree_ocr_interfaces/cmake/unitree_ocr_interfaces_msg__rosidl_typesupport_introspection_cppExport-noconfig.cmake
[2.301s] -- Up-to-date: /home/rs/go1_robot/install/unitree_ocr_interfaces/share/unitree_ocr_interfaces/cmake/unitree_ocr_interfaces_msg__rosidl_typesupport_cppExport.cmake
[2.301s] -- Up-to-date: /home/rs/go1_robot/install/unitree_ocr_interfaces/share/unitree_ocr_interfaces/cmake/unitree_ocr_interfaces_msg__rosidl_typesupport_cppExport-noconfig.cmake
[2.302s] -- Up-to-date: /home/rs/go1_robot/install/unitree_ocr_interfaces/share/unitree_ocr_interfaces/cmake/export_unitree_ocr_interfaces_msg__rosidl_generator_pyExport.cmake
[2.303s] -- Up-to-date: /home/rs/go1_robot/install/unitree_ocr_interfaces/share/unitree_ocr_interfaces/cmake/export_unitree_ocr_interfaces_msg__rosidl_generator_pyExport-noconfig.cmake
[2.306s] -- Up-to-date: /home/rs/go1_robot/install/unitree_ocr_interfaces/share/unitree_ocr_interfaces/cmake/ament_cmake_export_dependencies-extras.cmake
[2.306s] -- Up-to-date: /home/rs/go1_robot/install/unitree_ocr_interfaces/share/unitree_ocr_interfaces/cmake/rosidl_cmake-extras.cmake
[2.307s] -- Up-to-date: /home/rs/go1_robot/install/unitree_ocr_interfaces/share/unitree_ocr_interfaces/cmake/ament_cmake_export_include_directories-extras.cmake
[2.307s] -- Up-to-date: /home/rs/go1_robot/install/unitree_ocr_interfaces/share/unitree_ocr_interfaces/cmake/ament_cmake_export_libraries-extras.cmake
[2.308s] -- Up-to-date: /home/rs/go1_robot/install/unitree_ocr_interfaces/share/unitree_ocr_interfaces/cmake/ament_cmake_export_targets-extras.cmake
[2.314s] -- Up-to-date: /home/rs/go1_robot/install/unitree_ocr_interfaces/share/unitree_ocr_interfaces/cmake/rosidl_cmake_export_typesupport_targets-extras.cmake
[2.336s] -- Up-to-date: /home/rs/go1_robot/install/unitree_ocr_interfaces/share/unitree_ocr_interfaces/cmake/rosidl_cmake_export_typesupport_libraries-extras.cmake
[2.338s] -- Up-to-date: /home/rs/go1_robot/install/unitree_ocr_interfaces/share/unitree_ocr_interfaces/cmake/unitree_ocr_interfacesConfig.cmake
[2.339s] -- Up-to-date: /home/rs/go1_robot/install/unitree_ocr_interfaces/share/unitree_ocr_interfaces/cmake/unitree_ocr_interfacesConfig-version.cmake
[2.339s] -- Up-to-date: /home/rs/go1_robot/install/unitree_ocr_interfaces/share/unitree_ocr_interfaces/package.xml
[2.412s] Invoked command in '/home/rs/go1_robot/build/unitree_ocr_interfaces' returned '0': CMAKE_PREFIX_PATH=${CMAKE_PREFIX_PATH}:/home/rs/go1_robot/install/unitree_nav_launch_module:/opt/ros/humble /usr/bin/cmake --install /home/rs/go1_robot/build/unitree_ocr_interfaces
