[0.128s] Invoking command in '/home/rs/final_auto/build/unitree_ocr_interfaces': CMAKE_PREFIX_PATH=${CMAKE_PREFIX_PATH}:/home/rs/final_auto/install/unitree_nav_launch_module:/opt/ros/humble /usr/bin/cmake --build /home/rs/final_auto/build/unitree_ocr_interfaces -- -j13 -l13
[0.360s] [ 10%] Built target unitree_ocr_interfaces_msg__rosidl_generator_c
[0.361s] [ 12%] Built target unitree_ocr_interfaces_msg__cpp
[0.432s] [ 12%] Built target ament_cmake_python_copy_unitree_ocr_interfaces
[0.545s] [ 23%] Built target unitree_ocr_interfaces_msg__rosidl_typesupport_cpp
[0.633s] [ 33%] Built target unitree_ocr_interfaces_msg__rosidl_typesupport_c
[0.637s] [ 43%] Built target unitree_ocr_interfaces_msg__rosidl_typesupport_fastrtps_c
[0.643s] [ 53%] Built target unitree_ocr_interfaces_msg__rosidl_typesupport_fastrtps_cpp
[0.667s] [ 64%] Built target unitree_ocr_interfaces_msg__rosidl_typesupport_introspection_cpp
[0.676s] [ 74%] Built target unitree_ocr_interfaces_msg__rosidl_typesupport_introspection_c
[0.757s] [ 74%] Built target unitree_ocr_interfaces_msg
[0.840s] [ 76%] Built target unitree_ocr_interfaces_msg__py
[0.925s] [ 84%] Built target unitree_ocr_interfaces_msg__rosidl_generator_py
[1.075s] [ 89%] Built target unitree_ocr_interfaces__rosidl_typesupport_c__pyext
[1.084s] [ 94%] Built target unitree_ocr_interfaces__rosidl_typesupport_introspection_c__pyext
[1.086s] [100%] Built target unitree_ocr_interfaces__rosidl_typesupport_fastrtps_c__pyext
[1.427s] running egg_info
[1.428s] writing unitree_ocr_interfaces.egg-info/PKG-INFO
[1.429s] writing dependency_links to unitree_ocr_interfaces.egg-info/dependency_links.txt
[1.430s] writing top-level names to unitree_ocr_interfaces.egg-info/top_level.txt
[1.436s] reading manifest file 'unitree_ocr_interfaces.egg-info/SOURCES.txt'
[1.440s] writing manifest file 'unitree_ocr_interfaces.egg-info/SOURCES.txt'
[1.520s] [100%] Built target ament_cmake_python_build_unitree_ocr_interfaces_egg
[1.560s] Invoked command in '/home/rs/final_auto/build/unitree_ocr_interfaces' returned '0': CMAKE_PREFIX_PATH=${CMAKE_PREFIX_PATH}:/home/rs/final_auto/install/unitree_nav_launch_module:/opt/ros/humble /usr/bin/cmake --build /home/rs/final_auto/build/unitree_ocr_interfaces -- -j13 -l13
[2.194s] Invoking command in '/home/rs/final_auto/build/unitree_ocr_interfaces': CMAKE_PREFIX_PATH=${CMAKE_PREFIX_PATH}:/home/rs/final_auto/install/unitree_nav_launch_module:/opt/ros/humble /usr/bin/cmake --install /home/rs/final_auto/build/unitree_ocr_interfaces
[2.213s] -- Install configuration: ""
[2.215s] -- Up-to-date: /home/rs/final_auto/install/unitree_ocr_interfaces/share/ament_index/resource_index/rosidl_interfaces/unitree_ocr_interfaces
[2.230s] -- Up-to-date: /home/rs/final_auto/install/unitree_ocr_interfaces/include/unitree_ocr_interfaces/unitree_ocr_interfaces
[2.237s] -- Up-to-date: /home/rs/final_auto/install/unitree_ocr_interfaces/include/unitree_ocr_interfaces/unitree_ocr_interfaces/msg
[2.237s] -- Up-to-date: /home/rs/final_auto/install/unitree_ocr_interfaces/include/unitree_ocr_interfaces/unitree_ocr_interfaces/msg/detections.h
[2.238s] -- Up-to-date: /home/rs/final_auto/install/unitree_ocr_interfaces/include/unitree_ocr_interfaces/unitree_ocr_interfaces/msg/detail
[2.239s] -- Up-to-date: /home/rs/final_auto/install/unitree_ocr_interfaces/include/unitree_ocr_interfaces/unitree_ocr_interfaces/msg/detail/detection__functions.h
[2.242s] -- Up-to-date: /home/rs/final_auto/install/unitree_ocr_interfaces/include/unitree_ocr_interfaces/unitree_ocr_interfaces/msg/detail/detections__functions.h
[2.242s] -- Up-to-date: /home/rs/final_auto/install/unitree_ocr_interfaces/include/unitree_ocr_interfaces/unitree_ocr_interfaces/msg/detail/detections__struct.h
[2.242s] -- Up-to-date: /home/rs/final_auto/install/unitree_ocr_interfaces/include/unitree_ocr_interfaces/unitree_ocr_interfaces/msg/detail/detection__type_support.h
[2.243s] -- Up-to-date: /home/rs/final_auto/install/unitree_ocr_interfaces/include/unitree_ocr_interfaces/unitree_ocr_interfaces/msg/detail/detection__functions.c
[2.243s] -- Up-to-date: /home/rs/final_auto/install/unitree_ocr_interfaces/include/unitree_ocr_interfaces/unitree_ocr_interfaces/msg/detail/detection__struct.h
[2.244s] -- Up-to-date: /home/rs/final_auto/install/unitree_ocr_interfaces/include/unitree_ocr_interfaces/unitree_ocr_interfaces/msg/detail/detections__functions.c
[2.246s] -- Up-to-date: /home/rs/final_auto/install/unitree_ocr_interfaces/include/unitree_ocr_interfaces/unitree_ocr_interfaces/msg/detail/detections__type_support.h
[2.247s] -- Up-to-date: /home/rs/final_auto/install/unitree_ocr_interfaces/include/unitree_ocr_interfaces/unitree_ocr_interfaces/msg/rosidl_generator_c__visibility_control.h
[2.248s] -- Up-to-date: /home/rs/final_auto/install/unitree_ocr_interfaces/include/unitree_ocr_interfaces/unitree_ocr_interfaces/msg/detection.h
[2.249s] -- Up-to-date: /home/rs/final_auto/install/unitree_ocr_interfaces/share/unitree_ocr_interfaces/environment/library_path.sh
[2.251s] -- Up-to-date: /home/rs/final_auto/install/unitree_ocr_interfaces/share/unitree_ocr_interfaces/environment/library_path.dsv
[2.251s] -- Up-to-date: /home/rs/final_auto/install/unitree_ocr_interfaces/lib/libunitree_ocr_interfaces__rosidl_generator_c.so
[2.252s] -- Up-to-date: /home/rs/final_auto/install/unitree_ocr_interfaces/include/unitree_ocr_interfaces/unitree_ocr_interfaces
[2.253s] -- Up-to-date: /home/rs/final_auto/install/unitree_ocr_interfaces/include/unitree_ocr_interfaces/unitree_ocr_interfaces/msg
[2.253s] -- Up-to-date: /home/rs/final_auto/install/unitree_ocr_interfaces/include/unitree_ocr_interfaces/unitree_ocr_interfaces/msg/detail
[2.254s] -- Up-to-date: /home/rs/final_auto/install/unitree_ocr_interfaces/include/unitree_ocr_interfaces/unitree_ocr_interfaces/msg/detail/detection__rosidl_typesupport_fastrtps_c.h
[2.254s] -- Up-to-date: /home/rs/final_auto/install/unitree_ocr_interfaces/include/unitree_ocr_interfaces/unitree_ocr_interfaces/msg/detail/detections__rosidl_typesupport_fastrtps_c.h
[2.255s] -- Up-to-date: /home/rs/final_auto/install/unitree_ocr_interfaces/include/unitree_ocr_interfaces/unitree_ocr_interfaces/msg/rosidl_typesupport_fastrtps_c__visibility_control.h
[2.255s] -- Up-to-date: /home/rs/final_auto/install/unitree_ocr_interfaces/lib/libunitree_ocr_interfaces__rosidl_typesupport_fastrtps_c.so
[2.256s] -- Up-to-date: /home/rs/final_auto/install/unitree_ocr_interfaces/include/unitree_ocr_interfaces/unitree_ocr_interfaces
[2.257s] -- Up-to-date: /home/rs/final_auto/install/unitree_ocr_interfaces/include/unitree_ocr_interfaces/unitree_ocr_interfaces/msg
[2.258s] -- Up-to-date: /home/rs/final_auto/install/unitree_ocr_interfaces/include/unitree_ocr_interfaces/unitree_ocr_interfaces/msg/rosidl_typesupport_introspection_c__visibility_control.h
[2.258s] -- Up-to-date: /home/rs/final_auto/install/unitree_ocr_interfaces/include/unitree_ocr_interfaces/unitree_ocr_interfaces/msg/detail
[2.259s] -- Up-to-date: /home/rs/final_auto/install/unitree_ocr_interfaces/include/unitree_ocr_interfaces/unitree_ocr_interfaces/msg/detail/detection__rosidl_typesupport_introspection_c.h
[2.259s] -- Up-to-date: /home/rs/final_auto/install/unitree_ocr_interfaces/include/unitree_ocr_interfaces/unitree_ocr_interfaces/msg/detail/detections__rosidl_typesupport_introspection_c.h
[2.259s] -- Up-to-date: /home/rs/final_auto/install/unitree_ocr_interfaces/include/unitree_ocr_interfaces/unitree_ocr_interfaces/msg/detail/detection__type_support.c
[2.260s] -- Up-to-date: /home/rs/final_auto/install/unitree_ocr_interfaces/include/unitree_ocr_interfaces/unitree_ocr_interfaces/msg/detail/detections__type_support.c
[2.260s] -- Up-to-date: /home/rs/final_auto/install/unitree_ocr_interfaces/lib/libunitree_ocr_interfaces__rosidl_typesupport_introspection_c.so
[2.260s] -- Up-to-date: /home/rs/final_auto/install/unitree_ocr_interfaces/lib/libunitree_ocr_interfaces__rosidl_typesupport_c.so
[2.260s] -- Up-to-date: /home/rs/final_auto/install/unitree_ocr_interfaces/include/unitree_ocr_interfaces/unitree_ocr_interfaces
[2.260s] -- Up-to-date: /home/rs/final_auto/install/unitree_ocr_interfaces/include/unitree_ocr_interfaces/unitree_ocr_interfaces/msg
[2.261s] -- Up-to-date: /home/rs/final_auto/install/unitree_ocr_interfaces/include/unitree_ocr_interfaces/unitree_ocr_interfaces/msg/detection.hpp
[2.265s] -- Up-to-date: /home/rs/final_auto/install/unitree_ocr_interfaces/include/unitree_ocr_interfaces/unitree_ocr_interfaces/msg/detections.hpp
[2.266s] -- Up-to-date: /home/rs/final_auto/install/unitree_ocr_interfaces/include/unitree_ocr_interfaces/unitree_ocr_interfaces/msg/detail
[2.267s] -- Up-to-date: /home/rs/final_auto/install/unitree_ocr_interfaces/include/unitree_ocr_interfaces/unitree_ocr_interfaces/msg/detail/detection__traits.hpp
[2.272s] -- Up-to-date: /home/rs/final_auto/install/unitree_ocr_interfaces/include/unitree_ocr_interfaces/unitree_ocr_interfaces/msg/detail/detections__builder.hpp
[2.272s] -- Up-to-date: /home/rs/final_auto/install/unitree_ocr_interfaces/include/unitree_ocr_interfaces/unitree_ocr_interfaces/msg/detail/detections__traits.hpp
[2.272s] -- Up-to-date: /home/rs/final_auto/install/unitree_ocr_interfaces/include/unitree_ocr_interfaces/unitree_ocr_interfaces/msg/detail/detection__builder.hpp
[2.273s] -- Up-to-date: /home/rs/final_auto/install/unitree_ocr_interfaces/include/unitree_ocr_interfaces/unitree_ocr_interfaces/msg/detail/detection__struct.hpp
[2.273s] -- Up-to-date: /home/rs/final_auto/install/unitree_ocr_interfaces/include/unitree_ocr_interfaces/unitree_ocr_interfaces/msg/detail/detections__struct.hpp
[2.273s] -- Up-to-date: /home/rs/final_auto/install/unitree_ocr_interfaces/include/unitree_ocr_interfaces/unitree_ocr_interfaces
[2.273s] -- Up-to-date: /home/rs/final_auto/install/unitree_ocr_interfaces/include/unitree_ocr_interfaces/unitree_ocr_interfaces/msg
[2.274s] -- Up-to-date: /home/rs/final_auto/install/unitree_ocr_interfaces/include/unitree_ocr_interfaces/unitree_ocr_interfaces/msg/detail
[2.275s] -- Up-to-date: /home/rs/final_auto/install/unitree_ocr_interfaces/include/unitree_ocr_interfaces/unitree_ocr_interfaces/msg/detail/dds_fastrtps
[2.276s] -- Up-to-date: /home/rs/final_auto/install/unitree_ocr_interfaces/include/unitree_ocr_interfaces/unitree_ocr_interfaces/msg/detail/detections__rosidl_typesupport_fastrtps_cpp.hpp
[2.277s] -- Up-to-date: /home/rs/final_auto/install/unitree_ocr_interfaces/include/unitree_ocr_interfaces/unitree_ocr_interfaces/msg/detail/detection__rosidl_typesupport_fastrtps_cpp.hpp
[2.277s] -- Up-to-date: /home/rs/final_auto/install/unitree_ocr_interfaces/include/unitree_ocr_interfaces/unitree_ocr_interfaces/msg/rosidl_typesupport_fastrtps_cpp__visibility_control.h
[2.277s] -- Up-to-date: /home/rs/final_auto/install/unitree_ocr_interfaces/lib/libunitree_ocr_interfaces__rosidl_typesupport_fastrtps_cpp.so
[2.277s] -- Up-to-date: /home/rs/final_auto/install/unitree_ocr_interfaces/include/unitree_ocr_interfaces/unitree_ocr_interfaces
[2.277s] -- Up-to-date: /home/rs/final_auto/install/unitree_ocr_interfaces/include/unitree_ocr_interfaces/unitree_ocr_interfaces/msg
[2.277s] -- Up-to-date: /home/rs/final_auto/install/unitree_ocr_interfaces/include/unitree_ocr_interfaces/unitree_ocr_interfaces/msg/detail
[2.278s] -- Up-to-date: /home/rs/final_auto/install/unitree_ocr_interfaces/include/unitree_ocr_interfaces/unitree_ocr_interfaces/msg/detail/detections__rosidl_typesupport_introspection_cpp.hpp
[2.278s] -- Up-to-date: /home/rs/final_auto/install/unitree_ocr_interfaces/include/unitree_ocr_interfaces/unitree_ocr_interfaces/msg/detail/detection__type_support.cpp
[2.278s] -- Up-to-date: /home/rs/final_auto/install/unitree_ocr_interfaces/include/unitree_ocr_interfaces/unitree_ocr_interfaces/msg/detail/detections__type_support.cpp
[2.278s] -- Up-to-date: /home/rs/final_auto/install/unitree_ocr_interfaces/include/unitree_ocr_interfaces/unitree_ocr_interfaces/msg/detail/detection__rosidl_typesupport_introspection_cpp.hpp
[2.279s] -- Up-to-date: /home/rs/final_auto/install/unitree_ocr_interfaces/lib/libunitree_ocr_interfaces__rosidl_typesupport_introspection_cpp.so
[2.280s] -- Up-to-date: /home/rs/final_auto/install/unitree_ocr_interfaces/lib/libunitree_ocr_interfaces__rosidl_typesupport_cpp.so
[2.281s] -- Up-to-date: /home/rs/final_auto/install/unitree_ocr_interfaces/share/unitree_ocr_interfaces/environment/pythonpath.sh
[2.281s] -- Up-to-date: /home/rs/final_auto/install/unitree_ocr_interfaces/share/unitree_ocr_interfaces/environment/pythonpath.dsv
[2.281s] -- Up-to-date: /home/rs/final_auto/install/unitree_ocr_interfaces/local/lib/python3.10/dist-packages/unitree_ocr_interfaces-0.0.0-py3.10.egg-info
[2.281s] -- Installing: /home/rs/final_auto/install/unitree_ocr_interfaces/local/lib/python3.10/dist-packages/unitree_ocr_interfaces-0.0.0-py3.10.egg-info/top_level.txt
[2.281s] -- Installing: /home/rs/final_auto/install/unitree_ocr_interfaces/local/lib/python3.10/dist-packages/unitree_ocr_interfaces-0.0.0-py3.10.egg-info/PKG-INFO
[2.282s] -- Installing: /home/rs/final_auto/install/unitree_ocr_interfaces/local/lib/python3.10/dist-packages/unitree_ocr_interfaces-0.0.0-py3.10.egg-info/dependency_links.txt
[2.282s] -- Installing: /home/rs/final_auto/install/unitree_ocr_interfaces/local/lib/python3.10/dist-packages/unitree_ocr_interfaces-0.0.0-py3.10.egg-info/SOURCES.txt
[2.283s] -- Up-to-date: /home/rs/final_auto/install/unitree_ocr_interfaces/local/lib/python3.10/dist-packages/unitree_ocr_interfaces
[2.284s] -- Up-to-date: /home/rs/final_auto/install/unitree_ocr_interfaces/local/lib/python3.10/dist-packages/unitree_ocr_interfaces/_unitree_ocr_interfaces_s.ep.rosidl_typesupport_fastrtps_c.c
[2.285s] -- Up-to-date: /home/rs/final_auto/install/unitree_ocr_interfaces/local/lib/python3.10/dist-packages/unitree_ocr_interfaces/_unitree_ocr_interfaces_s.ep.rosidl_typesupport_introspection_c.c
[2.285s] -- Up-to-date: /home/rs/final_auto/install/unitree_ocr_interfaces/local/lib/python3.10/dist-packages/unitree_ocr_interfaces/unitree_ocr_interfaces_s__rosidl_typesupport_introspection_c.cpython-310-x86_64-linux-gnu.so
[2.286s] -- Up-to-date: /home/rs/final_auto/install/unitree_ocr_interfaces/local/lib/python3.10/dist-packages/unitree_ocr_interfaces/__init__.py
[2.286s] -- Up-to-date: /home/rs/final_auto/install/unitree_ocr_interfaces/local/lib/python3.10/dist-packages/unitree_ocr_interfaces/unitree_ocr_interfaces_s__rosidl_typesupport_c.cpython-310-x86_64-linux-gnu.so
[2.286s] -- Up-to-date: /home/rs/final_auto/install/unitree_ocr_interfaces/local/lib/python3.10/dist-packages/unitree_ocr_interfaces/_unitree_ocr_interfaces_s.ep.rosidl_typesupport_c.c
[2.287s] -- Up-to-date: /home/rs/final_auto/install/unitree_ocr_interfaces/local/lib/python3.10/dist-packages/unitree_ocr_interfaces/msg
[2.288s] -- Up-to-date: /home/rs/final_auto/install/unitree_ocr_interfaces/local/lib/python3.10/dist-packages/unitree_ocr_interfaces/msg/_detection.py
[2.288s] -- Up-to-date: /home/rs/final_auto/install/unitree_ocr_interfaces/local/lib/python3.10/dist-packages/unitree_ocr_interfaces/msg/_detection_s.c
[2.289s] -- Up-to-date: /home/rs/final_auto/install/unitree_ocr_interfaces/local/lib/python3.10/dist-packages/unitree_ocr_interfaces/msg/_detections_s.c
[2.289s] -- Up-to-date: /home/rs/final_auto/install/unitree_ocr_interfaces/local/lib/python3.10/dist-packages/unitree_ocr_interfaces/msg/__init__.py
[2.290s] -- Up-to-date: /home/rs/final_auto/install/unitree_ocr_interfaces/local/lib/python3.10/dist-packages/unitree_ocr_interfaces/msg/_detections.py
[2.290s] -- Up-to-date: /home/rs/final_auto/install/unitree_ocr_interfaces/local/lib/python3.10/dist-packages/unitree_ocr_interfaces/libunitree_ocr_interfaces_msg__rosidl_generator_py.so
[2.292s] -- Up-to-date: /home/rs/final_auto/install/unitree_ocr_interfaces/local/lib/python3.10/dist-packages/unitree_ocr_interfaces/unitree_ocr_interfaces_s__rosidl_typesupport_fastrtps_c.cpython-310-x86_64-linux-gnu.so
[2.413s] Listing '/home/rs/final_auto/install/unitree_ocr_interfaces/local/lib/python3.10/dist-packages/unitree_ocr_interfaces'...
[2.413s] Listing '/home/rs/final_auto/install/unitree_ocr_interfaces/local/lib/python3.10/dist-packages/unitree_ocr_interfaces/msg'...
[2.422s] -- Up-to-date: /home/rs/final_auto/install/unitree_ocr_interfaces/local/lib/python3.10/dist-packages/unitree_ocr_interfaces/unitree_ocr_interfaces_s__rosidl_typesupport_fastrtps_c.cpython-310-x86_64-linux-gnu.so
[2.426s] -- Up-to-date: /home/rs/final_auto/install/unitree_ocr_interfaces/local/lib/python3.10/dist-packages/unitree_ocr_interfaces/unitree_ocr_interfaces_s__rosidl_typesupport_introspection_c.cpython-310-x86_64-linux-gnu.so
[2.452s] -- Up-to-date: /home/rs/final_auto/install/unitree_ocr_interfaces/local/lib/python3.10/dist-packages/unitree_ocr_interfaces/unitree_ocr_interfaces_s__rosidl_typesupport_c.cpython-310-x86_64-linux-gnu.so
[2.461s] -- Up-to-date: /home/rs/final_auto/install/unitree_ocr_interfaces/lib/libunitree_ocr_interfaces_msg__rosidl_generator_py.so
[2.461s] -- Up-to-date: /home/rs/final_auto/install/unitree_ocr_interfaces/share/unitree_ocr_interfaces/msg/Detection.idl
[2.462s] -- Up-to-date: /home/rs/final_auto/install/unitree_ocr_interfaces/share/unitree_ocr_interfaces/msg/Detections.idl
[2.465s] -- Up-to-date: /home/rs/final_auto/install/unitree_ocr_interfaces/share/unitree_ocr_interfaces/msg/Detection.msg
[2.466s] -- Up-to-date: /home/rs/final_auto/install/unitree_ocr_interfaces/share/unitree_ocr_interfaces/msg/Detections.msg
[2.467s] -- Up-to-date: /home/rs/final_auto/install/unitree_ocr_interfaces/share/ament_index/resource_index/package_run_dependencies/unitree_ocr_interfaces
[2.496s] -- Up-to-date: /home/rs/final_auto/install/unitree_ocr_interfaces/share/ament_index/resource_index/parent_prefix_path/unitree_ocr_interfaces
[2.497s] -- Up-to-date: /home/rs/final_auto/install/unitree_ocr_interfaces/share/unitree_ocr_interfaces/environment/ament_prefix_path.sh
[2.497s] -- Up-to-date: /home/rs/final_auto/install/unitree_ocr_interfaces/share/unitree_ocr_interfaces/environment/ament_prefix_path.dsv
[2.498s] -- Up-to-date: /home/rs/final_auto/install/unitree_ocr_interfaces/share/unitree_ocr_interfaces/environment/path.sh
[2.499s] -- Up-to-date: /home/rs/final_auto/install/unitree_ocr_interfaces/share/unitree_ocr_interfaces/environment/path.dsv
[2.500s] -- Up-to-date: /home/rs/final_auto/install/unitree_ocr_interfaces/share/unitree_ocr_interfaces/local_setup.bash
[2.501s] -- Up-to-date: /home/rs/final_auto/install/unitree_ocr_interfaces/share/unitree_ocr_interfaces/local_setup.sh
[2.502s] -- Up-to-date: /home/rs/final_auto/install/unitree_ocr_interfaces/share/unitree_ocr_interfaces/local_setup.zsh
[2.503s] -- Up-to-date: /home/rs/final_auto/install/unitree_ocr_interfaces/share/unitree_ocr_interfaces/local_setup.dsv
[2.504s] -- Installing: /home/rs/final_auto/install/unitree_ocr_interfaces/share/unitree_ocr_interfaces/package.dsv
[2.504s] -- Up-to-date: /home/rs/final_auto/install/unitree_ocr_interfaces/share/ament_index/resource_index/packages/unitree_ocr_interfaces
[2.505s] -- Up-to-date: /home/rs/final_auto/install/unitree_ocr_interfaces/share/unitree_ocr_interfaces/cmake/export_unitree_ocr_interfaces_msg__rosidl_generator_cExport.cmake
[2.506s] -- Up-to-date: /home/rs/final_auto/install/unitree_ocr_interfaces/share/unitree_ocr_interfaces/cmake/export_unitree_ocr_interfaces_msg__rosidl_generator_cExport-noconfig.cmake
[2.507s] -- Up-to-date: /home/rs/final_auto/install/unitree_ocr_interfaces/share/unitree_ocr_interfaces/cmake/export_unitree_ocr_interfaces_msg__rosidl_typesupport_fastrtps_cExport.cmake
[2.508s] -- Up-to-date: /home/rs/final_auto/install/unitree_ocr_interfaces/share/unitree_ocr_interfaces/cmake/export_unitree_ocr_interfaces_msg__rosidl_typesupport_fastrtps_cExport-noconfig.cmake
[2.509s] -- Up-to-date: /home/rs/final_auto/install/unitree_ocr_interfaces/share/unitree_ocr_interfaces/cmake/unitree_ocr_interfaces_msg__rosidl_typesupport_introspection_cExport.cmake
[2.509s] -- Up-to-date: /home/rs/final_auto/install/unitree_ocr_interfaces/share/unitree_ocr_interfaces/cmake/unitree_ocr_interfaces_msg__rosidl_typesupport_introspection_cExport-noconfig.cmake
[2.510s] -- Up-to-date: /home/rs/final_auto/install/unitree_ocr_interfaces/share/unitree_ocr_interfaces/cmake/unitree_ocr_interfaces_msg__rosidl_typesupport_cExport.cmake
[2.512s] -- Up-to-date: /home/rs/final_auto/install/unitree_ocr_interfaces/share/unitree_ocr_interfaces/cmake/unitree_ocr_interfaces_msg__rosidl_typesupport_cExport-noconfig.cmake
[2.512s] -- Up-to-date: /home/rs/final_auto/install/unitree_ocr_interfaces/share/unitree_ocr_interfaces/cmake/export_unitree_ocr_interfaces_msg__rosidl_generator_cppExport.cmake
[2.513s] -- Up-to-date: /home/rs/final_auto/install/unitree_ocr_interfaces/share/unitree_ocr_interfaces/cmake/export_unitree_ocr_interfaces_msg__rosidl_typesupport_fastrtps_cppExport.cmake
[2.513s] -- Up-to-date: /home/rs/final_auto/install/unitree_ocr_interfaces/share/unitree_ocr_interfaces/cmake/export_unitree_ocr_interfaces_msg__rosidl_typesupport_fastrtps_cppExport-noconfig.cmake
[2.513s] -- Up-to-date: /home/rs/final_auto/install/unitree_ocr_interfaces/share/unitree_ocr_interfaces/cmake/unitree_ocr_interfaces_msg__rosidl_typesupport_introspection_cppExport.cmake
[2.514s] -- Up-to-date: /home/rs/final_auto/install/unitree_ocr_interfaces/share/unitree_ocr_interfaces/cmake/unitree_ocr_interfaces_msg__rosidl_typesupport_introspection_cppExport-noconfig.cmake
[2.514s] -- Up-to-date: /home/rs/final_auto/install/unitree_ocr_interfaces/share/unitree_ocr_interfaces/cmake/unitree_ocr_interfaces_msg__rosidl_typesupport_cppExport.cmake
[2.554s] -- Up-to-date: /home/rs/final_auto/install/unitree_ocr_interfaces/share/unitree_ocr_interfaces/cmake/unitree_ocr_interfaces_msg__rosidl_typesupport_cppExport-noconfig.cmake
[2.564s] -- Up-to-date: /home/rs/final_auto/install/unitree_ocr_interfaces/share/unitree_ocr_interfaces/cmake/export_unitree_ocr_interfaces_msg__rosidl_generator_pyExport.cmake
[2.564s] -- Up-to-date: /home/rs/final_auto/install/unitree_ocr_interfaces/share/unitree_ocr_interfaces/cmake/export_unitree_ocr_interfaces_msg__rosidl_generator_pyExport-noconfig.cmake
[2.565s] -- Up-to-date: /home/rs/final_auto/install/unitree_ocr_interfaces/share/unitree_ocr_interfaces/cmake/ament_cmake_export_dependencies-extras.cmake
[2.569s] -- Up-to-date: /home/rs/final_auto/install/unitree_ocr_interfaces/share/unitree_ocr_interfaces/cmake/rosidl_cmake-extras.cmake
[2.571s] -- Up-to-date: /home/rs/final_auto/install/unitree_ocr_interfaces/share/unitree_ocr_interfaces/cmake/ament_cmake_export_include_directories-extras.cmake
[2.572s] -- Up-to-date: /home/rs/final_auto/install/unitree_ocr_interfaces/share/unitree_ocr_interfaces/cmake/ament_cmake_export_libraries-extras.cmake
[2.576s] -- Up-to-date: /home/rs/final_auto/install/unitree_ocr_interfaces/share/unitree_ocr_interfaces/cmake/ament_cmake_export_targets-extras.cmake
[2.577s] -- Up-to-date: /home/rs/final_auto/install/unitree_ocr_interfaces/share/unitree_ocr_interfaces/cmake/rosidl_cmake_export_typesupport_targets-extras.cmake
[2.578s] -- Up-to-date: /home/rs/final_auto/install/unitree_ocr_interfaces/share/unitree_ocr_interfaces/cmake/rosidl_cmake_export_typesupport_libraries-extras.cmake
[2.579s] -- Up-to-date: /home/rs/final_auto/install/unitree_ocr_interfaces/share/unitree_ocr_interfaces/cmake/unitree_ocr_interfacesConfig.cmake
[2.580s] -- Up-to-date: /home/rs/final_auto/install/unitree_ocr_interfaces/share/unitree_ocr_interfaces/cmake/unitree_ocr_interfacesConfig-version.cmake
[2.580s] -- Up-to-date: /home/rs/final_auto/install/unitree_ocr_interfaces/share/unitree_ocr_interfaces/package.xml
[2.612s] Invoked command in '/home/rs/final_auto/build/unitree_ocr_interfaces' returned '0': CMAKE_PREFIX_PATH=${CMAKE_PREFIX_PATH}:/home/rs/final_auto/install/unitree_nav_launch_module:/opt/ros/humble /usr/bin/cmake --install /home/rs/final_auto/build/unitree_ocr_interfaces
