[0.049s] Invoking command in '/home/rs/go1_robot/build/unitree_legged_real': CMAKE_PREFIX_PATH=/home/rs/go1_robot/install/ros2_unitree_legged_msgs:/home/rs/go1_robot/install/unitree_inspection:/home/rs/go1_robot/install/unitree_ocr:/home/rs/go1_robot/install/unitree_ocr_interfaces:/home/rs/go1_robot/install/unitree_nav:/home/rs/go1_robot/install/unitree_nav_interfaces:/home/rs/go1_robot/install/unitree_legged_real:/home/rs/go1_robot/install/unitree_inspection_interfaces:/home/rs/go1_robot/install/go1_description:/home/rs/go1_robot/install/unitree_nav_launch_module:/opt/ros/humble LD_LIBRARY_PATH=/home/rs/go1_robot/install/ros2_unitree_legged_msgs/lib:/home/rs/go1_robot/install/unitree_ocr_interfaces/lib:/home/rs/go1_robot/install/unitree_nav_interfaces/lib:/home/rs/go1_robot/install/unitree_legged_real/lib:/home/rs/go1_robot/install/unitree_inspection_interfaces/lib:/usr/lib/x86_64-linux-gnu/gazebo-11/plugins:/opt/ros/humble/opt/rviz_ogre_vendor/lib:/opt/ros/humble/lib/x86_64-linux-gnu:/opt/ros/humble/lib /usr/bin/cmake --build /home/rs/go1_robot/build/unitree_legged_real -- -j13 -l13
[0.255s] [ 12%] Built target ros2_udp
[0.257s] [ 37%] Built target jsp_low
[0.257s] [ 37%] Built target ros2_walk_example
[0.269s] [ 62%] Built target ros2_position_example
[0.269s] [ 62%] Built target custom_gait
[0.269s] [ 75%] Built target jsp_high
[0.278s] [ 87%] Built target udp_high
[0.279s] [100%] Built target udp_low
[0.323s] Invoked command in '/home/rs/go1_robot/build/unitree_legged_real' returned '0': CMAKE_PREFIX_PATH=/home/rs/go1_robot/install/ros2_unitree_legged_msgs:/home/rs/go1_robot/install/unitree_inspection:/home/rs/go1_robot/install/unitree_ocr:/home/rs/go1_robot/install/unitree_ocr_interfaces:/home/rs/go1_robot/install/unitree_nav:/home/rs/go1_robot/install/unitree_nav_interfaces:/home/rs/go1_robot/install/unitree_legged_real:/home/rs/go1_robot/install/unitree_inspection_interfaces:/home/rs/go1_robot/install/go1_description:/home/rs/go1_robot/install/unitree_nav_launch_module:/opt/ros/humble LD_LIBRARY_PATH=/home/rs/go1_robot/install/ros2_unitree_legged_msgs/lib:/home/rs/go1_robot/install/unitree_ocr_interfaces/lib:/home/rs/go1_robot/install/unitree_nav_interfaces/lib:/home/rs/go1_robot/install/unitree_legged_real/lib:/home/rs/go1_robot/install/unitree_inspection_interfaces/lib:/usr/lib/x86_64-linux-gnu/gazebo-11/plugins:/opt/ros/humble/opt/rviz_ogre_vendor/lib:/opt/ros/humble/lib/x86_64-linux-gnu:/opt/ros/humble/lib /usr/bin/cmake --build /home/rs/go1_robot/build/unitree_legged_real -- -j13 -l13
[0.587s] Invoking command in '/home/rs/go1_robot/build/unitree_legged_real': CMAKE_PREFIX_PATH=/home/rs/go1_robot/install/ros2_unitree_legged_msgs:/home/rs/go1_robot/install/unitree_inspection:/home/rs/go1_robot/install/unitree_ocr:/home/rs/go1_robot/install/unitree_ocr_interfaces:/home/rs/go1_robot/install/unitree_nav:/home/rs/go1_robot/install/unitree_nav_interfaces:/home/rs/go1_robot/install/unitree_legged_real:/home/rs/go1_robot/install/unitree_inspection_interfaces:/home/rs/go1_robot/install/go1_description:/home/rs/go1_robot/install/unitree_nav_launch_module:/opt/ros/humble LD_LIBRARY_PATH=/home/rs/go1_robot/install/ros2_unitree_legged_msgs/lib:/home/rs/go1_robot/install/unitree_ocr_interfaces/lib:/home/rs/go1_robot/install/unitree_nav_interfaces/lib:/home/rs/go1_robot/install/unitree_legged_real/lib:/home/rs/go1_robot/install/unitree_inspection_interfaces/lib:/usr/lib/x86_64-linux-gnu/gazebo-11/plugins:/opt/ros/humble/opt/rviz_ogre_vendor/lib:/opt/ros/humble/lib/x86_64-linux-gnu:/opt/ros/humble/lib /usr/bin/cmake --install /home/rs/go1_robot/build/unitree_legged_real
[0.605s] -- Install configuration: ""
[0.606s] -- Up-to-date: /home/rs/go1_robot/install/unitree_legged_real/lib
[0.606s] -- Up-to-date: /home/rs/go1_robot/install/unitree_legged_real/lib/libunitree_legged_sdk_arm64.so
[0.606s] -- Up-to-date: /home/rs/go1_robot/install/unitree_legged_real/lib/libunitree_legged_sdk_amd64.so
[0.606s] -- Up-to-date: /home/rs/go1_robot/install/unitree_legged_real/lib/unitree_legged_real/ros2_udp
[0.607s] -- Up-to-date: /home/rs/go1_robot/install/unitree_legged_real/lib/unitree_legged_real/udp_high
[0.608s] -- Up-to-date: /home/rs/go1_robot/install/unitree_legged_real/lib/unitree_legged_real/jsp_high
[0.609s] -- Up-to-date: /home/rs/go1_robot/install/unitree_legged_real/lib/unitree_legged_real/ros2_walk_example
[0.610s] -- Up-to-date: /home/rs/go1_robot/install/unitree_legged_real/lib/unitree_legged_real/ros2_position_example
[0.611s] -- Up-to-date: /home/rs/go1_robot/install/unitree_legged_real/lib/unitree_legged_real/custom_gait
[0.613s] -- Up-to-date: /home/rs/go1_robot/install/unitree_legged_real/lib/unitree_legged_real/udp_low
[0.614s] -- Up-to-date: /home/rs/go1_robot/install/unitree_legged_real/lib/unitree_legged_real/jsp_low
[0.616s] -- Up-to-date: /home/rs/go1_robot/install/unitree_legged_real/share/unitree_legged_real//launch
[0.616s] -- Up-to-date: /home/rs/go1_robot/install/unitree_legged_real/share/unitree_legged_real//launch/high.launch.py
[0.617s] -- Up-to-date: /home/rs/go1_robot/install/unitree_legged_real/share/unitree_legged_real//launch/low.launch.py
[0.624s] -- Up-to-date: /home/rs/go1_robot/install/unitree_legged_real/share/unitree_legged_real//config
[0.627s] -- Up-to-date: /home/rs/go1_robot/install/unitree_legged_real/share/unitree_legged_real//config/state_only.rviz
[0.627s] -- Up-to-date: /home/rs/go1_robot/install/unitree_legged_real/share/unitree_legged_real//config/state_and_cmd.rviz
[0.628s] -- Up-to-date: /home/rs/go1_robot/install/unitree_legged_real/share/unitree_legged_real//config/cmd_only.rviz
[0.630s] -- Up-to-date: /home/rs/go1_robot/install/unitree_legged_real/share/ament_index/resource_index/package_run_dependencies/unitree_legged_real
[0.631s] -- Up-to-date: /home/rs/go1_robot/install/unitree_legged_real/share/ament_index/resource_index/parent_prefix_path/unitree_legged_real
[0.635s] -- Up-to-date: /home/rs/go1_robot/install/unitree_legged_real/share/unitree_legged_real/environment/ament_prefix_path.sh
[0.637s] -- Up-to-date: /home/rs/go1_robot/install/unitree_legged_real/share/unitree_legged_real/environment/ament_prefix_path.dsv
[0.644s] -- Up-to-date: /home/rs/go1_robot/install/unitree_legged_real/share/unitree_legged_real/environment/path.sh
[0.645s] -- Up-to-date: /home/rs/go1_robot/install/unitree_legged_real/share/unitree_legged_real/environment/path.dsv
[0.645s] -- Up-to-date: /home/rs/go1_robot/install/unitree_legged_real/share/unitree_legged_real/local_setup.bash
[0.646s] -- Up-to-date: /home/rs/go1_robot/install/unitree_legged_real/share/unitree_legged_real/local_setup.sh
[0.647s] -- Up-to-date: /home/rs/go1_robot/install/unitree_legged_real/share/unitree_legged_real/local_setup.zsh
[0.648s] -- Up-to-date: /home/rs/go1_robot/install/unitree_legged_real/share/unitree_legged_real/local_setup.dsv
[0.648s] -- Installing: /home/rs/go1_robot/install/unitree_legged_real/share/unitree_legged_real/package.dsv
[0.649s] -- Up-to-date: /home/rs/go1_robot/install/unitree_legged_real/share/ament_index/resource_index/packages/unitree_legged_real
[0.650s] -- Up-to-date: /home/rs/go1_robot/install/unitree_legged_real/share/unitree_legged_real/cmake/unitree_legged_realConfig.cmake
[0.651s] -- Up-to-date: /home/rs/go1_robot/install/unitree_legged_real/share/unitree_legged_real/cmake/unitree_legged_realConfig-version.cmake
[0.651s] -- Up-to-date: /home/rs/go1_robot/install/unitree_legged_real/share/unitree_legged_real/package.xml
[0.652s] Invoked command in '/home/rs/go1_robot/build/unitree_legged_real' returned '0': CMAKE_PREFIX_PATH=/home/rs/go1_robot/install/ros2_unitree_legged_msgs:/home/rs/go1_robot/install/unitree_inspection:/home/rs/go1_robot/install/unitree_ocr:/home/rs/go1_robot/install/unitree_ocr_interfaces:/home/rs/go1_robot/install/unitree_nav:/home/rs/go1_robot/install/unitree_nav_interfaces:/home/rs/go1_robot/install/unitree_legged_real:/home/rs/go1_robot/install/unitree_inspection_interfaces:/home/rs/go1_robot/install/go1_description:/home/rs/go1_robot/install/unitree_nav_launch_module:/opt/ros/humble LD_LIBRARY_PATH=/home/rs/go1_robot/install/ros2_unitree_legged_msgs/lib:/home/rs/go1_robot/install/unitree_ocr_interfaces/lib:/home/rs/go1_robot/install/unitree_nav_interfaces/lib:/home/rs/go1_robot/install/unitree_legged_real/lib:/home/rs/go1_robot/install/unitree_inspection_interfaces/lib:/usr/lib/x86_64-linux-gnu/gazebo-11/plugins:/opt/ros/humble/opt/rviz_ogre_vendor/lib:/opt/ros/humble/lib/x86_64-linux-gnu:/opt/ros/humble/lib /usr/bin/cmake --install /home/rs/go1_robot/build/unitree_legged_real
