[0.129s] Invoking command in '/home/rs/go1_robot/build/go1_description': CMAKE_PREFIX_PATH=${CMAKE_PREFIX_PATH}:/opt/ros/humble:/home/rs/go1_robot/install/unitree_nav_launch_module /usr/bin/cmake --build /home/rs/go1_robot/build/go1_description -- -j13 -l13
[1.203s] Invoked command in '/home/rs/go1_robot/build/go1_description' returned '0': CMAKE_PREFIX_PATH=${CMAKE_PREFIX_PATH}:/opt/ros/humble:/home/rs/go1_robot/install/unitree_nav_launch_module /usr/bin/cmake --build /home/rs/go1_robot/build/go1_description -- -j13 -l13
[1.335s] Invoking command in '/home/rs/go1_robot/build/go1_description': CMAKE_PREFIX_PATH=${CMAKE_PREFIX_PATH}:/opt/ros/humble:/home/rs/go1_robot/install/unitree_nav_launch_module /usr/bin/cmake --install /home/rs/go1_robot/build/go1_description
[1.358s] -- Install configuration: ""
[1.358s] -- Up-to-date: /home/rs/go1_robot/install/go1_description/share/go1_description//launch
[1.359s] -- Up-to-date: /home/rs/go1_robot/install/go1_description/share/go1_description//launch/gazebo_with_gui.launch.py
[1.359s] -- Up-to-date: /home/rs/go1_robot/install/go1_description/share/go1_description//launch/load_go1.launch.py
[1.359s] -- Up-to-date: /home/rs/go1_robot/install/go1_description/share/go1_description//launch/spawn_go1.launch.py
[1.359s] -- Up-to-date: /home/rs/go1_robot/install/go1_description/share/go1_description//config
[1.360s] -- Up-to-date: /home/rs/go1_robot/install/go1_description/share/go1_description//config/go1.rviz
[1.360s] -- Up-to-date: /home/rs/go1_robot/install/go1_description/share/go1_description//meshes
[1.360s] -- Up-to-date: /home/rs/go1_robot/install/go1_description/share/go1_description//meshes/thigh.dae
[1.360s] -- Up-to-date: /home/rs/go1_robot/install/go1_description/share/go1_description//meshes/depthCamera.dae
[1.360s] -- Up-to-date: /home/rs/go1_robot/install/go1_description/share/go1_description//meshes/thigh_mirror.dae
[1.360s] -- Up-to-date: /home/rs/go1_robot/install/go1_description/share/go1_description//meshes/ultraSound.dae
[1.367s] -- Up-to-date: /home/rs/go1_robot/install/go1_description/share/go1_description//meshes/calf.dae
[1.369s] -- Up-to-date: /home/rs/go1_robot/install/go1_description/share/go1_description//meshes/trunk.dae
[1.370s] -- Up-to-date: /home/rs/go1_robot/install/go1_description/share/go1_description//meshes/hip.dae
[1.370s] -- Up-to-date: /home/rs/go1_robot/install/go1_description/share/go1_description//xacro
[1.371s] -- Up-to-date: /home/rs/go1_robot/install/go1_description/share/go1_description//xacro/depthCamera.xacro
[1.371s] -- Up-to-date: /home/rs/go1_robot/install/go1_description/share/go1_description//xacro/gazebo.xacro
[1.371s] -- Up-to-date: /home/rs/go1_robot/install/go1_description/share/go1_description//xacro/const.xacro
[1.371s] -- Up-to-date: /home/rs/go1_robot/install/go1_description/share/go1_description//xacro/transmission.xacro
[1.372s] -- Up-to-date: /home/rs/go1_robot/install/go1_description/share/go1_description//xacro/leg.xacro
[1.372s] -- Up-to-date: /home/rs/go1_robot/install/go1_description/share/go1_description//xacro/robot.xacro
[1.373s] -- Up-to-date: /home/rs/go1_robot/install/go1_description/share/go1_description//xacro/ultraSound.xacro
[1.383s] -- Up-to-date: /home/rs/go1_robot/install/go1_description/share/go1_description//xacro/materials.xacro
[1.384s] -- Up-to-date: /home/rs/go1_robot/install/go1_description/share/go1_description//urdf
[1.384s] -- Up-to-date: /home/rs/go1_robot/install/go1_description/share/go1_description//urdf/robot.urdf
[1.384s] -- Up-to-date: /home/rs/go1_robot/install/go1_description/share/ament_index/resource_index/package_run_dependencies/go1_description
[1.384s] -- Up-to-date: /home/rs/go1_robot/install/go1_description/share/ament_index/resource_index/parent_prefix_path/go1_description
[1.384s] -- Up-to-date: /home/rs/go1_robot/install/go1_description/share/go1_description/environment/ament_prefix_path.sh
[1.384s] -- Up-to-date: /home/rs/go1_robot/install/go1_description/share/go1_description/environment/ament_prefix_path.dsv
[1.384s] -- Up-to-date: /home/rs/go1_robot/install/go1_description/share/go1_description/environment/path.sh
[1.384s] -- Up-to-date: /home/rs/go1_robot/install/go1_description/share/go1_description/environment/path.dsv
[1.384s] -- Up-to-date: /home/rs/go1_robot/install/go1_description/share/go1_description/local_setup.bash
[1.385s] -- Up-to-date: /home/rs/go1_robot/install/go1_description/share/go1_description/local_setup.sh
[1.385s] -- Up-to-date: /home/rs/go1_robot/install/go1_description/share/go1_description/local_setup.zsh
[1.385s] -- Up-to-date: /home/rs/go1_robot/install/go1_description/share/go1_description/local_setup.dsv
[1.386s] -- Installing: /home/rs/go1_robot/install/go1_description/share/go1_description/package.dsv
[1.386s] -- Up-to-date: /home/rs/go1_robot/install/go1_description/share/ament_index/resource_index/packages/go1_description
[1.387s] -- Up-to-date: /home/rs/go1_robot/install/go1_description/share/go1_description/cmake/go1_descriptionConfig.cmake
[1.387s] -- Up-to-date: /home/rs/go1_robot/install/go1_description/share/go1_description/cmake/go1_descriptionConfig-version.cmake
[1.388s] -- Up-to-date: /home/rs/go1_robot/install/go1_description/share/go1_description/package.xml
[1.391s] Invoked command in '/home/rs/go1_robot/build/go1_description' returned '0': CMAKE_PREFIX_PATH=${CMAKE_PREFIX_PATH}:/opt/ros/humble:/home/rs/go1_robot/install/unitree_nav_launch_module /usr/bin/cmake --install /home/rs/go1_robot/build/go1_description
