[0.071s] Invoking command in '/home/rs/go1_robot/build/go1_description': CMAKE_PREFIX_PATH=/opt/ros/humble /usr/bin/cmake /home/rs/go1_robot/src/unitree_ros2/go1_description -DCMAKE_INSTALL_PREFIX=/home/rs/go1_robot/install/go1_description
[0.245s] -- The C compiler identification is GNU 11.4.0
[0.400s] -- The CXX compiler identification is GNU 11.4.0
[0.416s] -- Detecting C compiler ABI info
[0.622s] -- Detecting C compiler ABI info - done
[0.643s] -- Check for working C compiler: /usr/bin/cc - skipped
[0.644s] -- Detecting C compile features
[0.648s] -- Detecting C compile features - done
[0.655s] -- Detecting CXX compiler ABI info
[0.905s] -- Detecting CXX compiler ABI info - done
[0.918s] -- Check for working CXX compiler: /usr/bin/c++ - skipped
[0.920s] -- Detecting CXX compile features
[0.921s] -- Detecting CXX compile features - done
[0.928s] -- Found ament_cmake: 1.3.9 (/opt/ros/humble/share/ament_cmake/cmake)
[1.289s] -- Found Python3: /usr/bin/python3 (found version "3.10.12") found components: Interpreter 
[1.461s] -- Found ament_lint_auto: 0.12.11 (/opt/ros/humble/share/ament_lint_auto/cmake)
[1.611s] -- Added test 'flake8' to check Python code syntax and style conventions
[1.613s] -- Added test 'lint_cmake' to check CMake code style
[1.614s] -- Added test 'pep257' to check Python code against some of the docstring style conventions in PEP 257
[1.617s] -- Added test 'xmllint' to check XML markup files
[1.619s] -- Configuring done
[1.623s] -- Generating done
[1.626s] -- Build files have been written to: /home/rs/go1_robot/build/go1_description
[1.637s] Invoked command in '/home/rs/go1_robot/build/go1_description' returned '0': CMAKE_PREFIX_PATH=/opt/ros/humble /usr/bin/cmake /home/rs/go1_robot/src/unitree_ros2/go1_description -DCMAKE_INSTALL_PREFIX=/home/rs/go1_robot/install/go1_description
[1.643s] Invoking command in '/home/rs/go1_robot/build/go1_description': CMAKE_PREFIX_PATH=/opt/ros/humble /usr/bin/cmake --build /home/rs/go1_robot/build/go1_description -- -j13 -l13
[1.752s] Invoked command in '/home/rs/go1_robot/build/go1_description' returned '0': CMAKE_PREFIX_PATH=/opt/ros/humble /usr/bin/cmake --build /home/rs/go1_robot/build/go1_description -- -j13 -l13
[1.862s] Invoking command in '/home/rs/go1_robot/build/go1_description': CMAKE_PREFIX_PATH=/opt/ros/humble /usr/bin/cmake --install /home/rs/go1_robot/build/go1_description
[1.880s] -- Install configuration: ""
[1.883s] -- Installing: /home/rs/go1_robot/install/go1_description/share/go1_description//launch
[1.883s] -- Installing: /home/rs/go1_robot/install/go1_description/share/go1_description//launch/gazebo_with_gui.launch.py
[1.884s] -- Installing: /home/rs/go1_robot/install/go1_description/share/go1_description//launch/load_go1.launch.py
[1.885s] -- Installing: /home/rs/go1_robot/install/go1_description/share/go1_description//launch/spawn_go1.launch.py
[1.885s] -- Installing: /home/rs/go1_robot/install/go1_description/share/go1_description//config
[1.886s] -- Installing: /home/rs/go1_robot/install/go1_description/share/go1_description//config/go1.rviz
[1.886s] -- Installing: /home/rs/go1_robot/install/go1_description/share/go1_description//meshes
[1.886s] -- Installing: /home/rs/go1_robot/install/go1_description/share/go1_description//meshes/thigh.dae
[1.889s] -- Installing: /home/rs/go1_robot/install/go1_description/share/go1_description//meshes/depthCamera.dae
[1.889s] -- Installing: /home/rs/go1_robot/install/go1_description/share/go1_description//meshes/thigh_mirror.dae
[1.892s] -- Installing: /home/rs/go1_robot/install/go1_description/share/go1_description//meshes/ultraSound.dae
[1.894s] -- Installing: /home/rs/go1_robot/install/go1_description/share/go1_description//meshes/calf.dae
[1.900s] -- Installing: /home/rs/go1_robot/install/go1_description/share/go1_description//meshes/trunk.dae
[2.016s] -- Installing: /home/rs/go1_robot/install/go1_description/share/go1_description//meshes/hip.dae
[2.021s] -- Installing: /home/rs/go1_robot/install/go1_description/share/go1_description//xacro
[2.021s] -- Installing: /home/rs/go1_robot/install/go1_description/share/go1_description//xacro/robot.urdf
[2.022s] -- Installing: /home/rs/go1_robot/install/go1_description/share/go1_description//xacro/depthCamera.xacro
[2.035s] -- Installing: /home/rs/go1_robot/install/go1_description/share/go1_description//xacro/gazebo.xacro
[2.035s] -- Installing: /home/rs/go1_robot/install/go1_description/share/go1_description//xacro/const.xacro
[2.035s] -- Installing: /home/rs/go1_robot/install/go1_description/share/go1_description//xacro/transmission.xacro
[2.036s] -- Installing: /home/rs/go1_robot/install/go1_description/share/go1_description//xacro/leg.xacro
[2.036s] -- Installing: /home/rs/go1_robot/install/go1_description/share/go1_description//xacro/robot.xacro
[2.037s] -- Installing: /home/rs/go1_robot/install/go1_description/share/go1_description//xacro/ultraSound.xacro
[2.037s] -- Installing: /home/rs/go1_robot/install/go1_description/share/go1_description//xacro/materials.xacro
[2.037s] -- Installing: /home/rs/go1_robot/install/go1_description/share/ament_index/resource_index/package_run_dependencies/go1_description
[2.039s] -- Installing: /home/rs/go1_robot/install/go1_description/share/ament_index/resource_index/parent_prefix_path/go1_description
[2.040s] -- Installing: /home/rs/go1_robot/install/go1_description/share/go1_description/environment/ament_prefix_path.sh
[2.040s] -- Installing: /home/rs/go1_robot/install/go1_description/share/go1_description/environment/ament_prefix_path.dsv
[2.040s] -- Installing: /home/rs/go1_robot/install/go1_description/share/go1_description/environment/path.sh
[2.041s] -- Installing: /home/rs/go1_robot/install/go1_description/share/go1_description/environment/path.dsv
[2.042s] -- Installing: /home/rs/go1_robot/install/go1_description/share/go1_description/local_setup.bash
[2.043s] -- Installing: /home/rs/go1_robot/install/go1_description/share/go1_description/local_setup.sh
[2.045s] -- Installing: /home/rs/go1_robot/install/go1_description/share/go1_description/local_setup.zsh
[2.046s] -- Installing: /home/rs/go1_robot/install/go1_description/share/go1_description/local_setup.dsv
[2.047s] -- Installing: /home/rs/go1_robot/install/go1_description/share/go1_description/package.dsv
[2.047s] -- Installing: /home/rs/go1_robot/install/go1_description/share/ament_index/resource_index/packages/go1_description
[2.051s] -- Installing: /home/rs/go1_robot/install/go1_description/share/go1_description/cmake/go1_descriptionConfig.cmake
[2.051s] -- Installing: /home/rs/go1_robot/install/go1_description/share/go1_description/cmake/go1_descriptionConfig-version.cmake
[2.051s] -- Installing: /home/rs/go1_robot/install/go1_description/share/go1_description/package.xml
[2.052s] Invoked command in '/home/rs/go1_robot/build/go1_description' returned '0': CMAKE_PREFIX_PATH=/opt/ros/humble /usr/bin/cmake --install /home/rs/go1_robot/build/go1_description
