[0.007s] Invoking command in '/home/yeryn/final/build/ros2_unitree_legged_msgs': CMAKE_PREFIX_PATH=/opt/ros/humble /usr/bin/cmake /home/yeryn/final/unitree_ros2/ros2_unitree_legged_msgs -DCMAKE_INSTALL_PREFIX=/home/yeryn/final/install/ros2_unitree_legged_msgs
[0.088s] -- The C compiler identification is GNU 11.4.0
[0.140s] -- The CXX compiler identification is GNU 11.4.0
[0.145s] -- Detecting C compiler ABI info
[0.185s] -- Detecting C compiler ABI info - done
[0.186s] -- Check for working C compiler: /usr/bin/cc - skipped
[0.187s] -- Detecting C compile features
[0.187s] -- Detecting C compile features - done
[0.188s] -- Detecting CXX compiler ABI info
[0.227s] -- Detecting CXX compiler ABI info - done
[0.231s] -- Check for working CXX compiler: /usr/bin/c++ - skipped
[0.232s] -- Detecting CXX compile features
[0.232s] -- Detecting CXX compile features - done
[0.235s] -- Found ament_cmake: 1.3.9 (/opt/ros/humble/share/ament_cmake/cmake)
[0.311s] -- Found Python3: /usr/bin/python3 (found version "3.10.12") found components: Interpreter 
[0.360s] -- Found rosidl_default_generators: 1.2.0 (/opt/ros/humble/share/rosidl_default_generators/cmake)
[0.362s] -- Using all available rosidl_typesupport_c: rosidl_typesupport_fastrtps_c;rosidl_typesupport_introspection_c
[0.366s] -- Found rosidl_adapter: 3.1.5 (/opt/ros/humble/share/rosidl_adapter/cmake)
[0.388s] -- Using all available rosidl_typesupport_cpp: rosidl_typesupport_fastrtps_cpp;rosidl_typesupport_introspection_cpp
[0.570s] -- Found ament_cmake_ros: 0.10.0 (/opt/ros/humble/share/ament_cmake_ros/cmake)
[0.664s] -- Using all available rosidl_typesupport_c: rosidl_typesupport_fastrtps_c;rosidl_typesupport_introspection_c
[0.781s] -- Using all available rosidl_typesupport_cpp: rosidl_typesupport_fastrtps_cpp;rosidl_typesupport_introspection_cpp
[0.792s] -- Found PythonInterp: /usr/bin/python3 (found suitable version "3.10.12", minimum required is "3.6") 
[0.793s] -- Found python_cmake_module: 0.10.0 (/opt/ros/humble/share/python_cmake_module/cmake)
[0.805s] -- Found PythonLibs: /usr/lib/aarch64-linux-gnu/libpython3.10.so (found suitable version "3.10.12", minimum required is "3.5") 
[0.806s] -- Using PYTHON_EXECUTABLE: /usr/bin/python3
[0.806s] -- Using PYTHON_INCLUDE_DIRS: /usr/include/python3.10
[0.806s] -- Using PYTHON_LIBRARIES: /usr/lib/aarch64-linux-gnu/libpython3.10.so
[0.816s] -- Found PythonExtra: .so  
[0.835s] -- Configuring done
[0.858s] -- Generating done
[0.860s] -- Build files have been written to: /home/yeryn/final/build/ros2_unitree_legged_msgs
[0.864s] Invoked command in '/home/yeryn/final/build/ros2_unitree_legged_msgs' returned '0': CMAKE_PREFIX_PATH=/opt/ros/humble /usr/bin/cmake /home/yeryn/final/unitree_ros2/ros2_unitree_legged_msgs -DCMAKE_INSTALL_PREFIX=/home/yeryn/final/install/ros2_unitree_legged_msgs
[0.865s] Invoking command in '/home/yeryn/final/build/ros2_unitree_legged_msgs': CMAKE_PREFIX_PATH=/opt/ros/humble /usr/bin/cmake --build /home/yeryn/final/build/ros2_unitree_legged_msgs -- -j4 -l4
[0.921s] [  1%] [34m[1mGenerating C code for ROS interfaces[0m
[0.972s] [  1%] [34m[1mGenerating C++ code for ROS interfaces[0m
[0.989s] [  1%] Built target ament_cmake_python_copy_ros2_unitree_legged_msgs
[1.360s] running egg_info
[1.361s] creating ros2_unitree_legged_msgs.egg-info
[1.361s] writing ros2_unitree_legged_msgs.egg-info/PKG-INFO
[1.361s] writing dependency_links to ros2_unitree_legged_msgs.egg-info/dependency_links.txt
[1.361s] writing top-level names to ros2_unitree_legged_msgs.egg-info/top_level.txt
[1.361s] writing manifest file 'ros2_unitree_legged_msgs.egg-info/SOURCES.txt'
[1.362s] reading manifest file 'ros2_unitree_legged_msgs.egg-info/SOURCES.txt'
[1.362s] writing manifest file 'ros2_unitree_legged_msgs.egg-info/SOURCES.txt'
[1.444s] [  1%] Built target ament_cmake_python_build_ros2_unitree_legged_msgs_egg
[2.516s] [  1%] Built target ros2_unitree_legged_msgs__cpp
[2.523s] [  2%] [32mBuilding C object CMakeFiles/ros2_unitree_legged_msgs__rosidl_generator_c.dir/rosidl_generator_c/ros2_unitree_legged_msgs/msg/detail/motor_cmd__functions.c.o[0m
[2.535s] [  3%] [34m[1mGenerating C++ type support dispatch for ROS interfaces[0m
[2.547s] [  3%] [34m[1mGenerating C++ type support for eProsima Fast-RTPS[0m
[2.565s] [  4%] [34m[1mGenerating C++ introspection for ROS interfaces[0m
[2.586s] [  5%] [32mBuilding C object CMakeFiles/ros2_unitree_legged_msgs__rosidl_generator_c.dir/rosidl_generator_c/ros2_unitree_legged_msgs/msg/detail/motor_state__functions.c.o[0m
[2.645s] [  6%] [32mBuilding C object CMakeFiles/ros2_unitree_legged_msgs__rosidl_generator_c.dir/rosidl_generator_c/ros2_unitree_legged_msgs/msg/detail/bms_cmd__functions.c.o[0m
[2.700s] [  7%] [32mBuilding C object CMakeFiles/ros2_unitree_legged_msgs__rosidl_generator_c.dir/rosidl_generator_c/ros2_unitree_legged_msgs/msg/detail/bms_state__functions.c.o[0m
[2.791s] [  8%] [32mBuilding C object CMakeFiles/ros2_unitree_legged_msgs__rosidl_generator_c.dir/rosidl_generator_c/ros2_unitree_legged_msgs/msg/detail/cartesian__functions.c.o[0m
[2.864s] [  9%] [32mBuilding C object CMakeFiles/ros2_unitree_legged_msgs__rosidl_generator_c.dir/rosidl_generator_c/ros2_unitree_legged_msgs/msg/detail/imu__functions.c.o[0m
[2.917s] [ 10%] [32mBuilding C object CMakeFiles/ros2_unitree_legged_msgs__rosidl_generator_c.dir/rosidl_generator_c/ros2_unitree_legged_msgs/msg/detail/led__functions.c.o[0m
[3.000s] [ 10%] [32mBuilding C object CMakeFiles/ros2_unitree_legged_msgs__rosidl_generator_c.dir/rosidl_generator_c/ros2_unitree_legged_msgs/msg/detail/low_cmd__functions.c.o[0m
[3.152s] [ 11%] [32mBuilding C object CMakeFiles/ros2_unitree_legged_msgs__rosidl_generator_c.dir/rosidl_generator_c/ros2_unitree_legged_msgs/msg/detail/low_state__functions.c.o[0m
[3.246s] [ 12%] [32mBuilding C object CMakeFiles/ros2_unitree_legged_msgs__rosidl_generator_c.dir/rosidl_generator_c/ros2_unitree_legged_msgs/msg/detail/high_cmd__functions.c.o[0m
[3.304s] [ 13%] [32mBuilding C object CMakeFiles/ros2_unitree_legged_msgs__rosidl_generator_c.dir/rosidl_generator_c/ros2_unitree_legged_msgs/msg/detail/high_state__functions.c.o[0m
[3.346s] [ 14%] [32m[1mLinking C shared library libros2_unitree_legged_msgs__rosidl_generator_c.so[0m
[3.347s] [ 15%] [32mBuilding CXX object CMakeFiles/ros2_unitree_legged_msgs__rosidl_typesupport_cpp.dir/rosidl_typesupport_cpp/ros2_unitree_legged_msgs/msg/motor_cmd__type_support.cpp.o[0m
[3.390s] [ 15%] Built target ros2_unitree_legged_msgs__rosidl_generator_c
[3.420s] [ 16%] [34m[1mGenerating C type support for eProsima Fast-RTPS[0m
[3.462s] [ 17%] [32mBuilding CXX object CMakeFiles/ros2_unitree_legged_msgs__rosidl_typesupport_introspection_cpp.dir/rosidl_typesupport_introspection_cpp/ros2_unitree_legged_msgs/msg/detail/motor_cmd__type_support.cpp.o[0m
[3.537s] [ 18%] [32mBuilding CXX object CMakeFiles/ros2_unitree_legged_msgs__rosidl_typesupport_cpp.dir/rosidl_typesupport_cpp/ros2_unitree_legged_msgs/msg/motor_state__type_support.cpp.o[0m
[3.542s] [ 19%] [32mBuilding CXX object CMakeFiles/ros2_unitree_legged_msgs__rosidl_typesupport_fastrtps_cpp.dir/rosidl_typesupport_fastrtps_cpp/ros2_unitree_legged_msgs/msg/detail/dds_fastrtps/motor_cmd__type_support.cpp.o[0m
[3.675s] [ 20%] [32mBuilding CXX object CMakeFiles/ros2_unitree_legged_msgs__rosidl_typesupport_cpp.dir/rosidl_typesupport_cpp/ros2_unitree_legged_msgs/msg/bms_cmd__type_support.cpp.o[0m
[3.677s] [ 20%] [32mBuilding CXX object CMakeFiles/ros2_unitree_legged_msgs__rosidl_typesupport_introspection_cpp.dir/rosidl_typesupport_introspection_cpp/ros2_unitree_legged_msgs/msg/detail/motor_state__type_support.cpp.o[0m
[3.748s] [ 21%] [32mBuilding CXX object CMakeFiles/ros2_unitree_legged_msgs__rosidl_typesupport_fastrtps_cpp.dir/rosidl_typesupport_fastrtps_cpp/ros2_unitree_legged_msgs/msg/detail/dds_fastrtps/motor_state__type_support.cpp.o[0m
[3.803s] [ 22%] [32mBuilding CXX object CMakeFiles/ros2_unitree_legged_msgs__rosidl_typesupport_cpp.dir/rosidl_typesupport_cpp/ros2_unitree_legged_msgs/msg/bms_state__type_support.cpp.o[0m
[3.939s] [ 23%] [32mBuilding CXX object CMakeFiles/ros2_unitree_legged_msgs__rosidl_typesupport_cpp.dir/rosidl_typesupport_cpp/ros2_unitree_legged_msgs/msg/cartesian__type_support.cpp.o[0m
[3.945s] [ 24%] [32mBuilding CXX object CMakeFiles/ros2_unitree_legged_msgs__rosidl_typesupport_introspection_cpp.dir/rosidl_typesupport_introspection_cpp/ros2_unitree_legged_msgs/msg/detail/bms_cmd__type_support.cpp.o[0m
[3.963s] [ 25%] [32mBuilding CXX object CMakeFiles/ros2_unitree_legged_msgs__rosidl_typesupport_fastrtps_cpp.dir/rosidl_typesupport_fastrtps_cpp/ros2_unitree_legged_msgs/msg/detail/dds_fastrtps/bms_cmd__type_support.cpp.o[0m
[4.108s] [ 26%] [32mBuilding CXX object CMakeFiles/ros2_unitree_legged_msgs__rosidl_typesupport_cpp.dir/rosidl_typesupport_cpp/ros2_unitree_legged_msgs/msg/imu__type_support.cpp.o[0m
[4.167s] [ 27%] [32mBuilding CXX object CMakeFiles/ros2_unitree_legged_msgs__rosidl_typesupport_introspection_cpp.dir/rosidl_typesupport_introspection_cpp/ros2_unitree_legged_msgs/msg/detail/bms_state__type_support.cpp.o[0m
[4.181s] [ 28%] [32mBuilding CXX object CMakeFiles/ros2_unitree_legged_msgs__rosidl_typesupport_fastrtps_cpp.dir/rosidl_typesupport_fastrtps_cpp/ros2_unitree_legged_msgs/msg/detail/dds_fastrtps/bms_state__type_support.cpp.o[0m
[4.233s] [ 29%] [32mBuilding CXX object CMakeFiles/ros2_unitree_legged_msgs__rosidl_typesupport_fastrtps_c.dir/rosidl_typesupport_fastrtps_c/ros2_unitree_legged_msgs/msg/detail/motor_cmd__type_support_c.cpp.o[0m
[4.289s] [ 30%] [32mBuilding CXX object CMakeFiles/ros2_unitree_legged_msgs__rosidl_typesupport_cpp.dir/rosidl_typesupport_cpp/ros2_unitree_legged_msgs/msg/led__type_support.cpp.o[0m
[4.382s] [ 32%] [32mBuilding CXX object CMakeFiles/ros2_unitree_legged_msgs__rosidl_typesupport_fastrtps_cpp.dir/rosidl_typesupport_fastrtps_cpp/ros2_unitree_legged_msgs/msg/detail/dds_fastrtps/cartesian__type_support.cpp.o[0m
[4.382s] [ 32%] [32mBuilding CXX object CMakeFiles/ros2_unitree_legged_msgs__rosidl_typesupport_introspection_cpp.dir/rosidl_typesupport_introspection_cpp/ros2_unitree_legged_msgs/msg/detail/cartesian__type_support.cpp.o[0m
[4.412s] [ 33%] [32mBuilding CXX object CMakeFiles/ros2_unitree_legged_msgs__rosidl_typesupport_fastrtps_c.dir/rosidl_typesupport_fastrtps_c/ros2_unitree_legged_msgs/msg/detail/motor_state__type_support_c.cpp.o[0m
[4.412s] [ 33%] [32mBuilding CXX object CMakeFiles/ros2_unitree_legged_msgs__rosidl_typesupport_cpp.dir/rosidl_typesupport_cpp/ros2_unitree_legged_msgs/msg/low_cmd__type_support.cpp.o[0m
[4.543s] [ 34%] [32mBuilding CXX object CMakeFiles/ros2_unitree_legged_msgs__rosidl_typesupport_cpp.dir/rosidl_typesupport_cpp/ros2_unitree_legged_msgs/msg/low_state__type_support.cpp.o[0m
[4.583s] [ 35%] [32mBuilding CXX object CMakeFiles/ros2_unitree_legged_msgs__rosidl_typesupport_fastrtps_cpp.dir/rosidl_typesupport_fastrtps_cpp/ros2_unitree_legged_msgs/msg/detail/dds_fastrtps/imu__type_support.cpp.o[0m
[4.583s] [ 36%] [32mBuilding CXX object CMakeFiles/ros2_unitree_legged_msgs__rosidl_typesupport_introspection_cpp.dir/rosidl_typesupport_introspection_cpp/ros2_unitree_legged_msgs/msg/detail/imu__type_support.cpp.o[0m
[4.587s] [ 37%] [32mBuilding CXX object CMakeFiles/ros2_unitree_legged_msgs__rosidl_typesupport_fastrtps_c.dir/rosidl_typesupport_fastrtps_c/ros2_unitree_legged_msgs/msg/detail/bms_cmd__type_support_c.cpp.o[0m
[4.690s] [ 38%] [32mBuilding CXX object CMakeFiles/ros2_unitree_legged_msgs__rosidl_typesupport_cpp.dir/rosidl_typesupport_cpp/ros2_unitree_legged_msgs/msg/high_cmd__type_support.cpp.o[0m
[4.764s] [ 39%] [32mBuilding CXX object CMakeFiles/ros2_unitree_legged_msgs__rosidl_typesupport_introspection_cpp.dir/rosidl_typesupport_introspection_cpp/ros2_unitree_legged_msgs/msg/detail/led__type_support.cpp.o[0m
[4.775s] [ 40%] [32mBuilding CXX object CMakeFiles/ros2_unitree_legged_msgs__rosidl_typesupport_fastrtps_c.dir/rosidl_typesupport_fastrtps_c/ros2_unitree_legged_msgs/msg/detail/bms_state__type_support_c.cpp.o[0m
[4.789s] [ 41%] [32mBuilding CXX object CMakeFiles/ros2_unitree_legged_msgs__rosidl_typesupport_fastrtps_cpp.dir/rosidl_typesupport_fastrtps_cpp/ros2_unitree_legged_msgs/msg/detail/dds_fastrtps/led__type_support.cpp.o[0m
[4.878s] [ 42%] [32mBuilding CXX object CMakeFiles/ros2_unitree_legged_msgs__rosidl_typesupport_cpp.dir/rosidl_typesupport_cpp/ros2_unitree_legged_msgs/msg/high_state__type_support.cpp.o[0m
[4.931s] [ 43%] [32mBuilding CXX object CMakeFiles/ros2_unitree_legged_msgs__rosidl_typesupport_introspection_cpp.dir/rosidl_typesupport_introspection_cpp/ros2_unitree_legged_msgs/msg/detail/low_cmd__type_support.cpp.o[0m
[4.968s] [ 43%] [32mBuilding CXX object CMakeFiles/ros2_unitree_legged_msgs__rosidl_typesupport_fastrtps_c.dir/rosidl_typesupport_fastrtps_c/ros2_unitree_legged_msgs/msg/detail/cartesian__type_support_c.cpp.o[0m
[5.000s] [ 44%] [32mBuilding CXX object CMakeFiles/ros2_unitree_legged_msgs__rosidl_typesupport_fastrtps_cpp.dir/rosidl_typesupport_fastrtps_cpp/ros2_unitree_legged_msgs/msg/detail/dds_fastrtps/low_cmd__type_support.cpp.o[0m
[5.047s] [ 45%] [32m[1mLinking CXX shared library libros2_unitree_legged_msgs__rosidl_typesupport_cpp.so[0m
[5.070s] [ 45%] Built target ros2_unitree_legged_msgs__rosidl_typesupport_cpp
[5.077s] [ 46%] [34m[1mGenerating C introspection for ROS interfaces[0m
[5.120s] [ 47%] [32mBuilding CXX object CMakeFiles/ros2_unitree_legged_msgs__rosidl_typesupport_introspection_cpp.dir/rosidl_typesupport_introspection_cpp/ros2_unitree_legged_msgs/msg/detail/low_state__type_support.cpp.o[0m
[5.185s] [ 48%] [32mBuilding CXX object CMakeFiles/ros2_unitree_legged_msgs__rosidl_typesupport_fastrtps_cpp.dir/rosidl_typesupport_fastrtps_cpp/ros2_unitree_legged_msgs/msg/detail/dds_fastrtps/low_state__type_support.cpp.o[0m
[5.196s] [ 49%] [32mBuilding CXX object CMakeFiles/ros2_unitree_legged_msgs__rosidl_typesupport_fastrtps_c.dir/rosidl_typesupport_fastrtps_c/ros2_unitree_legged_msgs/msg/detail/imu__type_support_c.cpp.o[0m
[5.318s] [ 50%] [32mBuilding CXX object CMakeFiles/ros2_unitree_legged_msgs__rosidl_typesupport_introspection_cpp.dir/rosidl_typesupport_introspection_cpp/ros2_unitree_legged_msgs/msg/detail/high_cmd__type_support.cpp.o[0m
[5.366s] [ 51%] [32mBuilding CXX object CMakeFiles/ros2_unitree_legged_msgs__rosidl_typesupport_fastrtps_c.dir/rosidl_typesupport_fastrtps_c/ros2_unitree_legged_msgs/msg/detail/led__type_support_c.cpp.o[0m
[5.401s] [ 51%] [32mBuilding CXX object CMakeFiles/ros2_unitree_legged_msgs__rosidl_typesupport_fastrtps_cpp.dir/rosidl_typesupport_fastrtps_cpp/ros2_unitree_legged_msgs/msg/detail/dds_fastrtps/high_cmd__type_support.cpp.o[0m
[5.510s] [ 52%] [32mBuilding CXX object CMakeFiles/ros2_unitree_legged_msgs__rosidl_typesupport_introspection_cpp.dir/rosidl_typesupport_introspection_cpp/ros2_unitree_legged_msgs/msg/detail/high_state__type_support.cpp.o[0m
[5.602s] [ 53%] [32mBuilding CXX object CMakeFiles/ros2_unitree_legged_msgs__rosidl_typesupport_fastrtps_cpp.dir/rosidl_typesupport_fastrtps_cpp/ros2_unitree_legged_msgs/msg/detail/dds_fastrtps/high_state__type_support.cpp.o[0m
[5.612s] [ 54%] [32mBuilding CXX object CMakeFiles/ros2_unitree_legged_msgs__rosidl_typesupport_fastrtps_c.dir/rosidl_typesupport_fastrtps_c/ros2_unitree_legged_msgs/msg/detail/low_cmd__type_support_c.cpp.o[0m
[5.722s] [ 55%] [32m[1mLinking CXX shared library libros2_unitree_legged_msgs__rosidl_typesupport_introspection_cpp.so[0m
[5.786s] [ 55%] Built target ros2_unitree_legged_msgs__rosidl_typesupport_introspection_cpp
[5.796s] [ 56%] [32mBuilding CXX object CMakeFiles/ros2_unitree_legged_msgs__rosidl_typesupport_fastrtps_c.dir/rosidl_typesupport_fastrtps_c/ros2_unitree_legged_msgs/msg/detail/low_state__type_support_c.cpp.o[0m
[5.798s] [ 57%] [34m[1mGenerating C type support dispatch for ROS interfaces[0m
[5.801s] [ 58%] [32mBuilding C object CMakeFiles/ros2_unitree_legged_msgs__rosidl_typesupport_introspection_c.dir/rosidl_typesupport_introspection_c/ros2_unitree_legged_msgs/msg/detail/motor_cmd__type_support.c.o[0m
[5.827s] [ 59%] [32m[1mLinking CXX shared library libros2_unitree_legged_msgs__rosidl_typesupport_fastrtps_cpp.so[0m
[5.877s] [ 60%] [32mBuilding C object CMakeFiles/ros2_unitree_legged_msgs__rosidl_typesupport_introspection_c.dir/rosidl_typesupport_introspection_c/ros2_unitree_legged_msgs/msg/detail/motor_state__type_support.c.o[0m
[5.877s] [ 60%] Built target ros2_unitree_legged_msgs__rosidl_typesupport_fastrtps_cpp
[5.881s] [ 61%] [32mBuilding CXX object CMakeFiles/ros2_unitree_legged_msgs__rosidl_typesupport_fastrtps_c.dir/rosidl_typesupport_fastrtps_c/ros2_unitree_legged_msgs/msg/detail/high_cmd__type_support_c.cpp.o[0m
[5.917s] [ 62%] [32mBuilding C object CMakeFiles/ros2_unitree_legged_msgs__rosidl_typesupport_introspection_c.dir/rosidl_typesupport_introspection_c/ros2_unitree_legged_msgs/msg/detail/bms_cmd__type_support.c.o[0m
[5.947s] [ 63%] [32mBuilding C object CMakeFiles/ros2_unitree_legged_msgs__rosidl_typesupport_introspection_c.dir/rosidl_typesupport_introspection_c/ros2_unitree_legged_msgs/msg/detail/bms_state__type_support.c.o[0m
[5.965s] [ 64%] [32mBuilding CXX object CMakeFiles/ros2_unitree_legged_msgs__rosidl_typesupport_fastrtps_c.dir/rosidl_typesupport_fastrtps_c/ros2_unitree_legged_msgs/msg/detail/high_state__type_support_c.cpp.o[0m
[5.969s] [ 65%] [32mBuilding C object CMakeFiles/ros2_unitree_legged_msgs__rosidl_typesupport_introspection_c.dir/rosidl_typesupport_introspection_c/ros2_unitree_legged_msgs/msg/detail/cartesian__type_support.c.o[0m
[6.012s] [ 66%] [32mBuilding C object CMakeFiles/ros2_unitree_legged_msgs__rosidl_typesupport_introspection_c.dir/rosidl_typesupport_introspection_c/ros2_unitree_legged_msgs/msg/detail/imu__type_support.c.o[0m
[6.055s] [ 66%] [32mBuilding C object CMakeFiles/ros2_unitree_legged_msgs__rosidl_typesupport_introspection_c.dir/rosidl_typesupport_introspection_c/ros2_unitree_legged_msgs/msg/detail/led__type_support.c.o[0m
[6.057s] [ 67%] [32mBuilding C object CMakeFiles/ros2_unitree_legged_msgs__rosidl_typesupport_introspection_c.dir/rosidl_typesupport_introspection_c/ros2_unitree_legged_msgs/msg/detail/low_cmd__type_support.c.o[0m
[6.089s] [ 68%] [32mBuilding C object CMakeFiles/ros2_unitree_legged_msgs__rosidl_typesupport_introspection_c.dir/rosidl_typesupport_introspection_c/ros2_unitree_legged_msgs/msg/detail/low_state__type_support.c.o[0m
[6.097s] [ 69%] [32mBuilding C object CMakeFiles/ros2_unitree_legged_msgs__rosidl_typesupport_introspection_c.dir/rosidl_typesupport_introspection_c/ros2_unitree_legged_msgs/msg/detail/high_cmd__type_support.c.o[0m
[6.129s] [ 70%] [32mBuilding C object CMakeFiles/ros2_unitree_legged_msgs__rosidl_typesupport_introspection_c.dir/rosidl_typesupport_introspection_c/ros2_unitree_legged_msgs/msg/detail/high_state__type_support.c.o[0m
[6.162s] [ 71%] [32m[1mLinking C shared library libros2_unitree_legged_msgs__rosidl_typesupport_introspection_c.so[0m
[6.165s] [ 72%] [32m[1mLinking CXX shared library libros2_unitree_legged_msgs__rosidl_typesupport_fastrtps_c.so[0m
[6.177s] [ 72%] Built target ros2_unitree_legged_msgs__rosidl_typesupport_introspection_c
[6.202s] [ 72%] Built target ros2_unitree_legged_msgs__rosidl_typesupport_fastrtps_c
[6.281s] [ 74%] [32mBuilding CXX object CMakeFiles/ros2_unitree_legged_msgs__rosidl_typesupport_c.dir/rosidl_typesupport_c/ros2_unitree_legged_msgs/msg/motor_state__type_support.cpp.o[0m
[6.281s] [ 74%] [32mBuilding CXX object CMakeFiles/ros2_unitree_legged_msgs__rosidl_typesupport_c.dir/rosidl_typesupport_c/ros2_unitree_legged_msgs/msg/motor_cmd__type_support.cpp.o[0m
[6.281s] [ 75%] [32mBuilding CXX object CMakeFiles/ros2_unitree_legged_msgs__rosidl_typesupport_c.dir/rosidl_typesupport_c/ros2_unitree_legged_msgs/msg/bms_state__type_support.cpp.o[0m
[6.284s] [ 75%] [32mBuilding CXX object CMakeFiles/ros2_unitree_legged_msgs__rosidl_typesupport_c.dir/rosidl_typesupport_c/ros2_unitree_legged_msgs/msg/bms_cmd__type_support.cpp.o[0m
[6.304s] [ 76%] [32mBuilding CXX object CMakeFiles/ros2_unitree_legged_msgs__rosidl_typesupport_c.dir/rosidl_typesupport_c/ros2_unitree_legged_msgs/msg/led__type_support.cpp.o[0m
[6.304s] [ 77%] [32mBuilding CXX object CMakeFiles/ros2_unitree_legged_msgs__rosidl_typesupport_c.dir/rosidl_typesupport_c/ros2_unitree_legged_msgs/msg/imu__type_support.cpp.o[0m
[6.304s] [ 78%] [32mBuilding CXX object CMakeFiles/ros2_unitree_legged_msgs__rosidl_typesupport_c.dir/rosidl_typesupport_c/ros2_unitree_legged_msgs/msg/low_cmd__type_support.cpp.o[0m
[6.305s] [ 79%] [32mBuilding CXX object CMakeFiles/ros2_unitree_legged_msgs__rosidl_typesupport_c.dir/rosidl_typesupport_c/ros2_unitree_legged_msgs/msg/cartesian__type_support.cpp.o[0m
[6.320s] [ 80%] [32mBuilding CXX object CMakeFiles/ros2_unitree_legged_msgs__rosidl_typesupport_c.dir/rosidl_typesupport_c/ros2_unitree_legged_msgs/msg/low_state__type_support.cpp.o[0m
[6.321s] [ 81%] [32mBuilding CXX object CMakeFiles/ros2_unitree_legged_msgs__rosidl_typesupport_c.dir/rosidl_typesupport_c/ros2_unitree_legged_msgs/msg/high_cmd__type_support.cpp.o[0m
[6.326s] [ 82%] [32mBuilding CXX object CMakeFiles/ros2_unitree_legged_msgs__rosidl_typesupport_c.dir/rosidl_typesupport_c/ros2_unitree_legged_msgs/msg/high_state__type_support.cpp.o[0m
[6.344s] [ 83%] [32m[1mLinking CXX shared library libros2_unitree_legged_msgs__rosidl_typesupport_c.so[0m
[6.364s] [ 83%] Built target ros2_unitree_legged_msgs__rosidl_typesupport_c
[6.372s] [ 83%] Built target ros2_unitree_legged_msgs
[6.380s] [ 84%] [34m[1mGenerating Python code for ROS interfaces[0m
[7.418s] [ 84%] Built target ros2_unitree_legged_msgs__py
[7.427s] [ 85%] [32mBuilding C object CMakeFiles/ros2_unitree_legged_msgs__rosidl_generator_py.dir/rosidl_generator_py/ros2_unitree_legged_msgs/msg/_motor_cmd_s.c.o[0m
[7.427s] [ 86%] [32mBuilding C object CMakeFiles/ros2_unitree_legged_msgs__rosidl_generator_py.dir/rosidl_generator_py/ros2_unitree_legged_msgs/msg/_motor_state_s.c.o[0m
[7.427s] [ 87%] [32mBuilding C object CMakeFiles/ros2_unitree_legged_msgs__rosidl_generator_py.dir/rosidl_generator_py/ros2_unitree_legged_msgs/msg/_bms_cmd_s.c.o[0m
[7.430s] [ 88%] [32mBuilding C object CMakeFiles/ros2_unitree_legged_msgs__rosidl_generator_py.dir/rosidl_generator_py/ros2_unitree_legged_msgs/msg/_bms_state_s.c.o[0m
[7.523s] [ 89%] [32mBuilding C object CMakeFiles/ros2_unitree_legged_msgs__rosidl_generator_py.dir/rosidl_generator_py/ros2_unitree_legged_msgs/msg/_cartesian_s.c.o[0m
[7.526s] [ 89%] [32mBuilding C object CMakeFiles/ros2_unitree_legged_msgs__rosidl_generator_py.dir/rosidl_generator_py/ros2_unitree_legged_msgs/msg/_imu_s.c.o[0m
[7.551s] [ 90%] [32mBuilding C object CMakeFiles/ros2_unitree_legged_msgs__rosidl_generator_py.dir/rosidl_generator_py/ros2_unitree_legged_msgs/msg/_led_s.c.o[0m
[7.555s] [ 91%] [32mBuilding C object CMakeFiles/ros2_unitree_legged_msgs__rosidl_generator_py.dir/rosidl_generator_py/ros2_unitree_legged_msgs/msg/_low_cmd_s.c.o[0m
[7.598s] [ 92%] [32mBuilding C object CMakeFiles/ros2_unitree_legged_msgs__rosidl_generator_py.dir/rosidl_generator_py/ros2_unitree_legged_msgs/msg/_low_state_s.c.o[0m
[7.606s] [ 93%] [32mBuilding C object CMakeFiles/ros2_unitree_legged_msgs__rosidl_generator_py.dir/rosidl_generator_py/ros2_unitree_legged_msgs/msg/_high_cmd_s.c.o[0m
[7.610s] [ 94%] [32mBuilding C object CMakeFiles/ros2_unitree_legged_msgs__rosidl_generator_py.dir/rosidl_generator_py/ros2_unitree_legged_msgs/msg/_high_state_s.c.o[0m
[7.711s] [ 95%] [32m[1mLinking C shared library rosidl_generator_py/ros2_unitree_legged_msgs/libros2_unitree_legged_msgs__rosidl_generator_py.so[0m
[7.730s] [ 95%] Built target ros2_unitree_legged_msgs__rosidl_generator_py
[7.739s] [ 97%] [32mBuilding C object CMakeFiles/ros2_unitree_legged_msgs__rosidl_typesupport_fastrtps_c__pyext.dir/rosidl_generator_py/ros2_unitree_legged_msgs/_ros2_unitree_legged_msgs_s.ep.rosidl_typesupport_fastrtps_c.c.o[0m
[7.739s] [ 97%] [32mBuilding C object CMakeFiles/ros2_unitree_legged_msgs__rosidl_typesupport_introspection_c__pyext.dir/rosidl_generator_py/ros2_unitree_legged_msgs/_ros2_unitree_legged_msgs_s.ep.rosidl_typesupport_introspection_c.c.o[0m
[7.740s] [ 97%] [32mBuilding C object CMakeFiles/ros2_unitree_legged_msgs__rosidl_typesupport_c__pyext.dir/rosidl_generator_py/ros2_unitree_legged_msgs/_ros2_unitree_legged_msgs_s.ep.rosidl_typesupport_c.c.o[0m
[7.804s] [ 98%] [32m[1mLinking C shared library rosidl_generator_py/ros2_unitree_legged_msgs/ros2_unitree_legged_msgs_s__rosidl_typesupport_introspection_c.cpython-310-aarch64-linux-gnu.so[0m
[7.807s] [ 99%] [32m[1mLinking C shared library rosidl_generator_py/ros2_unitree_legged_msgs/ros2_unitree_legged_msgs_s__rosidl_typesupport_fastrtps_c.cpython-310-aarch64-linux-gnu.so[0m
[7.811s] [100%] [32m[1mLinking C shared library rosidl_generator_py/ros2_unitree_legged_msgs/ros2_unitree_legged_msgs_s__rosidl_typesupport_c.cpython-310-aarch64-linux-gnu.so[0m
[7.818s] [100%] Built target ros2_unitree_legged_msgs__rosidl_typesupport_introspection_c__pyext
[7.823s] [100%] Built target ros2_unitree_legged_msgs__rosidl_typesupport_fastrtps_c__pyext
[7.827s] [100%] Built target ros2_unitree_legged_msgs__rosidl_typesupport_c__pyext
[7.835s] Invoked command in '/home/yeryn/final/build/ros2_unitree_legged_msgs' returned '0': CMAKE_PREFIX_PATH=/opt/ros/humble /usr/bin/cmake --build /home/yeryn/final/build/ros2_unitree_legged_msgs -- -j4 -l4
[7.991s] Invoking command in '/home/yeryn/final/build/ros2_unitree_legged_msgs': CMAKE_PREFIX_PATH=/opt/ros/humble /usr/bin/cmake --install /home/yeryn/final/build/ros2_unitree_legged_msgs
[7.995s] -- Install configuration: ""
[7.996s] -- Installing: /home/yeryn/final/install/ros2_unitree_legged_msgs/share/ament_index/resource_index/rosidl_interfaces/ros2_unitree_legged_msgs
[7.996s] -- Installing: /home/yeryn/final/install/ros2_unitree_legged_msgs/include/ros2_unitree_legged_msgs/ros2_unitree_legged_msgs
[7.996s] -- Installing: /home/yeryn/final/install/ros2_unitree_legged_msgs/include/ros2_unitree_legged_msgs/ros2_unitree_legged_msgs/msg
[7.996s] -- Installing: /home/yeryn/final/install/ros2_unitree_legged_msgs/include/ros2_unitree_legged_msgs/ros2_unitree_legged_msgs/msg/led.h
[7.996s] -- Installing: /home/yeryn/final/install/ros2_unitree_legged_msgs/include/ros2_unitree_legged_msgs/ros2_unitree_legged_msgs/msg/high_state.h
[7.996s] -- Installing: /home/yeryn/final/install/ros2_unitree_legged_msgs/include/ros2_unitree_legged_msgs/ros2_unitree_legged_msgs/msg/cartesian.h
[7.996s] -- Installing: /home/yeryn/final/install/ros2_unitree_legged_msgs/include/ros2_unitree_legged_msgs/ros2_unitree_legged_msgs/msg/motor_state.h
[7.996s] -- Installing: /home/yeryn/final/install/ros2_unitree_legged_msgs/include/ros2_unitree_legged_msgs/ros2_unitree_legged_msgs/msg/rosidl_generator_c__visibility_control.h
[7.996s] -- Installing: /home/yeryn/final/install/ros2_unitree_legged_msgs/include/ros2_unitree_legged_msgs/ros2_unitree_legged_msgs/msg/imu.h
[7.996s] -- Installing: /home/yeryn/final/install/ros2_unitree_legged_msgs/include/ros2_unitree_legged_msgs/ros2_unitree_legged_msgs/msg/high_cmd.h
[7.996s] -- Installing: /home/yeryn/final/install/ros2_unitree_legged_msgs/include/ros2_unitree_legged_msgs/ros2_unitree_legged_msgs/msg/bms_state.h
[7.996s] -- Installing: /home/yeryn/final/install/ros2_unitree_legged_msgs/include/ros2_unitree_legged_msgs/ros2_unitree_legged_msgs/msg/low_cmd.h
[7.996s] -- Installing: /home/yeryn/final/install/ros2_unitree_legged_msgs/include/ros2_unitree_legged_msgs/ros2_unitree_legged_msgs/msg/bms_cmd.h
[7.996s] -- Installing: /home/yeryn/final/install/ros2_unitree_legged_msgs/include/ros2_unitree_legged_msgs/ros2_unitree_legged_msgs/msg/low_state.h
[7.996s] -- Installing: /home/yeryn/final/install/ros2_unitree_legged_msgs/include/ros2_unitree_legged_msgs/ros2_unitree_legged_msgs/msg/motor_cmd.h
[7.996s] -- Installing: /home/yeryn/final/install/ros2_unitree_legged_msgs/include/ros2_unitree_legged_msgs/ros2_unitree_legged_msgs/msg/detail
[7.997s] -- Installing: /home/yeryn/final/install/ros2_unitree_legged_msgs/include/ros2_unitree_legged_msgs/ros2_unitree_legged_msgs/msg/detail/low_state__functions.c
[7.997s] -- Installing: /home/yeryn/final/install/ros2_unitree_legged_msgs/include/ros2_unitree_legged_msgs/ros2_unitree_legged_msgs/msg/detail/led__functions.c
[7.997s] -- Installing: /home/yeryn/final/install/ros2_unitree_legged_msgs/include/ros2_unitree_legged_msgs/ros2_unitree_legged_msgs/msg/detail/high_state__functions.c
[7.997s] -- Installing: /home/yeryn/final/install/ros2_unitree_legged_msgs/include/ros2_unitree_legged_msgs/ros2_unitree_legged_msgs/msg/detail/high_state__type_support.h
[7.997s] -- Installing: /home/yeryn/final/install/ros2_unitree_legged_msgs/include/ros2_unitree_legged_msgs/ros2_unitree_legged_msgs/msg/detail/motor_cmd__functions.c
[7.997s] -- Installing: /home/yeryn/final/install/ros2_unitree_legged_msgs/include/ros2_unitree_legged_msgs/ros2_unitree_legged_msgs/msg/detail/high_cmd__functions.h
[7.997s] -- Installing: /home/yeryn/final/install/ros2_unitree_legged_msgs/include/ros2_unitree_legged_msgs/ros2_unitree_legged_msgs/msg/detail/led__struct.h
[7.997s] -- Installing: /home/yeryn/final/install/ros2_unitree_legged_msgs/include/ros2_unitree_legged_msgs/ros2_unitree_legged_msgs/msg/detail/imu__struct.h
[7.997s] -- Installing: /home/yeryn/final/install/ros2_unitree_legged_msgs/include/ros2_unitree_legged_msgs/ros2_unitree_legged_msgs/msg/detail/motor_cmd__type_support.h
[7.997s] -- Installing: /home/yeryn/final/install/ros2_unitree_legged_msgs/include/ros2_unitree_legged_msgs/ros2_unitree_legged_msgs/msg/detail/bms_state__struct.h
[7.997s] -- Installing: /home/yeryn/final/install/ros2_unitree_legged_msgs/include/ros2_unitree_legged_msgs/ros2_unitree_legged_msgs/msg/detail/bms_state__functions.h
[7.997s] -- Installing: /home/yeryn/final/install/ros2_unitree_legged_msgs/include/ros2_unitree_legged_msgs/ros2_unitree_legged_msgs/msg/detail/motor_state__type_support.h
[7.997s] -- Installing: /home/yeryn/final/install/ros2_unitree_legged_msgs/include/ros2_unitree_legged_msgs/ros2_unitree_legged_msgs/msg/detail/motor_state__functions.c
[7.997s] -- Installing: /home/yeryn/final/install/ros2_unitree_legged_msgs/include/ros2_unitree_legged_msgs/ros2_unitree_legged_msgs/msg/detail/high_cmd__functions.c
[7.997s] -- Installing: /home/yeryn/final/install/ros2_unitree_legged_msgs/include/ros2_unitree_legged_msgs/ros2_unitree_legged_msgs/msg/detail/low_state__functions.h
[7.997s] -- Installing: /home/yeryn/final/install/ros2_unitree_legged_msgs/include/ros2_unitree_legged_msgs/ros2_unitree_legged_msgs/msg/detail/high_cmd__type_support.h
[7.997s] -- Installing: /home/yeryn/final/install/ros2_unitree_legged_msgs/include/ros2_unitree_legged_msgs/ros2_unitree_legged_msgs/msg/detail/high_cmd__struct.h
[7.998s] -- Installing: /home/yeryn/final/install/ros2_unitree_legged_msgs/include/ros2_unitree_legged_msgs/ros2_unitree_legged_msgs/msg/detail/low_state__type_support.h
[7.998s] -- Installing: /home/yeryn/final/install/ros2_unitree_legged_msgs/include/ros2_unitree_legged_msgs/ros2_unitree_legged_msgs/msg/detail/low_cmd__type_support.h
[7.998s] -- Installing: /home/yeryn/final/install/ros2_unitree_legged_msgs/include/ros2_unitree_legged_msgs/ros2_unitree_legged_msgs/msg/detail/low_cmd__functions.c
[7.998s] -- Installing: /home/yeryn/final/install/ros2_unitree_legged_msgs/include/ros2_unitree_legged_msgs/ros2_unitree_legged_msgs/msg/detail/motor_cmd__functions.h
[7.998s] -- Installing: /home/yeryn/final/install/ros2_unitree_legged_msgs/include/ros2_unitree_legged_msgs/ros2_unitree_legged_msgs/msg/detail/bms_cmd__functions.c
[7.998s] -- Installing: /home/yeryn/final/install/ros2_unitree_legged_msgs/include/ros2_unitree_legged_msgs/ros2_unitree_legged_msgs/msg/detail/bms_cmd__struct.h
[7.998s] -- Installing: /home/yeryn/final/install/ros2_unitree_legged_msgs/include/ros2_unitree_legged_msgs/ros2_unitree_legged_msgs/msg/detail/imu__functions.c
[7.998s] -- Installing: /home/yeryn/final/install/ros2_unitree_legged_msgs/include/ros2_unitree_legged_msgs/ros2_unitree_legged_msgs/msg/detail/bms_state__functions.c
[7.998s] -- Installing: /home/yeryn/final/install/ros2_unitree_legged_msgs/include/ros2_unitree_legged_msgs/ros2_unitree_legged_msgs/msg/detail/led__functions.h
[7.998s] -- Installing: /home/yeryn/final/install/ros2_unitree_legged_msgs/include/ros2_unitree_legged_msgs/ros2_unitree_legged_msgs/msg/detail/bms_state__type_support.h
[7.998s] -- Installing: /home/yeryn/final/install/ros2_unitree_legged_msgs/include/ros2_unitree_legged_msgs/ros2_unitree_legged_msgs/msg/detail/cartesian__functions.h
[7.998s] -- Installing: /home/yeryn/final/install/ros2_unitree_legged_msgs/include/ros2_unitree_legged_msgs/ros2_unitree_legged_msgs/msg/detail/imu__type_support.h
[7.998s] -- Installing: /home/yeryn/final/install/ros2_unitree_legged_msgs/include/ros2_unitree_legged_msgs/ros2_unitree_legged_msgs/msg/detail/low_cmd__struct.h
[7.998s] -- Installing: /home/yeryn/final/install/ros2_unitree_legged_msgs/include/ros2_unitree_legged_msgs/ros2_unitree_legged_msgs/msg/detail/led__type_support.h
[7.998s] -- Installing: /home/yeryn/final/install/ros2_unitree_legged_msgs/include/ros2_unitree_legged_msgs/ros2_unitree_legged_msgs/msg/detail/high_state__struct.h
[7.998s] -- Installing: /home/yeryn/final/install/ros2_unitree_legged_msgs/include/ros2_unitree_legged_msgs/ros2_unitree_legged_msgs/msg/detail/high_state__functions.h
[7.998s] -- Installing: /home/yeryn/final/install/ros2_unitree_legged_msgs/include/ros2_unitree_legged_msgs/ros2_unitree_legged_msgs/msg/detail/bms_cmd__functions.h
[7.998s] -- Installing: /home/yeryn/final/install/ros2_unitree_legged_msgs/include/ros2_unitree_legged_msgs/ros2_unitree_legged_msgs/msg/detail/low_cmd__functions.h
[7.998s] -- Installing: /home/yeryn/final/install/ros2_unitree_legged_msgs/include/ros2_unitree_legged_msgs/ros2_unitree_legged_msgs/msg/detail/cartesian__struct.h
[7.999s] -- Installing: /home/yeryn/final/install/ros2_unitree_legged_msgs/include/ros2_unitree_legged_msgs/ros2_unitree_legged_msgs/msg/detail/cartesian__functions.c
[7.999s] -- Installing: /home/yeryn/final/install/ros2_unitree_legged_msgs/include/ros2_unitree_legged_msgs/ros2_unitree_legged_msgs/msg/detail/motor_state__struct.h
[7.999s] -- Installing: /home/yeryn/final/install/ros2_unitree_legged_msgs/include/ros2_unitree_legged_msgs/ros2_unitree_legged_msgs/msg/detail/motor_state__functions.h
[7.999s] -- Installing: /home/yeryn/final/install/ros2_unitree_legged_msgs/include/ros2_unitree_legged_msgs/ros2_unitree_legged_msgs/msg/detail/imu__functions.h
[7.999s] -- Installing: /home/yeryn/final/install/ros2_unitree_legged_msgs/include/ros2_unitree_legged_msgs/ros2_unitree_legged_msgs/msg/detail/cartesian__type_support.h
[7.999s] -- Installing: /home/yeryn/final/install/ros2_unitree_legged_msgs/include/ros2_unitree_legged_msgs/ros2_unitree_legged_msgs/msg/detail/bms_cmd__type_support.h
[7.999s] -- Installing: /home/yeryn/final/install/ros2_unitree_legged_msgs/include/ros2_unitree_legged_msgs/ros2_unitree_legged_msgs/msg/detail/low_state__struct.h
[7.999s] -- Installing: /home/yeryn/final/install/ros2_unitree_legged_msgs/include/ros2_unitree_legged_msgs/ros2_unitree_legged_msgs/msg/detail/motor_cmd__struct.h
[7.999s] -- Installing: /home/yeryn/final/install/ros2_unitree_legged_msgs/share/ros2_unitree_legged_msgs/environment/library_path.sh
[7.999s] -- Installing: /home/yeryn/final/install/ros2_unitree_legged_msgs/share/ros2_unitree_legged_msgs/environment/library_path.dsv
[7.999s] -- Installing: /home/yeryn/final/install/ros2_unitree_legged_msgs/lib/libros2_unitree_legged_msgs__rosidl_generator_c.so
[7.999s] -- Set runtime path of "/home/yeryn/final/install/ros2_unitree_legged_msgs/lib/libros2_unitree_legged_msgs__rosidl_generator_c.so" to ""
[7.999s] -- Up-to-date: /home/yeryn/final/install/ros2_unitree_legged_msgs/include/ros2_unitree_legged_msgs/ros2_unitree_legged_msgs
[7.999s] -- Up-to-date: /home/yeryn/final/install/ros2_unitree_legged_msgs/include/ros2_unitree_legged_msgs/ros2_unitree_legged_msgs/msg
[7.999s] -- Installing: /home/yeryn/final/install/ros2_unitree_legged_msgs/include/ros2_unitree_legged_msgs/ros2_unitree_legged_msgs/msg/rosidl_typesupport_fastrtps_c__visibility_control.h
[8.000s] -- Up-to-date: /home/yeryn/final/install/ros2_unitree_legged_msgs/include/ros2_unitree_legged_msgs/ros2_unitree_legged_msgs/msg/detail
[8.000s] -- Installing: /home/yeryn/final/install/ros2_unitree_legged_msgs/include/ros2_unitree_legged_msgs/ros2_unitree_legged_msgs/msg/detail/low_state__rosidl_typesupport_fastrtps_c.h
[8.000s] -- Installing: /home/yeryn/final/install/ros2_unitree_legged_msgs/include/ros2_unitree_legged_msgs/ros2_unitree_legged_msgs/msg/detail/bms_state__rosidl_typesupport_fastrtps_c.h
[8.000s] -- Installing: /home/yeryn/final/install/ros2_unitree_legged_msgs/include/ros2_unitree_legged_msgs/ros2_unitree_legged_msgs/msg/detail/imu__rosidl_typesupport_fastrtps_c.h
[8.000s] -- Installing: /home/yeryn/final/install/ros2_unitree_legged_msgs/include/ros2_unitree_legged_msgs/ros2_unitree_legged_msgs/msg/detail/led__rosidl_typesupport_fastrtps_c.h
[8.000s] -- Installing: /home/yeryn/final/install/ros2_unitree_legged_msgs/include/ros2_unitree_legged_msgs/ros2_unitree_legged_msgs/msg/detail/high_cmd__rosidl_typesupport_fastrtps_c.h
[8.000s] -- Installing: /home/yeryn/final/install/ros2_unitree_legged_msgs/include/ros2_unitree_legged_msgs/ros2_unitree_legged_msgs/msg/detail/cartesian__rosidl_typesupport_fastrtps_c.h
[8.000s] -- Installing: /home/yeryn/final/install/ros2_unitree_legged_msgs/include/ros2_unitree_legged_msgs/ros2_unitree_legged_msgs/msg/detail/motor_cmd__rosidl_typesupport_fastrtps_c.h
[8.000s] -- Installing: /home/yeryn/final/install/ros2_unitree_legged_msgs/include/ros2_unitree_legged_msgs/ros2_unitree_legged_msgs/msg/detail/bms_cmd__rosidl_typesupport_fastrtps_c.h
[8.000s] -- Installing: /home/yeryn/final/install/ros2_unitree_legged_msgs/include/ros2_unitree_legged_msgs/ros2_unitree_legged_msgs/msg/detail/high_state__rosidl_typesupport_fastrtps_c.h
[8.000s] -- Installing: /home/yeryn/final/install/ros2_unitree_legged_msgs/include/ros2_unitree_legged_msgs/ros2_unitree_legged_msgs/msg/detail/motor_state__rosidl_typesupport_fastrtps_c.h
[8.000s] -- Installing: /home/yeryn/final/install/ros2_unitree_legged_msgs/include/ros2_unitree_legged_msgs/ros2_unitree_legged_msgs/msg/detail/low_cmd__rosidl_typesupport_fastrtps_c.h
[8.000s] -- Installing: /home/yeryn/final/install/ros2_unitree_legged_msgs/lib/libros2_unitree_legged_msgs__rosidl_typesupport_fastrtps_c.so
[8.000s] -- Set runtime path of "/home/yeryn/final/install/ros2_unitree_legged_msgs/lib/libros2_unitree_legged_msgs__rosidl_typesupport_fastrtps_c.so" to ""
[8.000s] -- Up-to-date: /home/yeryn/final/install/ros2_unitree_legged_msgs/include/ros2_unitree_legged_msgs/ros2_unitree_legged_msgs
[8.000s] -- Up-to-date: /home/yeryn/final/install/ros2_unitree_legged_msgs/include/ros2_unitree_legged_msgs/ros2_unitree_legged_msgs/msg
[8.000s] -- Installing: /home/yeryn/final/install/ros2_unitree_legged_msgs/include/ros2_unitree_legged_msgs/ros2_unitree_legged_msgs/msg/rosidl_typesupport_introspection_c__visibility_control.h
[8.000s] -- Up-to-date: /home/yeryn/final/install/ros2_unitree_legged_msgs/include/ros2_unitree_legged_msgs/ros2_unitree_legged_msgs/msg/detail
[8.000s] -- Installing: /home/yeryn/final/install/ros2_unitree_legged_msgs/include/ros2_unitree_legged_msgs/ros2_unitree_legged_msgs/msg/detail/low_cmd__rosidl_typesupport_introspection_c.h
[8.000s] -- Installing: /home/yeryn/final/install/ros2_unitree_legged_msgs/include/ros2_unitree_legged_msgs/ros2_unitree_legged_msgs/msg/detail/imu__rosidl_typesupport_introspection_c.h
[8.001s] -- Installing: /home/yeryn/final/install/ros2_unitree_legged_msgs/include/ros2_unitree_legged_msgs/ros2_unitree_legged_msgs/msg/detail/led__type_support.c
[8.001s] -- Installing: /home/yeryn/final/install/ros2_unitree_legged_msgs/include/ros2_unitree_legged_msgs/ros2_unitree_legged_msgs/msg/detail/bms_cmd__type_support.c
[8.001s] -- Installing: /home/yeryn/final/install/ros2_unitree_legged_msgs/include/ros2_unitree_legged_msgs/ros2_unitree_legged_msgs/msg/detail/led__rosidl_typesupport_introspection_c.h
[8.001s] -- Installing: /home/yeryn/final/install/ros2_unitree_legged_msgs/include/ros2_unitree_legged_msgs/ros2_unitree_legged_msgs/msg/detail/motor_cmd__rosidl_typesupport_introspection_c.h
[8.001s] -- Installing: /home/yeryn/final/install/ros2_unitree_legged_msgs/include/ros2_unitree_legged_msgs/ros2_unitree_legged_msgs/msg/detail/motor_state__rosidl_typesupport_introspection_c.h
[8.001s] -- Installing: /home/yeryn/final/install/ros2_unitree_legged_msgs/include/ros2_unitree_legged_msgs/ros2_unitree_legged_msgs/msg/detail/motor_state__type_support.c
[8.001s] -- Installing: /home/yeryn/final/install/ros2_unitree_legged_msgs/include/ros2_unitree_legged_msgs/ros2_unitree_legged_msgs/msg/detail/high_state__type_support.c
[8.001s] -- Installing: /home/yeryn/final/install/ros2_unitree_legged_msgs/include/ros2_unitree_legged_msgs/ros2_unitree_legged_msgs/msg/detail/bms_state__type_support.c
[8.001s] -- Installing: /home/yeryn/final/install/ros2_unitree_legged_msgs/include/ros2_unitree_legged_msgs/ros2_unitree_legged_msgs/msg/detail/bms_state__rosidl_typesupport_introspection_c.h
[8.001s] -- Installing: /home/yeryn/final/install/ros2_unitree_legged_msgs/include/ros2_unitree_legged_msgs/ros2_unitree_legged_msgs/msg/detail/low_state__type_support.c
[8.001s] -- Installing: /home/yeryn/final/install/ros2_unitree_legged_msgs/include/ros2_unitree_legged_msgs/ros2_unitree_legged_msgs/msg/detail/high_state__rosidl_typesupport_introspection_c.h
[8.001s] -- Installing: /home/yeryn/final/install/ros2_unitree_legged_msgs/include/ros2_unitree_legged_msgs/ros2_unitree_legged_msgs/msg/detail/motor_cmd__type_support.c
[8.001s] -- Installing: /home/yeryn/final/install/ros2_unitree_legged_msgs/include/ros2_unitree_legged_msgs/ros2_unitree_legged_msgs/msg/detail/low_state__rosidl_typesupport_introspection_c.h
[8.001s] -- Installing: /home/yeryn/final/install/ros2_unitree_legged_msgs/include/ros2_unitree_legged_msgs/ros2_unitree_legged_msgs/msg/detail/bms_cmd__rosidl_typesupport_introspection_c.h
[8.001s] -- Installing: /home/yeryn/final/install/ros2_unitree_legged_msgs/include/ros2_unitree_legged_msgs/ros2_unitree_legged_msgs/msg/detail/high_cmd__type_support.c
[8.001s] -- Installing: /home/yeryn/final/install/ros2_unitree_legged_msgs/include/ros2_unitree_legged_msgs/ros2_unitree_legged_msgs/msg/detail/cartesian__type_support.c
[8.001s] -- Installing: /home/yeryn/final/install/ros2_unitree_legged_msgs/include/ros2_unitree_legged_msgs/ros2_unitree_legged_msgs/msg/detail/low_cmd__type_support.c
[8.002s] -- Installing: /home/yeryn/final/install/ros2_unitree_legged_msgs/include/ros2_unitree_legged_msgs/ros2_unitree_legged_msgs/msg/detail/cartesian__rosidl_typesupport_introspection_c.h
[8.002s] -- Installing: /home/yeryn/final/install/ros2_unitree_legged_msgs/include/ros2_unitree_legged_msgs/ros2_unitree_legged_msgs/msg/detail/high_cmd__rosidl_typesupport_introspection_c.h
[8.002s] -- Installing: /home/yeryn/final/install/ros2_unitree_legged_msgs/include/ros2_unitree_legged_msgs/ros2_unitree_legged_msgs/msg/detail/imu__type_support.c
[8.002s] -- Installing: /home/yeryn/final/install/ros2_unitree_legged_msgs/lib/libros2_unitree_legged_msgs__rosidl_typesupport_introspection_c.so
[8.002s] -- Set runtime path of "/home/yeryn/final/install/ros2_unitree_legged_msgs/lib/libros2_unitree_legged_msgs__rosidl_typesupport_introspection_c.so" to ""
[8.002s] -- Installing: /home/yeryn/final/install/ros2_unitree_legged_msgs/lib/libros2_unitree_legged_msgs__rosidl_typesupport_c.so
[8.002s] -- Set runtime path of "/home/yeryn/final/install/ros2_unitree_legged_msgs/lib/libros2_unitree_legged_msgs__rosidl_typesupport_c.so" to ""
[8.002s] -- Up-to-date: /home/yeryn/final/install/ros2_unitree_legged_msgs/include/ros2_unitree_legged_msgs/ros2_unitree_legged_msgs
[8.002s] -- Up-to-date: /home/yeryn/final/install/ros2_unitree_legged_msgs/include/ros2_unitree_legged_msgs/ros2_unitree_legged_msgs/msg
[8.002s] -- Installing: /home/yeryn/final/install/ros2_unitree_legged_msgs/include/ros2_unitree_legged_msgs/ros2_unitree_legged_msgs/msg/high_cmd.hpp
[8.002s] -- Installing: /home/yeryn/final/install/ros2_unitree_legged_msgs/include/ros2_unitree_legged_msgs/ros2_unitree_legged_msgs/msg/low_state.hpp
[8.002s] -- Installing: /home/yeryn/final/install/ros2_unitree_legged_msgs/include/ros2_unitree_legged_msgs/ros2_unitree_legged_msgs/msg/bms_state.hpp
[8.002s] -- Installing: /home/yeryn/final/install/ros2_unitree_legged_msgs/include/ros2_unitree_legged_msgs/ros2_unitree_legged_msgs/msg/imu.hpp
[8.002s] -- Installing: /home/yeryn/final/install/ros2_unitree_legged_msgs/include/ros2_unitree_legged_msgs/ros2_unitree_legged_msgs/msg/cartesian.hpp
[8.003s] -- Installing: /home/yeryn/final/install/ros2_unitree_legged_msgs/include/ros2_unitree_legged_msgs/ros2_unitree_legged_msgs/msg/motor_cmd.hpp
[8.003s] -- Installing: /home/yeryn/final/install/ros2_unitree_legged_msgs/include/ros2_unitree_legged_msgs/ros2_unitree_legged_msgs/msg/low_cmd.hpp
[8.003s] -- Installing: /home/yeryn/final/install/ros2_unitree_legged_msgs/include/ros2_unitree_legged_msgs/ros2_unitree_legged_msgs/msg/motor_state.hpp
[8.003s] -- Installing: /home/yeryn/final/install/ros2_unitree_legged_msgs/include/ros2_unitree_legged_msgs/ros2_unitree_legged_msgs/msg/high_state.hpp
[8.003s] -- Installing: /home/yeryn/final/install/ros2_unitree_legged_msgs/include/ros2_unitree_legged_msgs/ros2_unitree_legged_msgs/msg/bms_cmd.hpp
[8.003s] -- Installing: /home/yeryn/final/install/ros2_unitree_legged_msgs/include/ros2_unitree_legged_msgs/ros2_unitree_legged_msgs/msg/led.hpp
[8.003s] -- Up-to-date: /home/yeryn/final/install/ros2_unitree_legged_msgs/include/ros2_unitree_legged_msgs/ros2_unitree_legged_msgs/msg/detail
[8.003s] -- Installing: /home/yeryn/final/install/ros2_unitree_legged_msgs/include/ros2_unitree_legged_msgs/ros2_unitree_legged_msgs/msg/detail/motor_state__traits.hpp
[8.003s] -- Installing: /home/yeryn/final/install/ros2_unitree_legged_msgs/include/ros2_unitree_legged_msgs/ros2_unitree_legged_msgs/msg/detail/low_state__builder.hpp
[8.003s] -- Installing: /home/yeryn/final/install/ros2_unitree_legged_msgs/include/ros2_unitree_legged_msgs/ros2_unitree_legged_msgs/msg/detail/motor_cmd__builder.hpp
[8.003s] -- Installing: /home/yeryn/final/install/ros2_unitree_legged_msgs/include/ros2_unitree_legged_msgs/ros2_unitree_legged_msgs/msg/detail/imu__traits.hpp
[8.003s] -- Installing: /home/yeryn/final/install/ros2_unitree_legged_msgs/include/ros2_unitree_legged_msgs/ros2_unitree_legged_msgs/msg/detail/bms_cmd__builder.hpp
[8.003s] -- Installing: /home/yeryn/final/install/ros2_unitree_legged_msgs/include/ros2_unitree_legged_msgs/ros2_unitree_legged_msgs/msg/detail/cartesian__builder.hpp
[8.003s] -- Installing: /home/yeryn/final/install/ros2_unitree_legged_msgs/include/ros2_unitree_legged_msgs/ros2_unitree_legged_msgs/msg/detail/high_cmd__traits.hpp
[8.003s] -- Installing: /home/yeryn/final/install/ros2_unitree_legged_msgs/include/ros2_unitree_legged_msgs/ros2_unitree_legged_msgs/msg/detail/low_cmd__struct.hpp
[8.003s] -- Installing: /home/yeryn/final/install/ros2_unitree_legged_msgs/include/ros2_unitree_legged_msgs/ros2_unitree_legged_msgs/msg/detail/low_cmd__builder.hpp
[8.003s] -- Installing: /home/yeryn/final/install/ros2_unitree_legged_msgs/include/ros2_unitree_legged_msgs/ros2_unitree_legged_msgs/msg/detail/bms_state__builder.hpp
[8.003s] -- Installing: /home/yeryn/final/install/ros2_unitree_legged_msgs/include/ros2_unitree_legged_msgs/ros2_unitree_legged_msgs/msg/detail/bms_state__traits.hpp
[8.003s] -- Installing: /home/yeryn/final/install/ros2_unitree_legged_msgs/include/ros2_unitree_legged_msgs/ros2_unitree_legged_msgs/msg/detail/imu__struct.hpp
[8.003s] -- Installing: /home/yeryn/final/install/ros2_unitree_legged_msgs/include/ros2_unitree_legged_msgs/ros2_unitree_legged_msgs/msg/detail/cartesian__traits.hpp
[8.003s] -- Installing: /home/yeryn/final/install/ros2_unitree_legged_msgs/include/ros2_unitree_legged_msgs/ros2_unitree_legged_msgs/msg/detail/led__builder.hpp
[8.004s] -- Installing: /home/yeryn/final/install/ros2_unitree_legged_msgs/include/ros2_unitree_legged_msgs/ros2_unitree_legged_msgs/msg/detail/led__traits.hpp
[8.004s] -- Installing: /home/yeryn/final/install/ros2_unitree_legged_msgs/include/ros2_unitree_legged_msgs/ros2_unitree_legged_msgs/msg/detail/low_state__struct.hpp
[8.004s] -- Installing: /home/yeryn/final/install/ros2_unitree_legged_msgs/include/ros2_unitree_legged_msgs/ros2_unitree_legged_msgs/msg/detail/high_cmd__builder.hpp
[8.004s] -- Installing: /home/yeryn/final/install/ros2_unitree_legged_msgs/include/ros2_unitree_legged_msgs/ros2_unitree_legged_msgs/msg/detail/high_state__traits.hpp
[8.004s] -- Installing: /home/yeryn/final/install/ros2_unitree_legged_msgs/include/ros2_unitree_legged_msgs/ros2_unitree_legged_msgs/msg/detail/bms_cmd__struct.hpp
[8.004s] -- Installing: /home/yeryn/final/install/ros2_unitree_legged_msgs/include/ros2_unitree_legged_msgs/ros2_unitree_legged_msgs/msg/detail/low_state__traits.hpp
[8.004s] -- Installing: /home/yeryn/final/install/ros2_unitree_legged_msgs/include/ros2_unitree_legged_msgs/ros2_unitree_legged_msgs/msg/detail/low_cmd__traits.hpp
[8.004s] -- Installing: /home/yeryn/final/install/ros2_unitree_legged_msgs/include/ros2_unitree_legged_msgs/ros2_unitree_legged_msgs/msg/detail/bms_state__struct.hpp
[8.004s] -- Installing: /home/yeryn/final/install/ros2_unitree_legged_msgs/include/ros2_unitree_legged_msgs/ros2_unitree_legged_msgs/msg/detail/high_cmd__struct.hpp
[8.004s] -- Installing: /home/yeryn/final/install/ros2_unitree_legged_msgs/include/ros2_unitree_legged_msgs/ros2_unitree_legged_msgs/msg/detail/high_state__builder.hpp
[8.004s] -- Installing: /home/yeryn/final/install/ros2_unitree_legged_msgs/include/ros2_unitree_legged_msgs/ros2_unitree_legged_msgs/msg/detail/motor_state__builder.hpp
[8.004s] -- Installing: /home/yeryn/final/install/ros2_unitree_legged_msgs/include/ros2_unitree_legged_msgs/ros2_unitree_legged_msgs/msg/detail/cartesian__struct.hpp
[8.004s] -- Installing: /home/yeryn/final/install/ros2_unitree_legged_msgs/include/ros2_unitree_legged_msgs/ros2_unitree_legged_msgs/msg/detail/motor_cmd__struct.hpp
[8.004s] -- Installing: /home/yeryn/final/install/ros2_unitree_legged_msgs/include/ros2_unitree_legged_msgs/ros2_unitree_legged_msgs/msg/detail/led__struct.hpp
[8.004s] -- Installing: /home/yeryn/final/install/ros2_unitree_legged_msgs/include/ros2_unitree_legged_msgs/ros2_unitree_legged_msgs/msg/detail/high_state__struct.hpp
[8.004s] -- Installing: /home/yeryn/final/install/ros2_unitree_legged_msgs/include/ros2_unitree_legged_msgs/ros2_unitree_legged_msgs/msg/detail/bms_cmd__traits.hpp
[8.004s] -- Installing: /home/yeryn/final/install/ros2_unitree_legged_msgs/include/ros2_unitree_legged_msgs/ros2_unitree_legged_msgs/msg/detail/motor_state__struct.hpp
[8.005s] -- Installing: /home/yeryn/final/install/ros2_unitree_legged_msgs/include/ros2_unitree_legged_msgs/ros2_unitree_legged_msgs/msg/detail/motor_cmd__traits.hpp
[8.005s] -- Installing: /home/yeryn/final/install/ros2_unitree_legged_msgs/include/ros2_unitree_legged_msgs/ros2_unitree_legged_msgs/msg/detail/imu__builder.hpp
[8.005s] -- Up-to-date: /home/yeryn/final/install/ros2_unitree_legged_msgs/include/ros2_unitree_legged_msgs/ros2_unitree_legged_msgs
[8.005s] -- Up-to-date: /home/yeryn/final/install/ros2_unitree_legged_msgs/include/ros2_unitree_legged_msgs/ros2_unitree_legged_msgs/msg
[8.005s] -- Up-to-date: /home/yeryn/final/install/ros2_unitree_legged_msgs/include/ros2_unitree_legged_msgs/ros2_unitree_legged_msgs/msg/detail
[8.005s] -- Installing: /home/yeryn/final/install/ros2_unitree_legged_msgs/include/ros2_unitree_legged_msgs/ros2_unitree_legged_msgs/msg/detail/high_state__rosidl_typesupport_fastrtps_cpp.hpp
[8.005s] -- Installing: /home/yeryn/final/install/ros2_unitree_legged_msgs/include/ros2_unitree_legged_msgs/ros2_unitree_legged_msgs/msg/detail/low_cmd__rosidl_typesupport_fastrtps_cpp.hpp
[8.005s] -- Installing: /home/yeryn/final/install/ros2_unitree_legged_msgs/include/ros2_unitree_legged_msgs/ros2_unitree_legged_msgs/msg/detail/cartesian__rosidl_typesupport_fastrtps_cpp.hpp
[8.005s] -- Installing: /home/yeryn/final/install/ros2_unitree_legged_msgs/include/ros2_unitree_legged_msgs/ros2_unitree_legged_msgs/msg/detail/motor_cmd__rosidl_typesupport_fastrtps_cpp.hpp
[8.005s] -- Installing: /home/yeryn/final/install/ros2_unitree_legged_msgs/include/ros2_unitree_legged_msgs/ros2_unitree_legged_msgs/msg/detail/bms_cmd__rosidl_typesupport_fastrtps_cpp.hpp
[8.005s] -- Installing: /home/yeryn/final/install/ros2_unitree_legged_msgs/include/ros2_unitree_legged_msgs/ros2_unitree_legged_msgs/msg/detail/led__rosidl_typesupport_fastrtps_cpp.hpp
[8.005s] -- Installing: /home/yeryn/final/install/ros2_unitree_legged_msgs/include/ros2_unitree_legged_msgs/ros2_unitree_legged_msgs/msg/detail/imu__rosidl_typesupport_fastrtps_cpp.hpp
[8.005s] -- Installing: /home/yeryn/final/install/ros2_unitree_legged_msgs/include/ros2_unitree_legged_msgs/ros2_unitree_legged_msgs/msg/detail/dds_fastrtps
[8.005s] -- Installing: /home/yeryn/final/install/ros2_unitree_legged_msgs/include/ros2_unitree_legged_msgs/ros2_unitree_legged_msgs/msg/detail/low_state__rosidl_typesupport_fastrtps_cpp.hpp
[8.005s] -- Installing: /home/yeryn/final/install/ros2_unitree_legged_msgs/include/ros2_unitree_legged_msgs/ros2_unitree_legged_msgs/msg/detail/motor_state__rosidl_typesupport_fastrtps_cpp.hpp
[8.005s] -- Installing: /home/yeryn/final/install/ros2_unitree_legged_msgs/include/ros2_unitree_legged_msgs/ros2_unitree_legged_msgs/msg/detail/bms_state__rosidl_typesupport_fastrtps_cpp.hpp
[8.005s] -- Installing: /home/yeryn/final/install/ros2_unitree_legged_msgs/include/ros2_unitree_legged_msgs/ros2_unitree_legged_msgs/msg/detail/high_cmd__rosidl_typesupport_fastrtps_cpp.hpp
[8.005s] -- Installing: /home/yeryn/final/install/ros2_unitree_legged_msgs/include/ros2_unitree_legged_msgs/ros2_unitree_legged_msgs/msg/rosidl_typesupport_fastrtps_cpp__visibility_control.h
[8.006s] -- Installing: /home/yeryn/final/install/ros2_unitree_legged_msgs/lib/libros2_unitree_legged_msgs__rosidl_typesupport_fastrtps_cpp.so
[8.006s] -- Set runtime path of "/home/yeryn/final/install/ros2_unitree_legged_msgs/lib/libros2_unitree_legged_msgs__rosidl_typesupport_fastrtps_cpp.so" to ""
[8.006s] -- Up-to-date: /home/yeryn/final/install/ros2_unitree_legged_msgs/include/ros2_unitree_legged_msgs/ros2_unitree_legged_msgs
[8.006s] -- Up-to-date: /home/yeryn/final/install/ros2_unitree_legged_msgs/include/ros2_unitree_legged_msgs/ros2_unitree_legged_msgs/msg
[8.006s] -- Up-to-date: /home/yeryn/final/install/ros2_unitree_legged_msgs/include/ros2_unitree_legged_msgs/ros2_unitree_legged_msgs/msg/detail
[8.006s] -- Installing: /home/yeryn/final/install/ros2_unitree_legged_msgs/include/ros2_unitree_legged_msgs/ros2_unitree_legged_msgs/msg/detail/motor_state__rosidl_typesupport_introspection_cpp.hpp
[8.006s] -- Installing: /home/yeryn/final/install/ros2_unitree_legged_msgs/include/ros2_unitree_legged_msgs/ros2_unitree_legged_msgs/msg/detail/imu__type_support.cpp
[8.006s] -- Installing: /home/yeryn/final/install/ros2_unitree_legged_msgs/include/ros2_unitree_legged_msgs/ros2_unitree_legged_msgs/msg/detail/bms_cmd__rosidl_typesupport_introspection_cpp.hpp
[8.006s] -- Installing: /home/yeryn/final/install/ros2_unitree_legged_msgs/include/ros2_unitree_legged_msgs/ros2_unitree_legged_msgs/msg/detail/led__type_support.cpp
[8.006s] -- Installing: /home/yeryn/final/install/ros2_unitree_legged_msgs/include/ros2_unitree_legged_msgs/ros2_unitree_legged_msgs/msg/detail/motor_cmd__type_support.cpp
[8.006s] -- Installing: /home/yeryn/final/install/ros2_unitree_legged_msgs/include/ros2_unitree_legged_msgs/ros2_unitree_legged_msgs/msg/detail/led__rosidl_typesupport_introspection_cpp.hpp
[8.006s] -- Installing: /home/yeryn/final/install/ros2_unitree_legged_msgs/include/ros2_unitree_legged_msgs/ros2_unitree_legged_msgs/msg/detail/cartesian__type_support.cpp
[8.006s] -- Installing: /home/yeryn/final/install/ros2_unitree_legged_msgs/include/ros2_unitree_legged_msgs/ros2_unitree_legged_msgs/msg/detail/high_state__type_support.cpp
[8.006s] -- Installing: /home/yeryn/final/install/ros2_unitree_legged_msgs/include/ros2_unitree_legged_msgs/ros2_unitree_legged_msgs/msg/detail/cartesian__rosidl_typesupport_introspection_cpp.hpp
[8.006s] -- Installing: /home/yeryn/final/install/ros2_unitree_legged_msgs/include/ros2_unitree_legged_msgs/ros2_unitree_legged_msgs/msg/detail/imu__rosidl_typesupport_introspection_cpp.hpp
[8.006s] -- Installing: /home/yeryn/final/install/ros2_unitree_legged_msgs/include/ros2_unitree_legged_msgs/ros2_unitree_legged_msgs/msg/detail/bms_cmd__type_support.cpp
[8.006s] -- Installing: /home/yeryn/final/install/ros2_unitree_legged_msgs/include/ros2_unitree_legged_msgs/ros2_unitree_legged_msgs/msg/detail/bms_state__type_support.cpp
[8.007s] -- Installing: /home/yeryn/final/install/ros2_unitree_legged_msgs/include/ros2_unitree_legged_msgs/ros2_unitree_legged_msgs/msg/detail/high_state__rosidl_typesupport_introspection_cpp.hpp
[8.007s] -- Installing: /home/yeryn/final/install/ros2_unitree_legged_msgs/include/ros2_unitree_legged_msgs/ros2_unitree_legged_msgs/msg/detail/low_cmd__type_support.cpp
[8.007s] -- Installing: /home/yeryn/final/install/ros2_unitree_legged_msgs/include/ros2_unitree_legged_msgs/ros2_unitree_legged_msgs/msg/detail/high_cmd__type_support.cpp
[8.007s] -- Installing: /home/yeryn/final/install/ros2_unitree_legged_msgs/include/ros2_unitree_legged_msgs/ros2_unitree_legged_msgs/msg/detail/low_state__type_support.cpp
[8.007s] -- Installing: /home/yeryn/final/install/ros2_unitree_legged_msgs/include/ros2_unitree_legged_msgs/ros2_unitree_legged_msgs/msg/detail/motor_cmd__rosidl_typesupport_introspection_cpp.hpp
[8.007s] -- Installing: /home/yeryn/final/install/ros2_unitree_legged_msgs/include/ros2_unitree_legged_msgs/ros2_unitree_legged_msgs/msg/detail/low_state__rosidl_typesupport_introspection_cpp.hpp
[8.007s] -- Installing: /home/yeryn/final/install/ros2_unitree_legged_msgs/include/ros2_unitree_legged_msgs/ros2_unitree_legged_msgs/msg/detail/motor_state__type_support.cpp
[8.007s] -- Installing: /home/yeryn/final/install/ros2_unitree_legged_msgs/include/ros2_unitree_legged_msgs/ros2_unitree_legged_msgs/msg/detail/low_cmd__rosidl_typesupport_introspection_cpp.hpp
[8.007s] -- Installing: /home/yeryn/final/install/ros2_unitree_legged_msgs/include/ros2_unitree_legged_msgs/ros2_unitree_legged_msgs/msg/detail/bms_state__rosidl_typesupport_introspection_cpp.hpp
[8.007s] -- Installing: /home/yeryn/final/install/ros2_unitree_legged_msgs/include/ros2_unitree_legged_msgs/ros2_unitree_legged_msgs/msg/detail/high_cmd__rosidl_typesupport_introspection_cpp.hpp
[8.007s] -- Installing: /home/yeryn/final/install/ros2_unitree_legged_msgs/lib/libros2_unitree_legged_msgs__rosidl_typesupport_introspection_cpp.so
[8.007s] -- Set runtime path of "/home/yeryn/final/install/ros2_unitree_legged_msgs/lib/libros2_unitree_legged_msgs__rosidl_typesupport_introspection_cpp.so" to ""
[8.008s] -- Installing: /home/yeryn/final/install/ros2_unitree_legged_msgs/lib/libros2_unitree_legged_msgs__rosidl_typesupport_cpp.so
[8.008s] -- Set runtime path of "/home/yeryn/final/install/ros2_unitree_legged_msgs/lib/libros2_unitree_legged_msgs__rosidl_typesupport_cpp.so" to ""
[8.008s] -- Installing: /home/yeryn/final/install/ros2_unitree_legged_msgs/share/ros2_unitree_legged_msgs/environment/pythonpath.sh
[8.008s] -- Installing: /home/yeryn/final/install/ros2_unitree_legged_msgs/share/ros2_unitree_legged_msgs/environment/pythonpath.dsv
[8.008s] -- Installing: /home/yeryn/final/install/ros2_unitree_legged_msgs/local/lib/python3.10/dist-packages/ros2_unitree_legged_msgs-0.4.0-py3.10.egg-info
[8.008s] -- Installing: /home/yeryn/final/install/ros2_unitree_legged_msgs/local/lib/python3.10/dist-packages/ros2_unitree_legged_msgs-0.4.0-py3.10.egg-info/top_level.txt
[8.008s] -- Installing: /home/yeryn/final/install/ros2_unitree_legged_msgs/local/lib/python3.10/dist-packages/ros2_unitree_legged_msgs-0.4.0-py3.10.egg-info/SOURCES.txt
[8.008s] -- Installing: /home/yeryn/final/install/ros2_unitree_legged_msgs/local/lib/python3.10/dist-packages/ros2_unitree_legged_msgs-0.4.0-py3.10.egg-info/dependency_links.txt
[8.008s] -- Installing: /home/yeryn/final/install/ros2_unitree_legged_msgs/local/lib/python3.10/dist-packages/ros2_unitree_legged_msgs-0.4.0-py3.10.egg-info/PKG-INFO
[8.008s] -- Installing: /home/yeryn/final/install/ros2_unitree_legged_msgs/local/lib/python3.10/dist-packages/ros2_unitree_legged_msgs
[8.008s] -- Installing: /home/yeryn/final/install/ros2_unitree_legged_msgs/local/lib/python3.10/dist-packages/ros2_unitree_legged_msgs/_ros2_unitree_legged_msgs_s.ep.rosidl_typesupport_c.c
[8.008s] -- Installing: /home/yeryn/final/install/ros2_unitree_legged_msgs/local/lib/python3.10/dist-packages/ros2_unitree_legged_msgs/_ros2_unitree_legged_msgs_s.ep.rosidl_typesupport_introspection_c.c
[8.008s] -- Installing: /home/yeryn/final/install/ros2_unitree_legged_msgs/local/lib/python3.10/dist-packages/ros2_unitree_legged_msgs/ros2_unitree_legged_msgs_s__rosidl_typesupport_fastrtps_c.cpython-310-aarch64-linux-gnu.so
[8.008s] -- Installing: /home/yeryn/final/install/ros2_unitree_legged_msgs/local/lib/python3.10/dist-packages/ros2_unitree_legged_msgs/__init__.py
[8.008s] -- Installing: /home/yeryn/final/install/ros2_unitree_legged_msgs/local/lib/python3.10/dist-packages/ros2_unitree_legged_msgs/ros2_unitree_legged_msgs_s__rosidl_typesupport_c.cpython-310-aarch64-linux-gnu.so
[8.008s] -- Installing: /home/yeryn/final/install/ros2_unitree_legged_msgs/local/lib/python3.10/dist-packages/ros2_unitree_legged_msgs/_ros2_unitree_legged_msgs_s.ep.rosidl_typesupport_fastrtps_c.c
[8.009s] -- Installing: /home/yeryn/final/install/ros2_unitree_legged_msgs/local/lib/python3.10/dist-packages/ros2_unitree_legged_msgs/msg
[8.009s] -- Installing: /home/yeryn/final/install/ros2_unitree_legged_msgs/local/lib/python3.10/dist-packages/ros2_unitree_legged_msgs/msg/_high_state.py
[8.009s] -- Installing: /home/yeryn/final/install/ros2_unitree_legged_msgs/local/lib/python3.10/dist-packages/ros2_unitree_legged_msgs/msg/_low_cmd_s.c
[8.009s] -- Installing: /home/yeryn/final/install/ros2_unitree_legged_msgs/local/lib/python3.10/dist-packages/ros2_unitree_legged_msgs/msg/_bms_cmd_s.c
[8.009s] -- Installing: /home/yeryn/final/install/ros2_unitree_legged_msgs/local/lib/python3.10/dist-packages/ros2_unitree_legged_msgs/msg/_low_state.py
[8.009s] -- Installing: /home/yeryn/final/install/ros2_unitree_legged_msgs/local/lib/python3.10/dist-packages/ros2_unitree_legged_msgs/msg/_motor_state.py
[8.009s] -- Installing: /home/yeryn/final/install/ros2_unitree_legged_msgs/local/lib/python3.10/dist-packages/ros2_unitree_legged_msgs/msg/_high_cmd.py
[8.009s] -- Installing: /home/yeryn/final/install/ros2_unitree_legged_msgs/local/lib/python3.10/dist-packages/ros2_unitree_legged_msgs/msg/_bms_state.py
[8.009s] -- Installing: /home/yeryn/final/install/ros2_unitree_legged_msgs/local/lib/python3.10/dist-packages/ros2_unitree_legged_msgs/msg/_low_cmd.py
[8.009s] -- Installing: /home/yeryn/final/install/ros2_unitree_legged_msgs/local/lib/python3.10/dist-packages/ros2_unitree_legged_msgs/msg/_low_state_s.c
[8.009s] -- Installing: /home/yeryn/final/install/ros2_unitree_legged_msgs/local/lib/python3.10/dist-packages/ros2_unitree_legged_msgs/msg/_imu.py
[8.009s] -- Installing: /home/yeryn/final/install/ros2_unitree_legged_msgs/local/lib/python3.10/dist-packages/ros2_unitree_legged_msgs/msg/_led_s.c
[8.010s] -- Installing: /home/yeryn/final/install/ros2_unitree_legged_msgs/local/lib/python3.10/dist-packages/ros2_unitree_legged_msgs/msg/_motor_cmd.py
[8.010s] -- Installing: /home/yeryn/final/install/ros2_unitree_legged_msgs/local/lib/python3.10/dist-packages/ros2_unitree_legged_msgs/msg/_led.py
[8.010s] -- Installing: /home/yeryn/final/install/ros2_unitree_legged_msgs/local/lib/python3.10/dist-packages/ros2_unitree_legged_msgs/msg/_bms_cmd.py
[8.010s] -- Installing: /home/yeryn/final/install/ros2_unitree_legged_msgs/local/lib/python3.10/dist-packages/ros2_unitree_legged_msgs/msg/_high_cmd_s.c
[8.010s] -- Installing: /home/yeryn/final/install/ros2_unitree_legged_msgs/local/lib/python3.10/dist-packages/ros2_unitree_legged_msgs/msg/__init__.py
[8.010s] -- Installing: /home/yeryn/final/install/ros2_unitree_legged_msgs/local/lib/python3.10/dist-packages/ros2_unitree_legged_msgs/msg/_cartesian_s.c
[8.010s] -- Installing: /home/yeryn/final/install/ros2_unitree_legged_msgs/local/lib/python3.10/dist-packages/ros2_unitree_legged_msgs/msg/_motor_state_s.c
[8.010s] -- Installing: /home/yeryn/final/install/ros2_unitree_legged_msgs/local/lib/python3.10/dist-packages/ros2_unitree_legged_msgs/msg/_high_state_s.c
[8.010s] -- Installing: /home/yeryn/final/install/ros2_unitree_legged_msgs/local/lib/python3.10/dist-packages/ros2_unitree_legged_msgs/msg/_imu_s.c
[8.010s] -- Installing: /home/yeryn/final/install/ros2_unitree_legged_msgs/local/lib/python3.10/dist-packages/ros2_unitree_legged_msgs/msg/_motor_cmd_s.c
[8.010s] -- Installing: /home/yeryn/final/install/ros2_unitree_legged_msgs/local/lib/python3.10/dist-packages/ros2_unitree_legged_msgs/msg/_bms_state_s.c
[8.010s] -- Installing: /home/yeryn/final/install/ros2_unitree_legged_msgs/local/lib/python3.10/dist-packages/ros2_unitree_legged_msgs/msg/_cartesian.py
[8.010s] -- Installing: /home/yeryn/final/install/ros2_unitree_legged_msgs/local/lib/python3.10/dist-packages/ros2_unitree_legged_msgs/libros2_unitree_legged_msgs__rosidl_generator_py.so
[8.010s] -- Installing: /home/yeryn/final/install/ros2_unitree_legged_msgs/local/lib/python3.10/dist-packages/ros2_unitree_legged_msgs/ros2_unitree_legged_msgs_s__rosidl_typesupport_introspection_c.cpython-310-aarch64-linux-gnu.so
[8.063s] Listing '/home/yeryn/final/install/ros2_unitree_legged_msgs/local/lib/python3.10/dist-packages/ros2_unitree_legged_msgs'...
[8.063s] Compiling '/home/yeryn/final/install/ros2_unitree_legged_msgs/local/lib/python3.10/dist-packages/ros2_unitree_legged_msgs/__init__.py'...
[8.063s] Listing '/home/yeryn/final/install/ros2_unitree_legged_msgs/local/lib/python3.10/dist-packages/ros2_unitree_legged_msgs/msg'...
[8.063s] Compiling '/home/yeryn/final/install/ros2_unitree_legged_msgs/local/lib/python3.10/dist-packages/ros2_unitree_legged_msgs/msg/__init__.py'...
[8.063s] Compiling '/home/yeryn/final/install/ros2_unitree_legged_msgs/local/lib/python3.10/dist-packages/ros2_unitree_legged_msgs/msg/_bms_cmd.py'...
[8.063s] Compiling '/home/yeryn/final/install/ros2_unitree_legged_msgs/local/lib/python3.10/dist-packages/ros2_unitree_legged_msgs/msg/_bms_state.py'...
[8.063s] Compiling '/home/yeryn/final/install/ros2_unitree_legged_msgs/local/lib/python3.10/dist-packages/ros2_unitree_legged_msgs/msg/_cartesian.py'...
[8.063s] Compiling '/home/yeryn/final/install/ros2_unitree_legged_msgs/local/lib/python3.10/dist-packages/ros2_unitree_legged_msgs/msg/_high_cmd.py'...
[8.063s] Compiling '/home/yeryn/final/install/ros2_unitree_legged_msgs/local/lib/python3.10/dist-packages/ros2_unitree_legged_msgs/msg/_high_state.py'...
[8.063s] Compiling '/home/yeryn/final/install/ros2_unitree_legged_msgs/local/lib/python3.10/dist-packages/ros2_unitree_legged_msgs/msg/_imu.py'...
[8.063s] Compiling '/home/yeryn/final/install/ros2_unitree_legged_msgs/local/lib/python3.10/dist-packages/ros2_unitree_legged_msgs/msg/_led.py'...
[8.063s] Compiling '/home/yeryn/final/install/ros2_unitree_legged_msgs/local/lib/python3.10/dist-packages/ros2_unitree_legged_msgs/msg/_low_cmd.py'...
[8.063s] Compiling '/home/yeryn/final/install/ros2_unitree_legged_msgs/local/lib/python3.10/dist-packages/ros2_unitree_legged_msgs/msg/_low_state.py'...
[8.063s] Compiling '/home/yeryn/final/install/ros2_unitree_legged_msgs/local/lib/python3.10/dist-packages/ros2_unitree_legged_msgs/msg/_motor_cmd.py'...
[8.063s] Compiling '/home/yeryn/final/install/ros2_unitree_legged_msgs/local/lib/python3.10/dist-packages/ros2_unitree_legged_msgs/msg/_motor_state.py'...
[8.067s] -- Installing: /home/yeryn/final/install/ros2_unitree_legged_msgs/local/lib/python3.10/dist-packages/ros2_unitree_legged_msgs/ros2_unitree_legged_msgs_s__rosidl_typesupport_fastrtps_c.cpython-310-aarch64-linux-gnu.so
[8.067s] -- Set runtime path of "/home/yeryn/final/install/ros2_unitree_legged_msgs/local/lib/python3.10/dist-packages/ros2_unitree_legged_msgs/ros2_unitree_legged_msgs_s__rosidl_typesupport_fastrtps_c.cpython-310-aarch64-linux-gnu.so" to ""
[8.067s] -- Installing: /home/yeryn/final/install/ros2_unitree_legged_msgs/local/lib/python3.10/dist-packages/ros2_unitree_legged_msgs/ros2_unitree_legged_msgs_s__rosidl_typesupport_introspection_c.cpython-310-aarch64-linux-gnu.so
[8.067s] -- Set runtime path of "/home/yeryn/final/install/ros2_unitree_legged_msgs/local/lib/python3.10/dist-packages/ros2_unitree_legged_msgs/ros2_unitree_legged_msgs_s__rosidl_typesupport_introspection_c.cpython-310-aarch64-linux-gnu.so" to ""
[8.067s] -- Installing: /home/yeryn/final/install/ros2_unitree_legged_msgs/local/lib/python3.10/dist-packages/ros2_unitree_legged_msgs/ros2_unitree_legged_msgs_s__rosidl_typesupport_c.cpython-310-aarch64-linux-gnu.so
[8.067s] -- Set runtime path of "/home/yeryn/final/install/ros2_unitree_legged_msgs/local/lib/python3.10/dist-packages/ros2_unitree_legged_msgs/ros2_unitree_legged_msgs_s__rosidl_typesupport_c.cpython-310-aarch64-linux-gnu.so" to ""
[8.067s] -- Installing: /home/yeryn/final/install/ros2_unitree_legged_msgs/lib/libros2_unitree_legged_msgs__rosidl_generator_py.so
[8.068s] -- Set runtime path of "/home/yeryn/final/install/ros2_unitree_legged_msgs/lib/libros2_unitree_legged_msgs__rosidl_generator_py.so" to ""
[8.068s] -- Installing: /home/yeryn/final/install/ros2_unitree_legged_msgs/share/ros2_unitree_legged_msgs/msg/MotorCmd.idl
[8.068s] -- Installing: /home/yeryn/final/install/ros2_unitree_legged_msgs/share/ros2_unitree_legged_msgs/msg/MotorState.idl
[8.068s] -- Installing: /home/yeryn/final/install/ros2_unitree_legged_msgs/share/ros2_unitree_legged_msgs/msg/BmsCmd.idl
[8.068s] -- Installing: /home/yeryn/final/install/ros2_unitree_legged_msgs/share/ros2_unitree_legged_msgs/msg/BmsState.idl
[8.068s] -- Installing: /home/yeryn/final/install/ros2_unitree_legged_msgs/share/ros2_unitree_legged_msgs/msg/Cartesian.idl
[8.068s] -- Installing: /home/yeryn/final/install/ros2_unitree_legged_msgs/share/ros2_unitree_legged_msgs/msg/IMU.idl
[8.068s] -- Installing: /home/yeryn/final/install/ros2_unitree_legged_msgs/share/ros2_unitree_legged_msgs/msg/LED.idl
[8.068s] -- Installing: /home/yeryn/final/install/ros2_unitree_legged_msgs/share/ros2_unitree_legged_msgs/msg/LowCmd.idl
[8.068s] -- Installing: /home/yeryn/final/install/ros2_unitree_legged_msgs/share/ros2_unitree_legged_msgs/msg/LowState.idl
[8.068s] -- Installing: /home/yeryn/final/install/ros2_unitree_legged_msgs/share/ros2_unitree_legged_msgs/msg/HighCmd.idl
[8.069s] -- Installing: /home/yeryn/final/install/ros2_unitree_legged_msgs/share/ros2_unitree_legged_msgs/msg/HighState.idl
[8.069s] -- Installing: /home/yeryn/final/install/ros2_unitree_legged_msgs/share/ros2_unitree_legged_msgs/msg/MotorCmd.msg
[8.069s] -- Installing: /home/yeryn/final/install/ros2_unitree_legged_msgs/share/ros2_unitree_legged_msgs/msg/MotorState.msg
[8.069s] -- Installing: /home/yeryn/final/install/ros2_unitree_legged_msgs/share/ros2_unitree_legged_msgs/msg/BmsCmd.msg
[8.069s] -- Installing: /home/yeryn/final/install/ros2_unitree_legged_msgs/share/ros2_unitree_legged_msgs/msg/BmsState.msg
[8.069s] -- Installing: /home/yeryn/final/install/ros2_unitree_legged_msgs/share/ros2_unitree_legged_msgs/msg/Cartesian.msg
[8.069s] -- Installing: /home/yeryn/final/install/ros2_unitree_legged_msgs/share/ros2_unitree_legged_msgs/msg/IMU.msg
[8.069s] -- Installing: /home/yeryn/final/install/ros2_unitree_legged_msgs/share/ros2_unitree_legged_msgs/msg/LED.msg
[8.069s] -- Installing: /home/yeryn/final/install/ros2_unitree_legged_msgs/share/ros2_unitree_legged_msgs/msg/LowCmd.msg
[8.069s] -- Installing: /home/yeryn/final/install/ros2_unitree_legged_msgs/share/ros2_unitree_legged_msgs/msg/LowState.msg
[8.069s] -- Installing: /home/yeryn/final/install/ros2_unitree_legged_msgs/share/ros2_unitree_legged_msgs/msg/HighCmd.msg
[8.069s] -- Installing: /home/yeryn/final/install/ros2_unitree_legged_msgs/share/ros2_unitree_legged_msgs/msg/HighState.msg
[8.069s] -- Installing: /home/yeryn/final/install/ros2_unitree_legged_msgs/share/ament_index/resource_index/package_run_dependencies/ros2_unitree_legged_msgs
[8.069s] -- Installing: /home/yeryn/final/install/ros2_unitree_legged_msgs/share/ament_index/resource_index/parent_prefix_path/ros2_unitree_legged_msgs
[8.070s] -- Installing: /home/yeryn/final/install/ros2_unitree_legged_msgs/share/ros2_unitree_legged_msgs/environment/ament_prefix_path.sh
[8.070s] -- Installing: /home/yeryn/final/install/ros2_unitree_legged_msgs/share/ros2_unitree_legged_msgs/environment/ament_prefix_path.dsv
[8.070s] -- Installing: /home/yeryn/final/install/ros2_unitree_legged_msgs/share/ros2_unitree_legged_msgs/environment/path.sh
[8.070s] -- Installing: /home/yeryn/final/install/ros2_unitree_legged_msgs/share/ros2_unitree_legged_msgs/environment/path.dsv
[8.070s] -- Installing: /home/yeryn/final/install/ros2_unitree_legged_msgs/share/ros2_unitree_legged_msgs/local_setup.bash
[8.070s] -- Installing: /home/yeryn/final/install/ros2_unitree_legged_msgs/share/ros2_unitree_legged_msgs/local_setup.sh
[8.070s] -- Installing: /home/yeryn/final/install/ros2_unitree_legged_msgs/share/ros2_unitree_legged_msgs/local_setup.zsh
[8.070s] -- Installing: /home/yeryn/final/install/ros2_unitree_legged_msgs/share/ros2_unitree_legged_msgs/local_setup.dsv
[8.070s] -- Installing: /home/yeryn/final/install/ros2_unitree_legged_msgs/share/ros2_unitree_legged_msgs/package.dsv
[8.070s] -- Installing: /home/yeryn/final/install/ros2_unitree_legged_msgs/share/ament_index/resource_index/packages/ros2_unitree_legged_msgs
[8.071s] -- Installing: /home/yeryn/final/install/ros2_unitree_legged_msgs/share/ros2_unitree_legged_msgs/cmake/export_ros2_unitree_legged_msgs__rosidl_generator_cExport.cmake
[8.071s] -- Installing: /home/yeryn/final/install/ros2_unitree_legged_msgs/share/ros2_unitree_legged_msgs/cmake/export_ros2_unitree_legged_msgs__rosidl_generator_cExport-noconfig.cmake
[8.071s] -- Installing: /home/yeryn/final/install/ros2_unitree_legged_msgs/share/ros2_unitree_legged_msgs/cmake/export_ros2_unitree_legged_msgs__rosidl_typesupport_fastrtps_cExport.cmake
[8.071s] -- Installing: /home/yeryn/final/install/ros2_unitree_legged_msgs/share/ros2_unitree_legged_msgs/cmake/export_ros2_unitree_legged_msgs__rosidl_typesupport_fastrtps_cExport-noconfig.cmake
[8.071s] -- Installing: /home/yeryn/final/install/ros2_unitree_legged_msgs/share/ros2_unitree_legged_msgs/cmake/ros2_unitree_legged_msgs__rosidl_typesupport_introspection_cExport.cmake
[8.071s] -- Installing: /home/yeryn/final/install/ros2_unitree_legged_msgs/share/ros2_unitree_legged_msgs/cmake/ros2_unitree_legged_msgs__rosidl_typesupport_introspection_cExport-noconfig.cmake
[8.071s] -- Installing: /home/yeryn/final/install/ros2_unitree_legged_msgs/share/ros2_unitree_legged_msgs/cmake/ros2_unitree_legged_msgs__rosidl_typesupport_cExport.cmake
[8.071s] -- Installing: /home/yeryn/final/install/ros2_unitree_legged_msgs/share/ros2_unitree_legged_msgs/cmake/ros2_unitree_legged_msgs__rosidl_typesupport_cExport-noconfig.cmake
[8.071s] -- Installing: /home/yeryn/final/install/ros2_unitree_legged_msgs/share/ros2_unitree_legged_msgs/cmake/export_ros2_unitree_legged_msgs__rosidl_generator_cppExport.cmake
[8.071s] -- Installing: /home/yeryn/final/install/ros2_unitree_legged_msgs/share/ros2_unitree_legged_msgs/cmake/export_ros2_unitree_legged_msgs__rosidl_typesupport_fastrtps_cppExport.cmake
[8.071s] -- Installing: /home/yeryn/final/install/ros2_unitree_legged_msgs/share/ros2_unitree_legged_msgs/cmake/export_ros2_unitree_legged_msgs__rosidl_typesupport_fastrtps_cppExport-noconfig.cmake
[8.072s] -- Installing: /home/yeryn/final/install/ros2_unitree_legged_msgs/share/ros2_unitree_legged_msgs/cmake/ros2_unitree_legged_msgs__rosidl_typesupport_introspection_cppExport.cmake
[8.072s] -- Installing: /home/yeryn/final/install/ros2_unitree_legged_msgs/share/ros2_unitree_legged_msgs/cmake/ros2_unitree_legged_msgs__rosidl_typesupport_introspection_cppExport-noconfig.cmake
[8.072s] -- Installing: /home/yeryn/final/install/ros2_unitree_legged_msgs/share/ros2_unitree_legged_msgs/cmake/ros2_unitree_legged_msgs__rosidl_typesupport_cppExport.cmake
[8.072s] -- Installing: /home/yeryn/final/install/ros2_unitree_legged_msgs/share/ros2_unitree_legged_msgs/cmake/ros2_unitree_legged_msgs__rosidl_typesupport_cppExport-noconfig.cmake
[8.072s] -- Installing: /home/yeryn/final/install/ros2_unitree_legged_msgs/share/ros2_unitree_legged_msgs/cmake/export_ros2_unitree_legged_msgs__rosidl_generator_pyExport.cmake
[8.072s] -- Installing: /home/yeryn/final/install/ros2_unitree_legged_msgs/share/ros2_unitree_legged_msgs/cmake/export_ros2_unitree_legged_msgs__rosidl_generator_pyExport-noconfig.cmake
[8.072s] -- Installing: /home/yeryn/final/install/ros2_unitree_legged_msgs/share/ros2_unitree_legged_msgs/cmake/rosidl_cmake-extras.cmake
[8.072s] -- Installing: /home/yeryn/final/install/ros2_unitree_legged_msgs/share/ros2_unitree_legged_msgs/cmake/ament_cmake_export_include_directories-extras.cmake
[8.072s] -- Installing: /home/yeryn/final/install/ros2_unitree_legged_msgs/share/ros2_unitree_legged_msgs/cmake/ament_cmake_export_libraries-extras.cmake
[8.072s] -- Installing: /home/yeryn/final/install/ros2_unitree_legged_msgs/share/ros2_unitree_legged_msgs/cmake/ament_cmake_export_targets-extras.cmake
[8.072s] -- Installing: /home/yeryn/final/install/ros2_unitree_legged_msgs/share/ros2_unitree_legged_msgs/cmake/rosidl_cmake_export_typesupport_targets-extras.cmake
[8.072s] -- Installing: /home/yeryn/final/install/ros2_unitree_legged_msgs/share/ros2_unitree_legged_msgs/cmake/ament_cmake_export_dependencies-extras.cmake
[8.073s] -- Installing: /home/yeryn/final/install/ros2_unitree_legged_msgs/share/ros2_unitree_legged_msgs/cmake/rosidl_cmake_export_typesupport_libraries-extras.cmake
[8.073s] -- Installing: /home/yeryn/final/install/ros2_unitree_legged_msgs/share/ros2_unitree_legged_msgs/cmake/ros2_unitree_legged_msgsConfig.cmake
[8.073s] -- Installing: /home/yeryn/final/install/ros2_unitree_legged_msgs/share/ros2_unitree_legged_msgs/cmake/ros2_unitree_legged_msgsConfig-version.cmake
[8.073s] -- Installing: /home/yeryn/final/install/ros2_unitree_legged_msgs/share/ros2_unitree_legged_msgs/package.xml
[8.075s] Invoked command in '/home/yeryn/final/build/ros2_unitree_legged_msgs' returned '0': CMAKE_PREFIX_PATH=/opt/ros/humble /usr/bin/cmake --install /home/yeryn/final/build/ros2_unitree_legged_msgs
