-- The C compiler identification is GNU 11.4.0
-- The CXX compiler identification is GNU 11.4.0
-- Detecting C compiler ABI info
-- Detecting C compiler ABI info - done
-- Check for working C compiler: /usr/bin/cc - skipped
-- Detecting C compile features
-- Detecting C compile features - done
-- Detecting CXX compiler ABI info
-- Detecting CXX compiler ABI info - done
-- Check for working CXX compiler: /usr/bin/c++ - skipped
-- Detecting CXX compile features
-- Detecting CXX compile features - done
-- Configuring done
-- Generating done
-- Build files have been written to: /home/rs/go1_robot/build/motor_ctrl
[ 25%] [32mBuilding C object CMakeFiles/check_c.dir/src/check.c.o[0m
[ 50%] [32mBuilding CXX object CMakeFiles/check_cpp.dir/src/check.cpp.o[0m
[ 75%] [32m[1mLinking C executable /home/rs/go1_robot/src/unitree_guide/unitree_actuator_sdk/bin/check_c[0m
[100%] [32m[1mLinking CXX executable /home/rs/go1_robot/src/unitree_guide/unitree_actuator_sdk/bin/check_cpp[0m
[100%] Built target check_c
[100%] Built target check_cpp
