[0.185s] Invoking command in '/home/rs/go1_robot/build/unitree_guide': CMAKE_PREFIX_PATH=${CMAKE_PREFIX_PATH}:/opt/ros/humble:/home/rs/go1_robot/install/unitree_nav_launch_module /usr/bin/cmake /home/rs/go1_robot/src/unitree_guide/unitree_guide -DCMAKE_INSTALL_PREFIX=/home/rs/go1_robot/install/unitree_guide
[1.074s] -- The C compiler identification is GNU 11.4.0
[1.778s] -- The CXX compiler identification is GNU 11.4.0
[1.820s] -- Detecting C compiler ABI info
[2.174s] -- Detecting C compiler ABI info - done
[2.236s] -- Check for working C compiler: /usr/bin/cc - skipped
[2.240s] -- Detecting C compile features
[2.245s] -- Detecting C compile features - done
[2.265s] -- Detecting CXX compiler ABI info
[2.725s] -- Detecting CXX compiler ABI info - done
[2.805s] -- Check for working CXX compiler: /usr/bin/c++ - skipped
[2.806s] -- Detecting CXX compile features
[2.807s] -- Detecting CXX compile features - done
[2.944s] -- Found Boost: /usr/lib/x86_64-linux-gnu/cmake/Boost-1.74.0/BoostConfig.cmake (found version "1.74.0")  
[2.962s] -- Found ament_cmake: 1.3.9 (/opt/ros/humble/share/ament_cmake/cmake)
[3.567s] -- Found Python3: /usr/bin/python3 (found version "3.10.12") found components: Interpreter 
[3.941s] -- Found rclcpp: 16.0.9 (/opt/ros/humble/share/rclcpp/cmake)
[4.110s] -- Found rosidl_generator_c: 3.1.5 (/opt/ros/humble/share/rosidl_generator_c/cmake)
[4.131s] -- Found rosidl_adapter: 3.1.5 (/opt/ros/humble/share/rosidl_adapter/cmake)
[4.171s] -- Found rosidl_generator_cpp: 3.1.5 (/opt/ros/humble/share/rosidl_generator_cpp/cmake)
[4.216s] -- Using all available rosidl_typesupport_c: rosidl_typesupport_fastrtps_c;rosidl_typesupport_introspection_c
[4.279s] -- Using all available rosidl_typesupport_cpp: rosidl_typesupport_fastrtps_cpp;rosidl_typesupport_introspection_cpp
[4.503s] -- Found rmw_implementation_cmake: 6.1.2 (/opt/ros/humble/share/rmw_implementation_cmake/cmake)
[4.517s] -- Found rmw_fastrtps_cpp: 6.2.6 (/opt/ros/humble/share/rmw_fastrtps_cpp/cmake)
[4.814s] -- Found OpenSSL: /usr/lib/x86_64-linux-gnu/libcrypto.so (found version "3.0.2")  
[4.876s] -- Found FastRTPS: /opt/ros/humble/include  
[4.977s] -- Using RMW implementation 'rmw_fastrtps_cpp' as default
[5.031s] -- Looking for pthread.h
[5.246s] -- Looking for pthread.h - found
[5.247s] -- Performing Test CMAKE_HAVE_LIBC_PTHREAD
[5.446s] -- Performing Test CMAKE_HAVE_LIBC_PTHREAD - Success
[5.448s] -- Found Threads: TRUE  
[5.851s] [31mCMake Error at CMakeLists.txt:40 (find_package):
[5.852s]   By not providing "Findcontroller_manager.cmake" in CMAKE_MODULE_PATH this
[5.852s]   project has asked CMake to find a package configuration file provided by
[5.852s]   "controller_manager", but CMake did not find one.
[5.852s] 
[5.852s]   Could not find a package configuration file provided by
[5.852s]   "controller_manager" with any of the following names:
[5.852s] 
[5.852s]     controller_managerConfig.cmake
[5.853s]     controller_manager-config.cmake
[5.853s] 
[5.853s]   Add the installation prefix of "controller_manager" to CMAKE_PREFIX_PATH or
[5.853s]   set "controller_manager_DIR" to a directory containing one of the above
[5.853s]   files.  If "controller_manager" provides a separate development package or
[5.853s]   SDK, be sure it has been installed.
[5.853s] 
[5.853s] [0m
[5.853s] -- Configuring incomplete, errors occurred!
[5.853s] See also "/home/rs/go1_robot/build/unitree_guide/CMakeFiles/CMakeOutput.log".
