[0.088s] Invoking command in '/home/rs/go1_robot/build/unitree_ocr_interfaces': /usr/bin/cmake --build /home/rs/go1_robot/build/unitree_ocr_interfaces -- -j13 -l13
[0.287s] [ 10%] Built target unitree_ocr_interfaces_msg__rosidl_generator_c
[0.308s] [ 10%] Built target ament_cmake_python_copy_unitree_ocr_interfaces
[0.316s] [ 12%] Built target unitree_ocr_interfaces_msg__cpp
[0.506s] [ 23%] Built target unitree_ocr_interfaces_msg__rosidl_typesupport_fastrtps_c
[0.510s] [ 33%] Built target unitree_ocr_interfaces_msg__rosidl_typesupport_c
[0.511s] [ 43%] Built target unitree_ocr_interfaces_msg__rosidl_typesupport_introspection_c
[0.554s] [ 53%] Built target unitree_ocr_interfaces_msg__rosidl_typesupport_cpp
[0.598s] [ 64%] Built target unitree_ocr_interfaces_msg__rosidl_typesupport_fastrtps_cpp
[0.633s] [ 74%] Built target unitree_ocr_interfaces_msg__rosidl_typesupport_introspection_cpp
[0.720s] [ 74%] Built target unitree_ocr_interfaces_msg
[0.796s] [ 76%] Built target unitree_ocr_interfaces_msg__py
[0.884s] [ 84%] Built target unitree_ocr_interfaces_msg__rosidl_generator_py
[1.005s] [ 89%] Built target unitree_ocr_interfaces__rosidl_typesupport_fastrtps_c__pyext
[1.017s] [ 94%] Built target unitree_ocr_interfaces__rosidl_typesupport_introspection_c__pyext
[1.020s] [100%] Built target unitree_ocr_interfaces__rosidl_typesupport_c__pyext
[1.160s] running egg_info
[1.166s] writing unitree_ocr_interfaces.egg-info/PKG-INFO
[1.169s] writing dependency_links to unitree_ocr_interfaces.egg-info/dependency_links.txt
[1.170s] writing top-level names to unitree_ocr_interfaces.egg-info/top_level.txt
[1.179s] reading manifest file 'unitree_ocr_interfaces.egg-info/SOURCES.txt'
[1.179s] writing manifest file 'unitree_ocr_interfaces.egg-info/SOURCES.txt'
[1.258s] [100%] Built target ament_cmake_python_build_unitree_ocr_interfaces_egg
[1.333s] Invoked command in '/home/rs/go1_robot/build/unitree_ocr_interfaces' returned '0': /usr/bin/cmake --build /home/rs/go1_robot/build/unitree_ocr_interfaces -- -j13 -l13
[1.837s] Invoking command in '/home/rs/go1_robot/build/unitree_ocr_interfaces': /usr/bin/cmake --install /home/rs/go1_robot/build/unitree_ocr_interfaces
[1.864s] -- Install configuration: ""
[1.867s] -- Up-to-date: /home/rs/go1_robot/install/unitree_ocr_interfaces/share/ament_index/resource_index/rosidl_interfaces/unitree_ocr_interfaces
[1.868s] -- Up-to-date: /home/rs/go1_robot/install/unitree_ocr_interfaces/include/unitree_ocr_interfaces/unitree_ocr_interfaces
[1.869s] -- Up-to-date: /home/rs/go1_robot/install/unitree_ocr_interfaces/include/unitree_ocr_interfaces/unitree_ocr_interfaces/msg
[1.869s] -- Up-to-date: /home/rs/go1_robot/install/unitree_ocr_interfaces/include/unitree_ocr_interfaces/unitree_ocr_interfaces/msg/detections.h
[1.870s] -- Up-to-date: /home/rs/go1_robot/install/unitree_ocr_interfaces/include/unitree_ocr_interfaces/unitree_ocr_interfaces/msg/detail
[1.870s] -- Up-to-date: /home/rs/go1_robot/install/unitree_ocr_interfaces/include/unitree_ocr_interfaces/unitree_ocr_interfaces/msg/detail/detection__functions.h
[1.876s] -- Up-to-date: /home/rs/go1_robot/install/unitree_ocr_interfaces/include/unitree_ocr_interfaces/unitree_ocr_interfaces/msg/detail/detections__functions.h
[1.885s] -- Up-to-date: /home/rs/go1_robot/install/unitree_ocr_interfaces/include/unitree_ocr_interfaces/unitree_ocr_interfaces/msg/detail/detections__struct.h
[1.886s] -- Up-to-date: /home/rs/go1_robot/install/unitree_ocr_interfaces/include/unitree_ocr_interfaces/unitree_ocr_interfaces/msg/detail/detection__type_support.h
[1.888s] -- Up-to-date: /home/rs/go1_robot/install/unitree_ocr_interfaces/include/unitree_ocr_interfaces/unitree_ocr_interfaces/msg/detail/detection__functions.c
[1.890s] -- Up-to-date: /home/rs/go1_robot/install/unitree_ocr_interfaces/include/unitree_ocr_interfaces/unitree_ocr_interfaces/msg/detail/detection__struct.h
[1.892s] -- Up-to-date: /home/rs/go1_robot/install/unitree_ocr_interfaces/include/unitree_ocr_interfaces/unitree_ocr_interfaces/msg/detail/detections__functions.c
[1.893s] -- Up-to-date: /home/rs/go1_robot/install/unitree_ocr_interfaces/include/unitree_ocr_interfaces/unitree_ocr_interfaces/msg/detail/detections__type_support.h
[1.893s] -- Up-to-date: /home/rs/go1_robot/install/unitree_ocr_interfaces/include/unitree_ocr_interfaces/unitree_ocr_interfaces/msg/rosidl_generator_c__visibility_control.h
[1.894s] -- Up-to-date: /home/rs/go1_robot/install/unitree_ocr_interfaces/include/unitree_ocr_interfaces/unitree_ocr_interfaces/msg/detection.h
[1.894s] -- Up-to-date: /home/rs/go1_robot/install/unitree_ocr_interfaces/share/unitree_ocr_interfaces/environment/library_path.sh
[1.894s] -- Up-to-date: /home/rs/go1_robot/install/unitree_ocr_interfaces/share/unitree_ocr_interfaces/environment/library_path.dsv
[1.895s] -- Up-to-date: /home/rs/go1_robot/install/unitree_ocr_interfaces/lib/libunitree_ocr_interfaces__rosidl_generator_c.so
[1.895s] -- Up-to-date: /home/rs/go1_robot/install/unitree_ocr_interfaces/include/unitree_ocr_interfaces/unitree_ocr_interfaces
[1.895s] -- Up-to-date: /home/rs/go1_robot/install/unitree_ocr_interfaces/include/unitree_ocr_interfaces/unitree_ocr_interfaces/msg
[1.896s] -- Up-to-date: /home/rs/go1_robot/install/unitree_ocr_interfaces/include/unitree_ocr_interfaces/unitree_ocr_interfaces/msg/detail
[1.896s] -- Up-to-date: /home/rs/go1_robot/install/unitree_ocr_interfaces/include/unitree_ocr_interfaces/unitree_ocr_interfaces/msg/detail/detection__rosidl_typesupport_fastrtps_c.h
[1.896s] -- Up-to-date: /home/rs/go1_robot/install/unitree_ocr_interfaces/include/unitree_ocr_interfaces/unitree_ocr_interfaces/msg/detail/detections__rosidl_typesupport_fastrtps_c.h
[1.897s] -- Up-to-date: /home/rs/go1_robot/install/unitree_ocr_interfaces/include/unitree_ocr_interfaces/unitree_ocr_interfaces/msg/rosidl_typesupport_fastrtps_c__visibility_control.h
[1.897s] -- Up-to-date: /home/rs/go1_robot/install/unitree_ocr_interfaces/lib/libunitree_ocr_interfaces__rosidl_typesupport_fastrtps_c.so
[1.899s] -- Up-to-date: /home/rs/go1_robot/install/unitree_ocr_interfaces/include/unitree_ocr_interfaces/unitree_ocr_interfaces
[1.900s] -- Up-to-date: /home/rs/go1_robot/install/unitree_ocr_interfaces/include/unitree_ocr_interfaces/unitree_ocr_interfaces/msg
[1.900s] -- Up-to-date: /home/rs/go1_robot/install/unitree_ocr_interfaces/include/unitree_ocr_interfaces/unitree_ocr_interfaces/msg/rosidl_typesupport_introspection_c__visibility_control.h
[1.902s] -- Up-to-date: /home/rs/go1_robot/install/unitree_ocr_interfaces/include/unitree_ocr_interfaces/unitree_ocr_interfaces/msg/detail
[1.904s] -- Up-to-date: /home/rs/go1_robot/install/unitree_ocr_interfaces/include/unitree_ocr_interfaces/unitree_ocr_interfaces/msg/detail/detection__rosidl_typesupport_introspection_c.h
[1.905s] -- Up-to-date: /home/rs/go1_robot/install/unitree_ocr_interfaces/include/unitree_ocr_interfaces/unitree_ocr_interfaces/msg/detail/detections__rosidl_typesupport_introspection_c.h
[1.906s] -- Up-to-date: /home/rs/go1_robot/install/unitree_ocr_interfaces/include/unitree_ocr_interfaces/unitree_ocr_interfaces/msg/detail/detection__type_support.c
[1.908s] -- Up-to-date: /home/rs/go1_robot/install/unitree_ocr_interfaces/include/unitree_ocr_interfaces/unitree_ocr_interfaces/msg/detail/detections__type_support.c
[1.908s] -- Up-to-date: /home/rs/go1_robot/install/unitree_ocr_interfaces/lib/libunitree_ocr_interfaces__rosidl_typesupport_introspection_c.so
[1.909s] -- Up-to-date: /home/rs/go1_robot/install/unitree_ocr_interfaces/lib/libunitree_ocr_interfaces__rosidl_typesupport_c.so
[1.909s] -- Up-to-date: /home/rs/go1_robot/install/unitree_ocr_interfaces/include/unitree_ocr_interfaces/unitree_ocr_interfaces
[1.909s] -- Up-to-date: /home/rs/go1_robot/install/unitree_ocr_interfaces/include/unitree_ocr_interfaces/unitree_ocr_interfaces/msg
[1.909s] -- Up-to-date: /home/rs/go1_robot/install/unitree_ocr_interfaces/include/unitree_ocr_interfaces/unitree_ocr_interfaces/msg/detection.hpp
[1.911s] -- Up-to-date: /home/rs/go1_robot/install/unitree_ocr_interfaces/include/unitree_ocr_interfaces/unitree_ocr_interfaces/msg/detections.hpp
[1.912s] -- Up-to-date: /home/rs/go1_robot/install/unitree_ocr_interfaces/include/unitree_ocr_interfaces/unitree_ocr_interfaces/msg/detail
[1.912s] -- Up-to-date: /home/rs/go1_robot/install/unitree_ocr_interfaces/include/unitree_ocr_interfaces/unitree_ocr_interfaces/msg/detail/detection__traits.hpp
[1.914s] -- Up-to-date: /home/rs/go1_robot/install/unitree_ocr_interfaces/include/unitree_ocr_interfaces/unitree_ocr_interfaces/msg/detail/detections__builder.hpp
[1.917s] -- Up-to-date: /home/rs/go1_robot/install/unitree_ocr_interfaces/include/unitree_ocr_interfaces/unitree_ocr_interfaces/msg/detail/detections__traits.hpp
[1.917s] -- Up-to-date: /home/rs/go1_robot/install/unitree_ocr_interfaces/include/unitree_ocr_interfaces/unitree_ocr_interfaces/msg/detail/detection__builder.hpp
[1.922s] -- Up-to-date: /home/rs/go1_robot/install/unitree_ocr_interfaces/include/unitree_ocr_interfaces/unitree_ocr_interfaces/msg/detail/detection__struct.hpp
[1.923s] -- Up-to-date: /home/rs/go1_robot/install/unitree_ocr_interfaces/include/unitree_ocr_interfaces/unitree_ocr_interfaces/msg/detail/detections__struct.hpp
[1.925s] -- Up-to-date: /home/rs/go1_robot/install/unitree_ocr_interfaces/include/unitree_ocr_interfaces/unitree_ocr_interfaces
[1.926s] -- Up-to-date: /home/rs/go1_robot/install/unitree_ocr_interfaces/include/unitree_ocr_interfaces/unitree_ocr_interfaces/msg
[1.927s] -- Up-to-date: /home/rs/go1_robot/install/unitree_ocr_interfaces/include/unitree_ocr_interfaces/unitree_ocr_interfaces/msg/detail
[1.928s] -- Up-to-date: /home/rs/go1_robot/install/unitree_ocr_interfaces/include/unitree_ocr_interfaces/unitree_ocr_interfaces/msg/detail/dds_fastrtps
[1.929s] -- Up-to-date: /home/rs/go1_robot/install/unitree_ocr_interfaces/include/unitree_ocr_interfaces/unitree_ocr_interfaces/msg/detail/detections__rosidl_typesupport_fastrtps_cpp.hpp
[1.929s] -- Up-to-date: /home/rs/go1_robot/install/unitree_ocr_interfaces/include/unitree_ocr_interfaces/unitree_ocr_interfaces/msg/detail/detection__rosidl_typesupport_fastrtps_cpp.hpp
[1.930s] -- Up-to-date: /home/rs/go1_robot/install/unitree_ocr_interfaces/include/unitree_ocr_interfaces/unitree_ocr_interfaces/msg/rosidl_typesupport_fastrtps_cpp__visibility_control.h
[1.930s] -- Up-to-date: /home/rs/go1_robot/install/unitree_ocr_interfaces/lib/libunitree_ocr_interfaces__rosidl_typesupport_fastrtps_cpp.so
[1.930s] -- Up-to-date: /home/rs/go1_robot/install/unitree_ocr_interfaces/include/unitree_ocr_interfaces/unitree_ocr_interfaces
[1.930s] -- Up-to-date: /home/rs/go1_robot/install/unitree_ocr_interfaces/include/unitree_ocr_interfaces/unitree_ocr_interfaces/msg
[1.931s] -- Up-to-date: /home/rs/go1_robot/install/unitree_ocr_interfaces/include/unitree_ocr_interfaces/unitree_ocr_interfaces/msg/detail
[1.933s] -- Up-to-date: /home/rs/go1_robot/install/unitree_ocr_interfaces/include/unitree_ocr_interfaces/unitree_ocr_interfaces/msg/detail/detections__rosidl_typesupport_introspection_cpp.hpp
[1.933s] -- Up-to-date: /home/rs/go1_robot/install/unitree_ocr_interfaces/include/unitree_ocr_interfaces/unitree_ocr_interfaces/msg/detail/detection__type_support.cpp
[1.934s] -- Up-to-date: /home/rs/go1_robot/install/unitree_ocr_interfaces/include/unitree_ocr_interfaces/unitree_ocr_interfaces/msg/detail/detections__type_support.cpp
[1.935s] -- Up-to-date: /home/rs/go1_robot/install/unitree_ocr_interfaces/include/unitree_ocr_interfaces/unitree_ocr_interfaces/msg/detail/detection__rosidl_typesupport_introspection_cpp.hpp
[1.936s] -- Up-to-date: /home/rs/go1_robot/install/unitree_ocr_interfaces/lib/libunitree_ocr_interfaces__rosidl_typesupport_introspection_cpp.so
[1.936s] -- Up-to-date: /home/rs/go1_robot/install/unitree_ocr_interfaces/lib/libunitree_ocr_interfaces__rosidl_typesupport_cpp.so
[1.936s] -- Up-to-date: /home/rs/go1_robot/install/unitree_ocr_interfaces/share/unitree_ocr_interfaces/environment/pythonpath.sh
[1.936s] -- Up-to-date: /home/rs/go1_robot/install/unitree_ocr_interfaces/share/unitree_ocr_interfaces/environment/pythonpath.dsv
[1.936s] -- Up-to-date: /home/rs/go1_robot/install/unitree_ocr_interfaces/local/lib/python3.10/dist-packages/unitree_ocr_interfaces-0.0.0-py3.10.egg-info
[1.937s] -- Installing: /home/rs/go1_robot/install/unitree_ocr_interfaces/local/lib/python3.10/dist-packages/unitree_ocr_interfaces-0.0.0-py3.10.egg-info/top_level.txt
[1.937s] -- Installing: /home/rs/go1_robot/install/unitree_ocr_interfaces/local/lib/python3.10/dist-packages/unitree_ocr_interfaces-0.0.0-py3.10.egg-info/PKG-INFO
[1.940s] -- Installing: /home/rs/go1_robot/install/unitree_ocr_interfaces/local/lib/python3.10/dist-packages/unitree_ocr_interfaces-0.0.0-py3.10.egg-info/dependency_links.txt
[1.941s] -- Installing: /home/rs/go1_robot/install/unitree_ocr_interfaces/local/lib/python3.10/dist-packages/unitree_ocr_interfaces-0.0.0-py3.10.egg-info/SOURCES.txt
[1.942s] -- Up-to-date: /home/rs/go1_robot/install/unitree_ocr_interfaces/local/lib/python3.10/dist-packages/unitree_ocr_interfaces
[1.943s] -- Up-to-date: /home/rs/go1_robot/install/unitree_ocr_interfaces/local/lib/python3.10/dist-packages/unitree_ocr_interfaces/_unitree_ocr_interfaces_s.ep.rosidl_typesupport_fastrtps_c.c
[1.944s] -- Up-to-date: /home/rs/go1_robot/install/unitree_ocr_interfaces/local/lib/python3.10/dist-packages/unitree_ocr_interfaces/_unitree_ocr_interfaces_s.ep.rosidl_typesupport_introspection_c.c
[1.945s] -- Up-to-date: /home/rs/go1_robot/install/unitree_ocr_interfaces/local/lib/python3.10/dist-packages/unitree_ocr_interfaces/unitree_ocr_interfaces_s__rosidl_typesupport_introspection_c.cpython-310-x86_64-linux-gnu.so
[1.945s] -- Up-to-date: /home/rs/go1_robot/install/unitree_ocr_interfaces/local/lib/python3.10/dist-packages/unitree_ocr_interfaces/__init__.py
[1.945s] -- Up-to-date: /home/rs/go1_robot/install/unitree_ocr_interfaces/local/lib/python3.10/dist-packages/unitree_ocr_interfaces/unitree_ocr_interfaces_s__rosidl_typesupport_c.cpython-310-x86_64-linux-gnu.so
[1.948s] -- Up-to-date: /home/rs/go1_robot/install/unitree_ocr_interfaces/local/lib/python3.10/dist-packages/unitree_ocr_interfaces/_unitree_ocr_interfaces_s.ep.rosidl_typesupport_c.c
[1.957s] -- Up-to-date: /home/rs/go1_robot/install/unitree_ocr_interfaces/local/lib/python3.10/dist-packages/unitree_ocr_interfaces/msg
[1.960s] -- Up-to-date: /home/rs/go1_robot/install/unitree_ocr_interfaces/local/lib/python3.10/dist-packages/unitree_ocr_interfaces/msg/_detection.py
[1.964s] -- Up-to-date: /home/rs/go1_robot/install/unitree_ocr_interfaces/local/lib/python3.10/dist-packages/unitree_ocr_interfaces/msg/_detection_s.c
[1.965s] -- Up-to-date: /home/rs/go1_robot/install/unitree_ocr_interfaces/local/lib/python3.10/dist-packages/unitree_ocr_interfaces/msg/_detections_s.c
[1.966s] -- Up-to-date: /home/rs/go1_robot/install/unitree_ocr_interfaces/local/lib/python3.10/dist-packages/unitree_ocr_interfaces/msg/__init__.py
[1.966s] -- Up-to-date: /home/rs/go1_robot/install/unitree_ocr_interfaces/local/lib/python3.10/dist-packages/unitree_ocr_interfaces/msg/_detections.py
[1.967s] -- Up-to-date: /home/rs/go1_robot/install/unitree_ocr_interfaces/local/lib/python3.10/dist-packages/unitree_ocr_interfaces/libunitree_ocr_interfaces_msg__rosidl_generator_py.so
[1.968s] -- Up-to-date: /home/rs/go1_robot/install/unitree_ocr_interfaces/local/lib/python3.10/dist-packages/unitree_ocr_interfaces/unitree_ocr_interfaces_s__rosidl_typesupport_fastrtps_c.cpython-310-x86_64-linux-gnu.so
[2.090s] Listing '/home/rs/go1_robot/install/unitree_ocr_interfaces/local/lib/python3.10/dist-packages/unitree_ocr_interfaces'...
[2.091s] Listing '/home/rs/go1_robot/install/unitree_ocr_interfaces/local/lib/python3.10/dist-packages/unitree_ocr_interfaces/msg'...
[2.113s] -- Up-to-date: /home/rs/go1_robot/install/unitree_ocr_interfaces/local/lib/python3.10/dist-packages/unitree_ocr_interfaces/unitree_ocr_interfaces_s__rosidl_typesupport_fastrtps_c.cpython-310-x86_64-linux-gnu.so
[2.114s] -- Up-to-date: /home/rs/go1_robot/install/unitree_ocr_interfaces/local/lib/python3.10/dist-packages/unitree_ocr_interfaces/unitree_ocr_interfaces_s__rosidl_typesupport_introspection_c.cpython-310-x86_64-linux-gnu.so
[2.117s] -- Up-to-date: /home/rs/go1_robot/install/unitree_ocr_interfaces/local/lib/python3.10/dist-packages/unitree_ocr_interfaces/unitree_ocr_interfaces_s__rosidl_typesupport_c.cpython-310-x86_64-linux-gnu.so
[2.117s] -- Up-to-date: /home/rs/go1_robot/install/unitree_ocr_interfaces/lib/libunitree_ocr_interfaces_msg__rosidl_generator_py.so
[2.118s] -- Up-to-date: /home/rs/go1_robot/install/unitree_ocr_interfaces/share/unitree_ocr_interfaces/msg/Detection.idl
[2.119s] -- Up-to-date: /home/rs/go1_robot/install/unitree_ocr_interfaces/share/unitree_ocr_interfaces/msg/Detections.idl
[2.120s] -- Up-to-date: /home/rs/go1_robot/install/unitree_ocr_interfaces/share/unitree_ocr_interfaces/msg/Detection.msg
[2.121s] -- Up-to-date: /home/rs/go1_robot/install/unitree_ocr_interfaces/share/unitree_ocr_interfaces/msg/Detections.msg
[2.121s] -- Up-to-date: /home/rs/go1_robot/install/unitree_ocr_interfaces/share/ament_index/resource_index/package_run_dependencies/unitree_ocr_interfaces
[2.122s] -- Up-to-date: /home/rs/go1_robot/install/unitree_ocr_interfaces/share/ament_index/resource_index/parent_prefix_path/unitree_ocr_interfaces
[2.122s] -- Up-to-date: /home/rs/go1_robot/install/unitree_ocr_interfaces/share/unitree_ocr_interfaces/environment/ament_prefix_path.sh
[2.124s] -- Up-to-date: /home/rs/go1_robot/install/unitree_ocr_interfaces/share/unitree_ocr_interfaces/environment/ament_prefix_path.dsv
[2.124s] -- Up-to-date: /home/rs/go1_robot/install/unitree_ocr_interfaces/share/unitree_ocr_interfaces/environment/path.sh
[2.125s] -- Up-to-date: /home/rs/go1_robot/install/unitree_ocr_interfaces/share/unitree_ocr_interfaces/environment/path.dsv
[2.125s] -- Up-to-date: /home/rs/go1_robot/install/unitree_ocr_interfaces/share/unitree_ocr_interfaces/local_setup.bash
[2.126s] -- Up-to-date: /home/rs/go1_robot/install/unitree_ocr_interfaces/share/unitree_ocr_interfaces/local_setup.sh
[2.126s] -- Up-to-date: /home/rs/go1_robot/install/unitree_ocr_interfaces/share/unitree_ocr_interfaces/local_setup.zsh
[2.127s] -- Up-to-date: /home/rs/go1_robot/install/unitree_ocr_interfaces/share/unitree_ocr_interfaces/local_setup.dsv
[2.128s] -- Installing: /home/rs/go1_robot/install/unitree_ocr_interfaces/share/unitree_ocr_interfaces/package.dsv
[2.128s] -- Up-to-date: /home/rs/go1_robot/install/unitree_ocr_interfaces/share/ament_index/resource_index/packages/unitree_ocr_interfaces
[2.129s] -- Up-to-date: /home/rs/go1_robot/install/unitree_ocr_interfaces/share/unitree_ocr_interfaces/cmake/export_unitree_ocr_interfaces_msg__rosidl_generator_cExport.cmake
[2.130s] -- Up-to-date: /home/rs/go1_robot/install/unitree_ocr_interfaces/share/unitree_ocr_interfaces/cmake/export_unitree_ocr_interfaces_msg__rosidl_generator_cExport-noconfig.cmake
[2.130s] -- Up-to-date: /home/rs/go1_robot/install/unitree_ocr_interfaces/share/unitree_ocr_interfaces/cmake/export_unitree_ocr_interfaces_msg__rosidl_typesupport_fastrtps_cExport.cmake
[2.131s] -- Up-to-date: /home/rs/go1_robot/install/unitree_ocr_interfaces/share/unitree_ocr_interfaces/cmake/export_unitree_ocr_interfaces_msg__rosidl_typesupport_fastrtps_cExport-noconfig.cmake
[2.131s] -- Up-to-date: /home/rs/go1_robot/install/unitree_ocr_interfaces/share/unitree_ocr_interfaces/cmake/unitree_ocr_interfaces_msg__rosidl_typesupport_introspection_cExport.cmake
[2.132s] -- Up-to-date: /home/rs/go1_robot/install/unitree_ocr_interfaces/share/unitree_ocr_interfaces/cmake/unitree_ocr_interfaces_msg__rosidl_typesupport_introspection_cExport-noconfig.cmake
[2.133s] -- Up-to-date: /home/rs/go1_robot/install/unitree_ocr_interfaces/share/unitree_ocr_interfaces/cmake/unitree_ocr_interfaces_msg__rosidl_typesupport_cExport.cmake
[2.133s] -- Up-to-date: /home/rs/go1_robot/install/unitree_ocr_interfaces/share/unitree_ocr_interfaces/cmake/unitree_ocr_interfaces_msg__rosidl_typesupport_cExport-noconfig.cmake
[2.134s] -- Up-to-date: /home/rs/go1_robot/install/unitree_ocr_interfaces/share/unitree_ocr_interfaces/cmake/export_unitree_ocr_interfaces_msg__rosidl_generator_cppExport.cmake
[2.134s] -- Up-to-date: /home/rs/go1_robot/install/unitree_ocr_interfaces/share/unitree_ocr_interfaces/cmake/export_unitree_ocr_interfaces_msg__rosidl_typesupport_fastrtps_cppExport.cmake
[2.137s] -- Up-to-date: /home/rs/go1_robot/install/unitree_ocr_interfaces/share/unitree_ocr_interfaces/cmake/export_unitree_ocr_interfaces_msg__rosidl_typesupport_fastrtps_cppExport-noconfig.cmake
[2.138s] -- Up-to-date: /home/rs/go1_robot/install/unitree_ocr_interfaces/share/unitree_ocr_interfaces/cmake/unitree_ocr_interfaces_msg__rosidl_typesupport_introspection_cppExport.cmake
[2.144s] -- Up-to-date: /home/rs/go1_robot/install/unitree_ocr_interfaces/share/unitree_ocr_interfaces/cmake/unitree_ocr_interfaces_msg__rosidl_typesupport_introspection_cppExport-noconfig.cmake
[2.145s] -- Up-to-date: /home/rs/go1_robot/install/unitree_ocr_interfaces/share/unitree_ocr_interfaces/cmake/unitree_ocr_interfaces_msg__rosidl_typesupport_cppExport.cmake
[2.146s] -- Up-to-date: /home/rs/go1_robot/install/unitree_ocr_interfaces/share/unitree_ocr_interfaces/cmake/unitree_ocr_interfaces_msg__rosidl_typesupport_cppExport-noconfig.cmake
[2.146s] -- Up-to-date: /home/rs/go1_robot/install/unitree_ocr_interfaces/share/unitree_ocr_interfaces/cmake/export_unitree_ocr_interfaces_msg__rosidl_generator_pyExport.cmake
[2.147s] -- Up-to-date: /home/rs/go1_robot/install/unitree_ocr_interfaces/share/unitree_ocr_interfaces/cmake/export_unitree_ocr_interfaces_msg__rosidl_generator_pyExport-noconfig.cmake
[2.147s] -- Up-to-date: /home/rs/go1_robot/install/unitree_ocr_interfaces/share/unitree_ocr_interfaces/cmake/ament_cmake_export_dependencies-extras.cmake
[2.148s] -- Up-to-date: /home/rs/go1_robot/install/unitree_ocr_interfaces/share/unitree_ocr_interfaces/cmake/rosidl_cmake-extras.cmake
[2.149s] -- Up-to-date: /home/rs/go1_robot/install/unitree_ocr_interfaces/share/unitree_ocr_interfaces/cmake/ament_cmake_export_include_directories-extras.cmake
[2.149s] -- Up-to-date: /home/rs/go1_robot/install/unitree_ocr_interfaces/share/unitree_ocr_interfaces/cmake/ament_cmake_export_libraries-extras.cmake
[2.150s] -- Up-to-date: /home/rs/go1_robot/install/unitree_ocr_interfaces/share/unitree_ocr_interfaces/cmake/ament_cmake_export_targets-extras.cmake
[2.150s] -- Up-to-date: /home/rs/go1_robot/install/unitree_ocr_interfaces/share/unitree_ocr_interfaces/cmake/rosidl_cmake_export_typesupport_targets-extras.cmake
[2.151s] -- Up-to-date: /home/rs/go1_robot/install/unitree_ocr_interfaces/share/unitree_ocr_interfaces/cmake/rosidl_cmake_export_typesupport_libraries-extras.cmake
[2.152s] -- Up-to-date: /home/rs/go1_robot/install/unitree_ocr_interfaces/share/unitree_ocr_interfaces/cmake/unitree_ocr_interfacesConfig.cmake
[2.162s] -- Up-to-date: /home/rs/go1_robot/install/unitree_ocr_interfaces/share/unitree_ocr_interfaces/cmake/unitree_ocr_interfacesConfig-version.cmake
[2.164s] -- Up-to-date: /home/rs/go1_robot/install/unitree_ocr_interfaces/share/unitree_ocr_interfaces/package.xml
[2.294s] Invoked command in '/home/rs/go1_robot/build/unitree_ocr_interfaces' returned '0': /usr/bin/cmake --install /home/rs/go1_robot/build/unitree_ocr_interfaces
