[0.052s] Invoking command in '/home/rs/final_auto/build/unitree_legged_real': CMAKE_PREFIX_PATH=/home/rs/final_auto/install/ros2_unitree_legged_msgs:/home/rs/final_auto/install/unitree_inspection:/home/rs/final_auto/install/unitree_ocr:/home/rs/final_auto/install/unitree_ocr_interfaces:/home/rs/final_auto/install/unitree_nav:/home/rs/final_auto/install/unitree_nav_interfaces:/home/rs/final_auto/install/unitree_legged_real:/home/rs/final_auto/install/unitree_inspection_interfaces:/home/rs/final_auto/install/go1_description:/home/rs/final_auto/install/unitree_nav_launch_module:/opt/ros/humble LD_LIBRARY_PATH=/home/rs/final_auto/install/ros2_unitree_legged_msgs/lib:/home/rs/final_auto/install/unitree_ocr_interfaces/lib:/home/rs/final_auto/install/unitree_nav_interfaces/lib:/home/rs/final_auto/install/unitree_legged_real/lib:/home/rs/final_auto/install/unitree_inspection_interfaces/lib:/opt/ros/humble/opt/rviz_ogre_vendor/lib:/opt/ros/humble/lib/x86_64-linux-gnu:/opt/ros/humble/lib /usr/bin/cmake --build /home/rs/final_auto/build/unitree_legged_real -- -j13 -l13
[0.317s] [ 12%] Built target jsp_high
[0.346s] [ 25%] Built target jsp_low
[0.363s] [ 37%] Built target custom_gait
[0.423s] [ 62%] Built target udp_high
[0.424s] [ 62%] Built target ros2_position_example
[0.425s] [ 75%] Built target ros2_walk_example
[0.426s] [ 87%] Built target ros2_udp
[0.427s] [100%] Built target udp_low
[0.467s] Invoked command in '/home/rs/final_auto/build/unitree_legged_real' returned '0': CMAKE_PREFIX_PATH=/home/rs/final_auto/install/ros2_unitree_legged_msgs:/home/rs/final_auto/install/unitree_inspection:/home/rs/final_auto/install/unitree_ocr:/home/rs/final_auto/install/unitree_ocr_interfaces:/home/rs/final_auto/install/unitree_nav:/home/rs/final_auto/install/unitree_nav_interfaces:/home/rs/final_auto/install/unitree_legged_real:/home/rs/final_auto/install/unitree_inspection_interfaces:/home/rs/final_auto/install/go1_description:/home/rs/final_auto/install/unitree_nav_launch_module:/opt/ros/humble LD_LIBRARY_PATH=/home/rs/final_auto/install/ros2_unitree_legged_msgs/lib:/home/rs/final_auto/install/unitree_ocr_interfaces/lib:/home/rs/final_auto/install/unitree_nav_interfaces/lib:/home/rs/final_auto/install/unitree_legged_real/lib:/home/rs/final_auto/install/unitree_inspection_interfaces/lib:/opt/ros/humble/opt/rviz_ogre_vendor/lib:/opt/ros/humble/lib/x86_64-linux-gnu:/opt/ros/humble/lib /usr/bin/cmake --build /home/rs/final_auto/build/unitree_legged_real -- -j13 -l13
[0.678s] Invoking command in '/home/rs/final_auto/build/unitree_legged_real': CMAKE_PREFIX_PATH=/home/rs/final_auto/install/ros2_unitree_legged_msgs:/home/rs/final_auto/install/unitree_inspection:/home/rs/final_auto/install/unitree_ocr:/home/rs/final_auto/install/unitree_ocr_interfaces:/home/rs/final_auto/install/unitree_nav:/home/rs/final_auto/install/unitree_nav_interfaces:/home/rs/final_auto/install/unitree_legged_real:/home/rs/final_auto/install/unitree_inspection_interfaces:/home/rs/final_auto/install/go1_description:/home/rs/final_auto/install/unitree_nav_launch_module:/opt/ros/humble LD_LIBRARY_PATH=/home/rs/final_auto/install/ros2_unitree_legged_msgs/lib:/home/rs/final_auto/install/unitree_ocr_interfaces/lib:/home/rs/final_auto/install/unitree_nav_interfaces/lib:/home/rs/final_auto/install/unitree_legged_real/lib:/home/rs/final_auto/install/unitree_inspection_interfaces/lib:/opt/ros/humble/opt/rviz_ogre_vendor/lib:/opt/ros/humble/lib/x86_64-linux-gnu:/opt/ros/humble/lib /usr/bin/cmake --install /home/rs/final_auto/build/unitree_legged_real
[0.704s] -- Install configuration: ""
[0.704s] -- Up-to-date: /home/rs/final_auto/install/unitree_legged_real/lib
[0.705s] -- Up-to-date: /home/rs/final_auto/install/unitree_legged_real/lib/libunitree_legged_sdk_arm64.so
[0.705s] -- Up-to-date: /home/rs/final_auto/install/unitree_legged_real/lib/libunitree_legged_sdk_amd64.so
[0.712s] -- Up-to-date: /home/rs/final_auto/install/unitree_legged_real/lib/unitree_legged_real/ros2_udp
[0.715s] -- Up-to-date: /home/rs/final_auto/install/unitree_legged_real/lib/unitree_legged_real/udp_high
[0.719s] -- Up-to-date: /home/rs/final_auto/install/unitree_legged_real/lib/unitree_legged_real/jsp_high
[0.722s] -- Up-to-date: /home/rs/final_auto/install/unitree_legged_real/lib/unitree_legged_real/ros2_walk_example
[0.726s] -- Up-to-date: /home/rs/final_auto/install/unitree_legged_real/lib/unitree_legged_real/ros2_position_example
[0.730s] -- Up-to-date: /home/rs/final_auto/install/unitree_legged_real/lib/unitree_legged_real/custom_gait
[0.733s] -- Up-to-date: /home/rs/final_auto/install/unitree_legged_real/lib/unitree_legged_real/udp_low
[0.745s] -- Up-to-date: /home/rs/final_auto/install/unitree_legged_real/lib/unitree_legged_real/jsp_low
[0.749s] -- Up-to-date: /home/rs/final_auto/install/unitree_legged_real/share/unitree_legged_real//launch
[0.752s] -- Up-to-date: /home/rs/final_auto/install/unitree_legged_real/share/unitree_legged_real//launch/high.launch.py
[0.752s] -- Up-to-date: /home/rs/final_auto/install/unitree_legged_real/share/unitree_legged_real//launch/low.launch.py
[0.753s] -- Up-to-date: /home/rs/final_auto/install/unitree_legged_real/share/unitree_legged_real//config
[0.755s] -- Up-to-date: /home/rs/final_auto/install/unitree_legged_real/share/unitree_legged_real//config/state_only.rviz
[0.756s] -- Up-to-date: /home/rs/final_auto/install/unitree_legged_real/share/unitree_legged_real//config/state_and_cmd.rviz
[0.756s] -- Up-to-date: /home/rs/final_auto/install/unitree_legged_real/share/unitree_legged_real//config/cmd_only.rviz
[0.756s] -- Up-to-date: /home/rs/final_auto/install/unitree_legged_real/share/ament_index/resource_index/package_run_dependencies/unitree_legged_real
[0.757s] -- Up-to-date: /home/rs/final_auto/install/unitree_legged_real/share/ament_index/resource_index/parent_prefix_path/unitree_legged_real
[0.757s] -- Up-to-date: /home/rs/final_auto/install/unitree_legged_real/share/unitree_legged_real/environment/ament_prefix_path.sh
[0.757s] -- Up-to-date: /home/rs/final_auto/install/unitree_legged_real/share/unitree_legged_real/environment/ament_prefix_path.dsv
[0.757s] -- Up-to-date: /home/rs/final_auto/install/unitree_legged_real/share/unitree_legged_real/environment/path.sh
[0.757s] -- Up-to-date: /home/rs/final_auto/install/unitree_legged_real/share/unitree_legged_real/environment/path.dsv
[0.758s] -- Up-to-date: /home/rs/final_auto/install/unitree_legged_real/share/unitree_legged_real/local_setup.bash
[0.760s] -- Up-to-date: /home/rs/final_auto/install/unitree_legged_real/share/unitree_legged_real/local_setup.sh
[0.761s] -- Up-to-date: /home/rs/final_auto/install/unitree_legged_real/share/unitree_legged_real/local_setup.zsh
[0.762s] -- Up-to-date: /home/rs/final_auto/install/unitree_legged_real/share/unitree_legged_real/local_setup.dsv
[0.763s] -- Installing: /home/rs/final_auto/install/unitree_legged_real/share/unitree_legged_real/package.dsv
[0.763s] -- Up-to-date: /home/rs/final_auto/install/unitree_legged_real/share/ament_index/resource_index/packages/unitree_legged_real
[0.764s] -- Up-to-date: /home/rs/final_auto/install/unitree_legged_real/share/unitree_legged_real/cmake/unitree_legged_realConfig.cmake
[0.764s] -- Up-to-date: /home/rs/final_auto/install/unitree_legged_real/share/unitree_legged_real/cmake/unitree_legged_realConfig-version.cmake
[0.765s] -- Up-to-date: /home/rs/final_auto/install/unitree_legged_real/share/unitree_legged_real/package.xml
[0.769s] Invoked command in '/home/rs/final_auto/build/unitree_legged_real' returned '0': CMAKE_PREFIX_PATH=/home/rs/final_auto/install/ros2_unitree_legged_msgs:/home/rs/final_auto/install/unitree_inspection:/home/rs/final_auto/install/unitree_ocr:/home/rs/final_auto/install/unitree_ocr_interfaces:/home/rs/final_auto/install/unitree_nav:/home/rs/final_auto/install/unitree_nav_interfaces:/home/rs/final_auto/install/unitree_legged_real:/home/rs/final_auto/install/unitree_inspection_interfaces:/home/rs/final_auto/install/go1_description:/home/rs/final_auto/install/unitree_nav_launch_module:/opt/ros/humble LD_LIBRARY_PATH=/home/rs/final_auto/install/ros2_unitree_legged_msgs/lib:/home/rs/final_auto/install/unitree_ocr_interfaces/lib:/home/rs/final_auto/install/unitree_nav_interfaces/lib:/home/rs/final_auto/install/unitree_legged_real/lib:/home/rs/final_auto/install/unitree_inspection_interfaces/lib:/opt/ros/humble/opt/rviz_ogre_vendor/lib:/opt/ros/humble/lib/x86_64-linux-gnu:/opt/ros/humble/lib /usr/bin/cmake --install /home/rs/final_auto/build/unitree_legged_real
