[0.076s] Invoking command in '/home/rs/final_auto/build/unitree_nav': CMAKE_PREFIX_PATH=/home/rs/final_auto/install/unitree_nav_interfaces:/home/rs/final_auto/install/ros2_unitree_legged_msgs:/home/rs/final_auto/install/unitree_inspection:/home/rs/final_auto/install/unitree_ocr:/home/rs/final_auto/install/unitree_ocr_interfaces:/home/rs/final_auto/install/unitree_nav:/home/rs/final_auto/install/unitree_legged_real:/home/rs/final_auto/install/unitree_inspection_interfaces:/home/rs/final_auto/install/go1_description:/home/rs/final_auto/install/unitree_nav_launch_module:/opt/ros/humble LD_LIBRARY_PATH=/home/rs/final_auto/install/unitree_nav_interfaces/lib:/home/rs/final_auto/install/ros2_unitree_legged_msgs/lib:/home/rs/final_auto/install/unitree_ocr_interfaces/lib:/home/rs/final_auto/install/unitree_legged_real/lib:/home/rs/final_auto/install/unitree_inspection_interfaces/lib:/opt/ros/humble/opt/rviz_ogre_vendor/lib:/opt/ros/humble/lib/x86_64-linux-gnu:/opt/ros/humble/lib /usr/bin/cmake --build /home/rs/final_auto/build/unitree_nav -- -j13 -l13
[0.416s] [ 50%] Built target cmd_processor
[0.434s] [100%] Built target nav_to_pose
[0.473s] Invoked command in '/home/rs/final_auto/build/unitree_nav' returned '0': CMAKE_PREFIX_PATH=/home/rs/final_auto/install/unitree_nav_interfaces:/home/rs/final_auto/install/ros2_unitree_legged_msgs:/home/rs/final_auto/install/unitree_inspection:/home/rs/final_auto/install/unitree_ocr:/home/rs/final_auto/install/unitree_ocr_interfaces:/home/rs/final_auto/install/unitree_nav:/home/rs/final_auto/install/unitree_legged_real:/home/rs/final_auto/install/unitree_inspection_interfaces:/home/rs/final_auto/install/go1_description:/home/rs/final_auto/install/unitree_nav_launch_module:/opt/ros/humble LD_LIBRARY_PATH=/home/rs/final_auto/install/unitree_nav_interfaces/lib:/home/rs/final_auto/install/ros2_unitree_legged_msgs/lib:/home/rs/final_auto/install/unitree_ocr_interfaces/lib:/home/rs/final_auto/install/unitree_legged_real/lib:/home/rs/final_auto/install/unitree_inspection_interfaces/lib:/opt/ros/humble/opt/rviz_ogre_vendor/lib:/opt/ros/humble/lib/x86_64-linux-gnu:/opt/ros/humble/lib /usr/bin/cmake --build /home/rs/final_auto/build/unitree_nav -- -j13 -l13
[0.593s] Invoking command in '/home/rs/final_auto/build/unitree_nav': CMAKE_PREFIX_PATH=/home/rs/final_auto/install/unitree_nav_interfaces:/home/rs/final_auto/install/ros2_unitree_legged_msgs:/home/rs/final_auto/install/unitree_inspection:/home/rs/final_auto/install/unitree_ocr:/home/rs/final_auto/install/unitree_ocr_interfaces:/home/rs/final_auto/install/unitree_nav:/home/rs/final_auto/install/unitree_legged_real:/home/rs/final_auto/install/unitree_inspection_interfaces:/home/rs/final_auto/install/go1_description:/home/rs/final_auto/install/unitree_nav_launch_module:/opt/ros/humble LD_LIBRARY_PATH=/home/rs/final_auto/install/unitree_nav_interfaces/lib:/home/rs/final_auto/install/ros2_unitree_legged_msgs/lib:/home/rs/final_auto/install/unitree_ocr_interfaces/lib:/home/rs/final_auto/install/unitree_legged_real/lib:/home/rs/final_auto/install/unitree_inspection_interfaces/lib:/opt/ros/humble/opt/rviz_ogre_vendor/lib:/opt/ros/humble/lib/x86_64-linux-gnu:/opt/ros/humble/lib /usr/bin/cmake --install /home/rs/final_auto/build/unitree_nav
[0.620s] -- Install configuration: ""
[0.624s] -- Up-to-date: /home/rs/final_auto/install/unitree_nav/lib/unitree_nav/cmd_processor
[0.628s] -- Up-to-date: /home/rs/final_auto/install/unitree_nav/lib/unitree_nav/nav_to_pose
[0.628s] -- Up-to-date: /home/rs/final_auto/install/unitree_nav/share/unitree_nav/launch
[0.630s] -- Up-to-date: /home/rs/final_auto/install/unitree_nav/share/unitree_nav/launch/rslidar_robosense.launch.py
[0.630s] -- Up-to-date: /home/rs/final_auto/install/unitree_nav/share/unitree_nav/launch/unitree_nav.launch.py
[0.632s] -- Up-to-date: /home/rs/final_auto/install/unitree_nav/share/unitree_nav/launch/mapping.launch.py
[0.633s] -- Up-to-date: /home/rs/final_auto/install/unitree_nav/share/unitree_nav/launch/control.launch.py
[0.633s] -- Up-to-date: /home/rs/final_auto/install/unitree_nav/share/unitree_nav/config
[0.635s] -- Up-to-date: /home/rs/final_auto/install/unitree_nav/share/unitree_nav/config/nav.rviz
[0.635s] -- Up-to-date: /home/rs/final_auto/install/unitree_nav/share/unitree_nav/config/nav2_params.yaml
[0.636s] -- Up-to-date: /home/rs/final_auto/install/unitree_nav/share/ament_index/resource_index/package_run_dependencies/unitree_nav
[0.636s] -- Up-to-date: /home/rs/final_auto/install/unitree_nav/share/ament_index/resource_index/parent_prefix_path/unitree_nav
[0.636s] -- Up-to-date: /home/rs/final_auto/install/unitree_nav/share/unitree_nav/environment/ament_prefix_path.sh
[0.636s] -- Up-to-date: /home/rs/final_auto/install/unitree_nav/share/unitree_nav/environment/ament_prefix_path.dsv
[0.637s] -- Up-to-date: /home/rs/final_auto/install/unitree_nav/share/unitree_nav/environment/path.sh
[0.638s] -- Up-to-date: /home/rs/final_auto/install/unitree_nav/share/unitree_nav/environment/path.dsv
[0.638s] -- Up-to-date: /home/rs/final_auto/install/unitree_nav/share/unitree_nav/local_setup.bash
[0.639s] -- Up-to-date: /home/rs/final_auto/install/unitree_nav/share/unitree_nav/local_setup.sh
[0.639s] -- Up-to-date: /home/rs/final_auto/install/unitree_nav/share/unitree_nav/local_setup.zsh
[0.640s] -- Up-to-date: /home/rs/final_auto/install/unitree_nav/share/unitree_nav/local_setup.dsv
[0.642s] -- Installing: /home/rs/final_auto/install/unitree_nav/share/unitree_nav/package.dsv
[0.642s] -- Up-to-date: /home/rs/final_auto/install/unitree_nav/share/ament_index/resource_index/packages/unitree_nav
[0.643s] -- Up-to-date: /home/rs/final_auto/install/unitree_nav/share/unitree_nav/cmake/unitree_navConfig.cmake
[0.643s] -- Up-to-date: /home/rs/final_auto/install/unitree_nav/share/unitree_nav/cmake/unitree_navConfig-version.cmake
[0.643s] -- Up-to-date: /home/rs/final_auto/install/unitree_nav/share/unitree_nav/package.xml
[0.648s] Invoked command in '/home/rs/final_auto/build/unitree_nav' returned '0': CMAKE_PREFIX_PATH=/home/rs/final_auto/install/unitree_nav_interfaces:/home/rs/final_auto/install/ros2_unitree_legged_msgs:/home/rs/final_auto/install/unitree_inspection:/home/rs/final_auto/install/unitree_ocr:/home/rs/final_auto/install/unitree_ocr_interfaces:/home/rs/final_auto/install/unitree_nav:/home/rs/final_auto/install/unitree_legged_real:/home/rs/final_auto/install/unitree_inspection_interfaces:/home/rs/final_auto/install/go1_description:/home/rs/final_auto/install/unitree_nav_launch_module:/opt/ros/humble LD_LIBRARY_PATH=/home/rs/final_auto/install/unitree_nav_interfaces/lib:/home/rs/final_auto/install/ros2_unitree_legged_msgs/lib:/home/rs/final_auto/install/unitree_ocr_interfaces/lib:/home/rs/final_auto/install/unitree_legged_real/lib:/home/rs/final_auto/install/unitree_inspection_interfaces/lib:/opt/ros/humble/opt/rviz_ogre_vendor/lib:/opt/ros/humble/lib/x86_64-linux-gnu:/opt/ros/humble/lib /usr/bin/cmake --install /home/rs/final_auto/build/unitree_nav
