[0.058s] Invoking command in '/home/rs/go1_robot/build/unitree_inspection': AMENT_PREFIX_PATH=/home/rs/go1_robot/install/unitree_ocr:/home/rs/go1_robot/install/unitree_nav:/home/rs/go1_robot/install/unitree_ocr_interfaces:/home/rs/go1_robot/install/unitree_nav_interfaces:/home/rs/go1_robot/install/unitree_inspection_interfaces:/home/rs/go1_robot/install/ros2_unitree_legged_msgs:${AMENT_PREFIX_PATH} CMAKE_PREFIX_PATH=/home/rs/go1_robot/install/unitree_ocr:/home/rs/go1_robot/install/unitree_nav:/home/rs/go1_robot/install/unitree_ocr_interfaces:/home/rs/go1_robot/install/unitree_nav_interfaces:/home/rs/go1_robot/install/unitree_inspection_interfaces:/home/rs/go1_robot/install/ros2_unitree_legged_msgs:/opt/ros/humble LD_LIBRARY_PATH=/home/rs/go1_robot/install/unitree_ocr_interfaces/lib:/home/rs/go1_robot/install/unitree_nav_interfaces/lib:/home/rs/go1_robot/install/unitree_inspection_interfaces/lib:/home/rs/go1_robot/install/ros2_unitree_legged_msgs/lib:${LD_LIBRARY_PATH} PYTHONPATH=/home/rs/go1_robot/install/unitree_ocr_interfaces/local/lib/python3.10/dist-packages:/home/rs/go1_robot/install/unitree_nav_interfaces/local/lib/python3.10/dist-packages:/home/rs/go1_robot/install/unitree_inspection_interfaces/local/lib/python3.10/dist-packages:/home/rs/go1_robot/install/ros2_unitree_legged_msgs/local/lib/python3.10/dist-packages:${PYTHONPATH} /usr/bin/cmake /home/rs/go1_robot/src/unitree_inspection/unitree_inspection -DCMAKE_INSTALL_PREFIX=/home/rs/go1_robot/install/unitree_inspection
[0.249s] -- The C compiler identification is GNU 11.4.0
[0.469s] -- The CXX compiler identification is GNU 11.4.0
[0.488s] -- Detecting C compiler ABI info
[0.724s] -- Detecting C compiler ABI info - done
[0.740s] -- Check for working C compiler: /usr/bin/cc - skipped
[0.741s] -- Detecting C compile features
[0.742s] -- Detecting C compile features - done
[0.747s] -- Detecting CXX compiler ABI info
[0.971s] -- Detecting CXX compiler ABI info - done
[0.985s] -- Check for working CXX compiler: /usr/bin/c++ - skipped
[0.986s] -- Detecting CXX compile features
[0.987s] -- Detecting CXX compile features - done
[0.991s] -- Found ament_cmake: 1.3.9 (/opt/ros/humble/share/ament_cmake/cmake)
[1.333s] -- Found Python3: /usr/bin/python3 (found version "3.10.12") found components: Interpreter 
[1.543s] -- Found rclcpp: 16.0.9 (/opt/ros/humble/share/rclcpp/cmake)
[1.644s] -- Found rosidl_generator_c: 3.1.5 (/opt/ros/humble/share/rosidl_generator_c/cmake)
[1.654s] -- Found rosidl_adapter: 3.1.5 (/opt/ros/humble/share/rosidl_adapter/cmake)
[1.678s] -- Found rosidl_generator_cpp: 3.1.5 (/opt/ros/humble/share/rosidl_generator_cpp/cmake)
[1.703s] -- Using all available rosidl_typesupport_c: rosidl_typesupport_fastrtps_c;rosidl_typesupport_introspection_c
[1.748s] -- Using all available rosidl_typesupport_cpp: rosidl_typesupport_fastrtps_cpp;rosidl_typesupport_introspection_cpp
[1.911s] -- Found rmw_implementation_cmake: 6.1.2 (/opt/ros/humble/share/rmw_implementation_cmake/cmake)
[1.916s] -- Found rmw_fastrtps_cpp: 6.2.6 (/opt/ros/humble/share/rmw_fastrtps_cpp/cmake)
[2.170s] -- Found OpenSSL: /usr/lib/x86_64-linux-gnu/libcrypto.so (found version "3.0.2")  
[2.221s] -- Found FastRTPS: /opt/ros/humble/include  
[2.315s] -- Using RMW implementation 'rmw_fastrtps_cpp' as default
[2.336s] -- Looking for pthread.h
[2.500s] -- Looking for pthread.h - found
[2.501s] -- Performing Test CMAKE_HAVE_LIBC_PTHREAD
[2.666s] -- Performing Test CMAKE_HAVE_LIBC_PTHREAD - Success
[2.666s] -- Found Threads: TRUE  
[3.011s] -- Found rclcpp_action: 16.0.9 (/opt/ros/humble/share/rclcpp_action/cmake)
[3.199s] -- Found std_srvs: 4.2.4 (/opt/ros/humble/share/std_srvs/cmake)
[3.233s] -- Found geometry_msgs: 4.2.4 (/opt/ros/humble/share/geometry_msgs/cmake)
[3.333s] -- Found tf2: 0.25.7 (/opt/ros/humble/share/tf2/cmake)
[3.368s] -- Found tf2_geometry_msgs: 0.25.7 (/opt/ros/humble/share/tf2_geometry_msgs/cmake)
[3.404s] -- Found eigen3_cmake_module: 0.1.1 (/opt/ros/humble/share/eigen3_cmake_module/cmake)
[3.406s] -- Found Eigen3: TRUE (found version "3.4.0") 
[3.407s] -- Ensuring Eigen3 include directory is part of orocos-kdl CMake target
[3.901s] -- Found nav2_msgs: 1.1.15 (/opt/ros/humble/share/nav2_msgs/cmake)
[4.427s] -- Found unitree_nav_interfaces: 0.0.0 (/home/rs/go1_robot/install/unitree_nav_interfaces/share/unitree_nav_interfaces/cmake)
[4.549s] -- Found unitree_ocr_interfaces: 0.0.0 (/home/rs/go1_robot/install/unitree_ocr_interfaces/share/unitree_ocr_interfaces/cmake)
[4.590s] -- Found unitree_inspection_interfaces: 0.0.0 (/home/rs/go1_robot/install/unitree_inspection_interfaces/share/unitree_inspection_interfaces/cmake)
[4.637s] -- Found ament_lint_auto: 0.12.11 (/opt/ros/humble/share/ament_lint_auto/cmake)
[4.792s] -- Added test 'cppcheck' to perform static code analysis on C / C++ code
[4.793s] -- Configured cppcheck include dirs: 
[4.793s] -- Configured cppcheck exclude dirs and/or files: 
[4.794s] -- Added test 'flake8' to check Python code syntax and style conventions
[4.795s] -- Added test 'lint_cmake' to check CMake code style
[4.796s] -- Added test 'pep257' to check Python code against some of the docstring style conventions in PEP 257
[4.798s] -- Added test 'uncrustify' to check C / C++ code style
[4.798s] -- Configured uncrustify additional arguments: 
[4.799s] -- Added test 'xmllint' to check XML markup files
[4.801s] -- Configuring done
[4.828s] -- Generating done
[4.832s] -- Build files have been written to: /home/rs/go1_robot/build/unitree_inspection
[4.851s] Invoked command in '/home/rs/go1_robot/build/unitree_inspection' returned '0': AMENT_PREFIX_PATH=/home/rs/go1_robot/install/unitree_ocr:/home/rs/go1_robot/install/unitree_nav:/home/rs/go1_robot/install/unitree_ocr_interfaces:/home/rs/go1_robot/install/unitree_nav_interfaces:/home/rs/go1_robot/install/unitree_inspection_interfaces:/home/rs/go1_robot/install/ros2_unitree_legged_msgs:${AMENT_PREFIX_PATH} CMAKE_PREFIX_PATH=/home/rs/go1_robot/install/unitree_ocr:/home/rs/go1_robot/install/unitree_nav:/home/rs/go1_robot/install/unitree_ocr_interfaces:/home/rs/go1_robot/install/unitree_nav_interfaces:/home/rs/go1_robot/install/unitree_inspection_interfaces:/home/rs/go1_robot/install/ros2_unitree_legged_msgs:/opt/ros/humble LD_LIBRARY_PATH=/home/rs/go1_robot/install/unitree_ocr_interfaces/lib:/home/rs/go1_robot/install/unitree_nav_interfaces/lib:/home/rs/go1_robot/install/unitree_inspection_interfaces/lib:/home/rs/go1_robot/install/ros2_unitree_legged_msgs/lib:${LD_LIBRARY_PATH} PYTHONPATH=/home/rs/go1_robot/install/unitree_ocr_interfaces/local/lib/python3.10/dist-packages:/home/rs/go1_robot/install/unitree_nav_interfaces/local/lib/python3.10/dist-packages:/home/rs/go1_robot/install/unitree_inspection_interfaces/local/lib/python3.10/dist-packages:/home/rs/go1_robot/install/ros2_unitree_legged_msgs/local/lib/python3.10/dist-packages:${PYTHONPATH} /usr/bin/cmake /home/rs/go1_robot/src/unitree_inspection/unitree_inspection -DCMAKE_INSTALL_PREFIX=/home/rs/go1_robot/install/unitree_inspection
[4.855s] Invoking command in '/home/rs/go1_robot/build/unitree_inspection': AMENT_PREFIX_PATH=/home/rs/go1_robot/install/unitree_ocr:/home/rs/go1_robot/install/unitree_nav:/home/rs/go1_robot/install/unitree_ocr_interfaces:/home/rs/go1_robot/install/unitree_nav_interfaces:/home/rs/go1_robot/install/unitree_inspection_interfaces:/home/rs/go1_robot/install/ros2_unitree_legged_msgs:${AMENT_PREFIX_PATH} CMAKE_PREFIX_PATH=/home/rs/go1_robot/install/unitree_ocr:/home/rs/go1_robot/install/unitree_nav:/home/rs/go1_robot/install/unitree_ocr_interfaces:/home/rs/go1_robot/install/unitree_nav_interfaces:/home/rs/go1_robot/install/unitree_inspection_interfaces:/home/rs/go1_robot/install/ros2_unitree_legged_msgs:/opt/ros/humble LD_LIBRARY_PATH=/home/rs/go1_robot/install/unitree_ocr_interfaces/lib:/home/rs/go1_robot/install/unitree_nav_interfaces/lib:/home/rs/go1_robot/install/unitree_inspection_interfaces/lib:/home/rs/go1_robot/install/ros2_unitree_legged_msgs/lib:${LD_LIBRARY_PATH} PYTHONPATH=/home/rs/go1_robot/install/unitree_ocr_interfaces/local/lib/python3.10/dist-packages:/home/rs/go1_robot/install/unitree_nav_interfaces/local/lib/python3.10/dist-packages:/home/rs/go1_robot/install/unitree_inspection_interfaces/local/lib/python3.10/dist-packages:/home/rs/go1_robot/install/ros2_unitree_legged_msgs/local/lib/python3.10/dist-packages:${PYTHONPATH} /usr/bin/cmake --build /home/rs/go1_robot/build/unitree_inspection -- -j13 -l13
[4.982s] [ 50%] [32mBuilding CXX object CMakeFiles/inspection.dir/src/inspection.cpp.o[0m
[27.358s] [100%] [32m[1mLinking CXX executable inspection[0m
[28.461s] [100%] Built target inspection
[28.481s] Invoked command in '/home/rs/go1_robot/build/unitree_inspection' returned '0': AMENT_PREFIX_PATH=/home/rs/go1_robot/install/unitree_ocr:/home/rs/go1_robot/install/unitree_nav:/home/rs/go1_robot/install/unitree_ocr_interfaces:/home/rs/go1_robot/install/unitree_nav_interfaces:/home/rs/go1_robot/install/unitree_inspection_interfaces:/home/rs/go1_robot/install/ros2_unitree_legged_msgs:${AMENT_PREFIX_PATH} CMAKE_PREFIX_PATH=/home/rs/go1_robot/install/unitree_ocr:/home/rs/go1_robot/install/unitree_nav:/home/rs/go1_robot/install/unitree_ocr_interfaces:/home/rs/go1_robot/install/unitree_nav_interfaces:/home/rs/go1_robot/install/unitree_inspection_interfaces:/home/rs/go1_robot/install/ros2_unitree_legged_msgs:/opt/ros/humble LD_LIBRARY_PATH=/home/rs/go1_robot/install/unitree_ocr_interfaces/lib:/home/rs/go1_robot/install/unitree_nav_interfaces/lib:/home/rs/go1_robot/install/unitree_inspection_interfaces/lib:/home/rs/go1_robot/install/ros2_unitree_legged_msgs/lib:${LD_LIBRARY_PATH} PYTHONPATH=/home/rs/go1_robot/install/unitree_ocr_interfaces/local/lib/python3.10/dist-packages:/home/rs/go1_robot/install/unitree_nav_interfaces/local/lib/python3.10/dist-packages:/home/rs/go1_robot/install/unitree_inspection_interfaces/local/lib/python3.10/dist-packages:/home/rs/go1_robot/install/ros2_unitree_legged_msgs/local/lib/python3.10/dist-packages:${PYTHONPATH} /usr/bin/cmake --build /home/rs/go1_robot/build/unitree_inspection -- -j13 -l13
[28.558s] Invoking command in '/home/rs/go1_robot/build/unitree_inspection': AMENT_PREFIX_PATH=/home/rs/go1_robot/install/unitree_ocr:/home/rs/go1_robot/install/unitree_nav:/home/rs/go1_robot/install/unitree_ocr_interfaces:/home/rs/go1_robot/install/unitree_nav_interfaces:/home/rs/go1_robot/install/unitree_inspection_interfaces:/home/rs/go1_robot/install/ros2_unitree_legged_msgs:${AMENT_PREFIX_PATH} CMAKE_PREFIX_PATH=/home/rs/go1_robot/install/unitree_ocr:/home/rs/go1_robot/install/unitree_nav:/home/rs/go1_robot/install/unitree_ocr_interfaces:/home/rs/go1_robot/install/unitree_nav_interfaces:/home/rs/go1_robot/install/unitree_inspection_interfaces:/home/rs/go1_robot/install/ros2_unitree_legged_msgs:/opt/ros/humble LD_LIBRARY_PATH=/home/rs/go1_robot/install/unitree_ocr_interfaces/lib:/home/rs/go1_robot/install/unitree_nav_interfaces/lib:/home/rs/go1_robot/install/unitree_inspection_interfaces/lib:/home/rs/go1_robot/install/ros2_unitree_legged_msgs/lib:${LD_LIBRARY_PATH} PYTHONPATH=/home/rs/go1_robot/install/unitree_ocr_interfaces/local/lib/python3.10/dist-packages:/home/rs/go1_robot/install/unitree_nav_interfaces/local/lib/python3.10/dist-packages:/home/rs/go1_robot/install/unitree_inspection_interfaces/local/lib/python3.10/dist-packages:/home/rs/go1_robot/install/ros2_unitree_legged_msgs/local/lib/python3.10/dist-packages:${PYTHONPATH} /usr/bin/cmake --install /home/rs/go1_robot/build/unitree_inspection
[28.575s] -- Install configuration: ""
[28.575s] -- Installing: /home/rs/go1_robot/install/unitree_inspection/lib/unitree_inspection/inspection
[28.586s] -- Set runtime path of "/home/rs/go1_robot/install/unitree_inspection/lib/unitree_inspection/inspection" to ""
[28.586s] -- Installing: /home/rs/go1_robot/install/unitree_inspection/share/unitree_inspection/launch
[28.587s] -- Installing: /home/rs/go1_robot/install/unitree_inspection/share/unitree_inspection/launch/inspection.launch.py
[28.587s] -- Installing: /home/rs/go1_robot/install/unitree_inspection/share/unitree_inspection/launch/autonomous_inspection.launch.py
[28.587s] -- Installing: /home/rs/go1_robot/install/unitree_inspection/share/unitree_inspection/config
[28.588s] -- Installing: /home/rs/go1_robot/install/unitree_inspection/share/unitree_inspection/config/environment_params.yaml
[28.588s] -- Installing: /home/rs/go1_robot/install/unitree_inspection/share/ament_index/resource_index/package_run_dependencies/unitree_inspection
[28.589s] -- Installing: /home/rs/go1_robot/install/unitree_inspection/share/ament_index/resource_index/parent_prefix_path/unitree_inspection
[28.589s] -- Installing: /home/rs/go1_robot/install/unitree_inspection/share/unitree_inspection/environment/ament_prefix_path.sh
[28.589s] -- Installing: /home/rs/go1_robot/install/unitree_inspection/share/unitree_inspection/environment/ament_prefix_path.dsv
[28.590s] -- Installing: /home/rs/go1_robot/install/unitree_inspection/share/unitree_inspection/environment/path.sh
[28.590s] -- Installing: /home/rs/go1_robot/install/unitree_inspection/share/unitree_inspection/environment/path.dsv
[28.590s] -- Installing: /home/rs/go1_robot/install/unitree_inspection/share/unitree_inspection/local_setup.bash
[28.593s] -- Installing: /home/rs/go1_robot/install/unitree_inspection/share/unitree_inspection/local_setup.sh
[28.593s] -- Installing: /home/rs/go1_robot/install/unitree_inspection/share/unitree_inspection/local_setup.zsh
[28.594s] -- Installing: /home/rs/go1_robot/install/unitree_inspection/share/unitree_inspection/local_setup.dsv
[28.595s] -- Installing: /home/rs/go1_robot/install/unitree_inspection/share/unitree_inspection/package.dsv
[28.595s] -- Installing: /home/rs/go1_robot/install/unitree_inspection/share/ament_index/resource_index/packages/unitree_inspection
[28.596s] -- Installing: /home/rs/go1_robot/install/unitree_inspection/share/unitree_inspection/cmake/unitree_inspectionConfig.cmake
[28.596s] -- Installing: /home/rs/go1_robot/install/unitree_inspection/share/unitree_inspection/cmake/unitree_inspectionConfig-version.cmake
[28.597s] -- Installing: /home/rs/go1_robot/install/unitree_inspection/share/unitree_inspection/package.xml
[28.600s] Invoked command in '/home/rs/go1_robot/build/unitree_inspection' returned '0': AMENT_PREFIX_PATH=/home/rs/go1_robot/install/unitree_ocr:/home/rs/go1_robot/install/unitree_nav:/home/rs/go1_robot/install/unitree_ocr_interfaces:/home/rs/go1_robot/install/unitree_nav_interfaces:/home/rs/go1_robot/install/unitree_inspection_interfaces:/home/rs/go1_robot/install/ros2_unitree_legged_msgs:${AMENT_PREFIX_PATH} CMAKE_PREFIX_PATH=/home/rs/go1_robot/install/unitree_ocr:/home/rs/go1_robot/install/unitree_nav:/home/rs/go1_robot/install/unitree_ocr_interfaces:/home/rs/go1_robot/install/unitree_nav_interfaces:/home/rs/go1_robot/install/unitree_inspection_interfaces:/home/rs/go1_robot/install/ros2_unitree_legged_msgs:/opt/ros/humble LD_LIBRARY_PATH=/home/rs/go1_robot/install/unitree_ocr_interfaces/lib:/home/rs/go1_robot/install/unitree_nav_interfaces/lib:/home/rs/go1_robot/install/unitree_inspection_interfaces/lib:/home/rs/go1_robot/install/ros2_unitree_legged_msgs/lib:${LD_LIBRARY_PATH} PYTHONPATH=/home/rs/go1_robot/install/unitree_ocr_interfaces/local/lib/python3.10/dist-packages:/home/rs/go1_robot/install/unitree_nav_interfaces/local/lib/python3.10/dist-packages:/home/rs/go1_robot/install/unitree_inspection_interfaces/local/lib/python3.10/dist-packages:/home/rs/go1_robot/install/ros2_unitree_legged_msgs/local/lib/python3.10/dist-packages:${PYTHONPATH} /usr/bin/cmake --install /home/rs/go1_robot/build/unitree_inspection
