[  2%] Built target unitree_nav_interfaces_srv__cpp
[ 12%] Built target unitree_nav_interfaces_srv__rosidl_generator_c
[ 12%] Built target ament_cmake_python_copy_unitree_nav_interfaces
[ 23%] Built target unitree_nav_interfaces_srv__rosidl_typesupport_cpp
[ 34%] Built target unitree_nav_interfaces_srv__rosidl_typesupport_fastrtps_cpp
[ 44%] Built target unitree_nav_interfaces_srv__rosidl_typesupport_introspection_cpp
[ 55%] Built target unitree_nav_interfaces_srv__rosidl_typesupport_fastrtps_c
[ 65%] Built target unitree_nav_interfaces_srv__rosidl_typesupport_c
[ 76%] Built target unitree_nav_interfaces_srv__rosidl_typesupport_introspection_c
[ 76%] Built target unitree_nav_interfaces_srv
[ 78%] Built target unitree_nav_interfaces_srv__py
[ 87%] Built target unitree_nav_interfaces_srv__rosidl_generator_py
[ 91%] Built target unitree_nav_interfaces__rosidl_typesupport_fastrtps_c__pyext
[ 95%] Built target unitree_nav_interfaces__rosidl_typesupport_c__pyext
[100%] Built target unitree_nav_interfaces__rosidl_typesupport_introspection_c__pyext
running egg_info
writing unitree_nav_interfaces.egg-info/PKG-INFO
writing dependency_links to unitree_nav_interfaces.egg-info/dependency_links.txt
writing top-level names to unitree_nav_interfaces.egg-info/top_level.txt
reading manifest file 'unitree_nav_interfaces.egg-info/SOURCES.txt'
writing manifest file 'unitree_nav_interfaces.egg-info/SOURCES.txt'
[100%] Built target ament_cmake_python_build_unitree_nav_interfaces_egg
