[0.167s] Invoking command in '/home/rs/go1_robot/build/unitree_nav_interfaces': CMAKE_PREFIX_PATH=${CMAKE_PREFIX_PATH}:/opt/ros/humble:/home/rs/go1_robot/install/unitree_nav_launch_module /usr/bin/cmake --build /home/rs/go1_robot/build/unitree_nav_interfaces -- -j13 -l13
[0.504s] [  2%] Built target unitree_nav_interfaces_srv__cpp
[0.527s] [ 12%] Built target unitree_nav_interfaces_srv__rosidl_generator_c
[0.593s] [ 12%] Built target ament_cmake_python_copy_unitree_nav_interfaces
[0.682s] [ 23%] Built target unitree_nav_interfaces_srv__rosidl_typesupport_cpp
[0.799s] [ 34%] Built target unitree_nav_interfaces_srv__rosidl_typesupport_fastrtps_cpp
[0.841s] [ 44%] Built target unitree_nav_interfaces_srv__rosidl_typesupport_introspection_cpp
[0.891s] [ 55%] Built target unitree_nav_interfaces_srv__rosidl_typesupport_fastrtps_c
[0.919s] [ 65%] Built target unitree_nav_interfaces_srv__rosidl_typesupport_c
[0.949s] [ 76%] Built target unitree_nav_interfaces_srv__rosidl_typesupport_introspection_c
[1.095s] [ 76%] Built target unitree_nav_interfaces_srv
[1.246s] [ 78%] Built target unitree_nav_interfaces_srv__py
[1.421s] [ 87%] Built target unitree_nav_interfaces_srv__rosidl_generator_py
[1.582s] [ 91%] Built target unitree_nav_interfaces__rosidl_typesupport_fastrtps_c__pyext
[1.608s] [ 95%] Built target unitree_nav_interfaces__rosidl_typesupport_c__pyext
[1.619s] [100%] Built target unitree_nav_interfaces__rosidl_typesupport_introspection_c__pyext
[2.031s] running egg_info
[2.035s] writing unitree_nav_interfaces.egg-info/PKG-INFO
[2.036s] writing dependency_links to unitree_nav_interfaces.egg-info/dependency_links.txt
[2.044s] writing top-level names to unitree_nav_interfaces.egg-info/top_level.txt
[2.092s] reading manifest file 'unitree_nav_interfaces.egg-info/SOURCES.txt'
[2.093s] writing manifest file 'unitree_nav_interfaces.egg-info/SOURCES.txt'
[2.174s] [100%] Built target ament_cmake_python_build_unitree_nav_interfaces_egg
[2.242s] Invoked command in '/home/rs/go1_robot/build/unitree_nav_interfaces' returned '0': CMAKE_PREFIX_PATH=${CMAKE_PREFIX_PATH}:/opt/ros/humble:/home/rs/go1_robot/install/unitree_nav_launch_module /usr/bin/cmake --build /home/rs/go1_robot/build/unitree_nav_interfaces -- -j13 -l13
