[0.046s] Invoking command in '/home/rs/final_auto/build/unitree_nav': AMENT_PREFIX_PATH=/home/rs/final_auto/install/unitree_nav_interfaces:/home/rs/final_auto/install/ros2_unitree_legged_msgs:${AMENT_PREFIX_PATH} CMAKE_PREFIX_PATH=/home/rs/final_auto/install/unitree_nav_interfaces:/home/rs/final_auto/install/ros2_unitree_legged_msgs${CMAKE_PREFIX_PATH} LD_LIBRARY_PATH=/home/rs/final_auto/install/unitree_nav_interfaces/lib:/home/rs/final_auto/install/ros2_unitree_legged_msgs/lib:${LD_LIBRARY_PATH} PYTHONPATH=/home/rs/final_auto/install/unitree_nav_interfaces/local/lib/python3.10/dist-packages:/home/rs/final_auto/install/ros2_unitree_legged_msgs/local/lib/python3.10/dist-packages:${PYTHONPATH} /usr/bin/cmake /home/rs/final_auto/src/unitree_nav/unitree_nav -DCMAKE_INSTALL_PREFIX=/home/rs/final_auto/install/unitree_nav
[0.174s] -- The C compiler identification is GNU 11.4.0
[0.291s] -- The CXX compiler identification is GNU 11.4.0
[0.310s] -- Detecting C compiler ABI info
[0.495s] -- Detecting C compiler ABI info - done
[0.510s] -- Check for working C compiler: /usr/bin/cc - skipped
[0.511s] -- Detecting C compile features
[0.512s] -- Detecting C compile features - done
[0.523s] -- Detecting CXX compiler ABI info
[0.720s] -- Detecting CXX compiler ABI info - done
[0.733s] -- Check for working CXX compiler: /usr/bin/c++ - skipped
[0.734s] -- Detecting CXX compile features
[0.734s] -- Detecting CXX compile features - done
[0.739s] -- Found ament_cmake: 1.3.9 (/opt/ros/humble/share/ament_cmake/cmake)
[1.052s] -- Found Python3: /usr/bin/python3 (found version "3.10.12") found components: Interpreter 
[1.230s] -- Found rclcpp: 16.0.9 (/opt/ros/humble/share/rclcpp/cmake)
[1.308s] -- Found rosidl_generator_c: 3.1.5 (/opt/ros/humble/share/rosidl_generator_c/cmake)
[1.319s] -- Found rosidl_adapter: 3.1.5 (/opt/ros/humble/share/rosidl_adapter/cmake)
[1.336s] -- Found rosidl_generator_cpp: 3.1.5 (/opt/ros/humble/share/rosidl_generator_cpp/cmake)
[1.368s] -- Using all available rosidl_typesupport_c: rosidl_typesupport_fastrtps_c;rosidl_typesupport_introspection_c
[1.403s] -- Using all available rosidl_typesupport_cpp: rosidl_typesupport_fastrtps_cpp;rosidl_typesupport_introspection_cpp
[1.538s] -- Found rmw_implementation_cmake: 6.1.2 (/opt/ros/humble/share/rmw_implementation_cmake/cmake)
[1.542s] -- Found rmw_fastrtps_cpp: 6.2.6 (/opt/ros/humble/share/rmw_fastrtps_cpp/cmake)
[1.772s] -- Found OpenSSL: /usr/lib/x86_64-linux-gnu/libcrypto.so (found version "3.0.2")  
[1.814s] -- Found FastRTPS: /opt/ros/humble/include  
[1.903s] -- Using RMW implementation 'rmw_fastrtps_cpp' as default
[1.919s] -- Looking for pthread.h
[2.105s] -- Looking for pthread.h - found
[2.106s] -- Performing Test CMAKE_HAVE_LIBC_PTHREAD
[2.276s] -- Performing Test CMAKE_HAVE_LIBC_PTHREAD - Success
[2.278s] -- Found Threads: TRUE  
[2.600s] -- Found rclcpp_action: 16.0.9 (/opt/ros/humble/share/rclcpp_action/cmake)
[2.778s] -- Found std_srvs: 4.2.4 (/opt/ros/humble/share/std_srvs/cmake)
[2.816s] -- Found geometry_msgs: 4.2.4 (/opt/ros/humble/share/geometry_msgs/cmake)
[2.902s] -- Found tf2: 0.25.7 (/opt/ros/humble/share/tf2/cmake)
[2.925s] -- Found tf2_geometry_msgs: 0.25.7 (/opt/ros/humble/share/tf2_geometry_msgs/cmake)
[2.948s] -- Found eigen3_cmake_module: 0.1.1 (/opt/ros/humble/share/eigen3_cmake_module/cmake)
[2.952s] -- Found Eigen3: TRUE (found version "3.4.0") 
[2.952s] -- Ensuring Eigen3 include directory is part of orocos-kdl CMake target
[3.726s] -- Found nav2_msgs: 1.1.15 (/opt/ros/humble/share/nav2_msgs/cmake)
[4.530s] -- Found ros2_unitree_legged_msgs: 0.4.0 (/home/rs/final_auto/install/ros2_unitree_legged_msgs/share/ros2_unitree_legged_msgs/cmake)
[4.592s] -- Found unitree_nav_interfaces: 0.0.0 (/home/rs/final_auto/install/unitree_nav_interfaces/share/unitree_nav_interfaces/cmake)
[4.823s] -- Found ament_lint_auto: 0.12.11 (/opt/ros/humble/share/ament_lint_auto/cmake)
[5.072s] -- Added test 'cppcheck' to perform static code analysis on C / C++ code
[5.073s] -- Configured cppcheck include dirs: 
[5.073s] -- Configured cppcheck exclude dirs and/or files: 
[5.076s] -- Added test 'flake8' to check Python code syntax and style conventions
[5.077s] -- Added test 'lint_cmake' to check CMake code style
[5.078s] -- Added test 'pep257' to check Python code against some of the docstring style conventions in PEP 257
[5.082s] -- Added test 'uncrustify' to check C / C++ code style
[5.082s] -- Configured uncrustify additional arguments: 
[5.085s] -- Added test 'xmllint' to check XML markup files
[5.088s] -- Configuring done
[5.151s] -- Generating done
[5.156s] -- Build files have been written to: /home/rs/final_auto/build/unitree_nav
[5.184s] Invoked command in '/home/rs/final_auto/build/unitree_nav' returned '0': AMENT_PREFIX_PATH=/home/rs/final_auto/install/unitree_nav_interfaces:/home/rs/final_auto/install/ros2_unitree_legged_msgs:${AMENT_PREFIX_PATH} CMAKE_PREFIX_PATH=/home/rs/final_auto/install/unitree_nav_interfaces:/home/rs/final_auto/install/ros2_unitree_legged_msgs${CMAKE_PREFIX_PATH} LD_LIBRARY_PATH=/home/rs/final_auto/install/unitree_nav_interfaces/lib:/home/rs/final_auto/install/ros2_unitree_legged_msgs/lib:${LD_LIBRARY_PATH} PYTHONPATH=/home/rs/final_auto/install/unitree_nav_interfaces/local/lib/python3.10/dist-packages:/home/rs/final_auto/install/ros2_unitree_legged_msgs/local/lib/python3.10/dist-packages:${PYTHONPATH} /usr/bin/cmake /home/rs/final_auto/src/unitree_nav/unitree_nav -DCMAKE_INSTALL_PREFIX=/home/rs/final_auto/install/unitree_nav
[5.190s] Invoking command in '/home/rs/final_auto/build/unitree_nav': AMENT_PREFIX_PATH=/home/rs/final_auto/install/unitree_nav_interfaces:/home/rs/final_auto/install/ros2_unitree_legged_msgs:${AMENT_PREFIX_PATH} CMAKE_PREFIX_PATH=/home/rs/final_auto/install/unitree_nav_interfaces:/home/rs/final_auto/install/ros2_unitree_legged_msgs${CMAKE_PREFIX_PATH} LD_LIBRARY_PATH=/home/rs/final_auto/install/unitree_nav_interfaces/lib:/home/rs/final_auto/install/ros2_unitree_legged_msgs/lib:${LD_LIBRARY_PATH} PYTHONPATH=/home/rs/final_auto/install/unitree_nav_interfaces/local/lib/python3.10/dist-packages:/home/rs/final_auto/install/ros2_unitree_legged_msgs/local/lib/python3.10/dist-packages:${PYTHONPATH} /usr/bin/cmake --build /home/rs/final_auto/build/unitree_nav -- -j13 -l13
[5.446s] [ 25%] [32mBuilding CXX object CMakeFiles/nav_to_pose.dir/src/nav_to_pose.cpp.o[0m
[5.450s] [ 50%] [32mBuilding CXX object CMakeFiles/cmd_processor.dir/src/cmd_processor.cpp.o[0m
[46.490s] [ 75%] [32m[1mLinking CXX executable nav_to_pose[0m
[47.220s] [ 75%] Built target nav_to_pose
[56.988s] [100%] [32m[1mLinking CXX executable cmd_processor[0m
[58.012s] [100%] Built target cmd_processor
[58.054s] Invoked command in '/home/rs/final_auto/build/unitree_nav' returned '0': AMENT_PREFIX_PATH=/home/rs/final_auto/install/unitree_nav_interfaces:/home/rs/final_auto/install/ros2_unitree_legged_msgs:${AMENT_PREFIX_PATH} CMAKE_PREFIX_PATH=/home/rs/final_auto/install/unitree_nav_interfaces:/home/rs/final_auto/install/ros2_unitree_legged_msgs${CMAKE_PREFIX_PATH} LD_LIBRARY_PATH=/home/rs/final_auto/install/unitree_nav_interfaces/lib:/home/rs/final_auto/install/ros2_unitree_legged_msgs/lib:${LD_LIBRARY_PATH} PYTHONPATH=/home/rs/final_auto/install/unitree_nav_interfaces/local/lib/python3.10/dist-packages:/home/rs/final_auto/install/ros2_unitree_legged_msgs/local/lib/python3.10/dist-packages:${PYTHONPATH} /usr/bin/cmake --build /home/rs/final_auto/build/unitree_nav -- -j13 -l13
[58.153s] Invoking command in '/home/rs/final_auto/build/unitree_nav': AMENT_PREFIX_PATH=/home/rs/final_auto/install/unitree_nav_interfaces:/home/rs/final_auto/install/ros2_unitree_legged_msgs:${AMENT_PREFIX_PATH} CMAKE_PREFIX_PATH=/home/rs/final_auto/install/unitree_nav_interfaces:/home/rs/final_auto/install/ros2_unitree_legged_msgs${CMAKE_PREFIX_PATH} LD_LIBRARY_PATH=/home/rs/final_auto/install/unitree_nav_interfaces/lib:/home/rs/final_auto/install/ros2_unitree_legged_msgs/lib:${LD_LIBRARY_PATH} PYTHONPATH=/home/rs/final_auto/install/unitree_nav_interfaces/local/lib/python3.10/dist-packages:/home/rs/final_auto/install/ros2_unitree_legged_msgs/local/lib/python3.10/dist-packages:${PYTHONPATH} /usr/bin/cmake --install /home/rs/final_auto/build/unitree_nav
[58.168s] -- Install configuration: ""
[58.169s] -- Installing: /home/rs/final_auto/install/unitree_nav/lib/unitree_nav/cmd_processor
[58.178s] -- Set runtime path of "/home/rs/final_auto/install/unitree_nav/lib/unitree_nav/cmd_processor" to ""
[58.178s] -- Installing: /home/rs/final_auto/install/unitree_nav/lib/unitree_nav/nav_to_pose
[58.181s] -- Set runtime path of "/home/rs/final_auto/install/unitree_nav/lib/unitree_nav/nav_to_pose" to ""
[58.182s] -- Installing: /home/rs/final_auto/install/unitree_nav/share/unitree_nav/launch
[58.184s] -- Installing: /home/rs/final_auto/install/unitree_nav/share/unitree_nav/launch/rslidar_robosense.launch.py
[58.184s] -- Installing: /home/rs/final_auto/install/unitree_nav/share/unitree_nav/launch/unitree_nav.launch.py
[58.185s] -- Installing: /home/rs/final_auto/install/unitree_nav/share/unitree_nav/launch/mapping.launch.py
[58.185s] -- Installing: /home/rs/final_auto/install/unitree_nav/share/unitree_nav/launch/control.launch.py
[58.186s] -- Installing: /home/rs/final_auto/install/unitree_nav/share/unitree_nav/config
[58.187s] -- Installing: /home/rs/final_auto/install/unitree_nav/share/unitree_nav/config/nav.rviz
[58.187s] -- Installing: /home/rs/final_auto/install/unitree_nav/share/unitree_nav/config/nav2_params.yaml
[58.189s] -- Installing: /home/rs/final_auto/install/unitree_nav/share/ament_index/resource_index/package_run_dependencies/unitree_nav
[58.193s] -- Installing: /home/rs/final_auto/install/unitree_nav/share/ament_index/resource_index/parent_prefix_path/unitree_nav
[58.194s] -- Installing: /home/rs/final_auto/install/unitree_nav/share/unitree_nav/environment/ament_prefix_path.sh
[58.196s] -- Installing: /home/rs/final_auto/install/unitree_nav/share/unitree_nav/environment/ament_prefix_path.dsv
[58.196s] -- Installing: /home/rs/final_auto/install/unitree_nav/share/unitree_nav/environment/path.sh
[58.196s] -- Installing: /home/rs/final_auto/install/unitree_nav/share/unitree_nav/environment/path.dsv
[58.197s] -- Installing: /home/rs/final_auto/install/unitree_nav/share/unitree_nav/local_setup.bash
[58.197s] -- Installing: /home/rs/final_auto/install/unitree_nav/share/unitree_nav/local_setup.sh
[58.198s] -- Installing: /home/rs/final_auto/install/unitree_nav/share/unitree_nav/local_setup.zsh
[58.199s] -- Installing: /home/rs/final_auto/install/unitree_nav/share/unitree_nav/local_setup.dsv
[58.200s] -- Installing: /home/rs/final_auto/install/unitree_nav/share/unitree_nav/package.dsv
[58.201s] -- Installing: /home/rs/final_auto/install/unitree_nav/share/ament_index/resource_index/packages/unitree_nav
[58.201s] -- Installing: /home/rs/final_auto/install/unitree_nav/share/unitree_nav/cmake/unitree_navConfig.cmake
[58.201s] -- Installing: /home/rs/final_auto/install/unitree_nav/share/unitree_nav/cmake/unitree_navConfig-version.cmake
[58.202s] -- Installing: /home/rs/final_auto/install/unitree_nav/share/unitree_nav/package.xml
[58.221s] Invoked command in '/home/rs/final_auto/build/unitree_nav' returned '0': AMENT_PREFIX_PATH=/home/rs/final_auto/install/unitree_nav_interfaces:/home/rs/final_auto/install/ros2_unitree_legged_msgs:${AMENT_PREFIX_PATH} CMAKE_PREFIX_PATH=/home/rs/final_auto/install/unitree_nav_interfaces:/home/rs/final_auto/install/ros2_unitree_legged_msgs${CMAKE_PREFIX_PATH} LD_LIBRARY_PATH=/home/rs/final_auto/install/unitree_nav_interfaces/lib:/home/rs/final_auto/install/ros2_unitree_legged_msgs/lib:${LD_LIBRARY_PATH} PYTHONPATH=/home/rs/final_auto/install/unitree_nav_interfaces/local/lib/python3.10/dist-packages:/home/rs/final_auto/install/ros2_unitree_legged_msgs/local/lib/python3.10/dist-packages:${PYTHONPATH} /usr/bin/cmake --install /home/rs/final_auto/build/unitree_nav
